2024-12-18 14:57:51 [INFO] 請選擇您要使用的 Excel 檔案...
2024-12-18 14:57:54 [INFO] 選擇的 Excel 檔案路徑：C:/Users/user/Desktop/SuChenAI/Factbook-RPA-clickurl/data/fb_account_data_test.xlsx
2024-12-18 14:57:54 [INFO] 請輸入最大多開數量 (1-10，預設為 1):
2024-12-18 14:57:57 [INFO] 最大多開數量已設定為：8
2024-12-18 14:57:57 [INFO] 螢幕寬度：2560，螢幕高度：1440，縮放比例：1.5
2024-12-18 14:57:57 [INFO] 開始處理跳轉帳號...
2024-12-18 14:57:57 [INFO] Worker 1: 開始處理帳號 66634899161
2024-12-18 14:57:57 [INFO] Worker 2: 開始處理帳號 66637943259
2024-12-18 14:57:57 [INFO] Worker 3: 開始處理帳號 66634899161
2024-12-18 14:57:57 [INFO] Worker 4: 開始處理帳號 66637943259
2024-12-18 14:57:57 [INFO] Worker 5: 開始處理帳號 66619622845
2024-12-18 14:57:57 [INFO] Worker 6: 開始處理帳號 66935324825
2024-12-18 14:57:57 [INFO] Worker 7: 開始處理帳號 66990183891
2024-12-18 14:57:57 [INFO] Worker 8: 開始處理帳號 66823237283
2024-12-18 14:57:57 [INFO] 開始監控任務狀態...
2024-12-18 14:58:05 [INFO] Worker 4: 代理 kamoney03.ddns.net:24003 設置成功
2024-12-18 14:58:05 [INFO] Worker 7: 代理 kamoney03.ddns.net:24001 設置成功
2024-12-18 14:58:06 [INFO] Worker 2: 代理 kamoney03.ddns.net:24003 設置成功
2024-12-18 14:58:07 [INFO] Worker 4: Cookies 已加載成功: cookies\66637943259_cookies.json
2024-12-18 14:58:07 [INFO] Worker 8: 代理 kamoney03.ddns.net:24008 設置成功
2024-12-18 14:58:07 [INFO] Worker 2: Cookies 已加載成功: cookies\66637943259_cookies.json
2024-12-18 14:58:07 [INFO] Worker 7: Cookies 已加載成功: cookies\66990183891_cookies.json
2024-12-18 14:58:08 [INFO] Worker 5: 代理 kamoney03.ddns.net:24005 設置成功
2024-12-18 14:58:08 [INFO] Worker 8: Cookies 已加載成功: cookies\66823237283_cookies.json
2024-12-18 14:58:09 [INFO] Worker 3: 代理 kamoney03.ddns.net:24004 設置成功
2024-12-18 14:58:10 [INFO] Worker 6: 代理 kamoney03.ddns.net:24006 設置成功
2024-12-18 14:58:10 [INFO] Worker 1: 代理 kamoney03.ddns.net:24004 設置成功
2024-12-18 14:58:10 [INFO] Worker 5: Cookies 已加載成功: cookies\66619622845_cookies.json
2024-12-18 14:58:12 [INFO] Worker 8: 帳號 66823237283 使用 cookies 成功登入
2024-12-18 14:58:12 [INFO] Worker 8: 登錄成功，開始處理帳號 66823237283 的操作...
2024-12-18 14:58:12 [INFO] Worker 8: 開始跳轉操作...
2024-12-18 14:58:12 [INFO] Worker 8: 正在開啟貼文: https://www.facebook.com/share/1HAVpvaRDF/
2024-12-18 14:58:12 [INFO] Worker 7: 帳號 66990183891 使用 cookies 成功登入
2024-12-18 14:58:12 [INFO] Worker 7: 登錄成功，開始處理帳號 66990183891 的操作...
2024-12-18 14:58:12 [INFO] Worker 7: 開始跳轉操作...
2024-12-18 14:58:12 [INFO] Worker 7: 正在開啟貼文: https://www.facebook.com/share/1HAVpvaRDF/
2024-12-18 14:58:12 [INFO] Worker 2: 帳號 66637943259 使用 cookies 成功登入
2024-12-18 14:58:12 [INFO] Worker 2: 登錄成功，開始處理帳號 66637943259 的操作...
2024-12-18 14:58:12 [INFO] Worker 2: 開始跳轉操作...
2024-12-18 14:58:12 [INFO] Worker 2: 正在開啟貼文: https://www.facebook.com/share/1HAVpvaRDF/
2024-12-18 14:58:13 [INFO] Worker 1: Cookies 已加載成功: cookies\66634899161_cookies.json
2024-12-18 14:58:13 [INFO] Worker 5: 帳號 66619622845 使用 cookies 成功登入
2024-12-18 14:58:13 [INFO] Worker 5: 登錄成功，開始處理帳號 66619622845 的操作...
2024-12-18 14:58:13 [INFO] Worker 5: 開始跳轉操作...
2024-12-18 14:58:13 [INFO] Worker 5: 正在開啟貼文: https://www.facebook.com/share/1HAVpvaRDF/
2024-12-18 14:58:13 [INFO] Worker 6: Cookies 已加載成功: cookies\66935324825_cookies.json
2024-12-18 14:58:13 [INFO] Worker 3: Cookies 已加載成功: cookies\66634899161_cookies.json
2024-12-18 14:58:13 [INFO] Worker 4: 帳號 66637943259 使用 cookies 成功登入
2024-12-18 14:58:13 [INFO] Worker 4: 登錄成功，開始處理帳號 66637943259 的操作...
2024-12-18 14:58:13 [INFO] Worker 4: 開始跳轉操作...
2024-12-18 14:58:13 [INFO] Worker 4: 正在開啟貼文: https://www.facebook.com/share/1HAVpvaRDF/
2024-12-18 14:58:14 [INFO] Worker 6: 帳號 66935324825 使用 cookies 成功登入
2024-12-18 14:58:14 [INFO] Worker 6: 登錄成功，開始處理帳號 66935324825 的操作...
2024-12-18 14:58:14 [INFO] Worker 6: 開始跳轉操作...
2024-12-18 14:58:14 [INFO] Worker 6: 正在開啟貼文: https://www.facebook.com/share/1HAVpvaRDF/
2024-12-18 14:58:16 [INFO] Worker 1: 帳號 66634899161 使用 cookies 成功登入
2024-12-18 14:58:16 [INFO] Worker 1: 登錄成功，開始處理帳號 66634899161 的操作...
2024-12-18 14:58:16 [INFO] Worker 1: 開始跳轉操作...
2024-12-18 14:58:16 [INFO] Worker 1: 正在開啟貼文: https://www.facebook.com/share/1HAVpvaRDF/
2024-12-18 14:58:17 [INFO] Worker 5 隨機停留 8 秒
2024-12-18 14:58:17 [INFO] Worker 2 隨機停留 6 秒
2024-12-18 14:58:19 [INFO] Worker 8 隨機停留 8 秒
2024-12-18 14:58:19 [INFO] Worker 1 隨機停留 7 秒
2024-12-18 14:58:19 [INFO] Worker 7 隨機停留 6 秒
2024-12-18 14:58:20 [INFO] Worker 3: 帳號 66634899161 使用 cookies 成功登入
2024-12-18 14:58:20 [INFO] Worker 3: 登錄成功，開始處理帳號 66634899161 的操作...
2024-12-18 14:58:20 [INFO] Worker 3: 開始跳轉操作...
2024-12-18 14:58:20 [INFO] Worker 3: 正在開啟貼文: https://www.facebook.com/share/1HAVpvaRDF/
2024-12-18 14:58:21 [INFO] Worker 6 隨機停留 7 秒
2024-12-18 14:58:24 [INFO] Worker 2: 貼文已按過讚，無需重複操作
2024-12-18 14:58:24 [INFO] Worker 2 按讚後隨機停留 5 秒
2024-12-18 14:58:24 [INFO] Worker 3 隨機停留 6 秒
2024-12-18 14:58:25 [INFO] Worker 5: 貼文已按過讚，無需重複操作
2024-12-18 14:58:25 [INFO] Worker 5 按讚後隨機停留 3 秒
2024-12-18 14:58:27 [INFO] Worker 8: 貼文已按過讚，無需重複操作
2024-12-18 14:58:27 [INFO] Worker 8 按讚後隨機停留 4 秒
2024-12-18 14:58:27 [INFO] Worker 4 隨機停留 8 秒
2024-12-18 14:58:28 [INFO] Worker 5: 正在開啟網站: https://lihi.cc/fCuUd
2024-12-18 14:58:29 [INFO] Worker 2: 正在開啟網站: https://lihi.cc/fCuUd
2024-12-18 14:58:29 [INFO] Worker 6: 貼文已按過讚，無需重複操作
2024-12-18 14:58:29 [INFO] Worker 6 按讚後隨機停留 4 秒
2024-12-18 14:58:31 [INFO] Worker 3: 貼文已按過讚，無需重複操作
2024-12-18 14:58:31 [INFO] Worker 3 按讚後隨機停留 4 秒
2024-12-18 14:58:31 [INFO] Worker 8: 正在開啟網站: https://lihi.cc/fCuUd
2024-12-18 14:58:31 [INFO] Worker 7: 貼文已按過讚，無需重複操作
2024-12-18 14:58:31 [INFO] Worker 7 按讚後隨機停留 3 秒
2024-12-18 14:58:31 [INFO] Worker 1: 貼文已按過讚，無需重複操作
2024-12-18 14:58:31 [INFO] Worker 1 按讚後隨機停留 4 秒
2024-12-18 14:58:32 [INFO] Worker 2 隨機停留時間: 176 秒
2024-12-18 14:58:33 [INFO] Worker 6: 正在開啟網站: https://lihi.cc/fCuUd
2024-12-18 14:58:34 [INFO] Worker 5 隨機停留時間: 164 秒
2024-12-18 14:58:34 [INFO] Worker 7: 正在開啟網站: https://lihi.cc/fCuUd
2024-12-18 14:58:35 [INFO] Worker 3: 正在開啟網站: https://lihi.cc/fCuUd
2024-12-18 14:58:35 [INFO] Worker 1: 正在開啟網站: https://lihi.cc/fCuUd
2024-12-18 14:58:35 [INFO] Worker 4: 貼文已按過讚，無需重複操作
2024-12-18 14:58:35 [INFO] Worker 4 按讚後隨機停留 4 秒
2024-12-18 14:58:36 [INFO] Worker 2: 向下滑動: 356 像素，並等待 3.552884477893247 秒
2024-12-18 14:58:36 [INFO] Worker 8 隨機停留時間: 151 秒
2024-12-18 14:58:38 [INFO] Worker 6 隨機停留時間: 191 秒
2024-12-18 14:58:38 [INFO] Worker 5: 向下滑動: 390 像素，並等待 4.156026235733459 秒
2024-12-18 14:58:38 [INFO] Worker 7 隨機停留時間: 198 秒
2024-12-18 14:58:38 [INFO] Worker 3 隨機停留時間: 165 秒
2024-12-18 14:58:39 [INFO] Worker 1 隨機停留時間: 180 秒
2024-12-18 14:58:39 [INFO] Worker 2: 向下滑動: 338 像素，並等待 3.840948905526383 秒
2024-12-18 14:58:39 [INFO] Worker 4: 正在開啟網站: https://lihi.cc/fCuUd
2024-12-18 14:58:40 [INFO] Worker 8: 向下滑動: 346 像素，並等待 3.865121563409992 秒
2024-12-18 14:58:41 [INFO] Worker 5: 向下滑動: 227 像素，並等待 3.3172914713397605 秒
2024-12-18 14:58:42 [INFO] Worker 4 隨機停留時間: 148 秒
2024-12-18 14:58:42 [INFO] Worker 6: 向下滑動: 324 像素，並等待 4.750007177082972 秒
2024-12-18 14:58:43 [INFO] Worker 1: 向下滑動: 275 像素，並等待 3.6082098726993967 秒
2024-12-18 14:58:43 [INFO] Worker 3: 向下滑動: 385 像素，並等待 4.361447003070718 秒
2024-12-18 14:58:43 [INFO] Worker 7: 向下滑動: 315 像素，並等待 4.574993781216691 秒
2024-12-18 14:58:43 [INFO] Worker 8: 向下滑動: 277 像素，並等待 3.7345171680449205 秒
2024-12-18 14:58:44 [INFO] Worker 2: 向下滑動: 259 像素，並等待 4.1487179295295 秒
2024-12-18 14:58:44 [INFO] Worker 5: 向下滑動: 206 像素，並等待 3.0808430922797463 秒
2024-12-18 14:58:46 [INFO] Worker 4: 向下滑動: 329 像素，並等待 3.676241020409984 秒
2024-12-18 14:58:46 [INFO] Worker 1: 向下滑動: 257 像素，並等待 3.608768568477449 秒
2024-12-18 14:58:46 [INFO] Worker 3: 向下滑動: 289 像素，並等待 3.545940988240069 秒
2024-12-18 14:58:47 [INFO] Worker 6: 向下滑動: 211 像素，並等待 4.308225177718997 秒
2024-12-18 14:58:47 [INFO] Worker 2: 向下滑動: 394 像素，並等待 3.3947592756400464 秒
2024-12-18 14:58:47 [INFO] Worker 8: 向下滑動: 354 像素，並等待 3.601918265086306 秒
2024-12-18 14:58:47 [INFO] Worker 5: 向下滑動: 307 像素，並等待 3.3223628642381984 秒
2024-12-18 14:58:48 [INFO] Worker 7: 向下滑動: 334 像素，並等待 4.796237017094876 秒
2024-12-18 14:58:50 [INFO] Worker 3: 向下滑動: 391 像素，並等待 3.3479567151974434 秒
2024-12-18 14:58:50 [INFO] Worker 6: 向下滑動: 326 像素，並等待 3.280637968883242 秒
2024-12-18 14:58:50 [INFO] Worker 4: 向下滑動: 302 像素，並等待 4.263481740418877 秒
2024-12-18 14:58:50 [INFO] Worker 8: 向下滑動: 362 像素，並等待 3.24776203420153 秒
2024-12-18 14:58:51 [INFO] Worker 1: 向下滑動: 280 像素，並等待 4.750500678135816 秒
2024-12-18 14:58:51 [INFO] Worker 2: 向下滑動: 395 像素，並等待 4.2923837862421585 秒
2024-12-18 14:58:52 [INFO] Worker 7: 向下滑動: 209 像素，並等待 4.470933672108226 秒
2024-12-18 14:58:52 [INFO] Worker 5: 向下滑動: 303 像素，並等待 4.891662206453956 秒
2024-12-18 14:58:53 [INFO] Worker 4: 向下滑動: 318 像素，並等待 3.34051296494869 秒
2024-12-18 14:58:54 [INFO] Worker 8: 向下滑動: 263 像素，並等待 3.754910406928699 秒
2024-12-18 14:58:54 [INFO] Worker 6: 向下滑動: 237 像素，並等待 4.290966339069669 秒
2024-12-18 14:58:54 [INFO] Worker 3: 向下滑動: 232 像素，並等待 4.527772417587826 秒
2024-12-18 14:58:55 [INFO] Worker 1: 向下滑動: 242 像素，並等待 4.062504303034238 秒
2024-12-18 14:58:55 [INFO] Worker 2: 向下滑動: 372 像素，並等待 3.8262486283843704 秒
2024-12-18 14:58:56 [INFO] Worker 7: 向下滑動: 317 像素，並等待 4.0023186232833226 秒
2024-12-18 14:58:57 [INFO] Worker 5: 向下滑動: 398 像素，並等待 4.874691096434151 秒
2024-12-18 14:58:57 [INFO] Worker 6: 向下滑動: 272 像素，並等待 3.0544470098141874 秒
2024-12-18 14:58:58 [INFO] Worker 8: 向下滑動: 346 像素，並等待 3.444136477458936 秒
2024-12-18 14:58:58 [INFO] Worker 3: 向下滑動: 204 像素，並等待 3.5959567185662467 秒
2024-12-18 14:58:58 [INFO] Worker 4: 向下滑動: 362 像素，並等待 4.752129507720062 秒
2024-12-18 14:58:58 [INFO] Worker 1: 向下滑動: 338 像素，並等待 3.2819393571443136 秒
2024-12-18 14:59:00 [INFO] Worker 2: 向下滑動: 230 像素，並等待 4.333397567615006 秒
2024-12-18 14:59:00 [INFO] Worker 7: 向下滑動: 281 像素，並等待 3.9239471783726554 秒
2024-12-18 14:59:01 [INFO] Worker 5: 向下滑動: 235 像素，並等待 3.3006062108043177 秒
2024-12-18 14:59:01 [INFO] Worker 6: 向下滑動: 396 像素，並等待 3.4446245987539053 秒
2024-12-18 14:59:01 [INFO] Worker 3: 向下滑動: 258 像素，並等待 3.13768545070982 秒
2024-12-18 14:59:02 [INFO] Worker 8: 向下滑動: 263 像素，並等待 3.9402761674313367 秒
2024-12-18 14:59:02 [INFO] Worker 1: 向下滑動: 366 像素，並等待 3.242067974955135 秒
2024-12-18 14:59:03 [INFO] Worker 4: 向下滑動: 308 像素，並等待 4.4171007758532115 秒
2024-12-18 14:59:03 [INFO] Worker 2: 向下滑動: 235 像素，並等待 3.6494811739347326 秒
2024-12-18 14:59:04 [INFO] Worker 6: 向下滑動: 384 像素，並等待 3.190927454704444 秒
2024-12-18 14:59:04 [INFO] Worker 7: 向下滑動: 233 像素，並等待 4.024616916139146 秒
2024-12-18 14:59:04 [INFO] Worker 3: 向下滑動: 337 像素，並等待 3.339000354034317 秒
2024-12-18 14:59:05 [INFO] Worker 1: 向下滑動: 301 像素，並等待 3.3594977314594807 秒
2024-12-18 14:59:06 [INFO] Worker 5: 向下滑動: 255 像素，並等待 4.974760837716307 秒
2024-12-18 14:59:06 [INFO] Worker 4: 向下滑動: 226 像素，並等待 3.2585637602617714 秒
2024-12-18 14:59:06 [INFO] Worker 8: 向下滑動: 262 像素，並等待 4.592185728705883 秒
2024-12-18 14:59:07 [INFO] Worker 2: 向下滑動: 303 像素，並等待 4.33224554545894 秒
2024-12-18 14:59:08 [INFO] Worker 6: 向下滑動: 387 像素，並等待 4.282505764820714 秒
2024-12-18 14:59:08 [INFO] Worker 3: 向下滑動: 359 像素，並等待 3.896149095752311 秒
2024-12-18 14:59:09 [INFO] Worker 7: 向下滑動: 275 像素，並等待 4.892707324793882 秒
2024-12-18 14:59:09 [INFO] Worker 1: 向下滑動: 301 像素，並等待 4.506882928868359 秒
2024-12-18 14:59:10 [INFO] Worker 4: 向下滑動: 215 像素，並等待 3.69274856425842 秒
2024-12-18 14:59:10 [INFO] Worker 8: 向下滑動: 352 像素，並等待 4.238353367202209 秒
2024-12-18 14:59:10 [INFO] Worker 5: 向下滑動: 363 像素，並等待 4.823633702977611 秒
2024-12-18 14:59:12 [INFO] Worker 3: 向下滑動: 221 像素，並等待 3.2791490745973553 秒
2024-12-18 14:59:12 [INFO] Worker 6: 向下滑動: 202 像素，並等待 3.6268300724470546 秒
2024-12-18 14:59:12 [INFO] Worker 2: 向下滑動: 393 像素，並等待 4.944528596830264 秒
2024-12-18 14:59:13 [INFO] Worker 7: 向下滑動: 358 像素，並等待 3.7508753292712065 秒
2024-12-18 14:59:14 [INFO] Worker 8: 向下滑動: 241 像素，並等待 3.3360876325581534 秒
2024-12-18 14:59:14 [INFO] Worker 4: 向下滑動: 382 像素，並等待 4.608417465381711 秒
2024-12-18 14:59:14 [INFO] Worker 1: 向下滑動: 268 像素，並等待 4.953182351032211 秒
2024-12-18 14:59:15 [INFO] Worker 3: 向下滑動: 351 像素，並等待 3.7050240083891905 秒
2024-12-18 14:59:15 [INFO] Worker 5: 向下滑動: 287 像素，並等待 4.99561311779207 秒
2024-12-18 14:59:16 [INFO] Worker 6: 向下滑動: 240 像素，並等待 4.527212217374278 秒
2024-12-18 14:59:17 [INFO] Worker 2: 向下滑動: 293 像素，並等待 4.512412073364876 秒
2024-12-18 14:59:18 [INFO] Worker 7: 向下滑動: 305 像素，並等待 4.810420811453653 秒
2024-12-18 14:59:18 [INFO] Worker 8: 向下滑動: 255 像素，並等待 4.236172681984183 秒
2024-12-18 14:59:18 [INFO] Worker 4: 向下滑動: 321 像素，並等待 3.806300682657984 秒
2024-12-18 14:59:18 [INFO] Worker 1: 向下滑動: 265 像素，並等待 3.8983459276592107 秒
2024-12-18 14:59:20 [INFO] Worker 5: 向下滑動: 214 像素，並等待 4.757146984641175 秒
2024-12-18 14:59:20 [INFO] Worker 3: 向下滑動: 378 像素，並等待 4.969497743614913 秒
2024-12-18 14:59:20 [INFO] Worker 2: 向下滑動: 288 像素，並等待 3.3565417475019785 秒
2024-12-18 14:59:21 [INFO] Worker 7: 向下滑動: 226 像素，並等待 3.3110054761627437 秒
2024-12-18 14:59:21 [INFO] Worker 6: 向下滑動: 381 像素，並等待 4.657814351121277 秒
2024-12-18 14:59:21 [INFO] Worker 4: 向下滑動: 262 像素，並等待 3.241787797079888 秒
2024-12-18 14:59:22 [INFO] Worker 8: 向下滑動: 400 像素，並等待 3.66210218530036 秒
2024-12-18 14:59:22 [INFO] Worker 1: 向下滑動: 320 像素，並等待 3.6033903714065296 秒
2024-12-18 14:59:24 [INFO] Worker 3: 向下滑動: 327 像素，並等待 3.2569340152132993 秒
2024-12-18 14:59:24 [INFO] Worker 5: 向下滑動: 396 像素，並等待 3.7224381777007096 秒
2024-12-18 14:59:25 [INFO] Worker 6: 向下滑動: 246 像素，並等待 3.8045748048775163 秒
2024-12-18 14:59:25 [INFO] Worker 2: 向下滑動: 231 像素，並等待 4.629070828338351 秒
2024-12-18 14:59:25 [INFO] Worker 4: 向下滑動: 228 像素，並等待 3.8532384780427553 秒
2024-12-18 14:59:25 [INFO] Worker 1: 向下滑動: 232 像素，並等待 3.3299816609845188 秒
2024-12-18 14:59:26 [INFO] Worker 7: 向下滑動: 374 像素，並等待 4.60476210929462 秒
2024-12-18 14:59:26 [INFO] Worker 8: 向下滑動: 330 像素，並等待 4.471680145180156 秒
2024-12-18 14:59:28 [INFO] Worker 4: 向下滑動: 217 像素，並等待 3.1992757874278874 秒
2024-12-18 14:59:28 [INFO] Worker 3: 向下滑動: 369 像素，並等待 4.829929413169912 秒
2024-12-18 14:59:29 [INFO] Worker 5: 向下滑動: 214 像素，並等待 4.674065578999468 秒
2024-12-18 14:59:29 [INFO] Worker 2: 向下滑動: 259 像素，並等待 3.6579780781846924 秒
2024-12-18 14:59:29 [INFO] Worker 7: 向下滑動: 299 像素，並等待 3.41031406877492 秒
2024-12-18 14:59:29 [INFO] Worker 6: 向下滑動: 376 像素，並等待 4.050598484673545 秒
2024-12-18 14:59:29 [INFO] Worker 1: 向下滑動: 213 像素，並等待 3.680754664472669 秒
2024-12-18 14:59:30 [INFO] Worker 8: 向下滑動: 361 像素，並等待 4.061461262659009 秒
2024-12-18 14:59:32 [INFO] Worker 4: 向下滑動: 299 像素，並等待 3.1592901079121143 秒
2024-12-18 14:59:32 [INFO] Worker 5: 向下滑動: 283 像素，並等待 3.2107116909615385 秒
2024-12-18 14:59:32 [INFO] Worker 3: 向下滑動: 219 像素，並等待 3.3980708500819885 秒
2024-12-18 14:59:32 [INFO] Worker 2: 向下滑動: 216 像素，並等待 3.6658090174757847 秒
2024-12-18 14:59:32 [INFO] Worker 6: 向下滑動: 283 像素，並等待 3.494406025626617 秒
2024-12-18 14:59:33 [INFO] Worker 7: 向下滑動: 397 像素，並等待 3.967084170478535 秒
2024-12-18 14:59:33 [INFO] Worker 1: 向下滑動: 231 像素，並等待 4.2725320125675825 秒
2024-12-18 14:59:34 [INFO] Worker 8: 向下滑動: 203 像素，並等待 3.7770460567860873 秒
2024-12-18 14:59:35 [INFO] Worker 4: 向下滑動: 249 像素，並等待 3.4509388543905066 秒
2024-12-18 14:59:36 [INFO] Worker 5: 向下滑動: 326 像素，並等待 4.074554521060545 秒
2024-12-18 14:59:36 [INFO] Worker 2: 向下滑動: 355 像素，並等待 3.907347019216104 秒
2024-12-18 14:59:37 [INFO] Worker 3: 向下滑動: 213 像素，並等待 4.707220267274542 秒
2024-12-18 14:59:37 [INFO] Worker 6: 向下滑動: 276 像素，並等待 4.3158710228302155 秒
2024-12-18 14:59:37 [INFO] Worker 7: 向下滑動: 359 像素，並等待 3.917762331325473 秒
2024-12-18 14:59:37 [INFO] Worker 8: 向下滑動: 225 像素，並等待 3.4800765201520925 秒
2024-12-18 14:59:38 [INFO] Worker 1: 向下滑動: 287 像素，並等待 4.478279592524242 秒
2024-12-18 14:59:38 [INFO] Worker 4: 向下滑動: 312 像素，並等待 3.2695448509707656 秒
2024-12-18 14:59:39 [INFO] Worker 5: 向下滑動: 266 像素，並等待 3.497431974767382 秒
2024-12-18 14:59:40 [INFO] Worker 2: 向下滑動: 237 像素，並等待 3.339083500559105 秒
2024-12-18 14:59:40 [INFO] Worker 3: 向下滑動: 352 像素，並等待 3.194624789309723 秒
2024-12-18 14:59:40 [INFO] Worker 7: 向下滑動: 330 像素，並等待 3.3971990148529727 秒
2024-12-18 14:59:41 [INFO] Worker 6: 向下滑動: 297 像素，並等待 3.888082490019289 秒
2024-12-18 14:59:41 [INFO] Worker 8: 向下滑動: 238 像素，並等待 3.3160031045935767 秒
2024-12-18 14:59:41 [INFO] Worker 1: 向下滑動: 200 像素，並等待 3.1001804484978868 秒
2024-12-18 14:59:43 [INFO] Worker 3: 向下滑動: 320 像素，並等待 3.3444729743371893 秒
2024-12-18 14:59:43 [INFO] Worker 4: 向下滑動: 336 像素，並等待 4.9780718943944615 秒
2024-12-18 14:59:44 [INFO] Worker 8: 向下滑動: 315 像素，並等待 3.0585561817457156 秒
2024-12-18 14:59:44 [INFO] Worker 2: 向下滑動: 265 像素，並等待 4.361110869357271 秒
2024-12-18 14:59:44 [INFO] Worker 6: 向下滑動: 200 像素，並等待 3.304669192043894 秒
2024-12-18 14:59:44 [INFO] Worker 5: 向下滑動: 296 像素，並等待 4.8776589483514075 秒
2024-12-18 14:59:45 [INFO] Worker 7: 向下滑動: 327 像素，並等待 4.328957435283801 秒
2024-12-18 14:59:45 [INFO] Worker 1: 向下滑動: 342 像素，並等待 4.497742537595111 秒
2024-12-18 14:59:47 [INFO] Worker 3: 向下滑動: 317 像素，並等待 3.6141887762197973 秒
2024-12-18 14:59:47 [INFO] Worker 4: 向下滑動: 303 像素，並等待 4.139560876359283 秒
2024-12-18 14:59:48 [INFO] Worker 6: 向下滑動: 319 像素，並等待 3.5852647373607485 秒
2024-12-18 14:59:48 [INFO] Worker 2: 向下滑動: 369 像素，並等待 3.6762619209814025 秒
2024-12-18 14:59:48 [INFO] Worker 5: 向下滑動: 356 像素，並等待 3.7515672696916185 秒
2024-12-18 14:59:48 [INFO] Worker 8: 向下滑動: 313 像素，並等待 4.492352391555814 秒
2024-12-18 14:59:49 [INFO] Worker 1: 向下滑動: 272 像素，並等待 3.2203684878294965 秒
2024-12-18 14:59:50 [INFO] Worker 7: 向下滑動: 322 像素，並等待 4.991406898172035 秒
2024-12-18 14:59:51 [INFO] Worker 4: 向下滑動: 293 像素，並等待 3.375045743267841 秒
2024-12-18 14:59:51 [INFO] Worker 6: 向下滑動: 282 像素，並等待 3.1933421580686296 秒
2024-12-18 14:59:51 [INFO] Worker 3: 向下滑動: 323 像素，並等待 4.605942608309873 秒
2024-12-18 14:59:52 [INFO] Worker 5: 向下滑動: 355 像素，並等待 3.5333021178501087 秒
2024-12-18 14:59:52 [INFO] Worker 2: 向下滑動: 327 像素，並等待 4.181096602545066 秒
2024-12-18 14:59:53 [INFO] Worker 8: 向下滑動: 366 像素，並等待 4.236653294833465 秒
2024-12-18 14:59:53 [INFO] Worker 1: 向下滑動: 280 像素，並等待 4.168785943459885 秒
2024-12-18 14:59:54 [INFO] Worker 6: 向下滑動: 262 像素，並等待 3.284858735459875 秒
2024-12-18 14:59:54 [INFO] Worker 7: 向下滑動: 270 像素，並等待 4.803863358799821 秒
2024-12-18 14:59:55 [INFO] Worker 4: 向下滑動: 309 像素，並等待 3.793402888263358 秒
2024-12-18 14:59:55 [INFO] Worker 3: 向下滑動: 249 像素，並等待 3.26301108866235 秒
2024-12-18 14:59:55 [INFO] Worker 2: 向下滑動: 285 像素，並等待 3.277478340530374 秒
2024-12-18 14:59:57 [INFO] Worker 5: 向下滑動: 227 像素，並等待 4.9937962496723864 秒
2024-12-18 14:59:57 [INFO] Worker 8: 向下滑動: 258 像素，並等待 4.142608818337058 秒
2024-12-18 14:59:57 [INFO] Worker 1: 向下滑動: 365 像素，並等待 4.2281036265572585 秒
2024-12-18 14:59:58 [INFO] Worker 3: 向下滑動: 345 像素，並等待 3.0239821047239284 秒
2024-12-18 14:59:58 [INFO] Worker 2: 向下滑動: 396 像素，並等待 3.212849868718839 秒
2024-12-18 14:59:59 [INFO] Worker 6: 向下滑動: 241 像素，並等待 4.594117501092986 秒
2024-12-18 14:59:59 [INFO] Worker 7: 向下滑動: 323 像素，並等待 4.273156525756274 秒
2024-12-18 14:59:59 [INFO] Worker 4: 向下滑動: 278 像素，並等待 4.657043730241367 秒
2024-12-18 15:00:00 [INFO] Worker 1: 向下滑動: 394 像素，並等待 3.0747610549222477 秒
2024-12-18 15:00:00 [INFO] Worker 5: 向下滑動: 295 像素，並等待 3.6133677925423804 秒
2024-12-18 15:00:01 [INFO] Worker 8: 向下滑動: 236 像素，並等待 4.362007738910532 秒
2024-12-18 15:00:01 [INFO] Worker 3: 向下滑動: 360 像素，並等待 3.767144452069349 秒
2024-12-18 15:00:02 [INFO] Worker 2: 向下滑動: 271 像素，並等待 3.430629024670644 秒
2024-12-18 15:00:02 [INFO] Worker 7: 向下滑動: 252 像素，並等待 3.140448450342433 秒
2024-12-18 15:00:04 [INFO] Worker 6: 向下滑動: 326 像素，並等待 4.886318121851272 秒
2024-12-18 15:00:04 [INFO] Worker 4: 向下滑動: 395 像素，並等待 4.583250433464127 秒
2024-12-18 15:00:05 [INFO] Worker 1: 向下滑動: 364 像素，並等待 4.45760696383725 秒
2024-12-18 15:00:05 [INFO] Worker 2: 向下滑動: 333 像素，並等待 3.026812363799202 秒
2024-12-18 15:00:05 [INFO] Worker 5: 向下滑動: 354 像素，並等待 4.683515752893472 秒
2024-12-18 15:00:05 [INFO] Worker 7: 向下滑動: 305 像素，並等待 3.1700355300403387 秒
2024-12-18 15:00:05 [INFO] Worker 3: 向下滑動: 230 像素，並等待 3.656675558641778 秒
2024-12-18 15:00:06 [INFO] Worker 8: 向下滑動: 377 像素，並等待 4.438568665461585 秒
2024-12-18 15:00:08 [INFO] Worker 4: 向下滑動: 323 像素，並等待 4.079938023503118 秒
2024-12-18 15:00:08 [INFO] Worker 6: 向下滑動: 394 像素，並等待 4.597184162322969 秒
2024-12-18 15:00:08 [INFO] Worker 1: 向下滑動: 346 像素，並等待 3.7010801858648366 秒
2024-12-18 15:00:09 [INFO] Worker 3: 向下滑動: 326 像素，並等待 4.149380484324289 秒
2024-12-18 15:00:09 [INFO] Worker 5: 向下滑動: 244 像素，並等待 4.512463475753984 秒
2024-12-18 15:00:09 [INFO] Worker 8: 向下滑動: 202 像素，並等待 3.950561037745497 秒
2024-12-18 15:00:10 [INFO] Worker 2: 向下滑動: 364 像素，並等待 4.727703457735707 秒
2024-12-18 15:00:10 [INFO] Worker 7: 向下滑動: 359 像素，並等待 4.571426821826309 秒
2024-12-18 15:00:11 [INFO] Worker 1: 向下滑動: 330 像素，並等待 3.211069563827822 秒
2024-12-18 15:00:12 [INFO] Worker 6: 向下滑動: 240 像素，並等待 4.061575087353074 秒
2024-12-18 15:00:13 [INFO] Worker 2: 向下滑動: 287 像素，並等待 3.015235842704052 秒
2024-12-18 15:00:13 [INFO] Worker 4: 向下滑動: 303 像素，並等待 4.799309235665708 秒
2024-12-18 15:00:13 [INFO] Worker 3: 向下滑動: 254 像素，並等待 4.0701913037929796 秒
2024-12-18 15:00:13 [INFO] Worker 8: 向下滑動: 395 像素，並等待 3.8789446662509715 秒
2024-12-18 15:00:14 [INFO] Worker 7: 向下滑動: 388 像素，並等待 3.9834871305127066 秒
2024-12-18 15:00:14 [INFO] Worker 5: 向下滑動: 360 像素，並等待 4.471075905462657 秒
2024-12-18 15:00:15 [INFO] Worker 1: 向下滑動: 327 像素，並等待 3.153220117952662 秒
2024-12-18 15:00:16 [INFO] Worker 6: 向下滑動: 330 像素，並等待 3.5054891283939273 秒
2024-12-18 15:00:17 [INFO] Worker 2: 向下滑動: 371 像素，並等待 4.346032783190346 秒
2024-12-18 15:00:17 [INFO] Worker 4: 向下滑動: 392 像素，並等待 4.705692162299232 秒
2024-12-18 15:00:18 [INFO] Worker 3: 向下滑動: 341 像素，並等待 4.454344951395134 秒
2024-12-18 15:00:18 [INFO] Worker 7: 向下滑動: 359 像素，並等待 4.2283047439979615 秒
2024-12-18 15:00:18 [INFO] Worker 8: 向下滑動: 264 像素，並等待 4.743245957668886 秒
2024-12-18 15:00:19 [INFO] Worker 5: 向下滑動: 312 像素，並等待 4.71804902570641 秒
2024-12-18 15:00:19 [INFO] Worker 1: 向下滑動: 369 像素，並等待 4.539456289451705 秒
2024-12-18 15:00:21 [INFO] Worker 6: 向下滑動: 319 像素，並等待 4.741398923823588 秒
2024-12-18 15:00:21 [INFO] Worker 3: 向下滑動: 385 像素，並等待 3.4428345170754957 秒
2024-12-18 15:00:21 [INFO] Worker 4: 向下滑動: 316 像素，並等待 3.8176593679889783 秒
2024-12-18 15:00:21 [INFO] Worker 2: 向下滑動: 226 像素，並等待 4.5551767787606074 秒
2024-12-18 15:00:22 [INFO] Worker 5: 向下滑動: 328 像素，並等待 3.140432163604351 秒
2024-12-18 15:00:22 [INFO] Worker 1: 向下滑動: 352 像素，並等待 3.0102496812935646 秒
2024-12-18 15:00:22 [INFO] Worker 8: 向下滑動: 227 像素，並等待 4.118219285416082 秒
2024-12-18 15:00:22 [INFO] Worker 7: 向下滑動: 211 像素，並等待 4.530057649236936 秒
2024-12-18 15:00:24 [INFO] Worker 4: 向下滑動: 279 像素，並等待 3.129188719390399 秒
2024-12-18 15:00:24 [INFO] Worker 6: 向下滑動: 293 像素，並等待 3.9232522585595793 秒
2024-12-18 15:00:25 [INFO] Worker 2: 向下滑動: 389 像素，並等待 3.8322440876676973 秒
2024-12-18 15:00:25 [INFO] Worker 5: 向下滑動: 340 像素，並等待 3.5709273022527546 秒
2024-12-18 15:00:25 [INFO] Worker 3: 向下滑動: 291 像素，並等待 4.210648886300235 秒
2024-12-18 15:00:26 [INFO] Worker 8: 向下滑動: 361 像素，並等待 3.3240381937767602 秒
2024-12-18 15:00:27 [INFO] Worker 1: 向下滑動: 278 像素，並等待 4.525412145568336 秒
2024-12-18 15:00:27 [INFO] Worker 7: 向下滑動: 234 像素，並等待 4.67051120251214 秒
2024-12-18 15:00:28 [INFO] Worker 6: 向下滑動: 347 像素，並等待 3.8871969879371058 秒
2024-12-18 15:00:29 [INFO] Worker 3: 向下滑動: 224 像素，並等待 3.358295299897196 秒
2024-12-18 15:00:29 [INFO] Worker 8: 向下滑動: 268 像素，並等待 3.2481346283806576 秒
2024-12-18 15:00:29 [INFO] Worker 4: 向下滑動: 379 像素，並等待 4.592874615171968 秒
2024-12-18 15:00:29 [INFO] Worker 2: 向下滑動: 395 像素，並等待 3.737443331294295 秒
2024-12-18 15:00:30 [INFO] Worker 5: 向下滑動: 260 像素，並等待 4.636066854469782 秒
2024-12-18 15:00:31 [INFO] Worker 7: 向下滑動: 399 像素，並等待 3.5433080529156875 秒
2024-12-18 15:00:31 [INFO] Worker 1: 向下滑動: 221 像素，並等待 4.534230082123765 秒
2024-12-18 15:00:32 [INFO] Worker 6: 向下滑動: 369 像素，並等待 3.4900661062503877 秒
2024-12-18 15:00:32 [INFO] Worker 3: 向下滑動: 368 像素，並等待 3.4658573042947296 秒
2024-12-18 15:00:33 [INFO] Worker 8: 向下滑動: 253 像素，並等待 3.7296669170548347 秒
2024-12-18 15:00:33 [INFO] Worker 4: 向下滑動: 342 像素，並等待 4.294233801401844 秒
2024-12-18 15:00:34 [INFO] Worker 2: 向下滑動: 265 像素，並等待 4.624466160279804 秒
2024-12-18 15:00:34 [INFO] Worker 5: 向下滑動: 220 像素，並等待 4.185623742057992 秒
2024-12-18 15:00:35 [INFO] Worker 1: 向下滑動: 233 像素，並等待 3.259874915519994 秒
2024-12-18 15:00:35 [INFO] Worker 6: 向下滑動: 263 像素，並等待 3.1751569545249834 秒
2024-12-18 15:00:35 [INFO] Worker 7: 向下滑動: 204 像素，並等待 4.857516799610222 秒
2024-12-18 15:00:36 [INFO] Worker 8: 向下滑動: 217 像素，並等待 3.2726168298878355 秒
2024-12-18 15:00:36 [INFO] Worker 3: 向下滑動: 332 像素，並等待 4.1305599410452185 秒
2024-12-18 15:00:37 [INFO] Worker 4: 向下滑動: 208 像素，並等待 3.6914327599355614 秒
2024-12-18 15:00:37 [INFO] Worker 5: 向下滑動: 244 像素，並等待 3.249477233074632 秒
2024-12-18 15:00:38 [INFO] Worker 2: 向下滑動: 299 像素，並等待 4.451649302728564 秒
2024-12-18 15:00:39 [INFO] Worker 8: 向下滑動: 263 像素，並等待 3.195967305930708 秒
2024-12-18 15:00:39 [INFO] Worker 1: 向下滑動: 223 像素，並等待 4.712160096956393 秒
2024-12-18 15:00:39 [INFO] Worker 6: 向下滑動: 335 像素，並等待 4.270916322097812 秒
2024-12-18 15:00:39 [INFO] Worker 7: 向下滑動: 237 像素，並等待 4.00917274976479 秒
2024-12-18 15:00:40 [INFO] Worker 3: 向下滑動: 301 像素，並等待 3.8636397192127196 秒
2024-12-18 15:00:41 [INFO] Worker 4: 向下滑動: 320 像素，並等待 4.114657555153031 秒
2024-12-18 15:00:42 [INFO] Worker 5: 向下滑動: 265 像素，並等待 4.588999266140819 秒
2024-12-18 15:00:42 [INFO] Worker 1: 向下滑動: 311 像素，並等待 3.029402094832567 秒
2024-12-18 15:00:42 [INFO] Worker 6: 向下滑動: 290 像素，並等待 3.151482174010738 秒
2024-12-18 15:00:43 [INFO] Worker 2: 向下滑動: 370 像素，並等待 4.373918920676781 秒
2024-12-18 15:00:43 [INFO] Worker 8: 向下滑動: 288 像素，並等待 3.755924288333506 秒
2024-12-18 15:00:44 [INFO] Worker 7: 向下滑動: 291 像素，並等待 4.4865686999489025 秒
2024-12-18 15:00:44 [INFO] Worker 4: 向下滑動: 374 像素，並等待 3.0548958362866965 秒
2024-12-18 15:00:44 [INFO] Worker 3: 向下滑動: 239 像素，並等待 4.1451382541173505 秒
2024-12-18 15:00:46 [INFO] Worker 5: 向下滑動: 376 像素，並等待 3.7211239814809014 秒
2024-12-18 15:00:46 [INFO] Worker 2: 向下滑動: 323 像素，並等待 3.472613456039114 秒
2024-12-18 15:00:47 [INFO] Worker 6: 向下滑動: 227 像素，並等待 4.06913525683411 秒
2024-12-18 15:00:47 [INFO] Worker 1: 向下滑動: 277 像素，並等待 4.726401469152098 秒
2024-12-18 15:00:47 [INFO] Worker 8: 向下滑動: 310 像素，並等待 4.541118243206425 秒
2024-12-18 15:00:48 [INFO] Worker 4: 向下滑動: 336 像素，並等待 4.178380875985456 秒
2024-12-18 15:00:49 [INFO] Worker 7: 向下滑動: 239 像素，並等待 4.899533940431766 秒
2024-12-18 15:00:49 [INFO] Worker 3: 向下滑動: 381 像素，並等待 4.815395040196398 秒
2024-12-18 15:00:50 [INFO] Worker 2: 向下滑動: 382 像素，並等待 3.6434838880045115 秒
2024-12-18 15:00:50 [INFO] Worker 5: 向下滑動: 349 像素，並等待 3.97009963170836 秒
2024-12-18 15:00:51 [INFO] Worker 6: 向下滑動: 293 像素，並等待 4.537918077911691 秒
2024-12-18 15:00:52 [INFO] Worker 1: 向下滑動: 340 像素，並等待 4.978175344395252 秒
2024-12-18 15:00:52 [INFO] Worker 8: 向下滑動: 360 像素，並等待 4.669531751070124 秒
2024-12-18 15:00:52 [INFO] Worker 7: 向下滑動: 250 像素，並等待 3.4516214377198358 秒
2024-12-18 15:00:53 [INFO] Worker 4: 向下滑動: 363 像素，並等待 4.831865282317065 秒
2024-12-18 15:00:54 [INFO] Worker 2: 向下滑動: 245 像素，並等待 4.2425806491930045 秒
2024-12-18 15:00:54 [INFO] Worker 3: 向下滑動: 310 像素，並等待 4.993554050569791 秒
2024-12-18 15:00:55 [INFO] Worker 5: 向下滑動: 386 像素，並等待 4.972362481205997 秒
2024-12-18 15:00:55 [INFO] Worker 6: 向下滑動: 314 像素，並等待 3.6563420522704613 秒
2024-12-18 15:00:56 [INFO] Worker 1: 向下滑動: 383 像素，並等待 4.051570221825534 秒
2024-12-18 15:00:57 [INFO] Worker 8: 向下滑動: 314 像素，並等待 4.4770931403106 秒
2024-12-18 15:00:57 [INFO] Worker 2: 向下滑動: 294 像素，並等待 3.000507551858164 秒
2024-12-18 15:00:57 [INFO] Worker 4: 向下滑動: 341 像素，並等待 3.7856416846535517 秒
2024-12-18 15:00:57 [INFO] Worker 7: 向下滑動: 320 像素，並等待 4.670044436934623 秒
2024-12-18 15:00:58 [INFO] Worker 6: 向下滑動: 217 像素，並等待 3.4265984338849007 秒
2024-12-18 15:00:59 [INFO] Worker 5: 向下滑動: 391 像素，並等待 4.052662797503007 秒
2024-12-18 15:00:59 [INFO] Worker 3: 向下滑動: 331 像素，並等待 4.929793496163309 秒
2024-12-18 15:01:00 [INFO] Worker 4: 向下滑動: 202 像素，並等待 3.035642591017988 秒
2024-12-18 15:01:00 [INFO] Worker 1: 向下滑動: 218 像素，並等待 3.9562421590801726 秒
2024-12-18 15:01:01 [INFO] Worker 7: 向下滑動: 384 像素，並等待 3.5208939391291736 秒
2024-12-18 15:01:01 [INFO] Worker 8: 向下滑動: 266 像素，並等待 4.281020940201746 秒
2024-12-18 15:01:02 [INFO] Worker 2: 向下滑動: 297 像素，並等待 4.9450533237178735 秒
2024-12-18 15:01:02 [INFO] Worker 5: 向下滑動: 204 像素，並等待 3.4979815529567047 秒
2024-12-18 15:01:02 [INFO] Worker 6: 向下滑動: 284 像素，並等待 4.191881233531783 秒
2024-12-18 15:01:03 [INFO] Worker 3: 向下滑動: 368 像素，並等待 3.4225903874529617 秒
2024-12-18 15:01:04 [INFO] Worker 4: 向下滑動: 296 像素，並等待 3.471056439188244 秒
2024-12-18 15:01:04 [INFO] Worker 1: 向下滑動: 279 像素，並等待 4.242382580390404 秒
2024-12-18 15:01:05 [INFO] Worker 7: 向下滑動: 203 像素，並等待 4.368059472607885 秒
2024-12-18 15:01:05 [INFO] Worker 2: 向下滑動: 223 像素，並等待 3.2444466097915456 秒
2024-12-18 15:01:05 [INFO] Worker 8: 向下滑動: 299 像素，並等待 4.376203113156384 秒
2024-12-18 15:01:06 [INFO] Worker 6: 向下滑動: 307 像素，並等待 4.083172652269012 秒
2024-12-18 15:01:07 [INFO] Worker 5: 向下滑動: 389 像素，並等待 4.60621317309166 秒
2024-12-18 15:01:07 [INFO] Worker 4: 向下滑動: 325 像素，並等待 3.5574315563908003 秒
2024-12-18 15:01:07 [INFO] Worker 3: 向下滑動: 345 像素，並等待 4.5458158350349755 秒
2024-12-18 15:01:08 [INFO] Worker 1: 向下滑動: 376 像素，並等待 4.006252360780408 秒
2024-12-18 15:01:08 [INFO] Worker 8: 向下滑動: 246 像素，並等待 3.233811851969226 秒
2024-12-18 15:01:09 [INFO] Worker 2: 向下滑動: 270 像素，並等待 4.320312464697206 秒
2024-12-18 15:01:10 [INFO] Worker 6: 向下滑動: 338 像素，並等待 3.0326888967937378 秒
2024-12-18 15:01:10 [INFO] Worker 7: 向下滑動: 377 像素，並等待 4.724636019418674 秒
2024-12-18 15:01:10 [INFO] Worker 5: 向下滑動: 360 像素，並等待 3.4200284566054537 秒
2024-12-18 15:01:11 [INFO] Worker 4: 向下滑動: 249 像素，並等待 3.8793256577926982 秒
2024-12-18 15:01:11 [INFO] Worker 8: 帳號 66823237283 的任務已結束
2024-12-18 15:01:11 [INFO] Worker 9: 開始處理帳號 66991704166
2024-12-18 15:01:11 [INFO] Worker 3: 向下滑動: 292 像素，並等待 4.263841734781589 秒
2024-12-18 15:01:13 [INFO] Worker 2: 向下滑動: 303 像素，並等待 3.3217077790710285 秒
2024-12-18 15:01:13 [INFO] Worker 1: 向下滑動: 207 像素，並等待 4.517684256230515 秒
2024-12-18 15:01:13 [INFO] Worker 4: 帳號 66637943259 的任務已結束
2024-12-18 15:01:13 [INFO] Worker 10: 開始處理帳號 66646155782
2024-12-18 15:01:14 [INFO] Worker 6: 向下滑動: 351 像素，並等待 4.265104793578049 秒
2024-12-18 15:01:14 [INFO] Worker 7: 向下滑動: 371 像素，並等待 4.219720978324684 秒
2024-12-18 15:01:15 [INFO] Worker 3: 向下滑動: 328 像素，並等待 3.266619169914686 秒
2024-12-18 15:01:15 [INFO] Worker 5: 向下滑動: 202 像素，並等待 4.951552371474917 秒
2024-12-18 15:01:16 [INFO] Worker 1: 向下滑動: 259 像素，並等待 3.406772745517319 秒
2024-12-18 15:01:17 [INFO] Worker 2: 向下滑動: 230 像素，並等待 3.791973184786574 秒
2024-12-18 15:01:17 [INFO] Worker 7: 向下滑動: 247 像素，並等待 3.0571632841419727 秒
2024-12-18 15:01:18 [INFO] Worker 9: 代理 kamoney03.ddns.net:24009 設置成功
2024-12-18 15:01:18 [INFO] Worker 3: 向下滑動: 273 像素，並等待 3.3295152838364586 秒
2024-12-18 15:01:19 [INFO] Worker 6: 向下滑動: 288 像素，並等待 4.777198484081843 秒
2024-12-18 15:01:19 [INFO] Worker 9: Cookies 已加載成功: cookies\66991704166_cookies.json
2024-12-18 15:01:20 [INFO] Worker 5: 向下滑動: 256 像素，並等待 4.665626818402653 秒
2024-12-18 15:01:21 [INFO] Worker 10: 代理 kamoney03.ddns.net:24010 設置成功
2024-12-18 15:01:21 [INFO] Worker 1: 向下滑動: 218 像素，並等待 4.4377784013874955 秒
2024-12-18 15:01:21 [INFO] Worker 7: 向下滑動: 375 像素，並等待 4.164572098089866 秒
2024-12-18 15:01:21 [INFO] Worker 2: 向下滑動: 266 像素，並等待 4.574774338849107 秒
2024-12-18 15:01:22 [INFO] Worker 9: 帳號 66991704166 使用 cookies 成功登入
2024-12-18 15:01:22 [INFO] Worker 9: 登錄成功，開始處理帳號 66991704166 的操作...
2024-12-18 15:01:22 [INFO] Worker 9: 開始跳轉操作...
2024-12-18 15:01:22 [INFO] Worker 9: 正在開啟貼文: https://www.facebook.com/share/1HAVpvaRDF/
2024-12-18 15:01:22 [INFO] Worker 10: Cookies 已加載成功: cookies\66646155782_cookies.json
2024-12-18 15:01:22 [INFO] Worker 3: 向下滑動: 242 像素，並等待 4.250707832300963 秒
2024-12-18 15:01:23 [INFO] Worker 5: 帳號 66619622845 的任務已結束
2024-12-18 15:01:23 [INFO] Worker 11: 開始處理帳號 66643407753
2024-12-18 15:01:23 [INFO] Worker 6: 向下滑動: 327 像素，並等待 4.275928136847464 秒
2024-12-18 15:01:24 [INFO] Worker 9 隨機停留 6 秒
2024-12-18 15:01:24 [INFO] Worker 1: 向下滑動: 246 像素，並等待 3.222331460880694 秒
2024-12-18 15:01:24 [INFO] Worker 10: 帳號 66646155782 使用 cookies 成功登入
2024-12-18 15:01:24 [INFO] Worker 10: 登錄成功，開始處理帳號 66646155782 的操作...
2024-12-18 15:01:24 [INFO] Worker 10: 開始跳轉操作...
2024-12-18 15:01:24 [INFO] Worker 10: 正在開啟貼文: https://www.facebook.com/share/1HAVpvaRDF/
2024-12-18 15:01:24 [INFO] Worker 7: 向下滑動: 272 像素，並等待 3.168862120082949 秒
2024-12-18 15:01:25 [INFO] Worker 3: 向下滑動: 323 像素，並等待 3.1386396728951595 秒
2024-12-18 15:01:26 [INFO] Worker 2: 向下滑動: 324 像素，並等待 4.373667355663805 秒
2024-12-18 15:01:27 [INFO] Worker 10 隨機停留 8 秒
2024-12-18 15:01:27 [INFO] Worker 6: 向下滑動: 290 像素，並等待 4.111852071433047 秒
2024-12-18 15:01:28 [INFO] Worker 3: 瀏覽器已關閉，任務已完成
2024-12-18 15:01:28 [INFO] Worker 3: 帳號 66634899161 的任務已結束
2024-12-18 15:01:28 [INFO] Worker 12: 開始處理帳號 66954958462
2024-12-18 15:01:28 [INFO] Worker 1: 向下滑動: 296 像素，並等待 4.213538986119218 秒
2024-12-18 15:01:29 [INFO] Worker 2: 向下滑動: 391 像素，並等待 3.214673751805896 秒
2024-12-18 15:01:29 [INFO] Worker 7: 向下滑動: 235 像素，並等待 4.933788807600137 秒
2024-12-18 15:01:29 [INFO] Worker 11: 代理 kamoney03.ddns.net:24011 設置成功
2024-12-18 15:01:30 [INFO] Worker 9: 貼文已按過讚，無需重複操作
2024-12-18 15:01:30 [INFO] Worker 9 按讚後隨機停留 4 秒
2024-12-18 15:01:30 [INFO] Worker 6: 向下滑動: 298 像素，並等待 3.309871298767833 秒
2024-12-18 15:01:30 [INFO] Worker 11: Cookies 已加載成功: cookies\66643407753_cookies.json
2024-12-18 15:01:31 [INFO] Worker 2: 帳號 66637943259 的任務已結束
2024-12-18 15:01:31 [INFO] Worker 13: 開始處理帳號 66804035563
2024-12-18 15:01:32 [INFO] Worker 1: 向下滑動: 231 像素，並等待 4.254269901225648 秒
2024-12-18 15:01:33 [INFO] Worker 7: 向下滑動: 280 像素，並等待 3.9345322880108613 秒
2024-12-18 15:01:33 [INFO] Worker 11: 帳號 66643407753 使用 cookies 成功登入
2024-12-18 15:01:33 [INFO] Worker 11: 登錄成功，開始處理帳號 66643407753 的操作...
2024-12-18 15:01:33 [INFO] Worker 11: 開始跳轉操作...
2024-12-18 15:01:33 [INFO] Worker 11: 正在開啟貼文: https://www.facebook.com/share/1HAVpvaRDF/
2024-12-18 15:01:34 [INFO] Worker 9: 正在開啟網站: https://lihi.cc/fCuUd
2024-12-18 15:01:35 [INFO] Worker 6: 向下滑動: 337 像素，並等待 4.518206524293228 秒
2024-12-18 15:01:35 [INFO] Worker 10: 貼文已按過讚，無需重複操作
2024-12-18 15:01:35 [INFO] Worker 10 按讚後隨機停留 5 秒
2024-12-18 15:01:35 [INFO] Worker 12: 代理 kamoney03.ddns.net:24012 設置成功
2024-12-18 15:01:36 [INFO] Worker 1: 向下滑動: 324 像素，並等待 3.193823469578623 秒
2024-12-18 15:01:36 [INFO] Worker 12: Cookies 已加載成功: cookies\66954958462_cookies.json
2024-12-18 15:01:36 [INFO] Worker 9 隨機停留時間: 166 秒
2024-12-18 15:01:36 [INFO] Worker 7: 向下滑動: 207 像素，並等待 3.2857818762164737 秒
2024-12-18 15:01:38 [INFO] Worker 12: 帳號 66954958462 使用 cookies 成功登入
2024-12-18 15:01:38 [INFO] Worker 12: 登錄成功，開始處理帳號 66954958462 的操作...
2024-12-18 15:01:38 [INFO] Worker 12: 開始跳轉操作...
2024-12-18 15:01:38 [INFO] Worker 12: 正在開啟貼文: https://www.facebook.com/share/1HAVpvaRDF/
2024-12-18 15:01:38 [INFO] Worker 11 隨機停留 8 秒
2024-12-18 15:01:39 [INFO] Worker 1: 向下滑動: 244 像素，並等待 3.2516025037274945 秒
2024-12-18 15:01:39 [INFO] Worker 13: 代理 kamoney03.ddns.net:24013 設置成功
2024-12-18 15:01:40 [INFO] Worker 6: 向下滑動: 239 像素，並等待 4.749940700135133 秒
2024-12-18 15:01:40 [INFO] Worker 10: 正在開啟網站: https://lihi.cc/fCuUd
2024-12-18 15:01:40 [INFO] Worker 13: Cookies 已加載成功: cookies\66804035563_cookies.json
2024-12-18 15:01:40 [INFO] Worker 12 隨機停留 6 秒
2024-12-18 15:01:40 [INFO] Worker 9: 向下滑動: 253 像素，並等待 4.308315713164881 秒
2024-12-18 15:01:41 [INFO] Worker 7: 向下滑動: 269 像素，並等待 4.813905746349723 秒
2024-12-18 15:01:42 [INFO] Worker 10 隨機停留時間: 184 秒
2024-12-18 15:01:42 [INFO] Worker 13: 帳號 66804035563 使用 cookies 成功登入
2024-12-18 15:01:42 [INFO] Worker 13: 登錄成功，開始處理帳號 66804035563 的操作...
2024-12-18 15:01:42 [INFO] Worker 13: 開始跳轉操作...
2024-12-18 15:01:42 [INFO] Worker 13: 正在開啟貼文: https://www.facebook.com/share/1HAVpvaRDF/
2024-12-18 15:01:43 [INFO] Worker 1: 向下滑動: 222 像素，並等待 4.341963361851563 秒
2024-12-18 15:01:44 [INFO] Worker 6: 向下滑動: 393 像素，並等待 4.313865774552988 秒
2024-12-18 15:01:45 [INFO] Worker 9: 向下滑動: 294 像素，並等待 4.176710784173629 秒
2024-12-18 15:01:45 [INFO] Worker 13 隨機停留 6 秒
2024-12-18 15:01:45 [INFO] Worker 10: 向下滑動: 212 像素，並等待 3.259896145294055 秒
2024-12-18 15:01:46 [INFO] Worker 11: 貼文已按過讚，無需重複操作
2024-12-18 15:01:46 [INFO] Worker 11 按讚後隨機停留 5 秒
2024-12-18 15:01:46 [INFO] Worker 1: 帳號 66634899161 的任務已結束
2024-12-18 15:01:46 [INFO] Worker 14: 開始處理帳號 66823121944
2024-12-18 15:01:46 [INFO] Worker 7: 向下滑動: 242 像素，並等待 4.995690875094903 秒
2024-12-18 15:01:46 [INFO] Worker 12: 貼文已按過讚，無需重複操作
2024-12-18 15:01:46 [INFO] Worker 12 按讚後隨機停留 3 秒
2024-12-18 15:01:47 [INFO] Worker 6: 向下滑動: 342 像素，並等待 3.5367013819761532 秒
2024-12-18 15:01:49 [INFO] Worker 9: 向下滑動: 370 像素，並等待 4.703854932753302 秒
2024-12-18 15:01:49 [INFO] Worker 12: 正在開啟網站: https://lihi.cc/fCuUd
2024-12-18 15:01:49 [INFO] Worker 10: 向下滑動: 255 像素，並等待 4.429148814969263 秒
2024-12-18 15:01:50 [INFO] Worker 7: 向下滑動: 268 像素，並等待 3.307361420227969 秒
2024-12-18 15:01:51 [INFO] Worker 11: 正在開啟網站: https://lihi.cc/fCuUd
2024-12-18 15:01:51 [INFO] Worker 13: 貼文已按過讚，無需重複操作
2024-12-18 15:01:51 [INFO] Worker 13 按讚後隨機停留 3 秒
2024-12-18 15:01:51 [INFO] Worker 12 隨機停留時間: 170 秒
2024-12-18 15:01:52 [INFO] Worker 6: 向下滑動: 301 像素，並等待 4.962731421381453 秒
2024-12-18 15:01:53 [INFO] Worker 9: 向下滑動: 317 像素，並等待 3.263481991186259 秒
2024-12-18 15:01:53 [INFO] Worker 10: 向下滑動: 373 像素，並等待 3.5140214303159 秒
2024-12-18 15:01:53 [INFO] Worker 11 隨機停留時間: 165 秒
2024-12-18 15:01:53 [INFO] Worker 14: 代理 kamoney03.ddns.net:24014 設置成功
2024-12-18 15:01:54 [INFO] Worker 7: 向下滑動: 364 像素，並等待 4.390328663816707 秒
2024-12-18 15:01:54 [INFO] Worker 14: Cookies 已加載成功: cookies\66823121944_cookies.json
2024-12-18 15:01:54 [INFO] Worker 13: 正在開啟網站: https://lihi.cc/fCuUd
2024-12-18 15:01:55 [INFO] Worker 6: 瀏覽器已關閉，任務已完成
2024-12-18 15:01:55 [INFO] Worker 6: 帳號 66935324825 的任務已結束
2024-12-18 15:01:55 [INFO] Worker 15: 開始處理帳號 66814785452
2024-12-18 15:01:56 [INFO] Worker 12: 向下滑動: 396 像素，並等待 4.6431381612377125 秒
2024-12-18 15:01:56 [INFO] Worker 13 隨機停留時間: 157 秒
2024-12-18 15:01:56 [INFO] Worker 9: 向下滑動: 335 像素，並等待 3.5077674026650545 秒
2024-12-18 15:01:57 [INFO] Worker 14: 帳號 66823121944 使用 cookies 成功登入
2024-12-18 15:01:57 [INFO] Worker 14: 登錄成功，開始處理帳號 66823121944 的操作...
2024-12-18 15:01:57 [INFO] Worker 14: 開始跳轉操作...
2024-12-18 15:01:57 [INFO] Worker 14: 正在開啟貼文: https://www.facebook.com/share/1HAVpvaRDF/
2024-12-18 15:01:57 [INFO] Worker 11: 向下滑動: 253 像素，並等待 3.933592383787555 秒
2024-12-18 15:01:57 [INFO] Worker 7: 向下滑動: 289 像素，並等待 3.127267999741737 秒
2024-12-18 15:01:58 [INFO] Worker 10: 向下滑動: 295 像素，並等待 4.96329594956607 秒
2024-12-18 15:01:59 [INFO] Worker 9: 向下滑動: 339 像素，並等待 3.313966449421799 秒
2024-12-18 15:02:00 [INFO] Worker 12: 向下滑動: 380 像素，並等待 3.5275871369276324 秒
2024-12-18 15:02:00 [INFO] Worker 7: 帳號 66990183891 的任務已結束
2024-12-18 15:02:00 [INFO] Worker 13: 向下滑動: 398 像素，並等待 4.3340539792663675 秒
2024-12-18 15:02:01 [INFO] Worker 14 隨機停留 8 秒
2024-12-18 15:02:02 [INFO] Worker 11: 向下滑動: 383 像素，並等待 4.637370230919887 秒
2024-12-18 15:02:02 [INFO] Worker 15: 代理 kamoney03.ddns.net:24015 設置成功
2024-12-18 15:02:02 [INFO] Worker 10: 向下滑動: 297 像素，並等待 4.177286218475196 秒
2024-12-18 15:02:03 [INFO] Worker 9: 向下滑動: 335 像素，並等待 3.0826332396911735 秒
2024-12-18 15:02:03 [INFO] Worker 12: 向下滑動: 347 像素，並等待 3.413848518645314 秒
2024-12-18 15:02:03 [INFO] Worker 15: Cookies 已加載成功: cookies\66814785452_cookies.json
2024-12-18 15:02:04 [INFO] Worker 13: 向下滑動: 340 像素，並等待 3.280989640892913 秒
2024-12-18 15:02:05 [INFO] Worker 11: 向下滑動: 206 像素，並等待 3.544424511535894 秒
2024-12-18 15:02:06 [INFO] Worker 15: 帳號 66814785452 使用 cookies 成功登入
2024-12-18 15:02:06 [INFO] Worker 15: 登錄成功，開始處理帳號 66814785452 的操作...
2024-12-18 15:02:06 [INFO] Worker 15: 開始跳轉操作...
2024-12-18 15:02:06 [INFO] Worker 15: 正在開啟貼文: https://www.facebook.com/share/1HAVpvaRDF/
2024-12-18 15:02:07 [INFO] Worker 13: 向下滑動: 336 像素，並等待 3.2400560155174847 秒
2024-12-18 15:02:07 [INFO] Worker 10: 向下滑動: 368 像素，並等待 4.947565891974176 秒
2024-12-18 15:02:07 [INFO] Worker 9: 向下滑動: 379 像素，並等待 4.8975006293732655 秒
2024-12-18 15:02:08 [INFO] Worker 12: 向下滑動: 223 像素，並等待 4.521093741346431 秒
2024-12-18 15:02:08 [INFO] Worker 15 隨機停留 8 秒
2024-12-18 15:02:09 [INFO] Worker 14: 貼文已按過讚，無需重複操作
2024-12-18 15:02:09 [INFO] Worker 14 按讚後隨機停留 3 秒
2024-12-18 15:02:09 [INFO] Worker 11: 向下滑動: 223 像素，並等待 3.739869318987516 秒
2024-12-18 15:02:11 [INFO] Worker 10: 向下滑動: 239 像素，並等待 3.6238696267692436 秒
2024-12-18 15:02:11 [INFO] Worker 13: 向下滑動: 235 像素，並等待 3.8688742368142144 秒
2024-12-18 15:02:11 [INFO] Worker 12: 向下滑動: 399 像素，並等待 3.6806234274620233 秒
2024-12-18 15:02:12 [INFO] Worker 9: 向下滑動: 202 像素，並等待 4.138325232974569 秒
2024-12-18 15:02:12 [INFO] Worker 14: 正在開啟網站: https://lihi.cc/fCuUd
2024-12-18 15:02:14 [INFO] Worker 11: 向下滑動: 226 像素，並等待 4.705232775038221 秒
2024-12-18 15:02:14 [INFO] Worker 14 隨機停留時間: 186 秒
2024-12-18 15:02:15 [INFO] Worker 12: 向下滑動: 259 像素，並等待 3.6351617446452327 秒
2024-12-18 15:02:15 [INFO] Worker 10: 向下滑動: 302 像素，並等待 4.4554862037942655 秒
2024-12-18 15:02:15 [INFO] Worker 13: 向下滑動: 296 像素，並等待 4.48449413230783 秒
2024-12-18 15:02:16 [INFO] Worker 9: 向下滑動: 250 像素，並等待 3.9378874514375584 秒
2024-12-18 15:02:16 [INFO] Worker 15: 貼文已按過讚，無需重複操作
2024-12-18 15:02:16 [INFO] Worker 15 按讚後隨機停留 3 秒
2024-12-18 15:02:17 [INFO] Worker 11: 向下滑動: 371 像素，並等待 3.002689597439991 秒
2024-12-18 15:02:18 [INFO] Worker 12: 向下滑動: 328 像素，並等待 3.3436972037898696 秒
2024-12-18 15:02:19 [INFO] Worker 14: 向下滑動: 321 像素，並等待 4.947869631821868 秒
2024-12-18 15:02:19 [INFO] Worker 9: 向下滑動: 247 像素，並等待 3.3157520819602126 秒
2024-12-18 15:02:19 [INFO] Worker 13: 向下滑動: 227 像素，並等待 3.8245399852071875 秒
2024-12-18 15:02:19 [INFO] Worker 10: 向下滑動: 352 像素，並等待 3.998842278976074 秒
2024-12-18 15:02:19 [INFO] Worker 15: 正在開啟網站: https://lihi.cc/fCuUd
2024-12-18 15:02:20 [INFO] Worker 11: 向下滑動: 382 像素，並等待 3.77841160300301 秒
2024-12-18 15:02:21 [INFO] Worker 15 隨機停留時間: 187 秒
2024-12-18 15:02:22 [INFO] Worker 10: 向下滑動: 279 像素，並等待 3.095253330479137 秒
2024-12-18 15:02:22 [INFO] Worker 9: 向下滑動: 257 像素，並等待 3.5748172836339287 秒
2024-12-18 15:02:23 [INFO] Worker 14: 向下滑動: 216 像素，並等待 3.8884932955924745 秒
2024-12-18 15:02:23 [INFO] Worker 12: 向下滑動: 322 像素，並等待 4.637933327769988 秒
2024-12-18 15:02:23 [INFO] Worker 13: 向下滑動: 255 像素，並等待 4.276717736774707 秒
2024-12-18 15:02:25 [INFO] Worker 11: 向下滑動: 330 像素，並等待 4.3032861422396165 秒
2024-12-18 15:02:25 [INFO] Worker 10: 向下滑動: 239 像素，並等待 3.048735152858574 秒
2024-12-18 15:02:26 [INFO] Worker 9: 向下滑動: 378 像素，並等待 3.186850559720515 秒
2024-12-18 15:02:26 [INFO] Worker 15: 向下滑動: 206 像素，並等待 4.693215094936795 秒
2024-12-18 15:02:27 [INFO] Worker 13: 向下滑動: 352 像素，並等待 3.1161889363144315 秒
2024-12-18 15:02:27 [INFO] Worker 14: 向下滑動: 298 像素，並等待 4.60288166200075 秒
2024-12-18 15:02:27 [INFO] Worker 12: 向下滑動: 205 像素，並等待 4.47430514520104 秒
2024-12-18 15:02:29 [INFO] Worker 10: 向下滑動: 328 像素，並等待 3.235012596539835 秒
2024-12-18 15:02:29 [INFO] Worker 11: 向下滑動: 323 像素，並等待 3.960547893049392 秒
2024-12-18 15:02:29 [INFO] Worker 9: 向下滑動: 368 像素，並等待 3.32433835619521 秒
2024-12-18 15:02:31 [INFO] Worker 15: 向下滑動: 209 像素，並等待 4.838831937899388 秒
2024-12-18 15:02:31 [INFO] Worker 13: 向下滑動: 291 像素，並等待 4.346861492059017 秒
2024-12-18 15:02:32 [INFO] Worker 14: 向下滑動: 264 像素，並等待 4.5791490082492485 秒
2024-12-18 15:02:32 [INFO] Worker 10: 向下滑動: 291 像素，並等待 3.250738223836914 秒
2024-12-18 15:02:32 [INFO] Worker 12: 向下滑動: 283 像素，並等待 4.866807550006376 秒
2024-12-18 15:02:33 [INFO] Worker 9: 向下滑動: 210 像素，並等待 3.6451919253226146 秒
2024-12-18 15:02:34 [INFO] Worker 11: 向下滑動: 361 像素，並等待 4.859171332237371 秒
2024-12-18 15:02:35 [INFO] Worker 15: 向下滑動: 269 像素，並等待 4.429852393284199 秒
2024-12-18 15:02:35 [INFO] Worker 13: 向下滑動: 349 像素，並等待 4.2950185531844 秒
2024-12-18 15:02:35 [INFO] Worker 10: 向下滑動: 280 像素，並等待 3.541259890425204 秒
2024-12-18 15:02:36 [INFO] Worker 12: 向下滑動: 350 像素，並等待 3.8156297188928354 秒
2024-12-18 15:02:36 [INFO] Worker 14: 向下滑動: 245 像素，並等待 4.564021362358641 秒
2024-12-18 15:02:37 [INFO] Worker 9: 向下滑動: 259 像素，並等待 4.420975923756942 秒
2024-12-18 15:02:37 [INFO] Worker 11: 向下滑動: 325 像素，並等待 3.5021040246016044 秒
2024-12-18 15:02:38 [INFO] Worker 10: 向下滑動: 235 像素，並等待 3.0419110221713757 秒
2024-12-18 15:02:39 [INFO] Worker 13: 向下滑動: 301 像素，並等待 3.412666477420909 秒
2024-12-18 15:02:39 [INFO] Worker 15: 向下滑動: 330 像素，並等待 4.240134174892356 秒
2024-12-18 15:02:40 [INFO] Worker 12: 向下滑動: 299 像素，並等待 3.512323073194534 秒
2024-12-18 15:02:41 [INFO] Worker 14: 向下滑動: 347 像素，並等待 4.90085685321017 秒
2024-12-18 15:02:42 [INFO] Worker 9: 向下滑動: 326 像素，並等待 4.509050654031272 秒
2024-12-18 15:02:42 [INFO] Worker 10: 向下滑動: 291 像素，並等待 3.2507443961380336 秒
2024-12-18 15:02:42 [INFO] Worker 11: 向下滑動: 363 像素，並等待 4.817686879180237 秒
2024-12-18 15:02:43 [INFO] Worker 12: 向下滑動: 219 像素，並等待 3.166676605918175 秒
2024-12-18 15:02:43 [INFO] Worker 13: 向下滑動: 233 像素，並等待 4.466039105457079 秒
2024-12-18 15:02:44 [INFO] Worker 15: 向下滑動: 255 像素，並等待 4.207487238772126 秒
2024-12-18 15:02:45 [INFO] Worker 9: 向下滑動: 327 像素，並等待 3.073240050480588 秒
2024-12-18 15:02:45 [INFO] Worker 10: 向下滑動: 296 像素，並等待 3.4946944393717425 秒
2024-12-18 15:02:46 [INFO] Worker 14: 向下滑動: 382 像素，並等待 4.180191600515921 秒
2024-12-18 15:02:46 [INFO] Worker 11: 向下滑動: 238 像素，並等待 3.843919317402131 秒
2024-12-18 15:02:47 [INFO] Worker 13: 向下滑動: 261 像素，並等待 3.7629325777409437 秒
2024-12-18 15:02:47 [INFO] Worker 12: 向下滑動: 393 像素，並等待 4.639771858035553 秒
2024-12-18 15:02:48 [INFO] Worker 15: 向下滑動: 359 像素，並等待 4.748190442652115 秒
2024-12-18 15:02:49 [INFO] Worker 9: 向下滑動: 212 像素，並等待 4.379747825517023 秒
2024-12-18 15:02:50 [INFO] Worker 14: 向下滑動: 202 像素，並等待 4.047701994554014 秒
2024-12-18 15:02:50 [INFO] Worker 10: 向下滑動: 394 像素，並等待 4.329647673753813 秒
2024-12-18 15:02:50 [INFO] Worker 11: 向下滑動: 396 像素，並等待 4.485882586340586 秒
2024-12-18 15:02:50 [INFO] Worker 12: 向下滑動: 210 像素，並等待 3.0300990153654546 秒
2024-12-18 15:02:51 [INFO] Worker 13: 向下滑動: 378 像素，並等待 4.105068211234724 秒
2024-12-18 15:02:52 [INFO] Worker 15: 向下滑動: 245 像素，並等待 3.351696756912665 秒
2024-12-18 15:02:53 [INFO] Worker 9: 向下滑動: 226 像素，並等待 3.4507470700824765 秒
2024-12-18 15:02:53 [INFO] Worker 14: 向下滑動: 319 像素，並等待 3.7707089316478433 秒
2024-12-18 15:02:54 [INFO] Worker 10: 向下滑動: 336 像素，並等待 4.149893496525991 秒
2024-12-18 15:02:54 [INFO] Worker 11: 向下滑動: 308 像素，並等待 3.5413797970200305 秒
2024-12-18 15:02:54 [INFO] Worker 13: 向下滑動: 320 像素，並等待 3.487572884504894 秒
2024-12-18 15:02:55 [INFO] Worker 12: 向下滑動: 296 像素，並等待 4.998034997236939 秒
2024-12-18 15:02:56 [INFO] Worker 9: 向下滑動: 356 像素，並等待 3.495253826874455 秒
2024-12-18 15:02:56 [INFO] Worker 15: 向下滑動: 390 像素，並等待 4.547941474597852 秒
2024-12-18 15:02:58 [INFO] Worker 14: 向下滑動: 331 像素，並等待 4.577471330911419 秒
2024-12-18 15:02:58 [INFO] Worker 13: 向下滑動: 319 像素，並等待 3.5918032868785885 秒
2024-12-18 15:02:58 [INFO] Worker 11: 向下滑動: 269 像素，並等待 4.309593540643055 秒
2024-12-18 15:02:58 [INFO] Worker 10: 向下滑動: 391 像素，並等待 4.517799143753518 秒
2024-12-18 15:03:00 [INFO] Worker 9: 向下滑動: 263 像素，並等待 3.7451396166920476 秒
2024-12-18 15:03:00 [INFO] Worker 12: 向下滑動: 381 像素，並等待 4.884267677396698 秒
2024-12-18 15:03:01 [INFO] Worker 15: 向下滑動: 309 像素，並等待 4.598477875659979 秒
2024-12-18 15:03:02 [INFO] Worker 11: 向下滑動: 339 像素，並等待 3.4049007918394487 秒
2024-12-18 15:03:03 [INFO] Worker 10: 向下滑動: 328 像素，並等待 4.246944032619815 秒
2024-12-18 15:03:03 [INFO] Worker 9: 向下滑動: 318 像素，並等待 3.1261389798205217 秒
2024-12-18 15:03:03 [INFO] Worker 14: 向下滑動: 253 像素，並等待 4.968196052917251 秒
2024-12-18 15:03:03 [INFO] Worker 13: 向下滑動: 383 像素，並等待 4.957519997337823 秒
2024-12-18 15:03:04 [INFO] Worker 15: 向下滑動: 374 像素，並等待 3.334942597661623 秒
2024-12-18 15:03:05 [INFO] Worker 12: 向下滑動: 329 像素，並等待 4.560752477167432 秒
2024-12-18 15:03:06 [INFO] Worker 11: 向下滑動: 245 像素，並等待 3.958130703772709 秒
2024-12-18 15:03:06 [INFO] Worker 9: 向下滑動: 214 像素，並等待 3.08374423355024 秒
2024-12-18 15:03:06 [INFO] Worker 13: 向下滑動: 214 像素，並等待 3.109633742345986 秒
2024-12-18 15:03:06 [INFO] Worker 10: 向下滑動: 391 像素，並等待 3.749852015235283 秒
2024-12-18 15:03:07 [INFO] Worker 14: 向下滑動: 344 像素，並等待 3.7706193254625067 秒
2024-12-18 15:03:09 [INFO] Worker 15: 向下滑動: 333 像素，並等待 4.345020430763829 秒
2024-12-18 15:03:09 [INFO] Worker 12: 向下滑動: 382 像素，並等待 4.357850520740807 秒
2024-12-18 15:03:09 [INFO] Worker 13: 向下滑動: 250 像素，並等待 3.313601547356326 秒
2024-12-18 15:03:10 [INFO] Worker 9: 向下滑動: 290 像素，並等待 3.7845302170248125 秒
2024-12-18 15:03:11 [INFO] Worker 11: 向下滑動: 394 像素，並等待 4.972143450859371 秒
2024-12-18 15:03:11 [INFO] Worker 10: 向下滑動: 254 像素，並等待 4.948000677044422 秒
2024-12-18 15:03:11 [INFO] Worker 14: 向下滑動: 295 像素，並等待 4.770321895551607 秒
2024-12-18 15:03:12 [INFO] Worker 15: 向下滑動: 253 像素，並等待 3.6435043688995794 秒
2024-12-18 15:03:13 [INFO] Worker 12: 向下滑動: 337 像素，並等待 3.292012389761928 秒
2024-12-18 15:03:13 [INFO] Worker 13: 向下滑動: 374 像素，並等待 3.20809150074858 秒
2024-12-18 15:03:13 [INFO] Worker 9: 向下滑動: 336 像素，並等待 3.355872699475065 秒
2024-12-18 15:03:15 [INFO] Worker 11: 向下滑動: 348 像素，並等待 4.272070741935658 秒
2024-12-18 15:03:15 [INFO] Worker 15: 向下滑動: 241 像素，並等待 3.0857714060539885 秒
2024-12-18 15:03:16 [INFO] Worker 13: 向下滑動: 296 像素，並等待 3.050664226880617 秒
2024-12-18 15:03:16 [INFO] Worker 12: 向下滑動: 282 像素，並等待 3.386636497552443 秒
2024-12-18 15:03:16 [INFO] Worker 14: 向下滑動: 209 像素，並等待 4.595773744709554 秒
2024-12-18 15:03:16 [INFO] Worker 10: 向下滑動: 373 像素，並等待 4.935930599376007 秒
2024-12-18 15:03:17 [INFO] Worker 9: 向下滑動: 396 像素，並等待 4.250753301337472 秒
2024-12-18 15:03:19 [INFO] Worker 13: 向下滑動: 237 像素，並等待 3.3690760999437934 秒
2024-12-18 15:03:19 [INFO] Worker 15: 向下滑動: 357 像素，並等待 3.903787430878152 秒
2024-12-18 15:03:19 [INFO] Worker 11: 向下滑動: 343 像素，並等待 4.475828269913473 秒
2024-12-18 15:03:20 [INFO] Worker 14: 向下滑動: 287 像素，並等待 3.5408326033291857 秒
2024-12-18 15:03:20 [INFO] Worker 10: 向下滑動: 305 像素，並等待 4.13606773141616 秒
2024-12-18 15:03:21 [INFO] Worker 12: 向下滑動: 393 像素，並等待 4.985938871941416 秒
2024-12-18 15:03:22 [INFO] Worker 9: 向下滑動: 203 像素，並等待 4.20932471398968 秒
2024-12-18 15:03:22 [INFO] Worker 13: 向下滑動: 215 像素，並等待 3.1966018616963616 秒
2024-12-18 15:03:23 [INFO] Worker 15: 向下滑動: 292 像素，並等待 3.514060519275357 秒
2024-12-18 15:03:23 [INFO] Worker 11: 向下滑動: 294 像素，並等待 4.025561131640437 秒
2024-12-18 15:03:24 [INFO] Worker 14: 向下滑動: 382 像素，並等待 4.143893677882851 秒
2024-12-18 15:03:25 [INFO] Worker 12: 向下滑動: 269 像素，並等待 3.6922032276747 秒
2024-12-18 15:03:25 [INFO] Worker 10: 向下滑動: 275 像素，並等待 4.733897004030258 秒
2024-12-18 15:03:26 [INFO] Worker 9: 向下滑動: 295 像素，並等待 4.1245554311206485 秒
2024-12-18 15:03:26 [INFO] Worker 15: 向下滑動: 259 像素，並等待 3.252498278405824 秒
2024-12-18 15:03:26 [INFO] Worker 11: 向下滑動: 332 像素，並等待 3.1106840044753534 秒
2024-12-18 15:03:27 [INFO] Worker 13: 向下滑動: 310 像素，並等待 4.838351664792151 秒
2024-12-18 15:03:28 [INFO] Worker 14: 向下滑動: 311 像素，並等待 4.083056608807705 秒
2024-12-18 15:03:29 [INFO] Worker 10: 向下滑動: 226 像素，並等待 4.1230000873009764 秒
2024-12-18 15:03:30 [INFO] Worker 12: 向下滑動: 349 像素，並等待 4.932155620310102 秒
2024-12-18 15:03:30 [INFO] Worker 9: 向下滑動: 323 像素，並等待 4.430841058132596 秒
2024-12-18 15:03:30 [INFO] Worker 15: 向下滑動: 365 像素，並等待 4.312754775049293 秒
2024-12-18 15:03:31 [INFO] Worker 13: 向下滑動: 400 像素，並等待 3.4159949335918105 秒
2024-12-18 15:03:31 [INFO] Worker 11: 向下滑動: 399 像素，並等待 4.674850106400276 秒
2024-12-18 15:03:31 [INFO] Worker 14: 向下滑動: 375 像素，並等待 3.388814748132847 秒
2024-12-18 15:03:33 [INFO] Worker 10: 向下滑動: 221 像素，並等待 3.3438044896361845 秒
2024-12-18 15:03:33 [INFO] Worker 12: 向下滑動: 291 像素，並等待 3.4760297088546745 秒
2024-12-18 15:03:33 [INFO] Worker 9: 向下滑動: 361 像素，並等待 3.0530399095755283 秒
2024-12-18 15:03:35 [INFO] Worker 15: 向下滑動: 327 像素，並等待 4.2903296073759 秒
2024-12-18 15:03:35 [INFO] Worker 13: 向下滑動: 264 像素，並等待 4.34157620089398 秒
2024-12-18 15:03:35 [INFO] Worker 11: 向下滑動: 222 像素，並等待 4.089437088316911 秒
2024-12-18 15:03:36 [INFO] Worker 14: 向下滑動: 204 像素，並等待 4.335377816765573 秒
2024-12-18 15:03:37 [INFO] Worker 12: 向下滑動: 359 像素，並等待 3.8448378558977367 秒
2024-12-18 15:03:37 [INFO] Worker 10: 向下滑動: 271 像素，並等待 4.470256815322667 秒
2024-12-18 15:03:37 [INFO] Worker 9: 向下滑動: 386 像素，並等待 3.7674229631133835 秒
2024-12-18 15:03:38 [INFO] Worker 15: 向下滑動: 242 像素，並等待 3.6315949963649277 秒
2024-12-18 15:03:38 [INFO] Worker 13: 向下滑動: 285 像素，並等待 3.4475535513241553 秒
2024-12-18 15:03:39 [INFO] Worker 14: 向下滑動: 320 像素，並等待 3.4718701279098947 秒
2024-12-18 15:03:39 [INFO] Worker 11: 向下滑動: 220 像素，並等待 4.029275165778204 秒
2024-12-18 15:03:40 [INFO] Worker 12: 向下滑動: 311 像素，並等待 3.4079490031712476 秒
2024-12-18 15:03:41 [INFO] Worker 9: 向下滑動: 203 像素，並等待 4.314026327220095 秒
2024-12-18 15:03:41 [INFO] Worker 10: 向下滑動: 254 像素，並等待 4.471870735381634 秒
2024-12-18 15:03:42 [INFO] Worker 15: 向下滑動: 344 像素，並等待 3.395834954410085 秒
2024-12-18 15:03:42 [INFO] Worker 13: 向下滑動: 317 像素，並等待 3.6932215290451116 秒
2024-12-18 15:03:44 [INFO] Worker 14: 向下滑動: 216 像素，並等待 4.800857514040061 秒
2024-12-18 15:03:44 [INFO] Worker 11: 向下滑動: 397 像素，並等待 4.774158497043415 秒
2024-12-18 15:03:45 [INFO] Worker 15: 向下滑動: 219 像素，並等待 3.1330221862417353 秒
2024-12-18 15:03:45 [INFO] Worker 12: 向下滑動: 241 像素，並等待 4.875003454005279 秒
2024-12-18 15:03:45 [INFO] Worker 9: 向下滑動: 266 像素，並等待 4.104161211177486 秒
2024-12-18 15:03:46 [INFO] Worker 10: 向下滑動: 306 像素，並等待 4.112839810677718 秒
2024-12-18 15:03:47 [INFO] Worker 13: 向下滑動: 232 像素，並等待 4.710334851375765 秒
2024-12-18 15:03:48 [INFO] Worker 14: 向下滑動: 315 像素，並等待 3.633782860853404 秒
2024-12-18 15:03:48 [INFO] Worker 15: 向下滑動: 200 像素，並等待 3.011409857563703 秒
2024-12-18 15:03:48 [INFO] Worker 11: 向下滑動: 291 像素，並等待 4.436502412951494 秒
2024-12-18 15:03:49 [INFO] Worker 10: 向下滑動: 213 像素，並等待 3.116245380706624 秒
2024-12-18 15:03:49 [INFO] Worker 12: 向下滑動: 257 像素，並等待 3.908386290226158 秒
2024-12-18 15:03:50 [INFO] Worker 9: 向下滑動: 222 像素，並等待 4.498668082846182 秒
2024-12-18 15:03:51 [INFO] Worker 14: 向下滑動: 389 像素，並等待 3.3525255869810993 秒
2024-12-18 15:03:51 [INFO] Worker 13: 向下滑動: 288 像素，並等待 4.274652036082141 秒
2024-12-18 15:03:51 [INFO] Worker 15: 向下滑動: 261 像素，並等待 3.263818734933964 秒
2024-12-18 15:03:53 [INFO] Worker 11: 向下滑動: 356 像素，並等待 4.500572762461501 秒
2024-12-18 15:03:53 [INFO] Worker 10: 向下滑動: 341 像素，並等待 4.294906129222676 秒
2024-12-18 15:03:53 [INFO] Worker 9: 向下滑動: 234 像素，並等待 3.445030169592686 秒
2024-12-18 15:03:54 [INFO] Worker 12: 向下滑動: 338 像素，並等待 4.9835197472654515 秒
2024-12-18 15:03:54 [INFO] Worker 15: 向下滑動: 237 像素，並等待 3.0226789515888846 秒
2024-12-18 15:03:55 [INFO] Worker 14: 向下滑動: 368 像素，並等待 3.712280147201348 秒
2024-12-18 15:03:55 [INFO] Worker 13: 向下滑動: 368 像素，並等待 3.585798028647333 秒
2024-12-18 15:03:57 [INFO] Worker 10: 向下滑動: 329 像素，並等待 3.620197513068775 秒
2024-12-18 15:03:57 [INFO] Worker 11: 向下滑動: 215 像素，並等待 4.204624873442559 秒
2024-12-18 15:03:57 [INFO] Worker 15: 向下滑動: 249 像素，並等待 3.247298560936031 秒
2024-12-18 15:03:58 [INFO] Worker 9: 向下滑動: 216 像素，並等待 4.427167844035846 秒
2024-12-18 15:03:58 [INFO] Worker 13: 向下滑動: 227 像素，並等待 3.2123875063561798 秒
2024-12-18 15:03:58 [INFO] Worker 12: 向下滑動: 300 像素，並等待 3.8944028323495994 秒
2024-12-18 15:03:59 [INFO] Worker 14: 向下滑動: 363 像素，並等待 4.175681463477333 秒
2024-12-18 15:04:01 [INFO] Worker 15: 向下滑動: 257 像素，並等待 3.154046062962585 秒
2024-12-18 15:04:01 [INFO] Worker 10: 向下滑動: 311 像素，並等待 4.714166303310977 秒
2024-12-18 15:04:02 [INFO] Worker 11: 向下滑動: 371 像素，並等待 4.360456608861421 秒
2024-12-18 15:04:02 [INFO] Worker 12: 向下滑動: 204 像素，並等待 4.136064580931083 秒
2024-12-18 15:04:02 [INFO] Worker 13: 向下滑動: 244 像素，並等待 4.4924876376201635 秒
2024-12-18 15:04:03 [INFO] Worker 14: 向下滑動: 228 像素，並等待 3.8896595617517464 秒
2024-12-18 15:04:03 [INFO] Worker 9: 向下滑動: 378 像素，並等待 4.954488671020691 秒
2024-12-18 15:04:05 [INFO] Worker 11: 向下滑動: 366 像素，並等待 3.2637382020067087 秒
2024-12-18 15:04:05 [INFO] Worker 15: 向下滑動: 268 像素，並等待 4.282767901444404 秒
2024-12-18 15:04:06 [INFO] Worker 12: 向下滑動: 303 像素，並等待 3.916845142431913 秒
2024-12-18 15:04:06 [INFO] Worker 10: 向下滑動: 207 像素，並等待 4.968876338395393 秒
2024-12-18 15:04:07 [INFO] Worker 13: 向下滑動: 203 像素，並等待 4.612747471186019 秒
2024-12-18 15:04:07 [INFO] Worker 9: 向下滑動: 379 像素，並等待 4.2410584394059665 秒
2024-12-18 15:04:07 [INFO] Worker 14: 向下滑動: 361 像素，並等待 4.54788184957433 秒
2024-12-18 15:04:09 [INFO] Worker 15: 向下滑動: 252 像素，並等待 4.442558066144259 秒
2024-12-18 15:04:10 [INFO] Worker 11: 向下滑動: 298 像素，並等待 4.72813403653493 秒
2024-12-18 15:04:10 [INFO] Worker 9: 向下滑動: 256 像素，並等待 3.399144626046633 秒
2024-12-18 15:04:11 [INFO] Worker 10: 向下滑動: 309 像素，並等待 4.20588954326756 秒
2024-12-18 15:04:11 [INFO] Worker 12: 向下滑動: 396 像素，並等待 4.504574318757251 秒
2024-12-18 15:04:11 [INFO] Worker 14: 向下滑動: 276 像素，並等待 3.7532105026154925 秒
2024-12-18 15:04:11 [INFO] Worker 13: 向下滑動: 239 像素，並等待 4.276952318465297 秒
2024-12-18 15:04:13 [INFO] Worker 15: 向下滑動: 382 像素，並等待 3.401802105829478 秒
2024-12-18 15:04:13 [INFO] Worker 11: 向下滑動: 220 像素，並等待 3.899467877773172 秒
2024-12-18 15:04:14 [INFO] Worker 9: 向下滑動: 334 像素，並等待 3.053544082347349 秒
2024-12-18 15:04:14 [INFO] Worker 12: 向下滑動: 219 像素，並等待 3.100983825690588 秒
2024-12-18 15:04:14 [INFO] Worker 14: 向下滑動: 319 像素，並等待 3.166939935989599 秒
2024-12-18 15:04:16 [INFO] Worker 10: 向下滑動: 347 像素，並等待 4.988810727463584 秒
2024-12-18 15:04:16 [INFO] Worker 13: 向下滑動: 299 像素，並等待 4.362646431689909 秒
2024-12-18 15:04:17 [INFO] Worker 15: 向下滑動: 332 像素，並等待 4.396133231599476 秒
2024-12-18 15:04:17 [INFO] Worker 11: 向下滑動: 398 像素，並等待 3.8165946320231257 秒
2024-12-18 15:04:18 [INFO] Worker 9: 向下滑動: 371 像素，並等待 4.50263531920703 秒
2024-12-18 15:04:19 [INFO] Worker 12: 向下滑動: 367 像素，並等待 4.948547647101728 秒
2024-12-18 15:04:19 [INFO] Worker 14: 向下滑動: 238 像素，並等待 4.70471781670705 秒
2024-12-18 15:04:20 [INFO] Worker 10: 向下滑動: 256 像素，並等待 4.510184738973387 秒
2024-12-18 15:04:20 [INFO] Worker 13: 向下滑動: 387 像素，並等待 4.425236036491712 秒
2024-12-18 15:04:21 [INFO] Worker 11: 向下滑動: 294 像素，並等待 3.6300382181415145 秒
2024-12-18 15:04:21 [INFO] Worker 9: 向下滑動: 274 像素，並等待 3.2081596903759824 秒
2024-12-18 15:04:22 [INFO] Worker 15: 向下滑動: 248 像素，並等待 4.65140817741488 秒
2024-12-18 15:04:22 [INFO] Worker 14: 向下滑動: 384 像素，並等待 3.066846163604854 秒
2024-12-18 15:04:22 [INFO] Worker 12: 向下滑動: 337 像素，並等待 3.598039456200479 秒
2024-12-18 15:04:23 [INFO] Worker 13: 向下滑動: 357 像素，並等待 3.226068749152936 秒
2024-12-18 15:04:24 [INFO] Worker 10: 向下滑動: 385 像素，並等待 3.912312478942316 秒
2024-12-18 15:04:24 [INFO] Worker 11: 向下滑動: 336 像素，並等待 3.4107273074326256 秒
2024-12-18 15:04:25 [INFO] Worker 9: 向下滑動: 345 像素，並等待 3.518430524511884 秒
2024-12-18 15:04:26 [INFO] Worker 14: 向下滑動: 205 像素，並等待 3.7204574044468286 秒
2024-12-18 15:04:26 [INFO] Worker 12: 向下滑動: 274 像素，並等待 3.639587994480344 秒
2024-12-18 15:04:26 [INFO] Worker 15: 向下滑動: 272 像素，並等待 4.2391088269589305 秒
2024-12-18 15:04:27 [INFO] Worker 9: 帳號 66991704166 的任務已結束
2024-12-18 15:04:28 [INFO] Worker 10: 向下滑動: 227 像素，並等待 3.8146031890290804 秒
2024-12-18 15:04:28 [INFO] Worker 13: 向下滑動: 366 像素，並等待 4.994865072132065 秒
2024-12-18 15:04:28 [INFO] Worker 11: 向下滑動: 298 像素，並等待 4.027715379984451 秒
2024-12-18 15:04:29 [INFO] Worker 15: 向下滑動: 333 像素，並等待 3.13681433652574 秒
2024-12-18 15:04:29 [INFO] Worker 12: 向下滑動: 384 像素，並等待 3.485131933543955 秒
2024-12-18 15:04:30 [INFO] Worker 14: 向下滑動: 348 像素，並等待 4.706807153212676 秒
2024-12-18 15:04:32 [INFO] Worker 10: 向下滑動: 202 像素，並等待 3.836636668073093 秒
2024-12-18 15:04:32 [INFO] Worker 13: 向下滑動: 222 像素，並等待 3.865472010050758 秒
2024-12-18 15:04:32 [INFO] Worker 11: 向下滑動: 220 像素，並等待 4.018379462243352 秒
2024-12-18 15:04:33 [INFO] Worker 15: 向下滑動: 357 像素，並等待 3.9126496911196385 秒
2024-12-18 15:04:34 [INFO] Worker 12: 向下滑動: 387 像素，並等待 4.264850570669433 秒
2024-12-18 15:04:35 [INFO] Worker 14: 向下滑動: 376 像素，並等待 4.4831308323596595 秒
2024-12-18 15:04:35 [INFO] Worker 10: 向下滑動: 298 像素，並等待 3.7309237742945616 秒
2024-12-18 15:04:36 [INFO] Worker 11: 向下滑動: 258 像素，並等待 3.482541165118628 秒
2024-12-18 15:04:36 [INFO] Worker 13: 向下滑動: 387 像素，並等待 4.152528460473903 秒
2024-12-18 15:04:37 [INFO] Worker 12: 向下滑動: 239 像素，並等待 3.7419484047718674 秒
2024-12-18 15:04:38 [INFO] Worker 15: 向下滑動: 322 像素，並等待 4.925747136840395 秒
2024-12-18 15:04:38 [INFO] Worker 14: 向下滑動: 213 像素，並等待 3.4284940933681893 秒
2024-12-18 15:04:39 [INFO] Worker 13: 帳號 66804035563 的任務已結束
2024-12-18 15:04:39 [INFO] Worker 10: 向下滑動: 206 像素，並等待 3.609159907964218 秒
2024-12-18 15:04:39 [INFO] Worker 11: 向下滑動: 362 像素，並等待 3.360893716608428 秒
2024-12-18 15:04:41 [INFO] Worker 12: 向下滑動: 325 像素，並等待 3.3192785550217003 秒
2024-12-18 15:04:42 [INFO] Worker 11: 帳號 66643407753 的任務已結束
2024-12-18 15:04:43 [INFO] Worker 14: 向下滑動: 350 像素，並等待 4.285862344999132 秒
2024-12-18 15:04:43 [INFO] Worker 15: 向下滑動: 345 像素，並等待 4.642538412742438 秒
2024-12-18 15:04:43 [INFO] Worker 10: 向下滑動: 389 像素，並等待 4.082710212769839 秒
2024-12-18 15:04:44 [INFO] Worker 12: 向下滑動: 250 像素，並等待 3.1375719875817554 秒
2024-12-18 15:04:46 [INFO] Worker 15: 向下滑動: 324 像素，並等待 3.37825648312304 秒
2024-12-18 15:04:46 [INFO] Worker 12: 帳號 66954958462 的任務已結束
2024-12-18 15:04:47 [INFO] Worker 14: 向下滑動: 235 像素，並等待 4.4399031371538396 秒
2024-12-18 15:04:48 [INFO] Worker 10: 向下滑動: 303 像素，並等待 4.712744305278389 秒
2024-12-18 15:04:50 [INFO] Worker 10: 帳號 66646155782 的任務已結束
2024-12-18 15:04:51 [INFO] Worker 15: 向下滑動: 343 像素，並等待 4.541527053304959 秒
2024-12-18 15:04:52 [INFO] Worker 14: 向下滑動: 397 像素，並等待 4.417385057128637 秒
2024-12-18 15:04:53 [ERROR] Exception in thread
2024-12-18 15:04:53 [ERROR] TaskMonitor-navigate
2024-12-18 15:04:53 [ERROR] :
2024-12-18 15:04:53 [ERROR] Traceback (most recent call last):
2024-12-18 15:04:53 [ERROR] File "C:\Python312\Lib\site-packages\urllib3\connection.py", line 199, in _new_conn
2024-12-18 15:04:53 [ERROR] sock = connection.create_connection(
2024-12-18 15:04:53 [ERROR] ^
2024-12-18 15:04:53 [ERROR] ^
2024-12-18 15:04:53 [ERROR] ^
2024-12-18 15:04:53 [ERROR] ^
2024-12-18 15:04:53 [ERROR] ^
2024-12-18 15:04:53 [ERROR] ^
2024-12-18 15:04:53 [ERROR] ^
2024-12-18 15:04:53 [ERROR] ^
2024-12-18 15:04:53 [ERROR] ^
2024-12-18 15:04:53 [ERROR] ^
2024-12-18 15:04:53 [ERROR] ^
2024-12-18 15:04:53 [ERROR] ^
2024-12-18 15:04:53 [ERROR] ^
2024-12-18 15:04:53 [ERROR] ^
2024-12-18 15:04:53 [ERROR] ^
2024-12-18 15:04:53 [ERROR] ^
2024-12-18 15:04:53 [ERROR] ^
2024-12-18 15:04:53 [ERROR] ^
2024-12-18 15:04:53 [ERROR] ^
2024-12-18 15:04:53 [ERROR] ^
2024-12-18 15:04:53 [ERROR] ^
2024-12-18 15:04:53 [ERROR] ^
2024-12-18 15:04:53 [ERROR] ^
2024-12-18 15:04:53 [ERROR] ^
2024-12-18 15:04:53 [ERROR] ^
2024-12-18 15:04:53 [ERROR] ^
2024-12-18 15:04:53 [ERROR] ^
2024-12-18 15:04:53 [ERROR] ^
2024-12-18 15:04:53 [ERROR] ^
2024-12-18 15:04:53 [ERROR] File "C:\Python312\Lib\site-packages\urllib3\util\connection.py", line 85, in create_connection
2024-12-18 15:04:53 [ERROR] raise err
2024-12-18 15:04:53 [ERROR] File "C:\Python312\Lib\site-packages\urllib3\util\connection.py", line 73, in create_connection
2024-12-18 15:04:53 [ERROR] sock.connect(sa)
2024-12-18 15:04:53 [ERROR] ConnectionRefusedError
2024-12-18 15:04:53 [ERROR] :
2024-12-18 15:04:53 [ERROR] [WinError 10061] 無法連線，因為目標電腦拒絕連線。
2024-12-18 15:04:53 [ERROR] The above exception was the direct cause of the following exception:
2024-12-18 15:04:53 [ERROR] Traceback (most recent call last):
2024-12-18 15:04:53 [ERROR] File "C:\Python312\Lib\site-packages\urllib3\connectionpool.py", line 789, in urlopen
2024-12-18 15:04:54 [ERROR] response = self._make_request(
2024-12-18 15:04:54 [ERROR] ^
2024-12-18 15:04:54 [ERROR] ^
2024-12-18 15:04:54 [ERROR] ^
2024-12-18 15:04:54 [ERROR] ^
2024-12-18 15:04:54 [ERROR] ^
2024-12-18 15:04:54 [ERROR] ^
2024-12-18 15:04:54 [ERROR] ^
2024-12-18 15:04:54 [ERROR] ^
2024-12-18 15:04:54 [ERROR] ^
2024-12-18 15:04:54 [ERROR] ^
2024-12-18 15:04:54 [ERROR] ^
2024-12-18 15:04:54 [ERROR] ^
2024-12-18 15:04:54 [ERROR] ^
2024-12-18 15:04:54 [ERROR] ^
2024-12-18 15:04:54 [ERROR] ^
2024-12-18 15:04:54 [ERROR] ^
2024-12-18 15:04:54 [ERROR] ^
2024-12-18 15:04:54 [ERROR] ^
2024-12-18 15:04:54 [ERROR] ^
2024-12-18 15:04:54 [ERROR] File "C:\Python312\Lib\site-packages\urllib3\connectionpool.py", line 495, in _make_request
2024-12-18 15:04:54 [ERROR] conn.request(
2024-12-18 15:04:54 [ERROR] File "C:\Python312\Lib\site-packages\urllib3\connection.py", line 441, in request
2024-12-18 15:04:54 [ERROR] self.endheaders()
2024-12-18 15:04:54 [ERROR] File "C:\Python312\Lib\http\client.py", line 1331, in endheaders
2024-12-18 15:04:54 [ERROR] self._send_output(message_body, encode_chunked=encode_chunked)
2024-12-18 15:04:54 [ERROR] File "C:\Python312\Lib\http\client.py", line 1091, in _send_output
2024-12-18 15:04:54 [ERROR] self.send(msg)
2024-12-18 15:04:54 [ERROR] File "C:\Python312\Lib\http\client.py", line 1035, in send
2024-12-18 15:04:54 [ERROR] self.connect()
2024-12-18 15:04:54 [ERROR] File "C:\Python312\Lib\site-packages\urllib3\connection.py", line 279, in connect
2024-12-18 15:04:54 [ERROR] self.sock = self._new_conn()
2024-12-18 15:04:54 [ERROR] ^
2024-12-18 15:04:54 [ERROR] ^
2024-12-18 15:04:54 [ERROR] ^
2024-12-18 15:04:54 [ERROR] ^
2024-12-18 15:04:54 [ERROR] ^
2024-12-18 15:04:54 [ERROR] ^
2024-12-18 15:04:54 [ERROR] ^
2024-12-18 15:04:54 [ERROR] ^
2024-12-18 15:04:54 [ERROR] ^
2024-12-18 15:04:54 [ERROR] ^
2024-12-18 15:04:54 [ERROR] ^
2024-12-18 15:04:54 [ERROR] ^
2024-12-18 15:04:54 [ERROR] ^
2024-12-18 15:04:54 [ERROR] ^
2024-12-18 15:04:54 [ERROR] ^
2024-12-18 15:04:54 [ERROR] ^
2024-12-18 15:04:54 [ERROR] File "C:\Python312\Lib\site-packages\urllib3\connection.py", line 214, in _new_conn
2024-12-18 15:04:54 [ERROR] raise NewConnectionError(
2024-12-18 15:04:54 [ERROR] urllib3.exceptions
2024-12-18 15:04:54 [ERROR] .
2024-12-18 15:04:54 [ERROR] NewConnectionError
2024-12-18 15:04:54 [ERROR] :
2024-12-18 15:04:54 [ERROR] <urllib3.connection.HTTPConnection object at 0x0000015B00523080>: Failed to establish a new connection: [WinError 10061] 無法連線，因為目標電腦拒絕連線。
2024-12-18 15:04:54 [ERROR] The above exception was the direct cause of the following exception:
2024-12-18 15:04:54 [ERROR] Traceback (most recent call last):
2024-12-18 15:04:54 [ERROR] File "C:\Python312\Lib\threading.py", line 1073, in _bootstrap_inner
2024-12-18 15:04:54 [ERROR] self.run()
2024-12-18 15:04:54 [ERROR] File "C:\Python312\Lib\threading.py", line 1010, in run
2024-12-18 15:04:54 [ERROR] self._target(*self._args, **self._kwargs)
2024-12-18 15:04:54 [ERROR] File "c:\Users\user\Desktop\SuChenAI\Factbook-RPA-clickurl\modules\task_monitor.py", line 29, in run
2024-12-18 15:04:54 [ERROR] self.check_for_unexpected_behavior(task_id, status)  # 檢查是否有非預期行為
2024-12-18 15:04:54 [ERROR] ^
2024-12-18 15:04:54 [ERROR] ^
2024-12-18 15:04:54 [ERROR] ^
2024-12-18 15:04:54 [ERROR] ^
2024-12-18 15:04:54 [ERROR] ^
2024-12-18 15:04:54 [ERROR] ^
2024-12-18 15:04:54 [ERROR] ^
2024-12-18 15:04:54 [ERROR] ^
2024-12-18 15:04:54 [ERROR] ^
2024-12-18 15:04:54 [ERROR] ^
2024-12-18 15:04:54 [ERROR] ^
2024-12-18 15:04:54 [ERROR] ^
2024-12-18 15:04:54 [ERROR] ^
2024-12-18 15:04:54 [ERROR] ^
2024-12-18 15:04:54 [ERROR] ^
2024-12-18 15:04:54 [ERROR] ^
2024-12-18 15:04:54 [ERROR] ^
2024-12-18 15:04:54 [ERROR] ^
2024-12-18 15:04:54 [ERROR] ^
2024-12-18 15:04:54 [ERROR] ^
2024-12-18 15:04:54 [ERROR] ^
2024-12-18 15:04:54 [ERROR] ^
2024-12-18 15:04:54 [ERROR] ^
2024-12-18 15:04:54 [ERROR] ^
2024-12-18 15:04:54 [ERROR] ^
2024-12-18 15:04:54 [ERROR] ^
2024-12-18 15:04:54 [ERROR] ^
2024-12-18 15:04:54 [ERROR] ^
2024-12-18 15:04:54 [ERROR] ^
2024-12-18 15:04:54 [ERROR] ^
2024-12-18 15:04:54 [ERROR] ^
2024-12-18 15:04:54 [ERROR] ^
2024-12-18 15:04:54 [ERROR] ^
2024-12-18 15:04:54 [ERROR] ^
2024-12-18 15:04:54 [ERROR] ^
2024-12-18 15:04:54 [ERROR] ^
2024-12-18 15:04:54 [ERROR] ^
2024-12-18 15:04:54 [ERROR] ^
2024-12-18 15:04:54 [ERROR] ^
2024-12-18 15:04:54 [ERROR] ^
2024-12-18 15:04:54 [ERROR] ^
2024-12-18 15:04:54 [ERROR] ^
2024-12-18 15:04:54 [ERROR] ^
2024-12-18 15:04:54 [ERROR] ^
2024-12-18 15:04:54 [ERROR] ^
2024-12-18 15:04:54 [ERROR] ^
2024-12-18 15:04:54 [ERROR] ^
2024-12-18 15:04:54 [ERROR] ^
2024-12-18 15:04:54 [ERROR] ^
2024-12-18 15:04:54 [ERROR] ^
2024-12-18 15:04:54 [ERROR] ^
2024-12-18 15:04:54 [ERROR] File "c:\Users\user\Desktop\SuChenAI\Factbook-RPA-clickurl\modules\task_monitor.py", line 80, in check_for_unexpected_behavior
2024-12-18 15:04:54 [ERROR] WebDriverWait(driver, 0.01).until(
2024-12-18 15:04:54 [ERROR] File "C:\Python312\Lib\site-packages\selenium\webdriver\support\wait.py", line 96, in until
2024-12-18 15:04:54 [ERROR] value = method(self._driver)
2024-12-18 15:04:54 [ERROR] ^
2024-12-18 15:04:54 [ERROR] ^
2024-12-18 15:04:54 [ERROR] ^
2024-12-18 15:04:54 [ERROR] ^
2024-12-18 15:04:54 [ERROR] ^
2024-12-18 15:04:54 [ERROR] ^
2024-12-18 15:04:54 [ERROR] ^
2024-12-18 15:04:54 [ERROR] ^
2024-12-18 15:04:54 [ERROR] ^
2024-12-18 15:04:54 [ERROR] ^
2024-12-18 15:04:54 [ERROR] ^
2024-12-18 15:04:54 [ERROR] ^
2024-12-18 15:04:54 [ERROR] ^
2024-12-18 15:04:54 [ERROR] ^
2024-12-18 15:04:54 [ERROR] ^
2024-12-18 15:04:54 [ERROR] ^
2024-12-18 15:04:54 [ERROR] ^
2024-12-18 15:04:54 [ERROR] ^
2024-12-18 15:04:54 [ERROR] ^
2024-12-18 15:04:54 [ERROR] ^
2024-12-18 15:04:54 [ERROR] File "C:\Python312\Lib\site-packages\selenium\webdriver\support\expected_conditions.py", line 84, in _predicate
2024-12-18 15:04:54 [ERROR] return driver.find_element(*locator)
2024-12-18 15:04:54 [ERROR] ^
2024-12-18 15:04:54 [ERROR] ^
2024-12-18 15:04:54 [ERROR] ^
2024-12-18 15:04:54 [ERROR] ^
2024-12-18 15:04:54 [ERROR] ^
2024-12-18 15:04:54 [ERROR] ^
2024-12-18 15:04:54 [ERROR] ^
2024-12-18 15:04:54 [ERROR] ^
2024-12-18 15:04:54 [ERROR] ^
2024-12-18 15:04:54 [ERROR] ^
2024-12-18 15:04:54 [ERROR] ^
2024-12-18 15:04:54 [ERROR] ^
2024-12-18 15:04:54 [ERROR] ^
2024-12-18 15:04:54 [ERROR] ^
2024-12-18 15:04:54 [ERROR] ^
2024-12-18 15:04:54 [ERROR] ^
2024-12-18 15:04:54 [ERROR] ^
2024-12-18 15:04:54 [ERROR] ^
2024-12-18 15:04:54 [ERROR] ^
2024-12-18 15:04:54 [ERROR] ^
2024-12-18 15:04:54 [ERROR] ^
2024-12-18 15:04:54 [ERROR] ^
2024-12-18 15:04:54 [ERROR] ^
2024-12-18 15:04:54 [ERROR] ^
2024-12-18 15:04:54 [ERROR] ^
2024-12-18 15:04:54 [ERROR] ^
2024-12-18 15:04:54 [ERROR] ^
2024-12-18 15:04:54 [ERROR] ^
2024-12-18 15:04:54 [ERROR] ^
2024-12-18 15:04:54 [ERROR] File "C:\Python312\Lib\site-packages\selenium\webdriver\remote\webdriver.py", line 770, in find_element
2024-12-18 15:04:54 [ERROR] return self.execute(Command.FIND_ELEMENT, {"using": by, "value": value})["value"]
2024-12-18 15:04:54 [ERROR] ^
2024-12-18 15:04:54 [ERROR] ^
2024-12-18 15:04:54 [ERROR] ^
2024-12-18 15:04:54 [ERROR] ^
2024-12-18 15:04:54 [ERROR] ^
2024-12-18 15:04:54 [ERROR] ^
2024-12-18 15:04:54 [ERROR] ^
2024-12-18 15:04:54 [ERROR] ^
2024-12-18 15:04:54 [ERROR] ^
2024-12-18 15:04:54 [ERROR] ^
2024-12-18 15:04:54 [ERROR] ^
2024-12-18 15:04:54 [ERROR] ^
2024-12-18 15:04:54 [ERROR] ^
2024-12-18 15:04:54 [ERROR] ^
2024-12-18 15:04:54 [ERROR] ^
2024-12-18 15:04:54 [ERROR] ^
2024-12-18 15:04:54 [ERROR] ^
2024-12-18 15:04:54 [ERROR] ^
2024-12-18 15:04:54 [ERROR] ^
2024-12-18 15:04:54 [ERROR] ^
2024-12-18 15:04:54 [ERROR] ^
2024-12-18 15:04:54 [ERROR] ^
2024-12-18 15:04:54 [ERROR] ^
2024-12-18 15:04:54 [ERROR] ^
2024-12-18 15:04:54 [ERROR] ^
2024-12-18 15:04:54 [ERROR] ^
2024-12-18 15:04:54 [ERROR] ^
2024-12-18 15:04:54 [ERROR] ^
2024-12-18 15:04:54 [ERROR] ^
2024-12-18 15:04:54 [ERROR] ^
2024-12-18 15:04:54 [ERROR] ^
2024-12-18 15:04:54 [ERROR] ^
2024-12-18 15:04:54 [ERROR] ^
2024-12-18 15:04:54 [ERROR] ^
2024-12-18 15:04:54 [ERROR] ^
2024-12-18 15:04:54 [ERROR] ^
2024-12-18 15:04:54 [ERROR] ^
2024-12-18 15:04:54 [ERROR] ^
2024-12-18 15:04:54 [ERROR] ^
2024-12-18 15:04:54 [ERROR] ^
2024-12-18 15:04:54 [ERROR] ^
2024-12-18 15:04:54 [ERROR] ^
2024-12-18 15:04:54 [ERROR] ^
2024-12-18 15:04:54 [ERROR] ^
2024-12-18 15:04:54 [ERROR] ^
2024-12-18 15:04:54 [ERROR] ^
2024-12-18 15:04:54 [ERROR] ^
2024-12-18 15:04:54 [ERROR] ^
2024-12-18 15:04:54 [ERROR] ^
2024-12-18 15:04:54 [ERROR] ^
2024-12-18 15:04:54 [ERROR] ^
2024-12-18 15:04:54 [ERROR] ^
2024-12-18 15:04:54 [ERROR] ^
2024-12-18 15:04:54 [ERROR] ^
2024-12-18 15:04:54 [ERROR] ^
2024-12-18 15:04:54 [ERROR] ^
2024-12-18 15:04:54 [ERROR] ^
2024-12-18 15:04:54 [ERROR] ^
2024-12-18 15:04:54 [ERROR] ^
2024-12-18 15:04:54 [ERROR] ^
2024-12-18 15:04:54 [ERROR] ^
2024-12-18 15:04:54 [ERROR] ^
2024-12-18 15:04:54 [ERROR] ^
2024-12-18 15:04:54 [ERROR] ^
2024-12-18 15:04:54 [ERROR] ^
2024-12-18 15:04:54 [ERROR] File "C:\Python312\Lib\site-packages\selenium\webdriver\remote\webdriver.py", line 382, in execute
2024-12-18 15:04:54 [ERROR] response = self.command_executor.execute(driver_command, params)
2024-12-18 15:04:54 [ERROR] ^
2024-12-18 15:04:54 [ERROR] ^
2024-12-18 15:04:54 [ERROR] ^
2024-12-18 15:04:54 [ERROR] ^
2024-12-18 15:04:54 [ERROR] ^
2024-12-18 15:04:54 [ERROR] ^
2024-12-18 15:04:54 [ERROR] ^
2024-12-18 15:04:54 [ERROR] ^
2024-12-18 15:04:54 [ERROR] ^
2024-12-18 15:04:54 [ERROR] ^
2024-12-18 15:04:54 [ERROR] ^
2024-12-18 15:04:54 [ERROR] ^
2024-12-18 15:04:54 [ERROR] ^
2024-12-18 15:04:54 [ERROR] ^
2024-12-18 15:04:54 [ERROR] ^
2024-12-18 15:04:54 [ERROR] ^
2024-12-18 15:04:54 [ERROR] ^
2024-12-18 15:04:54 [ERROR] ^
2024-12-18 15:04:54 [ERROR] ^
2024-12-18 15:04:54 [ERROR] ^
2024-12-18 15:04:54 [ERROR] ^
2024-12-18 15:04:54 [ERROR] ^
2024-12-18 15:04:54 [ERROR] ^
2024-12-18 15:04:54 [ERROR] ^
2024-12-18 15:04:54 [ERROR] ^
2024-12-18 15:04:54 [ERROR] ^
2024-12-18 15:04:54 [ERROR] ^
2024-12-18 15:04:54 [ERROR] ^
2024-12-18 15:04:54 [ERROR] ^
2024-12-18 15:04:54 [ERROR] ^
2024-12-18 15:04:54 [ERROR] ^
2024-12-18 15:04:54 [ERROR] ^
2024-12-18 15:04:54 [ERROR] ^
2024-12-18 15:04:54 [ERROR] ^
2024-12-18 15:04:54 [ERROR] ^
2024-12-18 15:04:54 [ERROR] ^
2024-12-18 15:04:54 [ERROR] ^
2024-12-18 15:04:54 [ERROR] ^
2024-12-18 15:04:54 [ERROR] ^
2024-12-18 15:04:54 [ERROR] ^
2024-12-18 15:04:54 [ERROR] ^
2024-12-18 15:04:54 [ERROR] ^
2024-12-18 15:04:54 [ERROR] ^
2024-12-18 15:04:54 [ERROR] ^
2024-12-18 15:04:54 [ERROR] ^
2024-12-18 15:04:54 [ERROR] ^
2024-12-18 15:04:54 [ERROR] ^
2024-12-18 15:04:54 [ERROR] ^
2024-12-18 15:04:54 [ERROR] ^
2024-12-18 15:04:54 [ERROR] ^
2024-12-18 15:04:54 [ERROR] ^
2024-12-18 15:04:54 [ERROR] ^
2024-12-18 15:04:54 [ERROR] ^
2024-12-18 15:04:54 [ERROR] File "C:\Python312\Lib\site-packages\selenium\webdriver\remote\remote_connection.py", line 404, in execute
2024-12-18 15:04:54 [ERROR] return self._request(command_info[0], url, body=data)
2024-12-18 15:04:54 [ERROR] ^
2024-12-18 15:04:54 [ERROR] ^
2024-12-18 15:04:54 [ERROR] ^
2024-12-18 15:04:54 [ERROR] ^
2024-12-18 15:04:54 [ERROR] ^
2024-12-18 15:04:54 [ERROR] ^
2024-12-18 15:04:54 [ERROR] ^
2024-12-18 15:04:54 [ERROR] ^
2024-12-18 15:04:54 [ERROR] ^
2024-12-18 15:04:54 [ERROR] ^
2024-12-18 15:04:54 [ERROR] ^
2024-12-18 15:04:54 [ERROR] ^
2024-12-18 15:04:54 [ERROR] ^
2024-12-18 15:04:54 [ERROR] ^
2024-12-18 15:04:54 [ERROR] ^
2024-12-18 15:04:54 [ERROR] ^
2024-12-18 15:04:54 [ERROR] ^
2024-12-18 15:04:54 [ERROR] ^
2024-12-18 15:04:54 [ERROR] ^
2024-12-18 15:04:54 [ERROR] ^
2024-12-18 15:04:54 [ERROR] ^
2024-12-18 15:04:54 [ERROR] ^
2024-12-18 15:04:54 [ERROR] ^
2024-12-18 15:04:54 [ERROR] ^
2024-12-18 15:04:54 [ERROR] ^
2024-12-18 15:04:54 [ERROR] ^
2024-12-18 15:04:54 [ERROR] ^
2024-12-18 15:04:54 [ERROR] ^
2024-12-18 15:04:54 [ERROR] ^
2024-12-18 15:04:54 [ERROR] ^
2024-12-18 15:04:54 [ERROR] ^
2024-12-18 15:04:54 [ERROR] ^
2024-12-18 15:04:54 [ERROR] ^
2024-12-18 15:04:54 [ERROR] ^
2024-12-18 15:04:54 [ERROR] ^
2024-12-18 15:04:54 [ERROR] ^
2024-12-18 15:04:54 [ERROR] ^
2024-12-18 15:04:54 [ERROR] ^
2024-12-18 15:04:54 [ERROR] ^
2024-12-18 15:04:54 [ERROR] ^
2024-12-18 15:04:54 [ERROR] ^
2024-12-18 15:04:54 [ERROR] ^
2024-12-18 15:04:54 [ERROR] ^
2024-12-18 15:04:54 [ERROR] ^
2024-12-18 15:04:54 [ERROR] ^
2024-12-18 15:04:54 [ERROR] ^
2024-12-18 15:04:54 [ERROR] File "C:\Python312\Lib\site-packages\selenium\webdriver\remote\remote_connection.py", line 428, in _request
2024-12-18 15:04:54 [ERROR] response = self._conn.request(method, url, body=body, headers=headers, timeout=self._client_config.timeout)
2024-12-18 15:04:54 [ERROR] ^
2024-12-18 15:04:54 [ERROR] ^
2024-12-18 15:04:54 [ERROR] ^
2024-12-18 15:04:54 [ERROR] ^
2024-12-18 15:04:54 [ERROR] ^
2024-12-18 15:04:54 [ERROR] ^
2024-12-18 15:04:54 [ERROR] ^
2024-12-18 15:04:54 [ERROR] ^
2024-12-18 15:04:54 [ERROR] ^
2024-12-18 15:04:54 [ERROR] ^
2024-12-18 15:04:54 [ERROR] ^
2024-12-18 15:04:54 [ERROR] ^
2024-12-18 15:04:54 [ERROR] ^
2024-12-18 15:04:54 [ERROR] ^
2024-12-18 15:04:54 [ERROR] ^
2024-12-18 15:04:54 [ERROR] ^
2024-12-18 15:04:54 [ERROR] ^
2024-12-18 15:04:54 [ERROR] ^
2024-12-18 15:04:54 [ERROR] ^
2024-12-18 15:04:54 [ERROR] ^
2024-12-18 15:04:54 [ERROR] ^
2024-12-18 15:04:54 [ERROR] ^
2024-12-18 15:04:54 [ERROR] ^
2024-12-18 15:04:54 [ERROR] ^
2024-12-18 15:04:54 [ERROR] ^
2024-12-18 15:04:54 [ERROR] ^
2024-12-18 15:04:54 [ERROR] ^
2024-12-18 15:04:54 [ERROR] ^
2024-12-18 15:04:54 [ERROR] ^
2024-12-18 15:04:54 [ERROR] ^
2024-12-18 15:04:54 [ERROR] ^
2024-12-18 15:04:54 [ERROR] ^
2024-12-18 15:04:54 [ERROR] ^
2024-12-18 15:04:54 [ERROR] ^
2024-12-18 15:04:54 [ERROR] ^
2024-12-18 15:04:54 [ERROR] ^
2024-12-18 15:04:54 [ERROR] ^
2024-12-18 15:04:54 [ERROR] ^
2024-12-18 15:04:54 [ERROR] ^
2024-12-18 15:04:54 [ERROR] ^
2024-12-18 15:04:54 [ERROR] ^
2024-12-18 15:04:54 [ERROR] ^
2024-12-18 15:04:54 [ERROR] ^
2024-12-18 15:04:54 [ERROR] ^
2024-12-18 15:04:54 [ERROR] ^
2024-12-18 15:04:54 [ERROR] ^
2024-12-18 15:04:54 [ERROR] ^
2024-12-18 15:04:54 [ERROR] ^
2024-12-18 15:04:54 [ERROR] ^
2024-12-18 15:04:54 [ERROR] ^
2024-12-18 15:04:54 [ERROR] ^
2024-12-18 15:04:54 [ERROR] ^
2024-12-18 15:04:54 [ERROR] ^
2024-12-18 15:04:54 [ERROR] ^
2024-12-18 15:04:54 [ERROR] ^
2024-12-18 15:04:54 [ERROR] ^
2024-12-18 15:04:54 [ERROR] ^
2024-12-18 15:04:54 [ERROR] ^
2024-12-18 15:04:54 [ERROR] ^
2024-12-18 15:04:54 [ERROR] ^
2024-12-18 15:04:54 [ERROR] ^
2024-12-18 15:04:54 [ERROR] ^
2024-12-18 15:04:54 [ERROR] ^
2024-12-18 15:04:54 [ERROR] ^
2024-12-18 15:04:54 [ERROR] ^
2024-12-18 15:04:54 [ERROR] ^
2024-12-18 15:04:54 [ERROR] ^
2024-12-18 15:04:54 [ERROR] ^
2024-12-18 15:04:54 [ERROR] ^
2024-12-18 15:04:54 [ERROR] ^
2024-12-18 15:04:54 [ERROR] ^
2024-12-18 15:04:54 [ERROR] ^
2024-12-18 15:04:54 [ERROR] ^
2024-12-18 15:04:54 [ERROR] ^
2024-12-18 15:04:54 [ERROR] ^
2024-12-18 15:04:54 [ERROR] ^
2024-12-18 15:04:54 [ERROR] ^
2024-12-18 15:04:54 [ERROR] ^
2024-12-18 15:04:54 [ERROR] ^
2024-12-18 15:04:54 [ERROR] ^
2024-12-18 15:04:54 [ERROR] ^
2024-12-18 15:04:54 [ERROR] ^
2024-12-18 15:04:54 [ERROR] ^
2024-12-18 15:04:54 [ERROR] ^
2024-12-18 15:04:54 [ERROR] ^
2024-12-18 15:04:54 [ERROR] ^
2024-12-18 15:04:54 [ERROR] ^
2024-12-18 15:04:54 [ERROR] ^
2024-12-18 15:04:54 [ERROR] ^
2024-12-18 15:04:54 [ERROR] ^
2024-12-18 15:04:54 [ERROR] ^
2024-12-18 15:04:54 [ERROR] ^
2024-12-18 15:04:54 [ERROR] ^
2024-12-18 15:04:54 [ERROR] ^
2024-12-18 15:04:54 [ERROR] ^
2024-12-18 15:04:54 [ERROR] ^
2024-12-18 15:04:54 [ERROR] File "C:\Python312\Lib\site-packages\urllib3\_request_methods.py", line 143, in request
2024-12-18 15:04:54 [ERROR] return self.request_encode_body(
2024-12-18 15:04:54 [ERROR] ^
2024-12-18 15:04:54 [ERROR] ^
2024-12-18 15:04:54 [ERROR] ^
2024-12-18 15:04:54 [ERROR] ^
2024-12-18 15:04:54 [ERROR] ^
2024-12-18 15:04:54 [ERROR] ^
2024-12-18 15:04:54 [ERROR] ^
2024-12-18 15:04:54 [ERROR] ^
2024-12-18 15:04:54 [ERROR] ^
2024-12-18 15:04:54 [ERROR] ^
2024-12-18 15:04:54 [ERROR] ^
2024-12-18 15:04:54 [ERROR] ^
2024-12-18 15:04:54 [ERROR] ^
2024-12-18 15:04:54 [ERROR] ^
2024-12-18 15:04:54 [ERROR] ^
2024-12-18 15:04:54 [ERROR] ^
2024-12-18 15:04:54 [ERROR] ^
2024-12-18 15:04:54 [ERROR] ^
2024-12-18 15:04:54 [ERROR] ^
2024-12-18 15:04:54 [ERROR] ^
2024-12-18 15:04:54 [ERROR] ^
2024-12-18 15:04:54 [ERROR] ^
2024-12-18 15:04:54 [ERROR] ^
2024-12-18 15:04:54 [ERROR] ^
2024-12-18 15:04:54 [ERROR] ^
2024-12-18 15:04:54 [ERROR] File "C:\Python312\Lib\site-packages\urllib3\_request_methods.py", line 278, in request_encode_body
2024-12-18 15:04:54 [ERROR] return self.urlopen(method, url, **extra_kw)
2024-12-18 15:04:54 [ERROR] ^
2024-12-18 15:04:54 [ERROR] ^
2024-12-18 15:04:54 [ERROR] ^
2024-12-18 15:04:54 [ERROR] ^
2024-12-18 15:04:54 [ERROR] ^
2024-12-18 15:04:54 [ERROR] ^
2024-12-18 15:04:54 [ERROR] ^
2024-12-18 15:04:54 [ERROR] ^
2024-12-18 15:04:54 [ERROR] ^
2024-12-18 15:04:54 [ERROR] ^
2024-12-18 15:04:54 [ERROR] ^
2024-12-18 15:04:54 [ERROR] ^
2024-12-18 15:04:54 [ERROR] ^
2024-12-18 15:04:54 [ERROR] ^
2024-12-18 15:04:54 [ERROR] ^
2024-12-18 15:04:54 [ERROR] ^
2024-12-18 15:04:54 [ERROR] ^
2024-12-18 15:04:54 [ERROR] ^
2024-12-18 15:04:54 [ERROR] ^
2024-12-18 15:04:54 [ERROR] ^
2024-12-18 15:04:54 [ERROR] ^
2024-12-18 15:04:54 [ERROR] ^
2024-12-18 15:04:54 [ERROR] ^
2024-12-18 15:04:54 [ERROR] ^
2024-12-18 15:04:54 [ERROR] ^
2024-12-18 15:04:54 [ERROR] ^
2024-12-18 15:04:54 [ERROR] ^
2024-12-18 15:04:54 [ERROR] ^
2024-12-18 15:04:54 [ERROR] ^
2024-12-18 15:04:54 [ERROR] ^
2024-12-18 15:04:54 [ERROR] ^
2024-12-18 15:04:54 [ERROR] ^
2024-12-18 15:04:54 [ERROR] ^
2024-12-18 15:04:54 [ERROR] ^
2024-12-18 15:04:54 [ERROR] ^
2024-12-18 15:04:54 [ERROR] ^
2024-12-18 15:04:54 [ERROR] ^
2024-12-18 15:04:54 [ERROR] File "C:\Python312\Lib\site-packages\urllib3\poolmanager.py", line 443, in urlopen
2024-12-18 15:04:54 [ERROR] response = conn.urlopen(method, u.request_uri, **kw)
2024-12-18 15:04:54 [ERROR] ^
2024-12-18 15:04:54 [ERROR] ^
2024-12-18 15:04:54 [ERROR] ^
2024-12-18 15:04:54 [ERROR] ^
2024-12-18 15:04:54 [ERROR] ^
2024-12-18 15:04:54 [ERROR] ^
2024-12-18 15:04:54 [ERROR] ^
2024-12-18 15:04:54 [ERROR] ^
2024-12-18 15:04:54 [ERROR] ^
2024-12-18 15:04:54 [ERROR] ^
2024-12-18 15:04:54 [ERROR] ^
2024-12-18 15:04:54 [ERROR] ^
2024-12-18 15:04:54 [ERROR] ^
2024-12-18 15:04:54 [ERROR] ^
2024-12-18 15:04:54 [ERROR] ^
2024-12-18 15:04:54 [ERROR] ^
2024-12-18 15:04:54 [ERROR] ^
2024-12-18 15:04:54 [ERROR] ^
2024-12-18 15:04:54 [ERROR] ^
2024-12-18 15:04:54 [ERROR] ^
2024-12-18 15:04:54 [ERROR] ^
2024-12-18 15:04:54 [ERROR] ^
2024-12-18 15:04:54 [ERROR] ^
2024-12-18 15:04:54 [ERROR] ^
2024-12-18 15:04:54 [ERROR] ^
2024-12-18 15:04:54 [ERROR] ^
2024-12-18 15:04:54 [ERROR] ^
2024-12-18 15:04:54 [ERROR] ^
2024-12-18 15:04:54 [ERROR] ^
2024-12-18 15:04:54 [ERROR] ^
2024-12-18 15:04:54 [ERROR] ^
2024-12-18 15:04:54 [ERROR] ^
2024-12-18 15:04:54 [ERROR] ^
2024-12-18 15:04:54 [ERROR] ^
2024-12-18 15:04:54 [ERROR] ^
2024-12-18 15:04:54 [ERROR] ^
2024-12-18 15:04:54 [ERROR] ^
2024-12-18 15:04:54 [ERROR] ^
2024-12-18 15:04:54 [ERROR] ^
2024-12-18 15:04:54 [ERROR] ^
2024-12-18 15:04:54 [ERROR] ^
2024-12-18 15:04:54 [ERROR] File "C:\Python312\Lib\site-packages\urllib3\connectionpool.py", line 873, in urlopen
2024-12-18 15:04:54 [ERROR] return self.urlopen(
2024-12-18 15:04:54 [ERROR] ^
2024-12-18 15:04:54 [ERROR] ^
2024-12-18 15:04:54 [ERROR] ^
2024-12-18 15:04:54 [ERROR] ^
2024-12-18 15:04:54 [ERROR] ^
2024-12-18 15:04:54 [ERROR] ^
2024-12-18 15:04:54 [ERROR] ^
2024-12-18 15:04:54 [ERROR] ^
2024-12-18 15:04:54 [ERROR] ^
2024-12-18 15:04:54 [ERROR] ^
2024-12-18 15:04:54 [ERROR] ^
2024-12-18 15:04:54 [ERROR] ^
2024-12-18 15:04:54 [ERROR] ^
2024-12-18 15:04:54 [ERROR] File "C:\Python312\Lib\site-packages\urllib3\connectionpool.py", line 873, in urlopen
2024-12-18 15:04:54 [ERROR] return self.urlopen(
2024-12-18 15:04:54 [ERROR] ^
2024-12-18 15:04:54 [ERROR] ^
2024-12-18 15:04:54 [ERROR] ^
2024-12-18 15:04:54 [ERROR] ^
2024-12-18 15:04:54 [ERROR] ^
2024-12-18 15:04:54 [ERROR] ^
2024-12-18 15:04:54 [ERROR] ^
2024-12-18 15:04:54 [ERROR] ^
2024-12-18 15:04:54 [ERROR] ^
2024-12-18 15:04:54 [ERROR] ^
2024-12-18 15:04:54 [ERROR] ^
2024-12-18 15:04:54 [ERROR] ^
2024-12-18 15:04:54 [ERROR] ^
2024-12-18 15:04:54 [ERROR] File "C:\Python312\Lib\site-packages\urllib3\connectionpool.py", line 873, in urlopen
2024-12-18 15:04:54 [ERROR] return self.urlopen(
2024-12-18 15:04:54 [ERROR] ^
2024-12-18 15:04:54 [ERROR] ^
2024-12-18 15:04:54 [ERROR] ^
2024-12-18 15:04:54 [ERROR] ^
2024-12-18 15:04:54 [ERROR] ^
2024-12-18 15:04:54 [ERROR] ^
2024-12-18 15:04:54 [ERROR] ^
2024-12-18 15:04:54 [ERROR] ^
2024-12-18 15:04:54 [ERROR] ^
2024-12-18 15:04:54 [ERROR] ^
2024-12-18 15:04:54 [ERROR] ^
2024-12-18 15:04:54 [ERROR] ^
2024-12-18 15:04:54 [ERROR] ^
2024-12-18 15:04:54 [ERROR] File "C:\Python312\Lib\site-packages\urllib3\connectionpool.py", line 843, in urlopen
2024-12-18 15:04:54 [ERROR] retries = retries.increment(
2024-12-18 15:04:54 [ERROR] ^
2024-12-18 15:04:54 [ERROR] ^
2024-12-18 15:04:54 [ERROR] ^
2024-12-18 15:04:54 [ERROR] ^
2024-12-18 15:04:54 [ERROR] ^
2024-12-18 15:04:54 [ERROR] ^
2024-12-18 15:04:54 [ERROR] ^
2024-12-18 15:04:54 [ERROR] ^
2024-12-18 15:04:54 [ERROR] ^
2024-12-18 15:04:54 [ERROR] ^
2024-12-18 15:04:54 [ERROR] ^
2024-12-18 15:04:54 [ERROR] ^
2024-12-18 15:04:54 [ERROR] ^
2024-12-18 15:04:54 [ERROR] ^
2024-12-18 15:04:54 [ERROR] ^
2024-12-18 15:04:54 [ERROR] ^
2024-12-18 15:04:54 [ERROR] ^
2024-12-18 15:04:54 [ERROR] ^
2024-12-18 15:04:54 [ERROR] File "C:\Python312\Lib\site-packages\urllib3\util\retry.py", line 519, in increment
2024-12-18 15:04:54 [ERROR] raise MaxRetryError(_pool, url, reason) from reason  # type: ignore[arg-type]
2024-12-18 15:04:54 [ERROR] ^
2024-12-18 15:04:54 [ERROR] ^
2024-12-18 15:04:54 [ERROR] ^
2024-12-18 15:04:54 [ERROR] ^
2024-12-18 15:04:54 [ERROR] ^
2024-12-18 15:04:54 [ERROR] ^
2024-12-18 15:04:54 [ERROR] ^
2024-12-18 15:04:54 [ERROR] ^
2024-12-18 15:04:54 [ERROR] ^
2024-12-18 15:04:54 [ERROR] ^
2024-12-18 15:04:54 [ERROR] ^
2024-12-18 15:04:54 [ERROR] ^
2024-12-18 15:04:54 [ERROR] ^
2024-12-18 15:04:54 [ERROR] ^
2024-12-18 15:04:54 [ERROR] ^
2024-12-18 15:04:54 [ERROR] ^
2024-12-18 15:04:54 [ERROR] ^
2024-12-18 15:04:54 [ERROR] ^
2024-12-18 15:04:54 [ERROR] ^
2024-12-18 15:04:54 [ERROR] ^
2024-12-18 15:04:54 [ERROR] ^
2024-12-18 15:04:54 [ERROR] ^
2024-12-18 15:04:54 [ERROR] ^
2024-12-18 15:04:54 [ERROR] ^
2024-12-18 15:04:54 [ERROR] ^
2024-12-18 15:04:54 [ERROR] ^
2024-12-18 15:04:54 [ERROR] ^
2024-12-18 15:04:54 [ERROR] ^
2024-12-18 15:04:54 [ERROR] ^
2024-12-18 15:04:54 [ERROR] ^
2024-12-18 15:04:54 [ERROR] ^
2024-12-18 15:04:54 [ERROR] ^
2024-12-18 15:04:54 [ERROR] ^
2024-12-18 15:04:54 [ERROR] ^
2024-12-18 15:04:54 [ERROR] ^
2024-12-18 15:04:54 [ERROR] ^
2024-12-18 15:04:54 [ERROR] ^
2024-12-18 15:04:54 [ERROR] ^
2024-12-18 15:04:54 [ERROR] ^
2024-12-18 15:04:54 [ERROR] ^
2024-12-18 15:04:54 [ERROR] ^
2024-12-18 15:04:54 [ERROR] ^
2024-12-18 15:04:54 [ERROR] ^
2024-12-18 15:04:54 [ERROR] ^
2024-12-18 15:04:54 [ERROR] ^
2024-12-18 15:04:54 [ERROR] ^
2024-12-18 15:04:54 [ERROR] ^
2024-12-18 15:04:54 [ERROR] ^
2024-12-18 15:04:54 [ERROR] ^
2024-12-18 15:04:54 [ERROR] ^
2024-12-18 15:04:54 [ERROR] ^
2024-12-18 15:04:54 [ERROR] urllib3.exceptions
2024-12-18 15:04:54 [ERROR] .
2024-12-18 15:04:54 [ERROR] MaxRetryError
2024-12-18 15:04:54 [ERROR] :
2024-12-18 15:04:54 [ERROR] HTTPConnectionPool(host='localhost', port=51659): Max retries exceeded with url: /session/854f4612-2feb-4ac1-9642-8816e76f927d/element (Caused by NewConnectionError('<urllib3.connection.HTTPConnection object at 0x0000015B00523080>: Failed to establish a new connection: [WinError 10061] 無法連線，因為目標電腦拒絕連線。'))
2024-12-18 15:04:55 [INFO] Worker 15: 向下滑動: 251 像素，並等待 4.039579831318804 秒
2024-12-18 15:04:55 [INFO] Worker 14: 向下滑動: 352 像素，並等待 3.263607302834964 秒
2024-12-18 15:04:58 [INFO] Worker 15: 向下滑動: 242 像素，並等待 3.7693181285759367 秒
2024-12-18 15:04:59 [INFO] Worker 14: 向下滑動: 293 像素，並等待 4.375696266080937 秒
2024-12-18 15:05:03 [INFO] Worker 14: 向下滑動: 365 像素，並等待 3.4197878654350458 秒
2024-12-18 15:05:03 [INFO] Worker 15: 向下滑動: 339 像素，並等待 4.70432780144599 秒
2024-12-18 15:05:08 [INFO] Worker 14: 向下滑動: 216 像素，並等待 4.904193062635459 秒
2024-12-18 15:05:08 [INFO] Worker 15: 向下滑動: 298 像素，並等待 4.7420026671774895 秒
2024-12-18 15:05:12 [INFO] Worker 15: 向下滑動: 378 像素，並等待 3.77678359040038 秒
2024-12-18 15:05:12 [INFO] Worker 14: 向下滑動: 349 像素，並等待 4.259538014860828 秒
2024-12-18 15:05:15 [INFO] Worker 15: 向下滑動: 293 像素，並等待 3.268854721128922 秒
2024-12-18 15:05:16 [INFO] Worker 14: 向下滑動: 362 像素，並等待 4.61059723320118 秒
2024-12-18 15:05:19 [INFO] Worker 15: 向下滑動: 369 像素，並等待 3.91632121383131 秒
2024-12-18 15:05:20 [INFO] Worker 14: 向下滑動: 364 像素，並等待 3.9019273150148175 秒
2024-12-18 15:05:22 [INFO] Worker 15: 向下滑動: 363 像素，並等待 3.208660577962779 秒
2024-12-18 15:05:23 [INFO] Worker 14: 帳號 66823121944 的任務已結束
2024-12-18 15:05:25 [INFO] Worker 15: 向下滑動: 274 像素，並等待 3.1410262447026556 秒
2024-12-18 15:05:30 [INFO] Worker 15: 向下滑動: 203 像素，並等待 4.537629353990159 秒
2024-12-18 15:05:32 [INFO] Worker 15: 帳號 66814785452 的任務已結束
