2024-12-18 13:16:55 [INFO] 請選擇您要使用的 Excel 檔案...
2024-12-18 13:16:58 [INFO] 選擇的 Excel 檔案路徑：C:/Users/user/Desktop/SuChenAI/Factbook-RPA-clickurl/data/fb_account_data_test.xlsx
2024-12-18 13:16:58 [INFO] 請輸入最大多開數量 (1-10，預設為 1):
2024-12-18 13:17:04 [INFO] 最大多開數量已設定為：8
2024-12-18 13:17:04 [INFO] 螢幕寬度：2560，螢幕高度：1440，縮放比例：1.5
2024-12-18 13:17:05 [INFO] 開始處理跳轉帳號...
2024-12-18 13:17:05 [INFO] Worker 1: 開始處理帳號 66634899161
2024-12-18 13:17:05 [INFO] Worker 2: 開始處理帳號 66637943259
2024-12-18 13:17:05 [INFO] Worker 3: 開始處理帳號 66634899161
2024-12-18 13:17:05 [INFO] Worker 4: 開始處理帳號 66637943259
2024-12-18 13:17:05 [INFO] Worker 5: 開始處理帳號 66619622845
2024-12-18 13:17:05 [INFO] Worker 6: 開始處理帳號 66935324825
2024-12-18 13:17:05 [INFO] Worker 7: 開始處理帳號 66990183891
2024-12-18 13:17:05 [INFO] Worker 8: 開始處理帳號 66823237283
2024-12-18 13:17:05 [INFO] 開始監控任務狀態...
2024-12-18 13:17:13 [INFO] Worker 4: 代理 kamoney03.ddns.net:24003 設置成功
2024-12-18 13:17:14 [INFO] Worker 8: 代理 kamoney03.ddns.net:24008 設置成功
2024-12-18 13:17:14 [INFO] Worker 6: 代理 kamoney03.ddns.net:24006 設置成功
2024-12-18 13:17:14 [INFO] Worker 4: Cookies 已加載成功: cookies\66637943259_cookies.json
2024-12-18 13:17:16 [INFO] Worker 8: Cookies 已加載成功: cookies\66823237283_cookies.json
2024-12-18 13:17:16 [INFO] Worker 3: 代理 kamoney03.ddns.net:24004 設置成功
2024-12-18 13:17:16 [INFO] Worker 6: Cookies 已加載成功: cookies\66935324825_cookies.json
2024-12-18 13:17:17 [INFO] Worker 4: 帳號 66637943259 使用 cookies 成功登入
2024-12-18 13:17:17 [INFO] Worker 4: 登錄成功，開始處理帳號 66637943259 的操作...
2024-12-18 13:17:17 [INFO] Worker 4: 開始跳轉操作...
2024-12-18 13:17:17 [INFO] Worker 4: 正在開啟貼文: https://www.facebook.com/share/18QgQ2Y2dz/
2024-12-18 13:17:17 [INFO] Worker 1: 代理 kamoney03.ddns.net:24004 設置成功
2024-12-18 13:17:18 [INFO] Worker 2: 代理 kamoney03.ddns.net:24003 設置成功
2024-12-18 13:17:19 [INFO] Worker 3: Cookies 已加載成功: cookies\66634899161_cookies.json
2024-12-18 13:17:19 [INFO] Worker 8: 帳號 66823237283 使用 cookies 成功登入
2024-12-18 13:17:19 [INFO] Worker 8: 登錄成功，開始處理帳號 66823237283 的操作...
2024-12-18 13:17:19 [INFO] Worker 8: 開始跳轉操作...
2024-12-18 13:17:19 [INFO] Worker 8: 正在開啟貼文: https://www.facebook.com/share/18QgQ2Y2dz/
2024-12-18 13:17:19 [INFO] Worker 7: 代理 kamoney03.ddns.net:24001 設置成功
2024-12-18 13:17:19 [INFO] Worker 1: Cookies 已加載成功: cookies\66634899161_cookies.json
2024-12-18 13:17:20 [INFO] Worker 5: 代理 kamoney03.ddns.net:24005 設置成功
2024-12-18 13:17:20 [INFO] Worker 2: Cookies 已加載成功: cookies\66637943259_cookies.json
2024-12-18 13:17:20 [INFO] Worker 6: 帳號 66935324825 使用 cookies 成功登入
2024-12-18 13:17:20 [INFO] Worker 6: 登錄成功，開始處理帳號 66935324825 的操作...
2024-12-18 13:17:20 [INFO] Worker 6: 開始跳轉操作...
2024-12-18 13:17:20 [INFO] Worker 6: 正在開啟貼文: https://www.facebook.com/share/18QgQ2Y2dz/
2024-12-18 13:17:22 [INFO] Worker 5: Cookies 已加載成功: cookies\66619622845_cookies.json
2024-12-18 13:17:22 [INFO] Worker 7: Cookies 已加載成功: cookies\66990183891_cookies.json
2024-12-18 13:17:24 [INFO] Worker 2: 帳號 66637943259 使用 cookies 成功登入
2024-12-18 13:17:24 [INFO] Worker 2: 登錄成功，開始處理帳號 66637943259 的操作...
2024-12-18 13:17:24 [INFO] Worker 2: 開始跳轉操作...
2024-12-18 13:17:24 [INFO] Worker 2: 正在開啟貼文: https://www.facebook.com/share/18QgQ2Y2dz/
2024-12-18 13:17:25 [INFO] Worker 1: 帳號 66634899161 使用 cookies 成功登入
2024-12-18 13:17:25 [INFO] Worker 1: 登錄成功，開始處理帳號 66634899161 的操作...
2024-12-18 13:17:25 [INFO] Worker 1: 開始跳轉操作...
2024-12-18 13:17:25 [INFO] Worker 1: 正在開啟貼文: https://www.facebook.com/share/18QgQ2Y2dz/
2024-12-18 13:17:25 [INFO] Worker 4 隨機停留 6 秒
2024-12-18 13:17:25 [INFO] Worker 5: 帳號 66619622845 使用 cookies 成功登入
2024-12-18 13:17:25 [INFO] Worker 5: 登錄成功，開始處理帳號 66619622845 的操作...
2024-12-18 13:17:25 [INFO] Worker 5: 開始跳轉操作...
2024-12-18 13:17:25 [INFO] Worker 5: 正在開啟貼文: https://www.facebook.com/share/18QgQ2Y2dz/
2024-12-18 13:17:26 [INFO] Worker 6 隨機停留 6 秒
2024-12-18 13:17:29 [INFO] Worker 1 隨機停留 7 秒
2024-12-18 13:17:30 [INFO] Worker 5 隨機停留 6 秒
2024-12-18 13:17:31 [INFO] Worker 3: 帳號 66634899161 使用 cookies 成功登入
2024-12-18 13:17:31 [INFO] Worker 3: 登錄成功，開始處理帳號 66634899161 的操作...
2024-12-18 13:17:31 [INFO] Worker 3: 開始跳轉操作...
2024-12-18 13:17:31 [INFO] Worker 3: 正在開啟貼文: https://www.facebook.com/share/18QgQ2Y2dz/
2024-12-18 13:17:31 [INFO] Worker 7: 帳號 66990183891 使用 cookies 成功登入
2024-12-18 13:17:31 [INFO] Worker 7: 登錄成功，開始處理帳號 66990183891 的操作...
2024-12-18 13:17:31 [INFO] Worker 7: 開始跳轉操作...
2024-12-18 13:17:31 [INFO] Worker 7: 正在開啟貼文: https://www.facebook.com/share/18QgQ2Y2dz/
2024-12-18 13:17:32 [INFO] Worker 4: 貼文已按過讚，無需重複操作
2024-12-18 13:17:32 [INFO] Worker 4 按讚後隨機停留 4 秒
2024-12-18 13:17:32 [INFO] Worker 2 隨機停留 6 秒
2024-12-18 13:17:33 [INFO] Worker 6: 貼文已按過讚，無需重複操作
2024-12-18 13:17:33 [INFO] Worker 6 按讚後隨機停留 3 秒
2024-12-18 13:17:36 [INFO] Worker 4: 正在開啟網站: https://japanticket.com/prestige/tw/hokkaido/?fbclid=IwY2xjawHOKBpleHRuA2FlbQIxMAABHaGHzkUa9Xrj3SjatXaC9Yb4VFZXJHVNg6UjonFymwRNzb_q9RvBc3yZxA_aem_RLkYjGlaRRosmk8r7xkD4g#utm_source=prestige_tw_fb&utm_medium=social&utm_campaign=hokkaido_tour_tw_fb
2024-12-18 13:17:36 [INFO] Worker 5: 貼文已按過讚，無需重複操作
2024-12-18 13:17:36 [INFO] Worker 5 按讚後隨機停留 3 秒
2024-12-18 13:17:36 [INFO] Worker 1: 貼文已按過讚，無需重複操作
2024-12-18 13:17:36 [INFO] Worker 1 按讚後隨機停留 4 秒
2024-12-18 13:17:36 [INFO] Worker 6: 正在開啟網站: https://japanticket.com/prestige/tw/hokkaido/?fbclid=IwY2xjawHOKBpleHRuA2FlbQIxMAABHaGHzkUa9Xrj3SjatXaC9Yb4VFZXJHVNg6UjonFymwRNzb_q9RvBc3yZxA_aem_RLkYjGlaRRosmk8r7xkD4g#utm_source=prestige_tw_fb&utm_medium=social&utm_campaign=hokkaido_tour_tw_fb
2024-12-18 13:17:38 [INFO] Worker 3 隨機停留 6 秒
2024-12-18 13:17:38 [INFO] Worker 2: 貼文已按過讚，無需重複操作
2024-12-18 13:17:38 [INFO] Worker 2 按讚後隨機停留 5 秒
2024-12-18 13:17:39 [INFO] Worker 5: 正在開啟網站: https://japanticket.com/prestige/tw/hokkaido/?fbclid=IwY2xjawHOKBpleHRuA2FlbQIxMAABHaGHzkUa9Xrj3SjatXaC9Yb4VFZXJHVNg6UjonFymwRNzb_q9RvBc3yZxA_aem_RLkYjGlaRRosmk8r7xkD4g#utm_source=prestige_tw_fb&utm_medium=social&utm_campaign=hokkaido_tour_tw_fb
2024-12-18 13:17:40 [INFO] Worker 1: 正在開啟網站: https://japanticket.com/prestige/tw/hokkaido/?fbclid=IwY2xjawHOKBpleHRuA2FlbQIxMAABHaGHzkUa9Xrj3SjatXaC9Yb4VFZXJHVNg6UjonFymwRNzb_q9RvBc3yZxA_aem_RLkYjGlaRRosmk8r7xkD4g#utm_source=prestige_tw_fb&utm_medium=social&utm_campaign=hokkaido_tour_tw_fb
2024-12-18 13:17:43 [INFO] Worker 2: 正在開啟網站: https://japanticket.com/prestige/tw/hokkaido/?fbclid=IwY2xjawHOKBpleHRuA2FlbQIxMAABHaGHzkUa9Xrj3SjatXaC9Yb4VFZXJHVNg6UjonFymwRNzb_q9RvBc3yZxA_aem_RLkYjGlaRRosmk8r7xkD4g#utm_source=prestige_tw_fb&utm_medium=social&utm_campaign=hokkaido_tour_tw_fb
2024-12-18 13:17:43 [INFO] Worker 6 隨機停留時間: 176 秒
2024-12-18 13:17:44 [INFO] Worker 3: 貼文已按過讚，無需重複操作
2024-12-18 13:17:44 [INFO] Worker 3 按讚後隨機停留 4 秒
2024-12-18 13:17:46 [INFO] Worker 5 隨機停留時間: 167 秒
2024-12-18 13:17:47 [INFO] Worker 6: 向下滑動: 266 像素，並等待 3.677412144229648 秒
2024-12-18 13:17:48 [INFO] Worker 4 隨機停留時間: 153 秒
2024-12-18 13:17:48 [INFO] Worker 3: 正在開啟網站: https://japanticket.com/prestige/tw/hokkaido/?fbclid=IwY2xjawHOKBpleHRuA2FlbQIxMAABHaGHzkUa9Xrj3SjatXaC9Yb4VFZXJHVNg6UjonFymwRNzb_q9RvBc3yZxA_aem_RLkYjGlaRRosmk8r7xkD4g#utm_source=prestige_tw_fb&utm_medium=social&utm_campaign=hokkaido_tour_tw_fb
2024-12-18 13:17:50 [INFO] Worker 8 隨機停留 8 秒
2024-12-18 13:17:50 [INFO] Worker 6: 向下滑動: 368 像素，並等待 3.3385041094500587 秒
2024-12-18 13:17:51 [INFO] Worker 5: 向下滑動: 248 像素，並等待 4.720925801193563 秒
2024-12-18 13:17:51 [INFO] Worker 2 隨機停留時間: 158 秒
2024-12-18 13:17:51 [INFO] Worker 4: 向下滑動: 342 像素，並等待 3.4079273100739327 秒
2024-12-18 13:17:51 [INFO] Worker 1 隨機停留時間: 176 秒
2024-12-18 13:17:52 [INFO] Worker 7 隨機停留 7 秒
2024-12-18 13:17:53 [INFO] Worker 3 隨機停留時間: 174 秒
2024-12-18 13:17:54 [INFO] Worker 6: 向下滑動: 395 像素，並等待 3.3671542063187676 秒
2024-12-18 13:17:54 [INFO] Worker 5: 向下滑動: 329 像素，並等待 3.4455235704132257 秒
2024-12-18 13:17:55 [INFO] Worker 1: 向下滑動: 277 像素，並等待 3.593377493877932 秒
2024-12-18 13:17:55 [INFO] Worker 2: 向下滑動: 383 像素，並等待 4.178031874024204 秒
2024-12-18 13:17:56 [INFO] Worker 4: 向下滑動: 339 像素，並等待 4.962608428578793 秒
2024-12-18 13:17:58 [INFO] Worker 8: 貼文已按過讚，無需重複操作
2024-12-18 13:17:58 [INFO] Worker 8 按讚後隨機停留 5 秒
2024-12-18 13:17:58 [INFO] Worker 3: 向下滑動: 234 像素，並等待 4.957150504352284 秒
2024-12-18 13:17:58 [INFO] Worker 6: 向下滑動: 398 像素，並等待 4.395289779468581 秒
2024-12-18 13:17:58 [INFO] Worker 1: 向下滑動: 287 像素，並等待 3.4205797784746994 秒
2024-12-18 13:17:58 [INFO] Worker 5: 向下滑動: 396 像素，並等待 4.033922666667251 秒
2024-12-18 13:17:58 [INFO] Worker 2: 向下滑動: 351 像素，並等待 3.3045519748001237 秒
2024-12-18 13:17:59 [INFO] Worker 7: 貼文已按過讚，無需重複操作
2024-12-18 13:17:59 [INFO] Worker 7 按讚後隨機停留 5 秒
2024-12-18 13:18:01 [INFO] Worker 4: 向下滑動: 260 像素，並等待 4.973645647216857 秒
2024-12-18 13:18:02 [INFO] Worker 5: 向下滑動: 400 像素，並等待 3.2965424189519963 秒
2024-12-18 13:18:02 [INFO] Worker 2: 向下滑動: 359 像素，並等待 3.2602139287736 秒
2024-12-18 13:18:03 [INFO] Worker 8: 正在開啟網站: https://japanticket.com/prestige/tw/hokkaido/?fbclid=IwY2xjawHOKBpleHRuA2FlbQIxMAABHaGHzkUa9Xrj3SjatXaC9Yb4VFZXJHVNg6UjonFymwRNzb_q9RvBc3yZxA_aem_RLkYjGlaRRosmk8r7xkD4g#utm_source=prestige_tw_fb&utm_medium=social&utm_campaign=hokkaido_tour_tw_fb
2024-12-18 13:18:03 [INFO] Worker 1: 向下滑動: 243 像素，並等待 4.383106489123113 秒
2024-12-18 13:18:03 [INFO] Worker 3: 向下滑動: 365 像素，並等待 4.583608297615963 秒
2024-12-18 13:18:03 [INFO] Worker 6: 向下滑動: 381 像素，並等待 4.864676643656744 秒
2024-12-18 13:18:04 [INFO] Worker 7: 正在開啟網站: https://japanticket.com/prestige/tw/hokkaido/?fbclid=IwY2xjawHOKBpleHRuA2FlbQIxMAABHaGHzkUa9Xrj3SjatXaC9Yb4VFZXJHVNg6UjonFymwRNzb_q9RvBc3yZxA_aem_RLkYjGlaRRosmk8r7xkD4g#utm_source=prestige_tw_fb&utm_medium=social&utm_campaign=hokkaido_tour_tw_fb
2024-12-18 13:18:05 [INFO] Worker 5: 向下滑動: 213 像素，並等待 3.0664290230530056 秒
2024-12-18 13:18:05 [INFO] Worker 4: 向下滑動: 218 像素，並等待 4.307359824535335 秒
2024-12-18 13:18:06 [INFO] Worker 2: 向下滑動: 262 像素，並等待 4.188936499315288 秒
2024-12-18 13:18:06 [INFO] Worker 3: 向下滑動: 321 像素，並等待 3.3853897569288645 秒
2024-12-18 13:18:07 [INFO] Worker 1: 向下滑動: 257 像素，並等待 3.9186527218134035 秒
2024-12-18 13:18:07 [INFO] Worker 6: 向下滑動: 239 像素，並等待 3.6258125151017584 秒
2024-12-18 13:18:08 [INFO] Worker 5: 向下滑動: 342 像素，並等待 3.368155421258839 秒
2024-12-18 13:18:09 [INFO] Worker 4: 向下滑動: 268 像素，並等待 3.1969939262226696 秒
2024-12-18 13:18:09 [INFO] Worker 7 隨機停留時間: 200 秒
2024-12-18 13:18:10 [INFO] Worker 2: 向下滑動: 228 像素，並等待 3.8675047009070704 秒
2024-12-18 13:18:10 [INFO] Worker 1: 向下滑動: 271 像素，並等待 3.8289961481481853 秒
2024-12-18 13:18:11 [INFO] Worker 3: 向下滑動: 343 像素，並等待 4.579970073422145 秒
2024-12-18 13:18:11 [INFO] Worker 8 隨機停留時間: 146 秒
2024-12-18 13:18:11 [INFO] Worker 6: 向下滑動: 345 像素，並等待 4.557027225792958 秒
2024-12-18 13:18:12 [INFO] Worker 4: 向下滑動: 317 像素，並等待 3.5011484456059208 秒
2024-12-18 13:18:12 [INFO] Worker 5: 向下滑動: 279 像素，並等待 4.18970876901593 秒
2024-12-18 13:18:13 [INFO] Worker 7: 向下滑動: 375 像素，並等待 3.8235149338990557 秒
2024-12-18 13:18:14 [INFO] Worker 3: 向下滑動: 257 像素，並等待 3.6377506411651233 秒
2024-12-18 13:18:15 [INFO] Worker 8: 向下滑動: 259 像素，並等待 3.8181466793832897 秒
2024-12-18 13:18:15 [INFO] Worker 2: 向下滑動: 242 像素，並等待 4.835816510714784 秒
2024-12-18 13:18:15 [INFO] Worker 1: 向下滑動: 303 像素，並等待 4.685503683747436 秒
2024-12-18 13:18:16 [INFO] Worker 6: 向下滑動: 250 像素，並等待 4.320773186937616 秒
2024-12-18 13:18:16 [INFO] Worker 5: 向下滑動: 252 像素，並等待 3.326134286405369 秒
2024-12-18 13:18:16 [INFO] Worker 4: 向下滑動: 272 像素，並等待 3.56274615527708 秒
2024-12-18 13:18:18 [INFO] Worker 7: 向下滑動: 348 像素，並等待 4.988532569367274 秒
2024-12-18 13:18:18 [INFO] Worker 3: 向下滑動: 376 像素，並等待 3.8646086993497537 秒
2024-12-18 13:18:19 [INFO] Worker 6: 向下滑動: 385 像素，並等待 3.422429001150759 秒
2024-12-18 13:18:19 [INFO] Worker 8: 向下滑動: 317 像素，並等待 4.728345664191429 秒
2024-12-18 13:18:20 [INFO] Worker 1: 向下滑動: 344 像素，並等待 4.537415120281967 秒
2024-12-18 13:18:20 [INFO] Worker 2: 向下滑動: 368 像素，並等待 4.962812515930715 秒
2024-12-18 13:18:20 [INFO] Worker 4: 向下滑動: 245 像素，並等待 3.938891500931301 秒
2024-12-18 13:18:20 [INFO] Worker 5: 向下滑動: 280 像素，並等待 4.082931986748868 秒
2024-12-18 13:18:21 [INFO] Worker 3: 向下滑動: 309 像素，並等待 3.2523186122812127 秒
2024-12-18 13:18:22 [INFO] Worker 7: 向下滑動: 270 像素，並等待 3.8760679718826827 秒
2024-12-18 13:18:23 [INFO] Worker 1: 向下滑動: 319 像素，並等待 3.725848127847044 秒
2024-12-18 13:18:23 [INFO] Worker 2: 向下滑動: 393 像素，並等待 3.731596806140434 秒
2024-12-18 13:18:23 [INFO] Worker 8: 向下滑動: 208 像素，並等待 4.0976374237907045 秒
2024-12-18 13:18:23 [INFO] Worker 6: 向下滑動: 290 像素，並等待 4.47653587174374 秒
2024-12-18 13:18:23 [INFO] Worker 5: 向下滑動: 399 像素，並等待 3.768694714012903 秒
2024-12-18 13:18:24 [INFO] Worker 4: 向下滑動: 205 像素，並等待 4.034829284012224 秒
2024-12-18 13:18:25 [INFO] Worker 3: 向下滑動: 256 像素，並等待 3.3517415660808334 秒
2024-12-18 13:18:25 [INFO] Worker 7: 向下滑動: 233 像素，並等待 3.8643888630067336 秒
2024-12-18 13:18:27 [INFO] Worker 2: 向下滑動: 226 像素，並等待 3.4651757968784898 秒
2024-12-18 13:18:27 [INFO] Worker 1: 向下滑動: 222 像素，並等待 3.702056146752674 秒
2024-12-18 13:18:27 [INFO] Worker 8: 向下滑動: 238 像素，並等待 3.812639097850253 秒
2024-12-18 13:18:27 [INFO] Worker 6: 向下滑動: 259 像素，並等待 3.8838882988696812 秒
2024-12-18 13:18:28 [INFO] Worker 4: 向下滑動: 282 像素，並等待 4.136030571498774 秒
2024-12-18 13:18:28 [INFO] Worker 5: 向下滑動: 349 像素，並等待 4.863945643043163 秒
2024-12-18 13:18:28 [INFO] Worker 3: 向下滑動: 399 像素，並等待 3.6349556288166514 秒
2024-12-18 13:18:30 [INFO] Worker 7: 向下滑動: 235 像素，並等待 4.670603193412765 秒
2024-12-18 13:18:31 [INFO] Worker 1: 向下滑動: 399 像素，並等待 4.031332546318873 秒
2024-12-18 13:18:31 [INFO] Worker 6: 向下滑動: 331 像素，並等待 3.795603888905279 秒
2024-12-18 13:18:31 [INFO] Worker 8: 向下滑動: 389 像素，並等待 3.9725565966370513 秒
2024-12-18 13:18:31 [INFO] Worker 4: 向下滑動: 231 像素，並等待 3.562088314063377 秒
2024-12-18 13:18:32 [INFO] Worker 2: 向下滑動: 316 像素，並等待 4.658950136317362 秒
2024-12-18 13:18:32 [INFO] Worker 5: 向下滑動: 226 像素，並等待 3.635103416996575 秒
2024-12-18 13:18:33 [INFO] Worker 3: 向下滑動: 328 像素，並等待 4.49342128964675 秒
2024-12-18 13:18:34 [INFO] Worker 7: 向下滑動: 378 像素，並等待 4.059450172977358 秒
2024-12-18 13:18:35 [INFO] Worker 1: 向下滑動: 264 像素，並等待 3.876142767946145 秒
2024-12-18 13:18:35 [INFO] Worker 5: 向下滑動: 245 像素，並等待 3.4795834746010494 秒
2024-12-18 13:18:36 [INFO] Worker 4: 向下滑動: 228 像素，並等待 4.599361717315239 秒
2024-12-18 13:18:36 [INFO] Worker 6: 向下滑動: 265 像素，並等待 4.862339716238126 秒
2024-12-18 13:18:36 [INFO] Worker 8: 向下滑動: 255 像素，並等待 4.772035422899293 秒
2024-12-18 13:18:36 [INFO] Worker 2: 向下滑動: 246 像素，並等待 4.697366210767288 秒
2024-12-18 13:18:37 [INFO] Worker 3: 向下滑動: 211 像素，並等待 4.046138770930689 秒
2024-12-18 13:18:38 [INFO] Worker 7: 向下滑動: 302 像素，並等待 3.4094932087024197 秒
2024-12-18 13:18:38 [INFO] Worker 1: 向下滑動: 235 像素，並等待 3.0074539523136172 秒
2024-12-18 13:18:39 [INFO] Worker 5: 向下滑動: 295 像素，並等待 3.6921721687000773 秒
2024-12-18 13:18:39 [INFO] Worker 8: 向下滑動: 203 像素，並等待 3.2131176430453374 秒
2024-12-18 13:18:40 [INFO] Worker 6: 向下滑動: 276 像素，並等待 3.5325704525453365 秒
2024-12-18 13:18:40 [INFO] Worker 3: 向下滑動: 317 像素，並等待 3.4674686487222814 秒
2024-12-18 13:18:41 [INFO] Worker 4: 向下滑動: 283 像素，並等待 4.628533157997875 秒
2024-12-18 13:18:41 [INFO] Worker 2: 向下滑動: 228 像素，並等待 4.453267283704525 秒
2024-12-18 13:18:42 [INFO] Worker 7: 向下滑動: 252 像素，並等待 4.184613612182778 秒
2024-12-18 13:18:43 [INFO] Worker 5: 向下滑動: 265 像素，並等待 3.3063744371975163 秒
2024-12-18 13:18:43 [INFO] Worker 6: 向下滑動: 273 像素，並等待 3.093359528218299 秒
2024-12-18 13:18:43 [INFO] Worker 1: 向下滑動: 226 像素，並等待 4.849682441517258 秒
2024-12-18 13:18:44 [INFO] Worker 8: 向下滑動: 252 像素，並等待 4.2934573727964 秒
2024-12-18 13:18:44 [INFO] Worker 3: 向下滑動: 364 像素，並等待 3.3527670224973334 秒
2024-12-18 13:18:45 [INFO] Worker 2: 向下滑動: 238 像素，並等待 4.722523973543361 秒
2024-12-18 13:18:46 [INFO] Worker 4: 向下滑動: 300 像素，並等待 4.960597383436 秒
2024-12-18 13:18:46 [INFO] Worker 7: 向下滑動: 374 像素，並等待 3.7960246743452446 秒
2024-12-18 13:18:46 [INFO] Worker 6: 向下滑動: 381 像素，並等待 3.0766956467363817 秒
2024-12-18 13:18:46 [INFO] Worker 5: 向下滑動: 390 像素，並等待 3.817134730208664 秒
2024-12-18 13:18:47 [INFO] Worker 8: 向下滑動: 377 像素，並等待 3.623272602757125 秒
2024-12-18 13:18:48 [INFO] Worker 1: 向下滑動: 264 像素，並等待 4.714520431543637 秒
2024-12-18 13:18:48 [INFO] Worker 3: 向下滑動: 363 像素，並等待 4.480760880785275 秒
2024-12-18 13:18:49 [INFO] Worker 4: 向下滑動: 315 像素，並等待 3.5045648919195784 秒
2024-12-18 13:18:50 [INFO] Worker 7: 向下滑動: 270 像素，並等待 3.9170371575812255 秒
2024-12-18 13:18:50 [INFO] Worker 5: 向下滑動: 284 像素，並等待 3.4306040099181745 秒
2024-12-18 13:18:50 [INFO] Worker 2: 向下滑動: 387 像素，並等待 4.381182412493015 秒
2024-12-18 13:18:50 [INFO] Worker 6: 向下滑動: 365 像素，並等待 4.250260839349712 秒
2024-12-18 13:18:51 [INFO] Worker 8: 向下滑動: 307 像素，並等待 3.9728271226360192 秒
2024-12-18 13:18:52 [INFO] Worker 3: 向下滑動: 301 像素，並等待 3.2561616534335807 秒
2024-12-18 13:18:52 [INFO] Worker 1: 向下滑動: 383 像素，並等待 4.320689488959359 秒
2024-12-18 13:18:52 [INFO] Worker 4: 向下滑動: 215 像素，並等待 3.1212023010229046 秒
2024-12-18 13:18:53 [INFO] Worker 5: 向下滑動: 396 像素，並等待 3.1190065270568166 秒
2024-12-18 13:18:54 [INFO] Worker 7: 向下滑動: 241 像素，並等待 4.424878324638739 秒
2024-12-18 13:18:54 [INFO] Worker 6: 向下滑動: 378 像素，並等待 4.234966644279342 秒
2024-12-18 13:18:55 [INFO] Worker 2: 向下滑動: 227 像素，並等待 4.994994059209718 秒
2024-12-18 13:18:55 [INFO] Worker 4: 向下滑動: 297 像素，並等待 3.099787383091231 秒
2024-12-18 13:18:55 [INFO] Worker 3: 向下滑動: 298 像素，並等待 3.9147507311941445 秒
2024-12-18 13:18:56 [INFO] Worker 1: 向下滑動: 390 像素，並等待 4.041644376711023 秒
2024-12-18 13:18:56 [INFO] Worker 8: 向下滑動: 399 像素，並等待 4.9777267872678 秒
2024-12-18 13:18:58 [INFO] Worker 5: 向下滑動: 377 像素，並等待 4.843547387253059 秒
2024-12-18 13:18:58 [INFO] Worker 6: 向下滑動: 297 像素，並等待 3.750692339393092 秒
2024-12-18 13:18:59 [INFO] Worker 4: 向下滑動: 225 像素，並等待 3.360236237020506 秒
2024-12-18 13:18:59 [INFO] Worker 7: 向下滑動: 229 像素，並等待 4.994686525992941 秒
2024-12-18 13:18:59 [INFO] Worker 2: 向下滑動: 357 像素，並等待 4.198576674616133 秒
2024-12-18 13:19:00 [INFO] Worker 3: 向下滑動: 249 像素，並等待 4.558919158748316 秒
2024-12-18 13:19:00 [INFO] Worker 1: 向下滑動: 318 像素，並等待 4.204307581679831 秒
2024-12-18 13:19:00 [INFO] Worker 8: 向下滑動: 329 像素，並等待 4.324702141688619 秒
2024-12-18 13:19:02 [INFO] Worker 4: 向下滑動: 202 像素，並等待 3.6769172868798887 秒
2024-12-18 13:19:03 [INFO] Worker 5: 向下滑動: 323 像素，並等待 4.866394809874097 秒
2024-12-18 13:19:03 [INFO] Worker 6: 向下滑動: 361 像素，並等待 4.834083292910542 秒
2024-12-18 13:19:03 [INFO] Worker 7: 向下滑動: 314 像素，並等待 3.862901960368903 秒
2024-12-18 13:19:04 [INFO] Worker 3: 向下滑動: 344 像素，並等待 3.7595556637370184 秒
2024-12-18 13:19:04 [INFO] Worker 2: 向下滑動: 229 像素，並等待 4.878471879908438 秒
2024-12-18 13:19:05 [INFO] Worker 1: 向下滑動: 356 像素，並等待 4.546172058296105 秒
2024-12-18 13:19:05 [INFO] Worker 8: 向下滑動: 373 像素，並等待 4.83105507174319 秒
2024-12-18 13:19:06 [INFO] Worker 4: 向下滑動: 251 像素，並等待 3.323494378888235 秒
2024-12-18 13:19:06 [INFO] Worker 5: 向下滑動: 285 像素，並等待 3.722269773494091 秒
2024-12-18 13:19:06 [INFO] Worker 6: 向下滑動: 296 像素，並等待 3.5389067323777654 秒
2024-12-18 13:19:07 [INFO] Worker 2: 向下滑動: 214 像素，並等待 3.5462982187284933 秒
2024-12-18 13:19:08 [INFO] Worker 7: 向下滑動: 368 像素，並等待 4.694542555520054 秒
2024-12-18 13:19:08 [INFO] Worker 1: 向下滑動: 272 像素，並等待 3.101940595375705 秒
2024-12-18 13:19:09 [INFO] Worker 3: 向下滑動: 340 像素，並等待 4.884859757192279 秒
2024-12-18 13:19:09 [INFO] Worker 8: 向下滑動: 301 像素，並等待 3.3608614685140132 秒
2024-12-18 13:19:10 [INFO] Worker 5: 向下滑動: 384 像素，並等待 3.7152428491414073 秒
2024-12-18 13:19:10 [INFO] Worker 4: 向下滑動: 377 像素，並等待 4.705289114727572 秒
2024-12-18 13:19:11 [INFO] Worker 6: 向下滑動: 355 像素，並等待 4.189485799670472 秒
2024-12-18 13:19:11 [INFO] Worker 2: 向下滑動: 375 像素，並等待 3.3073712931545436 秒
2024-12-18 13:19:11 [INFO] Worker 7: 向下滑動: 249 像素，並等待 3.4081913435357514 秒
2024-12-18 13:19:11 [INFO] Worker 1: 向下滑動: 370 像素，並等待 3.5511982030469165 秒
2024-12-18 13:19:12 [INFO] Worker 8: 向下滑動: 338 像素，並等待 3.4837140474795456 秒
2024-12-18 13:19:14 [INFO] Worker 3: 向下滑動: 265 像素，並等待 4.910170336194519 秒
2024-12-18 13:19:14 [INFO] Worker 6: 向下滑動: 258 像素，並等待 3.086775447555816 秒
2024-12-18 13:19:14 [INFO] Worker 7: 向下滑動: 245 像素，並等待 3.058325863410765 秒
2024-12-18 13:19:15 [INFO] Worker 4: 向下滑動: 337 像素，並等待 4.113371428714664 秒
2024-12-18 13:19:15 [INFO] Worker 5: 向下滑動: 248 像素，並等待 4.952526815543952 秒
2024-12-18 13:19:16 [INFO] Worker 2: 向下滑動: 336 像素，並等待 4.741227480678484 秒
2024-12-18 13:19:16 [INFO] Worker 1: 向下滑動: 298 像素，並等待 4.663627470036872 秒
2024-12-18 13:19:16 [INFO] Worker 8: 向下滑動: 255 像素，並等待 4.0064696843748315 秒
2024-12-18 13:19:18 [INFO] Worker 4: 向下滑動: 276 像素，並等待 3.1488951464916917 秒
2024-12-18 13:19:18 [INFO] Worker 6: 向下滑動: 336 像素，並等待 4.557052527737875 秒
2024-12-18 13:19:18 [INFO] Worker 3: 向下滑動: 212 像素，並等待 4.695096031473767 秒
2024-12-18 13:19:18 [INFO] Worker 7: 向下滑動: 357 像素，並等待 4.409628176831696 秒
2024-12-18 13:19:19 [INFO] Worker 5: 向下滑動: 336 像素，並等待 3.896291771201269 秒
2024-12-18 13:19:20 [INFO] Worker 2: 向下滑動: 261 像素，並等待 3.9603903501781628 秒
2024-12-18 13:19:20 [INFO] Worker 1: 向下滑動: 244 像素，並等待 4.152335720418595 秒
2024-12-18 13:19:21 [INFO] Worker 8: 向下滑動: 384 像素，並等待 4.567419151424905 秒
2024-12-18 13:19:21 [INFO] Worker 4: 向下滑動: 297 像素，並等待 3.019961099586393 秒
2024-12-18 13:19:22 [INFO] Worker 6: 向下滑動: 400 像素，並等待 3.3559488736692913 秒
2024-12-18 13:19:22 [INFO] Worker 3: 向下滑動: 386 像素，並等待 3.6155397246248597 秒
2024-12-18 13:19:23 [INFO] Worker 7: 向下滑動: 330 像素，並等待 4.7090992985264455 秒
2024-12-18 13:19:24 [INFO] Worker 5: 向下滑動: 277 像素，並等待 4.631139052377316 秒
2024-12-18 13:19:24 [INFO] Worker 2: 向下滑動: 398 像素，並等待 4.219411030861387 秒
2024-12-18 13:19:24 [INFO] Worker 8: 向下滑動: 324 像素，並等待 3.606351423042117 秒
2024-12-18 13:19:24 [INFO] Worker 1: 向下滑動: 311 像素，並等待 4.221450092236821 秒
2024-12-18 13:19:25 [INFO] Worker 4: 向下滑動: 208 像素，並等待 4.026279083075963 秒
2024-12-18 13:19:26 [INFO] Worker 3: 向下滑動: 309 像素，並等待 3.672227953308292 秒
2024-12-18 13:19:26 [INFO] Worker 6: 向下滑動: 350 像素，並等待 4.0310227023175464 秒
2024-12-18 13:19:27 [INFO] Worker 7: 向下滑動: 214 像素，並等待 3.962590239465031 秒
2024-12-18 13:19:28 [INFO] Worker 5: 向下滑動: 252 像素，並等待 3.8778656696525067 秒
2024-12-18 13:19:28 [INFO] Worker 8: 向下滑動: 336 像素，並等待 3.6797516353414177 秒
2024-12-18 13:19:28 [INFO] Worker 4: 向下滑動: 201 像素，並等待 3.2727339966077 秒
2024-12-18 13:19:28 [INFO] Worker 2: 向下滑動: 251 像素，並等待 4.588326253658674 秒
2024-12-18 13:19:29 [INFO] Worker 1: 向下滑動: 318 像素，並等待 4.404965153687681 秒
2024-12-18 13:19:30 [INFO] Worker 3: 向下滑動: 303 像素，並等待 4.409881124196131 秒
2024-12-18 13:19:30 [INFO] Worker 6: 向下滑動: 230 像素，並等待 4.742313556707517 秒
2024-12-18 13:19:31 [INFO] Worker 7: 向下滑動: 386 像素，並等待 3.8746388957470135 秒
2024-12-18 13:19:31 [INFO] Worker 2: 向下滑動: 249 像素，並等待 3.1195934074795435 秒
2024-12-18 13:19:32 [INFO] Worker 4: 向下滑動: 206 像素，並等待 3.680269782571181 秒
2024-12-18 13:19:32 [INFO] Worker 5: 向下滑動: 380 像素，並等待 4.9329612455574905 秒
2024-12-18 13:19:33 [INFO] Worker 8: 向下滑動: 345 像素，並等待 4.534624219842543 秒
2024-12-18 13:19:34 [INFO] Worker 1: 向下滑動: 325 像素，並等待 4.750442764631373 秒
2024-12-18 13:19:34 [INFO] Worker 6: 向下滑動: 257 像素，並等待 3.414971035983742 秒
2024-12-18 13:19:35 [INFO] Worker 3: 向下滑動: 249 像素，並等待 4.628706615839915 秒
2024-12-18 13:19:35 [INFO] Worker 7: 向下滑動: 353 像素，並等待 3.7523450878789073 秒
2024-12-18 13:19:36 [INFO] Worker 2: 向下滑動: 348 像素，並等待 4.394900814534178 秒
2024-12-18 13:19:36 [INFO] Worker 5: 向下滑動: 375 像素，並等待 3.533525636990203 秒
2024-12-18 13:19:36 [INFO] Worker 4: 向下滑動: 291 像素，並等待 4.547484180040549 秒
2024-12-18 13:19:37 [INFO] Worker 8: 向下滑動: 279 像素，並等待 3.9571659215286497 秒
2024-12-18 13:19:38 [INFO] Worker 3: 向下滑動: 386 像素，並等待 3.0377169533133586 秒
2024-12-18 13:19:38 [INFO] Worker 1: 向下滑動: 326 像素，並等待 4.628758352554671 秒
2024-12-18 13:19:38 [INFO] Worker 7: 向下滑動: 290 像素，並等待 3.5065030412111176 秒
2024-12-18 13:19:38 [INFO] Worker 6: 向下滑動: 246 像素，並等待 4.603349698533647 秒
2024-12-18 13:19:40 [INFO] Worker 5: 向下滑動: 238 像素，並等待 3.6198694853071336 秒
2024-12-18 13:19:40 [INFO] Worker 4: 向下滑動: 311 像素，並等待 3.8862981835961796 秒
2024-12-18 13:19:41 [INFO] Worker 2: 向下滑動: 318 像素，並等待 4.6131626662816245 秒
2024-12-18 13:19:41 [INFO] Worker 8: 向下滑動: 286 像素，並等待 4.506553552801887 秒
2024-12-18 13:19:42 [INFO] Worker 1: 向下滑動: 323 像素，並等待 3.6083530883625072 秒
2024-12-18 13:19:42 [INFO] Worker 7: 向下滑動: 258 像素，並等待 3.8388639340421875 秒
2024-12-18 13:19:43 [INFO] Worker 3: 向下滑動: 238 像素，並等待 4.802168651888185 秒
2024-12-18 13:19:43 [INFO] Worker 6: 向下滑動: 380 像素，並等待 4.499360990670549 秒
2024-12-18 13:19:44 [INFO] Worker 5: 向下滑動: 315 像素，並等待 4.053303798320335 秒
2024-12-18 13:19:45 [INFO] Worker 2: 向下滑動: 207 像素，並等待 4.135731337243775 秒
2024-12-18 13:19:45 [INFO] Worker 4: 向下滑動: 237 像素，並等待 4.4141909577479215 秒
2024-12-18 13:19:46 [INFO] Worker 3: 向下滑動: 284 像素，並等待 3.2900123590250083 秒
2024-12-18 13:19:46 [INFO] Worker 8: 向下滑動: 311 像素，並等待 4.746689750015982 秒
2024-12-18 13:19:46 [INFO] Worker 7: 向下滑動: 367 像素，並等待 3.979927729685583 秒
2024-12-18 13:19:46 [INFO] Worker 6: 向下滑動: 275 像素，並等待 3.2640177670207695 秒
2024-12-18 13:19:46 [INFO] Worker 1: 向下滑動: 264 像素，並等待 4.445944667844685 秒
2024-12-18 13:19:47 [INFO] Worker 5: 向下滑動: 358 像素，並等待 3.536562249456698 秒
2024-12-18 13:19:49 [INFO] Worker 4: 向下滑動: 391 像素，並等待 3.8190204460617063 秒
2024-12-18 13:19:49 [INFO] Worker 3: 向下滑動: 268 像素，並等待 3.2330957610026188 秒
2024-12-18 13:19:49 [INFO] Worker 2: 向下滑動: 375 像素，並等待 4.740383819543514 秒
2024-12-18 13:19:50 [INFO] Worker 6: 向下滑動: 371 像素，並等待 4.177057283047814 秒
2024-12-18 13:19:51 [INFO] Worker 8: 向下滑動: 303 像素，並等待 4.610554876201037 秒
2024-12-18 13:19:51 [INFO] Worker 7: 向下滑動: 276 像素，並等待 4.335291764065155 秒
2024-12-18 13:19:51 [INFO] Worker 1: 向下滑動: 393 像素，並等待 4.405429087748181 秒
2024-12-18 13:19:51 [INFO] Worker 5: 向下滑動: 355 像素，並等待 3.675871894117851 秒
2024-12-18 13:19:52 [INFO] Worker 4: 向下滑動: 203 像素，並等待 3.879754796985976 秒
2024-12-18 13:19:53 [INFO] Worker 2: 向下滑動: 319 像素，並等待 3.5218909868805692 秒
2024-12-18 13:19:54 [INFO] Worker 3: 向下滑動: 276 像素，並等待 4.860978269367337 秒
2024-12-18 13:19:54 [INFO] Worker 8: 向下滑動: 276 像素，並等待 3.491883285218692 秒
2024-12-18 13:19:54 [INFO] Worker 7: 向下滑動: 331 像素，並等待 3.5849156526880446 秒
2024-12-18 13:19:55 [INFO] Worker 6: 向下滑動: 261 像素，並等待 4.983952782205323 秒
2024-12-18 13:19:56 [INFO] Worker 1: 向下滑動: 214 像素，並等待 4.849126102634797 秒
2024-12-18 13:19:56 [INFO] Worker 5: 向下滑動: 235 像素，並等待 4.841946752603812 秒
2024-12-18 13:19:56 [INFO] Worker 2: 向下滑動: 302 像素，並等待 3.40491409138279 秒
2024-12-18 13:19:57 [INFO] Worker 4: 向下滑動: 368 像素，並等待 4.974708222330323 秒
2024-12-18 13:19:57 [INFO] Worker 8: 向下滑動: 354 像素，並等待 3.4504803291682364 秒
2024-12-18 13:19:58 [INFO] Worker 3: 向下滑動: 347 像素，並等待 3.564155892496367 秒
2024-12-18 13:19:59 [INFO] Worker 7: 向下滑動: 228 像素，並等待 4.489846192372117 秒
2024-12-18 13:19:59 [INFO] Worker 1: 向下滑動: 323 像素，並等待 3.3939270131760613 秒
2024-12-18 13:20:00 [INFO] Worker 6: 向下滑動: 279 像素，並等待 4.764373610643535 秒
2024-12-18 13:20:00 [INFO] Worker 5: 向下滑動: 362 像素，並等待 4.46207601635942 秒
2024-12-18 13:20:01 [INFO] Worker 4: 向下滑動: 224 像素，並等待 3.2248108928458508 秒
2024-12-18 13:20:01 [INFO] Worker 2: 向下滑動: 201 像素，並等待 4.278721303053709 秒
2024-12-18 13:20:02 [INFO] Worker 8: 向下滑動: 220 像素，並等待 4.221629248561492 秒
2024-12-18 13:20:02 [INFO] Worker 3: 向下滑動: 322 像素，並等待 4.660572958973001 秒
2024-12-18 13:20:03 [INFO] Worker 7: 向下滑動: 213 像素，並等待 4.4806421843899376 秒
2024-12-18 13:20:04 [INFO] Worker 1: 向下滑動: 233 像素，並等待 4.8681312368308305 秒
2024-12-18 13:20:04 [INFO] Worker 5: 向下滑動: 359 像素，並等待 3.7829481116480284 秒
2024-12-18 13:20:05 [INFO] Worker 4: 向下滑動: 266 像素，並等待 4.191313996664898 秒
2024-12-18 13:20:05 [INFO] Worker 6: 向下滑動: 379 像素，並等待 4.754246087826095 秒
2024-12-18 13:20:05 [INFO] Worker 2: 向下滑動: 314 像素，並等待 4.731159909854664 秒
2024-12-18 13:20:06 [INFO] Worker 3: 向下滑動: 324 像素，並等待 4.050482684766132 秒
2024-12-18 13:20:07 [INFO] Worker 8: 向下滑動: 286 像素，並等待 4.878805807371416 秒
2024-12-18 13:20:07 [INFO] Worker 7: 向下滑動: 335 像素，並等待 3.4507078118966446 秒
2024-12-18 13:20:07 [INFO] Worker 1: 向下滑動: 258 像素，並等待 3.1146607297112556 秒
2024-12-18 13:20:07 [INFO] Worker 5: 向下滑動: 273 像素，並等待 3.1497704590139683 秒
2024-12-18 13:20:09 [INFO] Worker 2: 向下滑動: 289 像素，並等待 3.41384726044447 秒
2024-12-18 13:20:09 [INFO] Worker 4: 向下滑動: 275 像素，並等待 4.041721698141773 秒
2024-12-18 13:20:09 [INFO] Worker 6: 向下滑動: 331 像素，並等待 3.8870024762152653 秒
2024-12-18 13:20:10 [INFO] Worker 3: 向下滑動: 391 像素，並等待 3.2247158709814783 秒
2024-12-18 13:20:11 [INFO] Worker 8: 向下滑動: 204 像素，並等待 4.086970351466676 秒
2024-12-18 13:20:11 [INFO] Worker 7: 向下滑動: 309 像素，並等待 4.3895969014221965 秒
2024-12-18 13:20:12 [INFO] Worker 1: 向下滑動: 395 像素，並等待 4.494893414153516 秒
2024-12-18 13:20:12 [INFO] Worker 5: 向下滑動: 241 像素，並等待 4.299322731463212 秒
2024-12-18 13:20:13 [INFO] Worker 6: 向下滑動: 310 像素，並等待 3.594288650188889 秒
2024-12-18 13:20:13 [INFO] Worker 4: 向下滑動: 221 像素，並等待 3.8289609357650725 秒
2024-12-18 13:20:13 [INFO] Worker 3: 向下滑動: 329 像素，並等待 3.324633927184986 秒
2024-12-18 13:20:13 [INFO] Worker 2: 向下滑動: 381 像素，並等待 4.423689915625665 秒
2024-12-18 13:20:14 [INFO] Worker 8: 向下滑動: 396 像素，並等待 3.520876643079436 秒
2024-12-18 13:20:15 [INFO] Worker 5: 向下滑動: 235 像素，並等待 3.34308661489595 秒
2024-12-18 13:20:15 [INFO] Worker 7: 向下滑動: 390 像素，並等待 4.411457318696132 秒
2024-12-18 13:20:16 [INFO] Worker 1: 向下滑動: 322 像素，並等待 4.122581134658305 秒
2024-12-18 13:20:16 [INFO] Worker 6: 向下滑動: 203 像素，並等待 3.1742038476644048 秒
2024-12-18 13:20:16 [INFO] Worker 3: 向下滑動: 200 像素，並等待 3.3182143313143975 秒
2024-12-18 13:20:17 [INFO] Worker 4: 向下滑動: 256 像素，並等待 4.511259832341297 秒
2024-12-18 13:20:18 [INFO] Worker 2: 向下滑動: 237 像素，並等待 4.542918934243306 秒
2024-12-18 13:20:19 [INFO] Worker 8: 向下滑動: 270 像素，並等待 4.4791348489936285 秒
2024-12-18 13:20:19 [INFO] Worker 5: 向下滑動: 208 像素，並等待 3.978966917194059 秒
2024-12-18 13:20:19 [INFO] Worker 7: 向下滑動: 346 像素，並等待 3.6283806155926497 秒
2024-12-18 13:20:20 [INFO] Worker 1: 向下滑動: 254 像素，並等待 4.203763843760639 秒
2024-12-18 13:20:20 [INFO] Worker 6: 向下滑動: 234 像素，並等待 4.553940113655138 秒
2024-12-18 13:20:21 [INFO] Worker 3: 向下滑動: 344 像素，並等待 4.355942270080863 秒
2024-12-18 13:20:21 [INFO] Worker 4: 向下滑動: 230 像素，並等待 3.7124580673657963 秒
2024-12-18 13:20:22 [INFO] Worker 2: 向下滑動: 341 像素，並等待 3.8700841535171335 秒
2024-12-18 13:20:23 [INFO] Worker 8: 向下滑動: 313 像素，並等待 4.24069149680871 秒
2024-12-18 13:20:23 [INFO] Worker 5: 向下滑動: 293 像素，並等待 4.12159101568078 秒
2024-12-18 13:20:23 [INFO] Worker 7: 向下滑動: 285 像素，並等待 4.141955176686176 秒
2024-12-18 13:20:23 [INFO] Worker 1: 向下滑動: 242 像素，並等待 3.5024902854610542 秒
2024-12-18 13:20:24 [INFO] Worker 4: 帳號 66637943259 的任務已結束
2024-12-18 13:20:24 [INFO] Worker 9: 開始處理帳號 66991704166
2024-12-18 13:20:24 [INFO] Worker 3: 向下滑動: 278 像素，並等待 3.5188389452537776 秒
2024-12-18 13:20:24 [INFO] Worker 6: 向下滑動: 345 像素，並等待 3.857564272286725 秒
2024-12-18 13:20:26 [INFO] Worker 2: 向下滑動: 378 像素，並等待 4.787030014298063 秒
2024-12-18 13:20:27 [INFO] Worker 1: 向下滑動: 265 像素，並等待 3.189027499380737 秒
2024-12-18 13:20:27 [INFO] Worker 7: 向下滑動: 359 像素，並等待 3.819451164374321 秒
2024-12-18 13:20:27 [INFO] Worker 6: 向下滑動: 371 像素，並等待 3.1812365170582533 秒
2024-12-18 13:20:27 [INFO] Worker 8: 向下滑動: 206 像素，並等待 4.4061352573320285 秒
2024-12-18 13:20:28 [INFO] Worker 5: 向下滑動: 274 像素，並等待 4.653062194608539 秒
2024-12-18 13:20:29 [INFO] Worker 3: 向下滑動: 245 像素，並等待 4.7039304130299495 秒
2024-12-18 13:20:30 [INFO] Worker 1: 向下滑動: 341 像素，並等待 3.3564597265633687 秒
2024-12-18 13:20:30 [INFO] Worker 2: 向下滑動: 279 像素，並等待 3.563517770787665 秒
2024-12-18 13:20:31 [INFO] Worker 8: 向下滑動: 219 像素，並等待 3.1798611030731125 秒
2024-12-18 13:20:32 [INFO] Worker 7: 向下滑動: 389 像素，並等待 4.521999243990437 秒
2024-12-18 13:20:32 [INFO] Worker 6: 向下滑動: 369 像素，並等待 4.576687334954729 秒
2024-12-18 13:20:32 [INFO] Worker 5: 向下滑動: 329 像素，並等待 4.471353421857369 秒
2024-12-18 13:20:32 [INFO] Worker 2: 瀏覽器已關閉，任務已完成
2024-12-18 13:20:33 [INFO] Worker 3: 向下滑動: 384 像素，並等待 4.136692411822013 秒
2024-12-18 13:20:33 [INFO] Worker 2: 帳號 66637943259 的任務已結束
2024-12-18 13:20:33 [INFO] Worker 10: 開始處理帳號 66646155782
2024-12-18 13:20:33 [INFO] Worker 1: 向下滑動: 293 像素，並等待 3.446429335660201 秒
2024-12-18 13:20:34 [INFO] Worker 9: 代理 kamoney03.ddns.net:24009 設置成功
2024-12-18 13:20:35 [INFO] Worker 8: 向下滑動: 280 像素，並等待 3.9264155559084593 秒
2024-12-18 13:20:35 [INFO] Worker 6: 向下滑動: 348 像素，並等待 3.042677088488147 秒
2024-12-18 13:20:35 [INFO] Worker 9: Cookies 已加載成功: cookies\66991704166_cookies.json
2024-12-18 13:20:36 [INFO] Worker 7: 向下滑動: 273 像素，並等待 3.9923699321120623 秒
2024-12-18 13:20:36 [INFO] Worker 5: 向下滑動: 201 像素，並等待 3.7351968475289894 秒
2024-12-18 13:20:36 [INFO] Worker 3: 向下滑動: 345 像素，並等待 3.2397655504216982 秒
2024-12-18 13:20:37 [INFO] Worker 1: 向下滑動: 275 像素，並等待 3.36781174803393 秒
2024-12-18 13:20:39 [INFO] Worker 6: 向下滑動: 294 像素，並等待 3.72533522129174 秒
2024-12-18 13:20:39 [INFO] Worker 9: 帳號 66991704166 使用 cookies 成功登入
2024-12-18 13:20:39 [INFO] Worker 9: 登錄成功，開始處理帳號 66991704166 的操作...
2024-12-18 13:20:39 [INFO] Worker 9: 開始跳轉操作...
2024-12-18 13:20:39 [INFO] Worker 9: 正在開啟貼文: https://www.facebook.com/share/18QgQ2Y2dz/
2024-12-18 13:20:40 [INFO] Worker 8: 向下滑動: 202 像素，並等待 4.9715954415205434 秒
2024-12-18 13:20:40 [INFO] Worker 7: 向下滑動: 272 像素，並等待 4.679963886258683 秒
2024-12-18 13:20:40 [INFO] Worker 5: 帳號 66619622845 的任務已結束
2024-12-18 13:20:40 [INFO] Worker 11: 開始處理帳號 66643407753
2024-12-18 13:20:41 [INFO] Worker 3: 向下滑動: 307 像素，並等待 4.953777939843184 秒
2024-12-18 13:20:42 [INFO] Worker 1: 向下滑動: 254 像素，並等待 4.766124857001687 秒
2024-12-18 13:20:42 [INFO] Worker 9 隨機停留 6 秒
2024-12-18 13:20:43 [INFO] Worker 8: 帳號 66823237283 的任務已結束
2024-12-18 13:20:43 [INFO] Worker 12: 開始處理帳號 66954958462
2024-12-18 13:20:43 [INFO] Worker 6: 向下滑動: 341 像素，並等待 4.3655055598230925 秒
2024-12-18 13:20:44 [INFO] Worker 3: 向下滑動: 303 像素，並等待 3.046343528429734 秒
2024-12-18 13:20:44 [INFO] Worker 10: 代理 kamoney03.ddns.net:24010 設置成功
2024-12-18 13:20:45 [INFO] Worker 7: 向下滑動: 279 像素，並等待 4.237822738842741 秒
2024-12-18 13:20:45 [INFO] Worker 1: 向下滑動: 253 像素，並等待 3.4752315482881713 秒
2024-12-18 13:20:46 [INFO] Worker 10: Cookies 已加載成功: cookies\66646155782_cookies.json
2024-12-18 13:20:46 [INFO] Worker 6: 帳號 66935324825 的任務已結束
2024-12-18 13:20:46 [INFO] Worker 13: 開始處理帳號 66804035563
2024-12-18 13:20:48 [INFO] Worker 10: 帳號 66646155782 使用 cookies 成功登入
2024-12-18 13:20:48 [INFO] Worker 10: 登錄成功，開始處理帳號 66646155782 的操作...
2024-12-18 13:20:48 [INFO] Worker 10: 開始跳轉操作...
2024-12-18 13:20:48 [INFO] Worker 10: 正在開啟貼文: https://www.facebook.com/share/18QgQ2Y2dz/
2024-12-18 13:20:48 [INFO] Worker 3: 向下滑動: 208 像素，並等待 4.055331052006172 秒
2024-12-18 13:20:48 [INFO] Worker 9: 貼文已按過讚，無需重複操作
2024-12-18 13:20:48 [INFO] Worker 9 按讚後隨機停留 3 秒
2024-12-18 13:20:49 [INFO] Worker 7: 向下滑動: 291 像素，並等待 4.115522683898503 秒
2024-12-18 13:20:49 [INFO] Worker 1: 向下滑動: 286 像素，並等待 3.7339628242095344 秒
2024-12-18 13:20:50 [INFO] Worker 11: 代理 kamoney03.ddns.net:24011 設置成功
2024-12-18 13:20:51 [INFO] Worker 9: 正在開啟網站: https://japanticket.com/prestige/tw/hokkaido/?fbclid=IwY2xjawHOKBpleHRuA2FlbQIxMAABHaGHzkUa9Xrj3SjatXaC9Yb4VFZXJHVNg6UjonFymwRNzb_q9RvBc3yZxA_aem_RLkYjGlaRRosmk8r7xkD4g#utm_source=prestige_tw_fb&utm_medium=social&utm_campaign=hokkaido_tour_tw_fb
2024-12-18 13:20:51 [INFO] Worker 11: Cookies 已加載成功: cookies\66643407753_cookies.json
2024-12-18 13:20:52 [INFO] Worker 3: 帳號 66634899161 的任務已結束
2024-12-18 13:20:52 [INFO] Worker 14: 開始處理帳號 66823121944
2024-12-18 13:20:52 [INFO] Worker 1: 帳號 66634899161 的任務已結束
2024-12-18 13:20:52 [INFO] Worker 15: 開始處理帳號 66814785452
2024-12-18 13:20:52 [INFO] Worker 10 隨機停留 7 秒
2024-12-18 13:20:53 [INFO] Worker 7: 向下滑動: 365 像素，並等待 4.1251139253503455 秒
2024-12-18 13:20:53 [INFO] Worker 12: 代理 kamoney03.ddns.net:24012 設置成功
2024-12-18 13:20:54 [INFO] Worker 11: 帳號 66643407753 使用 cookies 成功登入
2024-12-18 13:20:54 [INFO] Worker 11: 登錄成功，開始處理帳號 66643407753 的操作...
2024-12-18 13:20:54 [INFO] Worker 11: 開始跳轉操作...
2024-12-18 13:20:54 [INFO] Worker 11: 正在開啟貼文: https://www.facebook.com/share/18QgQ2Y2dz/
2024-12-18 13:20:55 [INFO] Worker 12: Cookies 已加載成功: cookies\66954958462_cookies.json
2024-12-18 13:20:56 [INFO] Worker 9 隨機停留時間: 142 秒
2024-12-18 13:20:56 [INFO] Worker 13: 代理 kamoney03.ddns.net:24013 設置成功
2024-12-18 13:20:57 [INFO] Worker 11 隨機停留 6 秒
2024-12-18 13:20:58 [INFO] Worker 13: Cookies 已加載成功: cookies\66804035563_cookies.json
2024-12-18 13:20:58 [INFO] Worker 7: 向下滑動: 298 像素，並等待 4.9825482607448865 秒
2024-12-18 13:20:59 [INFO] Worker 12: 帳號 66954958462 使用 cookies 成功登入
2024-12-18 13:20:59 [INFO] Worker 12: 登錄成功，開始處理帳號 66954958462 的操作...
2024-12-18 13:20:59 [INFO] Worker 12: 開始跳轉操作...
2024-12-18 13:20:59 [INFO] Worker 12: 正在開啟貼文: https://www.facebook.com/share/18QgQ2Y2dz/
2024-12-18 13:20:59 [INFO] Worker 9: 向下滑動: 395 像素，並等待 3.76520457609853 秒
2024-12-18 13:21:00 [INFO] Worker 10: 貼文已按過讚，無需重複操作
2024-12-18 13:21:00 [INFO] Worker 10 按讚後隨機停留 3 秒
2024-12-18 13:21:01 [INFO] Worker 13: 帳號 66804035563 使用 cookies 成功登入
2024-12-18 13:21:01 [INFO] Worker 13: 登錄成功，開始處理帳號 66804035563 的操作...
2024-12-18 13:21:01 [INFO] Worker 13: 開始跳轉操作...
2024-12-18 13:21:01 [INFO] Worker 13: 正在開啟貼文: https://www.facebook.com/share/18QgQ2Y2dz/
2024-12-18 13:21:02 [INFO] Worker 7: 向下滑動: 330 像素，並等待 4.223862428585941 秒
2024-12-18 13:21:03 [INFO] Worker 10: 正在開啟網站: https://japanticket.com/prestige/tw/hokkaido/?fbclid=IwY2xjawHOKBpleHRuA2FlbQIxMAABHaGHzkUa9Xrj3SjatXaC9Yb4VFZXJHVNg6UjonFymwRNzb_q9RvBc3yZxA_aem_RLkYjGlaRRosmk8r7xkD4g#utm_source=prestige_tw_fb&utm_medium=social&utm_campaign=hokkaido_tour_tw_fb
2024-12-18 13:21:03 [INFO] Worker 12 隨機停留 8 秒
2024-12-18 13:21:04 [INFO] Worker 9: 向下滑動: 282 像素，並等待 4.271257192760723 秒
2024-12-18 13:21:04 [INFO] Worker 11: 貼文已按過讚，無需重複操作
2024-12-18 13:21:04 [INFO] Worker 11 按讚後隨機停留 5 秒
2024-12-18 13:21:05 [INFO] Worker 13 隨機停留 6 秒
2024-12-18 13:21:06 [INFO] Worker 14: 代理 kamoney03.ddns.net:24014 設置成功
2024-12-18 13:21:06 [INFO] Worker 15: 代理 kamoney03.ddns.net:24015 設置成功
2024-12-18 13:21:07 [INFO] Worker 7: 向下滑動: 374 像素，並等待 4.65913755430204 秒
2024-12-18 13:21:08 [INFO] Worker 14: Cookies 已加載成功: cookies\66823121944_cookies.json
2024-12-18 13:21:08 [INFO] Worker 9: 向下滑動: 315 像素，並等待 4.327193054287454 秒
2024-12-18 13:21:08 [INFO] Worker 15: Cookies 已加載成功: cookies\66814785452_cookies.json
2024-12-18 13:21:09 [INFO] Worker 10 隨機停留時間: 149 秒
2024-12-18 13:21:09 [INFO] Worker 11: 正在開啟網站: https://japanticket.com/prestige/tw/hokkaido/?fbclid=IwY2xjawHOKBpleHRuA2FlbQIxMAABHaGHzkUa9Xrj3SjatXaC9Yb4VFZXJHVNg6UjonFymwRNzb_q9RvBc3yZxA_aem_RLkYjGlaRRosmk8r7xkD4g#utm_source=prestige_tw_fb&utm_medium=social&utm_campaign=hokkaido_tour_tw_fb
2024-12-18 13:21:10 [INFO] Worker 15: 帳號 66814785452 使用 cookies 成功登入
2024-12-18 13:21:10 [INFO] Worker 15: 登錄成功，開始處理帳號 66814785452 的操作...
2024-12-18 13:21:10 [INFO] Worker 15: 開始跳轉操作...
2024-12-18 13:21:10 [INFO] Worker 15: 正在開啟貼文: https://www.facebook.com/share/18QgQ2Y2dz/
2024-12-18 13:21:11 [INFO] Worker 14: 帳號 66823121944 使用 cookies 成功登入
2024-12-18 13:21:11 [INFO] Worker 14: 登錄成功，開始處理帳號 66823121944 的操作...
2024-12-18 13:21:11 [INFO] Worker 14: 開始跳轉操作...
2024-12-18 13:21:11 [INFO] Worker 14: 正在開啟貼文: https://www.facebook.com/share/18QgQ2Y2dz/
2024-12-18 13:21:11 [INFO] Worker 7: 向下滑動: 219 像素，並等待 4.198813232332079 秒
2024-12-18 13:21:11 [INFO] Worker 12: 貼文已按過讚，無需重複操作
2024-12-18 13:21:11 [INFO] Worker 12 按讚後隨機停留 3 秒
2024-12-18 13:21:12 [INFO] Worker 13: 貼文已按過讚，無需重複操作
2024-12-18 13:21:12 [INFO] Worker 13 按讚後隨機停留 5 秒
2024-12-18 13:21:12 [INFO] Worker 10: 向下滑動: 295 像素，並等待 3.1367801549507788 秒
2024-12-18 13:21:13 [INFO] Worker 9: 向下滑動: 400 像素，並等待 4.529864050612968 秒
2024-12-18 13:21:13 [INFO] Worker 15 隨機停留 6 秒
2024-12-18 13:21:14 [INFO] Worker 14 隨機停留 8 秒
2024-12-18 13:21:14 [INFO] Worker 12: 正在開啟網站: https://japanticket.com/prestige/tw/hokkaido/?fbclid=IwY2xjawHOKBpleHRuA2FlbQIxMAABHaGHzkUa9Xrj3SjatXaC9Yb4VFZXJHVNg6UjonFymwRNzb_q9RvBc3yZxA_aem_RLkYjGlaRRosmk8r7xkD4g#utm_source=prestige_tw_fb&utm_medium=social&utm_campaign=hokkaido_tour_tw_fb
2024-12-18 13:21:15 [INFO] Worker 11 隨機停留時間: 175 秒
2024-12-18 13:21:16 [INFO] Worker 7: 向下滑動: 369 像素，並等待 4.43231141619074 秒
2024-12-18 13:21:17 [INFO] Worker 10: 向下滑動: 225 像素，並等待 4.256547318234977 秒
2024-12-18 13:21:17 [INFO] Worker 13: 正在開啟網站: https://japanticket.com/prestige/tw/hokkaido/?fbclid=IwY2xjawHOKBpleHRuA2FlbQIxMAABHaGHzkUa9Xrj3SjatXaC9Yb4VFZXJHVNg6UjonFymwRNzb_q9RvBc3yZxA_aem_RLkYjGlaRRosmk8r7xkD4g#utm_source=prestige_tw_fb&utm_medium=social&utm_campaign=hokkaido_tour_tw_fb
2024-12-18 13:21:17 [INFO] Worker 9: 向下滑動: 376 像素，並等待 4.36176303536476 秒
2024-12-18 13:21:19 [INFO] Worker 11: 向下滑動: 311 像素，並等待 3.7250499746876358 秒
2024-12-18 13:21:19 [INFO] Worker 15: 貼文已按過讚，無需重複操作
2024-12-18 13:21:19 [INFO] Worker 15 按讚後隨機停留 3 秒
2024-12-18 13:21:19 [INFO] Worker 12 隨機停留時間: 187 秒
2024-12-18 13:21:20 [INFO] Worker 10: 向下滑動: 279 像素，並等待 3.49986732473214 秒
2024-12-18 13:21:21 [INFO] Worker 7: 向下滑動: 322 像素，並等待 4.762371383932507 秒
2024-12-18 13:21:21 [INFO] Worker 9: 向下滑動: 259 像素，並等待 3.989797907707021 秒
2024-12-18 13:21:22 [INFO] Worker 14: 貼文已按過讚，無需重複操作
2024-12-18 13:21:22 [INFO] Worker 14 按讚後隨機停留 3 秒
2024-12-18 13:21:22 [INFO] Worker 11: 向下滑動: 243 像素，並等待 3.055898605968469 秒
2024-12-18 13:21:22 [INFO] Worker 15: 正在開啟網站: https://japanticket.com/prestige/tw/hokkaido/?fbclid=IwY2xjawHOKBpleHRuA2FlbQIxMAABHaGHzkUa9Xrj3SjatXaC9Yb4VFZXJHVNg6UjonFymwRNzb_q9RvBc3yZxA_aem_RLkYjGlaRRosmk8r7xkD4g#utm_source=prestige_tw_fb&utm_medium=social&utm_campaign=hokkaido_tour_tw_fb
2024-12-18 13:21:22 [INFO] Worker 13 隨機停留時間: 191 秒
2024-12-18 13:21:24 [INFO] Worker 12: 向下滑動: 391 像素，並等待 4.038578653520057 秒
2024-12-18 13:21:25 [INFO] Worker 14: 正在開啟網站: https://japanticket.com/prestige/tw/hokkaido/?fbclid=IwY2xjawHOKBpleHRuA2FlbQIxMAABHaGHzkUa9Xrj3SjatXaC9Yb4VFZXJHVNg6UjonFymwRNzb_q9RvBc3yZxA_aem_RLkYjGlaRRosmk8r7xkD4g#utm_source=prestige_tw_fb&utm_medium=social&utm_campaign=hokkaido_tour_tw_fb
2024-12-18 13:21:25 [INFO] Worker 10: 向下滑動: 318 像素，並等待 4.927891897953939 秒
2024-12-18 13:21:25 [INFO] Worker 11: 向下滑動: 252 像素，並等待 3.2017759833830963 秒
2024-12-18 13:21:25 [INFO] Worker 7: 向下滑動: 332 像素，並等待 4.188650079903525 秒
2024-12-18 13:21:26 [INFO] Worker 9: 向下滑動: 241 像素，並等待 4.415856284576483 秒
2024-12-18 13:21:26 [INFO] Worker 13: 向下滑動: 256 像素，並等待 3.4158231537084265 秒
2024-12-18 13:21:27 [INFO] Worker 15 隨機停留時間: 174 秒
2024-12-18 13:21:27 [INFO] Worker 12: 向下滑動: 253 像素，並等待 3.7775444853543996 秒
2024-12-18 13:21:28 [INFO] Worker 10: 向下滑動: 345 像素，並等待 3.171569394918248 秒
2024-12-18 13:21:29 [INFO] Worker 7: 向下滑動: 209 像素，並等待 3.5336647202020766 秒
2024-12-18 13:21:29 [INFO] Worker 9: 向下滑動: 290 像素，並等待 3.5168594416538586 秒
2024-12-18 13:21:29 [INFO] Worker 13: 向下滑動: 280 像素，並等待 3.5513857433556275 秒
2024-12-18 13:21:30 [INFO] Worker 11: 向下滑動: 290 像素，並等待 4.575844115874104 秒
2024-12-18 13:21:30 [INFO] Worker 15: 向下滑動: 316 像素，並等待 3.191503748447145 秒
2024-12-18 13:21:30 [INFO] Worker 14 隨機停留時間: 171 秒
2024-12-18 13:21:31 [INFO] Worker 12: 向下滑動: 286 像素，並等待 3.2386317194254364 秒
2024-12-18 13:21:32 [INFO] Worker 10: 向下滑動: 206 像素，並等待 3.4839713629203097 秒
2024-12-18 13:21:33 [INFO] Worker 9: 向下滑動: 253 像素，並等待 3.584039465501494 秒
2024-12-18 13:21:33 [INFO] Worker 7: 向下滑動: 258 像素，並等待 4.826413996391915 秒
2024-12-18 13:21:34 [INFO] Worker 15: 向下滑動: 380 像素，並等待 3.799559029729558 秒
2024-12-18 13:21:34 [INFO] Worker 13: 向下滑動: 258 像素，並等待 4.582964048231236 秒
2024-12-18 13:21:34 [INFO] Worker 12: 向下滑動: 298 像素，並等待 3.5046996741531813 秒
2024-12-18 13:21:35 [INFO] Worker 11: 向下滑動: 275 像素，並等待 4.993585077531588 秒
2024-12-18 13:21:35 [INFO] Worker 14: 向下滑動: 278 像素，並等待 4.512391050513744 秒
2024-12-18 13:21:36 [INFO] Worker 10: 向下滑動: 346 像素，並等待 4.751092536790269 秒
2024-12-18 13:21:37 [INFO] Worker 7: 帳號 66990183891 的任務已結束
2024-12-18 13:21:37 [INFO] Worker 9: 向下滑動: 358 像素，並等待 4.2768210370400315 秒
2024-12-18 13:21:37 [INFO] Worker 13: 向下滑動: 290 像素，並等待 3.0389811586900883 秒
2024-12-18 13:21:38 [INFO] Worker 12: 向下滑動: 294 像素，並等待 3.8909335882555203 秒
2024-12-18 13:21:39 [INFO] Worker 15: 向下滑動: 394 像素，並等待 4.961344982574358 秒
2024-12-18 13:21:39 [INFO] Worker 11: 向下滑動: 282 像素，並等待 4.484167006398419 秒
2024-12-18 13:21:39 [INFO] Worker 14: 向下滑動: 248 像素，並等待 4.270170774052752 秒
2024-12-18 13:21:40 [INFO] Worker 10: 向下滑動: 367 像素，並等待 3.801473474822615 秒
2024-12-18 13:21:41 [INFO] Worker 13: 向下滑動: 263 像素，並等待 3.530340584911106 秒
2024-12-18 13:21:41 [INFO] Worker 9: 向下滑動: 336 像素，並等待 4.176915609039811 秒
2024-12-18 13:21:41 [INFO] Worker 12: 向下滑動: 355 像素，並等待 3.167819855147866 秒
2024-12-18 13:21:42 [INFO] Worker 15: 向下滑動: 280 像素，並等待 3.6535792167858183 秒
2024-12-18 13:21:43 [INFO] Worker 11: 向下滑動: 215 像素，並等待 3.372058205733199 秒
2024-12-18 13:21:43 [INFO] Worker 14: 向下滑動: 251 像素，並等待 3.9064711852879217 秒
2024-12-18 13:21:44 [INFO] Worker 13: 向下滑動: 200 像素，並等待 3.9362566319256307 秒
2024-12-18 13:21:45 [INFO] Worker 10: 向下滑動: 279 像素，並等待 4.603987805584134 秒
2024-12-18 13:21:45 [INFO] Worker 9: 向下滑動: 355 像素，並等待 3.760429504342368 秒
2024-12-18 13:21:45 [INFO] Worker 12: 向下滑動: 393 像素，並等待 3.7819933755561177 秒
2024-12-18 13:21:46 [INFO] Worker 11: 向下滑動: 200 像素，並等待 3.0315891534842176 秒
2024-12-18 13:21:47 [INFO] Worker 14: 向下滑動: 236 像素，並等待 3.3920940532680155 秒
2024-12-18 13:21:47 [INFO] Worker 15: 向下滑動: 352 像素，並等待 4.397729712378368 秒
2024-12-18 13:21:48 [INFO] Worker 10: 向下滑動: 376 像素，並等待 3.0397717590039877 秒
2024-12-18 13:21:48 [INFO] Worker 9: 向下滑動: 379 像素，並等待 3.1007396668311387 秒
2024-12-18 13:21:48 [INFO] Worker 12: 向下滑動: 305 像素，並等待 3.5105425309627494 秒
2024-12-18 13:21:49 [INFO] Worker 13: 向下滑動: 211 像素，並等待 4.936480824332928 秒
2024-12-18 13:21:50 [INFO] Worker 11: 向下滑動: 281 像素，並等待 4.525573427629942 秒
2024-12-18 13:21:51 [INFO] Worker 14: 向下滑動: 289 像素，並等待 4.835858918302662 秒
2024-12-18 13:21:51 [INFO] Worker 15: 向下滑動: 220 像素，並等待 4.7371848753243215 秒
2024-12-18 13:21:53 [INFO] Worker 10: 向下滑動: 224 像素，並等待 4.825534437725161 秒
2024-12-18 13:21:53 [INFO] Worker 9: 向下滑動: 346 像素，並等待 4.829988624447504 秒
2024-12-18 13:21:53 [INFO] Worker 12: 向下滑動: 224 像素，並等待 4.3924331424369445 秒
2024-12-18 13:21:53 [INFO] Worker 13: 向下滑動: 240 像素，並等待 3.4412735921139674 秒
2024-12-18 13:21:54 [INFO] Worker 11: 向下滑動: 302 像素，並等待 4.229057494287552 秒
2024-12-18 13:21:55 [INFO] Worker 15: 向下滑動: 211 像素，並等待 3.567298240584617 秒
2024-12-18 13:21:56 [INFO] Worker 13: 向下滑動: 305 像素，並等待 3.1716261087610027 秒
2024-12-18 13:21:56 [INFO] Worker 14: 向下滑動: 361 像素，並等待 4.969139710073027 秒
2024-12-18 13:21:57 [INFO] Worker 9: 向下滑動: 317 像素，並等待 4.1966970017528045 秒
2024-12-18 13:21:58 [INFO] Worker 10: 向下滑動: 351 像素，並等待 4.922209263127079 秒
2024-12-18 13:21:58 [INFO] Worker 12: 向下滑動: 379 像素，並等待 4.9103317246772065 秒
2024-12-18 13:21:59 [INFO] Worker 11: 向下滑動: 350 像素，並等待 4.7037702198390905 秒
2024-12-18 13:21:59 [INFO] Worker 15: 向下滑動: 272 像素，並等待 4.099576994235957 秒
2024-12-18 13:21:59 [INFO] Worker 13: 向下滑動: 393 像素，並等待 3.2007833386215667 秒
2024-12-18 13:22:01 [INFO] Worker 14: 向下滑動: 279 像素，並等待 4.383564119822138 秒
2024-12-18 13:22:01 [INFO] Worker 10: 向下滑動: 385 像素，並等待 3.203372677594899 秒
2024-12-18 13:22:01 [INFO] Worker 9: 向下滑動: 339 像素，並等待 3.9480183944003526 秒
2024-12-18 13:22:02 [INFO] Worker 11: 向下滑動: 338 像素，並等待 3.3152424186715406 秒
2024-12-18 13:22:03 [INFO] Worker 12: 向下滑動: 204 像素，並等待 4.731806198460933 秒
2024-12-18 13:22:03 [INFO] Worker 15: 向下滑動: 223 像素，並等待 3.770508361871486 秒
2024-12-18 13:22:04 [INFO] Worker 10: 向下滑動: 365 像素，並等待 3.14452455290499 秒
2024-12-18 13:22:04 [INFO] Worker 13: 向下滑動: 267 像素，並等待 4.830876992901254 秒
2024-12-18 13:22:04 [INFO] Worker 9: 向下滑動: 255 像素，並等待 3.196533771038781 秒
2024-12-18 13:22:05 [INFO] Worker 14: 向下滑動: 207 像素，並等待 3.91443581847825 秒
2024-12-18 13:22:06 [INFO] Worker 12: 向下滑動: 288 像素，並等待 3.132120715101511 秒
2024-12-18 13:22:07 [INFO] Worker 11: 向下滑動: 320 像素，並等待 4.091748474940388 秒
2024-12-18 13:22:07 [INFO] Worker 15: 向下滑動: 246 像素，並等待 3.6236651281892716 秒
2024-12-18 13:22:08 [INFO] Worker 14: 向下滑動: 280 像素，並等待 3.260063077516665 秒
2024-12-18 13:22:08 [INFO] Worker 10: 向下滑動: 331 像素，並等待 4.246762290431331 秒
2024-12-18 13:22:08 [INFO] Worker 13: 向下滑動: 285 像素，並等待 4.187916473570708 秒
2024-12-18 13:22:09 [INFO] Worker 9: 向下滑動: 243 像素，並等待 4.793183009253694 秒
2024-12-18 13:22:10 [INFO] Worker 15: 向下滑動: 283 像素，並等待 3.130022451682585 秒
2024-12-18 13:22:10 [INFO] Worker 12: 向下滑動: 288 像素，並等待 4.099525019371686 秒
2024-12-18 13:22:11 [INFO] Worker 11: 向下滑動: 307 像素，並等待 4.591250776880124 秒
2024-12-18 13:22:12 [INFO] Worker 14: 向下滑動: 218 像素，並等待 3.5866595572743343 秒
2024-12-18 13:22:12 [INFO] Worker 10: 向下滑動: 224 像素，並等待 3.5038192975265434 秒
2024-12-18 13:22:12 [INFO] Worker 13: 向下滑動: 398 像素，並等待 3.821522932972189 秒
2024-12-18 13:22:12 [INFO] Worker 9: 向下滑動: 344 像素，並等待 3.281215354240781 秒
2024-12-18 13:22:14 [INFO] Worker 12: 向下滑動: 239 像素，並等待 4.337643699191311 秒
2024-12-18 13:22:15 [INFO] Worker 15: 向下滑動: 337 像素，並等待 4.958179115891756 秒
2024-12-18 13:22:15 [INFO] Worker 13: 向下滑動: 400 像素，並等待 3.341119164563106 秒
2024-12-18 13:22:16 [INFO] Worker 9: 向下滑動: 231 像素，並等待 3.2246032509267626 秒
2024-12-18 13:22:16 [INFO] Worker 11: 向下滑動: 248 像素，並等待 4.47366971207209 秒
2024-12-18 13:22:16 [INFO] Worker 14: 向下滑動: 361 像素，並等待 4.059536982522629 秒
2024-12-18 13:22:16 [INFO] Worker 10: 向下滑動: 398 像素，並等待 4.586314128708205 秒
2024-12-18 13:22:18 [INFO] Worker 15: 向下滑動: 299 像素，並等待 3.111527550903835 秒
2024-12-18 13:22:19 [INFO] Worker 12: 向下滑動: 264 像素，並等待 4.543576565180488 秒
2024-12-18 13:22:20 [INFO] Worker 11: 向下滑動: 224 像素，並等待 4.221606882611176 秒
2024-12-18 13:22:20 [INFO] Worker 14: 向下滑動: 232 像素，並等待 4.361544113625838 秒
2024-12-18 13:22:20 [INFO] Worker 9: 向下滑動: 207 像素，並等待 4.594650757255211 秒
2024-12-18 13:22:20 [INFO] Worker 13: 向下滑動: 227 像素，並等待 4.759178836899893 秒
2024-12-18 13:22:21 [INFO] Worker 10: 向下滑動: 388 像素，並等待 4.7396024231962155 秒
2024-12-18 13:22:22 [INFO] Worker 15: 向下滑動: 312 像素，並等待 4.542106271181979 秒
2024-12-18 13:22:23 [INFO] Worker 12: 向下滑動: 259 像素，並等待 4.354211413872431 秒
2024-12-18 13:22:24 [INFO] Worker 13: 向下滑動: 280 像素，並等待 3.7671079598416166 秒
2024-12-18 13:22:24 [INFO] Worker 14: 向下滑動: 292 像素，並等待 4.298830258218463 秒
2024-12-18 13:22:24 [INFO] Worker 11: 向下滑動: 348 像素，並等待 4.480978718677844 秒
2024-12-18 13:22:25 [INFO] Worker 9: 向下滑動: 275 像素，並等待 4.536231946714094 秒
2024-12-18 13:22:25 [INFO] Worker 10: 向下滑動: 353 像素，並等待 4.258099238354953 秒
2024-12-18 13:22:26 [INFO] Worker 12: 向下滑動: 353 像素，並等待 3.455221156047851 秒
2024-12-18 13:22:27 [INFO] Worker 15: 向下滑動: 377 像素，並等待 4.6422727526053205 秒
2024-12-18 13:22:28 [INFO] Worker 14: 向下滑動: 319 像素，並等待 3.283500468246819 秒
2024-12-18 13:22:28 [INFO] Worker 13: 向下滑動: 367 像素，並等待 3.810623154757746 秒
2024-12-18 13:22:29 [INFO] Worker 11: 向下滑動: 209 像素，並等待 4.919423419004606 秒
2024-12-18 13:22:30 [INFO] Worker 9: 向下滑動: 236 像素，並等待 4.8108905391933625 秒
2024-12-18 13:22:30 [INFO] Worker 10: 向下滑動: 240 像素，並等待 4.145119628923311 秒
2024-12-18 13:22:30 [INFO] Worker 12: 向下滑動: 350 像素，並等待 3.3575416831094627 秒
2024-12-18 13:22:31 [INFO] Worker 15: 向下滑動: 222 像素，並等待 3.579467212779193 秒
2024-12-18 13:22:31 [INFO] Worker 13: 向下滑動: 374 像素，並等待 3.4176049021095736 秒
2024-12-18 13:22:31 [INFO] Worker 14: 向下滑動: 383 像素，並等待 3.8462043728523385 秒
2024-12-18 13:22:33 [INFO] Worker 10: 向下滑動: 249 像素，並等待 3.4867538081611102 秒
2024-12-18 13:22:33 [INFO] Worker 12: 向下滑動: 399 像素，並等待 3.5095320472139777 秒
2024-12-18 13:22:34 [INFO] Worker 15: 向下滑動: 215 像素，並等待 3.25185221317231 秒
2024-12-18 13:22:34 [INFO] Worker 9: 向下滑動: 301 像素，並等待 4.579146114223998 秒
2024-12-18 13:22:34 [INFO] Worker 11: 向下滑動: 331 像素，並等待 4.890115238105914 秒
2024-12-18 13:22:34 [INFO] Worker 13: 向下滑動: 267 像素，並等待 3.220352168467751 秒
2024-12-18 13:22:35 [INFO] Worker 14: 向下滑動: 295 像素，並等待 3.8782745513369776 秒
2024-12-18 13:22:37 [INFO] Worker 12: 向下滑動: 329 像素，並等待 3.80851137650135 秒
2024-12-18 13:22:37 [INFO] Worker 10: 向下滑動: 275 像素，並等待 4.43049783914351 秒
2024-12-18 13:22:38 [INFO] Worker 11: 向下滑動: 217 像素，並等待 3.7950689409712366 秒
2024-12-18 13:22:38 [INFO] Worker 15: 向下滑動: 230 像素，並等待 4.0740288841040115 秒
2024-12-18 13:22:39 [INFO] Worker 13: 向下滑動: 377 像素，並等待 4.24664123307601 秒
2024-12-18 13:22:39 [INFO] Worker 9: 向下滑動: 342 像素，並等待 4.646453740666856 秒
2024-12-18 13:22:40 [INFO] Worker 14: 向下滑動: 324 像素，並等待 4.4382519566206176 秒
2024-12-18 13:22:40 [INFO] Worker 12: 向下滑動: 284 像素，並等待 3.0164516402462915 秒
2024-12-18 13:22:41 [INFO] Worker 10: 向下滑動: 204 像素，並等待 3.146323152259458 秒
2024-12-18 13:22:41 [INFO] Worker 15: 向下滑動: 201 像素，並等待 3.237538549329641 秒
2024-12-18 13:22:41 [INFO] Worker 11: 向下滑動: 385 像素，並等待 3.522394884079616 秒
2024-12-18 13:22:43 [INFO] Worker 13: 向下滑動: 302 像素，並等待 3.8258344718587898 秒
2024-12-18 13:22:43 [INFO] Worker 9: 向下滑動: 341 像素，並等待 4.1129080650500365 秒
2024-12-18 13:22:43 [INFO] Worker 14: 向下滑動: 331 像素，並等待 3.326993322053922 秒
2024-12-18 13:22:44 [INFO] Worker 12: 向下滑動: 382 像素，並等待 4.0398305873969305 秒
2024-12-18 13:22:45 [INFO] Worker 10: 向下滑動: 267 像素，並等待 4.278317981450841 秒
2024-12-18 13:22:45 [INFO] Worker 15: 向下滑動: 287 像素，並等待 3.7734747961915036 秒
2024-12-18 13:22:46 [INFO] Worker 11: 向下滑動: 370 像素，並等待 4.094380792520746 秒
2024-12-18 13:22:46 [INFO] Worker 9: 向下滑動: 372 像素，並等待 3.0487451613883185 秒
2024-12-18 13:22:46 [INFO] Worker 13: 向下滑動: 216 像素，並等待 3.809168319954945 秒
2024-12-18 13:22:48 [INFO] Worker 14: 向下滑動: 397 像素，並等待 4.977468711172055 秒
2024-12-18 13:22:48 [INFO] Worker 10: 向下滑動: 315 像素，並等待 3.3107733366105645 秒
2024-12-18 13:22:48 [INFO] Worker 12: 向下滑動: 305 像素，並等待 4.05996819205221 秒
2024-12-18 13:22:48 [INFO] Worker 15: 向下滑動: 312 像素，並等待 3.359478641344889 秒
2024-12-18 13:22:49 [INFO] Worker 11: 向下滑動: 323 像素，並等待 3.410295660994697 秒
2024-12-18 13:22:50 [INFO] Worker 13: 向下滑動: 201 像素，並等待 3.2462965423277765 秒
2024-12-18 13:22:51 [INFO] Worker 9: 向下滑動: 202 像素，並等待 4.9180266174158405 秒
2024-12-18 13:22:52 [INFO] Worker 10: 向下滑動: 296 像素，並等待 3.7850272006215953 秒
2024-12-18 13:22:52 [INFO] Worker 11: 向下滑動: 396 像素，並等待 3.2618882748479643 秒
2024-12-18 13:22:53 [INFO] Worker 14: 向下滑動: 358 像素，並等待 4.825003284658251 秒
2024-12-18 13:22:53 [INFO] Worker 13: 向下滑動: 378 像素，並等待 3.4006183283062956 秒
2024-12-18 13:22:53 [INFO] Worker 12: 向下滑動: 288 像素，並等待 4.77915536303718 秒
2024-12-18 13:22:53 [INFO] Worker 15: 向下滑動: 394 像素，並等待 4.842011535924626 秒
2024-12-18 13:22:54 [INFO] Worker 9: 向下滑動: 220 像素，並等待 3.2183330187947776 秒
2024-12-18 13:22:56 [INFO] Worker 11: 向下滑動: 304 像素，並等待 3.9383826997638547 秒
2024-12-18 13:22:57 [INFO] Worker 10: 向下滑動: 274 像素，並等待 4.513644021168673 秒
2024-12-18 13:22:57 [INFO] Worker 9: 向下滑動: 274 像素，並等待 3.0382571109889205 秒
2024-12-18 13:22:57 [INFO] Worker 12: 向下滑動: 343 像素，並等待 4.222630070702342 秒
2024-12-18 13:22:57 [INFO] Worker 13: 向下滑動: 207 像素，並等待 4.396020397890291 秒
2024-12-18 13:22:58 [INFO] Worker 15: 向下滑動: 353 像素，並等待 4.358127237873884 秒
2024-12-18 13:22:58 [INFO] Worker 14: 向下滑動: 221 像素，並等待 4.974205984759174 秒
2024-12-18 13:23:00 [INFO] Worker 11: 向下滑動: 239 像素，並等待 3.682731018991431 秒
2024-12-18 13:23:00 [INFO] Worker 10: 向下滑動: 328 像素，並等待 3.9024306116844043 秒
2024-12-18 13:23:01 [INFO] Worker 14: 向下滑動: 393 像素，並等待 3.077426457136413 秒
2024-12-18 13:23:01 [INFO] Worker 12: 向下滑動: 263 像素，並等待 3.616722104202784 秒
2024-12-18 13:23:02 [INFO] Worker 9: 向下滑動: 385 像素，並等待 4.665213767929691 秒
2024-12-18 13:23:02 [INFO] Worker 13: 向下滑動: 295 像素，並等待 4.57753838137895 秒
2024-12-18 13:23:03 [INFO] Worker 15: 向下滑動: 257 像素，並等待 4.912078869742999 秒
2024-12-18 13:23:04 [INFO] Worker 11: 向下滑動: 341 像素，並等待 4.5346097952207 秒
2024-12-18 13:23:05 [INFO] Worker 12: 向下滑動: 289 像素，並等待 3.5350492218059575 秒
2024-12-18 13:23:05 [INFO] Worker 10: 向下滑動: 295 像素，並等待 4.116243103430564 秒
2024-12-18 13:23:06 [INFO] Worker 15: 向下滑動: 230 像素，並等待 3.099577099601441 秒
2024-12-18 13:23:06 [INFO] Worker 14: 向下滑動: 346 像素，並等待 4.817978679689079 秒
2024-12-18 13:23:06 [INFO] Worker 9: 向下滑動: 371 像素，並等待 4.49313556115499 秒
2024-12-18 13:23:07 [INFO] Worker 13: 向下滑動: 224 像素，並等待 4.554935960665599 秒
2024-12-18 13:23:08 [INFO] Worker 10: 向下滑動: 309 像素，並等待 3.065503360212019 秒
2024-12-18 13:23:08 [INFO] Worker 11: 向下滑動: 316 像素，並等待 4.022032657664794 秒
2024-12-18 13:23:09 [INFO] Worker 12: 向下滑動: 290 像素，並等待 4.0091516793371635 秒
2024-12-18 13:23:09 [INFO] Worker 15: 向下滑動: 382 像素，並等待 3.6381868727670463 秒
2024-12-18 13:23:10 [INFO] Worker 14: 向下滑動: 349 像素，並等待 3.885543967100225 秒
2024-12-18 13:23:10 [INFO] Worker 9: 向下滑動: 261 像素，並等待 3.889751656322868 秒
2024-12-18 13:23:11 [INFO] Worker 13: 向下滑動: 315 像素，並等待 4.095330891872097 秒
2024-12-18 13:23:12 [INFO] Worker 11: 向下滑動: 282 像素，並等待 3.1014441897131277 秒
2024-12-18 13:23:12 [INFO] Worker 12: 向下滑動: 370 像素，並等待 3.464243578597022 秒
2024-12-18 13:23:13 [INFO] Worker 10: 向下滑動: 367 像素，並等待 4.895180211869075 秒
2024-12-18 13:23:13 [INFO] Worker 15: 向下滑動: 332 像素，並等待 3.6712265260964196 秒
2024-12-18 13:23:13 [INFO] Worker 9: 向下滑動: 348 像素，並等待 3.1303353627290504 秒
2024-12-18 13:23:13 [INFO] Worker 14: 向下滑動: 250 像素，並等待 3.710354033224568 秒
2024-12-18 13:23:14 [INFO] Worker 13: 向下滑動: 280 像素，並等待 3.0664059337506373 秒
2024-12-18 13:23:15 [INFO] Worker 11: 向下滑動: 221 像素，並等待 3.7112510098787226 秒
2024-12-18 13:23:15 [INFO] Worker 12: 向下滑動: 326 像素，並等待 3.3001266782762078 秒
2024-12-18 13:23:17 [INFO] Worker 10: 向下滑動: 331 像素，並等待 4.217285683052525 秒
2024-12-18 13:23:17 [INFO] Worker 13: 向下滑動: 393 像素，並等待 3.1763486084022605 秒
2024-12-18 13:23:17 [INFO] Worker 15: 向下滑動: 304 像素，並等待 4.508167354868552 秒
2024-12-18 13:23:18 [INFO] Worker 14: 向下滑動: 379 像素，並等待 4.341205494094046 秒
2024-12-18 13:23:18 [INFO] Worker 9: 向下滑動: 248 像素，並等待 4.685319911934371 秒
2024-12-18 13:23:19 [INFO] Worker 12: 向下滑動: 354 像素，並等待 3.2947581037869957 秒
2024-12-18 13:23:19 [INFO] Worker 11: 向下滑動: 379 像素，並等待 3.815125890500338 秒
2024-12-18 13:23:20 [INFO] Worker 10: 向下滑動: 385 像素，並等待 3.6325430955975264 秒
2024-12-18 13:23:20 [INFO] Worker 13: 向下滑動: 215 像素，並等待 3.4653150409727758 秒
2024-12-18 13:23:21 [INFO] Worker 15: 向下滑動: 281 像素，並等待 3.299224419741636 秒
2024-12-18 13:23:21 [INFO] Worker 14: 向下滑動: 336 像素，並等待 3.1667274324187784 秒
2024-12-18 13:23:21 [INFO] Worker 9: 帳號 66991704166 的任務已結束
2024-12-18 13:23:22 [INFO] Worker 12: 向下滑動: 304 像素，並等待 3.4537776761669723 秒
2024-12-18 13:23:23 [INFO] Worker 11: 向下滑動: 272 像素，並等待 3.8013163360814217 秒
2024-12-18 13:23:23 [INFO] Worker 10: 向下滑動: 264 像素，並等待 3.0418842445001895 秒
2024-12-18 13:23:24 [INFO] Worker 15: 向下滑動: 276 像素，並等待 3.6870180354909943 秒
2024-12-18 13:23:24 [INFO] Worker 14: 向下滑動: 236 像素，並等待 3.5525863874330077 秒
2024-12-18 13:23:25 [INFO] Worker 13: 向下滑動: 371 像素，並等待 4.812013858974934 秒
2024-12-18 13:23:27 [INFO] Worker 11: 向下滑動: 346 像素，並等待 3.623725589966945 秒
2024-12-18 13:23:27 [INFO] Worker 12: 向下滑動: 201 像素，並等待 4.851811468846812 秒
2024-12-18 13:23:28 [INFO] Worker 15: 向下滑動: 234 像素，並等待 3.6229082251968436 秒
2024-12-18 13:23:28 [INFO] Worker 14: 向下滑動: 346 像素，並等待 3.902643293830608 秒
2024-12-18 13:23:28 [INFO] Worker 10: 向下滑動: 206 像素，並等待 4.978762189669319 秒
2024-12-18 13:23:30 [INFO] Worker 13: 向下滑動: 297 像素，並等待 4.29776664950614 秒
2024-12-18 13:23:31 [INFO] Worker 15: 向下滑動: 257 像素，並等待 3.116763035332755 秒
2024-12-18 13:23:31 [INFO] Worker 12: 向下滑動: 283 像素，並等待 4.29102152480617 秒
2024-12-18 13:23:31 [INFO] Worker 11: 向下滑動: 269 像素，並等待 4.744100990816644 秒
2024-12-18 13:23:32 [INFO] Worker 14: 向下滑動: 352 像素，並等待 3.365750582428561 秒
2024-12-18 13:23:32 [INFO] Worker 10: 向下滑動: 372 像素，並等待 3.9011130172931923 秒
2024-12-18 13:23:33 [INFO] Worker 13: 向下滑動: 387 像素，並等待 3.008110770931674 秒
2024-12-18 13:23:34 [INFO] Worker 12: 向下滑動: 352 像素，並等待 3.193985805070281 秒
2024-12-18 13:23:35 [INFO] Worker 11: 向下滑動: 246 像素，並等待 3.9517503069431745 秒
2024-12-18 13:23:36 [INFO] Worker 15: 向下滑動: 367 像素，並等待 4.84517205116085 秒
2024-12-18 13:23:37 [INFO] Worker 13: 向下滑動: 261 像素，並等待 3.95439398612939 秒
2024-12-18 13:23:37 [INFO] Worker 14: 向下滑動: 310 像素，並等待 4.869165609340721 秒
2024-12-18 13:23:37 [INFO] Worker 10: 向下滑動: 385 像素，並等待 4.997907452994342 秒
2024-12-18 13:23:38 [INFO] Worker 12: 向下滑動: 237 像素，並等待 3.5842247418870716 秒
2024-12-18 13:23:40 [INFO] Worker 11: 向下滑動: 282 像素，並等待 4.525958386461582 秒
2024-12-18 13:23:40 [INFO] Worker 15: 向下滑動: 293 像素，並等待 3.8561287842435332 秒
2024-12-18 13:23:40 [INFO] Worker 14: 向下滑動: 241 像素，並等待 3.297937027399218 秒
2024-12-18 13:23:40 [INFO] Worker 13: 向下滑動: 300 像素，並等待 3.4081339659249164 秒
2024-12-18 13:23:41 [INFO] Worker 10: 向下滑動: 331 像素，並等待 3.184938788584872 秒
2024-12-18 13:23:42 [INFO] Worker 12: 向下滑動: 393 像素，並等待 3.7445429879167795 秒
2024-12-18 13:23:43 [INFO] Worker 10: 帳號 66646155782 的任務已結束
2024-12-18 13:23:44 [INFO] Worker 15: 向下滑動: 267 像素，並等待 3.5927609051936598 秒
2024-12-18 13:23:44 [INFO] Worker 11: 向下滑動: 396 像素，並等待 4.443183884064719 秒
2024-12-18 13:23:44 [INFO] Worker 13: 向下滑動: 329 像素，並等待 4.3791820260166325 秒
2024-12-18 13:23:44 [INFO] Worker 14: 向下滑動: 210 像素，並等待 4.496167144998455 秒
2024-12-18 13:23:46 [INFO] Worker 12: 向下滑動: 296 像素，並等待 3.9567232443292664 秒
2024-12-18 13:23:48 [INFO] Worker 13: 向下滑動: 380 像素，並等待 3.473769405796739 秒
2024-12-18 13:23:48 [INFO] Worker 15: 向下滑動: 241 像素，並等待 4.380611897943408 秒
2024-12-18 13:23:48 [INFO] Worker 14: 向下滑動: 371 像素，並等待 3.692021240737272 秒
2024-12-18 13:23:49 [INFO] Worker 12: 向下滑動: 354 像素，並等待 3.225411063258295 秒
2024-12-18 13:23:49 [INFO] Worker 11: 向下滑動: 287 像素，並等待 4.987381657856509 秒
2024-12-18 13:23:51 [INFO] Worker 14: 向下滑動: 283 像素，並等待 3.207205169274778 秒
2024-12-18 13:23:51 [INFO] Worker 15: 向下滑動: 220 像素，並等待 3.4659573589497517 秒
2024-12-18 13:23:53 [INFO] Worker 13: 向下滑動: 343 像素，並等待 4.7564595114258506 秒
2024-12-18 13:23:53 [INFO] Worker 11: 向下滑動: 306 像素，並等待 3.405178331285615 秒
2024-12-18 13:23:53 [INFO] Worker 12: 向下滑動: 376 像素，並等待 4.440717890009429 秒
2024-12-18 13:23:55 [INFO] Worker 15: 向下滑動: 322 像素，並等待 3.659199868538808 秒
2024-12-18 13:23:56 [INFO] Worker 14: 向下滑動: 397 像素，並等待 4.546062960966147 秒
2024-12-18 13:23:56 [INFO] Worker 11: 向下滑動: 352 像素，並等待 3.767633332024615 秒
2024-12-18 13:23:57 [INFO] Worker 13: 向下滑動: 203 像素，並等待 4.806063858884277 秒
2024-12-18 13:23:58 [INFO] Worker 12: 向下滑動: 301 像素，並等待 4.625893286663281 秒
2024-12-18 13:24:00 [INFO] Worker 14: 向下滑動: 365 像素，並等待 3.7935561489874012 秒
2024-12-18 13:24:00 [INFO] Worker 15: 向下滑動: 399 像素，並等待 4.739293840488222 秒
2024-12-18 13:24:01 [INFO] Worker 13: 向下滑動: 319 像素，並等待 3.211051762404228 秒
2024-12-18 13:24:01 [INFO] Worker 11: 向下滑動: 272 像素，並等待 4.813614964439229 秒
2024-12-18 13:24:02 [INFO] Worker 12: 向下滑動: 204 像素，並等待 3.4471979577190943 秒
2024-12-18 13:24:03 [INFO] Worker 15: 向下滑動: 260 像素，並等待 3.094396246679601 秒
2024-12-18 13:24:04 [INFO] Worker 13: 向下滑動: 376 像素，並等待 3.0521088207604556 秒
2024-12-18 13:24:04 [INFO] Worker 14: 向下滑動: 327 像素，並等待 4.272778942601616 秒
2024-12-18 13:24:06 [INFO] Worker 11: 向下滑動: 307 像素，並等待 4.821300781484184 秒
2024-12-18 13:24:06 [INFO] Worker 12: 向下滑動: 354 像素，並等待 4.8759650688181635 秒
2024-12-18 13:24:08 [INFO] Worker 15: 向下滑動: 279 像素，並等待 4.672993929737231 秒
2024-12-18 13:24:08 [INFO] Worker 13: 向下滑動: 399 像素，並等待 4.227500077733136 秒
2024-12-18 13:24:09 [INFO] Worker 14: 向下滑動: 393 像素，並等待 4.752419704559512 秒
2024-12-18 13:24:10 [INFO] Worker 11: 向下滑動: 247 像素，並等待 3.6674123463879615 秒
2024-12-18 13:24:11 [INFO] Worker 12: 向下滑動: 320 像素，並等待 4.8283895464391335 秒
2024-12-18 13:24:12 [INFO] Worker 15: 向下滑動: 278 像素，並等待 4.19118324265005 秒
2024-12-18 13:24:13 [INFO] Worker 13: 向下滑動: 258 像素，並等待 4.710089110964498 秒
2024-12-18 13:24:13 [INFO] Worker 11: 向下滑動: 339 像素，並等待 3.5698662107842294 秒
2024-12-18 13:24:14 [INFO] Worker 14: 向下滑動: 240 像素，並等待 4.831751890957027 秒
2024-12-18 13:24:15 [INFO] Worker 12: 向下滑動: 279 像素，並等待 3.9561978255354626 秒
2024-12-18 13:24:16 [INFO] Worker 11: 帳號 66643407753 的任務已結束
2024-12-18 13:24:16 [INFO] Worker 13: 向下滑動: 300 像素，並等待 3.69059939764429 秒
2024-12-18 13:24:17 [INFO] Worker 15: 向下滑動: 219 像素，並等待 4.803895145670924 秒
2024-12-18 13:24:18 [INFO] Worker 14: 向下滑動: 258 像素，並等待 4.029806606282557 秒
2024-12-18 13:24:20 [INFO] Worker 13: 向下滑動: 257 像素，並等待 3.4397823502945934 秒
2024-12-18 13:24:20 [INFO] Worker 12: 向下滑動: 217 像素，並等待 4.561447389234108 秒
2024-12-18 13:24:20 [INFO] Worker 15: 向下滑動: 217 像素，並等待 3.206127518815874 秒
2024-12-18 13:24:23 [INFO] Worker 14: 向下滑動: 267 像素，並等待 4.981915576676169 秒
2024-12-18 13:24:23 [INFO] Worker 13: 向下滑動: 271 像素，並等待 3.494776874978439 秒
2024-12-18 13:24:24 [INFO] Worker 12: 向下滑動: 214 像素，並等待 3.7605254217618755 秒
2024-12-18 13:24:24 [INFO] Worker 15: 向下滑動: 200 像素，並等待 3.9518966871301875 秒
2024-12-18 13:24:25 [INFO] Worker 14: 瀏覽器已關閉，任務已完成
2024-12-18 13:24:25 [INFO] Worker 14: 帳號 66823121944 的任務已結束
2024-12-18 13:24:26 [INFO] Worker 15: 帳號 66814785452 的任務已結束
2024-12-18 13:24:27 [INFO] Worker 13: 向下滑動: 295 像素，並等待 3.3879945498812454 秒
2024-12-18 13:24:29 [INFO] Worker 12: 向下滑動: 392 像素，並等待 4.995466223127376 秒
2024-12-18 13:24:31 [INFO] Worker 13: 向下滑動: 308 像素，並等待 4.208237619400096 秒
2024-12-18 13:24:31 [INFO] Worker 12: 帳號 66954958462 的任務已結束
2024-12-18 13:24:34 [INFO] Worker 13: 向下滑動: 311 像素，並等待 3.230292951858271 秒
2024-12-18 13:24:37 [INFO] Worker 13: 帳號 66804035563 的任務已結束
