2024-12-18 14:01:00 [INFO] 請選擇您要使用的 Excel 檔案...
2024-12-18 14:01:03 [INFO] 選擇的 Excel 檔案路徑：C:/Users/user/Desktop/SuChenAI/Factbook-RPA-clickurl/data/fb_account_data_test.xlsx
2024-12-18 14:01:03 [INFO] 請輸入最大多開數量 (1-10，預設為 1):
2024-12-18 14:01:06 [INFO] 最大多開數量已設定為：8
2024-12-18 14:01:06 [INFO] 螢幕寬度：2560，螢幕高度：1440，縮放比例：1.5
2024-12-18 14:01:07 [INFO] 開始處理跳轉帳號...
2024-12-18 14:01:07 [INFO] Worker 1: 開始處理帳號 66634899161
2024-12-18 14:01:07 [INFO] Worker 2: 開始處理帳號 66637943259
2024-12-18 14:01:07 [INFO] Worker 3: 開始處理帳號 66634899161
2024-12-18 14:01:07 [INFO] Worker 4: 開始處理帳號 66637943259
2024-12-18 14:01:07 [INFO] Worker 5: 開始處理帳號 66619622845
2024-12-18 14:01:07 [INFO] Worker 6: 開始處理帳號 66935324825
2024-12-18 14:01:07 [INFO] Worker 7: 開始處理帳號 66990183891
2024-12-18 14:01:07 [INFO] Worker 8: 開始處理帳號 66823237283
2024-12-18 14:01:07 [INFO] 開始監控任務狀態...
2024-12-18 14:01:15 [INFO] Worker 5: 代理 kamoney03.ddns.net:24005 設置成功
2024-12-18 14:01:15 [INFO] Worker 3: 代理 kamoney03.ddns.net:24004 設置成功
2024-12-18 14:01:16 [INFO] Worker 5: Cookies 已加載成功: cookies\66619622845_cookies.json
2024-12-18 14:01:16 [INFO] Worker 6: 代理 kamoney03.ddns.net:24006 設置成功
2024-12-18 14:01:17 [INFO] Worker 3: Cookies 已加載成功: cookies\66634899161_cookies.json
2024-12-18 14:01:18 [INFO] Worker 1: 代理 kamoney03.ddns.net:24004 設置成功
2024-12-18 14:01:18 [INFO] Worker 6: Cookies 已加載成功: cookies\66935324825_cookies.json
2024-12-18 14:01:19 [INFO] Worker 4: 代理 kamoney03.ddns.net:24003 設置成功
2024-12-18 14:01:19 [INFO] Worker 2: 代理 kamoney03.ddns.net:24003 設置成功
2024-12-18 14:01:20 [INFO] Worker 1: Cookies 已加載成功: cookies\66634899161_cookies.json
2024-12-18 14:01:20 [INFO] Worker 7: 代理 kamoney03.ddns.net:24001 設置成功
2024-12-18 14:01:21 [INFO] Worker 4: Cookies 已加載成功: cookies\66637943259_cookies.json
2024-12-18 14:01:21 [INFO] Worker 8: 代理 kamoney03.ddns.net:24008 設置成功
2024-12-18 14:01:21 [INFO] Worker 2: Cookies 已加載成功: cookies\66637943259_cookies.json
2024-12-18 14:01:22 [INFO] Worker 5: 帳號 66619622845 使用 cookies 成功登入
2024-12-18 14:01:22 [INFO] Worker 5: 登錄成功，開始處理帳號 66619622845 的操作...
2024-12-18 14:01:22 [INFO] Worker 5: 開始跳轉操作...
2024-12-18 14:01:22 [INFO] Worker 5: 正在開啟貼文: https://www.facebook.com/share/1HAVpvaRDF/
2024-12-18 14:01:22 [INFO] Worker 3: 帳號 66634899161 使用 cookies 成功登入
2024-12-18 14:01:22 [INFO] Worker 3: 登錄成功，開始處理帳號 66634899161 的操作...
2024-12-18 14:01:22 [INFO] Worker 3: 開始跳轉操作...
2024-12-18 14:01:22 [INFO] Worker 3: 正在開啟貼文: https://www.facebook.com/share/1HAVpvaRDF/
2024-12-18 14:01:22 [INFO] Worker 7: Cookies 已加載成功: cookies\66990183891_cookies.json
2024-12-18 14:01:22 [INFO] Worker 1: 帳號 66634899161 使用 cookies 成功登入
2024-12-18 14:01:22 [INFO] Worker 1: 登錄成功，開始處理帳號 66634899161 的操作...
2024-12-18 14:01:22 [INFO] Worker 1: 開始跳轉操作...
2024-12-18 14:01:22 [INFO] Worker 1: 正在開啟貼文: https://www.facebook.com/share/1HAVpvaRDF/
2024-12-18 14:01:22 [INFO] Worker 6: 帳號 66935324825 使用 cookies 成功登入
2024-12-18 14:01:22 [INFO] Worker 6: 登錄成功，開始處理帳號 66935324825 的操作...
2024-12-18 14:01:22 [INFO] Worker 6: 開始跳轉操作...
2024-12-18 14:01:22 [INFO] Worker 6: 正在開啟貼文: https://www.facebook.com/share/1HAVpvaRDF/
2024-12-18 14:01:23 [INFO] Worker 2: 帳號 66637943259 使用 cookies 成功登入
2024-12-18 14:01:23 [INFO] Worker 2: 登錄成功，開始處理帳號 66637943259 的操作...
2024-12-18 14:01:23 [INFO] Worker 2: 開始跳轉操作...
2024-12-18 14:01:23 [INFO] Worker 2: 正在開啟貼文: https://www.facebook.com/share/1HAVpvaRDF/
2024-12-18 14:01:24 [INFO] Worker 4: 帳號 66637943259 使用 cookies 成功登入
2024-12-18 14:01:24 [INFO] Worker 4: 登錄成功，開始處理帳號 66637943259 的操作...
2024-12-18 14:01:24 [INFO] Worker 4: 開始跳轉操作...
2024-12-18 14:01:24 [INFO] Worker 4: 正在開啟貼文: https://www.facebook.com/share/1HAVpvaRDF/
2024-12-18 14:01:26 [INFO] Worker 5 隨機停留 6 秒
2024-12-18 14:01:26 [INFO] Worker 3 隨機停留 8 秒
2024-12-18 14:01:27 [INFO] Worker 7: 帳號 66990183891 使用 cookies 成功登入
2024-12-18 14:01:27 [INFO] Worker 7: 登錄成功，開始處理帳號 66990183891 的操作...
2024-12-18 14:01:27 [INFO] Worker 7: 開始跳轉操作...
2024-12-18 14:01:27 [INFO] Worker 7: 正在開啟貼文: https://www.facebook.com/share/1HAVpvaRDF/
2024-12-18 14:01:27 [INFO] Worker 8: Cookies 已加載成功: cookies\66823237283_cookies.json
2024-12-18 14:01:27 [INFO] Worker 1 隨機停留 6 秒
2024-12-18 14:01:28 [INFO] Worker 2 隨機停留 6 秒
2024-12-18 14:01:29 [INFO] Worker 4 隨機停留 7 秒
2024-12-18 14:01:29 [INFO] Worker 8: 帳號 66823237283 使用 cookies 成功登入
2024-12-18 14:01:29 [INFO] Worker 8: 登錄成功，開始處理帳號 66823237283 的操作...
2024-12-18 14:01:29 [INFO] Worker 8: 開始跳轉操作...
2024-12-18 14:01:29 [INFO] Worker 8: 正在開啟貼文: https://www.facebook.com/share/1HAVpvaRDF/
2024-12-18 14:01:31 [INFO] Worker 7 隨機停留 7 秒
2024-12-18 14:01:32 [INFO] Worker 8 隨機停留 7 秒
2024-12-18 14:01:36 [INFO] Worker 4: 貼文已按過讚，無需重複操作
2024-12-18 14:01:36 [INFO] Worker 4 按讚後隨機停留 5 秒
2024-12-18 14:01:36 [INFO] Worker 5: 貼文已按過讚，無需重複操作
2024-12-18 14:01:36 [INFO] Worker 5 按讚後隨機停留 5 秒
2024-12-18 14:01:37 [INFO] Worker 2: 貼文已按過讚，無需重複操作
2024-12-18 14:01:37 [INFO] Worker 2 按讚後隨機停留 4 秒
2024-12-18 14:01:38 [INFO] Worker 3: 貼文已按過讚，無需重複操作
2024-12-18 14:01:38 [INFO] Worker 3 按讚後隨機停留 3 秒
2024-12-18 14:01:38 [INFO] Worker 7: 貼文已按過讚，無需重複操作
2024-12-18 14:01:38 [INFO] Worker 7 按讚後隨機停留 3 秒
2024-12-18 14:01:39 [INFO] Worker 1: 貼文已按過讚，無需重複操作
2024-12-18 14:01:39 [INFO] Worker 1 按讚後隨機停留 4 秒
2024-12-18 14:01:40 [INFO] Worker 8: 貼文已按過讚，無需重複操作
2024-12-18 14:01:40 [INFO] Worker 8 按讚後隨機停留 5 秒
2024-12-18 14:01:41 [INFO] Worker 4: 正在開啟網站: https://lihi.cc/fCuUd
2024-12-18 14:01:41 [INFO] Worker 2: 正在開啟網站: https://lihi.cc/fCuUd
2024-12-18 14:01:41 [INFO] Worker 5: 正在開啟網站: https://lihi.cc/fCuUd
2024-12-18 14:01:41 [INFO] Worker 3: 正在開啟網站: https://lihi.cc/fCuUd
2024-12-18 14:01:41 [INFO] Worker 7: 正在開啟網站: https://lihi.cc/fCuUd
2024-12-18 14:01:43 [INFO] Worker 1: 正在開啟網站: https://lihi.cc/fCuUd
2024-12-18 14:01:44 [INFO] Worker 4 隨機停留時間: 197 秒
2024-12-18 14:01:45 [INFO] Worker 8: 正在開啟網站: https://lihi.cc/fCuUd
2024-12-18 14:01:45 [INFO] Worker 7 隨機停留時間: 190 秒
2024-12-18 14:01:46 [INFO] Worker 3 隨機停留時間: 153 秒
2024-12-18 14:01:46 [INFO] Worker 5 隨機停留時間: 154 秒
2024-12-18 14:01:46 [INFO] Worker 2 隨機停留時間: 163 秒
2024-12-18 14:01:48 [INFO] Worker 1 隨機停留時間: 194 秒
2024-12-18 14:01:49 [INFO] Worker 4: 向下滑動: 282 像素，並等待 4.762338655847671 秒
2024-12-18 14:01:49 [INFO] Worker 7: 向下滑動: 335 像素，並等待 3.89928969790731 秒
2024-12-18 14:01:49 [INFO] Worker 8 隨機停留時間: 184 秒
2024-12-18 14:01:50 [INFO] Worker 3: 向下滑動: 215 像素，並等待 4.121947203777984 秒
2024-12-18 14:01:51 [INFO] Worker 5: 向下滑動: 284 像素，並等待 4.756024546237745 秒
2024-12-18 14:01:51 [INFO] Worker 2: 向下滑動: 219 像素，並等待 4.712277874517358 秒
2024-12-18 14:01:51 [INFO] Worker 1: 向下滑動: 324 像素，並等待 3.0254920695725662 秒
2024-12-18 14:01:52 [INFO] Worker 7: 向下滑動: 218 像素，並等待 3.732123825682213 秒
2024-12-18 14:01:53 [INFO] Worker 4: 向下滑動: 266 像素，並等待 3.8760375763342507 秒
2024-12-18 14:01:53 [INFO] Worker 8: 向下滑動: 218 像素，並等待 3.8033595899212242 秒
2024-12-18 14:01:54 [INFO] Worker 5: 向下滑動: 393 像素，並等待 3.224651411948762 秒
2024-12-18 14:01:55 [INFO] Worker 3: 向下滑動: 255 像素，並等待 4.7754389901481815 秒
2024-12-18 14:01:55 [INFO] Worker 2: 向下滑動: 335 像素，並等待 3.9380442965355593 秒
2024-12-18 14:01:55 [INFO] Worker 1: 向下滑動: 387 像素，並等待 3.879957475751583 秒
2024-12-18 14:01:55 [INFO] Worker 6 隨機停留 6 秒
2024-12-18 14:01:56 [INFO] Worker 8: 向下滑動: 218 像素，並等待 3.2792684729230785 秒
2024-12-18 14:01:57 [INFO] Worker 7: 向下滑動: 353 像素，並等待 4.505784653724652 秒
2024-12-18 14:01:57 [INFO] Worker 4: 向下滑動: 309 像素，並等待 4.572026009438613 秒
2024-12-18 14:01:58 [INFO] Worker 1: 向下滑動: 314 像素，並等待 3.452132201475015 秒
2024-12-18 14:01:59 [INFO] Worker 3: 向下滑動: 295 像素，並等待 3.7429900508539067 秒
2024-12-18 14:01:59 [INFO] Worker 5: 向下滑動: 284 像素，並等待 4.716859039665087 秒
2024-12-18 14:01:59 [INFO] Worker 2: 向下滑動: 221 像素，並等待 3.8865663633695124 秒
2024-12-18 14:01:59 [INFO] Worker 8: 向下滑動: 348 像素，並等待 3.045770223136306 秒
2024-12-18 14:02:01 [INFO] Worker 4: 向下滑動: 323 像素，並等待 3.7435166415826426 秒
2024-12-18 14:02:01 [INFO] Worker 6: 貼文已按過讚，無需重複操作
2024-12-18 14:02:01 [INFO] Worker 6 按讚後隨機停留 3 秒
2024-12-18 14:02:02 [INFO] Worker 7: 向下滑動: 241 像素，並等待 4.591338977100914 秒
2024-12-18 14:02:02 [INFO] Worker 5: 向下滑動: 390 像素，並等待 3.2859953113303044 秒
2024-12-18 14:02:02 [INFO] Worker 3: 向下滑動: 334 像素，並等待 3.4302878690013587 秒
2024-12-18 14:02:02 [INFO] Worker 1: 向下滑動: 262 像素，並等待 4.028380116284032 秒
2024-12-18 14:02:03 [INFO] Worker 2: 向下滑動: 225 像素，並等待 4.287402568316688 秒
2024-12-18 14:02:04 [INFO] Worker 8: 向下滑動: 210 像素，並等待 4.840277489220019 秒
2024-12-18 14:02:04 [INFO] Worker 6: 正在開啟網站: https://lihi.cc/fCuUd
2024-12-18 14:02:05 [INFO] Worker 4: 向下滑動: 336 像素，並等待 3.6999616800071813 秒
2024-12-18 14:02:05 [INFO] Worker 7: 向下滑動: 352 像素，並等待 3.5538173922209175 秒
2024-12-18 14:02:06 [INFO] Worker 3: 向下滑動: 252 像素，並等待 4.248724639981711 秒
2024-12-18 14:02:06 [INFO] Worker 1: 向下滑動: 308 像素，並等待 3.8292195279518015 秒
2024-12-18 14:02:06 [INFO] Worker 5: 向下滑動: 238 像素，並等待 4.62195603388732 秒
2024-12-18 14:02:08 [INFO] Worker 2: 向下滑動: 214 像素，並等待 4.348791402415821 秒
2024-12-18 14:02:08 [INFO] Worker 4: 向下滑動: 320 像素，並等待 3.453172398107125 秒
2024-12-18 14:02:08 [INFO] Worker 8: 向下滑動: 390 像素，並等待 3.9784300872775558 秒
2024-12-18 14:02:10 [INFO] Worker 7: 向下滑動: 301 像素，並等待 4.636453965391656 秒
2024-12-18 14:02:10 [INFO] Worker 3: 向下滑動: 358 像素，並等待 3.8656201229899634 秒
2024-12-18 14:02:11 [INFO] Worker 1: 向下滑動: 316 像素，並等待 4.449077194214006 秒
2024-12-18 14:02:11 [INFO] Worker 5: 向下滑動: 358 像素，並等待 4.768452232410249 秒
2024-12-18 14:02:11 [INFO] Worker 4: 向下滑動: 398 像素，並等待 3.449454324575364 秒
2024-12-18 14:02:12 [INFO] Worker 2: 向下滑動: 263 像素，並等待 4.397547373886343 秒
2024-12-18 14:02:13 [INFO] Worker 8: 向下滑動: 396 像素，並等待 4.611823964221567 秒
2024-12-18 14:02:13 [INFO] Worker 3: 向下滑動: 320 像素，並等待 3.126786247213077 秒
2024-12-18 14:02:14 [INFO] Worker 6 隨機停留時間: 187 秒
2024-12-18 14:02:14 [INFO] Worker 1: 向下滑動: 219 像素，並等待 3.3141110224637007 秒
2024-12-18 14:02:14 [INFO] Worker 7: 向下滑動: 305 像素，並等待 4.689776961965397 秒
2024-12-18 14:02:15 [INFO] Worker 4: 向下滑動: 358 像素，並等待 3.776549539812301 秒
2024-12-18 14:02:16 [INFO] Worker 5: 向下滑動: 211 像素，並等待 4.377952155100946 秒
2024-12-18 14:02:16 [INFO] Worker 8: 向下滑動: 344 像素，並等待 3.115082375198143 秒
2024-12-18 14:02:17 [INFO] Worker 2: 向下滑動: 221 像素，並等待 4.84219332697058 秒
2024-12-18 14:02:17 [INFO] Worker 6: 向下滑動: 229 像素，並等待 3.435070248706242 秒
2024-12-18 14:02:17 [INFO] Worker 1: 向下滑動: 344 像素，並等待 3.304708808774472 秒
2024-12-18 14:02:18 [INFO] Worker 7: 向下滑動: 200 像素，並等待 3.270308206105433 秒
2024-12-18 14:02:18 [INFO] Worker 3: 向下滑動: 268 像素，並等待 4.783481630686418 秒
2024-12-18 14:02:19 [INFO] Worker 5: 向下滑動: 225 像素，並等待 3.7160141615722417 秒
2024-12-18 14:02:20 [INFO] Worker 2: 向下滑動: 270 像素，並等待 3.0051585745057006 秒
2024-12-18 14:02:20 [INFO] Worker 4: 向下滑動: 314 像素，並等待 4.548103813346649 秒
2024-12-18 14:02:20 [INFO] Worker 8: 向下滑動: 203 像素，並等待 4.234766645936949 秒
2024-12-18 14:02:21 [INFO] Worker 7: 向下滑動: 338 像素，並等待 3.0814272690142612 秒
2024-12-18 14:02:22 [INFO] Worker 6: 向下滑動: 204 像素，並等待 4.61516274317196 秒
2024-12-18 14:02:22 [INFO] Worker 1: 向下滑動: 353 像素，並等待 4.583711968965016 秒
2024-12-18 14:02:23 [INFO] Worker 3: 向下滑動: 360 像素，並等待 4.763166608470349 秒
2024-12-18 14:02:23 [INFO] Worker 5: 向下滑動: 356 像素，並等待 4.057178286031218 秒
2024-12-18 14:02:24 [INFO] Worker 2: 向下滑動: 227 像素，並等待 4.59336079660522 秒
2024-12-18 14:02:24 [INFO] Worker 4: 向下滑動: 309 像素，並等待 4.597371631512909 秒
2024-12-18 14:02:25 [INFO] Worker 8: 向下滑動: 254 像素，並等待 4.447311957922704 秒
2024-12-18 14:02:25 [INFO] Worker 7: 向下滑動: 357 像素，並等待 4.508117935768371 秒
2024-12-18 14:02:26 [INFO] Worker 6: 向下滑動: 249 像素，並等待 4.364118187260574 秒
2024-12-18 14:02:27 [INFO] Worker 3: 向下滑動: 295 像素，並等待 3.7209388688156726 秒
2024-12-18 14:02:27 [INFO] Worker 1: 向下滑動: 327 像素，並等待 4.72850257712147 秒
2024-12-18 14:02:27 [INFO] Worker 5: 向下滑動: 345 像素，並等待 4.009335648995977 秒
2024-12-18 14:02:28 [INFO] Worker 8: 向下滑動: 347 像素，並等待 3.065682611870852 秒
2024-12-18 14:02:28 [INFO] Worker 4: 向下滑動: 218 像素，並等待 3.626748300370415 秒
2024-12-18 14:02:28 [INFO] Worker 2: 向下滑動: 221 像素，並等待 3.7754514222178677 秒
2024-12-18 14:02:29 [INFO] Worker 7: 向下滑動: 294 像素，並等待 3.610973716166378 秒
2024-12-18 14:02:31 [INFO] Worker 3: 向下滑動: 232 像素，並等待 3.9827369322832813 秒
2024-12-18 14:02:31 [INFO] Worker 6: 向下滑動: 280 像素，並等待 4.218674012549929 秒
2024-12-18 14:02:31 [INFO] Worker 1: 向下滑動: 353 像素，並等待 4.313356876733579 秒
2024-12-18 14:02:31 [INFO] Worker 8: 向下滑動: 282 像素，並等待 3.6316277261880976 秒
2024-12-18 14:02:32 [INFO] Worker 2: 向下滑動: 385 像素，並等待 3.638883059833894 秒
2024-12-18 14:02:32 [INFO] Worker 7: 向下滑動: 243 像素，並等待 3.027895108052994 秒
2024-12-18 14:02:32 [INFO] Worker 5: 向下滑動: 299 像素，並等待 4.676360388295005 秒
2024-12-18 14:02:33 [INFO] Worker 4: 向下滑動: 252 像素，並等待 4.903274349153581 秒
2024-12-18 14:02:34 [INFO] Worker 1: 向下滑動: 346 像素，並等待 3.1647988937411413 秒
2024-12-18 14:02:35 [INFO] Worker 3: 向下滑動: 229 像素，並等待 4.383121752194114 秒
2024-12-18 14:02:35 [INFO] Worker 6: 向下滑動: 204 像素，並等待 4.5006285579630525 秒
2024-12-18 14:02:35 [INFO] Worker 7: 向下滑動: 317 像素，並等待 3.2213723617546504 秒
2024-12-18 14:02:35 [INFO] Worker 8: 向下滑動: 363 像素，並等待 4.107378639389893 秒
2024-12-18 14:02:36 [INFO] Worker 2: 向下滑動: 302 像素，並等待 4.466158967794121 秒
2024-12-18 14:02:36 [INFO] Worker 4: 向下滑動: 315 像素，並等待 3.398505161840415 秒
2024-12-18 14:02:37 [INFO] Worker 5: 向下滑動: 339 像素，並等待 4.49221817693904 秒
2024-12-18 14:02:37 [INFO] Worker 1: 向下滑動: 344 像素，並等待 3.0994802365843634 秒
2024-12-18 14:02:38 [INFO] Worker 3: 向下滑動: 396 像素，並等待 3.486932574276433 秒
2024-12-18 14:02:39 [INFO] Worker 6: 向下滑動: 376 像素，並等待 3.8829424549077585 秒
2024-12-18 14:02:39 [INFO] Worker 4: 向下滑動: 252 像素，並等待 3.0716981787228015 秒
2024-12-18 14:02:40 [INFO] Worker 8: 向下滑動: 296 像素，並等待 4.742465419647724 秒
2024-12-18 14:02:40 [INFO] Worker 7: 向下滑動: 289 像素，並等待 4.954710598710306 秒
2024-12-18 14:02:41 [INFO] Worker 2: 向下滑動: 271 像素，並等待 4.254755411648201 秒
2024-12-18 14:02:41 [INFO] Worker 1: 向下滑動: 371 像素，並等待 3.25926755755596 秒
2024-12-18 14:02:41 [INFO] Worker 5: 向下滑動: 237 像素，並等待 4.074912344677708 秒
2024-12-18 14:02:43 [INFO] Worker 6: 向下滑動: 355 像素，並等待 3.7015055737551195 秒
2024-12-18 14:02:43 [INFO] Worker 3: 向下滑動: 225 像素，並等待 4.2880809757671345 秒
2024-12-18 14:02:43 [INFO] Worker 4: 向下滑動: 374 像素，並等待 3.9157689922660412 秒
2024-12-18 14:02:44 [INFO] Worker 7: 向下滑動: 377 像素，並等待 3.575222828607351 秒
2024-12-18 14:02:44 [INFO] Worker 1: 向下滑動: 239 像素，並等待 3.613143191599223 秒
2024-12-18 14:02:44 [INFO] Worker 2: 向下滑動: 226 像素，並等待 3.695412260145588 秒
2024-12-18 14:02:45 [INFO] Worker 8: 向下滑動: 215 像素，並等待 4.346441802415357 秒
2024-12-18 14:02:46 [INFO] Worker 5: 向下滑動: 329 像素，並等待 4.867847711931698 秒
2024-12-18 14:02:47 [INFO] Worker 3: 向下滑動: 222 像素，並等待 3.971345661277903 秒
2024-12-18 14:02:47 [INFO] Worker 7: 向下滑動: 259 像素，並等待 3.3321857537044726 秒
2024-12-18 14:02:47 [INFO] Worker 6: 向下滑動: 267 像素，並等待 4.554005835691529 秒
2024-12-18 14:02:48 [INFO] Worker 4: 向下滑動: 375 像素，並等待 4.309459543509368 秒
2024-12-18 14:02:48 [INFO] Worker 8: 向下滑動: 352 像素，並等待 3.2360137363321195 秒
2024-12-18 14:02:49 [INFO] Worker 1: 向下滑動: 217 像素，並等待 4.908077704738987 秒
2024-12-18 14:02:49 [INFO] Worker 2: 向下滑動: 274 像素，並等待 4.93420926003941 秒
2024-12-18 14:02:49 [INFO] Worker 5: 向下滑動: 280 像素，並等待 3.772847718799092 秒
2024-12-18 14:02:51 [INFO] Worker 7: 向下滑動: 208 像素，並等待 4.0142801078912935 秒
2024-12-18 14:02:52 [INFO] Worker 3: 向下滑動: 206 像素，並等待 4.804145771145379 秒
2024-12-18 14:02:52 [INFO] Worker 4: 向下滑動: 224 像素，並等待 4.049762316732402 秒
2024-12-18 14:02:52 [INFO] Worker 8: 向下滑動: 216 像素，並等待 4.046546275413695 秒
2024-12-18 14:02:52 [INFO] Worker 6: 向下滑動: 395 像素，並等待 4.924745178390528 秒
2024-12-18 14:02:52 [INFO] Worker 1: 向下滑動: 347 像素，並等待 3.293034290422124 秒
2024-12-18 14:02:52 [INFO] Worker 2: 向下滑動: 352 像素，並等待 3.265203790645656 秒
2024-12-18 14:02:53 [INFO] Worker 5: 向下滑動: 393 像素，並等待 3.382449301908178 秒
2024-12-18 14:02:54 [INFO] Worker 7: 向下滑動: 228 像素，並等待 3.112361300466344 秒
2024-12-18 14:02:55 [INFO] Worker 3: 向下滑動: 243 像素，並等待 3.1586052934694644 秒
2024-12-18 14:02:55 [INFO] Worker 4: 向下滑動: 364 像素，並等待 3.4847258980268294 秒
2024-12-18 14:02:55 [INFO] Worker 8: 向下滑動: 317 像素，並等待 3.4169379955115957 秒
2024-12-18 14:02:56 [INFO] Worker 1: 向下滑動: 354 像素，並等待 3.3509142819239055 秒
2024-12-18 14:02:56 [INFO] Worker 2: 向下滑動: 298 像素，並等待 3.5818332032841593 秒
2024-12-18 14:02:57 [INFO] Worker 6: 向下滑動: 342 像素，並等待 4.620950520520989 秒
2024-12-18 14:02:58 [INFO] Worker 5: 向下滑動: 353 像素，並等待 4.899616269593327 秒
2024-12-18 14:02:58 [INFO] Worker 7: 向下滑動: 373 像素，並等待 4.048981179760454 秒
2024-12-18 14:02:59 [INFO] Worker 3: 向下滑動: 387 像素，並等待 4.211078203127245 秒
2024-12-18 14:02:59 [INFO] Worker 4: 向下滑動: 266 像素，並等待 3.853958706216 秒
2024-12-18 14:02:59 [INFO] Worker 1: 向下滑動: 224 像素，並等待 3.557897904194805 秒
2024-12-18 14:03:00 [INFO] Worker 8: 向下滑動: 323 像素，並等待 4.741611759277413 秒
2024-12-18 14:03:00 [INFO] Worker 6: 向下滑動: 278 像素，並等待 3.4457747304314372 秒
2024-12-18 14:03:00 [INFO] Worker 2: 向下滑動: 380 像素，並等待 4.24621930443343 秒
2024-12-18 14:03:01 [INFO] Worker 5: 向下滑動: 211 像素，並等待 3.8043596439914706 秒
2024-12-18 14:03:02 [INFO] Worker 4: 向下滑動: 303 像素，並等待 3.108838391401074 秒
2024-12-18 14:03:02 [INFO] Worker 3: 向下滑動: 217 像素，並等待 3.556822785895309 秒
2024-12-18 14:03:03 [INFO] Worker 1: 向下滑動: 365 像素，並等待 3.6452778834368607 秒
2024-12-18 14:03:03 [INFO] Worker 7: 向下滑動: 370 像素，並等待 4.804456566168658 秒
2024-12-18 14:03:04 [INFO] Worker 2: 向下滑動: 355 像素，並等待 3.2749055804066822 秒
2024-12-18 14:03:04 [INFO] Worker 8: 向下滑動: 384 像素，並等待 4.32474543901469 秒
2024-12-18 14:03:05 [INFO] Worker 5: 向下滑動: 209 像素，並等待 3.4460458470697874 秒
2024-12-18 14:03:05 [INFO] Worker 6: 向下滑動: 230 像素，並等待 4.951818030542372 秒
2024-12-18 14:03:06 [INFO] Worker 3: 向下滑動: 295 像素，並等待 3.755202951647805 秒
2024-12-18 14:03:07 [INFO] Worker 7: 向下滑動: 345 像素，並等待 3.4560687521206974 秒
2024-12-18 14:03:07 [INFO] Worker 1: 向下滑動: 210 像素，並等待 3.6393215592217665 秒
2024-12-18 14:03:07 [INFO] Worker 4: 向下滑動: 209 像素，並等待 4.96892127075831 秒
2024-12-18 14:03:08 [INFO] Worker 2: 向下滑動: 345 像素，並等待 4.8443346613363385 秒
2024-12-18 14:03:09 [INFO] Worker 6: 向下滑動: 340 像素，並等待 3.3243675948442224 秒
2024-12-18 14:03:09 [INFO] Worker 8: 向下滑動: 251 像素，並等待 4.415238589720594 秒
2024-12-18 14:03:09 [INFO] Worker 3: 向下滑動: 237 像素，並等待 3.1170179409521124 秒
2024-12-18 14:03:10 [INFO] Worker 5: 向下滑動: 226 像素，並等待 4.8714209288473125 秒
2024-12-18 14:03:10 [INFO] Worker 1: 向下滑動: 274 像素，並等待 3.3456104963186304 秒
2024-12-18 14:03:10 [INFO] Worker 4: 向下滑動: 296 像素，並等待 3.1707052414076022 秒
2024-12-18 14:03:11 [INFO] Worker 7: 向下滑動: 330 像素，並等待 4.80286142146914 秒
2024-12-18 14:03:13 [INFO] Worker 8: 向下滑動: 218 像素，並等待 3.7980607116302867 秒
2024-12-18 14:03:13 [INFO] Worker 2: 向下滑動: 213 像素，並等待 4.271621729611422 秒
2024-12-18 14:03:13 [INFO] Worker 6: 向下滑動: 328 像素，並等待 4.235272979779787 秒
2024-12-18 14:03:13 [INFO] Worker 3: 向下滑動: 357 像素，並等待 3.5232097490635983 秒
2024-12-18 14:03:13 [INFO] Worker 5: 向下滑動: 287 像素，並等待 3.4064708028780855 秒
2024-12-18 14:03:13 [INFO] Worker 1: 向下滑動: 277 像素，並等待 3.2793204244564853 秒
2024-12-18 14:03:14 [INFO] Worker 4: 向下滑動: 213 像素，並等待 4.076207190375044 秒
2024-12-18 14:03:15 [INFO] Worker 7: 向下滑動: 359 像素，並等待 3.9444403075650136 秒
2024-12-18 14:03:17 [INFO] Worker 2: 向下滑動: 255 像素，並等待 3.9738365531465543 秒
2024-12-18 14:03:17 [INFO] Worker 6: 向下滑動: 267 像素，並等待 4.008137307437434 秒
2024-12-18 14:03:17 [INFO] Worker 3: 向下滑動: 366 像素，並等待 3.973794118793424 秒
2024-12-18 14:03:17 [INFO] Worker 5: 向下滑動: 237 像素，並等待 3.609266740958241 秒
2024-12-18 14:03:17 [INFO] Worker 8: 向下滑動: 283 像素，並等待 4.490555430381903 秒
2024-12-18 14:03:18 [INFO] Worker 1: 向下滑動: 255 像素，並等待 4.611200842918253 秒
2024-12-18 14:03:19 [INFO] Worker 7: 向下滑動: 236 像素，並等待 3.3507238047978842 秒
2024-12-18 14:03:19 [INFO] Worker 4: 向下滑動: 361 像素，並等待 4.970824207165059 秒
2024-12-18 14:03:20 [INFO] Worker 5: 向下滑動: 347 像素，並等待 3.1911709545776077 秒
2024-12-18 14:03:20 [INFO] Worker 6: 向下滑動: 232 像素，並等待 3.5820520098731228 秒
2024-12-18 14:03:21 [INFO] Worker 2: 向下滑動: 216 像素，並等待 3.805572503992954 秒
2024-12-18 14:03:21 [INFO] Worker 3: 向下滑動: 300 像素，並等待 3.7192914653525704 秒
2024-12-18 14:03:21 [INFO] Worker 8: 向下滑動: 233 像素，並等待 3.5900501602842905 秒
2024-12-18 14:03:22 [INFO] Worker 1: 向下滑動: 203 像素，並等待 3.6432047440320385 秒
2024-12-18 14:03:23 [INFO] Worker 7: 向下滑動: 217 像素，並等待 4.083100670809995 秒
2024-12-18 14:03:23 [INFO] Worker 4: 向下滑動: 351 像素，並等待 3.5606460121292023 秒
2024-12-18 14:03:24 [INFO] Worker 3: 向下滑動: 366 像素，並等待 3.2062167809309354 秒
2024-12-18 14:03:24 [INFO] Worker 2: 向下滑動: 270 像素，並等待 3.2845289080134723 秒
2024-12-18 14:03:24 [INFO] Worker 5: 向下滑動: 296 像素，並等待 3.810306848439627 秒
2024-12-18 14:03:24 [INFO] Worker 6: 向下滑動: 242 像素，並等待 3.9276383492791154 秒
2024-12-18 14:03:25 [INFO] Worker 8: 向下滑動: 314 像素，並等待 4.387370582844674 秒
2024-12-18 14:03:26 [INFO] Worker 1: 向下滑動: 251 像素，並等待 4.130781360498693 秒
2024-12-18 14:03:27 [INFO] Worker 4: 向下滑動: 247 像素，並等待 3.6740653592951302 秒
2024-12-18 14:03:27 [INFO] Worker 2: 向下滑動: 320 像素，並等待 3.2333381991189882 秒
2024-12-18 14:03:28 [INFO] Worker 7: 向下滑動: 215 像素，並等待 4.691471580248692 秒
2024-12-18 14:03:28 [INFO] Worker 5: 向下滑動: 396 像素，並等待 4.013719766808237 秒
2024-12-18 14:03:28 [INFO] Worker 3: 向下滑動: 264 像素，並等待 4.174646506689895 秒
2024-12-18 14:03:29 [INFO] Worker 6: 向下滑動: 359 像素，並等待 4.310341596500847 秒
2024-12-18 14:03:29 [INFO] Worker 8: 向下滑動: 220 像素，並等待 4.300848568390759 秒
2024-12-18 14:03:30 [INFO] Worker 1: 向下滑動: 296 像素，並等待 4.417903832931743 秒
2024-12-18 14:03:30 [INFO] Worker 4: 向下滑動: 336 像素，並等待 3.553602772564714 秒
2024-12-18 14:03:31 [INFO] Worker 3: 向下滑動: 378 像素，並等待 3.0654771017440026 秒
2024-12-18 14:03:31 [INFO] Worker 5: 向下滑動: 327 像素，並等待 3.3126761553556205 秒
2024-12-18 14:03:31 [INFO] Worker 2: 向下滑動: 251 像素，並等待 4.228578396862762 秒
2024-12-18 14:03:31 [INFO] Worker 7: 向下滑動: 260 像素，並等待 3.81467839811516 秒
2024-12-18 14:03:33 [INFO] Worker 6: 向下滑動: 244 像素，並等待 3.8610889970947886 秒
2024-12-18 14:03:33 [INFO] Worker 8: 向下滑動: 278 像素，並等待 3.9742059411722557 秒
2024-12-18 14:03:35 [INFO] Worker 4: 向下滑動: 377 像素，並等待 4.289947362890942 秒
2024-12-18 14:03:35 [INFO] Worker 1: 向下滑動: 251 像素，並等待 4.777493687805732 秒
2024-12-18 14:03:35 [INFO] Worker 7: 向下滑動: 386 像素，並等待 3.7776650339218687 秒
2024-12-18 14:03:35 [INFO] Worker 3: 向下滑動: 284 像素，並等待 4.118999298344149 秒
2024-12-18 14:03:36 [INFO] Worker 5: 向下滑動: 381 像素，並等待 4.591720718925535 秒
2024-12-18 14:03:36 [INFO] Worker 2: 向下滑動: 241 像素，並等待 4.908172524051021 秒
2024-12-18 14:03:37 [INFO] Worker 6: 向下滑動: 269 像素，並等待 4.748102071078842 秒
2024-12-18 14:03:38 [INFO] Worker 8: 向下滑動: 399 像素，並等待 4.261308592953824 秒
2024-12-18 14:03:39 [INFO] Worker 7: 向下滑動: 360 像素，並等待 3.6032541723499723 秒
2024-12-18 14:03:39 [INFO] Worker 3: 向下滑動: 204 像素，並等待 3.57300359829797 秒
2024-12-18 14:03:39 [INFO] Worker 1: 向下滑動: 364 像素，並等待 3.8947707593873897 秒
2024-12-18 14:03:40 [INFO] Worker 4: 向下滑動: 207 像素，並等待 4.963797687882911 秒
2024-12-18 14:03:40 [INFO] Worker 5: 向下滑動: 368 像素，並等待 3.8593074358511164 秒
2024-12-18 14:03:41 [INFO] Worker 6: 向下滑動: 235 像素，並等待 3.5124682453492264 秒
2024-12-18 14:03:41 [INFO] Worker 2: 向下滑動: 397 像素，並等待 4.657208811223696 秒
2024-12-18 14:03:42 [INFO] Worker 8: 向下滑動: 267 像素，並等待 4.1280519581469175 秒
2024-12-18 14:03:42 [INFO] Worker 3: 向下滑動: 394 像素，並等待 3.3498406932776628 秒
2024-12-18 14:03:43 [INFO] Worker 1: 向下滑動: 217 像素，並等待 4.0205348855328555 秒
2024-12-18 14:03:43 [INFO] Worker 5: 向下滑動: 388 像素，並等待 3.334475708167469 秒
2024-12-18 14:03:43 [INFO] Worker 7: 向下滑動: 324 像素，並等待 4.560594775109024 秒
2024-12-18 14:03:44 [INFO] Worker 6: 向下滑動: 366 像素，並等待 3.0617821199178827 秒
2024-12-18 14:03:44 [INFO] Worker 4: 向下滑動: 267 像素，並等待 4.604560610273771 秒
2024-12-18 14:03:45 [INFO] Worker 2: 向下滑動: 310 像素，並等待 3.6367205335309585 秒
2024-12-18 14:03:46 [INFO] Worker 1: 向下滑動: 313 像素，並等待 3.061012539288547 秒
2024-12-18 14:03:46 [INFO] Worker 8: 向下滑動: 231 像素，並等待 4.266532974114177 秒
2024-12-18 14:03:47 [INFO] Worker 3: 向下滑動: 305 像素，並等待 4.891576439932787 秒
2024-12-18 14:03:47 [INFO] Worker 7: 向下滑動: 283 像素，並等待 3.7577561063863425 秒
2024-12-18 14:03:48 [INFO] Worker 2: 向下滑動: 297 像素，並等待 3.11430760050768 秒
2024-12-18 14:03:48 [INFO] Worker 4: 向下滑動: 229 像素，並等待 3.6307882131824663 秒
2024-12-18 14:03:48 [INFO] Worker 5: 向下滑動: 312 像素，並等待 4.9248841402881505 秒
2024-12-18 14:03:48 [INFO] Worker 6: 向下滑動: 267 像素，並等待 4.58150915827306 秒
2024-12-18 14:03:50 [INFO] Worker 8: 向下滑動: 339 像素，並等待 3.5794434894298166 秒
2024-12-18 14:03:50 [INFO] Worker 1: 向下滑動: 352 像素，並等待 3.923877312228724 秒
2024-12-18 14:03:50 [INFO] Worker 7: 向下滑動: 216 像素，並等待 3.2849970918772424 秒
2024-12-18 14:03:52 [INFO] Worker 3: 向下滑動: 341 像素，並等待 4.833404180729703 秒
2024-12-18 14:03:52 [INFO] Worker 6: 向下滑動: 394 像素，並等待 3.4394471019617647 秒
2024-12-18 14:03:52 [INFO] Worker 4: 向下滑動: 283 像素，並等待 4.630001735945402 秒
2024-12-18 14:03:52 [INFO] Worker 5: 向下滑動: 210 像素，並等待 4.479462780821721 秒
2024-12-18 14:03:53 [INFO] Worker 2: 向下滑動: 339 像素，並等待 4.924369843384618 秒
2024-12-18 14:03:53 [INFO] Worker 8: 向下滑動: 245 像素，並等待 3.004489008091831 秒
2024-12-18 14:03:54 [INFO] Worker 1: 向下滑動: 350 像素，並等待 4.226566776244068 秒
2024-12-18 14:03:54 [INFO] Worker 7: 向下滑動: 390 像素，並等待 3.862143534177174 秒
2024-12-18 14:03:56 [INFO] Worker 4: 向下滑動: 373 像素，並等待 3.1953440012622165 秒
2024-12-18 14:03:56 [INFO] Worker 6: 向下滑動: 357 像素，並等待 3.889173357580094 秒
2024-12-18 14:03:56 [INFO] Worker 8: 向下滑動: 240 像素，並等待 3.200482378827515 秒
2024-12-18 14:03:57 [INFO] Worker 3: 向下滑動: 394 像素，並等待 4.762281722039191 秒
2024-12-18 14:03:57 [INFO] Worker 2: 向下滑動: 327 像素，並等待 4.273373454297566 秒
2024-12-18 14:03:57 [INFO] Worker 1: 向下滑動: 263 像素，並等待 3.0068447501313393 秒
2024-12-18 14:03:57 [INFO] Worker 5: 向下滑動: 268 像素，並等待 4.949887071649833 秒
2024-12-18 14:03:58 [INFO] Worker 7: 向下滑動: 365 像素，並等待 3.5453505514226045 秒
2024-12-18 14:03:59 [INFO] Worker 8: 向下滑動: 396 像素，並等待 3.3530615535838 秒
2024-12-18 14:04:00 [INFO] Worker 4: 向下滑動: 257 像素，並等待 4.126868956593506 秒
2024-12-18 14:04:00 [INFO] Worker 2: 向下滑動: 387 像素，並等待 3.1687599954125236 秒
2024-12-18 14:04:00 [INFO] Worker 3: 向下滑動: 373 像素，並等待 3.494476060796819 秒
2024-12-18 14:04:00 [INFO] Worker 6: 向下滑動: 276 像素，並等待 4.396327774654717 秒
2024-12-18 14:04:01 [INFO] Worker 7: 向下滑動: 355 像素，並等待 3.1853655261999116 秒
2024-12-18 14:04:01 [INFO] Worker 5: 向下滑動: 263 像素，並等待 3.669253251739177 秒
2024-12-18 14:04:01 [INFO] Worker 1: 向下滑動: 237 像素，並等待 3.9617773764895503 秒
2024-12-18 14:04:02 [INFO] Worker 8: 向下滑動: 371 像素，並等待 3.090466641048012 秒
2024-12-18 14:04:03 [INFO] Worker 3: 向下滑動: 273 像素，並等待 3.200097939021787 秒
2024-12-18 14:04:04 [INFO] Worker 6: 向下滑動: 304 像素，並等待 3.2667822818796832 秒
2024-12-18 14:04:04 [INFO] Worker 2: 向下滑動: 369 像素，並等待 3.745905283400724 秒
2024-12-18 14:04:04 [INFO] Worker 4: 向下滑動: 295 像素，並等待 4.048428379884617 秒
2024-12-18 14:04:04 [INFO] Worker 5: 向下滑動: 336 像素，並等待 3.0977702058074836 秒
2024-12-18 14:04:05 [INFO] Worker 1: 向下滑動: 233 像素，並等待 4.183749032692444 秒
2024-12-18 14:04:05 [INFO] Worker 7: 向下滑動: 272 像素，並等待 4.284545751518216 秒
2024-12-18 14:04:07 [INFO] Worker 2: 向下滑動: 360 像素，並等待 3.036935093981258 秒
2024-12-18 14:04:07 [INFO] Worker 8: 向下滑動: 341 像素，並等待 4.561831301883705 秒
2024-12-18 14:04:07 [INFO] Worker 6: 向下滑動: 341 像素，並等待 3.5202855280639724 秒
2024-12-18 14:04:07 [INFO] Worker 4: 向下滑動: 269 像素，並等待 3.5845823343629286 秒
2024-12-18 14:04:08 [INFO] Worker 3: 向下滑動: 400 像素，並等待 4.3060197912424485 秒
2024-12-18 14:04:09 [INFO] Worker 5: 向下滑動: 334 像素，並等待 4.866965891497852 秒
2024-12-18 14:04:09 [INFO] Worker 1: 向下滑動: 294 像素，並等待 4.145034769900558 秒
2024-12-18 14:04:10 [INFO] Worker 7: 向下滑動: 293 像素，並等待 4.861179717418669 秒
2024-12-18 14:04:10 [INFO] Worker 6: 向下滑動: 242 像素，並等待 3.3946037743891257 秒
2024-12-18 14:04:10 [INFO] Worker 8: 向下滑動: 377 像素，並等待 3.6049752118356473 秒
2024-12-18 14:04:11 [INFO] Worker 2: 向下滑動: 231 像素，並等待 3.751566320373249 秒
2024-12-18 14:04:11 [INFO] Worker 3: 向下滑動: 354 像素，並等待 3.402265389294474 秒
2024-12-18 14:04:12 [INFO] Worker 4: 向下滑動: 284 像素，並等待 4.824993410679023 秒
2024-12-18 14:04:13 [INFO] Worker 1: 向下滑動: 317 像素，並等待 3.7355903649696245 秒
2024-12-18 14:04:14 [INFO] Worker 2: 向下滑動: 397 像素，並等待 3.1635706475783536 秒
2024-12-18 14:04:14 [INFO] Worker 8: 向下滑動: 396 像素，並等待 3.2833190418761093 秒
2024-12-18 14:04:14 [INFO] Worker 5: 向下滑動: 316 像素，並等待 4.9123176344978425 秒
2024-12-18 14:04:14 [INFO] Worker 7: 向下滑動: 253 像素，並等待 4.297834526862596 秒
2024-12-18 14:04:15 [INFO] Worker 3: 向下滑動: 215 像素，並等待 3.42996824105467 秒
2024-12-18 14:04:15 [INFO] Worker 6: 向下滑動: 369 像素，並等待 4.910101841403399 秒
2024-12-18 14:04:16 [INFO] Worker 4: 向下滑動: 365 像素，並等待 3.505798413107148 秒
2024-12-18 14:04:17 [INFO] Worker 2: 向下滑動: 291 像素，並等待 3.207217548987443 秒
2024-12-18 14:04:17 [INFO] Worker 8: 向下滑動: 273 像素，並等待 3.198681853155123 秒
2024-12-18 14:04:18 [INFO] Worker 5: 向下滑動: 206 像素，並等待 3.6729346490759323 秒
2024-12-18 14:04:18 [INFO] Worker 1: 向下滑動: 382 像素，並等待 4.747037002191981 秒
2024-12-18 14:04:19 [INFO] Worker 6: 向下滑動: 354 像素，並等待 3.287619690642678 秒
2024-12-18 14:04:19 [INFO] Worker 7: 向下滑動: 327 像素，並等待 4.190138354769943 秒
2024-12-18 14:04:19 [INFO] Worker 3: 向下滑動: 205 像素，並等待 4.863762188711387 秒
2024-12-18 14:04:20 [INFO] Worker 8: 向下滑動: 236 像素，並等待 3.2505563409532536 秒
2024-12-18 14:04:20 [INFO] Worker 4: 向下滑動: 394 像素，並等待 4.516467735196722 秒
2024-12-18 14:04:21 [INFO] Worker 1: 向下滑動: 325 像素，並等待 3.4641417211889496 秒
2024-12-18 14:04:22 [INFO] Worker 2: 向下滑動: 330 像素，並等待 4.566646746987517 秒
2024-12-18 14:04:22 [INFO] Worker 3: 帳號 66634899161 的任務已結束
2024-12-18 14:04:22 [INFO] Worker 9: 開始處理帳號 66991704166
2024-12-18 14:04:22 [INFO] Worker 6: 向下滑動: 382 像素，並等待 3.5279180348136716 秒
2024-12-18 14:04:22 [INFO] Worker 5: 向下滑動: 340 像素，並等待 4.66317957341683 秒
2024-12-18 14:04:23 [INFO] Worker 7: 向下滑動: 231 像素，並等待 3.9150065799022506 秒
2024-12-18 14:04:23 [INFO] Worker 8: 向下滑動: 346 像素，並等待 3.0224102557214483 秒
2024-12-18 14:04:24 [INFO] Worker 4: 向下滑動: 230 像素，並等待 3.208145816575029 秒
2024-12-18 14:04:25 [INFO] Worker 1: 向下滑動: 291 像素，並等待 3.3292636877084396 秒
2024-12-18 14:04:25 [INFO] Worker 5: 帳號 66619622845 的任務已結束
2024-12-18 14:04:25 [INFO] Worker 10: 開始處理帳號 66646155782
2024-12-18 14:04:25 [INFO] Worker 2: 向下滑動: 354 像素，並等待 3.44373805507837 秒
2024-12-18 14:04:26 [INFO] Worker 8: 向下滑動: 219 像素，並等待 3.017427011884754 秒
2024-12-18 14:04:27 [INFO] Worker 6: 向下滑動: 339 像素，並等待 4.407694877355379 秒
2024-12-18 14:04:27 [INFO] Worker 7: 向下滑動: 278 像素，並等待 4.754267620841116 秒
2024-12-18 14:04:28 [INFO] Worker 4: 向下滑動: 308 像素，並等待 4.45305305338716 秒
2024-12-18 14:04:29 [INFO] Worker 2: 向下滑動: 336 像素，並等待 3.697081056736038 秒
2024-12-18 14:04:29 [INFO] Worker 9: 代理 kamoney03.ddns.net:24009 設置成功
2024-12-18 14:04:29 [INFO] Worker 1: 向下滑動: 244 像素，並等待 4.270237697654219 秒
2024-12-18 14:04:30 [INFO] Worker 9: Cookies 已加載成功: cookies\66991704166_cookies.json
2024-12-18 14:04:30 [INFO] Worker 6: 向下滑動: 329 像素，並等待 3.433255636542027 秒
2024-12-18 14:04:31 [INFO] Worker 8: 向下滑動: 279 像素，並等待 4.607312177153355 秒
2024-12-18 14:04:31 [INFO] Worker 7: 向下滑動: 324 像素，並等待 3.858960647380286 秒
2024-12-18 14:04:32 [INFO] Worker 4: 向下滑動: 331 像素，並等待 3.539286408467487 秒
2024-12-18 14:04:32 [INFO] Worker 10: 代理 kamoney03.ddns.net:24010 設置成功
2024-12-18 14:04:32 [INFO] Worker 2: 向下滑動: 323 像素，並等待 3.2535197781666296 秒
2024-12-18 14:04:32 [INFO] Worker 1: 向下滑動: 301 像素，並等待 3.126713895165656 秒
2024-12-18 14:04:33 [INFO] Worker 10: Cookies 已加載成功: cookies\66646155782_cookies.json
2024-12-18 14:04:33 [INFO] Worker 9: 帳號 66991704166 使用 cookies 成功登入
2024-12-18 14:04:33 [INFO] Worker 9: 登錄成功，開始處理帳號 66991704166 的操作...
2024-12-18 14:04:33 [INFO] Worker 9: 開始跳轉操作...
2024-12-18 14:04:33 [INFO] Worker 9: 正在開啟貼文: https://www.facebook.com/share/1HAVpvaRDF/
2024-12-18 14:04:34 [INFO] Worker 6: 向下滑動: 324 像素，並等待 3.469942147590471 秒
2024-12-18 14:04:34 [INFO] Worker 8: 向下滑動: 340 像素，並等待 3.077373512548398 秒
2024-12-18 14:04:35 [INFO] Worker 2: 帳號 66637943259 的任務已結束
2024-12-18 14:04:35 [INFO] Worker 11: 開始處理帳號 66643407753
2024-12-18 14:04:35 [INFO] Worker 10: 帳號 66646155782 使用 cookies 成功登入
2024-12-18 14:04:35 [INFO] Worker 10: 登錄成功，開始處理帳號 66646155782 的操作...
2024-12-18 14:04:35 [INFO] Worker 10: 開始跳轉操作...
2024-12-18 14:04:35 [INFO] Worker 10: 正在開啟貼文: https://www.facebook.com/share/1HAVpvaRDF/
2024-12-18 14:04:35 [INFO] Worker 7: 向下滑動: 333 像素，並等待 3.8186101773860246 秒
2024-12-18 14:04:35 [INFO] Worker 4: 向下滑動: 257 像素，並等待 3.665822890225466 秒
2024-12-18 14:04:35 [INFO] Worker 1: 向下滑動: 223 像素，並等待 3.2470846873960175 秒
2024-12-18 14:04:36 [INFO] Worker 9 隨機停留 7 秒
2024-12-18 14:04:37 [INFO] Worker 6: 向下滑動: 291 像素，並等待 3.1539070118822488 秒
2024-12-18 14:04:37 [INFO] Worker 8: 向下滑動: 247 像素，並等待 3.0691245971692083 秒
2024-12-18 14:04:37 [INFO] Worker 10 隨機停留 6 秒
2024-12-18 14:04:39 [INFO] Worker 7: 向下滑動: 399 像素，並等待 3.696132107296025 秒
2024-12-18 14:04:39 [INFO] Worker 1: 向下滑動: 265 像素，並等待 3.5575112972699916 秒
2024-12-18 14:04:40 [INFO] Worker 4: 向下滑動: 200 像素，並等待 4.371359047336292 秒
2024-12-18 14:04:41 [INFO] Worker 6: 向下滑動: 292 像素，並等待 4.5343777966787115 秒
2024-12-18 14:04:41 [INFO] Worker 11: 代理 kamoney03.ddns.net:24011 設置成功
2024-12-18 14:04:42 [INFO] Worker 8: 向下滑動: 273 像素，並等待 4.98755024610875 秒
2024-12-18 14:04:42 [INFO] Worker 11: Cookies 已加載成功: cookies\66643407753_cookies.json
2024-12-18 14:04:43 [INFO] Worker 9: 貼文已按過讚，無需重複操作
2024-12-18 14:04:43 [INFO] Worker 9 按讚後隨機停留 3 秒
2024-12-18 14:04:43 [INFO] Worker 7: 向下滑動: 334 像素，並等待 4.288304528670755 秒
2024-12-18 14:04:43 [INFO] Worker 1: 向下滑動: 356 像素，並等待 4.078315777684317 秒
2024-12-18 14:04:43 [INFO] Worker 10: 貼文已按過讚，無需重複操作
2024-12-18 14:04:43 [INFO] Worker 10 按讚後隨機停留 5 秒
2024-12-18 14:04:44 [INFO] Worker 4: 向下滑動: 314 像素，並等待 4.36141775782915 秒
2024-12-18 14:04:44 [INFO] Worker 6: 向下滑動: 236 像素，並等待 3.205990030792436 秒
2024-12-18 14:04:45 [INFO] Worker 11: 帳號 66643407753 使用 cookies 成功登入
2024-12-18 14:04:45 [INFO] Worker 11: 登錄成功，開始處理帳號 66643407753 的操作...
2024-12-18 14:04:45 [INFO] Worker 11: 開始跳轉操作...
2024-12-18 14:04:45 [INFO] Worker 11: 正在開啟貼文: https://www.facebook.com/share/1HAVpvaRDF/
2024-12-18 14:04:46 [INFO] Worker 9: 正在開啟網站: https://lihi.cc/fCuUd
2024-12-18 14:04:46 [INFO] Worker 8: 向下滑動: 275 像素，並等待 3.7718046849566664 秒
2024-12-18 14:04:47 [INFO] Worker 7: 向下滑動: 301 像素，並等待 4.162242274181179 秒
2024-12-18 14:04:47 [INFO] Worker 1: 向下滑動: 362 像素，並等待 4.378087661390662 秒
2024-12-18 14:04:47 [INFO] Worker 4: 向下滑動: 333 像素，並等待 3.5663793228627174 秒
2024-12-18 14:04:48 [INFO] Worker 11 隨機停留 6 秒
2024-12-18 14:04:48 [INFO] Worker 6: 向下滑動: 290 像素，並等待 3.5665516602769487 秒
2024-12-18 14:04:48 [INFO] Worker 10: 正在開啟網站: https://lihi.cc/fCuUd
2024-12-18 14:04:48 [INFO] Worker 9 隨機停留時間: 180 秒
2024-12-18 14:04:50 [INFO] Worker 7: 向下滑動: 315 像素，並等待 3.036150332141813 秒
2024-12-18 14:04:50 [INFO] Worker 8: 向下滑動: 389 像素，並等待 4.411144385757395 秒
2024-12-18 14:04:51 [INFO] Worker 10 隨機停留時間: 176 秒
2024-12-18 14:04:52 [INFO] Worker 1: 向下滑動: 364 像素，並等待 4.188481041195105 秒
2024-12-18 14:04:52 [INFO] Worker 6: 向下滑動: 260 像素，並等待 3.5987362589444425 秒
2024-12-18 14:04:52 [INFO] Worker 9: 向下滑動: 382 像素，並等待 3.7779516376694646 秒
2024-12-18 14:04:52 [INFO] Worker 4: 向下滑動: 236 像素，並等待 4.888506850885681 秒
2024-12-18 14:04:54 [INFO] Worker 11: 貼文已按過讚，無需重複操作
2024-12-18 14:04:54 [INFO] Worker 11 按讚後隨機停留 3 秒
2024-12-18 14:04:54 [INFO] Worker 8: 向下滑動: 296 像素，並等待 3.658833666042792 秒
2024-12-18 14:04:54 [INFO] Worker 7: 向下滑動: 233 像素，並等待 3.902679288474867 秒
2024-12-18 14:04:55 [INFO] Worker 9: 向下滑動: 333 像素，並等待 3.2712566459755807 秒
2024-12-18 14:04:56 [INFO] Worker 10: 向下滑動: 284 像素，並等待 4.599104068932659 秒
2024-12-18 14:04:56 [INFO] Worker 1: 向下滑動: 247 像素，並等待 4.294503070458582 秒
2024-12-18 14:04:56 [INFO] Worker 4: 向下滑動: 309 像素，並等待 3.7440189091063454 秒
2024-12-18 14:04:56 [INFO] Worker 8: 瀏覽器已關閉，任務已完成
2024-12-18 14:04:57 [INFO] Worker 8: 帳號 66823237283 的任務已結束
2024-12-18 14:04:57 [INFO] Worker 12: 開始處理帳號 66954958462
2024-12-18 14:04:57 [INFO] Worker 6: 向下滑動: 206 像素，並等待 4.964144052212092 秒
2024-12-18 14:04:57 [INFO] Worker 11: 正在開啟網站: https://lihi.cc/fCuUd
2024-12-18 14:04:58 [INFO] Worker 7: 向下滑動: 322 像素，並等待 3.941559864224973 秒
2024-12-18 14:04:59 [INFO] Worker 9: 向下滑動: 288 像素，並等待 3.430957580716454 秒
2024-12-18 14:04:59 [INFO] Worker 11 隨機停留時間: 175 秒
2024-12-18 14:05:00 [INFO] Worker 4: 向下滑動: 335 像素，並等待 3.776475396993 秒
2024-12-18 14:05:00 [INFO] Worker 10: 向下滑動: 300 像素，並等待 4.090860960509879 秒
2024-12-18 14:05:00 [INFO] Worker 6: 向下滑動: 365 像素，並等待 3.438668184333922 秒
2024-12-18 14:05:00 [INFO] Worker 1: 向下滑動: 354 像素，並等待 4.423682771994754 秒
2024-12-18 14:05:01 [INFO] Worker 7: 帳號 66990183891 的任務已結束
2024-12-18 14:05:01 [INFO] Worker 13: 開始處理帳號 66804035563
2024-12-18 14:05:02 [INFO] Worker 9: 向下滑動: 223 像素，並等待 3.368586213067207 秒
2024-12-18 14:05:03 [INFO] Worker 6: 向下滑動: 243 像素，並等待 3.071111766846882 秒
2024-12-18 14:05:03 [INFO] Worker 10: 向下滑動: 212 像素，並等待 3.236581226287038 秒
2024-12-18 14:05:03 [INFO] Worker 11: 向下滑動: 400 像素，並等待 4.036532826162272 秒
2024-12-18 14:05:04 [INFO] Worker 12: 代理 kamoney03.ddns.net:24012 設置成功
2024-12-18 14:05:04 [INFO] Worker 4: 向下滑動: 316 像素，並等待 4.18097079744473 秒
2024-12-18 14:05:05 [INFO] Worker 12: Cookies 已加載成功: cookies\66954958462_cookies.json
2024-12-18 14:05:05 [INFO] Worker 1: 向下滑動: 315 像素，並等待 4.910973644086638 秒
2024-12-18 14:05:06 [INFO] Worker 10: 向下滑動: 264 像素，並等待 3.241353922421477 秒
2024-12-18 14:05:07 [INFO] Worker 11: 向下滑動: 262 像素，並等待 3.058636421286619 秒
2024-12-18 14:05:07 [INFO] Worker 4: 帳號 66637943259 的任務已結束
2024-12-18 14:05:07 [INFO] Worker 14: 開始處理帳號 66823121944
2024-12-18 14:05:07 [INFO] Worker 9: 向下滑動: 211 像素，並等待 4.634733243493966 秒
2024-12-18 14:05:07 [INFO] Worker 6: 向下滑動: 291 像素，並等待 4.050115815397769 秒
2024-12-18 14:05:07 [INFO] Worker 12: 帳號 66954958462 使用 cookies 成功登入
2024-12-18 14:05:07 [INFO] Worker 12: 登錄成功，開始處理帳號 66954958462 的操作...
2024-12-18 14:05:07 [INFO] Worker 12: 開始跳轉操作...
2024-12-18 14:05:07 [INFO] Worker 12: 正在開啟貼文: https://www.facebook.com/share/1HAVpvaRDF/
2024-12-18 14:05:08 [INFO] Worker 1: 帳號 66634899161 的任務已結束
2024-12-18 14:05:08 [INFO] Worker 15: 開始處理帳號 66814785452
2024-12-18 14:05:09 [INFO] Worker 13: 代理 kamoney03.ddns.net:24013 設置成功
2024-12-18 14:05:10 [INFO] Worker 13: Cookies 已加載成功: cookies\66804035563_cookies.json
2024-12-18 14:05:10 [INFO] Worker 9: 向下滑動: 269 像素，並等待 3.293238732976158 秒
2024-12-18 14:05:11 [INFO] Worker 12 隨機停留 6 秒
2024-12-18 14:05:11 [INFO] Worker 10: 向下滑動: 241 像素，並等待 4.881127319445154 秒
2024-12-18 14:05:11 [INFO] Worker 11: 向下滑動: 356 像素，並等待 4.848005191910576 秒
2024-12-18 14:05:11 [INFO] Worker 6: 向下滑動: 295 像素，並等待 4.262065342434234 秒
2024-12-18 14:05:12 [INFO] Worker 13: 帳號 66804035563 使用 cookies 成功登入
2024-12-18 14:05:12 [INFO] Worker 13: 登錄成功，開始處理帳號 66804035563 的操作...
2024-12-18 14:05:12 [INFO] Worker 13: 開始跳轉操作...
2024-12-18 14:05:12 [INFO] Worker 13: 正在開啟貼文: https://www.facebook.com/share/1HAVpvaRDF/
2024-12-18 14:05:14 [INFO] Worker 9: 向下滑動: 253 像素，並等待 4.1749953853274056 秒
2024-12-18 14:05:15 [INFO] Worker 6: 向下滑動: 336 像素，並等待 3.217482606786179 秒
2024-12-18 14:05:15 [INFO] Worker 14: 代理 kamoney03.ddns.net:24014 設置成功
2024-12-18 14:05:16 [INFO] Worker 15: 代理 kamoney03.ddns.net:24015 設置成功
2024-12-18 14:05:16 [INFO] Worker 11: 向下滑動: 310 像素，並等待 4.562817279818265 秒
2024-12-18 14:05:16 [INFO] Worker 10: 向下滑動: 375 像素，並等待 4.848958493558856 秒
2024-12-18 14:05:17 [INFO] Worker 12: 貼文已按過讚，無需重複操作
2024-12-18 14:05:17 [INFO] Worker 12 按讚後隨機停留 3 秒
2024-12-18 14:05:18 [INFO] Worker 14: Cookies 已加載成功: cookies\66823121944_cookies.json
2024-12-18 14:05:18 [INFO] Worker 9: 向下滑動: 276 像素，並等待 3.7069517862919104 秒
2024-12-18 14:05:18 [INFO] Worker 15: Cookies 已加載成功: cookies\66814785452_cookies.json
2024-12-18 14:05:19 [INFO] Worker 6: 向下滑動: 221 像素，並等待 4.097670546690386 秒
2024-12-18 14:05:19 [INFO] Worker 13 隨機停留 6 秒
2024-12-18 14:05:20 [INFO] Worker 12: 正在開啟網站: https://lihi.cc/fCuUd
2024-12-18 14:05:20 [INFO] Worker 10: 向下滑動: 280 像素，並等待 4.081696490680663 秒
2024-12-18 14:05:21 [INFO] Worker 11: 向下滑動: 371 像素，並等待 4.605285429970986 秒
2024-12-18 14:05:23 [INFO] Worker 6: 向下滑動: 368 像素，並等待 3.9062324174118395 秒
2024-12-18 14:05:23 [INFO] Worker 9: 向下滑動: 394 像素，並等待 4.555934495443851 秒
2024-12-18 14:05:23 [INFO] Worker 12 隨機停留時間: 181 秒
2024-12-18 14:05:24 [INFO] Worker 14: 帳號 66823121944 使用 cookies 成功登入
2024-12-18 14:05:24 [INFO] Worker 14: 登錄成功，開始處理帳號 66823121944 的操作...
2024-12-18 14:05:24 [INFO] Worker 14: 開始跳轉操作...
2024-12-18 14:05:24 [INFO] Worker 14: 正在開啟貼文: https://www.facebook.com/share/1HAVpvaRDF/
2024-12-18 14:05:24 [INFO] Worker 15: 帳號 66814785452 使用 cookies 成功登入
2024-12-18 14:05:24 [INFO] Worker 15: 登錄成功，開始處理帳號 66814785452 的操作...
2024-12-18 14:05:24 [INFO] Worker 15: 開始跳轉操作...
2024-12-18 14:05:24 [INFO] Worker 15: 正在開啟貼文: https://www.facebook.com/share/1HAVpvaRDF/
2024-12-18 14:05:25 [INFO] Worker 11: 向下滑動: 306 像素，並等待 4.281476913601788 秒
2024-12-18 14:05:25 [INFO] Worker 10: 向下滑動: 280 像素，並等待 4.801565631428776 秒
2024-12-18 14:05:25 [INFO] Worker 13: 貼文已按過讚，無需重複操作
2024-12-18 14:05:25 [INFO] Worker 13 按讚後隨機停留 4 秒
2024-12-18 14:05:26 [INFO] Worker 6: 帳號 66935324825 的任務已結束
2024-12-18 14:05:26 [INFO] Worker 14 隨機停留 7 秒
2024-12-18 14:05:26 [INFO] Worker 15 隨機停留 8 秒
2024-12-18 14:05:27 [INFO] Worker 12: 向下滑動: 331 像素，並等待 3.3164557807183512 秒
2024-12-18 14:05:27 [INFO] Worker 9: 向下滑動: 399 像素，並等待 4.650824206165055 秒
2024-12-18 14:05:29 [INFO] Worker 10: 向下滑動: 371 像素，並等待 3.4484046576197716 秒
2024-12-18 14:05:29 [INFO] Worker 11: 向下滑動: 376 像素，並等待 4.187124955124965 秒
2024-12-18 14:05:29 [INFO] Worker 13: 正在開啟網站: https://lihi.cc/fCuUd
2024-12-18 14:05:31 [INFO] Worker 12: 向下滑動: 209 像素，並等待 4.023478695649875 秒
2024-12-18 14:05:31 [INFO] Worker 9: 向下滑動: 345 像素，並等待 3.6813018849951273 秒
2024-12-18 14:05:32 [INFO] Worker 13 隨機停留時間: 155 秒
2024-12-18 14:05:32 [INFO] Worker 10: 向下滑動: 286 像素，並等待 3.3790804666823866 秒
2024-12-18 14:05:32 [INFO] Worker 11: 向下滑動: 315 像素，並等待 3.0216888513149067 秒
2024-12-18 14:05:33 [INFO] Worker 14: 貼文已按過讚，無需重複操作
2024-12-18 14:05:33 [INFO] Worker 14 按讚後隨機停留 5 秒
2024-12-18 14:05:34 [INFO] Worker 12: 向下滑動: 349 像素，並等待 3.4035745224467107 秒
2024-12-18 14:05:34 [INFO] Worker 15: 貼文已按過讚，無需重複操作
2024-12-18 14:05:34 [INFO] Worker 15 按讚後隨機停留 4 秒
2024-12-18 14:05:35 [INFO] Worker 9: 向下滑動: 310 像素，並等待 4.030063282139206 秒
2024-12-18 14:05:35 [INFO] Worker 13: 向下滑動: 216 像素，並等待 3.6635971331544406 秒
2024-12-18 14:05:36 [INFO] Worker 10: 向下滑動: 312 像素，並等待 4.487440284590701 秒
2024-12-18 14:05:37 [INFO] Worker 11: 向下滑動: 236 像素，並等待 4.862176209189057 秒
2024-12-18 14:05:37 [INFO] Worker 12: 向下滑動: 400 像素，並等待 3.090912208477082 秒
2024-12-18 14:05:38 [INFO] Worker 14: 正在開啟網站: https://lihi.cc/fCuUd
2024-12-18 14:05:38 [INFO] Worker 15: 正在開啟網站: https://lihi.cc/fCuUd
2024-12-18 14:05:40 [INFO] Worker 13: 向下滑動: 370 像素，並等待 4.147087257879721 秒
2024-12-18 14:05:40 [INFO] Worker 9: 向下滑動: 247 像素，並等待 4.783074261945545 秒
2024-12-18 14:05:41 [INFO] Worker 15 隨機停留時間: 152 秒
2024-12-18 14:05:41 [INFO] Worker 14 隨機停留時間: 176 秒
2024-12-18 14:05:41 [INFO] Worker 10: 向下滑動: 386 像素，並等待 4.709385309875397 秒
2024-12-18 14:05:41 [INFO] Worker 11: 向下滑動: 210 像素，並等待 4.380856049511381 秒
2024-12-18 14:05:41 [INFO] Worker 12: 向下滑動: 357 像素，並等待 4.187193030104852 秒
2024-12-18 14:05:44 [INFO] Worker 13: 向下滑動: 237 像素，並等待 4.326872473789021 秒
2024-12-18 14:05:44 [INFO] Worker 9: 向下滑動: 217 像素，並等待 4.24809726389086 秒
2024-12-18 14:05:45 [INFO] Worker 14: 向下滑動: 273 像素，並等待 3.852995733440185 秒
2024-12-18 14:05:45 [INFO] Worker 10: 向下滑動: 398 像素，並等待 3.7337233474397946 秒
2024-12-18 14:05:45 [INFO] Worker 15: 向下滑動: 251 像素，並等待 4.247259385580824 秒
2024-12-18 14:05:45 [INFO] Worker 11: 向下滑動: 252 像素，並等待 3.836692218058178 秒
2024-12-18 14:05:48 [INFO] Worker 9: 向下滑動: 329 像素，並等待 3.686045086049132 秒
2024-12-18 14:05:48 [INFO] Worker 12: 向下滑動: 256 像素，並等待 4.903526108313821 秒
2024-12-18 14:05:49 [INFO] Worker 10: 向下滑動: 247 像素，並等待 3.781558371180804 秒
2024-12-18 14:05:49 [INFO] Worker 15: 向下滑動: 313 像素，並等待 3.551355834083991 秒
2024-12-18 14:05:49 [INFO] Worker 13: 向下滑動: 200 像素，並等待 4.8366866312941985 秒
2024-12-18 14:05:49 [INFO] Worker 14: 向下滑動: 229 像素，並等待 4.011567082701357 秒
2024-12-18 14:05:49 [INFO] Worker 11: 向下滑動: 365 像素，並等待 4.13670451861062 秒
2024-12-18 14:05:52 [INFO] Worker 9: 向下滑動: 308 像素，並等待 3.9326842858597977 秒
2024-12-18 14:05:52 [INFO] Worker 15: 向下滑動: 290 像素，並等待 3.512629653386618 秒
2024-12-18 14:05:52 [INFO] Worker 10: 向下滑動: 285 像素，並等待 3.8141805020266224 秒
2024-12-18 14:05:53 [INFO] Worker 14: 向下滑動: 262 像素，並等待 4.383073106679548 秒
2024-12-18 14:05:53 [INFO] Worker 12: 向下滑動: 225 像素，並等待 4.856645310530052 秒
2024-12-18 14:05:53 [INFO] Worker 13: 向下滑動: 243 像素，並等待 4.534359284454455 秒
2024-12-18 14:05:53 [INFO] Worker 11: 向下滑動: 328 像素，並等待 3.9454270713414545 秒
2024-12-18 14:05:56 [INFO] Worker 15: 向下滑動: 278 像素，並等待 3.593250852193999 秒
2024-12-18 14:05:56 [INFO] Worker 9: 向下滑動: 245 像素，並等待 4.182227719683267 秒
2024-12-18 14:05:57 [INFO] Worker 13: 向下滑動: 278 像素，並等待 3.7621349603284484 秒
2024-12-18 14:05:57 [INFO] Worker 11: 向下滑動: 304 像素，並等待 3.8263357452567828 秒
2024-12-18 14:05:57 [INFO] Worker 10: 向下滑動: 389 像素，並等待 4.981667723974146 秒
2024-12-18 14:05:58 [INFO] Worker 14: 向下滑動: 245 像素，並等待 4.392188169946981 秒
2024-12-18 14:05:58 [INFO] Worker 12: 向下滑動: 297 像素，並等待 4.463403253194903 秒
2024-12-18 14:05:59 [INFO] Worker 9: 向下滑動: 340 像素，並等待 3.22686213814512 秒
2024-12-18 14:05:59 [INFO] Worker 15: 向下滑動: 211 像素，並等待 3.4732887177039435 秒
2024-12-18 14:06:01 [INFO] Worker 10: 向下滑動: 337 像素，並等待 3.132358626378696 秒
2024-12-18 14:06:01 [INFO] Worker 14: 向下滑動: 311 像素，並等待 3.051790398051809 秒
2024-12-18 14:06:01 [INFO] Worker 11: 向下滑動: 248 像素，並等待 3.8246399568596523 秒
2024-12-18 14:06:01 [INFO] Worker 12: 向下滑動: 325 像素，並等待 3.4855060870556684 秒
2024-12-18 14:06:02 [INFO] Worker 13: 向下滑動: 366 像素，並等待 4.57339446811785 秒
2024-12-18 14:06:02 [INFO] Worker 15: 向下滑動: 339 像素，並等待 3.1932371244119855 秒
2024-12-18 14:06:02 [INFO] Worker 9: 向下滑動: 205 像素，並等待 3.2497242417779084 秒
2024-12-18 14:06:04 [INFO] Worker 14: 向下滑動: 345 像素，並等待 3.5759149725123427 秒
2024-12-18 14:06:04 [INFO] Worker 10: 向下滑動: 219 像素，並等待 3.8102516546407807 秒
2024-12-18 14:06:05 [INFO] Worker 11: 向下滑動: 217 像素，並等待 3.6203652462351537 秒
2024-12-18 14:06:06 [INFO] Worker 12: 向下滑動: 256 像素，並等待 4.397039865946313 秒
2024-12-18 14:06:06 [INFO] Worker 13: 向下滑動: 344 像素，並等待 4.605914612696609 秒
2024-12-18 14:06:07 [INFO] Worker 15: 向下滑動: 329 像素，並等待 4.681882561125667 秒
2024-12-18 14:06:07 [INFO] Worker 9: 向下滑動: 385 像素，並等待 4.9334290043865625 秒
2024-12-18 14:06:08 [INFO] Worker 14: 向下滑動: 372 像素，並等待 3.6014900806171033 秒
2024-12-18 14:06:09 [INFO] Worker 10: 向下滑動: 345 像素，並等待 4.3738205147280675 秒
2024-12-18 14:06:09 [INFO] Worker 12: 向下滑動: 207 像素，並等待 3.699189500508719 秒
2024-12-18 14:06:09 [INFO] Worker 11: 向下滑動: 289 像素，並等待 4.768940462549517 秒
2024-12-18 14:06:10 [INFO] Worker 13: 向下滑動: 303 像素，並等待 3.3746183289569958 秒
2024-12-18 14:06:11 [INFO] Worker 15: 向下滑動: 323 像素，並等待 3.630835090309313 秒
2024-12-18 14:06:11 [INFO] Worker 14: 向下滑動: 251 像素，並等待 3.6170664198574407 秒
2024-12-18 14:06:12 [INFO] Worker 9: 向下滑動: 265 像素，並等待 4.684985071468979 秒
2024-12-18 14:06:13 [INFO] Worker 10: 向下滑動: 230 像素，並等待 4.2033129515618395 秒
2024-12-18 14:06:13 [INFO] Worker 12: 向下滑動: 387 像素，並等待 3.7178208103669084 秒
2024-12-18 14:06:14 [INFO] Worker 11: 向下滑動: 307 像素，並等待 4.1402189824586 秒
2024-12-18 14:06:14 [INFO] Worker 13: 向下滑動: 281 像素，並等待 4.005761542406455 秒
2024-12-18 14:06:14 [INFO] Worker 15: 向下滑動: 249 像素，並等待 3.3453159828748724 秒
2024-12-18 14:06:15 [INFO] Worker 14: 向下滑動: 274 像素，並等待 3.498690361835773 秒
2024-12-18 14:06:15 [INFO] Worker 9: 向下滑動: 365 像素，並等待 3.3310504389029285 秒
2024-12-18 14:06:16 [INFO] Worker 12: 向下滑動: 313 像素，並等待 3.240321351974755 秒
2024-12-18 14:06:18 [INFO] Worker 11: 向下滑動: 213 像素，並等待 4.066241678766094 秒
2024-12-18 14:06:18 [INFO] Worker 10: 向下滑動: 322 像素，並等待 4.8211458296906455 秒
2024-12-18 14:06:18 [INFO] Worker 15: 向下滑動: 314 像素，並等待 3.8075653795393105 秒
2024-12-18 14:06:18 [INFO] Worker 14: 向下滑動: 387 像素，並等待 3.200069061711705 秒
2024-12-18 14:06:19 [INFO] Worker 13: 向下滑動: 313 像素，並等待 4.894120597502439 秒
2024-12-18 14:06:20 [INFO] Worker 9: 向下滑動: 260 像素，並等待 4.19268765452545 秒
2024-12-18 14:06:20 [INFO] Worker 12: 向下滑動: 384 像素，並等待 4.218496093657729 秒
2024-12-18 14:06:21 [INFO] Worker 10: 向下滑動: 201 像素，並等待 3.3060775154041577 秒
2024-12-18 14:06:21 [INFO] Worker 14: 向下滑動: 376 像素，並等待 3.2235289836472294 秒
2024-12-18 14:06:22 [INFO] Worker 11: 向下滑動: 348 像素，並等待 3.9713085402255723 秒
2024-12-18 14:06:22 [INFO] Worker 15: 向下滑動: 231 像素，並等待 3.789646090306743 秒
2024-12-18 14:06:23 [INFO] Worker 13: 向下滑動: 207 像素，並等待 4.502612509258293 秒
2024-12-18 14:06:23 [INFO] Worker 9: 向下滑動: 321 像素，並等待 3.5425116562820573 秒
2024-12-18 14:06:24 [INFO] Worker 12: 向下滑動: 348 像素，並等待 3.2290895159565736 秒
2024-12-18 14:06:25 [INFO] Worker 14: 向下滑動: 217 像素，並等待 3.4172127093728557 秒
2024-12-18 14:06:25 [INFO] Worker 10: 向下滑動: 391 像素，並等待 4.145329597834953 秒
2024-12-18 14:06:26 [INFO] Worker 15: 向下滑動: 206 像素，並等待 3.7854369830553 秒
2024-12-18 14:06:26 [INFO] Worker 13: 向下滑動: 373 像素，並等待 3.193332175356039 秒
2024-12-18 14:06:26 [INFO] Worker 11: 向下滑動: 356 像素，並等待 4.886634695344247 秒
2024-12-18 14:06:28 [INFO] Worker 9: 向下滑動: 231 像素，並等待 4.54673757455711 秒
2024-12-18 14:06:28 [INFO] Worker 12: 向下滑動: 269 像素，並等待 4.090714931835559 秒
2024-12-18 14:06:28 [INFO] Worker 14: 向下滑動: 224 像素，並等待 3.242558227797388 秒
2024-12-18 14:06:29 [INFO] Worker 10: 向下滑動: 293 像素，並等待 3.251078525540578 秒
2024-12-18 14:06:29 [INFO] Worker 15: 向下滑動: 251 像素，並等待 3.585491617070627 秒
2024-12-18 14:06:30 [INFO] Worker 11: 向下滑動: 331 像素，並等待 3.647307718324549 秒
2024-12-18 14:06:31 [INFO] Worker 13: 向下滑動: 288 像素，並等待 4.263346043418503 秒
2024-12-18 14:06:32 [INFO] Worker 12: 向下滑動: 238 像素，並等待 3.6922593487522724 秒
2024-12-18 14:06:32 [INFO] Worker 10: 向下滑動: 243 像素，並等待 3.746066935675555 秒
2024-12-18 14:06:33 [INFO] Worker 14: 向下滑動: 336 像素，並等待 4.440931296225706 秒
2024-12-18 14:06:33 [INFO] Worker 9: 向下滑動: 217 像素，並等待 4.8490086595343564 秒
2024-12-18 14:06:34 [INFO] Worker 15: 向下滑動: 229 像素，並等待 4.68746222886805 秒
2024-12-18 14:06:34 [INFO] Worker 11: 向下滑動: 208 像素，並等待 3.9492021174419945 秒
2024-12-18 14:06:35 [INFO] Worker 13: 向下滑動: 379 像素，並等待 4.06261143233564 秒
2024-12-18 14:06:36 [INFO] Worker 12: 向下滑動: 297 像素，並等待 4.844379173308818 秒
2024-12-18 14:06:36 [INFO] Worker 10: 向下滑動: 237 像素，並等待 4.056799169591717 秒
2024-12-18 14:06:37 [INFO] Worker 14: 向下滑動: 292 像素，並等待 4.786757370399716 秒
2024-12-18 14:06:37 [INFO] Worker 9: 向下滑動: 353 像素，並等待 4.827940396031844 秒
2024-12-18 14:06:38 [INFO] Worker 13: 向下滑動: 235 像素，並等待 3.0394045147308253 秒
2024-12-18 14:06:38 [INFO] Worker 15: 向下滑動: 383 像素，並等待 4.630022851801279 秒
2024-12-18 14:06:39 [INFO] Worker 11: 向下滑動: 244 像素，並等待 4.736291034328584 秒
2024-12-18 14:06:40 [INFO] Worker 12: 向下滑動: 204 像素，並等待 4.047666878343533 秒
2024-12-18 14:06:40 [INFO] Worker 14: 向下滑動: 381 像素，並等待 3.1054426195794473 秒
2024-12-18 14:06:41 [INFO] Worker 10: 向下滑動: 302 像素，並等待 4.4658152117447685 秒
2024-12-18 14:06:41 [INFO] Worker 9: 向下滑動: 288 像素，並等待 3.978417940124322 秒
2024-12-18 14:06:42 [INFO] Worker 13: 向下滑動: 235 像素，並等待 4.136416607888585 秒
2024-12-18 14:06:42 [INFO] Worker 11: 向下滑動: 320 像素，並等待 3.5624720130936725 秒
2024-12-18 14:06:43 [INFO] Worker 15: 向下滑動: 269 像素，並等待 4.115197710203218 秒
2024-12-18 14:06:44 [INFO] Worker 14: 向下滑動: 331 像素，並等待 3.836240996175893 秒
2024-12-18 14:06:45 [INFO] Worker 9: 向下滑動: 226 像素，並等待 3.243484925008439 秒
2024-12-18 14:06:45 [INFO] Worker 10: 向下滑動: 384 像素，並等待 4.2346194849525105 秒
2024-12-18 14:06:45 [INFO] Worker 12: 向下滑動: 203 像素，並等待 4.876004987871528 秒
2024-12-18 14:06:46 [INFO] Worker 11: 向下滑動: 372 像素，並等待 3.351880498870714 秒
2024-12-18 14:06:46 [INFO] Worker 13: 向下滑動: 200 像素，並等待 4.371227055679312 秒
2024-12-18 14:06:46 [INFO] Worker 15: 向下滑動: 322 像素，並等待 3.5785743660400495 秒
2024-12-18 14:06:48 [INFO] Worker 14: 向下滑動: 211 像素，並等待 3.6153103966353344 秒
2024-12-18 14:06:48 [INFO] Worker 12: 向下滑動: 334 像素，並等待 3.0678510685102265 秒
2024-12-18 14:06:49 [INFO] Worker 9: 向下滑動: 373 像素，並等待 4.080533869290669 秒
2024-12-18 14:06:50 [INFO] Worker 11: 向下滑動: 322 像素，並等待 3.7817098367007542 秒
2024-12-18 14:06:50 [INFO] Worker 10: 向下滑動: 337 像素，並等待 4.74805695900513 秒
2024-12-18 14:06:50 [INFO] Worker 13: 向下滑動: 317 像素，並等待 3.782470086444439 秒
2024-12-18 14:06:51 [INFO] Worker 15: 向下滑動: 285 像素，並等待 4.9321439140887575 秒
2024-12-18 14:06:52 [INFO] Worker 12: 向下滑動: 375 像素，並等待 3.3195675516106506 秒
2024-12-18 14:06:52 [INFO] Worker 14: 向下滑動: 315 像素，並等待 3.8050855857518098 秒
2024-12-18 14:06:53 [INFO] Worker 9: 向下滑動: 222 像素，並等待 3.7667196642667085 秒
2024-12-18 14:06:53 [INFO] Worker 10: 向下滑動: 285 像素，並等待 3.0120205468755676 秒
2024-12-18 14:06:54 [INFO] Worker 11: 向下滑動: 378 像素，並等待 4.815435010895398 秒
2024-12-18 14:06:55 [INFO] Worker 13: 向下滑動: 210 像素，並等待 4.594047067242789 秒
2024-12-18 14:06:55 [INFO] Worker 14: 向下滑動: 311 像素，並等待 3.011933720938038 秒
2024-12-18 14:06:55 [INFO] Worker 12: 向下滑動: 238 像素，並等待 3.280181061072125 秒
2024-12-18 14:06:55 [INFO] Worker 15: 向下滑動: 319 像素，並等待 3.9321247841893143 秒
2024-12-18 14:06:56 [INFO] Worker 10: 向下滑動: 381 像素，並等待 3.5499369197507855 秒
2024-12-18 14:06:58 [INFO] Worker 9: 向下滑動: 371 像素，並等待 4.971253429989753 秒
2024-12-18 14:06:58 [INFO] Worker 11: 向下滑動: 385 像素，並等待 3.3782404211694024 秒
2024-12-18 14:06:58 [INFO] Worker 14: 向下滑動: 319 像素，並等待 3.380337290779062 秒
2024-12-18 14:06:59 [INFO] Worker 13: 向下滑動: 243 像素，並等待 4.57024018789723 秒
2024-12-18 14:07:00 [INFO] Worker 12: 向下滑動: 293 像素，並等待 4.597003405060743 秒
2024-12-18 14:07:00 [INFO] Worker 15: 向下滑動: 266 像素，並等待 4.955875187020965 秒
2024-12-18 14:07:00 [INFO] Worker 10: 向下滑動: 288 像素，並等待 3.922117395458227 秒
2024-12-18 14:07:02 [INFO] Worker 9: 向下滑動: 207 像素，並等待 4.128924408647087 秒
2024-12-18 14:07:02 [INFO] Worker 11: 向下滑動: 366 像素，並等待 4.128293051607381 秒
2024-12-18 14:07:03 [INFO] Worker 14: 向下滑動: 341 像素，並等待 4.68029623868177 秒
2024-12-18 14:07:04 [INFO] Worker 13: 向下滑動: 278 像素，並等待 4.753181567700886 秒
2024-12-18 14:07:04 [INFO] Worker 12: 向下滑動: 292 像素，並等待 4.893608817679695 秒
2024-12-18 14:07:05 [INFO] Worker 15: 向下滑動: 331 像素，並等待 4.637292504558365 秒
2024-12-18 14:07:05 [INFO] Worker 10: 向下滑動: 397 像素，並等待 4.533659599844798 秒
2024-12-18 14:07:05 [INFO] Worker 9: 向下滑動: 366 像素，並等待 3.627744239316793 秒
2024-12-18 14:07:07 [INFO] Worker 11: 向下滑動: 295 像素，並等待 4.668523775729519 秒
2024-12-18 14:07:07 [INFO] Worker 14: 向下滑動: 214 像素，並等待 3.9055289304547465 秒
2024-12-18 14:07:07 [INFO] Worker 13: 向下滑動: 311 像素，並等待 3.014457186644925 秒
2024-12-18 14:07:08 [INFO] Worker 15: 向下滑動: 388 像素，並等待 3.063492726968579 秒
2024-12-18 14:07:08 [INFO] Worker 10: 向下滑動: 344 像素，並等待 3.105689201079808 秒
2024-12-18 14:07:08 [INFO] Worker 9: 向下滑動: 251 像素，並等待 3.068163741621394 秒
2024-12-18 14:07:09 [INFO] Worker 12: 向下滑動: 354 像素，並等待 4.302952440883198 秒
2024-12-18 14:07:11 [INFO] Worker 13: 向下滑動: 383 像素，並等待 3.9384470030692897 秒
2024-12-18 14:07:12 [INFO] Worker 11: 向下滑動: 333 像素，並等待 4.956584167755146 秒
2024-12-18 14:07:12 [INFO] Worker 14: 向下滑動: 202 像素，並等待 4.801948803768214 秒
2024-12-18 14:07:12 [INFO] Worker 10: 向下滑動: 225 像素，並等待 3.9315366452353864 秒
2024-12-18 14:07:12 [INFO] Worker 9: 向下滑動: 243 像素，並等待 3.880394287047326 秒
2024-12-18 14:07:12 [INFO] Worker 15: 向下滑動: 386 像素，並等待 4.60489997183555 秒
2024-12-18 14:07:13 [INFO] Worker 12: 向下滑動: 250 像素，並等待 4.537022028248698 秒
2024-12-18 14:07:14 [INFO] Worker 13: 向下滑動: 247 像素，並等待 3.5362553452654364 秒
2024-12-18 14:07:16 [INFO] Worker 11: 向下滑動: 358 像素，並等待 4.047356767099017 秒
2024-12-18 14:07:16 [INFO] Worker 15: 向下滑動: 286 像素，並等待 3.293311890611577 秒
2024-12-18 14:07:16 [INFO] Worker 9: 向下滑動: 355 像素，並等待 3.6640022921089583 秒
2024-12-18 14:07:16 [INFO] Worker 14: 向下滑動: 201 像素，並等待 4.609331583014231 秒
2024-12-18 14:07:17 [INFO] Worker 10: 向下滑動: 280 像素，並等待 4.939513371299533 秒
2024-12-18 14:07:17 [INFO] Worker 12: 向下滑動: 242 像素，並等待 3.8967692045712425 秒
2024-12-18 14:07:19 [INFO] Worker 13: 向下滑動: 289 像素，並等待 4.555476275024292 秒
2024-12-18 14:07:19 [INFO] Worker 9: 向下滑動: 275 像素，並等待 3.0302847728235944 秒
2024-12-18 14:07:20 [INFO] Worker 15: 向下滑動: 348 像素，並等待 4.300003558987811 秒
2024-12-18 14:07:20 [INFO] Worker 11: 向下滑動: 282 像素，並等待 4.470399756278443 秒
2024-12-18 14:07:20 [INFO] Worker 10: 向下滑動: 344 像素，並等待 3.3212004353489597 秒
2024-12-18 14:07:20 [INFO] Worker 14: 向下滑動: 363 像素，並等待 4.2248981878535545 秒
2024-12-18 14:07:21 [INFO] Worker 12: 向下滑動: 257 像素，並等待 3.4599735741060735 秒
2024-12-18 14:07:22 [INFO] Worker 13: 向下滑動: 222 像素，並等待 3.3353775431294266 秒
2024-12-18 14:07:23 [INFO] Worker 14: 向下滑動: 324 像素，並等待 3.075511438460693 秒
2024-12-18 14:07:24 [INFO] Worker 9: 向下滑動: 400 像素，並等待 4.807082077262471 秒
2024-12-18 14:07:24 [INFO] Worker 12: 向下滑動: 281 像素，並等待 3.621344038229239 秒
2024-12-18 14:07:25 [INFO] Worker 15: 向下滑動: 287 像素，並等待 4.942649839323289 秒
2024-12-18 14:07:25 [INFO] Worker 10: 向下滑動: 319 像素，並等待 4.700352630415562 秒
2024-12-18 14:07:25 [INFO] Worker 11: 向下滑動: 254 像素，並等待 4.92279502372995 秒
2024-12-18 14:07:26 [INFO] Worker 13: 向下滑動: 218 像素，並等待 3.371047171152334 秒
2024-12-18 14:07:27 [INFO] Worker 14: 向下滑動: 308 像素，並等待 3.1670993129033924 秒
2024-12-18 14:07:27 [INFO] Worker 9: 向下滑動: 238 像素，並等待 3.633846199651254 秒
2024-12-18 14:07:28 [INFO] Worker 12: 向下滑動: 277 像素，並等待 3.788998979276764 秒
2024-12-18 14:07:28 [INFO] Worker 10: 向下滑動: 375 像素，並等待 3.223062602831461 秒
2024-12-18 14:07:29 [INFO] Worker 15: 向下滑動: 316 像素，並等待 3.9523533449943162 秒
2024-12-18 14:07:29 [INFO] Worker 11: 向下滑動: 386 像素，並等待 4.1776628718118 秒
2024-12-18 14:07:30 [INFO] Worker 13: 向下滑動: 257 像素，並等待 4.336132383613134 秒
2024-12-18 14:07:30 [INFO] Worker 14: 向下滑動: 274 像素，並等待 3.7181851270412247 秒
2024-12-18 14:07:32 [INFO] Worker 10: 向下滑動: 294 像素，並等待 3.751342689756059 秒
2024-12-18 14:07:32 [INFO] Worker 9: 向下滑動: 211 像素，並等待 4.617641225008379 秒
2024-12-18 14:07:33 [INFO] Worker 12: 向下滑動: 389 像素，並等待 4.780045800386521 秒
2024-12-18 14:07:33 [INFO] Worker 11: 向下滑動: 235 像素，並等待 3.791751207794099 秒
2024-12-18 14:07:33 [INFO] Worker 15: 向下滑動: 265 像素，並等待 4.151022473310319 秒
2024-12-18 14:07:34 [INFO] Worker 13: 向下滑動: 318 像素，並等待 3.578885748125812 秒
2024-12-18 14:07:34 [INFO] Worker 14: 向下滑動: 350 像素，並等待 3.3056913351269026 秒
2024-12-18 14:07:35 [INFO] Worker 9: 向下滑動: 278 像素，並等待 3.3265314606256116 秒
2024-12-18 14:07:37 [INFO] Worker 10: 向下滑動: 224 像素，並等待 4.71626983231441 秒
2024-12-18 14:07:37 [INFO] Worker 12: 向下滑動: 379 像素，並等待 4.102797136532011 秒
2024-12-18 14:07:37 [INFO] Worker 15: 向下滑動: 247 像素，並等待 4.270131424516564 秒
2024-12-18 14:07:38 [INFO] Worker 13: 向下滑動: 246 像素，並等待 4.058592284686878 秒
2024-12-18 14:07:38 [INFO] Worker 11: 向下滑動: 378 像素，並等待 4.722747328979905 秒
2024-12-18 14:07:38 [INFO] Worker 14: 向下滑動: 308 像素，並等待 4.786277332142764 秒
2024-12-18 14:07:39 [INFO] Worker 9: 向下滑動: 267 像素，並等待 3.3926152490815404 秒
2024-12-18 14:07:40 [INFO] Worker 10: 向下滑動: 261 像素，並等待 3.468727670880999 秒
2024-12-18 14:07:41 [INFO] Worker 15: 向下滑動: 201 像素，並等待 3.8920218460900147 秒
2024-12-18 14:07:41 [INFO] Worker 12: 向下滑動: 283 像素，並等待 4.27901174266985 秒
2024-12-18 14:07:42 [INFO] Worker 11: 向下滑動: 220 像素，並等待 4.270863097450693 秒
2024-12-18 14:07:42 [INFO] Worker 13: 向下滑動: 346 像素，並等待 4.347126756309121 秒
2024-12-18 14:07:43 [INFO] Worker 9: 向下滑動: 247 像素，並等待 3.708537773409912 秒
2024-12-18 14:07:43 [INFO] Worker 14: 向下滑動: 338 像素，並等待 4.606673334645393 秒
2024-12-18 14:07:44 [INFO] Worker 10: 向下滑動: 327 像素，並等待 3.7514264718322234 秒
2024-12-18 14:07:44 [INFO] Worker 15: 向下滑動: 286 像素，並等待 3.1250292215375595 秒
2024-12-18 14:07:45 [INFO] Worker 12: 向下滑動: 216 像素，並等待 3.9106135973976786 秒
2024-12-18 14:07:45 [INFO] Worker 11: 向下滑動: 361 像素，並等待 3.4415289895912187 秒
2024-12-18 14:07:46 [INFO] Worker 13: 向下滑動: 387 像素，並等待 4.024001594369505 秒
2024-12-18 14:07:47 [INFO] Worker 9: 向下滑動: 397 像素，並等待 4.049087597181247 秒
2024-12-18 14:07:47 [INFO] Worker 10: 向下滑動: 387 像素，並等待 3.5423246865425773 秒
2024-12-18 14:07:48 [INFO] Worker 15: 向下滑動: 251 像素，並等待 3.427221694583967 秒
2024-12-18 14:07:48 [INFO] Worker 14: 向下滑動: 338 像素，並等待 4.8497247783033455 秒
2024-12-18 14:07:49 [INFO] Worker 11: 向下滑動: 291 像素，並等待 3.074880078313387 秒
2024-12-18 14:07:50 [INFO] Worker 10: 帳號 66646155782 的任務已結束
2024-12-18 14:07:50 [INFO] Worker 13: 向下滑動: 245 像素，並等待 3.8088356593560326 秒
2024-12-18 14:07:50 [INFO] Worker 12: 向下滑動: 333 像素，並等待 4.753800104925015 秒
2024-12-18 14:07:50 [INFO] Worker 9: 向下滑動: 286 像素，並等待 3.662470241652806 秒
2024-12-18 14:07:51 [INFO] Worker 14: 向下滑動: 243 像素，並等待 3.173366641548869 秒
2024-12-18 14:07:53 [INFO] Worker 15: 向下滑動: 371 像素，並等待 4.9050217078995715 秒
2024-12-18 14:07:53 [INFO] Worker 9: 帳號 66991704166 的任務已結束
2024-12-18 14:07:53 [INFO] Worker 11: 向下滑動: 263 像素，並等待 4.253392302495046 秒
2024-12-18 14:07:54 [INFO] Worker 13: 向下滑動: 241 像素，並等待 3.7946338140143587 秒
2024-12-18 14:07:54 [INFO] Worker 12: 向下滑動: 212 像素，並等待 4.178419384021543 秒
2024-12-18 14:07:54 [INFO] Worker 14: 向下滑動: 306 像素，並等待 3.250680606911363 秒
2024-12-18 14:07:57 [INFO] Worker 11: 向下滑動: 280 像素，並等待 3.7389510099412404 秒
2024-12-18 14:07:57 [INFO] Worker 15: 向下滑動: 214 像素，並等待 3.9793656356421514 秒
2024-12-18 14:07:57 [INFO] Worker 13: 向下滑動: 350 像素，並等待 3.3041097399303614 秒
2024-12-18 14:07:58 [INFO] Worker 12: 向下滑動: 376 像素，並等待 3.685748665039955 秒
2024-12-18 14:07:58 [INFO] Worker 14: 向下滑動: 377 像素，並等待 3.49817866018976 秒
2024-12-18 14:07:59 [INFO] Worker 11: 帳號 66643407753 的任務已結束
2024-12-18 14:08:01 [INFO] Worker 15: 向下滑動: 369 像素，並等待 3.8493165944978114 秒
2024-12-18 14:08:02 [INFO] Worker 13: 向下滑動: 270 像素，並等待 4.645005401333661 秒
2024-12-18 14:08:02 [INFO] Worker 12: 向下滑動: 247 像素，並等待 3.8255022321468957 秒
2024-12-18 14:08:02 [INFO] Worker 14: 向下滑動: 382 像素，並等待 4.232594285119334 秒
2024-12-18 14:08:04 [INFO] Worker 15: 向下滑動: 211 像素，並等待 3.4174641028045425 秒
2024-12-18 14:08:06 [INFO] Worker 12: 向下滑動: 219 像素，並等待 3.9210898982346363 秒
2024-12-18 14:08:06 [INFO] Worker 14: 向下滑動: 299 像素，並等待 3.5496696072728495 秒
2024-12-18 14:08:06 [INFO] Worker 13: 向下滑動: 391 像素，並等待 4.104536112976622 秒
2024-12-18 14:08:08 [INFO] Worker 15: 向下滑動: 278 像素，並等待 3.9816453339505644 秒
2024-12-18 14:08:09 [INFO] Worker 12: 向下滑動: 353 像素，並等待 3.1596676465208886 秒
2024-12-18 14:08:10 [INFO] Worker 14: 向下滑動: 239 像素，並等待 3.9684615835157944 秒
2024-12-18 14:08:11 [INFO] Worker 13: 向下滑動: 205 像素，並等待 4.804690597367878 秒
2024-12-18 14:08:11 [INFO] Worker 15: 向下滑動: 343 像素，並等待 3.2573788824109826 秒
2024-12-18 14:08:13 [INFO] Worker 13: 帳號 66804035563 的任務已結束
2024-12-18 14:08:13 [INFO] Worker 14: 向下滑動: 314 像素，並等待 3.7943131785823447 秒
2024-12-18 14:08:14 [INFO] Worker 12: 向下滑動: 296 像素，並等待 4.904589734319769 秒
2024-12-18 14:08:14 [INFO] Worker 15: 向下滑動: 223 像素，並等待 3.162358375714729 秒
2024-12-18 14:08:17 [INFO] Worker 15: 帳號 66814785452 的任務已結束
2024-12-18 14:08:18 [INFO] Worker 12: 向下滑動: 399 像素，並等待 4.331271278586197 秒
2024-12-18 14:08:18 [INFO] Worker 14: 向下滑動: 369 像素，並等待 4.964095022989417 秒
2024-12-18 14:08:22 [INFO] Worker 12: 向下滑動: 300 像素，並等待 4.200242539073752 秒
2024-12-18 14:08:23 [INFO] Worker 14: 向下滑動: 201 像素，並等待 4.644734734489983 秒
2024-12-18 14:08:26 [INFO] Worker 12: 向下滑動: 357 像素，並等待 3.3652967173438677 秒
2024-12-18 14:08:26 [INFO] Worker 14: 向下滑動: 250 像素，並等待 3.026332546191047 秒
2024-12-18 14:08:27 [ERROR] Exception in thread
2024-12-18 14:08:27 [ERROR] TaskMonitor-navigate
2024-12-18 14:08:27 [ERROR] :
2024-12-18 14:08:27 [ERROR] Traceback (most recent call last):
2024-12-18 14:08:27 [ERROR] File "C:\Python312\Lib\site-packages\urllib3\connection.py", line 199, in _new_conn
2024-12-18 14:08:28 [ERROR] sock = connection.create_connection(
2024-12-18 14:08:28 [ERROR] ^
2024-12-18 14:08:28 [ERROR] ^
2024-12-18 14:08:28 [ERROR] ^
2024-12-18 14:08:28 [ERROR] ^
2024-12-18 14:08:28 [ERROR] ^
2024-12-18 14:08:28 [ERROR] ^
2024-12-18 14:08:28 [ERROR] ^
2024-12-18 14:08:28 [ERROR] ^
2024-12-18 14:08:28 [ERROR] ^
2024-12-18 14:08:28 [ERROR] ^
2024-12-18 14:08:28 [ERROR] ^
2024-12-18 14:08:28 [ERROR] ^
2024-12-18 14:08:28 [ERROR] ^
2024-12-18 14:08:28 [ERROR] ^
2024-12-18 14:08:28 [ERROR] ^
2024-12-18 14:08:28 [ERROR] ^
2024-12-18 14:08:28 [ERROR] ^
2024-12-18 14:08:28 [ERROR] ^
2024-12-18 14:08:28 [ERROR] ^
2024-12-18 14:08:28 [ERROR] ^
2024-12-18 14:08:28 [ERROR] ^
2024-12-18 14:08:28 [ERROR] ^
2024-12-18 14:08:28 [ERROR] ^
2024-12-18 14:08:28 [ERROR] ^
2024-12-18 14:08:28 [ERROR] ^
2024-12-18 14:08:28 [ERROR] ^
2024-12-18 14:08:28 [ERROR] ^
2024-12-18 14:08:28 [ERROR] ^
2024-12-18 14:08:28 [ERROR] ^
2024-12-18 14:08:28 [ERROR] File "C:\Python312\Lib\site-packages\urllib3\util\connection.py", line 85, in create_connection
2024-12-18 14:08:28 [ERROR] raise err
2024-12-18 14:08:28 [ERROR] File "C:\Python312\Lib\site-packages\urllib3\util\connection.py", line 73, in create_connection
2024-12-18 14:08:28 [ERROR] sock.connect(sa)
2024-12-18 14:08:28 [ERROR] ConnectionRefusedError
2024-12-18 14:08:28 [ERROR] :
2024-12-18 14:08:28 [ERROR] [WinError 10061] 無法連線，因為目標電腦拒絕連線。
2024-12-18 14:08:28 [ERROR] The above exception was the direct cause of the following exception:
2024-12-18 14:08:28 [ERROR] Traceback (most recent call last):
2024-12-18 14:08:28 [ERROR] File "C:\Python312\Lib\site-packages\urllib3\connectionpool.py", line 789, in urlopen
2024-12-18 14:08:28 [ERROR] response = self._make_request(
2024-12-18 14:08:28 [ERROR] ^
2024-12-18 14:08:28 [ERROR] ^
2024-12-18 14:08:28 [ERROR] ^
2024-12-18 14:08:28 [ERROR] ^
2024-12-18 14:08:28 [ERROR] ^
2024-12-18 14:08:28 [ERROR] ^
2024-12-18 14:08:28 [ERROR] ^
2024-12-18 14:08:28 [ERROR] ^
2024-12-18 14:08:28 [ERROR] ^
2024-12-18 14:08:28 [ERROR] ^
2024-12-18 14:08:28 [ERROR] ^
2024-12-18 14:08:28 [ERROR] ^
2024-12-18 14:08:28 [ERROR] ^
2024-12-18 14:08:28 [ERROR] ^
2024-12-18 14:08:28 [ERROR] ^
2024-12-18 14:08:28 [ERROR] ^
2024-12-18 14:08:28 [ERROR] ^
2024-12-18 14:08:28 [ERROR] ^
2024-12-18 14:08:28 [ERROR] ^
2024-12-18 14:08:28 [ERROR] File "C:\Python312\Lib\site-packages\urllib3\connectionpool.py", line 495, in _make_request
2024-12-18 14:08:28 [ERROR] conn.request(
2024-12-18 14:08:28 [ERROR] File "C:\Python312\Lib\site-packages\urllib3\connection.py", line 441, in request
2024-12-18 14:08:28 [ERROR] self.endheaders()
2024-12-18 14:08:28 [ERROR] File "C:\Python312\Lib\http\client.py", line 1331, in endheaders
2024-12-18 14:08:28 [ERROR] self._send_output(message_body, encode_chunked=encode_chunked)
2024-12-18 14:08:28 [ERROR] File "C:\Python312\Lib\http\client.py", line 1091, in _send_output
2024-12-18 14:08:28 [ERROR] self.send(msg)
2024-12-18 14:08:28 [ERROR] File "C:\Python312\Lib\http\client.py", line 1035, in send
2024-12-18 14:08:28 [ERROR] self.connect()
2024-12-18 14:08:28 [ERROR] File "C:\Python312\Lib\site-packages\urllib3\connection.py", line 279, in connect
2024-12-18 14:08:28 [ERROR] self.sock = self._new_conn()
2024-12-18 14:08:28 [ERROR] ^
2024-12-18 14:08:28 [ERROR] ^
2024-12-18 14:08:28 [ERROR] ^
2024-12-18 14:08:28 [ERROR] ^
2024-12-18 14:08:28 [ERROR] ^
2024-12-18 14:08:28 [ERROR] ^
2024-12-18 14:08:28 [ERROR] ^
2024-12-18 14:08:28 [ERROR] ^
2024-12-18 14:08:28 [ERROR] ^
2024-12-18 14:08:28 [ERROR] ^
2024-12-18 14:08:28 [ERROR] ^
2024-12-18 14:08:28 [ERROR] ^
2024-12-18 14:08:28 [ERROR] ^
2024-12-18 14:08:28 [ERROR] ^
2024-12-18 14:08:28 [ERROR] ^
2024-12-18 14:08:28 [ERROR] ^
2024-12-18 14:08:28 [ERROR] File "C:\Python312\Lib\site-packages\urllib3\connection.py", line 214, in _new_conn
2024-12-18 14:08:28 [ERROR] raise NewConnectionError(
2024-12-18 14:08:28 [ERROR] urllib3.exceptions
2024-12-18 14:08:28 [ERROR] .
2024-12-18 14:08:28 [ERROR] NewConnectionError
2024-12-18 14:08:28 [ERROR] :
2024-12-18 14:08:28 [ERROR] <urllib3.connection.HTTPConnection object at 0x0000021A932E7980>: Failed to establish a new connection: [WinError 10061] 無法連線，因為目標電腦拒絕連線。
2024-12-18 14:08:28 [ERROR] The above exception was the direct cause of the following exception:
2024-12-18 14:08:28 [ERROR] Traceback (most recent call last):
2024-12-18 14:08:28 [ERROR] File "C:\Python312\Lib\threading.py", line 1073, in _bootstrap_inner
2024-12-18 14:08:28 [ERROR] self.run()
2024-12-18 14:08:28 [ERROR] File "C:\Python312\Lib\threading.py", line 1010, in run
2024-12-18 14:08:28 [ERROR] self._target(*self._args, **self._kwargs)
2024-12-18 14:08:28 [ERROR] File "c:\Users\user\Desktop\SuChenAI\Factbook-RPA-clickurl\modules\task_monitor.py", line 29, in run
2024-12-18 14:08:28 [ERROR] self.check_for_unexpected_behavior(task_id, status)  # 檢查是否有非預期行為
2024-12-18 14:08:28 [ERROR] ^
2024-12-18 14:08:28 [ERROR] ^
2024-12-18 14:08:28 [ERROR] ^
2024-12-18 14:08:28 [ERROR] ^
2024-12-18 14:08:28 [ERROR] ^
2024-12-18 14:08:28 [ERROR] ^
2024-12-18 14:08:28 [ERROR] ^
2024-12-18 14:08:28 [ERROR] ^
2024-12-18 14:08:28 [ERROR] ^
2024-12-18 14:08:28 [ERROR] ^
2024-12-18 14:08:28 [ERROR] ^
2024-12-18 14:08:28 [ERROR] ^
2024-12-18 14:08:28 [ERROR] ^
2024-12-18 14:08:28 [ERROR] ^
2024-12-18 14:08:28 [ERROR] ^
2024-12-18 14:08:28 [ERROR] ^
2024-12-18 14:08:28 [ERROR] ^
2024-12-18 14:08:28 [ERROR] ^
2024-12-18 14:08:28 [ERROR] ^
2024-12-18 14:08:28 [ERROR] ^
2024-12-18 14:08:28 [ERROR] ^
2024-12-18 14:08:28 [ERROR] ^
2024-12-18 14:08:28 [ERROR] ^
2024-12-18 14:08:28 [ERROR] ^
2024-12-18 14:08:28 [ERROR] ^
2024-12-18 14:08:28 [ERROR] ^
2024-12-18 14:08:28 [ERROR] ^
2024-12-18 14:08:28 [ERROR] ^
2024-12-18 14:08:28 [ERROR] ^
2024-12-18 14:08:28 [ERROR] ^
2024-12-18 14:08:28 [ERROR] ^
2024-12-18 14:08:28 [ERROR] ^
2024-12-18 14:08:28 [ERROR] ^
2024-12-18 14:08:28 [ERROR] ^
2024-12-18 14:08:28 [ERROR] ^
2024-12-18 14:08:28 [ERROR] ^
2024-12-18 14:08:28 [ERROR] ^
2024-12-18 14:08:28 [ERROR] ^
2024-12-18 14:08:28 [ERROR] ^
2024-12-18 14:08:28 [ERROR] ^
2024-12-18 14:08:28 [ERROR] ^
2024-12-18 14:08:28 [ERROR] ^
2024-12-18 14:08:28 [ERROR] ^
2024-12-18 14:08:28 [ERROR] ^
2024-12-18 14:08:28 [ERROR] ^
2024-12-18 14:08:28 [ERROR] ^
2024-12-18 14:08:28 [ERROR] ^
2024-12-18 14:08:28 [ERROR] ^
2024-12-18 14:08:28 [ERROR] ^
2024-12-18 14:08:28 [ERROR] ^
2024-12-18 14:08:28 [ERROR] ^
2024-12-18 14:08:28 [ERROR] File "c:\Users\user\Desktop\SuChenAI\Factbook-RPA-clickurl\modules\task_monitor.py", line 80, in check_for_unexpected_behavior
2024-12-18 14:08:28 [ERROR] WebDriverWait(driver, 0.01).until(
2024-12-18 14:08:28 [ERROR] File "C:\Python312\Lib\site-packages\selenium\webdriver\support\wait.py", line 96, in until
2024-12-18 14:08:28 [ERROR] value = method(self._driver)
2024-12-18 14:08:28 [ERROR] ^
2024-12-18 14:08:28 [ERROR] ^
2024-12-18 14:08:28 [ERROR] ^
2024-12-18 14:08:28 [ERROR] ^
2024-12-18 14:08:28 [ERROR] ^
2024-12-18 14:08:28 [ERROR] ^
2024-12-18 14:08:28 [ERROR] ^
2024-12-18 14:08:28 [ERROR] ^
2024-12-18 14:08:28 [ERROR] ^
2024-12-18 14:08:28 [ERROR] ^
2024-12-18 14:08:28 [ERROR] ^
2024-12-18 14:08:28 [ERROR] ^
2024-12-18 14:08:28 [ERROR] ^
2024-12-18 14:08:28 [ERROR] ^
2024-12-18 14:08:28 [ERROR] ^
2024-12-18 14:08:28 [ERROR] ^
2024-12-18 14:08:28 [ERROR] ^
2024-12-18 14:08:28 [ERROR] ^
2024-12-18 14:08:28 [ERROR] ^
2024-12-18 14:08:28 [ERROR] ^
2024-12-18 14:08:28 [ERROR] File "C:\Python312\Lib\site-packages\selenium\webdriver\support\expected_conditions.py", line 84, in _predicate
2024-12-18 14:08:28 [ERROR] return driver.find_element(*locator)
2024-12-18 14:08:28 [ERROR] ^
2024-12-18 14:08:28 [ERROR] ^
2024-12-18 14:08:28 [ERROR] ^
2024-12-18 14:08:28 [ERROR] ^
2024-12-18 14:08:28 [ERROR] ^
2024-12-18 14:08:28 [ERROR] ^
2024-12-18 14:08:28 [ERROR] ^
2024-12-18 14:08:28 [ERROR] ^
2024-12-18 14:08:28 [ERROR] ^
2024-12-18 14:08:28 [ERROR] ^
2024-12-18 14:08:28 [ERROR] ^
2024-12-18 14:08:28 [ERROR] ^
2024-12-18 14:08:28 [ERROR] ^
2024-12-18 14:08:28 [ERROR] ^
2024-12-18 14:08:28 [ERROR] ^
2024-12-18 14:08:28 [ERROR] ^
2024-12-18 14:08:28 [ERROR] ^
2024-12-18 14:08:28 [ERROR] ^
2024-12-18 14:08:28 [ERROR] ^
2024-12-18 14:08:28 [ERROR] ^
2024-12-18 14:08:28 [ERROR] ^
2024-12-18 14:08:28 [ERROR] ^
2024-12-18 14:08:28 [ERROR] ^
2024-12-18 14:08:28 [ERROR] ^
2024-12-18 14:08:28 [ERROR] ^
2024-12-18 14:08:28 [ERROR] ^
2024-12-18 14:08:28 [ERROR] ^
2024-12-18 14:08:28 [ERROR] ^
2024-12-18 14:08:28 [ERROR] ^
2024-12-18 14:08:28 [ERROR] File "C:\Python312\Lib\site-packages\selenium\webdriver\remote\webdriver.py", line 770, in find_element
2024-12-18 14:08:28 [ERROR] return self.execute(Command.FIND_ELEMENT, {"using": by, "value": value})["value"]
2024-12-18 14:08:28 [ERROR] ^
2024-12-18 14:08:28 [ERROR] ^
2024-12-18 14:08:28 [ERROR] ^
2024-12-18 14:08:28 [ERROR] ^
2024-12-18 14:08:28 [ERROR] ^
2024-12-18 14:08:28 [ERROR] ^
2024-12-18 14:08:28 [ERROR] ^
2024-12-18 14:08:28 [ERROR] ^
2024-12-18 14:08:28 [ERROR] ^
2024-12-18 14:08:28 [ERROR] ^
2024-12-18 14:08:28 [ERROR] ^
2024-12-18 14:08:28 [ERROR] ^
2024-12-18 14:08:28 [ERROR] ^
2024-12-18 14:08:28 [ERROR] ^
2024-12-18 14:08:28 [ERROR] ^
2024-12-18 14:08:28 [ERROR] ^
2024-12-18 14:08:28 [ERROR] ^
2024-12-18 14:08:28 [ERROR] ^
2024-12-18 14:08:28 [ERROR] ^
2024-12-18 14:08:28 [ERROR] ^
2024-12-18 14:08:28 [ERROR] ^
2024-12-18 14:08:28 [ERROR] ^
2024-12-18 14:08:28 [ERROR] ^
2024-12-18 14:08:28 [ERROR] ^
2024-12-18 14:08:28 [ERROR] ^
2024-12-18 14:08:28 [ERROR] ^
2024-12-18 14:08:28 [ERROR] ^
2024-12-18 14:08:28 [ERROR] ^
2024-12-18 14:08:28 [ERROR] ^
2024-12-18 14:08:28 [ERROR] ^
2024-12-18 14:08:28 [ERROR] ^
2024-12-18 14:08:28 [ERROR] ^
2024-12-18 14:08:28 [ERROR] ^
2024-12-18 14:08:28 [ERROR] ^
2024-12-18 14:08:28 [ERROR] ^
2024-12-18 14:08:28 [ERROR] ^
2024-12-18 14:08:28 [ERROR] ^
2024-12-18 14:08:28 [ERROR] ^
2024-12-18 14:08:28 [ERROR] ^
2024-12-18 14:08:28 [ERROR] ^
2024-12-18 14:08:28 [ERROR] ^
2024-12-18 14:08:28 [ERROR] ^
2024-12-18 14:08:28 [ERROR] ^
2024-12-18 14:08:28 [ERROR] ^
2024-12-18 14:08:28 [ERROR] ^
2024-12-18 14:08:28 [ERROR] ^
2024-12-18 14:08:28 [ERROR] ^
2024-12-18 14:08:28 [ERROR] ^
2024-12-18 14:08:28 [ERROR] ^
2024-12-18 14:08:28 [ERROR] ^
2024-12-18 14:08:28 [ERROR] ^
2024-12-18 14:08:28 [ERROR] ^
2024-12-18 14:08:28 [ERROR] ^
2024-12-18 14:08:28 [ERROR] ^
2024-12-18 14:08:28 [ERROR] ^
2024-12-18 14:08:28 [ERROR] ^
2024-12-18 14:08:28 [ERROR] ^
2024-12-18 14:08:28 [ERROR] ^
2024-12-18 14:08:28 [ERROR] ^
2024-12-18 14:08:28 [ERROR] ^
2024-12-18 14:08:28 [ERROR] ^
2024-12-18 14:08:28 [ERROR] ^
2024-12-18 14:08:28 [ERROR] ^
2024-12-18 14:08:28 [ERROR] ^
2024-12-18 14:08:28 [ERROR] ^
2024-12-18 14:08:28 [ERROR] File "C:\Python312\Lib\site-packages\selenium\webdriver\remote\webdriver.py", line 382, in execute
2024-12-18 14:08:28 [ERROR] response = self.command_executor.execute(driver_command, params)
2024-12-18 14:08:28 [ERROR] ^
2024-12-18 14:08:28 [ERROR] ^
2024-12-18 14:08:28 [ERROR] ^
2024-12-18 14:08:28 [ERROR] ^
2024-12-18 14:08:28 [ERROR] ^
2024-12-18 14:08:28 [ERROR] ^
2024-12-18 14:08:28 [ERROR] ^
2024-12-18 14:08:28 [ERROR] ^
2024-12-18 14:08:28 [ERROR] ^
2024-12-18 14:08:28 [ERROR] ^
2024-12-18 14:08:28 [ERROR] ^
2024-12-18 14:08:28 [ERROR] ^
2024-12-18 14:08:28 [ERROR] ^
2024-12-18 14:08:28 [ERROR] ^
2024-12-18 14:08:28 [ERROR] ^
2024-12-18 14:08:28 [ERROR] ^
2024-12-18 14:08:28 [ERROR] ^
2024-12-18 14:08:28 [ERROR] ^
2024-12-18 14:08:28 [ERROR] ^
2024-12-18 14:08:28 [ERROR] ^
2024-12-18 14:08:28 [ERROR] ^
2024-12-18 14:08:28 [ERROR] ^
2024-12-18 14:08:28 [ERROR] ^
2024-12-18 14:08:28 [ERROR] ^
2024-12-18 14:08:28 [ERROR] ^
2024-12-18 14:08:28 [ERROR] ^
2024-12-18 14:08:28 [ERROR] ^
2024-12-18 14:08:28 [ERROR] ^
2024-12-18 14:08:28 [ERROR] ^
2024-12-18 14:08:28 [ERROR] ^
2024-12-18 14:08:28 [ERROR] ^
2024-12-18 14:08:28 [ERROR] ^
2024-12-18 14:08:28 [ERROR] ^
2024-12-18 14:08:28 [ERROR] ^
2024-12-18 14:08:28 [ERROR] ^
2024-12-18 14:08:28 [ERROR] ^
2024-12-18 14:08:28 [ERROR] ^
2024-12-18 14:08:28 [ERROR] ^
2024-12-18 14:08:28 [ERROR] ^
2024-12-18 14:08:28 [ERROR] ^
2024-12-18 14:08:28 [ERROR] ^
2024-12-18 14:08:28 [ERROR] ^
2024-12-18 14:08:28 [ERROR] ^
2024-12-18 14:08:28 [ERROR] ^
2024-12-18 14:08:28 [ERROR] ^
2024-12-18 14:08:28 [ERROR] ^
2024-12-18 14:08:28 [ERROR] ^
2024-12-18 14:08:28 [ERROR] ^
2024-12-18 14:08:28 [ERROR] ^
2024-12-18 14:08:28 [ERROR] ^
2024-12-18 14:08:28 [ERROR] ^
2024-12-18 14:08:28 [ERROR] ^
2024-12-18 14:08:28 [ERROR] ^
2024-12-18 14:08:28 [ERROR] File "C:\Python312\Lib\site-packages\selenium\webdriver\remote\remote_connection.py", line 404, in execute
2024-12-18 14:08:28 [ERROR] return self._request(command_info[0], url, body=data)
2024-12-18 14:08:28 [ERROR] ^
2024-12-18 14:08:28 [ERROR] ^
2024-12-18 14:08:28 [ERROR] ^
2024-12-18 14:08:28 [ERROR] ^
2024-12-18 14:08:28 [ERROR] ^
2024-12-18 14:08:28 [ERROR] ^
2024-12-18 14:08:28 [ERROR] ^
2024-12-18 14:08:28 [ERROR] ^
2024-12-18 14:08:28 [ERROR] ^
2024-12-18 14:08:28 [ERROR] ^
2024-12-18 14:08:28 [ERROR] ^
2024-12-18 14:08:28 [ERROR] ^
2024-12-18 14:08:28 [ERROR] ^
2024-12-18 14:08:28 [ERROR] ^
2024-12-18 14:08:28 [ERROR] ^
2024-12-18 14:08:28 [ERROR] ^
2024-12-18 14:08:28 [ERROR] ^
2024-12-18 14:08:28 [ERROR] ^
2024-12-18 14:08:28 [ERROR] ^
2024-12-18 14:08:28 [ERROR] ^
2024-12-18 14:08:28 [ERROR] ^
2024-12-18 14:08:28 [ERROR] ^
2024-12-18 14:08:28 [ERROR] ^
2024-12-18 14:08:28 [ERROR] ^
2024-12-18 14:08:28 [ERROR] ^
2024-12-18 14:08:28 [ERROR] ^
2024-12-18 14:08:28 [ERROR] ^
2024-12-18 14:08:28 [ERROR] ^
2024-12-18 14:08:28 [ERROR] ^
2024-12-18 14:08:28 [ERROR] ^
2024-12-18 14:08:28 [ERROR] ^
2024-12-18 14:08:28 [ERROR] ^
2024-12-18 14:08:28 [ERROR] ^
2024-12-18 14:08:28 [ERROR] ^
2024-12-18 14:08:28 [ERROR] ^
2024-12-18 14:08:28 [ERROR] ^
2024-12-18 14:08:28 [ERROR] ^
2024-12-18 14:08:28 [ERROR] ^
2024-12-18 14:08:28 [ERROR] ^
2024-12-18 14:08:28 [ERROR] ^
2024-12-18 14:08:28 [ERROR] ^
2024-12-18 14:08:28 [ERROR] ^
2024-12-18 14:08:28 [ERROR] ^
2024-12-18 14:08:28 [ERROR] ^
2024-12-18 14:08:28 [ERROR] ^
2024-12-18 14:08:28 [ERROR] ^
2024-12-18 14:08:28 [ERROR] File "C:\Python312\Lib\site-packages\selenium\webdriver\remote\remote_connection.py", line 428, in _request
2024-12-18 14:08:28 [ERROR] response = self._conn.request(method, url, body=body, headers=headers, timeout=self._client_config.timeout)
2024-12-18 14:08:28 [ERROR] ^
2024-12-18 14:08:28 [ERROR] ^
2024-12-18 14:08:28 [ERROR] ^
2024-12-18 14:08:28 [ERROR] ^
2024-12-18 14:08:28 [ERROR] ^
2024-12-18 14:08:28 [ERROR] ^
2024-12-18 14:08:28 [ERROR] ^
2024-12-18 14:08:28 [ERROR] ^
2024-12-18 14:08:28 [ERROR] ^
2024-12-18 14:08:28 [ERROR] ^
2024-12-18 14:08:28 [ERROR] ^
2024-12-18 14:08:28 [ERROR] ^
2024-12-18 14:08:28 [ERROR] ^
2024-12-18 14:08:28 [ERROR] ^
2024-12-18 14:08:28 [ERROR] ^
2024-12-18 14:08:28 [ERROR] ^
2024-12-18 14:08:28 [ERROR] ^
2024-12-18 14:08:28 [ERROR] ^
2024-12-18 14:08:28 [ERROR] ^
2024-12-18 14:08:28 [ERROR] ^
2024-12-18 14:08:28 [ERROR] ^
2024-12-18 14:08:28 [ERROR] ^
2024-12-18 14:08:28 [ERROR] ^
2024-12-18 14:08:28 [ERROR] ^
2024-12-18 14:08:28 [ERROR] ^
2024-12-18 14:08:28 [ERROR] ^
2024-12-18 14:08:28 [ERROR] ^
2024-12-18 14:08:28 [ERROR] ^
2024-12-18 14:08:28 [ERROR] ^
2024-12-18 14:08:28 [ERROR] ^
2024-12-18 14:08:28 [ERROR] ^
2024-12-18 14:08:28 [ERROR] ^
2024-12-18 14:08:28 [ERROR] ^
2024-12-18 14:08:28 [ERROR] ^
2024-12-18 14:08:28 [ERROR] ^
2024-12-18 14:08:28 [ERROR] ^
2024-12-18 14:08:28 [ERROR] ^
2024-12-18 14:08:28 [ERROR] ^
2024-12-18 14:08:28 [ERROR] ^
2024-12-18 14:08:28 [ERROR] ^
2024-12-18 14:08:28 [ERROR] ^
2024-12-18 14:08:28 [ERROR] ^
2024-12-18 14:08:28 [ERROR] ^
2024-12-18 14:08:28 [ERROR] ^
2024-12-18 14:08:28 [ERROR] ^
2024-12-18 14:08:28 [ERROR] ^
2024-12-18 14:08:28 [ERROR] ^
2024-12-18 14:08:28 [ERROR] ^
2024-12-18 14:08:28 [ERROR] ^
2024-12-18 14:08:28 [ERROR] ^
2024-12-18 14:08:28 [ERROR] ^
2024-12-18 14:08:28 [ERROR] ^
2024-12-18 14:08:28 [ERROR] ^
2024-12-18 14:08:28 [ERROR] ^
2024-12-18 14:08:28 [ERROR] ^
2024-12-18 14:08:28 [ERROR] ^
2024-12-18 14:08:28 [ERROR] ^
2024-12-18 14:08:28 [ERROR] ^
2024-12-18 14:08:28 [ERROR] ^
2024-12-18 14:08:28 [ERROR] ^
2024-12-18 14:08:28 [ERROR] ^
2024-12-18 14:08:28 [ERROR] ^
2024-12-18 14:08:28 [ERROR] ^
2024-12-18 14:08:28 [ERROR] ^
2024-12-18 14:08:28 [ERROR] ^
2024-12-18 14:08:28 [ERROR] ^
2024-12-18 14:08:28 [ERROR] ^
2024-12-18 14:08:28 [ERROR] ^
2024-12-18 14:08:28 [ERROR] ^
2024-12-18 14:08:28 [ERROR] ^
2024-12-18 14:08:28 [ERROR] ^
2024-12-18 14:08:28 [ERROR] ^
2024-12-18 14:08:28 [ERROR] ^
2024-12-18 14:08:28 [ERROR] ^
2024-12-18 14:08:28 [ERROR] ^
2024-12-18 14:08:28 [ERROR] ^
2024-12-18 14:08:28 [ERROR] ^
2024-12-18 14:08:28 [ERROR] ^
2024-12-18 14:08:28 [ERROR] ^
2024-12-18 14:08:28 [ERROR] ^
2024-12-18 14:08:28 [ERROR] ^
2024-12-18 14:08:28 [ERROR] ^
2024-12-18 14:08:28 [ERROR] ^
2024-12-18 14:08:28 [ERROR] ^
2024-12-18 14:08:28 [ERROR] ^
2024-12-18 14:08:28 [ERROR] ^
2024-12-18 14:08:28 [ERROR] ^
2024-12-18 14:08:28 [ERROR] ^
2024-12-18 14:08:28 [ERROR] ^
2024-12-18 14:08:28 [ERROR] ^
2024-12-18 14:08:28 [ERROR] ^
2024-12-18 14:08:28 [ERROR] ^
2024-12-18 14:08:28 [ERROR] ^
2024-12-18 14:08:28 [ERROR] ^
2024-12-18 14:08:28 [ERROR] ^
2024-12-18 14:08:28 [ERROR] ^
2024-12-18 14:08:28 [ERROR] File "C:\Python312\Lib\site-packages\urllib3\_request_methods.py", line 143, in request
2024-12-18 14:08:28 [ERROR] return self.request_encode_body(
2024-12-18 14:08:28 [ERROR] ^
2024-12-18 14:08:28 [ERROR] ^
2024-12-18 14:08:28 [ERROR] ^
2024-12-18 14:08:28 [ERROR] ^
2024-12-18 14:08:28 [ERROR] ^
2024-12-18 14:08:28 [ERROR] ^
2024-12-18 14:08:28 [ERROR] ^
2024-12-18 14:08:28 [ERROR] ^
2024-12-18 14:08:28 [ERROR] ^
2024-12-18 14:08:28 [ERROR] ^
2024-12-18 14:08:28 [ERROR] ^
2024-12-18 14:08:28 [ERROR] ^
2024-12-18 14:08:28 [ERROR] ^
2024-12-18 14:08:28 [ERROR] ^
2024-12-18 14:08:28 [ERROR] ^
2024-12-18 14:08:28 [ERROR] ^
2024-12-18 14:08:28 [ERROR] ^
2024-12-18 14:08:28 [ERROR] ^
2024-12-18 14:08:28 [ERROR] ^
2024-12-18 14:08:28 [ERROR] ^
2024-12-18 14:08:28 [ERROR] ^
2024-12-18 14:08:28 [ERROR] ^
2024-12-18 14:08:28 [ERROR] ^
2024-12-18 14:08:28 [ERROR] ^
2024-12-18 14:08:28 [ERROR] ^
2024-12-18 14:08:28 [ERROR] File "C:\Python312\Lib\site-packages\urllib3\_request_methods.py", line 278, in request_encode_body
2024-12-18 14:08:28 [ERROR] return self.urlopen(method, url, **extra_kw)
2024-12-18 14:08:28 [ERROR] ^
2024-12-18 14:08:28 [ERROR] ^
2024-12-18 14:08:28 [ERROR] ^
2024-12-18 14:08:28 [ERROR] ^
2024-12-18 14:08:28 [ERROR] ^
2024-12-18 14:08:28 [ERROR] ^
2024-12-18 14:08:28 [ERROR] ^
2024-12-18 14:08:28 [ERROR] ^
2024-12-18 14:08:28 [ERROR] ^
2024-12-18 14:08:28 [ERROR] ^
2024-12-18 14:08:28 [ERROR] ^
2024-12-18 14:08:28 [ERROR] ^
2024-12-18 14:08:28 [ERROR] ^
2024-12-18 14:08:28 [ERROR] ^
2024-12-18 14:08:28 [ERROR] ^
2024-12-18 14:08:28 [ERROR] ^
2024-12-18 14:08:28 [ERROR] ^
2024-12-18 14:08:28 [ERROR] ^
2024-12-18 14:08:28 [ERROR] ^
2024-12-18 14:08:28 [ERROR] ^
2024-12-18 14:08:28 [ERROR] ^
2024-12-18 14:08:28 [ERROR] ^
2024-12-18 14:08:28 [ERROR] ^
2024-12-18 14:08:28 [ERROR] ^
2024-12-18 14:08:28 [ERROR] ^
2024-12-18 14:08:28 [ERROR] ^
2024-12-18 14:08:28 [ERROR] ^
2024-12-18 14:08:28 [ERROR] ^
2024-12-18 14:08:28 [ERROR] ^
2024-12-18 14:08:28 [ERROR] ^
2024-12-18 14:08:28 [ERROR] ^
2024-12-18 14:08:28 [ERROR] ^
2024-12-18 14:08:28 [ERROR] ^
2024-12-18 14:08:28 [ERROR] ^
2024-12-18 14:08:28 [ERROR] ^
2024-12-18 14:08:28 [ERROR] ^
2024-12-18 14:08:28 [ERROR] ^
2024-12-18 14:08:28 [ERROR] File "C:\Python312\Lib\site-packages\urllib3\poolmanager.py", line 443, in urlopen
2024-12-18 14:08:28 [ERROR] response = conn.urlopen(method, u.request_uri, **kw)
2024-12-18 14:08:28 [ERROR] ^
2024-12-18 14:08:28 [ERROR] ^
2024-12-18 14:08:28 [ERROR] ^
2024-12-18 14:08:28 [ERROR] ^
2024-12-18 14:08:28 [ERROR] ^
2024-12-18 14:08:28 [ERROR] ^
2024-12-18 14:08:28 [ERROR] ^
2024-12-18 14:08:28 [ERROR] ^
2024-12-18 14:08:28 [ERROR] ^
2024-12-18 14:08:28 [ERROR] ^
2024-12-18 14:08:28 [ERROR] ^
2024-12-18 14:08:28 [ERROR] ^
2024-12-18 14:08:28 [ERROR] ^
2024-12-18 14:08:28 [ERROR] ^
2024-12-18 14:08:28 [ERROR] ^
2024-12-18 14:08:28 [ERROR] ^
2024-12-18 14:08:28 [ERROR] ^
2024-12-18 14:08:28 [ERROR] ^
2024-12-18 14:08:28 [ERROR] ^
2024-12-18 14:08:28 [ERROR] ^
2024-12-18 14:08:28 [ERROR] ^
2024-12-18 14:08:28 [ERROR] ^
2024-12-18 14:08:28 [ERROR] ^
2024-12-18 14:08:28 [ERROR] ^
2024-12-18 14:08:28 [ERROR] ^
2024-12-18 14:08:28 [ERROR] ^
2024-12-18 14:08:28 [ERROR] ^
2024-12-18 14:08:28 [ERROR] ^
2024-12-18 14:08:28 [ERROR] ^
2024-12-18 14:08:28 [ERROR] ^
2024-12-18 14:08:28 [ERROR] ^
2024-12-18 14:08:28 [ERROR] ^
2024-12-18 14:08:28 [ERROR] ^
2024-12-18 14:08:28 [ERROR] ^
2024-12-18 14:08:28 [ERROR] ^
2024-12-18 14:08:28 [ERROR] ^
2024-12-18 14:08:28 [ERROR] ^
2024-12-18 14:08:28 [ERROR] ^
2024-12-18 14:08:28 [ERROR] ^
2024-12-18 14:08:28 [ERROR] ^
2024-12-18 14:08:28 [ERROR] ^
2024-12-18 14:08:28 [ERROR] File "C:\Python312\Lib\site-packages\urllib3\connectionpool.py", line 873, in urlopen
2024-12-18 14:08:28 [ERROR] return self.urlopen(
2024-12-18 14:08:28 [ERROR] ^
2024-12-18 14:08:28 [ERROR] ^
2024-12-18 14:08:28 [ERROR] ^
2024-12-18 14:08:28 [ERROR] ^
2024-12-18 14:08:28 [ERROR] ^
2024-12-18 14:08:28 [ERROR] ^
2024-12-18 14:08:28 [ERROR] ^
2024-12-18 14:08:28 [ERROR] ^
2024-12-18 14:08:28 [ERROR] ^
2024-12-18 14:08:28 [ERROR] ^
2024-12-18 14:08:28 [ERROR] ^
2024-12-18 14:08:28 [ERROR] ^
2024-12-18 14:08:28 [ERROR] ^
2024-12-18 14:08:28 [ERROR] File "C:\Python312\Lib\site-packages\urllib3\connectionpool.py", line 873, in urlopen
2024-12-18 14:08:28 [ERROR] return self.urlopen(
2024-12-18 14:08:28 [ERROR] ^
2024-12-18 14:08:28 [ERROR] ^
2024-12-18 14:08:28 [ERROR] ^
2024-12-18 14:08:28 [ERROR] ^
2024-12-18 14:08:28 [ERROR] ^
2024-12-18 14:08:28 [ERROR] ^
2024-12-18 14:08:28 [ERROR] ^
2024-12-18 14:08:28 [ERROR] ^
2024-12-18 14:08:28 [ERROR] ^
2024-12-18 14:08:28 [ERROR] ^
2024-12-18 14:08:28 [ERROR] ^
2024-12-18 14:08:28 [ERROR] ^
2024-12-18 14:08:28 [ERROR] ^
2024-12-18 14:08:28 [ERROR] File "C:\Python312\Lib\site-packages\urllib3\connectionpool.py", line 873, in urlopen
2024-12-18 14:08:28 [ERROR] return self.urlopen(
2024-12-18 14:08:28 [ERROR] ^
2024-12-18 14:08:28 [ERROR] ^
2024-12-18 14:08:28 [ERROR] ^
2024-12-18 14:08:28 [ERROR] ^
2024-12-18 14:08:28 [ERROR] ^
2024-12-18 14:08:28 [ERROR] ^
2024-12-18 14:08:28 [ERROR] ^
2024-12-18 14:08:28 [ERROR] ^
2024-12-18 14:08:28 [ERROR] ^
2024-12-18 14:08:28 [ERROR] ^
2024-12-18 14:08:28 [ERROR] ^
2024-12-18 14:08:28 [ERROR] ^
2024-12-18 14:08:28 [ERROR] ^
2024-12-18 14:08:28 [ERROR] File "C:\Python312\Lib\site-packages\urllib3\connectionpool.py", line 843, in urlopen
2024-12-18 14:08:28 [ERROR] retries = retries.increment(
2024-12-18 14:08:28 [ERROR] ^
2024-12-18 14:08:28 [ERROR] ^
2024-12-18 14:08:28 [ERROR] ^
2024-12-18 14:08:28 [ERROR] ^
2024-12-18 14:08:28 [ERROR] ^
2024-12-18 14:08:28 [ERROR] ^
2024-12-18 14:08:28 [ERROR] ^
2024-12-18 14:08:28 [ERROR] ^
2024-12-18 14:08:28 [ERROR] ^
2024-12-18 14:08:28 [ERROR] ^
2024-12-18 14:08:28 [ERROR] ^
2024-12-18 14:08:28 [ERROR] ^
2024-12-18 14:08:28 [ERROR] ^
2024-12-18 14:08:28 [ERROR] ^
2024-12-18 14:08:28 [ERROR] ^
2024-12-18 14:08:28 [ERROR] ^
2024-12-18 14:08:28 [ERROR] ^
2024-12-18 14:08:28 [ERROR] ^
2024-12-18 14:08:28 [ERROR] File "C:\Python312\Lib\site-packages\urllib3\util\retry.py", line 519, in increment
2024-12-18 14:08:28 [ERROR] raise MaxRetryError(_pool, url, reason) from reason  # type: ignore[arg-type]
2024-12-18 14:08:28 [ERROR] ^
2024-12-18 14:08:28 [ERROR] ^
2024-12-18 14:08:28 [ERROR] ^
2024-12-18 14:08:28 [ERROR] ^
2024-12-18 14:08:28 [ERROR] ^
2024-12-18 14:08:28 [ERROR] ^
2024-12-18 14:08:28 [ERROR] ^
2024-12-18 14:08:28 [ERROR] ^
2024-12-18 14:08:28 [ERROR] ^
2024-12-18 14:08:28 [ERROR] ^
2024-12-18 14:08:28 [ERROR] ^
2024-12-18 14:08:28 [ERROR] ^
2024-12-18 14:08:28 [ERROR] ^
2024-12-18 14:08:28 [ERROR] ^
2024-12-18 14:08:28 [ERROR] ^
2024-12-18 14:08:28 [ERROR] ^
2024-12-18 14:08:28 [ERROR] ^
2024-12-18 14:08:28 [ERROR] ^
2024-12-18 14:08:28 [ERROR] ^
2024-12-18 14:08:28 [ERROR] ^
2024-12-18 14:08:28 [ERROR] ^
2024-12-18 14:08:28 [ERROR] ^
2024-12-18 14:08:28 [ERROR] ^
2024-12-18 14:08:28 [ERROR] ^
2024-12-18 14:08:28 [ERROR] ^
2024-12-18 14:08:28 [ERROR] ^
2024-12-18 14:08:28 [ERROR] ^
2024-12-18 14:08:28 [ERROR] ^
2024-12-18 14:08:28 [ERROR] ^
2024-12-18 14:08:28 [ERROR] ^
2024-12-18 14:08:28 [ERROR] ^
2024-12-18 14:08:28 [ERROR] ^
2024-12-18 14:08:28 [ERROR] ^
2024-12-18 14:08:28 [ERROR] ^
2024-12-18 14:08:28 [ERROR] ^
2024-12-18 14:08:28 [ERROR] ^
2024-12-18 14:08:28 [ERROR] ^
2024-12-18 14:08:28 [ERROR] ^
2024-12-18 14:08:28 [ERROR] ^
2024-12-18 14:08:28 [ERROR] ^
2024-12-18 14:08:28 [ERROR] ^
2024-12-18 14:08:28 [ERROR] ^
2024-12-18 14:08:28 [ERROR] ^
2024-12-18 14:08:28 [ERROR] ^
2024-12-18 14:08:28 [ERROR] ^
2024-12-18 14:08:28 [ERROR] ^
2024-12-18 14:08:28 [ERROR] ^
2024-12-18 14:08:28 [ERROR] ^
2024-12-18 14:08:28 [ERROR] ^
2024-12-18 14:08:28 [ERROR] ^
2024-12-18 14:08:28 [ERROR] ^
2024-12-18 14:08:28 [ERROR] urllib3.exceptions
2024-12-18 14:08:28 [ERROR] .
2024-12-18 14:08:28 [ERROR] MaxRetryError
2024-12-18 14:08:28 [ERROR] :
2024-12-18 14:08:28 [ERROR] HTTPConnectionPool(host='localhost', port=62645): Max retries exceeded with url: /session/1cf8df15-23a9-48e6-9f8d-b642f3369d05/element (Caused by NewConnectionError('<urllib3.connection.HTTPConnection object at 0x0000021A932E7980>: Failed to establish a new connection: [WinError 10061] 無法連線，因為目標電腦拒絕連線。'))
2024-12-18 14:08:28 [INFO] Worker 12: 帳號 66954958462 的任務已結束
2024-12-18 14:08:29 [INFO] Worker 14: 向下滑動: 214 像素，並等待 3.0799654591320076 秒
2024-12-18 14:08:34 [INFO] Worker 14: 向下滑動: 322 像素，並等待 4.361813159794873 秒
2024-12-18 14:08:38 [INFO] Worker 14: 向下滑動: 200 像素，並等待 4.2738849721820475 秒
2024-12-18 14:08:40 [INFO] Worker 14: 帳號 66823121944 的任務已結束
