2024-12-18 14:30:28 [INFO] 請選擇您要使用的 Excel 檔案...
2024-12-18 14:30:31 [INFO] 選擇的 Excel 檔案路徑：C:/Users/user/Desktop/SuChenAI/Factbook-RPA-clickurl/data/fb_account_data_test.xlsx
2024-12-18 14:30:31 [INFO] 請輸入最大多開數量 (1-10，預設為 1):
2024-12-18 14:30:33 [INFO] 最大多開數量已設定為：8
2024-12-18 14:30:33 [INFO] 螢幕寬度：2560，螢幕高度：1440，縮放比例：1.5
2024-12-18 14:30:34 [INFO] 開始處理跳轉帳號...
2024-12-18 14:30:34 [INFO] Worker 1: 開始處理帳號 66634899161
2024-12-18 14:30:34 [INFO] Worker 2: 開始處理帳號 66637943259
2024-12-18 14:30:34 [INFO] Worker 3: 開始處理帳號 66634899161
2024-12-18 14:30:34 [INFO] Worker 4: 開始處理帳號 66637943259
2024-12-18 14:30:34 [INFO] Worker 5: 開始處理帳號 66619622845
2024-12-18 14:30:34 [INFO] Worker 6: 開始處理帳號 66935324825
2024-12-18 14:30:34 [INFO] Worker 7: 開始處理帳號 66990183891
2024-12-18 14:30:34 [INFO] Worker 8: 開始處理帳號 66823237283
2024-12-18 14:30:34 [INFO] 開始監控任務狀態...
2024-12-18 14:30:41 [INFO] Worker 7: 代理 kamoney03.ddns.net:24001 設置成功
2024-12-18 14:30:42 [INFO] Worker 1: 代理 kamoney03.ddns.net:24004 設置成功
2024-12-18 14:30:43 [INFO] Worker 8: 代理 kamoney03.ddns.net:24008 設置成功
2024-12-18 14:30:43 [INFO] Worker 7: Cookies 已加載成功: cookies\66990183891_cookies.json
2024-12-18 14:30:43 [INFO] Worker 3: 代理 kamoney03.ddns.net:24004 設置成功
2024-12-18 14:30:44 [INFO] Worker 1: Cookies 已加載成功: cookies\66634899161_cookies.json
2024-12-18 14:30:45 [INFO] Worker 8: Cookies 已加載成功: cookies\66823237283_cookies.json
2024-12-18 14:30:45 [INFO] Worker 4: 代理 kamoney03.ddns.net:24003 設置成功
2024-12-18 14:30:46 [INFO] Worker 3: Cookies 已加載成功: cookies\66634899161_cookies.json
2024-12-18 14:30:46 [INFO] Worker 6: 代理 kamoney03.ddns.net:24006 設置成功
2024-12-18 14:30:46 [INFO] Worker 5: 代理 kamoney03.ddns.net:24005 設置成功
2024-12-18 14:30:46 [INFO] Worker 7: 帳號 66990183891 使用 cookies 成功登入
2024-12-18 14:30:46 [INFO] Worker 7: 登錄成功，開始處理帳號 66990183891 的操作...
2024-12-18 14:30:46 [INFO] Worker 7: 開始跳轉操作...
2024-12-18 14:30:46 [INFO] Worker 7: 正在開啟貼文: https://www.facebook.com/share/1HAVpvaRDF/
2024-12-18 14:30:47 [INFO] Worker 4: Cookies 已加載成功: cookies\66637943259_cookies.json
2024-12-18 14:30:47 [INFO] Worker 2: 代理 kamoney03.ddns.net:24003 設置成功
2024-12-18 14:30:48 [INFO] Worker 6: Cookies 已加載成功: cookies\66935324825_cookies.json
2024-12-18 14:30:49 [INFO] Worker 1: 帳號 66634899161 使用 cookies 成功登入
2024-12-18 14:30:49 [INFO] Worker 1: 登錄成功，開始處理帳號 66634899161 的操作...
2024-12-18 14:30:49 [INFO] Worker 1: 開始跳轉操作...
2024-12-18 14:30:49 [INFO] Worker 1: 正在開啟貼文: https://www.facebook.com/share/1HAVpvaRDF/
2024-12-18 14:30:49 [INFO] Worker 5: Cookies 已加載成功: cookies\66619622845_cookies.json
2024-12-18 14:30:50 [INFO] Worker 2: Cookies 已加載成功: cookies\66637943259_cookies.json
2024-12-18 14:30:50 [INFO] Worker 8: 帳號 66823237283 使用 cookies 成功登入
2024-12-18 14:30:50 [INFO] Worker 8: 登錄成功，開始處理帳號 66823237283 的操作...
2024-12-18 14:30:50 [INFO] Worker 8: 開始跳轉操作...
2024-12-18 14:30:50 [INFO] Worker 8: 正在開啟貼文: https://www.facebook.com/share/1HAVpvaRDF/
2024-12-18 14:30:51 [INFO] Worker 3: 帳號 66634899161 使用 cookies 成功登入
2024-12-18 14:30:51 [INFO] Worker 3: 登錄成功，開始處理帳號 66634899161 的操作...
2024-12-18 14:30:51 [INFO] Worker 3: 開始跳轉操作...
2024-12-18 14:30:51 [INFO] Worker 3: 正在開啟貼文: https://www.facebook.com/share/1HAVpvaRDF/
2024-12-18 14:30:53 [INFO] Worker 1 隨機停留 6 秒
2024-12-18 14:30:54 [INFO] Worker 5: 帳號 66619622845 使用 cookies 成功登入
2024-12-18 14:30:54 [INFO] Worker 5: 登錄成功，開始處理帳號 66619622845 的操作...
2024-12-18 14:30:54 [INFO] Worker 5: 開始跳轉操作...
2024-12-18 14:30:54 [INFO] Worker 5: 正在開啟貼文: https://www.facebook.com/share/1HAVpvaRDF/
2024-12-18 14:30:54 [INFO] Worker 6: 帳號 66935324825 使用 cookies 成功登入
2024-12-18 14:30:54 [INFO] Worker 6: 登錄成功，開始處理帳號 66935324825 的操作...
2024-12-18 14:30:54 [INFO] Worker 6: 開始跳轉操作...
2024-12-18 14:30:54 [INFO] Worker 6: 正在開啟貼文: https://www.facebook.com/share/1HAVpvaRDF/
2024-12-18 14:30:54 [INFO] Worker 4: 帳號 66637943259 使用 cookies 成功登入
2024-12-18 14:30:54 [INFO] Worker 4: 登錄成功，開始處理帳號 66637943259 的操作...
2024-12-18 14:30:54 [INFO] Worker 4: 開始跳轉操作...
2024-12-18 14:30:54 [INFO] Worker 4: 正在開啟貼文: https://www.facebook.com/share/1HAVpvaRDF/
2024-12-18 14:30:54 [INFO] Worker 2: 帳號 66637943259 使用 cookies 成功登入
2024-12-18 14:30:54 [INFO] Worker 2: 登錄成功，開始處理帳號 66637943259 的操作...
2024-12-18 14:30:54 [INFO] Worker 2: 開始跳轉操作...
2024-12-18 14:30:54 [INFO] Worker 2: 正在開啟貼文: https://www.facebook.com/share/1HAVpvaRDF/
2024-12-18 14:30:55 [INFO] Worker 7 隨機停留 8 秒
2024-12-18 14:30:58 [INFO] Worker 8 隨機停留 7 秒
2024-12-18 14:30:59 [INFO] Worker 6 隨機停留 7 秒
2024-12-18 14:30:59 [INFO] Worker 2 隨機停留 6 秒
2024-12-18 14:30:59 [INFO] Worker 5 隨機停留 7 秒
2024-12-18 14:31:00 [INFO] Worker 1: 貼文已按過讚，無需重複操作
2024-12-18 14:31:00 [INFO] Worker 1 按讚後隨機停留 5 秒
2024-12-18 14:31:00 [INFO] Worker 4 隨機停留 7 秒
2024-12-18 14:31:03 [INFO] Worker 7: 貼文已按過讚，無需重複操作
2024-12-18 14:31:03 [INFO] Worker 7 按讚後隨機停留 4 秒
2024-12-18 14:31:04 [INFO] Worker 3 隨機停留 7 秒
2024-12-18 14:31:05 [INFO] Worker 1: 正在開啟網站: https://lihi.cc/fCuUd
2024-12-18 14:31:05 [INFO] Worker 8: 貼文已按過讚，無需重複操作
2024-12-18 14:31:05 [INFO] Worker 8 按讚後隨機停留 3 秒
2024-12-18 14:31:05 [INFO] Worker 2: 貼文已按過讚，無需重複操作
2024-12-18 14:31:05 [INFO] Worker 2 按讚後隨機停留 4 秒
2024-12-18 14:31:06 [INFO] Worker 6: 貼文已按過讚，無需重複操作
2024-12-18 14:31:06 [INFO] Worker 6 按讚後隨機停留 3 秒
2024-12-18 14:31:07 [INFO] Worker 5: 貼文已按過讚，無需重複操作
2024-12-18 14:31:07 [INFO] Worker 5 按讚後隨機停留 3 秒
2024-12-18 14:31:07 [INFO] Worker 7: 正在開啟網站: https://lihi.cc/fCuUd
2024-12-18 14:31:07 [INFO] Worker 4: 貼文已按過讚，無需重複操作
2024-12-18 14:31:07 [INFO] Worker 4 按讚後隨機停留 4 秒
2024-12-18 14:31:08 [INFO] Worker 8: 正在開啟網站: https://lihi.cc/fCuUd
2024-12-18 14:31:08 [INFO] Worker 1 隨機停留時間: 198 秒
2024-12-18 14:31:09 [INFO] Worker 6: 正在開啟網站: https://lihi.cc/fCuUd
2024-12-18 14:31:09 [INFO] Worker 2: 正在開啟網站: https://lihi.cc/fCuUd
2024-12-18 14:31:10 [INFO] Worker 5: 正在開啟網站: https://lihi.cc/fCuUd
2024-12-18 14:31:10 [INFO] Worker 7 隨機停留時間: 182 秒
2024-12-18 14:31:11 [INFO] Worker 3: 貼文已按過讚，無需重複操作
2024-12-18 14:31:11 [INFO] Worker 3 按讚後隨機停留 5 秒
2024-12-18 14:31:11 [INFO] Worker 8 隨機停留時間: 195 秒
2024-12-18 14:31:11 [INFO] Worker 4: 正在開啟網站: https://lihi.cc/fCuUd
2024-12-18 14:31:12 [INFO] Worker 6 隨機停留時間: 198 秒
2024-12-18 14:31:13 [INFO] Worker 2 隨機停留時間: 142 秒
2024-12-18 14:31:13 [INFO] Worker 1: 向下滑動: 277 像素，並等待 4.7559683343594665 秒
2024-12-18 14:31:13 [INFO] Worker 7: 向下滑動: 284 像素，並等待 3.1857876695871754 秒
2024-12-18 14:31:13 [INFO] Worker 5 隨機停留時間: 179 秒
2024-12-18 14:31:15 [INFO] Worker 4 隨機停留時間: 141 秒
2024-12-18 14:31:15 [INFO] Worker 6: 向下滑動: 306 像素，並等待 3.006742579221836 秒
2024-12-18 14:31:16 [INFO] Worker 8: 向下滑動: 395 像素，並等待 4.506394401804135 秒
2024-12-18 14:31:16 [INFO] Worker 3: 正在開啟網站: https://lihi.cc/fCuUd
2024-12-18 14:31:17 [INFO] Worker 2: 向下滑動: 340 像素，並等待 3.5837700924735634 秒
2024-12-18 14:31:17 [INFO] Worker 5: 向下滑動: 310 像素，並等待 3.185528631916015 秒
2024-12-18 14:31:17 [INFO] Worker 1: 向下滑動: 300 像素，並等待 3.6133270530295647 秒
2024-12-18 14:31:18 [INFO] Worker 4: 向下滑動: 237 像素，並等待 3.349968964341918 秒
2024-12-18 14:31:18 [INFO] Worker 7: 向下滑動: 365 像素，並等待 4.66942466714221 秒
2024-12-18 14:31:19 [INFO] Worker 8: 向下滑動: 282 像素，並等待 3.0019395679494396 秒
2024-12-18 14:31:19 [INFO] Worker 3 隨機停留時間: 160 秒
2024-12-18 14:31:20 [INFO] Worker 6: 向下滑動: 311 像素，並等待 4.728733905403873 秒
2024-12-18 14:31:21 [INFO] Worker 5: 向下滑動: 380 像素，並等待 3.933444280740331 秒
2024-12-18 14:31:21 [INFO] Worker 2: 向下滑動: 303 像素，並等待 4.16319145165318 秒
2024-12-18 14:31:21 [INFO] Worker 7: 向下滑動: 236 像素，並等待 3.29746509814186 秒
2024-12-18 14:31:22 [INFO] Worker 1: 向下滑動: 295 像素，並等待 4.848229325320066 秒
2024-12-18 14:31:22 [INFO] Worker 8: 向下滑動: 299 像素，並等待 3.4207416341654513 秒
2024-12-18 14:31:22 [INFO] Worker 4: 向下滑動: 324 像素，並等待 4.532044727552722 秒
2024-12-18 14:31:24 [INFO] Worker 6: 向下滑動: 341 像素，並等待 3.674934250653995 秒
2024-12-18 14:31:24 [INFO] Worker 3: 向下滑動: 381 像素，並等待 4.7006801448132665 秒
2024-12-18 14:31:24 [INFO] Worker 5: 向下滑動: 387 像素，並等待 3.470493529961008 秒
2024-12-18 14:31:24 [INFO] Worker 2: 向下滑動: 219 像素，並等待 3.4803520806794603 秒
2024-12-18 14:31:25 [INFO] Worker 1: 向下滑動: 361 像素，並等待 3.481169669507968 秒
2024-12-18 14:31:26 [INFO] Worker 8: 向下滑動: 204 像素，並等待 3.702298846672509 秒
2024-12-18 14:31:26 [INFO] Worker 7: 向下滑動: 269 像素，並等待 4.74085028143692 秒
2024-12-18 14:31:26 [INFO] Worker 4: 向下滑動: 318 像素，並等待 3.864416855320049 秒
2024-12-18 14:31:28 [INFO] Worker 5: 向下滑動: 333 像素，並等待 3.6988605452018772 秒
2024-12-18 14:31:28 [INFO] Worker 6: 向下滑動: 398 像素，並等待 4.398965905939726 秒
2024-12-18 14:31:29 [INFO] Worker 3: 向下滑動: 357 像素，並等待 4.956831808823463 秒
2024-12-18 14:31:29 [INFO] Worker 2: 向下滑動: 234 像素，並等待 4.907484373248132 秒
2024-12-18 14:31:29 [INFO] Worker 7: 向下滑動: 255 像素，並等待 3.0047528864166875 秒
2024-12-18 14:31:30 [INFO] Worker 1: 向下滑動: 236 像素，並等待 4.421479208912917 秒
2024-12-18 14:31:30 [INFO] Worker 4: 向下滑動: 237 像素，並等待 3.3839002728005734 秒
2024-12-18 14:31:30 [INFO] Worker 8: 向下滑動: 267 像素，並等待 4.354888566234346 秒
2024-12-18 14:31:31 [INFO] Worker 5: 向下滑動: 337 像素，並等待 3.3609357350882028 秒
2024-12-18 14:31:32 [INFO] Worker 6: 向下滑動: 389 像素，並等待 4.176435432761434 秒
2024-12-18 14:31:32 [INFO] Worker 3: 向下滑動: 375 像素，並等待 3.3882553231387504 秒
2024-12-18 14:31:33 [INFO] Worker 7: 向下滑動: 306 像素，並等待 3.4901612038855063 秒
2024-12-18 14:31:33 [INFO] Worker 1: 向下滑動: 273 像素，並等待 3.3103262853292037 秒
2024-12-18 14:31:33 [INFO] Worker 2: 向下滑動: 326 像素，並等待 4.076471734021803 秒
2024-12-18 14:31:34 [INFO] Worker 4: 向下滑動: 243 像素，並等待 4.671860791164719 秒
2024-12-18 14:31:35 [INFO] Worker 8: 向下滑動: 308 像素，並等待 4.335684544761227 秒
2024-12-18 14:31:35 [INFO] Worker 5: 向下滑動: 352 像素，並等待 3.5912915118405877 秒
2024-12-18 14:31:35 [INFO] Worker 6: 向下滑動: 339 像素，並等待 3.2257102021513404 秒
2024-12-18 14:31:36 [INFO] Worker 2: 向下滑動: 299 像素，並等待 3.0408297730409366 秒
2024-12-18 14:31:36 [INFO] Worker 3: 向下滑動: 205 像素，並等待 3.91941685560355 秒
2024-12-18 14:31:37 [INFO] Worker 1: 向下滑動: 366 像素，並等待 3.6802309481688757 秒
2024-12-18 14:31:37 [INFO] Worker 7: 向下滑動: 338 像素，並等待 3.9795123887207398 秒
2024-12-18 14:31:38 [INFO] Worker 4: 向下滑動: 342 像素，並等待 3.847951572021225 秒
2024-12-18 14:31:39 [INFO] Worker 8: 向下滑動: 298 像素，並等待 4.3055327015459595 秒
2024-12-18 14:31:39 [INFO] Worker 6: 向下滑動: 254 像素，並等待 3.7778450881778145 秒
2024-12-18 14:31:39 [INFO] Worker 5: 向下滑動: 351 像素，並等待 4.494290766313021 秒
2024-12-18 14:31:41 [INFO] Worker 1: 向下滑動: 284 像素，並等待 3.919242370791607 秒
2024-12-18 14:31:41 [INFO] Worker 2: 向下滑動: 365 像素，並等待 4.868794191188388 秒
2024-12-18 14:31:41 [INFO] Worker 7: 向下滑動: 233 像素，並等待 4.431196994340942 秒
2024-12-18 14:31:41 [INFO] Worker 3: 向下滑動: 392 像素，並等待 4.923533546073514 秒
2024-12-18 14:31:43 [INFO] Worker 5: 向下滑動: 393 像素，並等待 3.6432875930660025 秒
2024-12-18 14:31:43 [INFO] Worker 4: 向下滑動: 372 像素，並等待 4.922004548344161 秒
2024-12-18 14:31:43 [INFO] Worker 8: 向下滑動: 264 像素，並等待 4.191622644710682 秒
2024-12-18 14:31:44 [INFO] Worker 6: 向下滑動: 366 像素，並等待 4.597276690820913 秒
2024-12-18 14:31:45 [INFO] Worker 1: 向下滑動: 333 像素，並等待 4.520326483310226 秒
2024-12-18 14:31:45 [INFO] Worker 7: 向下滑動: 272 像素，並等待 4.056376989261188 秒
2024-12-18 14:31:45 [INFO] Worker 2: 向下滑動: 231 像素，並等待 4.335621051000276 秒
2024-12-18 14:31:46 [INFO] Worker 3: 向下滑動: 298 像素，並等待 4.7395999116594165 秒
2024-12-18 14:31:47 [INFO] Worker 5: 向下滑動: 334 像素，並等待 3.9916102318981186 秒
2024-12-18 14:31:47 [INFO] Worker 4: 向下滑動: 301 像素，並等待 3.8985175071670017 秒
2024-12-18 14:31:47 [INFO] Worker 6: 向下滑動: 312 像素，並等待 3.618779707670952 秒
2024-12-18 14:31:48 [INFO] Worker 8: 向下滑動: 292 像素，並等待 4.3719331285280045 秒
2024-12-18 14:31:50 [INFO] Worker 1: 向下滑動: 303 像素，並等待 4.4358773770918845 秒
2024-12-18 14:31:50 [INFO] Worker 7: 向下滑動: 220 像素，並等待 4.2975369882829115 秒
2024-12-18 14:31:50 [INFO] Worker 2: 向下滑動: 237 像素，並等待 4.59541080518721 秒
2024-12-18 14:31:50 [INFO] Worker 3: 向下滑動: 339 像素，並等待 4.313246932969446 秒
2024-12-18 14:31:50 [INFO] Worker 5: 向下滑動: 323 像素，並等待 3.451190809994518 秒
2024-12-18 14:31:52 [INFO] Worker 4: 向下滑動: 310 像素，並等待 4.412214623656951 秒
2024-12-18 14:31:52 [INFO] Worker 8: 向下滑動: 367 像素，並等待 4.383672335875261 秒
2024-12-18 14:31:52 [INFO] Worker 6: 向下滑動: 282 像素，並等待 4.901056036977931 秒
2024-12-18 14:31:54 [INFO] Worker 7: 向下滑動: 239 像素，並等待 4.010567263583384 秒
2024-12-18 14:31:54 [INFO] Worker 1: 向下滑動: 205 像素，並等待 4.386720146764869 秒
2024-12-18 14:31:54 [INFO] Worker 3: 向下滑動: 226 像素，並等待 3.7165004356644156 秒
2024-12-18 14:31:55 [INFO] Worker 2: 向下滑動: 293 像素，並等待 4.491042972585216 秒
2024-12-18 14:31:55 [INFO] Worker 5: 向下滑動: 212 像素，並等待 4.83694236195491 秒
2024-12-18 14:31:55 [INFO] Worker 8: 向下滑動: 392 像素，並等待 3.361415599247744 秒
2024-12-18 14:31:55 [INFO] Worker 4: 向下滑動: 361 像素，並等待 3.9213844695469042 秒
2024-12-18 14:31:56 [INFO] Worker 6: 向下滑動: 327 像素，並等待 4.019754678764264 秒
2024-12-18 14:31:57 [INFO] Worker 7: 向下滑動: 360 像素，並等待 3.2076935124438686 秒
2024-12-18 14:31:58 [INFO] Worker 3: 向下滑動: 345 像素，並等待 4.138307921403511 秒
2024-12-18 14:31:58 [INFO] Worker 1: 向下滑動: 377 像素，並等待 4.38423717969598 秒
2024-12-18 14:31:58 [INFO] Worker 2: 向下滑動: 314 像素，並等待 3.7312898462788198 秒
2024-12-18 14:31:59 [INFO] Worker 8: 向下滑動: 397 像素，並等待 3.719573992772305 秒
2024-12-18 14:32:00 [INFO] Worker 5: 向下滑動: 308 像素，並等待 4.281718162601334 秒
2024-12-18 14:32:00 [INFO] Worker 6: 向下滑動: 251 像素，並等待 3.4900102768657315 秒
2024-12-18 14:32:00 [INFO] Worker 4: 向下滑動: 319 像素，並等待 4.36237478983886 秒
2024-12-18 14:32:00 [INFO] Worker 7: 向下滑動: 230 像素，並等待 3.301788622696218 秒
2024-12-18 14:32:02 [INFO] Worker 2: 向下滑動: 279 像素，並等待 3.904619308786458 秒
2024-12-18 14:32:03 [INFO] Worker 1: 向下滑動: 355 像素，並等待 4.527334180285296 秒
2024-12-18 14:32:03 [INFO] Worker 3: 向下滑動: 240 像素，並等待 4.680938481737478 秒
2024-12-18 14:32:03 [INFO] Worker 7: 向下滑動: 325 像素，並等待 3.3898237811314704 秒
2024-12-18 14:32:03 [INFO] Worker 8: 向下滑動: 359 像素，並等待 4.384314046714552 秒
2024-12-18 14:32:04 [INFO] Worker 4: 向下滑動: 318 像素，並等待 3.822839393056891 秒
2024-12-18 14:32:04 [INFO] Worker 5: 向下滑動: 268 像素，並等待 4.627941718931304 秒
2024-12-18 14:32:05 [INFO] Worker 6: 向下滑動: 330 像素，並等待 4.931860283547788 秒
2024-12-18 14:32:06 [INFO] Worker 2: 向下滑動: 379 像素，並等待 4.25479336721674 秒
2024-12-18 14:32:07 [INFO] Worker 3: 向下滑動: 251 像素，並等待 3.647743233421941 秒
2024-12-18 14:32:07 [INFO] Worker 8: 向下滑動: 243 像素，並等待 3.2070375167373353 秒
2024-12-18 14:32:07 [INFO] Worker 7: 向下滑動: 350 像素，並等待 3.5378719325651797 秒
2024-12-18 14:32:07 [INFO] Worker 1: 向下滑動: 342 像素，並等待 4.336434869447067 秒
2024-12-18 14:32:08 [INFO] Worker 5: 向下滑動: 297 像素，並等待 3.6990293394346754 秒
2024-12-18 14:32:08 [INFO] Worker 4: 向下滑動: 229 像素，並等待 4.480141831203579 秒
2024-12-18 14:32:09 [INFO] Worker 6: 向下滑動: 334 像素，並等待 4.2803886208831665 秒
2024-12-18 14:32:10 [INFO] Worker 2: 向下滑動: 285 像素，並等待 3.216471977600788 秒
2024-12-18 14:32:10 [INFO] Worker 3: 向下滑動: 259 像素，並等待 3.4109516997888054 秒
2024-12-18 14:32:11 [INFO] Worker 8: 向下滑動: 384 像素，並等待 3.8359581155845874 秒
2024-12-18 14:32:11 [INFO] Worker 1: 向下滑動: 312 像素，並等待 4.191093451472724 秒
2024-12-18 14:32:11 [INFO] Worker 7: 向下滑動: 335 像素，並等待 4.451724681111706 秒
2024-12-18 14:32:12 [INFO] Worker 5: 向下滑動: 255 像素，並等待 4.320160562029907 秒
2024-12-18 14:32:13 [INFO] Worker 4: 向下滑動: 329 像素，並等待 4.718678771945797 秒
2024-12-18 14:32:13 [INFO] Worker 6: 向下滑動: 327 像素，並等待 3.9474371814491795 秒
2024-12-18 14:32:14 [INFO] Worker 8: 向下滑動: 347 像素，並等待 3.4242635969640585 秒
2024-12-18 14:32:14 [INFO] Worker 2: 向下滑動: 299 像素，並等待 4.3733104808735686 秒
2024-12-18 14:32:14 [INFO] Worker 3: 向下滑動: 370 像素，並等待 4.239777542625048 秒
2024-12-18 14:32:15 [INFO] Worker 7: 向下滑動: 309 像素，並等待 3.597833469868271 秒
2024-12-18 14:32:16 [INFO] Worker 1: 向下滑動: 348 像素，並等待 4.292386468717349 秒
2024-12-18 14:32:17 [INFO] Worker 6: 向下滑動: 324 像素，並等待 3.817244171506417 秒
2024-12-18 14:32:17 [INFO] Worker 3: 向下滑動: 342 像素，並等待 3.180788765399002 秒
2024-12-18 14:32:18 [INFO] Worker 5: 向下滑動: 398 像素，並等待 3.4350307394365593 秒
2024-12-18 14:32:18 [INFO] Worker 4: 向下滑動: 373 像素，並等待 4.868534385174741 秒
2024-12-18 14:32:19 [INFO] Worker 8: 向下滑動: 281 像素，並等待 4.669362832835822 秒
2024-12-18 14:32:19 [INFO] Worker 2: 向下滑動: 367 像素，並等待 4.702331959715847 秒
2024-12-18 14:32:19 [INFO] Worker 7: 向下滑動: 337 像素，並等待 4.254177164511561 秒
2024-12-18 14:32:20 [INFO] Worker 1: 向下滑動: 358 像素，並等待 4.160339671130375 秒
2024-12-18 14:32:21 [INFO] Worker 4: 向下滑動: 363 像素，並等待 3.2822258087902743 秒
2024-12-18 14:32:21 [INFO] Worker 6: 向下滑動: 247 像素，並等待 4.351804827126672 秒
2024-12-18 14:32:21 [INFO] Worker 3: 向下滑動: 246 像素，並等待 3.9845299907289617 秒
2024-12-18 14:32:22 [INFO] Worker 5: 向下滑動: 320 像素，並等待 4.0427678355779815 秒
2024-12-18 14:32:22 [INFO] Worker 7: 向下滑動: 309 像素，並等待 3.037577501642158 秒
2024-12-18 14:32:23 [INFO] Worker 2: 向下滑動: 348 像素，並等待 4.520253106246206 秒
2024-12-18 14:32:24 [INFO] Worker 8: 向下滑動: 350 像素，並等待 4.931851915942348 秒
2024-12-18 14:32:24 [INFO] Worker 4: 向下滑動: 380 像素，並等待 3.074909860700554 秒
2024-12-18 14:32:24 [INFO] Worker 6: 向下滑動: 329 像素，並等待 3.025697839747129 秒
2024-12-18 14:32:25 [INFO] Worker 3: 向下滑動: 394 像素，並等待 3.270738837116011 秒
2024-12-18 14:32:25 [INFO] Worker 1: 向下滑動: 268 像素，並等待 4.959727115063478 秒
2024-12-18 14:32:25 [INFO] Worker 5: 向下滑動: 398 像素，並等待 3.2909272742701132 秒
2024-12-18 14:32:26 [INFO] Worker 7: 向下滑動: 376 像素，並等待 3.131728991827323 秒
2024-12-18 14:32:27 [INFO] Worker 8: 向下滑動: 293 像素，並等待 3.7633893186394243 秒
2024-12-18 14:32:28 [INFO] Worker 2: 向下滑動: 251 像素，並等待 4.581429610043743 秒
2024-12-18 14:32:28 [INFO] Worker 4: 向下滑動: 383 像素，並等待 3.8158822800244945 秒
2024-12-18 14:32:28 [INFO] Worker 6: 向下滑動: 277 像素，並等待 4.263755783868897 秒
2024-12-18 14:32:29 [INFO] Worker 1: 向下滑動: 361 像素，並等待 4.395580800576227 秒
2024-12-18 14:32:29 [INFO] Worker 3: 向下滑動: 276 像素，並等待 4.667402117381654 秒
2024-12-18 14:32:30 [INFO] Worker 7: 向下滑動: 386 像素，並等待 4.242578697792159 秒
2024-12-18 14:32:30 [INFO] Worker 5: 向下滑動: 300 像素，並等待 4.94208343275639 秒
2024-12-18 14:32:31 [INFO] Worker 8: 向下滑動: 360 像素，並等待 3.2832482770068325 秒
2024-12-18 14:32:32 [INFO] Worker 2: 向下滑動: 297 像素，並等待 3.583262768699603 秒
2024-12-18 14:32:32 [INFO] Worker 6: 向下滑動: 290 像素，並等待 3.8997732827731406 秒
2024-12-18 14:32:32 [INFO] Worker 1: 向下滑動: 243 像素，並等待 3.2341658153250314 秒
2024-12-18 14:32:33 [INFO] Worker 4: 向下滑動: 369 像素，並等待 4.618912834174607 秒
2024-12-18 14:32:33 [INFO] Worker 3: 向下滑動: 272 像素，並等待 3.4511696225136195 秒
2024-12-18 14:32:33 [INFO] Worker 7: 向下滑動: 268 像素，並等待 3.3850376323727542 秒
2024-12-18 14:32:35 [INFO] Worker 5: 向下滑動: 300 像素，並等待 4.713261519088114 秒
2024-12-18 14:32:35 [INFO] Worker 8: 向下滑動: 226 像素，並等待 4.17461490063012 秒
2024-12-18 14:32:36 [INFO] Worker 2: 向下滑動: 254 像素，並等待 4.075530080627812 秒
2024-12-18 14:32:36 [INFO] Worker 1: 向下滑動: 387 像素，並等待 3.328539080824834 秒
2024-12-18 14:32:36 [INFO] Worker 4: 向下滑動: 214 像素，並等待 3.5407911431416226 秒
2024-12-18 14:32:36 [INFO] Worker 3: 向下滑動: 314 像素，並等待 3.5215040676059193 秒
2024-12-18 14:32:37 [INFO] Worker 6: 向下滑動: 391 像素，並等待 4.639513448484911 秒
2024-12-18 14:32:38 [INFO] Worker 7: 向下滑動: 350 像素，並等待 4.47904554569193 秒
2024-12-18 14:32:38 [INFO] Worker 5: 向下滑動: 326 像素，並等待 3.1516588450871854 秒
2024-12-18 14:32:38 [INFO] Worker 8: 向下滑動: 299 像素，並等待 3.5189234419618236 秒
2024-12-18 14:32:40 [INFO] Worker 2: 向下滑動: 368 像素，並等待 4.162692952332579 秒
2024-12-18 14:32:40 [INFO] Worker 3: 向下滑動: 263 像素，並等待 3.608527202351527 秒
2024-12-18 14:32:40 [INFO] Worker 6: 向下滑動: 391 像素，並等待 3.046523009419178 秒
2024-12-18 14:32:41 [INFO] Worker 1: 向下滑動: 386 像素，並等待 4.862940193923729 秒
2024-12-18 14:32:41 [INFO] Worker 4: 向下滑動: 281 像素，並等待 4.983800630375514 秒
2024-12-18 14:32:42 [INFO] Worker 5: 向下滑動: 351 像素，並等待 3.6768620068087325 秒
2024-12-18 14:32:42 [INFO] Worker 8: 向下滑動: 328 像素，並等待 3.2338579406071473 秒
2024-12-18 14:32:43 [INFO] Worker 7: 向下滑動: 325 像素，並等待 4.831286617183266 秒
2024-12-18 14:32:43 [INFO] Worker 2: 向下滑動: 274 像素，並等待 3.62826487851466 秒
2024-12-18 14:32:44 [INFO] Worker 3: 向下滑動: 299 像素，並等待 3.5587440503865473 秒
2024-12-18 14:32:44 [INFO] Worker 6: 向下滑動: 236 像素，並等待 4.163727012800794 秒
2024-12-18 14:32:44 [INFO] Worker 1: 向下滑動: 265 像素，並等待 3.786450865024261 秒
2024-12-18 14:32:45 [INFO] Worker 4: 向下滑動: 243 像素，並等待 3.8002576144550457 秒
2024-12-18 14:32:46 [INFO] Worker 8: 向下滑動: 324 像素，並等待 4.092178255279744 秒
2024-12-18 14:32:46 [INFO] Worker 7: 向下滑動: 377 像素，並等待 3.2632378727135753 秒
2024-12-18 14:32:46 [INFO] Worker 5: 向下滑動: 383 像素，並等待 4.903873073245341 秒
2024-12-18 14:32:47 [INFO] Worker 2: 向下滑動: 231 像素，並等待 3.348460315949792 秒
2024-12-18 14:32:48 [INFO] Worker 3: 向下滑動: 289 像素，並等待 4.143393449288666 秒
2024-12-18 14:32:48 [INFO] Worker 6: 向下滑動: 290 像素，並等待 3.828583514814909 秒
2024-12-18 14:32:49 [INFO] Worker 4: 向下滑動: 386 像素，並等待 3.6747040572410796 秒
2024-12-18 14:32:49 [INFO] Worker 8: 向下滑動: 310 像素，並等待 3.341899027849147 秒
2024-12-18 14:32:49 [INFO] Worker 1: 向下滑動: 311 像素，並等待 4.717312524817665 秒
2024-12-18 14:32:50 [INFO] Worker 7: 向下滑動: 366 像素，並等待 4.374528607797698 秒
2024-12-18 14:32:51 [INFO] Worker 5: 向下滑動: 359 像素，並等待 4.13032155451287 秒
2024-12-18 14:32:51 [INFO] Worker 2: 向下滑動: 370 像素，並等待 4.211204933840183 秒
2024-12-18 14:32:52 [INFO] Worker 4: 向下滑動: 361 像素，並等待 3.236589595435701 秒
2024-12-18 14:32:52 [INFO] Worker 6: 向下滑動: 347 像素，並等待 3.801532898698758 秒
2024-12-18 14:32:52 [INFO] Worker 3: 向下滑動: 374 像素，並等待 4.579288287715205 秒
2024-12-18 14:32:53 [INFO] Worker 1: 向下滑動: 335 像素，並等待 3.5739154634047416 秒
2024-12-18 14:32:53 [INFO] Worker 8: 向下滑動: 215 像素，並等待 4.168955402458545 秒
2024-12-18 14:32:53 [INFO] Worker 7: 向下滑動: 254 像素，並等待 3.2709827841302266 秒
2024-12-18 14:32:54 [INFO] Worker 2: 向下滑動: 212 像素，並等待 3.3588904874247687 秒
2024-12-18 14:32:55 [INFO] Worker 5: 向下滑動: 292 像素，並等待 4.122013627205694 秒
2024-12-18 14:32:55 [INFO] Worker 6: 向下滑動: 328 像素，並等待 3.2523715666888964 秒
2024-12-18 14:32:56 [INFO] Worker 3: 向下滑動: 276 像素，並等待 4.154083968803255 秒
2024-12-18 14:32:57 [INFO] Worker 1: 向下滑動: 242 像素，並等待 3.8320977453233223 秒
2024-12-18 14:32:57 [INFO] Worker 4: 向下滑動: 284 像素，並等待 4.901468793758854 秒
2024-12-18 14:32:57 [INFO] Worker 8: 向下滑動: 212 像素，並等待 3.5812171080219857 秒
2024-12-18 14:32:58 [INFO] Worker 7: 向下滑動: 355 像素，並等待 4.592108460692983 秒
2024-12-18 14:32:59 [INFO] Worker 6: 向下滑動: 293 像素，並等待 3.701917381721316 秒
2024-12-18 14:32:59 [INFO] Worker 2: 向下滑動: 385 像素，並等待 4.749918447963323 秒
2024-12-18 14:33:00 [INFO] Worker 5: 向下滑動: 356 像素，並等待 4.913632062475063 秒
2024-12-18 14:33:00 [INFO] Worker 1: 向下滑動: 347 像素，並等待 3.8832494081464084 秒
2024-12-18 14:33:01 [INFO] Worker 4: 向下滑動: 300 像素，並等待 4.340694590863266 秒
2024-12-18 14:33:01 [INFO] Worker 3: 向下滑動: 256 像素，並等待 4.915932571005869 秒
2024-12-18 14:33:02 [INFO] Worker 8: 向下滑動: 396 像素，並等待 4.680626323732656 秒
2024-12-18 14:33:03 [INFO] Worker 7: 向下滑動: 263 像素，並等待 4.759507555830218 秒
2024-12-18 14:33:03 [INFO] Worker 6: 向下滑動: 318 像素，並等待 3.929046470832665 秒
2024-12-18 14:33:03 [INFO] Worker 2: 向下滑動: 283 像素，並等待 4.102727994189485 秒
2024-12-18 14:33:04 [INFO] Worker 1: 向下滑動: 325 像素，並等待 3.3519434084498076 秒
2024-12-18 14:33:04 [INFO] Worker 5: 向下滑動: 313 像素，並等待 4.563386235875854 秒
2024-12-18 14:33:05 [INFO] Worker 8: 向下滑動: 276 像素，並等待 3.2443179566355145 秒
2024-12-18 14:33:05 [INFO] Worker 4: 向下滑動: 324 像素，並等待 3.9004594337140164 秒
2024-12-18 14:33:06 [INFO] Worker 7: 向下滑動: 304 像素，並等待 3.2925671854528176 秒
2024-12-18 14:33:06 [INFO] Worker 3: 向下滑動: 253 像素，並等待 4.824938177045776 秒
2024-12-18 14:33:07 [INFO] Worker 2: 向下滑動: 333 像素，並等待 3.760829152783349 秒
2024-12-18 14:33:07 [INFO] Worker 6: 向下滑動: 296 像素，並等待 4.148990295972308 秒
2024-12-18 14:33:08 [INFO] Worker 1: 向下滑動: 221 像素，並等待 4.407838228716771 秒
2024-12-18 14:33:09 [INFO] Worker 5: 向下滑動: 383 像素，並等待 4.849025458033138 秒
2024-12-18 14:33:09 [INFO] Worker 8: 向下滑動: 386 像素，並等待 4.533510621110402 秒
2024-12-18 14:33:09 [INFO] Worker 3: 向下滑動: 296 像素，並等待 3.219859990402937 秒
2024-12-18 14:33:09 [INFO] Worker 4: 向下滑動: 365 像素，並等待 4.470739943370162 秒
2024-12-18 14:33:11 [INFO] Worker 2: 向下滑動: 342 像素，並等待 3.5393916429526167 秒
2024-12-18 14:33:11 [INFO] Worker 7: 向下滑動: 337 像素，並等待 4.947193054351157 秒
2024-12-18 14:33:12 [INFO] Worker 6: 向下滑動: 245 像素，並等待 4.7734061192341315 秒
2024-12-18 14:33:12 [INFO] Worker 1: 向下滑動: 216 像素，並等待 4.075981717131905 秒
2024-12-18 14:33:13 [INFO] Worker 4: 向下滑動: 383 像素，並等待 3.5652756526522573 秒
2024-12-18 14:33:13 [INFO] Worker 5: 向下滑動: 294 像素，並等待 4.217285686297393 秒
2024-12-18 14:33:14 [INFO] Worker 3: 向下滑動: 387 像素，並等待 4.4479561011893285 秒
2024-12-18 14:33:14 [INFO] Worker 8: 向下滑動: 208 像素，並等待 4.6808090957191695 秒
2024-12-18 14:33:14 [INFO] Worker 2: 向下滑動: 361 像素，並等待 3.8854772290661064 秒
2024-12-18 14:33:15 [INFO] Worker 7: 向下滑動: 261 像素，並等待 4.4345485226005845 秒
2024-12-18 14:33:16 [INFO] Worker 4: 向下滑動: 365 像素，並等待 3.2105273615289023 秒
2024-12-18 14:33:16 [INFO] Worker 6: 向下滑動: 309 像素，並等待 4.670832027201132 秒
2024-12-18 14:33:16 [INFO] Worker 1: 向下滑動: 388 像素，並等待 4.092229608956711 秒
2024-12-18 14:33:18 [INFO] Worker 5: 向下滑動: 348 像素，並等待 4.653091773567903 秒
2024-12-18 14:33:18 [INFO] Worker 2: 向下滑動: 384 像素，並等待 3.748357602058812 秒
2024-12-18 14:33:19 [INFO] Worker 7: 向下滑動: 292 像素，並等待 3.045437807455995 秒
2024-12-18 14:33:19 [INFO] Worker 3: 向下滑動: 374 像素，並等待 4.896752280478611 秒
2024-12-18 14:33:19 [INFO] Worker 8: 向下滑動: 368 像素，並等待 4.850406527175797 秒
2024-12-18 14:33:20 [INFO] Worker 6: 向下滑動: 339 像素，並等待 3.7606320520073035 秒
2024-12-18 14:33:21 [INFO] Worker 1: 向下滑動: 288 像素，並等待 4.255151476586288 秒
2024-12-18 14:33:21 [INFO] Worker 4: 向下滑動: 262 像素，並等待 4.807747241689496 秒
2024-12-18 14:33:22 [INFO] Worker 5: 向下滑動: 369 像素，並等待 3.6650288937530378 秒
2024-12-18 14:33:22 [INFO] Worker 3: 向下滑動: 292 像素，並等待 3.239281269638293 秒
2024-12-18 14:33:22 [INFO] Worker 8: 向下滑動: 297 像素，並等待 3.490665049415712 秒
2024-12-18 14:33:23 [INFO] Worker 7: 向下滑動: 241 像素，並等待 4.291399772917229 秒
2024-12-18 14:33:23 [INFO] Worker 2: 向下滑動: 342 像素，並等待 4.825537249259462 秒
2024-12-18 14:33:24 [INFO] Worker 4: 向下滑動: 323 像素，並等待 3.158387879405848 秒
2024-12-18 14:33:25 [INFO] Worker 6: 向下滑動: 325 像素，並等待 4.532825506220508 秒
2024-12-18 14:33:25 [INFO] Worker 1: 向下滑動: 233 像素，並等待 4.20932754629359 秒
2024-12-18 14:33:26 [INFO] Worker 2: 向下滑動: 237 像素，並等待 3.202883752530037 秒
2024-12-18 14:33:26 [INFO] Worker 5: 向下滑動: 304 像素，並等待 4.659718461486179 秒
2024-12-18 14:33:27 [INFO] Worker 3: 向下滑動: 237 像素，並等待 4.595495794316937 秒
2024-12-18 14:33:27 [INFO] Worker 7: 向下滑動: 332 像素，並等待 3.91659634577703 秒
2024-12-18 14:33:27 [INFO] Worker 8: 向下滑動: 289 像素，並等待 4.452566285836655 秒
2024-12-18 14:33:28 [INFO] Worker 4: 向下滑動: 393 像素，並等待 3.5615912982870963 秒
2024-12-18 14:33:28 [INFO] Worker 6: 向下滑動: 207 像素，並等待 3.459576526509541 秒
2024-12-18 14:33:29 [INFO] Worker 1: 向下滑動: 236 像素，並等待 4.3119711768876385 秒
2024-12-18 14:33:30 [INFO] Worker 7: 向下滑動: 205 像素，並等待 3.171667547738777 秒
2024-12-18 14:33:30 [INFO] Worker 2: 向下滑動: 232 像素，並等待 3.8799998555507114 秒
2024-12-18 14:33:30 [INFO] Worker 5: 向下滑動: 234 像素，並等待 3.7950517237427475 秒
2024-12-18 14:33:31 [INFO] Worker 3: 向下滑動: 280 像素，並等待 4.114156446551457 秒
2024-12-18 14:33:31 [INFO] Worker 8: 向下滑動: 312 像素，並等待 4.221684248909993 秒
2024-12-18 14:33:32 [INFO] Worker 4: 向下滑動: 358 像素，並等待 3.8039551750237615 秒
2024-12-18 14:33:32 [INFO] Worker 6: 向下滑動: 201 像素，並等待 4.228358747359986 秒
2024-12-18 14:33:33 [INFO] Worker 1: 向下滑動: 223 像素，並等待 3.6382100121600094 秒
2024-12-18 14:33:33 [INFO] Worker 2: 向下滑動: 203 像素，並等待 3.3520317831632713 秒
2024-12-18 14:33:34 [INFO] Worker 7: 向下滑動: 363 像素，並等待 4.165573952875294 秒
2024-12-18 14:33:35 [INFO] Worker 5: 向下滑動: 244 像素，並等待 4.84022527507035 秒
2024-12-18 14:33:35 [INFO] Worker 8: 向下滑動: 229 像素，並等待 4.050184142739861 秒
2024-12-18 14:33:35 [INFO] Worker 3: 向下滑動: 271 像素，並等待 4.548869597211929 秒
2024-12-18 14:33:36 [INFO] Worker 4: 向下滑動: 319 像素，並等待 4.257650627851584 秒
2024-12-18 14:33:37 [INFO] Worker 2: 向下滑動: 386 像素，並等待 3.3912056208057186 秒
2024-12-18 14:33:37 [INFO] Worker 6: 向下滑動: 332 像素，並等待 4.512579104312893 秒
2024-12-18 14:33:38 [INFO] Worker 1: 向下滑動: 225 像素，並等待 4.929386546872102 秒
2024-12-18 14:33:38 [INFO] Worker 4: 帳號 66637943259 的任務已結束
2024-12-18 14:33:38 [INFO] Worker 9: 開始處理帳號 66991704166
2024-12-18 14:33:39 [INFO] Worker 8: 向下滑動: 353 像素，並等待 3.4409199755829767 秒
2024-12-18 14:33:39 [INFO] Worker 5: 向下滑動: 235 像素，並等待 3.648899737123254 秒
2024-12-18 14:33:39 [INFO] Worker 7: 向下滑動: 283 像素，並等待 4.586615576059057 秒
2024-12-18 14:33:39 [INFO] Worker 2: 帳號 66637943259 的任務已結束
2024-12-18 14:33:39 [INFO] Worker 10: 開始處理帳號 66646155782
2024-12-18 14:33:39 [INFO] Worker 3: 向下滑動: 300 像素，並等待 4.1776508669791035 秒
2024-12-18 14:33:40 [INFO] Worker 6: 向下滑動: 299 像素，並等待 3.1051138911382483 秒
2024-12-18 14:33:42 [INFO] Worker 7: 向下滑動: 338 像素，並等待 3.310266721729017 秒
2024-12-18 14:33:42 [INFO] Worker 8: 向下滑動: 276 像素，並等待 3.670370251230051 秒
2024-12-18 14:33:42 [INFO] Worker 1: 向下滑動: 233 像素，並等待 4.5698818882112855 秒
2024-12-18 14:33:43 [INFO] Worker 5: 向下滑動: 214 像素，並等待 4.067530939911401 秒
2024-12-18 14:33:43 [INFO] Worker 6: 向下滑動: 335 像素，並等待 3.3931568542808854 秒
2024-12-18 14:33:44 [INFO] Worker 3: 向下滑動: 278 像素，並等待 4.168669425588732 秒
2024-12-18 14:33:45 [INFO] Worker 9: 代理 kamoney03.ddns.net:24009 設置成功
2024-12-18 14:33:46 [INFO] Worker 8: 向下滑動: 308 像素，並等待 3.733796042105978 秒
2024-12-18 14:33:46 [INFO] Worker 10: 代理 kamoney03.ddns.net:24010 設置成功
2024-12-18 14:33:47 [INFO] Worker 9: Cookies 已加載成功: cookies\66991704166_cookies.json
2024-12-18 14:33:47 [INFO] Worker 7: 向下滑動: 361 像素，並等待 4.665893288667716 秒
2024-12-18 14:33:47 [INFO] Worker 6: 向下滑動: 245 像素，並等待 3.577211710238491 秒
2024-12-18 14:33:47 [INFO] Worker 3: 向下滑動: 363 像素，並等待 3.4741735999933088 秒
2024-12-18 14:33:47 [INFO] Worker 5: 向下滑動: 393 像素，並等待 4.555052536243519 秒
2024-12-18 14:33:47 [INFO] Worker 1: 向下滑動: 332 像素，並等待 4.926025125420175 秒
2024-12-18 14:33:49 [INFO] Worker 8: 向下滑動: 237 像素，並等待 3.208867797456524 秒
2024-12-18 14:33:49 [INFO] Worker 10: Cookies 已加載成功: cookies\66646155782_cookies.json
2024-12-18 14:33:49 [INFO] Worker 9: 帳號 66991704166 使用 cookies 成功登入
2024-12-18 14:33:49 [INFO] Worker 9: 登錄成功，開始處理帳號 66991704166 的操作...
2024-12-18 14:33:49 [INFO] Worker 9: 開始跳轉操作...
2024-12-18 14:33:49 [INFO] Worker 9: 正在開啟貼文: https://www.facebook.com/share/1HAVpvaRDF/
2024-12-18 14:33:50 [INFO] Worker 7: 向下滑動: 381 像素，並等待 3.495996819675651 秒
2024-12-18 14:33:51 [INFO] Worker 6: 向下滑動: 233 像素，並等待 3.772692962861022 秒
2024-12-18 14:33:51 [INFO] Worker 5: 向下滑動: 383 像素，並等待 3.692008058335824 秒
2024-12-18 14:33:51 [INFO] Worker 1: 向下滑動: 223 像素，並等待 3.694060495623648 秒
2024-12-18 14:33:52 [INFO] Worker 3: 向下滑動: 309 像素，並等待 4.336982440420054 秒
2024-12-18 14:33:52 [INFO] Worker 10: 帳號 66646155782 使用 cookies 成功登入
2024-12-18 14:33:52 [INFO] Worker 10: 登錄成功，開始處理帳號 66646155782 的操作...
2024-12-18 14:33:52 [INFO] Worker 10: 開始跳轉操作...
2024-12-18 14:33:52 [INFO] Worker 10: 正在開啟貼文: https://www.facebook.com/share/1HAVpvaRDF/
2024-12-18 14:33:53 [INFO] Worker 8: 向下滑動: 364 像素，並等待 3.3967562123122357 秒
2024-12-18 14:33:53 [INFO] Worker 9 隨機停留 7 秒
2024-12-18 14:33:54 [INFO] Worker 10 隨機停留 7 秒
2024-12-18 14:33:55 [INFO] Worker 7: 向下滑動: 235 像素，並等待 4.7434550272250835 秒
2024-12-18 14:33:55 [INFO] Worker 1: 向下滑動: 354 像素，並等待 4.159562881684172 秒
2024-12-18 14:33:56 [INFO] Worker 6: 向下滑動: 400 像素，並等待 4.73395778796668 秒
2024-12-18 14:33:56 [INFO] Worker 5: 向下滑動: 297 像素，並等待 4.958810701832339 秒
2024-12-18 14:33:56 [INFO] Worker 3: 向下滑動: 392 像素，並等待 4.858869478659882 秒
2024-12-18 14:33:57 [INFO] Worker 8: 向下滑動: 400 像素，並等待 4.126967412557666 秒
2024-12-18 14:33:58 [INFO] Worker 1: 向下滑動: 262 像素，並等待 3.1426155560701954 秒
2024-12-18 14:33:59 [INFO] Worker 7: 向下滑動: 354 像素，並等待 3.5600021132506146 秒
2024-12-18 14:34:00 [INFO] Worker 9: 貼文已按過讚，無需重複操作
2024-12-18 14:34:00 [INFO] Worker 9 按讚後隨機停留 5 秒
2024-12-18 14:34:00 [INFO] Worker 6: 向下滑動: 399 像素，並等待 4.41763118735892 秒
2024-12-18 14:34:00 [INFO] Worker 8: 向下滑動: 286 像素，並等待 3.577642893735286 秒
2024-12-18 14:34:01 [INFO] Worker 5: 向下滑動: 346 像素，並等待 4.602437851443763 秒
2024-12-18 14:34:01 [INFO] Worker 3: 向下滑動: 311 像素，並等待 4.227575251828099 秒
2024-12-18 14:34:02 [INFO] Worker 10: 貼文已按過讚，無需重複操作
2024-12-18 14:34:02 [INFO] Worker 10 按讚後隨機停留 4 秒
2024-12-18 14:34:02 [INFO] Worker 7: 向下滑動: 282 像素，並等待 3.533888385358936 秒
2024-12-18 14:34:03 [INFO] Worker 3: 帳號 66634899161 的任務已結束
2024-12-18 14:34:03 [INFO] Worker 11: 開始處理帳號 66643407753
2024-12-18 14:34:03 [INFO] Worker 1: 向下滑動: 377 像素，並等待 4.92699569135862 秒
2024-12-18 14:34:03 [INFO] Worker 6: 向下滑動: 363 像素，並等待 3.3819766939380926 秒
2024-12-18 14:34:05 [INFO] Worker 5: 向下滑動: 256 像素，並等待 4.0348477348225025 秒
2024-12-18 14:34:05 [INFO] Worker 8: 向下滑動: 229 像素，並等待 4.355220816562766 秒
2024-12-18 14:34:05 [INFO] Worker 9: 正在開啟網站: https://lihi.cc/fCuUd
2024-12-18 14:34:06 [INFO] Worker 10: 正在開啟網站: https://lihi.cc/fCuUd
2024-12-18 14:34:06 [INFO] Worker 7: 向下滑動: 294 像素，並等待 3.576598664142774 秒
2024-12-18 14:34:08 [INFO] Worker 9 隨機停留時間: 165 秒
2024-12-18 14:34:08 [INFO] Worker 1: 向下滑動: 295 像素，並等待 4.67742107248768 秒
2024-12-18 14:34:08 [INFO] Worker 6: 向下滑動: 346 像素，並等待 4.703927215709873 秒
2024-12-18 14:34:08 [INFO] Worker 8: 向下滑動: 277 像素，並等待 3.5130658854216166 秒
2024-12-18 14:34:08 [INFO] Worker 10 隨機停留時間: 154 秒
2024-12-18 14:34:09 [INFO] Worker 5: 向下滑動: 327 像素，並等待 4.257332416324547 秒
2024-12-18 14:34:10 [INFO] Worker 7: 向下滑動: 226 像素，並等待 4.094246590985266 秒
2024-12-18 14:34:10 [INFO] Worker 11: 代理 kamoney03.ddns.net:24011 設置成功
2024-12-18 14:34:11 [INFO] Worker 11: Cookies 已加載成功: cookies\66643407753_cookies.json
2024-12-18 14:34:12 [INFO] Worker 9: 向下滑動: 321 像素，並等待 3.722310972262577 秒
2024-12-18 14:34:12 [INFO] Worker 10: 向下滑動: 300 像素，並等待 3.4769608380890746 秒
2024-12-18 14:34:12 [INFO] Worker 8: 向下滑動: 224 像素，並等待 3.5451030660064475 秒
2024-12-18 14:34:12 [INFO] Worker 6: 向下滑動: 332 像素，並等待 4.259644131135285 秒
2024-12-18 14:34:13 [INFO] Worker 1: 向下滑動: 260 像素，並等待 4.614040807697443 秒
2024-12-18 14:34:13 [INFO] Worker 5: 向下滑動: 214 像素，並等待 3.8076861987253663 秒
2024-12-18 14:34:14 [INFO] Worker 11: 帳號 66643407753 使用 cookies 成功登入
2024-12-18 14:34:14 [INFO] Worker 11: 登錄成功，開始處理帳號 66643407753 的操作...
2024-12-18 14:34:14 [INFO] Worker 11: 開始跳轉操作...
2024-12-18 14:34:14 [INFO] Worker 11: 正在開啟貼文: https://www.facebook.com/share/1HAVpvaRDF/
2024-12-18 14:34:14 [INFO] Worker 7: 向下滑動: 263 像素，並等待 4.7199993028076035 秒
2024-12-18 14:34:15 [INFO] Worker 9: 向下滑動: 318 像素，並等待 3.2783335458287826 秒
2024-12-18 14:34:15 [INFO] Worker 5: 帳號 66619622845 的任務已結束
2024-12-18 14:34:15 [INFO] Worker 12: 開始處理帳號 66954958462
2024-12-18 14:34:15 [INFO] Worker 8: 向下滑動: 382 像素，並等待 3.672839403813497 秒
2024-12-18 14:34:16 [INFO] Worker 6: 向下滑動: 343 像素，並等待 3.1617054101861735 秒
2024-12-18 14:34:16 [INFO] Worker 11 隨機停留 7 秒
2024-12-18 14:34:17 [INFO] Worker 10: 向下滑動: 203 像素，並等待 4.766383740975282 秒
2024-12-18 14:34:17 [INFO] Worker 7: 瀏覽器已關閉，任務已完成
2024-12-18 14:34:17 [INFO] Worker 1: 向下滑動: 305 像素，並等待 4.409367535646398 秒
2024-12-18 14:34:17 [INFO] Worker 7: 帳號 66990183891 的任務已結束
2024-12-18 14:34:17 [INFO] Worker 13: 開始處理帳號 66804035563
2024-12-18 14:34:19 [INFO] Worker 9: 向下滑動: 255 像素，並等待 3.7189486728249443 秒
2024-12-18 14:34:19 [INFO] Worker 6: 向下滑動: 391 像素，並等待 3.3043936911248477 秒
2024-12-18 14:34:20 [INFO] Worker 8: 向下滑動: 319 像素，並等待 4.1646703669337 秒
2024-12-18 14:34:21 [INFO] Worker 10: 向下滑動: 359 像素，並等待 4.664025849521046 秒
2024-12-18 14:34:22 [INFO] Worker 12: 代理 kamoney03.ddns.net:24012 設置成功
2024-12-18 14:34:22 [INFO] Worker 6: 向下滑動: 296 像素，並等待 3.0377043895285754 秒
2024-12-18 14:34:22 [INFO] Worker 1: 向下滑動: 349 像素，並等待 4.8908084751072884 秒
2024-12-18 14:34:23 [INFO] Worker 12: Cookies 已加載成功: cookies\66954958462_cookies.json
2024-12-18 14:34:23 [INFO] Worker 11: 貼文已按過讚，無需重複操作
2024-12-18 14:34:23 [INFO] Worker 11 按讚後隨機停留 4 秒
2024-12-18 14:34:23 [INFO] Worker 9: 向下滑動: 348 像素，並等待 4.472854489388252 秒
2024-12-18 14:34:24 [INFO] Worker 13: 代理 kamoney03.ddns.net:24013 設置成功
2024-12-18 14:34:24 [INFO] Worker 8: 向下滑動: 260 像素，並等待 4.451430776511124 秒
2024-12-18 14:34:25 [INFO] Worker 13: Cookies 已加載成功: cookies\66804035563_cookies.json
2024-12-18 14:34:25 [INFO] Worker 10: 向下滑動: 222 像素，並等待 3.9306579564755086 秒
2024-12-18 14:34:25 [INFO] Worker 6: 向下滑動: 242 像素，並等待 3.540790929818482 秒
2024-12-18 14:34:26 [INFO] Worker 12: 帳號 66954958462 使用 cookies 成功登入
2024-12-18 14:34:26 [INFO] Worker 12: 登錄成功，開始處理帳號 66954958462 的操作...
2024-12-18 14:34:26 [INFO] Worker 12: 開始跳轉操作...
2024-12-18 14:34:26 [INFO] Worker 12: 正在開啟貼文: https://www.facebook.com/share/1HAVpvaRDF/
2024-12-18 14:34:27 [INFO] Worker 1: 向下滑動: 377 像素，並等待 4.718884628481828 秒
2024-12-18 14:34:27 [INFO] Worker 11: 正在開啟網站: https://lihi.cc/fCuUd
2024-12-18 14:34:28 [INFO] Worker 9: 向下滑動: 331 像素，並等待 4.500485271161608 秒
2024-12-18 14:34:28 [INFO] Worker 13: 帳號 66804035563 使用 cookies 成功登入
2024-12-18 14:34:28 [INFO] Worker 13: 登錄成功，開始處理帳號 66804035563 的操作...
2024-12-18 14:34:28 [INFO] Worker 13: 開始跳轉操作...
2024-12-18 14:34:28 [INFO] Worker 13: 正在開啟貼文: https://www.facebook.com/share/1HAVpvaRDF/
2024-12-18 14:34:28 [INFO] Worker 10: 向下滑動: 295 像素，並等待 3.3452787340145904 秒
2024-12-18 14:34:29 [INFO] Worker 8: 向下滑動: 341 像素，並等待 4.638599799483523 秒
2024-12-18 14:34:29 [INFO] Worker 1: 帳號 66634899161 的任務已結束
2024-12-18 14:34:29 [INFO] Worker 14: 開始處理帳號 66823121944
2024-12-18 14:34:30 [INFO] Worker 13 隨機停留 8 秒
2024-12-18 14:34:30 [INFO] Worker 6: 向下滑動: 287 像素，並等待 4.625238224945934 秒
2024-12-18 14:34:30 [INFO] Worker 11 隨機停留時間: 157 秒
2024-12-18 14:34:31 [INFO] Worker 12 隨機停留 7 秒
2024-12-18 14:34:31 [INFO] Worker 8: 帳號 66823237283 的任務已結束
2024-12-18 14:34:31 [INFO] Worker 15: 開始處理帳號 66814785452
2024-12-18 14:34:32 [INFO] Worker 9: 向下滑動: 261 像素，並等待 4.7263166658472295 秒
2024-12-18 14:34:33 [INFO] Worker 10: 向下滑動: 320 像素，並等待 4.505147169107742 秒
2024-12-18 14:34:34 [INFO] Worker 6: 向下滑動: 274 像素，並等待 4.264123954771077 秒
2024-12-18 14:34:35 [INFO] Worker 11: 向下滑動: 347 像素，並等待 4.533589256816872 秒
2024-12-18 14:34:36 [INFO] Worker 9: 向下滑動: 370 像素，並等待 3.2003403035733795 秒
2024-12-18 14:34:36 [INFO] Worker 14: 代理 kamoney03.ddns.net:24014 設置成功
2024-12-18 14:34:37 [INFO] Worker 10: 向下滑動: 352 像素，並等待 3.959401245171612 秒
2024-12-18 14:34:37 [INFO] Worker 6: 帳號 66935324825 的任務已結束
2024-12-18 14:34:37 [INFO] Worker 14: Cookies 已加載成功: cookies\66823121944_cookies.json
2024-12-18 14:34:38 [INFO] Worker 12: 貼文已按過讚，無需重複操作
2024-12-18 14:34:38 [INFO] Worker 12 按讚後隨機停留 5 秒
2024-12-18 14:34:38 [INFO] Worker 13: 貼文已按過讚，無需重複操作
2024-12-18 14:34:38 [INFO] Worker 13 按讚後隨機停留 3 秒
2024-12-18 14:34:39 [INFO] Worker 15: 代理 kamoney03.ddns.net:24015 設置成功
2024-12-18 14:34:39 [INFO] Worker 11: 向下滑動: 387 像素，並等待 4.736733240428395 秒
2024-12-18 14:34:40 [INFO] Worker 15: Cookies 已加載成功: cookies\66814785452_cookies.json
2024-12-18 14:34:40 [INFO] Worker 14: 帳號 66823121944 使用 cookies 成功登入
2024-12-18 14:34:40 [INFO] Worker 14: 登錄成功，開始處理帳號 66823121944 的操作...
2024-12-18 14:34:40 [INFO] Worker 14: 開始跳轉操作...
2024-12-18 14:34:40 [INFO] Worker 14: 正在開啟貼文: https://www.facebook.com/share/1HAVpvaRDF/
2024-12-18 14:34:41 [INFO] Worker 10: 向下滑動: 329 像素，並等待 3.5633375063623918 秒
2024-12-18 14:34:41 [INFO] Worker 9: 向下滑動: 341 像素，並等待 4.972239546444678 秒
2024-12-18 14:34:41 [INFO] Worker 13: 正在開啟網站: https://lihi.cc/fCuUd
2024-12-18 14:34:42 [INFO] Worker 15: 帳號 66814785452 使用 cookies 成功登入
2024-12-18 14:34:42 [INFO] Worker 15: 登錄成功，開始處理帳號 66814785452 的操作...
2024-12-18 14:34:42 [INFO] Worker 15: 開始跳轉操作...
2024-12-18 14:34:42 [INFO] Worker 15: 正在開啟貼文: https://www.facebook.com/share/1HAVpvaRDF/
2024-12-18 14:34:43 [INFO] Worker 12: 正在開啟網站: https://lihi.cc/fCuUd
2024-12-18 14:34:43 [INFO] Worker 14 隨機停留 6 秒
2024-12-18 14:34:43 [INFO] Worker 11: 向下滑動: 355 像素，並等待 3.603852026626017 秒
2024-12-18 14:34:44 [INFO] Worker 13 隨機停留時間: 159 秒
2024-12-18 14:34:44 [INFO] Worker 10: 向下滑動: 295 像素，並等待 3.716529067812887 秒
2024-12-18 14:34:45 [INFO] Worker 9: 向下滑動: 364 像素，並等待 4.087950342737717 秒
2024-12-18 14:34:45 [INFO] Worker 15 隨機停留 6 秒
2024-12-18 14:34:46 [INFO] Worker 11: 向下滑動: 315 像素，並等待 3.0733440823011176 秒
2024-12-18 14:34:47 [INFO] Worker 12 隨機停留時間: 181 秒
2024-12-18 14:34:48 [INFO] Worker 13: 向下滑動: 222 像素，並等待 4.107416670634899 秒
2024-12-18 14:34:49 [INFO] Worker 9: 向下滑動: 271 像素，並等待 4.094177302391963 秒
2024-12-18 14:34:49 [INFO] Worker 14: 貼文已按過讚，無需重複操作
2024-12-18 14:34:49 [INFO] Worker 14 按讚後隨機停留 3 秒
2024-12-18 14:34:49 [INFO] Worker 10: 向下滑動: 277 像素，並等待 4.645697729312297 秒
2024-12-18 14:34:50 [INFO] Worker 11: 向下滑動: 206 像素，並等待 4.2412532681720405 秒
2024-12-18 14:34:51 [INFO] Worker 15: 貼文已按過讚，無需重複操作
2024-12-18 14:34:51 [INFO] Worker 15 按讚後隨機停留 5 秒
2024-12-18 14:34:52 [INFO] Worker 12: 向下滑動: 306 像素，並等待 4.3064889992588595 秒
2024-12-18 14:34:52 [INFO] Worker 14: 正在開啟網站: https://lihi.cc/fCuUd
2024-12-18 14:34:52 [INFO] Worker 13: 向下滑動: 213 像素，並等待 4.204929199610523 秒
2024-12-18 14:34:54 [INFO] Worker 11: 向下滑動: 231 像素，並等待 3.144654508692804 秒
2024-12-18 14:34:54 [INFO] Worker 9: 向下滑動: 230 像素，並等待 4.747404724134002 秒
2024-12-18 14:34:54 [INFO] Worker 10: 向下滑動: 335 像素，並等待 4.729928706035874 秒
2024-12-18 14:34:54 [INFO] Worker 14 隨機停留時間: 176 秒
2024-12-18 14:34:55 [INFO] Worker 12: 向下滑動: 299 像素，並等待 3.9597830109538203 秒
2024-12-18 14:34:55 [INFO] Worker 13: 向下滑動: 288 像素，並等待 3.06884931769149 秒
2024-12-18 14:34:56 [INFO] Worker 15: 正在開啟網站: https://lihi.cc/fCuUd
2024-12-18 14:34:57 [INFO] Worker 9: 向下滑動: 241 像素，並等待 3.0301251222871732 秒
2024-12-18 14:34:58 [INFO] Worker 10: 向下滑動: 226 像素，並等待 4.061033973310726 秒
2024-12-18 14:34:58 [INFO] Worker 11: 向下滑動: 299 像素，並等待 4.46275677519085 秒
2024-12-18 14:34:59 [INFO] Worker 14: 向下滑動: 214 像素，並等待 4.15193878245904 秒
2024-12-18 14:34:59 [INFO] Worker 12: 向下滑動: 227 像素，並等待 3.1504250021706826 秒
2024-12-18 14:34:59 [INFO] Worker 13: 向下滑動: 377 像素，並等待 3.6469164446854982 秒
2024-12-18 14:34:59 [INFO] Worker 15 隨機停留時間: 144 秒
2024-12-18 14:35:01 [INFO] Worker 9: 向下滑動: 301 像素，並等待 3.9941919967941923 秒
2024-12-18 14:35:01 [INFO] Worker 11: 向下滑動: 357 像素，並等待 3.4348548508433048 秒
2024-12-18 14:35:02 [INFO] Worker 14: 向下滑動: 226 像素，並等待 3.0238224214923743 秒
2024-12-18 14:35:02 [INFO] Worker 10: 向下滑動: 238 像素，並等待 3.9758268546844224 秒
2024-12-18 14:35:03 [INFO] Worker 13: 向下滑動: 379 像素，並等待 3.6008529430064353 秒
2024-12-18 14:35:03 [INFO] Worker 12: 向下滑動: 210 像素，並等待 4.390871136509097 秒
2024-12-18 14:35:04 [INFO] Worker 15: 向下滑動: 222 像素，並等待 4.887844261302229 秒
2024-12-18 14:35:04 [INFO] Worker 9: 向下滑動: 321 像素，並等待 3.6575766259524007 秒
2024-12-18 14:35:05 [INFO] Worker 14: 向下滑動: 310 像素，並等待 3.755912904696339 秒
2024-12-18 14:35:06 [INFO] Worker 10: 向下滑動: 223 像素，並等待 4.416746536288376 秒
2024-12-18 14:35:06 [INFO] Worker 11: 向下滑動: 236 像素，並等待 4.782054904696354 秒
2024-12-18 14:35:07 [INFO] Worker 12: 向下滑動: 251 像素，並等待 3.9168933376244075 秒
2024-12-18 14:35:07 [INFO] Worker 13: 向下滑動: 299 像素，並等待 4.6856912881965584 秒
2024-12-18 14:35:08 [INFO] Worker 9: 向下滑動: 207 像素，並等待 3.8925252458538284 秒
2024-12-18 14:35:09 [INFO] Worker 15: 向下滑動: 380 像素，並等待 4.5737596697773775 秒
2024-12-18 14:35:10 [INFO] Worker 14: 向下滑動: 297 像素，並等待 4.108596937605423 秒
2024-12-18 14:35:10 [INFO] Worker 10: 向下滑動: 348 像素，並等待 3.726654862634625 秒
2024-12-18 14:35:10 [INFO] Worker 11: 向下滑動: 308 像素，並等待 4.227456551511862 秒
2024-12-18 14:35:11 [INFO] Worker 12: 向下滑動: 294 像素，並等待 3.888853172952917 秒
2024-12-18 14:35:11 [INFO] Worker 13: 向下滑動: 326 像素，並等待 3.964553038331149 秒
2024-12-18 14:35:11 [INFO] Worker 9: 向下滑動: 235 像素，並等待 3.323358403535676 秒
2024-12-18 14:35:13 [INFO] Worker 15: 向下滑動: 284 像素，並等待 3.9697888908014827 秒
2024-12-18 14:35:13 [INFO] Worker 14: 向下滑動: 378 像素，並等待 3.6145622332748792 秒
2024-12-18 14:35:15 [INFO] Worker 13: 向下滑動: 217 像素，並等待 3.1986294578651684 秒
2024-12-18 14:35:15 [INFO] Worker 10: 向下滑動: 289 像素，並等待 4.821678801904295 秒
2024-12-18 14:35:15 [INFO] Worker 12: 向下滑動: 350 像素，並等待 4.000025655979181 秒
2024-12-18 14:35:15 [INFO] Worker 11: 向下滑動: 377 像素，並等待 4.845424665044885 秒
2024-12-18 14:35:16 [INFO] Worker 9: 向下滑動: 303 像素，並等待 4.209068442336367 秒
2024-12-18 14:35:16 [INFO] Worker 15: 向下滑動: 315 像素，並等待 3.0401203123026574 秒
2024-12-18 14:35:17 [INFO] Worker 14: 向下滑動: 377 像素，並等待 3.530122660457576 秒
2024-12-18 14:35:18 [INFO] Worker 12: 向下滑動: 252 像素，並等待 3.0928831346207466 秒
2024-12-18 14:35:19 [INFO] Worker 10: 向下滑動: 304 像素，並等待 3.9379352955349347 秒
2024-12-18 14:35:19 [INFO] Worker 11: 向下滑動: 246 像素，並等待 3.3817491058700817 秒
2024-12-18 14:35:19 [INFO] Worker 13: 向下滑動: 284 像素，並等待 4.4678103610427575 秒
2024-12-18 14:35:20 [INFO] Worker 9: 向下滑動: 360 像素，並等待 4.702984858047348 秒
2024-12-18 14:35:21 [INFO] Worker 15: 向下滑動: 250 像素，並等待 4.8403818503836735 秒
2024-12-18 14:35:21 [INFO] Worker 14: 向下滑動: 365 像素，並等待 4.001085628045175 秒
2024-12-18 14:35:21 [INFO] Worker 12: 向下滑動: 302 像素，並等待 3.082734574986286 秒
2024-12-18 14:35:22 [INFO] Worker 11: 向下滑動: 248 像素，並等待 3.0129701564625444 秒
2024-12-18 14:35:22 [INFO] Worker 10: 向下滑動: 218 像素，並等待 3.423432421626046 秒
2024-12-18 14:35:22 [INFO] Worker 13: 向下滑動: 265 像素，並等待 3.1433555132247966 秒
2024-12-18 14:35:24 [INFO] Worker 9: 向下滑動: 305 像素，並等待 3.550833466071878 秒
2024-12-18 14:35:24 [INFO] Worker 14: 向下滑動: 274 像素，並等待 3.290637861351991 秒
2024-12-18 14:35:25 [INFO] Worker 15: 向下滑動: 308 像素，並等待 4.139618558136165 秒
2024-12-18 14:35:25 [INFO] Worker 13: 向下滑動: 325 像素，並等待 3.1234386348306042 秒
2024-12-18 14:35:26 [INFO] Worker 12: 向下滑動: 389 像素，並等待 4.60621795966398 秒
2024-12-18 14:35:26 [INFO] Worker 11: 向下滑動: 261 像素，並等待 4.399952829974172 秒
2024-12-18 14:35:26 [INFO] Worker 10: 向下滑動: 272 像素，並等待 4.055032117927017 秒
2024-12-18 14:35:27 [INFO] Worker 9: 向下滑動: 350 像素，並等待 3.0616008071091727 秒
2024-12-18 14:35:27 [INFO] Worker 14: 向下滑動: 365 像素，並等待 3.4848470557795563 秒
2024-12-18 14:35:28 [INFO] Worker 15: 向下滑動: 380 像素，並等待 3.771921495253439 秒
2024-12-18 14:35:29 [INFO] Worker 10: 向下滑動: 274 像素，並等待 3.2548005907597224 秒
2024-12-18 14:35:30 [INFO] Worker 11: 向下滑動: 361 像素，並等待 3.518513556224363 秒
2024-12-18 14:35:30 [INFO] Worker 13: 向下滑動: 332 像素，並等待 4.348175995743184 秒
2024-12-18 14:35:30 [INFO] Worker 12: 向下滑動: 315 像素，並等待 4.5693780930966925 秒
2024-12-18 14:35:31 [INFO] Worker 14: 向下滑動: 321 像素，並等待 3.7049205947867616 秒
2024-12-18 14:35:32 [INFO] Worker 9: 向下滑動: 399 像素，並等待 4.811920510678945 秒
2024-12-18 14:35:32 [INFO] Worker 15: 向下滑動: 206 像素，並等待 3.7667407695855704 秒
2024-12-18 14:35:33 [INFO] Worker 10: 向下滑動: 399 像素，並等待 3.206899155254554 秒
2024-12-18 14:35:33 [INFO] Worker 13: 向下滑動: 315 像素，並等待 3.028091127411764 秒
2024-12-18 14:35:34 [INFO] Worker 12: 向下滑動: 335 像素，並等待 3.9335616632305275 秒
2024-12-18 14:35:34 [INFO] Worker 11: 向下滑動: 364 像素，並等待 4.648765241327255 秒
2024-12-18 14:35:35 [INFO] Worker 14: 向下滑動: 312 像素，並等待 4.274030920017478 秒
2024-12-18 14:35:36 [INFO] Worker 13: 向下滑動: 321 像素，並等待 3.0134816023463653 秒
2024-12-18 14:35:36 [INFO] Worker 9: 向下滑動: 300 像素，並等待 3.989986154254753 秒
2024-12-18 14:35:36 [INFO] Worker 15: 向下滑動: 316 像素，並等待 4.0559952762807105 秒
2024-12-18 14:35:37 [INFO] Worker 10: 向下滑動: 392 像素，並等待 4.345892006818513 秒
2024-12-18 14:35:38 [INFO] Worker 11: 向下滑動: 275 像素，並等待 3.721059383914281 秒
2024-12-18 14:35:39 [INFO] Worker 12: 向下滑動: 212 像素，並等待 4.694401946226137 秒
2024-12-18 14:35:40 [INFO] Worker 13: 向下滑動: 240 像素，並等待 3.8780237137251152 秒
2024-12-18 14:35:40 [INFO] Worker 9: 向下滑動: 234 像素，並等待 3.8529543721423893 秒
2024-12-18 14:35:40 [INFO] Worker 14: 向下滑動: 207 像素，並等待 4.91434825411487 秒
2024-12-18 14:35:41 [INFO] Worker 15: 向下滑動: 311 像素，並等待 4.972827763560723 秒
2024-12-18 14:35:42 [INFO] Worker 10: 向下滑動: 238 像素，並等待 4.988509036662508 秒
2024-12-18 14:35:42 [INFO] Worker 11: 向下滑動: 394 像素，並等待 4.402856105889059 秒
2024-12-18 14:35:42 [INFO] Worker 12: 向下滑動: 363 像素，並等待 3.614235825144139 秒
2024-12-18 14:35:43 [INFO] Worker 9: 向下滑動: 232 像素，並等待 3.638930068134015 秒
2024-12-18 14:35:44 [INFO] Worker 13: 向下滑動: 315 像素，並等待 4.542754231277547 秒
2024-12-18 14:35:44 [INFO] Worker 14: 向下滑動: 229 像素，並等待 3.912738578107779 秒
2024-12-18 14:35:46 [INFO] Worker 10: 向下滑動: 323 像素，並等待 3.587525744951334 秒
2024-12-18 14:35:46 [INFO] Worker 11: 向下滑動: 383 像素，並等待 3.3573232491398404 秒
2024-12-18 14:35:46 [INFO] Worker 12: 向下滑動: 215 像素，並等待 3.539207434212721 秒
2024-12-18 14:35:46 [INFO] Worker 15: 向下滑動: 247 像素，並等待 4.791357570919219 秒
2024-12-18 14:35:47 [INFO] Worker 9: 向下滑動: 385 像素，並等待 3.2063275621138034 秒
2024-12-18 14:35:48 [INFO] Worker 14: 向下滑動: 295 像素，並等待 3.731256637315353 秒
2024-12-18 14:35:48 [INFO] Worker 13: 向下滑動: 291 像素，並等待 3.9390290066903373 秒
2024-12-18 14:35:50 [INFO] Worker 11: 向下滑動: 349 像素，並等待 3.9689996661829134 秒
2024-12-18 14:35:50 [INFO] Worker 10: 向下滑動: 252 像素，並等待 4.4322268209502464 秒
2024-12-18 14:35:50 [INFO] Worker 12: 向下滑動: 275 像素，並等待 3.953589119835929 秒
2024-12-18 14:35:51 [INFO] Worker 15: 向下滑動: 374 像素，並等待 4.501324097441358 秒
2024-12-18 14:35:51 [INFO] Worker 9: 向下滑動: 396 像素，並等待 4.84791778039893 秒
2024-12-18 14:35:53 [INFO] Worker 13: 向下滑動: 224 像素，並等待 4.351822445971077 秒
2024-12-18 14:35:53 [INFO] Worker 14: 向下滑動: 207 像素，並等待 4.7811916101636935 秒
2024-12-18 14:35:53 [INFO] Worker 11: 向下滑動: 368 像素，並等待 3.599981436755873 秒
2024-12-18 14:35:54 [INFO] Worker 12: 向下滑動: 386 像素，並等待 3.6174034099004233 秒
2024-12-18 14:35:54 [INFO] Worker 10: 向下滑動: 256 像素，並等待 4.0809459136929584 秒
2024-12-18 14:35:54 [INFO] Worker 15: 向下滑動: 302 像素，並等待 3.6174832220808977 秒
2024-12-18 14:35:55 [INFO] Worker 9: 向下滑動: 368 像素，並等待 3.741890050034055 秒
2024-12-18 14:35:57 [INFO] Worker 13: 向下滑動: 278 像素，並等待 4.608891598107849 秒
2024-12-18 14:35:57 [INFO] Worker 14: 向下滑動: 306 像素，並等待 4.523144748494562 秒
2024-12-18 14:35:58 [INFO] Worker 15: 向下滑動: 308 像素，並等待 3.9013601154692212 秒
2024-12-18 14:35:58 [INFO] Worker 11: 向下滑動: 347 像素，並等待 4.808847558397845 秒
2024-12-18 14:35:58 [INFO] Worker 12: 向下滑動: 235 像素，並等待 4.726997894741508 秒
2024-12-18 14:35:58 [INFO] Worker 9: 向下滑動: 213 像素，並等待 3.2107450829445985 秒
2024-12-18 14:35:59 [INFO] Worker 10: 向下滑動: 229 像素，並等待 4.691722960152803 秒
2024-12-18 14:36:01 [INFO] Worker 11: 向下滑動: 367 像素，並等待 3.039438985217971 秒
2024-12-18 14:36:02 [INFO] Worker 14: 向下滑動: 212 像素，並等待 4.336391306422198 秒
2024-12-18 14:36:02 [INFO] Worker 13: 向下滑動: 310 像素，並等待 4.573499433177624 秒
2024-12-18 14:36:02 [INFO] Worker 9: 向下滑動: 344 像素，並等待 3.646094571186863 秒
2024-12-18 14:36:02 [INFO] Worker 12: 向下滑動: 333 像素，並等待 3.906006022296845 秒
2024-12-18 14:36:03 [INFO] Worker 15: 向下滑動: 368 像素，並等待 4.841380396382086 秒
2024-12-18 14:36:03 [INFO] Worker 10: 向下滑動: 288 像素，並等待 4.269797002033193 秒
2024-12-18 14:36:05 [INFO] Worker 13: 向下滑動: 219 像素，並等待 3.0415516657811796 秒
2024-12-18 14:36:06 [INFO] Worker 11: 向下滑動: 298 像素，並等待 4.279343078843586 秒
2024-12-18 14:36:06 [INFO] Worker 14: 向下滑動: 377 像素，並等待 4.053588238321087 秒
2024-12-18 14:36:06 [INFO] Worker 9: 向下滑動: 385 像素，並等待 4.093469847449467 秒
2024-12-18 14:36:07 [INFO] Worker 12: 向下滑動: 385 像素，並等待 4.7906989691790685 秒
2024-12-18 14:36:07 [INFO] Worker 10: 向下滑動: 273 像素，並等待 4.1900579746824995 秒
2024-12-18 14:36:07 [INFO] Worker 15: 向下滑動: 368 像素，並等待 4.424841436769699 秒
2024-12-18 14:36:08 [INFO] Worker 13: 向下滑動: 391 像素，並等待 3.443512336174434 秒
2024-12-18 14:36:09 [INFO] Worker 11: 向下滑動: 236 像素，並等待 3.0878907780416975 秒
2024-12-18 14:36:10 [INFO] Worker 14: 向下滑動: 388 像素，並等待 4.189800794732841 秒
2024-12-18 14:36:10 [INFO] Worker 9: 向下滑動: 341 像素，並等待 4.129038779445909 秒
2024-12-18 14:36:11 [INFO] Worker 12: 向下滑動: 378 像素，並等待 4.080851711923406 秒
2024-12-18 14:36:12 [INFO] Worker 10: 向下滑動: 330 像素，並等待 4.505221390042637 秒
2024-12-18 14:36:12 [INFO] Worker 15: 向下滑動: 260 像素，並等待 4.615458994030551 秒
2024-12-18 14:36:12 [INFO] Worker 13: 向下滑動: 208 像素，並等待 4.211807105442757 秒
2024-12-18 14:36:13 [INFO] Worker 11: 向下滑動: 305 像素，並等待 4.577913226718525 秒
2024-12-18 14:36:14 [INFO] Worker 9: 向下滑動: 244 像素，並等待 3.839573516493309 秒
2024-12-18 14:36:14 [INFO] Worker 14: 向下滑動: 371 像素，並等待 4.450694233123342 秒
2024-12-18 14:36:14 [INFO] Worker 12: 向下滑動: 221 像素，並等待 3.274848471633077 秒
2024-12-18 14:36:16 [INFO] Worker 15: 向下滑動: 212 像素，並等待 3.752325116533273 秒
2024-12-18 14:36:16 [INFO] Worker 10: 向下滑動: 286 像素，並等待 4.549193491225501 秒
2024-12-18 14:36:17 [INFO] Worker 13: 向下滑動: 260 像素，並等待 4.172373715367716 秒
2024-12-18 14:36:18 [INFO] Worker 11: 向下滑動: 373 像素，並等待 4.793944793980638 秒
2024-12-18 14:36:18 [INFO] Worker 9: 向下滑動: 296 像素，並等待 4.10308952799047 秒
2024-12-18 14:36:18 [INFO] Worker 12: 向下滑動: 310 像素，並等待 3.883861459728398 秒
2024-12-18 14:36:19 [INFO] Worker 14: 向下滑動: 387 像素，並等待 4.371229862417032 秒
2024-12-18 14:36:20 [INFO] Worker 15: 向下滑動: 260 像素，並等待 3.782134748420601 秒
2024-12-18 14:36:21 [INFO] Worker 10: 向下滑動: 296 像素，並等待 4.514539503670898 秒
2024-12-18 14:36:21 [INFO] Worker 13: 向下滑動: 322 像素，並等待 4.426958285501229 秒
2024-12-18 14:36:21 [INFO] Worker 11: 向下滑動: 347 像素，並等待 3.358839436309587 秒
2024-12-18 14:36:22 [INFO] Worker 9: 向下滑動: 376 像素，並等待 3.3582001879770225 秒
2024-12-18 14:36:22 [INFO] Worker 12: 向下滑動: 315 像素，並等待 3.6948663301578404 秒
2024-12-18 14:36:22 [INFO] Worker 14: 向下滑動: 202 像素，並等待 3.573346566915248 秒
2024-12-18 14:36:23 [INFO] Worker 15: 向下滑動: 308 像素，並等待 3.457430807695939 秒
2024-12-18 14:36:25 [INFO] Worker 11: 向下滑動: 289 像素，並等待 3.53492709590708 秒
2024-12-18 14:36:25 [INFO] Worker 13: 向下滑動: 285 像素，並等待 4.041671105860866 秒
2024-12-18 14:36:26 [INFO] Worker 10: 向下滑動: 334 像素，並等待 4.742011598158362 秒
2024-12-18 14:36:26 [INFO] Worker 12: 向下滑動: 368 像素，並等待 3.6281842788742793 秒
2024-12-18 14:36:26 [INFO] Worker 9: 向下滑動: 330 像素，並等待 4.0975378256781685 秒
2024-12-18 14:36:26 [INFO] Worker 14: 向下滑動: 398 像素，並等待 3.63223702813647 秒
2024-12-18 14:36:27 [INFO] Worker 15: 向下滑動: 240 像素，並等待 4.317317237457077 秒
2024-12-18 14:36:28 [INFO] Worker 13: 向下滑動: 212 像素，並等待 3.3847376560691336 秒
2024-12-18 14:36:29 [INFO] Worker 10: 向下滑動: 206 像素，並等待 3.225935179119302 秒
2024-12-18 14:36:29 [INFO] Worker 11: 向下滑動: 289 像素，並等待 3.9159866146060267 秒
2024-12-18 14:36:29 [INFO] Worker 9: 向下滑動: 273 像素，並等待 3.2768908510831505 秒
2024-12-18 14:36:30 [INFO] Worker 12: 向下滑動: 394 像素，並等待 4.519324210073721 秒
2024-12-18 14:36:31 [INFO] Worker 15: 向下滑動: 300 像素，並等待 3.2603075019543812 秒
2024-12-18 14:36:31 [INFO] Worker 14: 向下滑動: 252 像素，並等待 4.804272116219545 秒
2024-12-18 14:36:32 [INFO] Worker 10: 向下滑動: 291 像素，並等待 3.090327913653965 秒
2024-12-18 14:36:32 [INFO] Worker 11: 向下滑動: 399 像素，並等待 3.0749216969036484 秒
2024-12-18 14:36:32 [INFO] Worker 9: 向下滑動: 352 像素，並等待 3.046894382467425 秒
2024-12-18 14:36:32 [INFO] Worker 13: 向下滑動: 328 像素，並等待 3.8778954410315642 秒
2024-12-18 14:36:34 [INFO] Worker 12: 向下滑動: 341 像素，並等待 3.8615175405603033 秒
2024-12-18 14:36:34 [INFO] Worker 15: 向下滑動: 291 像素，並等待 3.7256571512339423 秒
2024-12-18 14:36:35 [INFO] Worker 14: 向下滑動: 348 像素，並等待 3.793210483985566 秒
2024-12-18 14:36:36 [INFO] Worker 11: 向下滑動: 205 像素，並等待 3.536781649766066 秒
2024-12-18 14:36:36 [INFO] Worker 9: 向下滑動: 368 像素，並等待 4.0575630638375415 秒
2024-12-18 14:36:36 [INFO] Worker 13: 向下滑動: 393 像素，並等待 3.8292721058299195 秒
2024-12-18 14:36:37 [INFO] Worker 10: 向下滑動: 302 像素，並等待 4.706554890046117 秒
2024-12-18 14:36:38 [INFO] Worker 14: 向下滑動: 340 像素，並等待 3.2904030864317964 秒
2024-12-18 14:36:38 [INFO] Worker 15: 向下滑動: 250 像素，並等待 4.051983880177993 秒
2024-12-18 14:36:39 [INFO] Worker 12: 向下滑動: 246 像素，並等待 4.870624504573222 秒
2024-12-18 14:36:39 [INFO] Worker 9: 向下滑動: 257 像素，並等待 3.174315211990837 秒
2024-12-18 14:36:40 [INFO] Worker 13: 向下滑動: 302 像素，並等待 3.4038661580535665 秒
2024-12-18 14:36:40 [INFO] Worker 11: 向下滑動: 230 像素，並等待 4.889563004148637 秒
2024-12-18 14:36:40 [INFO] Worker 10: 向下滑動: 376 像素，並等待 3.7766493142670354 秒
2024-12-18 14:36:41 [INFO] Worker 14: 向下滑動: 350 像素，並等待 3.056632062514795 秒
2024-12-18 14:36:42 [INFO] Worker 15: 向下滑動: 396 像素，並等待 3.7370851836404317 秒
2024-12-18 14:36:43 [INFO] Worker 12: 向下滑動: 349 像素，並等待 4.540642115593949 秒
2024-12-18 14:36:44 [INFO] Worker 11: 向下滑動: 369 像素，並等待 3.171769696874952 秒
2024-12-18 14:36:44 [INFO] Worker 9: 向下滑動: 382 像素，並等待 4.694391227792288 秒
2024-12-18 14:36:44 [INFO] Worker 13: 向下滑動: 234 像素，並等待 4.601094826248806 秒
2024-12-18 14:36:44 [INFO] Worker 10: 向下滑動: 371 像素，並等待 3.9788928358593263 秒
2024-12-18 14:36:45 [INFO] Worker 14: 向下滑動: 364 像素，並等待 4.2592630714744075 秒
2024-12-18 14:36:45 [INFO] Worker 15: 向下滑動: 230 像素，並等待 3.074854237137057 秒
2024-12-18 14:36:47 [INFO] Worker 10: 帳號 66646155782 的任務已結束
2024-12-18 14:36:47 [INFO] Worker 11: 向下滑動: 399 像素，並等待 3.639776796798722 秒
2024-12-18 14:36:48 [INFO] Worker 13: 向下滑動: 354 像素，並等待 3.557182684581048 秒
2024-12-18 14:36:48 [INFO] Worker 12: 向下滑動: 246 像素，並等待 4.888172150667524 秒
2024-12-18 14:36:49 [INFO] Worker 14: 向下滑動: 204 像素，並等待 3.309239089882481 秒
2024-12-18 14:36:49 [INFO] Worker 9: 向下滑動: 270 像素，並等待 4.692255407413666 秒
2024-12-18 14:36:49 [INFO] Worker 15: 向下滑動: 315 像素，並等待 3.6505620867593653 秒
2024-12-18 14:36:51 [INFO] Worker 13: 向下滑動: 307 像素，並等待 3.139501284589425 秒
2024-12-18 14:36:52 [INFO] Worker 11: 向下滑動: 317 像素，並等待 4.905321964200516 秒
2024-12-18 14:36:52 [INFO] Worker 14: 向下滑動: 305 像素，並等待 3.76397624328075 秒
2024-12-18 14:36:53 [INFO] Worker 12: 向下滑動: 227 像素，並等待 4.424473741249859 秒
2024-12-18 14:36:53 [INFO] Worker 15: 向下滑動: 247 像素，並等待 4.106723596231918 秒
2024-12-18 14:36:54 [INFO] Worker 9: 向下滑動: 391 像素，並等待 4.951527957473325 秒
2024-12-18 14:36:55 [INFO] Worker 13: 向下滑動: 389 像素，並等待 3.9611691563196576 秒
2024-12-18 14:36:56 [INFO] Worker 11: 向下滑動: 290 像素，並等待 3.634949841385767 秒
2024-12-18 14:36:56 [INFO] Worker 9: 帳號 66991704166 的任務已結束
2024-12-18 14:36:57 [INFO] Worker 15: 向下滑動: 308 像素，並等待 3.749791699790359 秒
2024-12-18 14:36:57 [INFO] Worker 14: 向下滑動: 284 像素，並等待 4.69078809885912 秒
2024-12-18 14:36:58 [INFO] Worker 12: 向下滑動: 211 像素，並等待 4.848621698640006 秒
2024-12-18 14:37:00 [INFO] Worker 13: 向下滑動: 286 像素，並等待 4.88242898309525 秒
2024-12-18 14:37:00 [INFO] Worker 11: 向下滑動: 217 像素，並等待 4.3520277553074935 秒
2024-12-18 14:37:01 [INFO] Worker 15: 向下滑動: 396 像素，並等待 3.9064897228337445 秒
2024-12-18 14:37:01 [INFO] Worker 14: 向下滑動: 320 像素，並等待 4.274445796597396 秒
2024-12-18 14:37:02 [INFO] Worker 12: 向下滑動: 329 像素，並等待 4.247062226561937 秒
2024-12-18 14:37:04 [INFO] Worker 13: 向下滑動: 268 像素，並等待 4.365089855994569 秒
2024-12-18 14:37:05 [INFO] Worker 11: 向下滑動: 395 像素，並等待 4.7664264519688295 秒
2024-12-18 14:37:05 [INFO] Worker 15: 向下滑動: 304 像素，並等待 4.269927199402574 秒
2024-12-18 14:37:05 [INFO] Worker 14: 向下滑動: 201 像素，並等待 3.8914585182379584 秒
2024-12-18 14:37:06 [INFO] Worker 12: 向下滑動: 290 像素，並等待 4.17095578330554 秒
2024-12-18 14:37:08 [INFO] Worker 13: 向下滑動: 202 像素，並等待 4.190261752582541 秒
2024-12-18 14:37:09 [INFO] Worker 15: 向下滑動: 279 像素，並等待 3.6748619616111995 秒
2024-12-18 14:37:09 [INFO] Worker 12: 向下滑動: 385 像素，並等待 3.1056403776782737 秒
2024-12-18 14:37:10 [INFO] Worker 11: 向下滑動: 364 像素，並等待 4.848068004355385 秒
2024-12-18 14:37:10 [INFO] Worker 14: 向下滑動: 260 像素，並等待 4.867434450643969 秒
2024-12-18 14:37:12 [INFO] Worker 11: 帳號 66643407753 的任務已結束
2024-12-18 14:37:12 [INFO] Worker 15: 向下滑動: 326 像素，並等待 3.631316121756384 秒
2024-12-18 14:37:13 [INFO] Worker 13: 向下滑動: 351 像素，並等待 4.195696705826076 秒
2024-12-18 14:37:13 [INFO] Worker 12: 向下滑動: 326 像素，並等待 3.795858837030793 秒
2024-12-18 14:37:14 [INFO] Worker 14: 向下滑動: 398 像素，並等待 4.325118587063449 秒
2024-12-18 14:37:16 [INFO] Worker 12: 向下滑動: 398 像素，並等待 3.047778230093257 秒
2024-12-18 14:37:17 [INFO] Worker 15: 向下滑動: 387 像素，並等待 4.5025794693345205 秒
2024-12-18 14:37:17 [INFO] Worker 13: 向下滑動: 351 像素，並等待 4.459875037407909 秒
2024-12-18 14:37:18 [INFO] Worker 14: 向下滑動: 218 像素，並等待 3.4202424574432504 秒
2024-12-18 14:37:20 [INFO] Worker 15: 向下滑動: 288 像素，並等待 3.085693522003592 秒
2024-12-18 14:37:21 [INFO] Worker 12: 向下滑動: 323 像素，並等待 4.738548673867967 秒
2024-12-18 14:37:22 [INFO] Worker 13: 向下滑動: 381 像素，並等待 4.503773119649061 秒
2024-12-18 14:37:23 [INFO] Worker 14: 向下滑動: 281 像素，並等待 4.934721991270274 秒
2024-12-18 14:37:24 [INFO] Worker 12: 向下滑動: 278 像素，並等待 3.414471338249125 秒
2024-12-18 14:37:25 [INFO] Worker 15: 向下滑動: 276 像素，並等待 4.6607775007378045 秒
2024-12-18 14:37:26 [INFO] Worker 13: 向下滑動: 277 像素，並等待 4.5284320128203515 秒
2024-12-18 14:37:26 [INFO] Worker 14: 向下滑動: 209 像素，並等待 3.649082504700912 秒
2024-12-18 14:37:27 [INFO] Worker 15: 帳號 66814785452 的任務已結束
2024-12-18 14:37:27 [INFO] Worker 12: 向下滑動: 344 像素，並等待 3.161961384060076 秒
2024-12-18 14:37:29 [INFO] Worker 13: 帳號 66804035563 的任務已結束
2024-12-18 14:37:31 [INFO] Worker 14: 向下滑動: 400 像素，並等待 4.408302030629827 秒
2024-12-18 14:37:31 [INFO] Worker 12: 向下滑動: 284 像素，並等待 3.9898333600274833 秒
2024-12-18 14:37:35 [INFO] Worker 14: 向下滑動: 216 像素，並等待 4.45140904717713 秒
2024-12-18 14:37:35 [INFO] Worker 12: 向下滑動: 238 像素，並等待 3.9224927026310548 秒
2024-12-18 14:37:39 [INFO] Worker 12: 向下滑動: 393 像素，並等待 3.3448519371845284 秒
2024-12-18 14:37:40 [INFO] Worker 14: 向下滑動: 288 像素，並等待 4.249466459437525 秒
2024-12-18 14:37:43 [ERROR] Exception in thread
2024-12-18 14:37:43 [ERROR] TaskMonitor-navigate
2024-12-18 14:37:43 [ERROR] :
2024-12-18 14:37:43 [ERROR] Traceback (most recent call last):
2024-12-18 14:37:43 [ERROR] File "C:\Python312\Lib\site-packages\urllib3\connection.py", line 199, in _new_conn
2024-12-18 14:37:43 [ERROR] sock = connection.create_connection(
2024-12-18 14:37:43 [ERROR] ^
2024-12-18 14:37:43 [ERROR] ^
2024-12-18 14:37:43 [ERROR] ^
2024-12-18 14:37:43 [ERROR] ^
2024-12-18 14:37:43 [ERROR] ^
2024-12-18 14:37:43 [ERROR] ^
2024-12-18 14:37:43 [ERROR] ^
2024-12-18 14:37:43 [ERROR] ^
2024-12-18 14:37:43 [ERROR] ^
2024-12-18 14:37:43 [ERROR] ^
2024-12-18 14:37:43 [ERROR] ^
2024-12-18 14:37:43 [ERROR] ^
2024-12-18 14:37:43 [ERROR] ^
2024-12-18 14:37:43 [ERROR] ^
2024-12-18 14:37:43 [ERROR] ^
2024-12-18 14:37:43 [ERROR] ^
2024-12-18 14:37:43 [ERROR] ^
2024-12-18 14:37:43 [ERROR] ^
2024-12-18 14:37:43 [ERROR] ^
2024-12-18 14:37:43 [ERROR] ^
2024-12-18 14:37:43 [ERROR] ^
2024-12-18 14:37:43 [ERROR] ^
2024-12-18 14:37:43 [ERROR] ^
2024-12-18 14:37:43 [ERROR] ^
2024-12-18 14:37:43 [ERROR] ^
2024-12-18 14:37:43 [ERROR] ^
2024-12-18 14:37:43 [ERROR] ^
2024-12-18 14:37:43 [ERROR] ^
2024-12-18 14:37:43 [ERROR] ^
2024-12-18 14:37:43 [ERROR] File "C:\Python312\Lib\site-packages\urllib3\util\connection.py", line 85, in create_connection
2024-12-18 14:37:43 [ERROR] raise err
2024-12-18 14:37:43 [ERROR] File "C:\Python312\Lib\site-packages\urllib3\util\connection.py", line 73, in create_connection
2024-12-18 14:37:43 [ERROR] sock.connect(sa)
2024-12-18 14:37:43 [ERROR] ConnectionRefusedError
2024-12-18 14:37:43 [ERROR] :
2024-12-18 14:37:43 [ERROR] [WinError 10061] 無法連線，因為目標電腦拒絕連線。
2024-12-18 14:37:43 [ERROR] The above exception was the direct cause of the following exception:
2024-12-18 14:37:43 [ERROR] Traceback (most recent call last):
2024-12-18 14:37:43 [ERROR] File "C:\Python312\Lib\site-packages\urllib3\connectionpool.py", line 789, in urlopen
2024-12-18 14:37:43 [ERROR] response = self._make_request(
2024-12-18 14:37:43 [ERROR] ^
2024-12-18 14:37:43 [ERROR] ^
2024-12-18 14:37:43 [ERROR] ^
2024-12-18 14:37:43 [ERROR] ^
2024-12-18 14:37:43 [ERROR] ^
2024-12-18 14:37:43 [ERROR] ^
2024-12-18 14:37:43 [ERROR] ^
2024-12-18 14:37:43 [ERROR] ^
2024-12-18 14:37:43 [ERROR] ^
2024-12-18 14:37:43 [ERROR] ^
2024-12-18 14:37:43 [ERROR] ^
2024-12-18 14:37:43 [ERROR] ^
2024-12-18 14:37:43 [ERROR] ^
2024-12-18 14:37:43 [ERROR] ^
2024-12-18 14:37:43 [ERROR] ^
2024-12-18 14:37:43 [ERROR] ^
2024-12-18 14:37:43 [ERROR] ^
2024-12-18 14:37:43 [ERROR] ^
2024-12-18 14:37:43 [ERROR] ^
2024-12-18 14:37:43 [ERROR] File "C:\Python312\Lib\site-packages\urllib3\connectionpool.py", line 495, in _make_request
2024-12-18 14:37:43 [ERROR] conn.request(
2024-12-18 14:37:43 [ERROR] File "C:\Python312\Lib\site-packages\urllib3\connection.py", line 441, in request
2024-12-18 14:37:43 [ERROR] self.endheaders()
2024-12-18 14:37:43 [ERROR] File "C:\Python312\Lib\http\client.py", line 1331, in endheaders
2024-12-18 14:37:43 [ERROR] self._send_output(message_body, encode_chunked=encode_chunked)
2024-12-18 14:37:43 [ERROR] File "C:\Python312\Lib\http\client.py", line 1091, in _send_output
2024-12-18 14:37:43 [ERROR] self.send(msg)
2024-12-18 14:37:43 [ERROR] File "C:\Python312\Lib\http\client.py", line 1035, in send
2024-12-18 14:37:43 [ERROR] self.connect()
2024-12-18 14:37:43 [ERROR] File "C:\Python312\Lib\site-packages\urllib3\connection.py", line 279, in connect
2024-12-18 14:37:43 [ERROR] self.sock = self._new_conn()
2024-12-18 14:37:43 [ERROR] ^
2024-12-18 14:37:43 [ERROR] ^
2024-12-18 14:37:43 [ERROR] ^
2024-12-18 14:37:43 [ERROR] ^
2024-12-18 14:37:43 [ERROR] ^
2024-12-18 14:37:43 [ERROR] ^
2024-12-18 14:37:43 [ERROR] ^
2024-12-18 14:37:43 [ERROR] ^
2024-12-18 14:37:43 [ERROR] ^
2024-12-18 14:37:43 [ERROR] ^
2024-12-18 14:37:43 [ERROR] ^
2024-12-18 14:37:43 [ERROR] ^
2024-12-18 14:37:43 [ERROR] ^
2024-12-18 14:37:43 [ERROR] ^
2024-12-18 14:37:43 [ERROR] ^
2024-12-18 14:37:43 [ERROR] ^
2024-12-18 14:37:43 [ERROR] File "C:\Python312\Lib\site-packages\urllib3\connection.py", line 214, in _new_conn
2024-12-18 14:37:43 [ERROR] raise NewConnectionError(
2024-12-18 14:37:43 [ERROR] urllib3.exceptions
2024-12-18 14:37:43 [ERROR] .
2024-12-18 14:37:43 [ERROR] NewConnectionError
2024-12-18 14:37:43 [ERROR] :
2024-12-18 14:37:43 [ERROR] <urllib3.connection.HTTPConnection object at 0x0000022FE4021AF0>: Failed to establish a new connection: [WinError 10061] 無法連線，因為目標電腦拒絕連線。
2024-12-18 14:37:43 [ERROR] The above exception was the direct cause of the following exception:
2024-12-18 14:37:43 [ERROR] Traceback (most recent call last):
2024-12-18 14:37:43 [ERROR] File "C:\Python312\Lib\threading.py", line 1073, in _bootstrap_inner
2024-12-18 14:37:43 [ERROR] self.run()
2024-12-18 14:37:43 [ERROR] File "C:\Python312\Lib\threading.py", line 1010, in run
2024-12-18 14:37:43 [ERROR] self._target(*self._args, **self._kwargs)
2024-12-18 14:37:43 [ERROR] File "c:\Users\user\Desktop\SuChenAI\Factbook-RPA-clickurl\modules\task_monitor.py", line 29, in run
2024-12-18 14:37:43 [ERROR] self.check_for_unexpected_behavior(task_id, status)  # 檢查是否有非預期行為
2024-12-18 14:37:43 [ERROR] ^
2024-12-18 14:37:43 [ERROR] ^
2024-12-18 14:37:43 [ERROR] ^
2024-12-18 14:37:43 [ERROR] ^
2024-12-18 14:37:43 [ERROR] ^
2024-12-18 14:37:43 [ERROR] ^
2024-12-18 14:37:43 [ERROR] ^
2024-12-18 14:37:43 [ERROR] ^
2024-12-18 14:37:43 [ERROR] ^
2024-12-18 14:37:43 [ERROR] ^
2024-12-18 14:37:43 [ERROR] ^
2024-12-18 14:37:43 [ERROR] ^
2024-12-18 14:37:43 [ERROR] ^
2024-12-18 14:37:43 [ERROR] ^
2024-12-18 14:37:43 [ERROR] ^
2024-12-18 14:37:43 [ERROR] ^
2024-12-18 14:37:43 [ERROR] ^
2024-12-18 14:37:43 [ERROR] ^
2024-12-18 14:37:43 [ERROR] ^
2024-12-18 14:37:43 [ERROR] ^
2024-12-18 14:37:43 [ERROR] ^
2024-12-18 14:37:43 [ERROR] ^
2024-12-18 14:37:43 [ERROR] ^
2024-12-18 14:37:43 [ERROR] ^
2024-12-18 14:37:43 [ERROR] ^
2024-12-18 14:37:43 [ERROR] ^
2024-12-18 14:37:43 [ERROR] ^
2024-12-18 14:37:43 [ERROR] ^
2024-12-18 14:37:43 [ERROR] ^
2024-12-18 14:37:43 [ERROR] ^
2024-12-18 14:37:43 [ERROR] ^
2024-12-18 14:37:43 [ERROR] ^
2024-12-18 14:37:43 [ERROR] ^
2024-12-18 14:37:43 [ERROR] ^
2024-12-18 14:37:43 [ERROR] ^
2024-12-18 14:37:43 [ERROR] ^
2024-12-18 14:37:43 [ERROR] ^
2024-12-18 14:37:43 [ERROR] ^
2024-12-18 14:37:43 [ERROR] ^
2024-12-18 14:37:43 [ERROR] ^
2024-12-18 14:37:43 [ERROR] ^
2024-12-18 14:37:43 [ERROR] ^
2024-12-18 14:37:43 [ERROR] ^
2024-12-18 14:37:43 [ERROR] ^
2024-12-18 14:37:43 [ERROR] ^
2024-12-18 14:37:43 [ERROR] ^
2024-12-18 14:37:43 [ERROR] ^
2024-12-18 14:37:43 [ERROR] ^
2024-12-18 14:37:43 [ERROR] ^
2024-12-18 14:37:43 [ERROR] ^
2024-12-18 14:37:43 [ERROR] ^
2024-12-18 14:37:43 [ERROR] File "c:\Users\user\Desktop\SuChenAI\Factbook-RPA-clickurl\modules\task_monitor.py", line 80, in check_for_unexpected_behavior
2024-12-18 14:37:43 [ERROR] WebDriverWait(driver, 0.01).until(
2024-12-18 14:37:43 [ERROR] File "C:\Python312\Lib\site-packages\selenium\webdriver\support\wait.py", line 96, in until
2024-12-18 14:37:43 [ERROR] value = method(self._driver)
2024-12-18 14:37:43 [ERROR] ^
2024-12-18 14:37:43 [ERROR] ^
2024-12-18 14:37:43 [ERROR] ^
2024-12-18 14:37:43 [ERROR] ^
2024-12-18 14:37:43 [ERROR] ^
2024-12-18 14:37:43 [ERROR] ^
2024-12-18 14:37:43 [ERROR] ^
2024-12-18 14:37:43 [ERROR] ^
2024-12-18 14:37:43 [ERROR] ^
2024-12-18 14:37:43 [ERROR] ^
2024-12-18 14:37:43 [ERROR] ^
2024-12-18 14:37:43 [ERROR] ^
2024-12-18 14:37:43 [ERROR] ^
2024-12-18 14:37:43 [ERROR] ^
2024-12-18 14:37:43 [ERROR] ^
2024-12-18 14:37:43 [ERROR] ^
2024-12-18 14:37:43 [ERROR] ^
2024-12-18 14:37:43 [ERROR] ^
2024-12-18 14:37:43 [ERROR] ^
2024-12-18 14:37:43 [ERROR] ^
2024-12-18 14:37:43 [ERROR] File "C:\Python312\Lib\site-packages\selenium\webdriver\support\expected_conditions.py", line 84, in _predicate
2024-12-18 14:37:43 [ERROR] return driver.find_element(*locator)
2024-12-18 14:37:43 [ERROR] ^
2024-12-18 14:37:43 [ERROR] ^
2024-12-18 14:37:43 [ERROR] ^
2024-12-18 14:37:43 [ERROR] ^
2024-12-18 14:37:43 [ERROR] ^
2024-12-18 14:37:43 [ERROR] ^
2024-12-18 14:37:43 [ERROR] ^
2024-12-18 14:37:43 [ERROR] ^
2024-12-18 14:37:43 [ERROR] ^
2024-12-18 14:37:43 [ERROR] ^
2024-12-18 14:37:43 [ERROR] ^
2024-12-18 14:37:43 [ERROR] ^
2024-12-18 14:37:43 [ERROR] ^
2024-12-18 14:37:43 [ERROR] ^
2024-12-18 14:37:43 [ERROR] ^
2024-12-18 14:37:43 [ERROR] ^
2024-12-18 14:37:43 [ERROR] ^
2024-12-18 14:37:43 [ERROR] ^
2024-12-18 14:37:43 [ERROR] ^
2024-12-18 14:37:43 [ERROR] ^
2024-12-18 14:37:43 [ERROR] ^
2024-12-18 14:37:43 [ERROR] ^
2024-12-18 14:37:43 [ERROR] ^
2024-12-18 14:37:43 [ERROR] ^
2024-12-18 14:37:43 [ERROR] ^
2024-12-18 14:37:43 [ERROR] ^
2024-12-18 14:37:43 [ERROR] ^
2024-12-18 14:37:43 [ERROR] ^
2024-12-18 14:37:43 [ERROR] ^
2024-12-18 14:37:43 [ERROR] File "C:\Python312\Lib\site-packages\selenium\webdriver\remote\webdriver.py", line 770, in find_element
2024-12-18 14:37:43 [ERROR] return self.execute(Command.FIND_ELEMENT, {"using": by, "value": value})["value"]
2024-12-18 14:37:43 [ERROR] ^
2024-12-18 14:37:43 [ERROR] ^
2024-12-18 14:37:43 [ERROR] ^
2024-12-18 14:37:43 [ERROR] ^
2024-12-18 14:37:43 [ERROR] ^
2024-12-18 14:37:43 [ERROR] ^
2024-12-18 14:37:43 [ERROR] ^
2024-12-18 14:37:43 [ERROR] ^
2024-12-18 14:37:43 [ERROR] ^
2024-12-18 14:37:43 [ERROR] ^
2024-12-18 14:37:43 [ERROR] ^
2024-12-18 14:37:43 [ERROR] ^
2024-12-18 14:37:43 [ERROR] ^
2024-12-18 14:37:43 [ERROR] ^
2024-12-18 14:37:43 [ERROR] ^
2024-12-18 14:37:43 [ERROR] ^
2024-12-18 14:37:43 [ERROR] ^
2024-12-18 14:37:43 [ERROR] ^
2024-12-18 14:37:43 [ERROR] ^
2024-12-18 14:37:43 [ERROR] ^
2024-12-18 14:37:43 [ERROR] ^
2024-12-18 14:37:43 [ERROR] ^
2024-12-18 14:37:43 [ERROR] ^
2024-12-18 14:37:43 [ERROR] ^
2024-12-18 14:37:43 [ERROR] ^
2024-12-18 14:37:43 [ERROR] ^
2024-12-18 14:37:43 [ERROR] ^
2024-12-18 14:37:43 [ERROR] ^
2024-12-18 14:37:43 [ERROR] ^
2024-12-18 14:37:43 [ERROR] ^
2024-12-18 14:37:43 [ERROR] ^
2024-12-18 14:37:43 [ERROR] ^
2024-12-18 14:37:43 [ERROR] ^
2024-12-18 14:37:43 [ERROR] ^
2024-12-18 14:37:43 [ERROR] ^
2024-12-18 14:37:43 [ERROR] ^
2024-12-18 14:37:43 [ERROR] ^
2024-12-18 14:37:43 [ERROR] ^
2024-12-18 14:37:43 [ERROR] ^
2024-12-18 14:37:43 [ERROR] ^
2024-12-18 14:37:43 [ERROR] ^
2024-12-18 14:37:43 [ERROR] ^
2024-12-18 14:37:43 [ERROR] ^
2024-12-18 14:37:43 [ERROR] ^
2024-12-18 14:37:43 [ERROR] ^
2024-12-18 14:37:43 [ERROR] ^
2024-12-18 14:37:43 [ERROR] ^
2024-12-18 14:37:43 [ERROR] ^
2024-12-18 14:37:43 [ERROR] ^
2024-12-18 14:37:43 [ERROR] ^
2024-12-18 14:37:43 [ERROR] ^
2024-12-18 14:37:43 [ERROR] ^
2024-12-18 14:37:43 [ERROR] ^
2024-12-18 14:37:43 [ERROR] ^
2024-12-18 14:37:43 [ERROR] ^
2024-12-18 14:37:43 [ERROR] ^
2024-12-18 14:37:43 [ERROR] ^
2024-12-18 14:37:43 [ERROR] ^
2024-12-18 14:37:43 [ERROR] ^
2024-12-18 14:37:43 [ERROR] ^
2024-12-18 14:37:43 [ERROR] ^
2024-12-18 14:37:43 [ERROR] ^
2024-12-18 14:37:43 [ERROR] ^
2024-12-18 14:37:43 [ERROR] ^
2024-12-18 14:37:43 [ERROR] ^
2024-12-18 14:37:43 [ERROR] File "C:\Python312\Lib\site-packages\selenium\webdriver\remote\webdriver.py", line 382, in execute
2024-12-18 14:37:43 [ERROR] response = self.command_executor.execute(driver_command, params)
2024-12-18 14:37:43 [ERROR] ^
2024-12-18 14:37:43 [ERROR] ^
2024-12-18 14:37:43 [ERROR] ^
2024-12-18 14:37:43 [ERROR] ^
2024-12-18 14:37:43 [ERROR] ^
2024-12-18 14:37:43 [ERROR] ^
2024-12-18 14:37:43 [ERROR] ^
2024-12-18 14:37:43 [ERROR] ^
2024-12-18 14:37:43 [ERROR] ^
2024-12-18 14:37:43 [ERROR] ^
2024-12-18 14:37:43 [ERROR] ^
2024-12-18 14:37:43 [ERROR] ^
2024-12-18 14:37:43 [ERROR] ^
2024-12-18 14:37:43 [ERROR] ^
2024-12-18 14:37:43 [ERROR] ^
2024-12-18 14:37:43 [ERROR] ^
2024-12-18 14:37:43 [ERROR] ^
2024-12-18 14:37:43 [ERROR] ^
2024-12-18 14:37:43 [ERROR] ^
2024-12-18 14:37:43 [ERROR] ^
2024-12-18 14:37:43 [ERROR] ^
2024-12-18 14:37:43 [ERROR] ^
2024-12-18 14:37:43 [ERROR] ^
2024-12-18 14:37:43 [ERROR] ^
2024-12-18 14:37:43 [ERROR] ^
2024-12-18 14:37:43 [ERROR] ^
2024-12-18 14:37:43 [ERROR] ^
2024-12-18 14:37:43 [ERROR] ^
2024-12-18 14:37:43 [ERROR] ^
2024-12-18 14:37:43 [ERROR] ^
2024-12-18 14:37:43 [ERROR] ^
2024-12-18 14:37:43 [ERROR] ^
2024-12-18 14:37:43 [ERROR] ^
2024-12-18 14:37:43 [ERROR] ^
2024-12-18 14:37:43 [ERROR] ^
2024-12-18 14:37:43 [ERROR] ^
2024-12-18 14:37:43 [ERROR] ^
2024-12-18 14:37:43 [ERROR] ^
2024-12-18 14:37:43 [ERROR] ^
2024-12-18 14:37:43 [ERROR] ^
2024-12-18 14:37:43 [ERROR] ^
2024-12-18 14:37:43 [ERROR] ^
2024-12-18 14:37:43 [ERROR] ^
2024-12-18 14:37:43 [ERROR] ^
2024-12-18 14:37:43 [ERROR] ^
2024-12-18 14:37:43 [ERROR] ^
2024-12-18 14:37:43 [ERROR] ^
2024-12-18 14:37:43 [ERROR] ^
2024-12-18 14:37:43 [ERROR] ^
2024-12-18 14:37:43 [ERROR] ^
2024-12-18 14:37:43 [ERROR] ^
2024-12-18 14:37:43 [ERROR] ^
2024-12-18 14:37:43 [ERROR] ^
2024-12-18 14:37:43 [ERROR] File "C:\Python312\Lib\site-packages\selenium\webdriver\remote\remote_connection.py", line 404, in execute
2024-12-18 14:37:43 [ERROR] return self._request(command_info[0], url, body=data)
2024-12-18 14:37:43 [ERROR] ^
2024-12-18 14:37:43 [ERROR] ^
2024-12-18 14:37:43 [ERROR] ^
2024-12-18 14:37:43 [ERROR] ^
2024-12-18 14:37:43 [ERROR] ^
2024-12-18 14:37:43 [ERROR] ^
2024-12-18 14:37:43 [ERROR] ^
2024-12-18 14:37:43 [ERROR] ^
2024-12-18 14:37:43 [ERROR] ^
2024-12-18 14:37:43 [ERROR] ^
2024-12-18 14:37:43 [ERROR] ^
2024-12-18 14:37:43 [ERROR] ^
2024-12-18 14:37:43 [ERROR] ^
2024-12-18 14:37:43 [ERROR] ^
2024-12-18 14:37:43 [ERROR] ^
2024-12-18 14:37:43 [ERROR] ^
2024-12-18 14:37:43 [ERROR] ^
2024-12-18 14:37:43 [ERROR] ^
2024-12-18 14:37:43 [ERROR] ^
2024-12-18 14:37:43 [ERROR] ^
2024-12-18 14:37:43 [ERROR] ^
2024-12-18 14:37:43 [ERROR] ^
2024-12-18 14:37:43 [ERROR] ^
2024-12-18 14:37:43 [ERROR] ^
2024-12-18 14:37:43 [ERROR] ^
2024-12-18 14:37:43 [ERROR] ^
2024-12-18 14:37:43 [ERROR] ^
2024-12-18 14:37:43 [ERROR] ^
2024-12-18 14:37:43 [ERROR] ^
2024-12-18 14:37:43 [ERROR] ^
2024-12-18 14:37:43 [ERROR] ^
2024-12-18 14:37:43 [ERROR] ^
2024-12-18 14:37:43 [ERROR] ^
2024-12-18 14:37:43 [ERROR] ^
2024-12-18 14:37:43 [ERROR] ^
2024-12-18 14:37:43 [ERROR] ^
2024-12-18 14:37:43 [ERROR] ^
2024-12-18 14:37:43 [ERROR] ^
2024-12-18 14:37:43 [ERROR] ^
2024-12-18 14:37:43 [ERROR] ^
2024-12-18 14:37:43 [ERROR] ^
2024-12-18 14:37:43 [ERROR] ^
2024-12-18 14:37:43 [ERROR] ^
2024-12-18 14:37:43 [ERROR] ^
2024-12-18 14:37:43 [ERROR] ^
2024-12-18 14:37:43 [ERROR] ^
2024-12-18 14:37:43 [ERROR] File "C:\Python312\Lib\site-packages\selenium\webdriver\remote\remote_connection.py", line 428, in _request
2024-12-18 14:37:43 [ERROR] response = self._conn.request(method, url, body=body, headers=headers, timeout=self._client_config.timeout)
2024-12-18 14:37:43 [ERROR] ^
2024-12-18 14:37:43 [ERROR] ^
2024-12-18 14:37:43 [ERROR] ^
2024-12-18 14:37:43 [ERROR] ^
2024-12-18 14:37:43 [ERROR] ^
2024-12-18 14:37:43 [ERROR] ^
2024-12-18 14:37:43 [ERROR] ^
2024-12-18 14:37:43 [ERROR] ^
2024-12-18 14:37:43 [ERROR] ^
2024-12-18 14:37:43 [ERROR] ^
2024-12-18 14:37:43 [ERROR] ^
2024-12-18 14:37:43 [ERROR] ^
2024-12-18 14:37:43 [ERROR] ^
2024-12-18 14:37:43 [ERROR] ^
2024-12-18 14:37:43 [ERROR] ^
2024-12-18 14:37:43 [ERROR] ^
2024-12-18 14:37:43 [ERROR] ^
2024-12-18 14:37:43 [ERROR] ^
2024-12-18 14:37:43 [ERROR] ^
2024-12-18 14:37:43 [ERROR] ^
2024-12-18 14:37:43 [ERROR] ^
2024-12-18 14:37:43 [ERROR] ^
2024-12-18 14:37:43 [ERROR] ^
2024-12-18 14:37:43 [ERROR] ^
2024-12-18 14:37:43 [ERROR] ^
2024-12-18 14:37:43 [ERROR] ^
2024-12-18 14:37:43 [ERROR] ^
2024-12-18 14:37:43 [ERROR] ^
2024-12-18 14:37:43 [ERROR] ^
2024-12-18 14:37:43 [ERROR] ^
2024-12-18 14:37:43 [ERROR] ^
2024-12-18 14:37:43 [ERROR] ^
2024-12-18 14:37:43 [ERROR] ^
2024-12-18 14:37:43 [ERROR] ^
2024-12-18 14:37:43 [ERROR] ^
2024-12-18 14:37:43 [ERROR] ^
2024-12-18 14:37:43 [ERROR] ^
2024-12-18 14:37:43 [ERROR] ^
2024-12-18 14:37:43 [ERROR] ^
2024-12-18 14:37:43 [ERROR] ^
2024-12-18 14:37:43 [ERROR] ^
2024-12-18 14:37:43 [ERROR] ^
2024-12-18 14:37:43 [ERROR] ^
2024-12-18 14:37:43 [ERROR] ^
2024-12-18 14:37:43 [ERROR] ^
2024-12-18 14:37:43 [ERROR] ^
2024-12-18 14:37:43 [ERROR] ^
2024-12-18 14:37:43 [ERROR] ^
2024-12-18 14:37:43 [ERROR] ^
2024-12-18 14:37:43 [ERROR] ^
2024-12-18 14:37:43 [ERROR] ^
2024-12-18 14:37:43 [ERROR] ^
2024-12-18 14:37:43 [ERROR] ^
2024-12-18 14:37:43 [ERROR] ^
2024-12-18 14:37:43 [ERROR] ^
2024-12-18 14:37:43 [ERROR] ^
2024-12-18 14:37:43 [ERROR] ^
2024-12-18 14:37:43 [ERROR] ^
2024-12-18 14:37:43 [ERROR] ^
2024-12-18 14:37:43 [ERROR] ^
2024-12-18 14:37:43 [ERROR] ^
2024-12-18 14:37:43 [ERROR] ^
2024-12-18 14:37:43 [ERROR] ^
2024-12-18 14:37:43 [ERROR] ^
2024-12-18 14:37:43 [ERROR] ^
2024-12-18 14:37:43 [ERROR] ^
2024-12-18 14:37:43 [ERROR] ^
2024-12-18 14:37:43 [ERROR] ^
2024-12-18 14:37:43 [ERROR] ^
2024-12-18 14:37:43 [ERROR] ^
2024-12-18 14:37:43 [ERROR] ^
2024-12-18 14:37:43 [ERROR] ^
2024-12-18 14:37:43 [ERROR] ^
2024-12-18 14:37:43 [ERROR] ^
2024-12-18 14:37:43 [ERROR] ^
2024-12-18 14:37:43 [ERROR] ^
2024-12-18 14:37:43 [ERROR] ^
2024-12-18 14:37:43 [ERROR] ^
2024-12-18 14:37:43 [ERROR] ^
2024-12-18 14:37:43 [ERROR] ^
2024-12-18 14:37:43 [ERROR] ^
2024-12-18 14:37:43 [ERROR] ^
2024-12-18 14:37:43 [ERROR] ^
2024-12-18 14:37:43 [ERROR] ^
2024-12-18 14:37:43 [ERROR] ^
2024-12-18 14:37:43 [ERROR] ^
2024-12-18 14:37:43 [ERROR] ^
2024-12-18 14:37:43 [ERROR] ^
2024-12-18 14:37:43 [ERROR] ^
2024-12-18 14:37:43 [ERROR] ^
2024-12-18 14:37:43 [ERROR] ^
2024-12-18 14:37:43 [ERROR] ^
2024-12-18 14:37:43 [ERROR] ^
2024-12-18 14:37:43 [ERROR] ^
2024-12-18 14:37:43 [ERROR] ^
2024-12-18 14:37:43 [ERROR] ^
2024-12-18 14:37:43 [ERROR] File "C:\Python312\Lib\site-packages\urllib3\_request_methods.py", line 143, in request
2024-12-18 14:37:43 [ERROR] return self.request_encode_body(
2024-12-18 14:37:43 [ERROR] ^
2024-12-18 14:37:43 [ERROR] ^
2024-12-18 14:37:43 [ERROR] ^
2024-12-18 14:37:43 [ERROR] ^
2024-12-18 14:37:43 [ERROR] ^
2024-12-18 14:37:43 [ERROR] ^
2024-12-18 14:37:43 [ERROR] ^
2024-12-18 14:37:43 [ERROR] ^
2024-12-18 14:37:43 [ERROR] ^
2024-12-18 14:37:43 [ERROR] ^
2024-12-18 14:37:43 [ERROR] ^
2024-12-18 14:37:43 [ERROR] ^
2024-12-18 14:37:43 [ERROR] ^
2024-12-18 14:37:43 [ERROR] ^
2024-12-18 14:37:43 [ERROR] ^
2024-12-18 14:37:43 [ERROR] ^
2024-12-18 14:37:43 [ERROR] ^
2024-12-18 14:37:43 [ERROR] ^
2024-12-18 14:37:43 [ERROR] ^
2024-12-18 14:37:43 [ERROR] ^
2024-12-18 14:37:43 [ERROR] ^
2024-12-18 14:37:43 [ERROR] ^
2024-12-18 14:37:43 [ERROR] ^
2024-12-18 14:37:43 [ERROR] ^
2024-12-18 14:37:43 [ERROR] ^
2024-12-18 14:37:43 [ERROR] File "C:\Python312\Lib\site-packages\urllib3\_request_methods.py", line 278, in request_encode_body
2024-12-18 14:37:43 [ERROR] return self.urlopen(method, url, **extra_kw)
2024-12-18 14:37:43 [ERROR] ^
2024-12-18 14:37:43 [ERROR] ^
2024-12-18 14:37:43 [ERROR] ^
2024-12-18 14:37:43 [ERROR] ^
2024-12-18 14:37:43 [ERROR] ^
2024-12-18 14:37:43 [ERROR] ^
2024-12-18 14:37:43 [ERROR] ^
2024-12-18 14:37:43 [ERROR] ^
2024-12-18 14:37:43 [ERROR] ^
2024-12-18 14:37:43 [ERROR] ^
2024-12-18 14:37:43 [ERROR] ^
2024-12-18 14:37:43 [ERROR] ^
2024-12-18 14:37:43 [ERROR] ^
2024-12-18 14:37:43 [ERROR] ^
2024-12-18 14:37:43 [ERROR] ^
2024-12-18 14:37:43 [ERROR] ^
2024-12-18 14:37:43 [ERROR] ^
2024-12-18 14:37:43 [ERROR] ^
2024-12-18 14:37:43 [ERROR] ^
2024-12-18 14:37:43 [ERROR] ^
2024-12-18 14:37:43 [ERROR] ^
2024-12-18 14:37:43 [ERROR] ^
2024-12-18 14:37:43 [ERROR] ^
2024-12-18 14:37:43 [ERROR] ^
2024-12-18 14:37:43 [ERROR] ^
2024-12-18 14:37:43 [ERROR] ^
2024-12-18 14:37:43 [ERROR] ^
2024-12-18 14:37:43 [ERROR] ^
2024-12-18 14:37:43 [ERROR] ^
2024-12-18 14:37:43 [ERROR] ^
2024-12-18 14:37:43 [ERROR] ^
2024-12-18 14:37:43 [ERROR] ^
2024-12-18 14:37:43 [ERROR] ^
2024-12-18 14:37:43 [ERROR] ^
2024-12-18 14:37:43 [ERROR] ^
2024-12-18 14:37:43 [ERROR] ^
2024-12-18 14:37:43 [ERROR] ^
2024-12-18 14:37:43 [ERROR] File "C:\Python312\Lib\site-packages\urllib3\poolmanager.py", line 443, in urlopen
2024-12-18 14:37:43 [ERROR] response = conn.urlopen(method, u.request_uri, **kw)
2024-12-18 14:37:43 [ERROR] ^
2024-12-18 14:37:43 [ERROR] ^
2024-12-18 14:37:43 [ERROR] ^
2024-12-18 14:37:43 [ERROR] ^
2024-12-18 14:37:43 [ERROR] ^
2024-12-18 14:37:43 [ERROR] ^
2024-12-18 14:37:43 [ERROR] ^
2024-12-18 14:37:43 [ERROR] ^
2024-12-18 14:37:43 [ERROR] ^
2024-12-18 14:37:43 [ERROR] ^
2024-12-18 14:37:43 [ERROR] ^
2024-12-18 14:37:43 [ERROR] ^
2024-12-18 14:37:43 [ERROR] ^
2024-12-18 14:37:43 [ERROR] ^
2024-12-18 14:37:43 [ERROR] ^
2024-12-18 14:37:43 [ERROR] ^
2024-12-18 14:37:43 [ERROR] ^
2024-12-18 14:37:43 [ERROR] ^
2024-12-18 14:37:43 [ERROR] ^
2024-12-18 14:37:43 [ERROR] ^
2024-12-18 14:37:43 [ERROR] ^
2024-12-18 14:37:43 [ERROR] ^
2024-12-18 14:37:43 [ERROR] ^
2024-12-18 14:37:43 [ERROR] ^
2024-12-18 14:37:43 [ERROR] ^
2024-12-18 14:37:43 [ERROR] ^
2024-12-18 14:37:43 [ERROR] ^
2024-12-18 14:37:43 [ERROR] ^
2024-12-18 14:37:43 [ERROR] ^
2024-12-18 14:37:43 [ERROR] ^
2024-12-18 14:37:43 [ERROR] ^
2024-12-18 14:37:43 [ERROR] ^
2024-12-18 14:37:43 [ERROR] ^
2024-12-18 14:37:43 [ERROR] ^
2024-12-18 14:37:43 [ERROR] ^
2024-12-18 14:37:43 [ERROR] ^
2024-12-18 14:37:43 [ERROR] ^
2024-12-18 14:37:43 [ERROR] ^
2024-12-18 14:37:43 [ERROR] ^
2024-12-18 14:37:43 [ERROR] ^
2024-12-18 14:37:43 [ERROR] ^
2024-12-18 14:37:43 [ERROR] File "C:\Python312\Lib\site-packages\urllib3\connectionpool.py", line 873, in urlopen
2024-12-18 14:37:43 [ERROR] return self.urlopen(
2024-12-18 14:37:43 [ERROR] ^
2024-12-18 14:37:43 [ERROR] ^
2024-12-18 14:37:43 [ERROR] ^
2024-12-18 14:37:43 [ERROR] ^
2024-12-18 14:37:43 [ERROR] ^
2024-12-18 14:37:43 [ERROR] ^
2024-12-18 14:37:43 [ERROR] ^
2024-12-18 14:37:43 [ERROR] ^
2024-12-18 14:37:43 [ERROR] ^
2024-12-18 14:37:43 [ERROR] ^
2024-12-18 14:37:43 [ERROR] ^
2024-12-18 14:37:43 [ERROR] ^
2024-12-18 14:37:43 [ERROR] ^
2024-12-18 14:37:43 [ERROR] File "C:\Python312\Lib\site-packages\urllib3\connectionpool.py", line 873, in urlopen
2024-12-18 14:37:43 [ERROR] return self.urlopen(
2024-12-18 14:37:43 [ERROR] ^
2024-12-18 14:37:43 [ERROR] ^
2024-12-18 14:37:43 [ERROR] ^
2024-12-18 14:37:43 [ERROR] ^
2024-12-18 14:37:43 [ERROR] ^
2024-12-18 14:37:43 [ERROR] ^
2024-12-18 14:37:43 [ERROR] ^
2024-12-18 14:37:43 [ERROR] ^
2024-12-18 14:37:43 [ERROR] ^
2024-12-18 14:37:43 [ERROR] ^
2024-12-18 14:37:43 [ERROR] ^
2024-12-18 14:37:43 [ERROR] ^
2024-12-18 14:37:43 [ERROR] ^
2024-12-18 14:37:43 [ERROR] File "C:\Python312\Lib\site-packages\urllib3\connectionpool.py", line 873, in urlopen
2024-12-18 14:37:43 [ERROR] return self.urlopen(
2024-12-18 14:37:43 [ERROR] ^
2024-12-18 14:37:43 [ERROR] ^
2024-12-18 14:37:43 [ERROR] ^
2024-12-18 14:37:43 [ERROR] ^
2024-12-18 14:37:43 [ERROR] ^
2024-12-18 14:37:43 [ERROR] ^
2024-12-18 14:37:43 [ERROR] ^
2024-12-18 14:37:43 [ERROR] ^
2024-12-18 14:37:43 [ERROR] ^
2024-12-18 14:37:43 [ERROR] ^
2024-12-18 14:37:43 [ERROR] ^
2024-12-18 14:37:43 [ERROR] ^
2024-12-18 14:37:43 [ERROR] ^
2024-12-18 14:37:43 [ERROR] File "C:\Python312\Lib\site-packages\urllib3\connectionpool.py", line 843, in urlopen
2024-12-18 14:37:43 [ERROR] retries = retries.increment(
2024-12-18 14:37:43 [ERROR] ^
2024-12-18 14:37:43 [ERROR] ^
2024-12-18 14:37:43 [ERROR] ^
2024-12-18 14:37:43 [ERROR] ^
2024-12-18 14:37:43 [ERROR] ^
2024-12-18 14:37:43 [ERROR] ^
2024-12-18 14:37:43 [ERROR] ^
2024-12-18 14:37:43 [ERROR] ^
2024-12-18 14:37:43 [ERROR] ^
2024-12-18 14:37:43 [ERROR] ^
2024-12-18 14:37:43 [ERROR] ^
2024-12-18 14:37:43 [ERROR] ^
2024-12-18 14:37:43 [ERROR] ^
2024-12-18 14:37:43 [ERROR] ^
2024-12-18 14:37:43 [ERROR] ^
2024-12-18 14:37:43 [ERROR] ^
2024-12-18 14:37:43 [ERROR] ^
2024-12-18 14:37:43 [ERROR] ^
2024-12-18 14:37:43 [ERROR] File "C:\Python312\Lib\site-packages\urllib3\util\retry.py", line 519, in increment
2024-12-18 14:37:43 [ERROR] raise MaxRetryError(_pool, url, reason) from reason  # type: ignore[arg-type]
2024-12-18 14:37:43 [ERROR] ^
2024-12-18 14:37:43 [ERROR] ^
2024-12-18 14:37:43 [ERROR] ^
2024-12-18 14:37:43 [ERROR] ^
2024-12-18 14:37:43 [ERROR] ^
2024-12-18 14:37:43 [ERROR] ^
2024-12-18 14:37:43 [ERROR] ^
2024-12-18 14:37:43 [ERROR] ^
2024-12-18 14:37:43 [ERROR] ^
2024-12-18 14:37:43 [ERROR] ^
2024-12-18 14:37:43 [ERROR] ^
2024-12-18 14:37:43 [ERROR] ^
2024-12-18 14:37:43 [ERROR] ^
2024-12-18 14:37:43 [ERROR] ^
2024-12-18 14:37:43 [ERROR] ^
2024-12-18 14:37:43 [ERROR] ^
2024-12-18 14:37:43 [ERROR] ^
2024-12-18 14:37:43 [ERROR] ^
2024-12-18 14:37:43 [ERROR] ^
2024-12-18 14:37:43 [ERROR] ^
2024-12-18 14:37:43 [ERROR] ^
2024-12-18 14:37:43 [ERROR] ^
2024-12-18 14:37:43 [ERROR] ^
2024-12-18 14:37:43 [ERROR] ^
2024-12-18 14:37:43 [ERROR] ^
2024-12-18 14:37:43 [ERROR] ^
2024-12-18 14:37:43 [ERROR] ^
2024-12-18 14:37:43 [ERROR] ^
2024-12-18 14:37:43 [ERROR] ^
2024-12-18 14:37:43 [ERROR] ^
2024-12-18 14:37:43 [ERROR] ^
2024-12-18 14:37:43 [ERROR] ^
2024-12-18 14:37:43 [ERROR] ^
2024-12-18 14:37:43 [ERROR] ^
2024-12-18 14:37:43 [ERROR] ^
2024-12-18 14:37:43 [ERROR] ^
2024-12-18 14:37:43 [ERROR] ^
2024-12-18 14:37:43 [ERROR] ^
2024-12-18 14:37:43 [ERROR] ^
2024-12-18 14:37:43 [ERROR] ^
2024-12-18 14:37:43 [ERROR] ^
2024-12-18 14:37:43 [ERROR] ^
2024-12-18 14:37:43 [ERROR] ^
2024-12-18 14:37:43 [ERROR] ^
2024-12-18 14:37:43 [ERROR] ^
2024-12-18 14:37:43 [ERROR] ^
2024-12-18 14:37:43 [ERROR] ^
2024-12-18 14:37:43 [ERROR] ^
2024-12-18 14:37:43 [ERROR] ^
2024-12-18 14:37:43 [ERROR] ^
2024-12-18 14:37:43 [ERROR] ^
2024-12-18 14:37:43 [ERROR] urllib3.exceptions
2024-12-18 14:37:43 [ERROR] .
2024-12-18 14:37:43 [ERROR] MaxRetryError
2024-12-18 14:37:43 [ERROR] :
2024-12-18 14:37:43 [ERROR] HTTPConnectionPool(host='localhost', port=51438): Max retries exceeded with url: /session/0e4d61e2-b3df-4338-b416-8ad34791f3be/element (Caused by NewConnectionError('<urllib3.connection.HTTPConnection object at 0x0000022FE4021AF0>: Failed to establish a new connection: [WinError 10061] 無法連線，因為目標電腦拒絕連線。'))
2024-12-18 14:37:43 [INFO] Worker 12: 向下滑動: 367 像素，並等待 4.694149644405033 秒
2024-12-18 14:37:44 [INFO] Worker 14: 向下滑動: 269 像素，並等待 4.262302600143424 秒
2024-12-18 14:37:47 [INFO] Worker 12: 向下滑動: 347 像素，並等待 3.1582012736676117 秒
2024-12-18 14:37:48 [INFO] Worker 14: 向下滑動: 338 像素，並等待 4.196235440431655 秒
2024-12-18 14:37:51 [INFO] Worker 12: 向下滑動: 301 像素，並等待 4.242101782056421 秒
2024-12-18 14:37:53 [INFO] Worker 14: 向下滑動: 262 像素，並等待 4.5977582777186 秒
2024-12-18 14:37:53 [INFO] Worker 12: 帳號 66954958462 的任務已結束
2024-12-18 14:37:55 [INFO] Worker 14: 帳號 66823121944 的任務已結束
