2024-12-18 10:20:11 [INFO] 請選擇您要使用的 Excel 檔案...
2024-12-18 10:20:15 [INFO] 選擇的 Excel 檔案路徑：C:/Users/user/Desktop/SuChenAI/Factbook-RPA-clickurl/data/fb_account_data_test.xlsx
2024-12-18 10:20:15 [INFO] 請輸入最大多開數量 (1-10，預設為 1):
2024-12-18 10:20:19 [INFO] 最大多開數量已設定為：1
2024-12-18 10:20:19 [INFO] 螢幕寬度：2560，螢幕高度：1440，縮放比例：1.5
2024-12-18 10:20:19 [INFO] navigates : [{'url': 'https://www.facebook.com/share/18QgQ2Y2dz/', 'out_url': 'https://japanticket.com/prestige/tw/hokkaido/?fbclid=IwY2xjawHOKBpleHRuA2FlbQIxMAABHaGHzkUa9Xrj3SjatXaC9Yb4VFZXJHVNg6UjonFymwRNzb_q9RvBc3yZxA_aem_RLkYjGlaRRosmk8r7xkD4g#utm_source=prestige_tw_fb&utm_medium=social&utm_campaign=hokkaido_tour_tw_fb', 'action': True}]
2024-12-18 10:20:19 [INFO] navigates : [{'url': 'https://www.facebook.com/share/18QgQ2Y2dz/', 'out_url': 'https://japanticket.com/prestige/tw/hokkaido/?fbclid=IwY2xjawHOKBpleHRuA2FlbQIxMAABHaGHzkUa9Xrj3SjatXaC9Yb4VFZXJHVNg6UjonFymwRNzb_q9RvBc3yZxA_aem_RLkYjGlaRRosmk8r7xkD4g#utm_source=prestige_tw_fb&utm_medium=social&utm_campaign=hokkaido_tour_tw_fb', 'action': True}]
2024-12-18 10:20:19 [INFO] 開始處理跳轉帳號...
2024-12-18 10:20:19 [INFO] Worker 1: 開始處理帳號 66634899161
2024-12-18 10:20:19 [INFO] 開始監控任務狀態...
2024-12-18 10:20:26 [INFO] Worker 1: 代理 kamoney03.ddns.net:24004 設置成功
2024-12-18 10:20:27 [INFO] Worker 1: Cookies 已加載成功: cookies\66634899161_cookies.json
2024-12-18 10:20:31 [INFO] Worker 1: 帳號 66634899161 使用 cookies 成功登入
2024-12-18 10:20:31 [INFO] Worker 1: 登錄成功，開始處理帳號 66634899161 的操作...
2024-12-18 10:20:31 [INFO] Worker 1: 開始跳轉操作...
2024-12-18 10:20:31 [INFO] url : https://www.facebook.com/share/18QgQ2Y2dz/
2024-12-18 10:20:31 [INFO] out_url : https://japanticket.com/prestige/tw/hokkaido/?fbclid=IwY2xjawHOKBpleHRuA2FlbQIxMAABHaGHzkUa9Xrj3SjatXaC9Yb4VFZXJHVNg6UjonFymwRNzb_q9RvBc3yZxA_aem_RLkYjGlaRRosmk8r7xkD4g#utm_source=prestige_tw_fb&utm_medium=social&utm_campaign=hokkaido_tour_tw_fb
2024-12-18 10:20:31 [INFO] Worker 1: 正在開啟貼文: https://www.facebook.com/share/18QgQ2Y2dz/
2024-12-18 10:20:33 [INFO] Worker 1 隨機停留 6 秒
2024-12-18 10:20:40 [INFO] Worker 1: 成功按讚
2024-12-18 10:20:40 [INFO] Worker 1 按讚後隨機停留 4 秒
2024-12-18 10:20:48 [INFO] Worker 1 隨機停留時間: 102 秒
2024-12-18 10:20:48 [INFO] Worker 1: 向下滑動: 325 像素
2024-12-18 10:20:51 [INFO] Worker 1: 向下滑動: 325 像素
2024-12-18 10:20:54 [INFO] Worker 1: 向下滑動: 273 像素
2024-12-18 10:20:59 [INFO] Worker 1: 向下滑動: 277 像素
2024-12-18 10:21:03 [INFO] Worker 1: 向下滑動: 294 像素
2024-12-18 10:21:07 [INFO] Worker 1: 向下滑動: 210 像素
2024-12-18 10:21:12 [INFO] Worker 1: 向下滑動: 330 像素
2024-12-18 10:21:16 [INFO] Worker 1: 向下滑動: 204 像素
2024-12-18 10:21:20 [INFO] Worker 1: 向下滑動: 272 像素
2024-12-18 10:21:24 [INFO] Worker 1: 向下滑動: 245 像素
2024-12-18 10:21:28 [INFO] Worker 1: 向下滑動: 370 像素
2024-12-18 10:21:32 [INFO] Worker 1: 向下滑動: 395 像素
2024-12-18 10:21:35 [INFO] Worker 1: 向下滑動: 264 像素
2024-12-18 10:21:39 [INFO] Worker 1: 向下滑動: 214 像素
2024-12-18 10:21:44 [INFO] Worker 1: 向下滑動: 209 像素
2024-12-18 10:21:47 [INFO] Worker 1: 向下滑動: 306 像素
2024-12-18 10:21:52 [INFO] Worker 1: 向下滑動: 321 像素
2024-12-18 10:21:57 [INFO] Worker 1: 向下滑動: 230 像素
2024-12-18 10:22:02 [INFO] Worker 1: 向下滑動: 291 像素
2024-12-18 10:22:05 [INFO] Worker 1: 向下滑動: 367 像素
2024-12-18 10:22:10 [INFO] Worker 1: 向下滑動: 354 像素
2024-12-18 10:22:14 [INFO] Worker 1: 向下滑動: 356 像素
2024-12-18 10:22:18 [INFO] Worker 1: 向下滑動: 315 像素
2024-12-18 10:22:23 [INFO] Worker 1: 向下滑動: 386 像素
2024-12-18 10:22:27 [INFO] Worker 1: 向下滑動: 387 像素
2024-12-18 10:22:34 [INFO] Worker 1: 瀏覽器已關閉，任務已完成
2024-12-18 10:22:34 [INFO] Worker 1: 帳號 66634899161 的任務已結束
2024-12-18 10:22:34 [INFO] Worker 2: 開始處理帳號 66637943259
2024-12-18 10:22:41 [INFO] Worker 2: 代理 kamoney03.ddns.net:24003 設置成功
2024-12-18 10:22:42 [INFO] Worker 2: Cookies 已加載成功: cookies\66637943259_cookies.json
2024-12-18 10:22:44 [INFO] Worker 2: 帳號 66637943259 使用 cookies 成功登入
2024-12-18 10:22:44 [INFO] Worker 2: 登錄成功，開始處理帳號 66637943259 的操作...
2024-12-18 10:22:44 [INFO] Worker 2: 開始跳轉操作...
2024-12-18 10:22:44 [INFO] url : https://www.facebook.com/share/18QgQ2Y2dz/
2024-12-18 10:22:44 [INFO] out_url : https://japanticket.com/prestige/tw/hokkaido/?fbclid=IwY2xjawHOKBpleHRuA2FlbQIxMAABHaGHzkUa9Xrj3SjatXaC9Yb4VFZXJHVNg6UjonFymwRNzb_q9RvBc3yZxA_aem_RLkYjGlaRRosmk8r7xkD4g#utm_source=prestige_tw_fb&utm_medium=social&utm_campaign=hokkaido_tour_tw_fb
2024-12-18 10:22:44 [INFO] Worker 2: 正在開啟貼文: https://www.facebook.com/share/18QgQ2Y2dz/
2024-12-18 10:22:47 [INFO] Worker 2 隨機停留 6 秒
2024-12-18 10:22:53 [INFO] Worker 2: 成功按讚
2024-12-18 10:22:53 [INFO] Worker 2 按讚後隨機停留 4 秒
2024-12-18 10:23:01 [INFO] Worker 2 隨機停留時間: 91 秒
2024-12-18 10:23:01 [INFO] Worker 2: 向下滑動: 244 像素
2024-12-18 10:23:06 [INFO] Worker 2: 向下滑動: 245 像素
2024-12-18 10:23:10 [INFO] Worker 2: 向下滑動: 288 像素
2024-12-18 10:23:13 [INFO] Worker 2: 向下滑動: 369 像素
2024-12-18 10:23:17 [INFO] Worker 2: 向下滑動: 313 像素
2024-12-18 10:23:22 [INFO] Worker 2: 向下滑動: 385 像素
2024-12-18 10:23:26 [INFO] Worker 2: 向下滑動: 283 像素
2024-12-18 10:23:30 [INFO] Worker 2: 向下滑動: 239 像素
2024-12-18 10:23:35 [INFO] Worker 2: 向下滑動: 394 像素
2024-12-18 10:23:38 [INFO] Worker 2: 向下滑動: 247 像素
2024-12-18 10:23:43 [INFO] Worker 2: 向下滑動: 240 像素
2024-12-18 10:23:47 [INFO] Worker 2: 向下滑動: 341 像素
2024-12-18 10:23:51 [INFO] Worker 2: 向下滑動: 331 像素
2024-12-18 10:23:54 [INFO] Worker 2: 向下滑動: 375 像素
2024-12-18 10:23:59 [INFO] Worker 2: 向下滑動: 271 像素
2024-12-18 10:24:04 [INFO] Worker 2: 向下滑動: 396 像素
2024-12-18 10:24:08 [INFO] Worker 2: 向下滑動: 292 像素
2024-12-18 10:24:12 [INFO] Worker 2: 向下滑動: 324 像素
2024-12-18 10:24:16 [INFO] Worker 2: 向下滑動: 319 像素
2024-12-18 10:24:20 [INFO] Worker 2: 向下滑動: 312 像素
2024-12-18 10:24:24 [INFO] Worker 2: 向下滑動: 245 像素
2024-12-18 10:24:28 [INFO] Worker 2: 向下滑動: 320 像素
2024-12-18 10:24:35 [INFO] Worker 2: 瀏覽器已關閉，任務已完成
2024-12-18 10:24:36 [INFO] Worker 2: 帳號 66637943259 的任務已結束
