2024-12-18 14:21:48 [INFO] 請選擇您要使用的 Excel 檔案...
2024-12-18 14:21:51 [INFO] 選擇的 Excel 檔案路徑：C:/Users/user/Desktop/SuChenAI/Factbook-RPA-clickurl/data/fb_account_data_test.xlsx
2024-12-18 14:21:51 [INFO] 請輸入最大多開數量 (1-10，預設為 1):
2024-12-18 14:21:53 [INFO] 最大多開數量已設定為：8
2024-12-18 14:21:53 [INFO] 螢幕寬度：2560，螢幕高度：1440，縮放比例：1.5
2024-12-18 14:21:54 [INFO] 開始處理跳轉帳號...
2024-12-18 14:21:54 [INFO] Worker 1: 開始處理帳號 66634899161
2024-12-18 14:21:54 [INFO] Worker 2: 開始處理帳號 66637943259
2024-12-18 14:21:54 [INFO] Worker 3: 開始處理帳號 66634899161
2024-12-18 14:21:54 [INFO] Worker 4: 開始處理帳號 66637943259
2024-12-18 14:21:54 [INFO] Worker 5: 開始處理帳號 66619622845
2024-12-18 14:21:54 [INFO] Worker 6: 開始處理帳號 66935324825
2024-12-18 14:21:54 [INFO] Worker 7: 開始處理帳號 66990183891
2024-12-18 14:21:54 [INFO] Worker 8: 開始處理帳號 66823237283
2024-12-18 14:21:54 [INFO] 開始監控任務狀態...
2024-12-18 14:22:02 [INFO] Worker 4: 代理 kamoney03.ddns.net:24003 設置成功
2024-12-18 14:22:02 [INFO] Worker 5: 代理 kamoney03.ddns.net:24005 設置成功
2024-12-18 14:22:03 [INFO] Worker 2: 代理 kamoney03.ddns.net:24003 設置成功
2024-12-18 14:22:04 [INFO] Worker 7: 代理 kamoney03.ddns.net:24001 設置成功
2024-12-18 14:22:04 [INFO] Worker 3: 代理 kamoney03.ddns.net:24004 設置成功
2024-12-18 14:22:05 [INFO] Worker 1: 代理 kamoney03.ddns.net:24004 設置成功
2024-12-18 14:22:05 [INFO] Worker 8: 代理 kamoney03.ddns.net:24008 設置成功
2024-12-18 14:22:06 [INFO] Worker 6: 代理 kamoney03.ddns.net:24006 設置成功
2024-12-18 14:22:07 [INFO] Worker 8: Cookies 已加載成功: cookies\66823237283_cookies.json
2024-12-18 14:22:07 [INFO] Worker 6: Cookies 已加載成功: cookies\66935324825_cookies.json
2024-12-18 14:22:07 [INFO] Worker 2: Cookies 已加載成功: cookies\66637943259_cookies.json
2024-12-18 14:22:07 [INFO] Worker 4: Cookies 已加載成功: cookies\66637943259_cookies.json
2024-12-18 14:22:08 [INFO] Worker 1: Cookies 已加載成功: cookies\66634899161_cookies.json
2024-12-18 14:22:08 [INFO] Worker 3: Cookies 已加載成功: cookies\66634899161_cookies.json
2024-12-18 14:22:08 [INFO] Worker 5: Cookies 已加載成功: cookies\66619622845_cookies.json
2024-12-18 14:22:08 [INFO] Worker 7: Cookies 已加載成功: cookies\66990183891_cookies.json
2024-12-18 14:22:10 [INFO] Worker 8: 帳號 66823237283 使用 cookies 成功登入
2024-12-18 14:22:10 [INFO] Worker 8: 登錄成功，開始處理帳號 66823237283 的操作...
2024-12-18 14:22:10 [INFO] Worker 8: 開始跳轉操作...
2024-12-18 14:22:10 [INFO] Worker 8: 正在開啟貼文: https://www.facebook.com/share/1HAVpvaRDF/
2024-12-18 14:22:10 [INFO] Worker 6: 帳號 66935324825 使用 cookies 成功登入
2024-12-18 14:22:10 [INFO] Worker 6: 登錄成功，開始處理帳號 66935324825 的操作...
2024-12-18 14:22:10 [INFO] Worker 6: 開始跳轉操作...
2024-12-18 14:22:10 [INFO] Worker 6: 正在開啟貼文: https://www.facebook.com/share/1HAVpvaRDF/
2024-12-18 14:22:10 [INFO] Worker 2: 帳號 66637943259 使用 cookies 成功登入
2024-12-18 14:22:10 [INFO] Worker 2: 登錄成功，開始處理帳號 66637943259 的操作...
2024-12-18 14:22:10 [INFO] Worker 2: 開始跳轉操作...
2024-12-18 14:22:10 [INFO] Worker 2: 正在開啟貼文: https://www.facebook.com/share/1HAVpvaRDF/
2024-12-18 14:22:10 [INFO] Worker 4: 帳號 66637943259 使用 cookies 成功登入
2024-12-18 14:22:10 [INFO] Worker 4: 登錄成功，開始處理帳號 66637943259 的操作...
2024-12-18 14:22:10 [INFO] Worker 4: 開始跳轉操作...
2024-12-18 14:22:10 [INFO] Worker 4: 正在開啟貼文: https://www.facebook.com/share/1HAVpvaRDF/
2024-12-18 14:22:11 [INFO] Worker 1: 帳號 66634899161 使用 cookies 成功登入
2024-12-18 14:22:11 [INFO] Worker 1: 登錄成功，開始處理帳號 66634899161 的操作...
2024-12-18 14:22:11 [INFO] Worker 1: 開始跳轉操作...
2024-12-18 14:22:11 [INFO] Worker 1: 正在開啟貼文: https://www.facebook.com/share/1HAVpvaRDF/
2024-12-18 14:22:13 [INFO] Worker 2 隨機停留 6 秒
2024-12-18 14:22:14 [INFO] Worker 6 隨機停留 8 秒
2024-12-18 14:22:14 [INFO] Worker 5: 帳號 66619622845 使用 cookies 成功登入
2024-12-18 14:22:14 [INFO] Worker 5: 登錄成功，開始處理帳號 66619622845 的操作...
2024-12-18 14:22:14 [INFO] Worker 5: 開始跳轉操作...
2024-12-18 14:22:14 [INFO] Worker 5: 正在開啟貼文: https://www.facebook.com/share/1HAVpvaRDF/
2024-12-18 14:22:14 [INFO] Worker 8 隨機停留 7 秒
2024-12-18 14:22:14 [INFO] Worker 4 隨機停留 6 秒
2024-12-18 14:22:15 [INFO] Worker 7: 帳號 66990183891 使用 cookies 成功登入
2024-12-18 14:22:15 [INFO] Worker 7: 登錄成功，開始處理帳號 66990183891 的操作...
2024-12-18 14:22:15 [INFO] Worker 7: 開始跳轉操作...
2024-12-18 14:22:15 [INFO] Worker 7: 正在開啟貼文: https://www.facebook.com/share/1HAVpvaRDF/
2024-12-18 14:22:17 [INFO] Worker 3: 帳號 66634899161 使用 cookies 成功登入
2024-12-18 14:22:17 [INFO] Worker 3: 登錄成功，開始處理帳號 66634899161 的操作...
2024-12-18 14:22:17 [INFO] Worker 3: 開始跳轉操作...
2024-12-18 14:22:17 [INFO] Worker 3: 正在開啟貼文: https://www.facebook.com/share/1HAVpvaRDF/
2024-12-18 14:22:17 [INFO] Worker 1 隨機停留 7 秒
2024-12-18 14:22:19 [INFO] Worker 7 隨機停留 6 秒
2024-12-18 14:22:20 [INFO] Worker 5 隨機停留 8 秒
2024-12-18 14:22:20 [INFO] Worker 2: 貼文已按過讚，無需重複操作
2024-12-18 14:22:20 [INFO] Worker 2 按讚後隨機停留 3 秒
2024-12-18 14:22:20 [INFO] Worker 3 隨機停留 7 秒
2024-12-18 14:22:23 [INFO] Worker 2: 正在開啟網站: https://lihi.cc/fCuUd
2024-12-18 14:22:24 [INFO] Worker 6: 貼文已按過讚，無需重複操作
2024-12-18 14:22:24 [INFO] Worker 6 按讚後隨機停留 5 秒
2024-12-18 14:22:24 [INFO] Worker 8: 貼文已按過讚，無需重複操作
2024-12-18 14:22:24 [INFO] Worker 8 按讚後隨機停留 3 秒
2024-12-18 14:22:27 [INFO] Worker 2 隨機停留時間: 160 秒
2024-12-18 14:22:27 [INFO] Worker 7: 貼文已按過讚，無需重複操作
2024-12-18 14:22:27 [INFO] Worker 7 按讚後隨機停留 5 秒
2024-12-18 14:22:27 [INFO] Worker 8: 正在開啟網站: https://lihi.cc/fCuUd
2024-12-18 14:22:27 [INFO] Worker 4: 貼文已按過讚，無需重複操作
2024-12-18 14:22:27 [INFO] Worker 4 按讚後隨機停留 4 秒
2024-12-18 14:22:28 [INFO] Worker 5: 貼文已按過讚，無需重複操作
2024-12-18 14:22:28 [INFO] Worker 5 按讚後隨機停留 5 秒
2024-12-18 14:22:29 [INFO] Worker 1: 貼文已按過讚，無需重複操作
2024-12-18 14:22:29 [INFO] Worker 1 按讚後隨機停留 3 秒
2024-12-18 14:22:29 [INFO] Worker 6: 正在開啟網站: https://lihi.cc/fCuUd
2024-12-18 14:22:30 [INFO] Worker 2: 向下滑動: 260 像素，並等待 3.3789837756518466 秒
2024-12-18 14:22:31 [INFO] Worker 4: 正在開啟網站: https://lihi.cc/fCuUd
2024-12-18 14:22:32 [INFO] Worker 1: 正在開啟網站: https://lihi.cc/fCuUd
2024-12-18 14:22:32 [INFO] Worker 7: 正在開啟網站: https://lihi.cc/fCuUd
2024-12-18 14:22:32 [INFO] Worker 3: 貼文已按過讚，無需重複操作
2024-12-18 14:22:32 [INFO] Worker 3 按讚後隨機停留 4 秒
2024-12-18 14:22:33 [INFO] Worker 5: 正在開啟網站: https://lihi.cc/fCuUd
2024-12-18 14:22:33 [INFO] Worker 2: 向下滑動: 382 像素，並等待 3.0308761764743877 秒
2024-12-18 14:22:34 [INFO] Worker 6 隨機停留時間: 144 秒
2024-12-18 14:22:34 [INFO] Worker 8 隨機停留時間: 190 秒
2024-12-18 14:22:35 [INFO] Worker 4 隨機停留時間: 197 秒
2024-12-18 14:22:36 [INFO] Worker 1 隨機停留時間: 159 秒
2024-12-18 14:22:36 [INFO] Worker 7 隨機停留時間: 195 秒
2024-12-18 14:22:36 [INFO] Worker 3: 正在開啟網站: https://lihi.cc/fCuUd
2024-12-18 14:22:37 [INFO] Worker 5 隨機停留時間: 174 秒
2024-12-18 14:22:38 [INFO] Worker 2: 向下滑動: 379 像素，並等待 4.093782292490394 秒
2024-12-18 14:22:38 [INFO] Worker 8: 向下滑動: 284 像素，並等待 3.884096092717333 秒
2024-12-18 14:22:39 [INFO] Worker 6: 向下滑動: 317 像素，並等待 4.530230412222239 秒
2024-12-18 14:22:39 [INFO] Worker 4: 向下滑動: 292 像素，並等待 3.7149750563668746 秒
2024-12-18 14:22:39 [INFO] Worker 3 隨機停留時間: 195 秒
2024-12-18 14:22:39 [INFO] Worker 1: 向下滑動: 318 像素，並等待 3.270570383135816 秒
2024-12-18 14:22:40 [INFO] Worker 5: 向下滑動: 238 像素，並等待 3.202234095020968 秒
2024-12-18 14:22:40 [INFO] Worker 7: 向下滑動: 227 像素，並等待 4.001542708883657 秒
2024-12-18 14:22:42 [INFO] Worker 6: 向下滑動: 294 像素，並等待 3.5091727611828682 秒
2024-12-18 14:22:42 [INFO] Worker 8: 向下滑動: 260 像素，並等待 3.97450462014916 秒
2024-12-18 14:22:42 [INFO] Worker 2: 向下滑動: 210 像素，並等待 4.911388859488717 秒
2024-12-18 14:22:43 [INFO] Worker 4: 向下滑動: 342 像素，並等待 4.165078156781324 秒
2024-12-18 14:22:43 [INFO] Worker 3: 向下滑動: 366 像素，並等待 4.13698826586481 秒
2024-12-18 14:22:44 [INFO] Worker 1: 向下滑動: 272 像素，並等待 4.141939057042268 秒
2024-12-18 14:22:45 [INFO] Worker 5: 向下滑動: 278 像素，並等待 4.534704272368613 秒
2024-12-18 14:22:45 [INFO] Worker 7: 向下滑動: 367 像素，並等待 4.685414869888981 秒
2024-12-18 14:22:45 [INFO] Worker 2: 向下滑動: 366 像素，並等待 3.0319715820177544 秒
2024-12-18 14:22:46 [INFO] Worker 8: 向下滑動: 206 像素，並等待 3.9592628878428178 秒
2024-12-18 14:22:47 [INFO] Worker 6: 向下滑動: 328 像素，並等待 4.4230425851538895 秒
2024-12-18 14:22:47 [INFO] Worker 4: 向下滑動: 378 像素，並等待 3.8328106770602126 秒
2024-12-18 14:22:47 [INFO] Worker 3: 向下滑動: 336 像素，並等待 3.7972148971407247 秒
2024-12-18 14:22:48 [INFO] Worker 1: 向下滑動: 220 像素，並等待 4.581258582370986 秒
2024-12-18 14:22:49 [INFO] Worker 7: 向下滑動: 343 像素，並等待 3.615731648462491 秒
2024-12-18 14:22:49 [INFO] Worker 5: 向下滑動: 292 像素，並等待 4.735804616616024 秒
2024-12-18 14:22:50 [INFO] Worker 2: 向下滑動: 383 像素，並等待 4.8113716836301474 秒
2024-12-18 14:22:50 [INFO] Worker 4: 向下滑動: 305 像素，並等待 3.5896063733318906 秒
2024-12-18 14:22:50 [INFO] Worker 3: 向下滑動: 278 像素，並等待 3.340902417128223 秒
2024-12-18 14:22:51 [INFO] Worker 8: 向下滑動: 209 像素，並等待 4.60085792370448 秒
2024-12-18 14:22:52 [INFO] Worker 1: 向下滑動: 255 像素，並等待 3.372573463606243 秒
2024-12-18 14:22:52 [INFO] Worker 6: 向下滑動: 358 像素，並等待 4.830411264113679 秒
2024-12-18 14:22:52 [INFO] Worker 7: 向下滑動: 270 像素，並等待 3.105006793027571 秒
2024-12-18 14:22:53 [INFO] Worker 5: 向下滑動: 210 像素，並等待 3.3884004013669924 秒
2024-12-18 14:22:54 [INFO] Worker 4: 向下滑動: 281 像素，並等待 3.70367451321664 秒
2024-12-18 14:22:55 [INFO] Worker 1: 向下滑動: 292 像素，並等待 3.057142366391221 秒
2024-12-18 14:22:55 [INFO] Worker 3: 向下滑動: 268 像素，並等待 4.159519947385202 秒
2024-12-18 14:22:55 [INFO] Worker 2: 向下滑動: 255 像素，並等待 4.372548126811752 秒
2024-12-18 14:22:55 [INFO] Worker 7: 向下滑動: 225 像素，並等待 3.378886527628117 秒
2024-12-18 14:22:56 [INFO] Worker 8: 向下滑動: 262 像素，並等待 4.655763927609602 秒
2024-12-18 14:22:56 [INFO] Worker 5: 向下滑動: 279 像素，並等待 3.0607012073396076 秒
2024-12-18 14:22:56 [INFO] Worker 6: 向下滑動: 216 像素，並等待 4.350563309688387 秒
2024-12-18 14:22:58 [INFO] Worker 2: 向下滑動: 389 像素，並等待 3.049661909585193 秒
2024-12-18 14:22:58 [INFO] Worker 1: 向下滑動: 200 像素，並等待 3.3869908452529116 秒
2024-12-18 14:22:59 [INFO] Worker 3: 向下滑動: 374 像素，並等待 3.869431432965084 秒
2024-12-18 14:22:59 [INFO] Worker 4: 向下滑動: 348 像素，並等待 4.4593269374543105 秒
2024-12-18 14:22:59 [INFO] Worker 8: 向下滑動: 207 像素，並等待 3.0783927815924903 秒
2024-12-18 14:22:59 [INFO] Worker 7: 向下滑動: 400 像素，並等待 4.177165811899781 秒
2024-12-18 14:23:00 [INFO] Worker 5: 向下滑動: 381 像素，並等待 4.231075571156069 秒
2024-12-18 14:23:01 [INFO] Worker 6: 向下滑動: 364 像素，並等待 4.539992098850425 秒
2024-12-18 14:23:01 [INFO] Worker 1: 向下滑動: 277 像素，並等待 3.098056820600803 秒
2024-12-18 14:23:02 [INFO] Worker 3: 向下滑動: 336 像素，並等待 3.3106070667498466 秒
2024-12-18 14:23:02 [INFO] Worker 2: 向下滑動: 363 像素，並等待 4.5857716670803885 秒
2024-12-18 14:23:02 [INFO] Worker 8: 向下滑動: 376 像素，並等待 3.7127290531872816 秒
2024-12-18 14:23:03 [INFO] Worker 4: 向下滑動: 283 像素，並等待 4.27874491592701 秒
2024-12-18 14:23:03 [INFO] Worker 5: 向下滑動: 336 像素，並等待 3.036775627184001 秒
2024-12-18 14:23:03 [INFO] Worker 7: 向下滑動: 284 像素，並等待 4.146550120191191 秒
2024-12-18 14:23:05 [INFO] Worker 3: 向下滑動: 270 像素，並等待 3.1854677105799682 秒
2024-12-18 14:23:05 [INFO] Worker 6: 向下滑動: 319 像素，並等待 4.586143968911664 秒
2024-12-18 14:23:06 [INFO] Worker 8: 向下滑動: 206 像素，並等待 3.4666373382705657 秒
2024-12-18 14:23:06 [INFO] Worker 2: 向下滑動: 273 像素，並等待 3.6997667856841563 秒
2024-12-18 14:23:06 [INFO] Worker 1: 向下滑動: 245 像素，並等待 4.965711882814887 秒
2024-12-18 14:23:07 [INFO] Worker 5: 向下滑動: 201 像素，並等待 3.641639706088701 秒
2024-12-18 14:23:07 [INFO] Worker 7: 向下滑動: 355 像素，並等待 3.9025970426514167 秒
2024-12-18 14:23:07 [INFO] Worker 4: 向下滑動: 366 像素，並等待 4.426917531984732 秒
2024-12-18 14:23:08 [INFO] Worker 6: 向下滑動: 270 像素，並等待 3.274865585241926 秒
2024-12-18 14:23:09 [INFO] Worker 2: 向下滑動: 367 像素，並等待 3.132738045996743 秒
2024-12-18 14:23:09 [INFO] Worker 3: 向下滑動: 340 像素，並等待 4.23700875717193 秒
2024-12-18 14:23:10 [INFO] Worker 1: 向下滑動: 327 像素，並等待 3.805610223933 秒
2024-12-18 14:23:10 [INFO] Worker 5: 向下滑動: 338 像素，並等待 3.2148006348081664 秒
2024-12-18 14:23:11 [INFO] Worker 8: 向下滑動: 293 像素，並等待 4.761064314936647 秒
2024-12-18 14:23:11 [INFO] Worker 7: 向下滑動: 310 像素，並等待 4.031912029865296 秒
2024-12-18 14:23:12 [INFO] Worker 6: 向下滑動: 346 像素，並等待 3.3931356684889167 秒
2024-12-18 14:23:12 [INFO] Worker 4: 向下滑動: 211 像素，並等待 4.738392415958097 秒
2024-12-18 14:23:13 [INFO] Worker 2: 向下滑動: 310 像素，並等待 3.74460442147531 秒
2024-12-18 14:23:14 [INFO] Worker 3: 向下滑動: 358 像素，並等待 4.385599715764864 秒
2024-12-18 14:23:14 [INFO] Worker 1: 向下滑動: 318 像素，並等待 4.489581416125203 秒
2024-12-18 14:23:14 [INFO] Worker 5: 向下滑動: 352 像素，並等待 4.574548911977041 秒
2024-12-18 14:23:15 [INFO] Worker 8: 向下滑動: 374 像素，並等待 4.136655104102006 秒
2024-12-18 14:23:16 [INFO] Worker 4: 向下滑動: 276 像素，並等待 3.410958601970742 秒
2024-12-18 14:23:16 [INFO] Worker 7: 向下滑動: 306 像素，並等待 4.15563436964303 秒
2024-12-18 14:23:16 [INFO] Worker 6: 向下滑動: 276 像素，並等待 4.447821476977169 秒
2024-12-18 14:23:17 [INFO] Worker 3: 向下滑動: 241 像素，並等待 3.069071208099877 秒
2024-12-18 14:23:18 [INFO] Worker 2: 向下滑動: 322 像素，並等待 4.7033226305213285 秒
2024-12-18 14:23:18 [INFO] Worker 5: 向下滑動: 398 像素，並等待 3.4025490820315594 秒
2024-12-18 14:23:18 [INFO] Worker 1: 向下滑動: 387 像素，並等待 3.5272225252580496 秒
2024-12-18 14:23:18 [INFO] Worker 8: 向下滑動: 361 像素，並等待 3.67616361087934 秒
2024-12-18 14:23:19 [INFO] Worker 4: 向下滑動: 337 像素，並等待 3.417611772204876 秒
2024-12-18 14:23:20 [INFO] Worker 7: 向下滑動: 273 像素，並等待 4.25429990020152 秒
2024-12-18 14:23:20 [INFO] Worker 6: 向下滑動: 326 像素，並等待 3.5690489319429757 秒
2024-12-18 14:23:20 [INFO] Worker 3: 向下滑動: 254 像素，並等待 3.133290620580695 秒
2024-12-18 14:23:22 [INFO] Worker 2: 向下滑動: 328 像素，並等待 4.037886282779369 秒
2024-12-18 14:23:22 [INFO] Worker 1: 向下滑動: 392 像素，並等待 3.78444366085378 秒
2024-12-18 14:23:22 [INFO] Worker 8: 向下滑動: 253 像素，並等待 3.2321825864095795 秒
2024-12-18 14:23:22 [INFO] Worker 5: 向下滑動: 350 像素，並等待 4.263449097272735 秒
2024-12-18 14:23:22 [INFO] Worker 4: 向下滑動: 267 像素，並等待 3.285917755686369 秒
2024-12-18 14:23:23 [INFO] Worker 3: 向下滑動: 327 像素，並等待 3.3168527088053352 秒
2024-12-18 14:23:23 [INFO] Worker 7: 向下滑動: 208 像素，並等待 3.6834666002588863 秒
2024-12-18 14:23:24 [INFO] Worker 6: 向下滑動: 318 像素，並等待 3.685447085706774 秒
2024-12-18 14:23:25 [INFO] Worker 8: 向下滑動: 306 像素，並等待 3.6298779143291053 秒
2024-12-18 14:23:26 [INFO] Worker 2: 向下滑動: 324 像素，並等待 3.9585304053353934 秒
2024-12-18 14:23:26 [INFO] Worker 4: 向下滑動: 214 像素，並等待 3.5382882552846686 秒
2024-12-18 14:23:26 [INFO] Worker 5: 向下滑動: 393 像素，並等待 3.612784461467725 秒
2024-12-18 14:23:26 [INFO] Worker 1: 向下滑動: 370 像素，並等待 4.473688764210051 秒
2024-12-18 14:23:28 [INFO] Worker 3: 向下滑動: 371 像素，並等待 4.778865895222566 秒
2024-12-18 14:23:28 [INFO] Worker 7: 向下滑動: 232 像素，並等待 4.820280070446982 秒
2024-12-18 14:23:28 [INFO] Worker 6: 向下滑動: 235 像素，並等待 4.907097440915029 秒
2024-12-18 14:23:29 [INFO] Worker 8: 向下滑動: 368 像素，並等待 4.0344125822626795 秒
2024-12-18 14:23:29 [INFO] Worker 2: 向下滑動: 398 像素，並等待 3.7648666976823666 秒
2024-12-18 14:23:30 [INFO] Worker 4: 向下滑動: 371 像素，並等待 4.307187114993144 秒
2024-12-18 14:23:30 [INFO] Worker 1: 向下滑動: 267 像素，並等待 3.980152145023526 秒
2024-12-18 14:23:31 [INFO] Worker 5: 向下滑動: 342 像素，並等待 4.779376502680989 秒
2024-12-18 14:23:31 [INFO] Worker 3: 向下滑動: 241 像素，並等待 3.3091918150600623 秒
2024-12-18 14:23:32 [INFO] Worker 7: 向下滑動: 283 像素，並等待 3.6391620385512127 秒
2024-12-18 14:23:33 [INFO] Worker 8: 向下滑動: 204 像素，並等待 3.218551827898618 秒
2024-12-18 14:23:33 [INFO] Worker 2: 向下滑動: 292 像素，並等待 3.5390871216140694 秒
2024-12-18 14:23:33 [INFO] Worker 6: 向下滑動: 314 像素，並等待 4.890037439675666 秒
2024-12-18 14:23:35 [INFO] Worker 1: 向下滑動: 352 像素，並等待 4.385128733056983 秒
2024-12-18 14:23:35 [INFO] Worker 4: 向下滑動: 396 像素，並等待 4.5362830888419285 秒
2024-12-18 14:23:35 [INFO] Worker 5: 向下滑動: 394 像素，並等待 4.512893735574752 秒
2024-12-18 14:23:35 [INFO] Worker 7: 向下滑動: 266 像素，並等待 3.1633481880884773 秒
2024-12-18 14:23:36 [INFO] Worker 3: 向下滑動: 299 像素，並等待 4.779863535495879 秒
2024-12-18 14:23:37 [INFO] Worker 8: 向下滑動: 379 像素，並等待 4.659791293871666 秒
2024-12-18 14:23:38 [INFO] Worker 2: 向下滑動: 350 像素，並等待 4.960986604002249 秒
2024-12-18 14:23:38 [INFO] Worker 6: 向下滑動: 398 像素，並等待 4.711306241682167 秒
2024-12-18 14:23:38 [INFO] Worker 1: 向下滑動: 235 像素，並等待 3.823765801735904 秒
2024-12-18 14:23:38 [INFO] Worker 4: 向下滑動: 267 像素，並等待 3.784476238606752 秒
2024-12-18 14:23:39 [INFO] Worker 7: 向下滑動: 235 像素，並等待 4.261419416938715 秒
2024-12-18 14:23:40 [INFO] Worker 5: 向下滑動: 298 像素，並等待 4.836889868385121 秒
2024-12-18 14:23:40 [INFO] Worker 3: 向下滑動: 251 像素，並等待 4.1869739708662 秒
2024-12-18 14:23:41 [INFO] Worker 8: 向下滑動: 361 像素，並等待 4.096185075005512 秒
2024-12-18 14:23:42 [INFO] Worker 1: 向下滑動: 261 像素，並等待 3.2730053996849757 秒
2024-12-18 14:23:42 [INFO] Worker 2: 向下滑動: 388 像素，並等待 4.123522186211499 秒
2024-12-18 14:23:43 [INFO] Worker 6: 向下滑動: 385 像素，並等待 4.482639177388319 秒
2024-12-18 14:23:43 [INFO] Worker 4: 向下滑動: 370 像素，並等待 4.26509065957118 秒
2024-12-18 14:23:43 [INFO] Worker 7: 向下滑動: 234 像素，並等待 3.875880624925646 秒
2024-12-18 14:23:44 [INFO] Worker 5: 向下滑動: 273 像素，並等待 3.612766388765598 秒
2024-12-18 14:23:44 [INFO] Worker 3: 向下滑動: 310 像素，並等待 3.9601043059831147 秒
2024-12-18 14:23:45 [INFO] Worker 2: 向下滑動: 241 像素，並等待 3.1849357000592393 秒
2024-12-18 14:23:45 [INFO] Worker 1: 向下滑動: 360 像素，並等待 3.7735373750620322 秒
2024-12-18 14:23:46 [INFO] Worker 4: 向下滑動: 381 像素，並等待 3.1067455263419483 秒
2024-12-18 14:23:46 [INFO] Worker 8: 向下滑動: 381 像素，並等待 4.661095460181861 秒
2024-12-18 14:23:47 [INFO] Worker 5: 向下滑動: 294 像素，並等待 3.5042053626411125 秒
2024-12-18 14:23:47 [INFO] Worker 6: 向下滑動: 204 像素，並等待 4.742783339557938 秒
2024-12-18 14:23:47 [INFO] Worker 3: 向下滑動: 340 像素，並等待 3.080187098098883 秒
2024-12-18 14:23:48 [INFO] Worker 7: 向下滑動: 232 像素，並等待 4.344301153154256 秒
2024-12-18 14:23:49 [INFO] Worker 1: 向下滑動: 271 像素，並等待 3.198389794306177 秒
2024-12-18 14:23:49 [INFO] Worker 8: 向下滑動: 277 像素，並等待 3.1969117965626364 秒
2024-12-18 14:23:50 [INFO] Worker 2: 向下滑動: 231 像素，並等待 4.653270389897428 秒
2024-12-18 14:23:50 [INFO] Worker 5: 向下滑動: 307 像素，並等待 3.120270983571247 秒
2024-12-18 14:23:51 [INFO] Worker 4: 向下滑動: 340 像素，並等待 4.998066900601398 秒
2024-12-18 14:23:51 [INFO] Worker 7: 向下滑動: 345 像素，並等待 3.457291093866051 秒
2024-12-18 14:23:51 [INFO] Worker 3: 向下滑動: 313 像素，並等待 4.140245503552821 秒
2024-12-18 14:23:52 [INFO] Worker 6: 向下滑動: 319 像素，並等待 4.347237683615279 秒
2024-12-18 14:23:53 [INFO] Worker 8: 向下滑動: 234 像素，並等待 3.277887673297002 秒
2024-12-18 14:23:54 [INFO] Worker 5: 向下滑動: 341 像素，並等待 3.3676692174991985 秒
2024-12-18 14:23:54 [INFO] Worker 1: 向下滑動: 302 像素，並等待 4.926703369180204 秒
2024-12-18 14:23:54 [INFO] Worker 2: 向下滑動: 316 像素，並等待 4.342677804341184 秒
2024-12-18 14:23:55 [INFO] Worker 4: 向下滑動: 335 像素，並等待 3.9532902247521324 秒
2024-12-18 14:23:55 [INFO] Worker 6: 向下滑動: 222 像素，並等待 3.3359311161053617 秒
2024-12-18 14:23:55 [INFO] Worker 3: 向下滑動: 352 像素，並等待 3.636076009575969 秒
2024-12-18 14:23:55 [INFO] Worker 7: 向下滑動: 265 像素，並等待 4.3459747952678365 秒
2024-12-18 14:23:57 [INFO] Worker 8: 向下滑動: 260 像素，並等待 4.0009827158457085 秒
2024-12-18 14:23:57 [INFO] Worker 5: 向下滑動: 383 像素，並等待 3.0937089402736757 秒
2024-12-18 14:23:57 [INFO] Worker 1: 向下滑動: 395 像素，並等待 3.3279716048494654 秒
2024-12-18 14:23:58 [INFO] Worker 2: 向下滑動: 342 像素，並等待 3.644928235740632 秒
2024-12-18 14:23:59 [INFO] Worker 6: 向下滑動: 261 像素，並等待 3.567690462852795 秒
2024-12-18 14:23:59 [INFO] Worker 4: 向下滑動: 361 像素，並等待 3.7633782608165616 秒
2024-12-18 14:24:00 [INFO] Worker 7: 向下滑動: 231 像素，並等待 4.30735360931709 秒
2024-12-18 14:24:00 [INFO] Worker 3: 向下滑動: 380 像素，並等待 4.693742584772425 秒
2024-12-18 14:24:00 [INFO] Worker 8: 向下滑動: 397 像素，並等待 3.471741131253191 秒
2024-12-18 14:24:02 [INFO] Worker 2: 向下滑動: 296 像素，並等待 3.5959894755297617 秒
2024-12-18 14:24:02 [INFO] Worker 5: 向下滑動: 287 像素，並等待 4.810237095791496 秒
2024-12-18 14:24:02 [INFO] Worker 1: 向下滑動: 339 像素，並等待 4.678907739705421 秒
2024-12-18 14:24:03 [INFO] Worker 4: 向下滑動: 291 像素，並等待 4.06311901153332 秒
2024-12-18 14:24:03 [INFO] Worker 6: 向下滑動: 395 像素，並等待 4.816182652304906 秒
2024-12-18 14:24:05 [INFO] Worker 7: 向下滑動: 374 像素，並等待 4.902471280798104 秒
2024-12-18 14:24:05 [INFO] Worker 8: 向下滑動: 351 像素，並等待 4.703564081321122 秒
2024-12-18 14:24:05 [INFO] Worker 5: 向下滑動: 324 像素，並等待 3.2279442560158538 秒
2024-12-18 14:24:05 [INFO] Worker 3: 向下滑動: 266 像素，並等待 4.937506317534038 秒
2024-12-18 14:24:06 [INFO] Worker 2: 向下滑動: 391 像素，並等待 4.52258328783959 秒
2024-12-18 14:24:06 [INFO] Worker 1: 向下滑動: 339 像素，並等待 4.806560409391406 秒
2024-12-18 14:24:07 [INFO] Worker 6: 向下滑動: 267 像素，並等待 3.287805280868411 秒
2024-12-18 14:24:07 [INFO] Worker 4: 向下滑動: 361 像素，並等待 4.480474529313847 秒
2024-12-18 14:24:09 [INFO] Worker 7: 向下滑動: 207 像素，並等待 3.9426679207260666 秒
2024-12-18 14:24:09 [INFO] Worker 8: 向下滑動: 225 像素，並等待 3.967526162367541 秒
2024-12-18 14:24:09 [INFO] Worker 5: 向下滑動: 342 像素，並等待 4.374335378391453 秒
2024-12-18 14:24:09 [INFO] Worker 3: 向下滑動: 212 像素，並等待 4.5682033062097025 秒
2024-12-18 14:24:10 [INFO] Worker 6: 向下滑動: 201 像素，並等待 3.105753061026425 秒
2024-12-18 14:24:10 [INFO] Worker 2: 向下滑動: 203 像素，並等待 4.346676561783757 秒
2024-12-18 14:24:10 [INFO] Worker 1: 向下滑動: 352 像素，並等待 4.0247148506609465 秒
2024-12-18 14:24:11 [INFO] Worker 4: 向下滑動: 292 像素，並等待 4.124332347505647 秒
2024-12-18 14:24:12 [INFO] Worker 7: 向下滑動: 228 像素，並等待 3.1367134835996238 秒
2024-12-18 14:24:13 [INFO] Worker 8: 向下滑動: 238 像素，並等待 4.019872548669872 秒
2024-12-18 14:24:13 [INFO] Worker 3: 向下滑動: 209 像素，並等待 3.505402331277926 秒
2024-12-18 14:24:14 [INFO] Worker 5: 向下滑動: 309 像素，並等待 4.4867298493639804 秒
2024-12-18 14:24:14 [INFO] Worker 1: 向下滑動: 349 像素，並等待 3.539264118969268 秒
2024-12-18 14:24:14 [INFO] Worker 2: 向下滑動: 244 像素，並等待 3.903714985687383 秒
2024-12-18 14:24:15 [INFO] Worker 6: 向下滑動: 395 像素，並等待 4.843824750404291 秒
2024-12-18 14:24:15 [INFO] Worker 4: 向下滑動: 263 像素，並等待 3.4529064582960185 秒
2024-12-18 14:24:16 [INFO] Worker 8: 向下滑動: 202 像素，並等待 3.303364186809102 秒
2024-12-18 14:24:16 [INFO] Worker 7: 向下滑動: 230 像素，並等待 4.56706953109158 秒
2024-12-18 14:24:17 [INFO] Worker 3: 向下滑動: 304 像素，並等待 3.7690570524190967 秒
2024-12-18 14:24:17 [INFO] Worker 5: 向下滑動: 221 像素，並等待 3.222959084419313 秒
2024-12-18 14:24:18 [INFO] Worker 1: 向下滑動: 209 像素，並等待 4.205874195523363 秒
2024-12-18 14:24:19 [INFO] Worker 2: 向下滑動: 236 像素，並等待 4.3506611555353185 秒
2024-12-18 14:24:19 [INFO] Worker 8: 向下滑動: 346 像素，並等待 3.241518301114473 秒
2024-12-18 14:24:20 [INFO] Worker 6: 向下滑動: 292 像素，並等待 4.892671819006068 秒
2024-12-18 14:24:20 [INFO] Worker 4: 向下滑動: 299 像素，並等待 4.875405261820743 秒
2024-12-18 14:24:20 [INFO] Worker 3: 向下滑動: 357 像素，並等待 3.240596240787996 秒
2024-12-18 14:24:21 [INFO] Worker 7: 向下滑動: 273 像素，並等待 4.662733396321211 秒
2024-12-18 14:24:21 [INFO] Worker 5: 向下滑動: 287 像素，並等待 4.286715034308365 秒
2024-12-18 14:24:23 [INFO] Worker 1: 向下滑動: 258 像素，並等待 4.54186249137023 秒
2024-12-18 14:24:23 [INFO] Worker 2: 向下滑動: 298 像素，並等待 4.3381574899404844 秒
2024-12-18 14:24:23 [INFO] Worker 4: 向下滑動: 239 像素，並等待 3.661003316106314 秒
2024-12-18 14:24:24 [INFO] Worker 8: 向下滑動: 215 像素，並等待 4.756574410622344 秒
2024-12-18 14:24:24 [INFO] Worker 3: 向下滑動: 370 像素，並等待 4.439906719225148 秒
2024-12-18 14:24:24 [INFO] Worker 7: 向下滑動: 239 像素，並等待 3.447078833952663 秒
2024-12-18 14:24:24 [INFO] Worker 6: 向下滑動: 399 像素，並等待 4.941720303409145 秒
2024-12-18 14:24:25 [INFO] Worker 5: 向下滑動: 316 像素，並等待 3.581192159982018 秒
2024-12-18 14:24:26 [INFO] Worker 1: 向下滑動: 221 像素，並等待 3.2012982947982547 秒
2024-12-18 14:24:27 [INFO] Worker 2: 向下滑動: 296 像素，並等待 4.153026681682507 秒
2024-12-18 14:24:28 [INFO] Worker 7: 向下滑動: 342 像素，並等待 3.2120575061525214 秒
2024-12-18 14:24:28 [INFO] Worker 3: 向下滑動: 351 像素，並等待 3.452968545998001 秒
2024-12-18 14:24:28 [INFO] Worker 8: 向下滑動: 380 像素，並等待 3.9477073496258344 秒
2024-12-18 14:24:28 [INFO] Worker 4: 向下滑動: 239 像素，並等待 4.798643462725596 秒
2024-12-18 14:24:29 [INFO] Worker 6: 向下滑動: 207 像素，並等待 4.528087645435294 秒
2024-12-18 14:24:30 [INFO] Worker 5: 向下滑動: 285 像素，並等待 4.935489618124604 秒
2024-12-18 14:24:30 [INFO] Worker 1: 向下滑動: 371 像素，並等待 3.9633952454195316 秒
2024-12-18 14:24:31 [INFO] Worker 7: 向下滑動: 357 像素，並等待 3.6568721797085484 秒
2024-12-18 14:24:31 [INFO] Worker 4: 向下滑動: 226 像素，並等待 3.299369406539989 秒
2024-12-18 14:24:32 [INFO] Worker 3: 向下滑動: 369 像素，並等待 3.7310923845829747 秒
2024-12-18 14:24:32 [INFO] Worker 2: 向下滑動: 246 像素，並等待 4.520794852566891 秒
2024-12-18 14:24:32 [INFO] Worker 6: 向下滑動: 359 像素，並等待 3.179935818671918 秒
2024-12-18 14:24:33 [INFO] Worker 8: 向下滑動: 264 像素，並等待 4.767460062809275 秒
2024-12-18 14:24:34 [INFO] Worker 5: 向下滑動: 370 像素，並等待 4.11801513872749 秒
2024-12-18 14:24:34 [INFO] Worker 1: 向下滑動: 292 像素，並等待 4.143829479591553 秒
2024-12-18 14:24:35 [INFO] Worker 7: 向下滑動: 236 像素，並等待 3.2710430426012502 秒
2024-12-18 14:24:35 [INFO] Worker 3: 向下滑動: 243 像素，並等待 3.326329447186624 秒
2024-12-18 14:24:35 [INFO] Worker 2: 向下滑動: 265 像素，並等待 3.219227415218547 秒
2024-12-18 14:24:36 [INFO] Worker 6: 向下滑動: 392 像素，並等待 3.2916516489050736 秒
2024-12-18 14:24:36 [INFO] Worker 4: 向下滑動: 325 像素，並等待 4.3670417327711775 秒
2024-12-18 14:24:37 [INFO] Worker 5: 向下滑動: 270 像素，並等待 3.174832834531208 秒
2024-12-18 14:24:37 [INFO] Worker 8: 向下滑動: 335 像素，並等待 4.180916913526229 秒
2024-12-18 14:24:38 [INFO] Worker 7: 向下滑動: 327 像素，並等待 3.363873343770307 秒
2024-12-18 14:24:38 [INFO] Worker 3: 向下滑動: 275 像素，並等待 3.1343059552740407 秒
2024-12-18 14:24:39 [INFO] Worker 1: 向下滑動: 325 像素，並等待 4.616763594634309 秒
2024-12-18 14:24:39 [INFO] Worker 6: 向下滑動: 289 像素，並等待 3.2285826557188715 秒
2024-12-18 14:24:39 [INFO] Worker 2: 向下滑動: 357 像素，並等待 3.9628003114072 秒
2024-12-18 14:24:40 [INFO] Worker 4: 向下滑動: 397 像素，並等待 4.099290234422852 秒
2024-12-18 14:24:41 [INFO] Worker 5: 向下滑動: 350 像素，並等待 3.5279498633488107 秒
2024-12-18 14:24:41 [INFO] Worker 3: 向下滑動: 348 像素，並等待 3.1762683323012544 秒
2024-12-18 14:24:41 [INFO] Worker 8: 向下滑動: 232 像素，並等待 4.232219366678198 秒
2024-12-18 14:24:42 [INFO] Worker 1: 向下滑動: 247 像素，並等待 3.565559853069233 秒
2024-12-18 14:24:42 [INFO] Worker 6: 向下滑動: 205 像素，並等待 3.664148220910449 秒
2024-12-18 14:24:43 [INFO] Worker 7: 向下滑動: 328 像素，並等待 4.791025859637889 秒
2024-12-18 14:24:44 [INFO] Worker 2: 向下滑動: 380 像素，並等待 4.8152804766316795 秒
2024-12-18 14:24:44 [INFO] Worker 4: 向下滑動: 301 像素，並等待 4.265185144966059 秒
2024-12-18 14:24:45 [INFO] Worker 3: 向下滑動: 207 像素，並等待 3.6489342293719176 秒
2024-12-18 14:24:45 [INFO] Worker 5: 向下滑動: 253 像素，並等待 4.786054914504756 秒
2024-12-18 14:24:46 [INFO] Worker 8: 向下滑動: 362 像素，並等待 4.406822919876869 秒
2024-12-18 14:24:46 [INFO] Worker 7: 向下滑動: 353 像素，並等待 3.4503557169828767 秒
2024-12-18 14:24:46 [INFO] Worker 1: 向下滑動: 398 像素，並等待 4.149684560729243 秒
2024-12-18 14:24:47 [INFO] Worker 6: 向下滑動: 328 像素，並等待 4.519885773728376 秒
2024-12-18 14:24:48 [INFO] Worker 4: 向下滑動: 325 像素，並等待 3.686373409249529 秒
2024-12-18 14:24:49 [INFO] Worker 2: 向下滑動: 350 像素，並等待 4.842361844825907 秒
2024-12-18 14:24:49 [INFO] Worker 3: 向下滑動: 288 像素，並等待 4.387078595099712 秒
2024-12-18 14:24:49 [INFO] Worker 5: 向下滑動: 292 像素，並等待 3.997562656520461 秒
2024-12-18 14:24:50 [INFO] Worker 8: 向下滑動: 202 像素，並等待 4.569345379030056 秒
2024-12-18 14:24:50 [INFO] Worker 1: 向下滑動: 341 像素，並等待 3.8396343857622117 秒
2024-12-18 14:24:50 [INFO] Worker 7: 向下滑動: 397 像素，並等待 4.098827633885944 秒
2024-12-18 14:24:51 [INFO] Worker 6: 向下滑動: 324 像素，並等待 3.877452048351027 秒
2024-12-18 14:24:52 [INFO] Worker 4: 向下滑動: 368 像素，並等待 4.274223794117091 秒
2024-12-18 14:24:53 [INFO] Worker 5: 向下滑動: 321 像素，並等待 3.387087668819502 秒
2024-12-18 14:24:54 [INFO] Worker 2: 向下滑動: 282 像素，並等待 4.973715545416891 秒
2024-12-18 14:24:54 [INFO] Worker 3: 向下滑動: 286 像素，並等待 4.4281693570033305 秒
2024-12-18 14:24:54 [INFO] Worker 1: 向下滑動: 322 像素，並等待 3.7067431161923166 秒
2024-12-18 14:24:54 [INFO] Worker 8: 向下滑動: 377 像素，並等待 3.977312469365735 秒
2024-12-18 14:24:55 [INFO] Worker 7: 向下滑動: 313 像素，並等待 4.957634885514231 秒
2024-12-18 14:24:56 [INFO] Worker 6: 向下滑動: 296 像素，並等待 4.774673296553678 秒
2024-12-18 14:24:57 [INFO] Worker 4: 向下滑動: 335 像素，並等待 4.635919941878825 秒
2024-12-18 14:24:58 [INFO] Worker 2: 向下滑動: 295 像素，並等待 3.9107090876217336 秒
2024-12-18 14:24:58 [INFO] Worker 5: 向下滑動: 305 像素，並等待 4.942931495703396 秒
2024-12-18 14:24:58 [INFO] Worker 3: 向下滑動: 203 像素，並等待 4.6901501042964835 秒
2024-12-18 14:24:59 [INFO] Worker 1: 向下滑動: 373 像素，並等待 4.621111169636778 秒
2024-12-18 14:24:59 [INFO] Worker 6: 向下滑動: 398 像素，並等待 3.4145824492936 秒
2024-12-18 14:24:59 [INFO] Worker 8: 向下滑動: 395 像素，並等待 4.886486850982491 秒
2024-12-18 14:25:00 [INFO] Worker 4: 向下滑動: 300 像素，並等待 3.211001925860921 秒
2024-12-18 14:25:00 [INFO] Worker 7: 向下滑動: 317 像素，並等待 4.781112205606885 秒
2024-12-18 14:25:01 [INFO] Worker 2: 向下滑動: 306 像素，並等待 3.057751397102575 秒
2024-12-18 14:25:01 [INFO] Worker 5: 向下滑動: 232 像素，並等待 3.418981413831238 秒
2024-12-18 14:25:02 [INFO] Worker 6: 帳號 66935324825 的任務已結束
2024-12-18 14:25:02 [INFO] Worker 9: 開始處理帳號 66991704166
2024-12-18 14:25:03 [INFO] Worker 1: 向下滑動: 305 像素，並等待 4.050985939552961 秒
2024-12-18 14:25:03 [INFO] Worker 3: 向下滑動: 318 像素，並等待 4.537771409411993 秒
2024-12-18 14:25:03 [INFO] Worker 7: 向下滑動: 276 像素，並等待 3.066170298329142 秒
2024-12-18 14:25:03 [INFO] Worker 8: 向下滑動: 234 像素，並等待 4.062700125786109 秒
2024-12-18 14:25:04 [INFO] Worker 4: 向下滑動: 292 像素，並等待 3.781322307177574 秒
2024-12-18 14:25:04 [INFO] Worker 2: 向下滑動: 375 像素，並等待 3.235235024496541 秒
2024-12-18 14:25:04 [INFO] Worker 5: 向下滑動: 324 像素，並等待 3.001750921340265 秒
2024-12-18 14:25:07 [INFO] Worker 7: 向下滑動: 217 像素，並等待 3.4046885328035374 秒
2024-12-18 14:25:07 [INFO] Worker 1: 向下滑動: 393 像素，並等待 4.1628876159459685 秒
2024-12-18 14:25:07 [INFO] Worker 2: 向下滑動: 243 像素，並等待 3.2566796755654654 秒
2024-12-18 14:25:07 [INFO] Worker 4: 向下滑動: 362 像素，並等待 3.6485621719749894 秒
2024-12-18 14:25:08 [INFO] Worker 3: 向下滑動: 245 像素，並等待 4.691881165985544 秒
2024-12-18 14:25:08 [INFO] Worker 5: 向下滑動: 248 像素，並等待 3.614741708308081 秒
2024-12-18 14:25:08 [INFO] Worker 8: 向下滑動: 242 像素，並等待 4.665935911394416 秒
2024-12-18 14:25:09 [INFO] Worker 9: 代理 kamoney03.ddns.net:24009 設置成功
2024-12-18 14:25:10 [INFO] Worker 2: 帳號 66637943259 的任務已結束
2024-12-18 14:25:10 [INFO] Worker 10: 開始處理帳號 66646155782
2024-12-18 14:25:10 [INFO] Worker 9: Cookies 已加載成功: cookies\66991704166_cookies.json
2024-12-18 14:25:10 [INFO] Worker 7: 向下滑動: 218 像素，並等待 3.7086665731340034 秒
2024-12-18 14:25:11 [INFO] Worker 5: 向下滑動: 346 像素，並等待 3.4008814760115342 秒
2024-12-18 14:25:12 [INFO] Worker 1: 向下滑動: 354 像素，並等待 4.850940132968232 秒
2024-12-18 14:25:12 [INFO] Worker 3: 向下滑動: 324 像素，並等待 4.313578604510163 秒
2024-12-18 14:25:12 [INFO] Worker 9: 帳號 66991704166 使用 cookies 成功登入
2024-12-18 14:25:12 [INFO] Worker 9: 登錄成功，開始處理帳號 66991704166 的操作...
2024-12-18 14:25:12 [INFO] Worker 9: 開始跳轉操作...
2024-12-18 14:25:12 [INFO] Worker 9: 正在開啟貼文: https://www.facebook.com/share/1HAVpvaRDF/
2024-12-18 14:25:12 [INFO] Worker 4: 向下滑動: 319 像素，並等待 4.964664788606487 秒
2024-12-18 14:25:13 [INFO] Worker 8: 向下滑動: 236 像素，並等待 4.947623769751838 秒
2024-12-18 14:25:14 [INFO] Worker 7: 向下滑動: 290 像素，並等待 3.7138089552955114 秒
2024-12-18 14:25:14 [INFO] Worker 5: 向下滑動: 220 像素，並等待 3.144086951919415 秒
2024-12-18 14:25:16 [INFO] Worker 3: 向下滑動: 320 像素，並等待 3.8186488853111475 秒
2024-12-18 14:25:16 [INFO] Worker 8: 向下滑動: 351 像素，並等待 3.161134785275409 秒
2024-12-18 14:25:16 [INFO] Worker 10: 代理 kamoney03.ddns.net:24010 設置成功
2024-12-18 14:25:16 [INFO] Worker 1: 向下滑動: 262 像素，並等待 4.602684502000971 秒
2024-12-18 14:25:17 [INFO] Worker 4: 向下滑動: 337 像素，並等待 4.100897359223017 秒
2024-12-18 14:25:17 [INFO] Worker 7: 向下滑動: 360 像素，並等待 3.0940641386839776 秒
2024-12-18 14:25:17 [INFO] Worker 10: Cookies 已加載成功: cookies\66646155782_cookies.json
2024-12-18 14:25:19 [INFO] Worker 5: 向下滑動: 293 像素，並等待 4.64258380657244 秒
2024-12-18 14:25:19 [INFO] Worker 1: 帳號 66634899161 的任務已結束
2024-12-18 14:25:19 [INFO] Worker 11: 開始處理帳號 66643407753
2024-12-18 14:25:20 [INFO] Worker 10: 帳號 66646155782 使用 cookies 成功登入
2024-12-18 14:25:20 [INFO] Worker 10: 登錄成功，開始處理帳號 66646155782 的操作...
2024-12-18 14:25:20 [INFO] Worker 10: 開始跳轉操作...
2024-12-18 14:25:20 [INFO] Worker 10: 正在開啟貼文: https://www.facebook.com/share/1HAVpvaRDF/
2024-12-18 14:25:20 [INFO] Worker 3: 向下滑動: 385 像素，並等待 4.2787965276961835 秒
2024-12-18 14:25:21 [INFO] Worker 8: 向下滑動: 337 像素，並等待 4.799714529086808 秒
2024-12-18 14:25:21 [INFO] Worker 7: 向下滑動: 359 像素，並等待 3.853431297628867 秒
2024-12-18 14:25:21 [INFO] Worker 4: 向下滑動: 214 像素，並等待 4.676977045948267 秒
2024-12-18 14:25:22 [INFO] Worker 10 隨機停留 6 秒
2024-12-18 14:25:23 [INFO] Worker 5: 向下滑動: 223 像素，並等待 3.715078149570048 秒
2024-12-18 14:25:23 [INFO] Worker 3: 向下滑動: 246 像素，並等待 3.1391884311873532 秒
2024-12-18 14:25:24 [INFO] Worker 8: 向下滑動: 221 像素，並等待 3.6530988285371744 秒
2024-12-18 14:25:25 [INFO] Worker 7: 向下滑動: 330 像素，並等待 3.496180996736105 秒
2024-12-18 14:25:25 [INFO] Worker 4: 向下滑動: 231 像素，並等待 3.574939369346196 秒
2024-12-18 14:25:25 [INFO] Worker 9 隨機停留 6 秒
2024-12-18 14:25:26 [INFO] Worker 11: 代理 kamoney03.ddns.net:24011 設置成功
2024-12-18 14:25:27 [INFO] Worker 11: Cookies 已加載成功: cookies\66643407753_cookies.json
2024-12-18 14:25:27 [INFO] Worker 3: 向下滑動: 390 像素，並等待 3.4021210743105015 秒
2024-12-18 14:25:27 [INFO] Worker 5: 向下滑動: 385 像素，並等待 4.665701367423667 秒
2024-12-18 14:25:28 [INFO] Worker 10: 貼文已按過讚，無需重複操作
2024-12-18 14:25:28 [INFO] Worker 10 按讚後隨機停留 4 秒
2024-12-18 14:25:29 [INFO] Worker 8: 向下滑動: 350 像素，並等待 4.057449303454302 秒
2024-12-18 14:25:29 [INFO] Worker 11: 帳號 66643407753 使用 cookies 成功登入
2024-12-18 14:25:29 [INFO] Worker 11: 登錄成功，開始處理帳號 66643407753 的操作...
2024-12-18 14:25:29 [INFO] Worker 11: 開始跳轉操作...
2024-12-18 14:25:29 [INFO] Worker 11: 正在開啟貼文: https://www.facebook.com/share/1HAVpvaRDF/
2024-12-18 14:25:29 [INFO] Worker 7: 向下滑動: 239 像素，並等待 4.85364026285833 秒
2024-12-18 14:25:29 [INFO] Worker 4: 向下滑動: 378 像素，並等待 4.627785765117961 秒
2024-12-18 14:25:31 [INFO] Worker 3: 向下滑動: 225 像素，並等待 4.394803788164184 秒
2024-12-18 14:25:31 [INFO] Worker 9: 貼文已按過讚，無需重複操作
2024-12-18 14:25:31 [INFO] Worker 9 按讚後隨機停留 4 秒
2024-12-18 14:25:32 [INFO] Worker 5: 向下滑動: 265 像素，並等待 4.175378228695124 秒
2024-12-18 14:25:32 [INFO] Worker 10: 正在開啟網站: https://lihi.cc/fCuUd
2024-12-18 14:25:33 [INFO] Worker 11 隨機停留 7 秒
2024-12-18 14:25:33 [INFO] Worker 8: 向下滑動: 380 像素，並等待 4.192200023615809 秒
2024-12-18 14:25:34 [INFO] Worker 7: 向下滑動: 372 像素，並等待 4.375687327360154 秒
2024-12-18 14:25:34 [INFO] Worker 4: 向下滑動: 251 像素，並等待 4.4738331809245935 秒
2024-12-18 14:25:34 [INFO] Worker 5: 帳號 66619622845 的任務已結束
2024-12-18 14:25:34 [INFO] Worker 12: 開始處理帳號 66954958462
2024-12-18 14:25:34 [INFO] Worker 3: 向下滑動: 246 像素，並等待 3.4676550028387725 秒
2024-12-18 14:25:35 [INFO] Worker 10 隨機停留時間: 175 秒
2024-12-18 14:25:35 [INFO] Worker 9: 正在開啟網站: https://lihi.cc/fCuUd
2024-12-18 14:25:37 [INFO] Worker 8: 向下滑動: 204 像素，並等待 4.125024431078697 秒
2024-12-18 14:25:37 [INFO] Worker 4: 向下滑動: 397 像素，並等待 3.5020901969834046 秒
2024-12-18 14:25:38 [INFO] Worker 7: 向下滑動: 317 像素，並等待 3.7831093807469447 秒
2024-12-18 14:25:38 [INFO] Worker 9 隨機停留時間: 171 秒
2024-12-18 14:25:39 [INFO] Worker 10: 向下滑動: 235 像素，並等待 3.700356480873923 秒
2024-12-18 14:25:39 [INFO] Worker 3: 向下滑動: 340 像素，並等待 4.696006758178941 秒
2024-12-18 14:25:40 [INFO] Worker 11: 貼文已按過讚，無需重複操作
2024-12-18 14:25:40 [INFO] Worker 11 按讚後隨機停留 3 秒
2024-12-18 14:25:41 [INFO] Worker 4: 向下滑動: 215 像素，並等待 3.2692468246869706 秒
2024-12-18 14:25:41 [INFO] Worker 8: 向下滑動: 281 像素，並等待 3.971672402444903 秒
2024-12-18 14:25:41 [INFO] Worker 7: 向下滑動: 360 像素，並等待 3.3108715611412816 秒
2024-12-18 14:25:41 [INFO] Worker 12: 代理 kamoney03.ddns.net:24012 設置成功
2024-12-18 14:25:42 [INFO] Worker 10: 向下滑動: 302 像素，並等待 3.594466195186194 秒
2024-12-18 14:25:42 [INFO] Worker 12: Cookies 已加載成功: cookies\66954958462_cookies.json
2024-12-18 14:25:43 [INFO] Worker 11: 正在開啟網站: https://lihi.cc/fCuUd
2024-12-18 14:25:43 [INFO] Worker 9: 向下滑動: 379 像素，並等待 4.9596044197141 秒
2024-12-18 14:25:44 [INFO] Worker 3: 向下滑動: 365 像素，並等待 4.623465618152693 秒
2024-12-18 14:25:44 [INFO] Worker 12: 帳號 66954958462 使用 cookies 成功登入
2024-12-18 14:25:44 [INFO] Worker 12: 登錄成功，開始處理帳號 66954958462 的操作...
2024-12-18 14:25:44 [INFO] Worker 12: 開始跳轉操作...
2024-12-18 14:25:44 [INFO] Worker 12: 正在開啟貼文: https://www.facebook.com/share/1HAVpvaRDF/
2024-12-18 14:25:44 [INFO] Worker 4: 向下滑動: 294 像素，並等待 3.7473258601458985 秒
2024-12-18 14:25:45 [INFO] Worker 8: 向下滑動: 354 像素，並等待 4.292039906350702 秒
2024-12-18 14:25:45 [INFO] Worker 11 隨機停留時間: 148 秒
2024-12-18 14:25:46 [INFO] Worker 7: 向下滑動: 251 像素，並等待 4.628542692118824 秒
2024-12-18 14:25:46 [INFO] Worker 12 隨機停留 8 秒
2024-12-18 14:25:46 [INFO] Worker 10: 向下滑動: 362 像素，並等待 4.3242966779358 秒
2024-12-18 14:25:46 [INFO] Worker 9: 向下滑動: 263 像素，並等待 3.362954663171017 秒
2024-12-18 14:25:48 [INFO] Worker 8: 帳號 66823237283 的任務已結束
2024-12-18 14:25:48 [INFO] Worker 13: 開始處理帳號 66804035563
2024-12-18 14:25:48 [INFO] Worker 4: 向下滑動: 201 像素，並等待 3.748456420721322 秒
2024-12-18 14:25:48 [INFO] Worker 3: 向下滑動: 398 像素，並等待 4.532825072878083 秒
2024-12-18 14:25:49 [INFO] Worker 11: 向下滑動: 352 像素，並等待 3.7744092007602514 秒
2024-12-18 14:25:49 [INFO] Worker 7: 向下滑動: 312 像素，並等待 3.830786898040971 秒
2024-12-18 14:25:50 [INFO] Worker 9: 向下滑動: 231 像素，並等待 3.062690749780619 秒
2024-12-18 14:25:51 [INFO] Worker 10: 向下滑動: 305 像素，並等待 4.474361897487732 秒
2024-12-18 14:25:51 [INFO] Worker 4: 向下滑動: 279 像素，並等待 3.2216300647503067 秒
2024-12-18 14:25:52 [INFO] Worker 3: 向下滑動: 253 像素，並等待 3.135422697223283 秒
2024-12-18 14:25:52 [INFO] Worker 11: 向下滑動: 386 像素，並等待 3.025242550634223 秒
2024-12-18 14:25:54 [INFO] Worker 7: 向下滑動: 361 像素，並等待 4.63237864846648 秒
2024-12-18 14:25:54 [INFO] Worker 13: 代理 kamoney03.ddns.net:24013 設置成功
2024-12-18 14:25:54 [INFO] Worker 9: 向下滑動: 324 像素，並等待 4.833169662790916 秒
2024-12-18 14:25:54 [INFO] Worker 12: 貼文已按過讚，無需重複操作
2024-12-18 14:25:54 [INFO] Worker 12 按讚後隨機停留 5 秒
2024-12-18 14:25:55 [INFO] Worker 10: 向下滑動: 306 像素，並等待 4.163681947808448 秒
2024-12-18 14:25:55 [INFO] Worker 13: Cookies 已加載成功: cookies\66804035563_cookies.json
2024-12-18 14:25:56 [INFO] Worker 4: 向下滑動: 365 像素，並等待 4.089319074244818 秒
2024-12-18 14:25:56 [INFO] Worker 3: 向下滑動: 394 像素，並等待 4.922593967831176 秒
2024-12-18 14:25:57 [INFO] Worker 7: 帳號 66990183891 的任務已結束
2024-12-18 14:25:57 [INFO] Worker 14: 開始處理帳號 66823121944
2024-12-18 14:25:57 [INFO] Worker 11: 向下滑動: 374 像素，並等待 4.562636607506598 秒
2024-12-18 14:25:57 [INFO] Worker 13: 帳號 66804035563 使用 cookies 成功登入
2024-12-18 14:25:57 [INFO] Worker 13: 登錄成功，開始處理帳號 66804035563 的操作...
2024-12-18 14:25:57 [INFO] Worker 13: 開始跳轉操作...
2024-12-18 14:25:57 [INFO] Worker 13: 正在開啟貼文: https://www.facebook.com/share/1HAVpvaRDF/
2024-12-18 14:25:58 [INFO] Worker 4: 帳號 66637943259 的任務已結束
2024-12-18 14:25:58 [INFO] Worker 15: 開始處理帳號 66814785452
2024-12-18 14:25:58 [INFO] Worker 9: 向下滑動: 364 像素，並等待 3.8879723223484497 秒
2024-12-18 14:25:59 [INFO] Worker 3: 帳號 66634899161 的任務已結束
2024-12-18 14:25:59 [INFO] Worker 10: 向下滑動: 366 像素，並等待 4.1008634320864505 秒
2024-12-18 14:25:59 [INFO] Worker 12: 正在開啟網站: https://lihi.cc/fCuUd
2024-12-18 14:26:00 [INFO] Worker 13 隨機停留 8 秒
2024-12-18 14:26:00 [INFO] Worker 11: 向下滑動: 276 像素，並等待 3.6470533830369387 秒
2024-12-18 14:26:02 [INFO] Worker 9: 向下滑動: 346 像素，並等待 3.560622185989358 秒
2024-12-18 14:26:02 [INFO] Worker 12 隨機停留時間: 175 秒
2024-12-18 14:26:03 [INFO] Worker 10: 向下滑動: 233 像素，並等待 3.7707706609253786 秒
2024-12-18 14:26:03 [INFO] Worker 14: 代理 kamoney03.ddns.net:24014 設置成功
2024-12-18 14:26:04 [INFO] Worker 11: 向下滑動: 291 像素，並等待 3.2436560484504406 秒
2024-12-18 14:26:04 [INFO] Worker 14: Cookies 已加載成功: cookies\66823121944_cookies.json
2024-12-18 14:26:05 [INFO] Worker 9: 向下滑動: 349 像素，並等待 3.3223902876624205 秒
2024-12-18 14:26:05 [INFO] Worker 12: 向下滑動: 214 像素，並等待 3.2192708588698054 秒
2024-12-18 14:26:06 [INFO] Worker 15: 代理 kamoney03.ddns.net:24015 設置成功
2024-12-18 14:26:06 [INFO] Worker 10: 向下滑動: 296 像素，並等待 3.493566283406755 秒
2024-12-18 14:26:07 [INFO] Worker 15: Cookies 已加載成功: cookies\66814785452_cookies.json
2024-12-18 14:26:07 [INFO] Worker 14: 帳號 66823121944 使用 cookies 成功登入
2024-12-18 14:26:07 [INFO] Worker 14: 登錄成功，開始處理帳號 66823121944 的操作...
2024-12-18 14:26:07 [INFO] Worker 14: 開始跳轉操作...
2024-12-18 14:26:07 [INFO] Worker 14: 正在開啟貼文: https://www.facebook.com/share/1HAVpvaRDF/
2024-12-18 14:26:08 [INFO] Worker 13: 貼文已按過讚，無需重複操作
2024-12-18 14:26:08 [INFO] Worker 13 按讚後隨機停留 5 秒
2024-12-18 14:26:08 [INFO] Worker 11: 向下滑動: 334 像素，並等待 4.703502167189811 秒
2024-12-18 14:26:09 [INFO] Worker 15: 帳號 66814785452 使用 cookies 成功登入
2024-12-18 14:26:09 [INFO] Worker 15: 登錄成功，開始處理帳號 66814785452 的操作...
2024-12-18 14:26:09 [INFO] Worker 15: 開始跳轉操作...
2024-12-18 14:26:09 [INFO] Worker 15: 正在開啟貼文: https://www.facebook.com/share/1HAVpvaRDF/
2024-12-18 14:26:10 [INFO] Worker 14 隨機停留 8 秒
2024-12-18 14:26:10 [INFO] Worker 9: 向下滑動: 237 像素，並等待 4.634267743160823 秒
2024-12-18 14:26:10 [INFO] Worker 12: 向下滑動: 334 像素，並等待 4.623925704580406 秒
2024-12-18 14:26:10 [INFO] Worker 10: 向下滑動: 264 像素，並等待 3.632727041180273 秒
2024-12-18 14:26:12 [INFO] Worker 15 隨機停留 7 秒
2024-12-18 14:26:12 [INFO] Worker 11: 向下滑動: 258 像素，並等待 4.022443112481618 秒
2024-12-18 14:26:13 [INFO] Worker 13: 正在開啟網站: https://lihi.cc/fCuUd
2024-12-18 14:26:13 [INFO] Worker 9: 向下滑動: 213 像素，並等待 3.2980066673695645 秒
2024-12-18 14:26:14 [INFO] Worker 10: 向下滑動: 201 像素，並等待 3.3780028362633416 秒
2024-12-18 14:26:14 [INFO] Worker 12: 向下滑動: 230 像素，並等待 3.6726656717022097 秒
2024-12-18 14:26:15 [INFO] Worker 13 隨機停留時間: 160 秒
2024-12-18 14:26:16 [INFO] Worker 11: 向下滑動: 389 像素，並等待 3.894955543639064 秒
2024-12-18 14:26:17 [INFO] Worker 10: 向下滑動: 234 像素，並等待 3.4116707688067427 秒
2024-12-18 14:26:17 [INFO] Worker 12: 向下滑動: 299 像素，並等待 3.627493169506412 秒
2024-12-18 14:26:18 [INFO] Worker 14: 貼文已按過讚，無需重複操作
2024-12-18 14:26:18 [INFO] Worker 14 按讚後隨機停留 3 秒
2024-12-18 14:26:18 [INFO] Worker 9: 向下滑動: 362 像素，並等待 4.971105514146442 秒
2024-12-18 14:26:19 [INFO] Worker 13: 向下滑動: 249 像素，並等待 3.3171541228671506 秒
2024-12-18 14:26:19 [INFO] Worker 15: 貼文已按過讚，無需重複操作
2024-12-18 14:26:19 [INFO] Worker 15 按讚後隨機停留 3 秒
2024-12-18 14:26:20 [INFO] Worker 11: 向下滑動: 390 像素，並等待 3.4825823096664266 秒
2024-12-18 14:26:21 [INFO] Worker 14: 正在開啟網站: https://lihi.cc/fCuUd
2024-12-18 14:26:22 [INFO] Worker 9: 向下滑動: 305 像素，並等待 3.484478148491599 秒
2024-12-18 14:26:22 [INFO] Worker 12: 向下滑動: 316 像素，並等待 4.339092840088452 秒
2024-12-18 14:26:22 [INFO] Worker 10: 向下滑動: 285 像素，並等待 4.933555530391594 秒
2024-12-18 14:26:22 [INFO] Worker 15: 正在開啟網站: https://lihi.cc/fCuUd
2024-12-18 14:26:23 [INFO] Worker 13: 向下滑動: 352 像素，並等待 4.081292460867195 秒
2024-12-18 14:26:23 [INFO] Worker 11: 向下滑動: 292 像素，並等待 3.2369361482810213 秒
2024-12-18 14:26:24 [INFO] Worker 14 隨機停留時間: 148 秒
2024-12-18 14:26:25 [INFO] Worker 15 隨機停留時間: 170 秒
2024-12-18 14:26:26 [INFO] Worker 10: 向下滑動: 392 像素，並等待 3.714177491361058 秒
2024-12-18 14:26:26 [INFO] Worker 12: 向下滑動: 346 像素，並等待 4.179580156527775 秒
2024-12-18 14:26:26 [INFO] Worker 13: 向下滑動: 214 像素，並等待 3.5468635837752953 秒
2024-12-18 14:26:26 [INFO] Worker 9: 向下滑動: 318 像素，並等待 4.639389016061785 秒
2024-12-18 14:26:28 [INFO] Worker 14: 向下滑動: 298 像素，並等待 3.94292975327489 秒
2024-12-18 14:26:28 [INFO] Worker 11: 向下滑動: 209 像素，並等待 4.911779968950276 秒
2024-12-18 14:26:29 [INFO] Worker 10: 向下滑動: 377 像素，並等待 3.6106340584504792 秒
2024-12-18 14:26:29 [INFO] Worker 9: 向下滑動: 228 像素，並等待 3.0073168336990577 秒
2024-12-18 14:26:29 [INFO] Worker 15: 向下滑動: 238 像素，並等待 4.384890984338687 秒
2024-12-18 14:26:30 [INFO] Worker 12: 向下滑動: 356 像素，並等待 4.593887342005991 秒
2024-12-18 14:26:31 [INFO] Worker 13: 向下滑動: 225 像素，並等待 4.697070047930379 秒
2024-12-18 14:26:31 [INFO] Worker 11: 向下滑動: 397 像素，並等待 3.463204359490023 秒
2024-12-18 14:26:33 [INFO] Worker 14: 向下滑動: 228 像素，並等待 4.964596715011585 秒
2024-12-18 14:26:33 [INFO] Worker 9: 向下滑動: 308 像素，並等待 3.6789078949058904 秒
2024-12-18 14:26:33 [INFO] Worker 15: 向下滑動: 229 像素，並等待 3.9548441988978325 秒
2024-12-18 14:26:34 [INFO] Worker 10: 向下滑動: 390 像素，並等待 4.794431474677516 秒
2024-12-18 14:26:35 [INFO] Worker 11: 向下滑動: 361 像素，並等待 3.6185608692223274 秒
2024-12-18 14:26:35 [INFO] Worker 13: 向下滑動: 202 像素，並等待 4.053254156844264 秒
2024-12-18 14:26:35 [INFO] Worker 12: 向下滑動: 243 像素，並等待 4.741411311966556 秒
2024-12-18 14:26:36 [INFO] Worker 9: 向下滑動: 279 像素，並等待 3.3502171157642633 秒
2024-12-18 14:26:36 [INFO] Worker 14: 向下滑動: 243 像素，並等待 3.857862440806194 秒
2024-12-18 14:26:37 [INFO] Worker 15: 向下滑動: 359 像素，並等待 3.9982474850146588 秒
2024-12-18 14:26:38 [INFO] Worker 11: 向下滑動: 259 像素，並等待 3.1095069011417538 秒
2024-12-18 14:26:38 [INFO] Worker 10: 向下滑動: 227 像素，並等待 4.073736675356897 秒
2024-12-18 14:26:39 [INFO] Worker 12: 向下滑動: 270 像素，並等待 3.5691035637952107 秒
2024-12-18 14:26:40 [INFO] Worker 13: 向下滑動: 201 像素，並等待 4.574343093425976 秒
2024-12-18 14:26:40 [INFO] Worker 9: 向下滑動: 298 像素，並等待 3.402957396474217 秒
2024-12-18 14:26:40 [INFO] Worker 14: 向下滑動: 245 像素，並等待 3.883776453470298 秒
2024-12-18 14:26:41 [INFO] Worker 15: 向下滑動: 335 像素，並等待 3.964269706229361 秒
2024-12-18 14:26:42 [INFO] Worker 10: 向下滑動: 309 像素，並等待 3.4196003074126846 秒
2024-12-18 14:26:43 [INFO] Worker 11: 向下滑動: 304 像素，並等待 4.525251267379063 秒
2024-12-18 14:26:44 [INFO] Worker 9: 向下滑動: 399 像素，並等待 3.9326887619094224 秒
2024-12-18 14:26:44 [INFO] Worker 12: 向下滑動: 301 像素，並等待 4.944311691050706 秒
2024-12-18 14:26:44 [INFO] Worker 13: 向下滑動: 351 像素，並等待 4.242953279560741 秒
2024-12-18 14:26:44 [INFO] Worker 14: 向下滑動: 258 像素，並等待 3.9093398291363313 秒
2024-12-18 14:26:45 [INFO] Worker 10: 向下滑動: 332 像素，並等待 3.654813207049134 秒
2024-12-18 14:26:46 [INFO] Worker 11: 向下滑動: 389 像素，並等待 3.270107408156141 秒
2024-12-18 14:26:46 [INFO] Worker 15: 向下滑動: 357 像素，並等待 4.778541861695297 秒
2024-12-18 14:26:48 [INFO] Worker 14: 向下滑動: 384 像素，並等待 3.396723415693655 秒
2024-12-18 14:26:48 [INFO] Worker 13: 向下滑動: 262 像素，並等待 3.8238102253468433 秒
2024-12-18 14:26:48 [INFO] Worker 9: 向下滑動: 314 像素，並等待 4.290873033730321 秒
2024-12-18 14:26:49 [INFO] Worker 12: 向下滑動: 377 像素，並等待 4.8553080330565415 秒
2024-12-18 14:26:49 [INFO] Worker 11: 向下滑動: 355 像素，並等待 3.195082724566423 秒
2024-12-18 14:26:50 [INFO] Worker 15: 向下滑動: 269 像素，並等待 3.6226607951896304 秒
2024-12-18 14:26:50 [INFO] Worker 10: 向下滑動: 328 像素，並等待 4.824339912814558 秒
2024-12-18 14:26:52 [INFO] Worker 14: 向下滑動: 213 像素，並等待 4.226514820276365 秒
2024-12-18 14:26:52 [INFO] Worker 9: 向下滑動: 213 像素，並等待 4.017070042164606 秒
2024-12-18 14:26:52 [INFO] Worker 13: 向下滑動: 203 像素，並等待 4.326532920162396 秒
2024-12-18 14:26:53 [INFO] Worker 11: 向下滑動: 307 像素，並等待 4.160559388080614 秒
2024-12-18 14:26:54 [INFO] Worker 12: 向下滑動: 222 像素，並等待 4.9409796550129785 秒
2024-12-18 14:26:54 [INFO] Worker 10: 向下滑動: 254 像素，並等待 4.10901149751887 秒
2024-12-18 14:26:55 [INFO] Worker 15: 向下滑動: 294 像素，並等待 4.947042981143788 秒
2024-12-18 14:26:56 [INFO] Worker 13: 向下滑動: 264 像素，並等待 4.248440816944347 秒
2024-12-18 14:26:56 [INFO] Worker 14: 向下滑動: 272 像素，並等待 4.596134065515403 秒
2024-12-18 14:26:57 [INFO] Worker 9: 向下滑動: 230 像素，並等待 4.54636666792358 秒
2024-12-18 14:26:57 [INFO] Worker 11: 向下滑動: 384 像素，並等待 3.646422342446043 秒
2024-12-18 14:26:57 [INFO] Worker 12: 向下滑動: 367 像素，並等待 3.552377479557142 秒
2024-12-18 14:26:57 [INFO] Worker 10: 向下滑動: 288 像素，並等待 3.1343095418277214 秒
2024-12-18 14:26:59 [INFO] Worker 15: 向下滑動: 298 像素，並等待 4.799076816495769 秒
2024-12-18 14:27:00 [INFO] Worker 9: 向下滑動: 220 像素，並等待 3.4171166852730686 秒
2024-12-18 14:27:00 [INFO] Worker 12: 向下滑動: 279 像素，並等待 3.213500581036122 秒
2024-12-18 14:27:00 [INFO] Worker 14: 向下滑動: 397 像素，並等待 3.8614966425011863 秒
2024-12-18 14:27:01 [INFO] Worker 10: 向下滑動: 398 像素，並等待 3.282750679741425 秒
2024-12-18 14:27:01 [INFO] Worker 13: 向下滑動: 208 像素，並等待 4.923105575564714 秒
2024-12-18 14:27:02 [INFO] Worker 11: 向下滑動: 352 像素，並等待 4.68663064594077 秒
2024-12-18 14:27:03 [INFO] Worker 15: 向下滑動: 371 像素，並等待 3.9810274216103223 秒
2024-12-18 14:27:04 [INFO] Worker 14: 向下滑動: 228 像素，並等待 3.4638791202493207 秒
2024-12-18 14:27:04 [INFO] Worker 10: 向下滑動: 290 像素，並等待 3.790154622531375 秒
2024-12-18 14:27:04 [INFO] Worker 9: 向下滑動: 257 像素，並等待 4.464497612018561 秒
2024-12-18 14:27:05 [INFO] Worker 13: 向下滑動: 222 像素，並等待 3.77663927457484 秒
2024-12-18 14:27:05 [INFO] Worker 12: 向下滑動: 357 像素，並等待 4.998563298592124 秒
2024-12-18 14:27:06 [INFO] Worker 11: 向下滑動: 350 像素，並等待 4.807286466923056 秒
2024-12-18 14:27:07 [INFO] Worker 15: 向下滑動: 377 像素，並等待 4.05432031642272 秒
2024-12-18 14:27:08 [INFO] Worker 9: 向下滑動: 228 像素，並等待 3.085485541718093 秒
2024-12-18 14:27:08 [INFO] Worker 14: 向下滑動: 255 像素，並等待 3.7955156128228342 秒
2024-12-18 14:27:09 [INFO] Worker 10: 向下滑動: 384 像素，並等待 4.393760532702579 秒
2024-12-18 14:27:09 [INFO] Worker 13: 向下滑動: 343 像素，並等待 4.106465911883959 秒
2024-12-18 14:27:09 [INFO] Worker 12: 向下滑動: 397 像素，並等待 3.9161764315815057 秒
2024-12-18 14:27:11 [INFO] Worker 11: 向下滑動: 306 像素，並等待 4.228355384569817 秒
2024-12-18 14:27:12 [INFO] Worker 15: 向下滑動: 267 像素，並等待 4.290370104821601 秒
2024-12-18 14:27:12 [INFO] Worker 9: 向下滑動: 323 像素，並等待 4.404368411319108 秒
2024-12-18 14:27:12 [INFO] Worker 14: 向下滑動: 337 像素，並等待 4.50684547233678 秒
2024-12-18 14:27:13 [INFO] Worker 10: 向下滑動: 326 像素，並等待 3.843430782037129 秒
2024-12-18 14:27:13 [INFO] Worker 13: 向下滑動: 257 像素，並等待 4.2200210918172285 秒
2024-12-18 14:27:14 [INFO] Worker 12: 向下滑動: 313 像素，並等待 4.6090652885498775 秒
2024-12-18 14:27:15 [INFO] Worker 11: 向下滑動: 369 像素，並等待 3.8508921712061124 秒
2024-12-18 14:27:15 [INFO] Worker 14: 向下滑動: 319 像素，並等待 3.1842565775092213 秒
2024-12-18 14:27:16 [INFO] Worker 15: 向下滑動: 326 像素，並等待 4.496399628549603 秒
2024-12-18 14:27:16 [INFO] Worker 10: 向下滑動: 204 像素，並等待 3.6656446398906075 秒
2024-12-18 14:27:17 [INFO] Worker 9: 向下滑動: 299 像素，並等待 4.658175429767425 秒
2024-12-18 14:27:18 [INFO] Worker 12: 向下滑動: 210 像素，並等待 3.7389071862418986 秒
2024-12-18 14:27:18 [INFO] Worker 11: 向下滑動: 346 像素，並等待 3.1389946212852733 秒
2024-12-18 14:27:18 [INFO] Worker 13: 向下滑動: 235 像素，並等待 4.605965482249915 秒
2024-12-18 14:27:19 [INFO] Worker 14: 向下滑動: 270 像素，並等待 4.0976569196533275 秒
2024-12-18 14:27:20 [INFO] Worker 9: 向下滑動: 215 像素，並等待 3.100843102153833 秒
2024-12-18 14:27:20 [INFO] Worker 15: 向下滑動: 277 像素，並等待 3.823263092906222 秒
2024-12-18 14:27:21 [INFO] Worker 10: 向下滑動: 216 像素，並等待 4.64296032395453 秒
2024-12-18 14:27:21 [INFO] Worker 11: 向下滑動: 361 像素，並等待 3.521948342721769 秒
2024-12-18 14:27:22 [INFO] Worker 12: 向下滑動: 238 像素，並等待 4.067610650167541 秒
2024-12-18 14:27:22 [INFO] Worker 13: 向下滑動: 367 像素，並等待 4.5159545789265945 秒
2024-12-18 14:27:23 [INFO] Worker 9: 向下滑動: 317 像素，並等待 3.332383050183935 秒
2024-12-18 14:27:24 [INFO] Worker 14: 向下滑動: 233 像素，並等待 4.811678980105596 秒
2024-12-18 14:27:25 [INFO] Worker 15: 向下滑動: 218 像素，並等待 4.405996820301043 秒
2024-12-18 14:27:25 [INFO] Worker 11: 向下滑動: 220 像素，並等待 3.5248299800239673 秒
2024-12-18 14:27:25 [INFO] Worker 10: 向下滑動: 393 像素，並等待 4.422216954143922 秒
2024-12-18 14:27:26 [INFO] Worker 12: 向下滑動: 398 像素，並等待 4.1663623766256865 秒
2024-12-18 14:27:27 [INFO] Worker 13: 向下滑動: 337 像素，並等待 4.896075726307805 秒
2024-12-18 14:27:28 [INFO] Worker 9: 向下滑動: 340 像素，並等待 4.738881401130731 秒
2024-12-18 14:27:28 [INFO] Worker 14: 向下滑動: 281 像素，並等待 3.7466589036229374 秒
2024-12-18 14:27:28 [INFO] Worker 15: 向下滑動: 246 像素，並等待 3.6318649814071833 秒
2024-12-18 14:27:29 [INFO] Worker 11: 向下滑動: 284 像素，並等待 4.352286734870069 秒
2024-12-18 14:27:30 [INFO] Worker 12: 向下滑動: 249 像素，並等待 3.73309945387187 秒
2024-12-18 14:27:30 [INFO] Worker 10: 向下滑動: 259 像素，並等待 4.6971401295177815 秒
2024-12-18 14:27:31 [INFO] Worker 9: 向下滑動: 224 像素，並等待 3.5932138870149526 秒
2024-12-18 14:27:32 [INFO] Worker 13: 向下滑動: 218 像素，並等待 4.424265221544655 秒
2024-12-18 14:27:32 [INFO] Worker 11: 向下滑動: 363 像素，並等待 3.0352471072636193 秒
2024-12-18 14:27:32 [INFO] Worker 15: 向下滑動: 220 像素，並等待 4.230442012865779 秒
2024-12-18 14:27:32 [INFO] Worker 14: 向下滑動: 344 像素，並等待 4.457511928599461 秒
2024-12-18 14:27:34 [INFO] Worker 12: 向下滑動: 231 像素，並等待 4.763276605897169 秒
2024-12-18 14:27:35 [INFO] Worker 10: 向下滑動: 378 像素，並等待 4.91098405507215 秒
2024-12-18 14:27:36 [INFO] Worker 9: 向下滑動: 237 像素，並等待 4.454675141122322 秒
2024-12-18 14:27:36 [INFO] Worker 13: 向下滑動: 306 像素，並等待 4.096142136637146 秒
2024-12-18 14:27:36 [INFO] Worker 14: 向下滑動: 370 像素，並等待 3.5638557022954593 秒
2024-12-18 14:27:36 [INFO] Worker 11: 向下滑動: 240 像素，並等待 4.200449326239666 秒
2024-12-18 14:27:37 [INFO] Worker 15: 向下滑動: 317 像素，並等待 4.52322043313869 秒
2024-12-18 14:27:39 [INFO] Worker 12: 向下滑動: 362 像素，並等待 4.452517123668023 秒
2024-12-18 14:27:40 [INFO] Worker 10: 向下滑動: 200 像素，並等待 4.555366708034933 秒
2024-12-18 14:27:40 [INFO] Worker 11: 向下滑動: 278 像素，並等待 3.3791661471411536 秒
2024-12-18 14:27:40 [INFO] Worker 13: 向下滑動: 259 像素，並等待 4.0973219240583845 秒
2024-12-18 14:27:40 [INFO] Worker 9: 向下滑動: 270 像素，並等待 4.385374183667661 秒
2024-12-18 14:27:40 [INFO] Worker 15: 向下滑動: 324 像素，並等待 3.3843239064130657 秒
2024-12-18 14:27:41 [INFO] Worker 14: 向下滑動: 262 像素，並等待 4.801519214526036 秒
2024-12-18 14:27:43 [INFO] Worker 12: 向下滑動: 382 像素，並等待 4.2081179736599275 秒
2024-12-18 14:27:43 [INFO] Worker 10: 向下滑動: 227 像素，並等待 3.6151485886953605 秒
2024-12-18 14:27:43 [INFO] Worker 11: 向下滑動: 301 像素，並等待 3.6718512200944238 秒
2024-12-18 14:27:44 [INFO] Worker 9: 向下滑動: 367 像素，並等待 3.493246045739734 秒
2024-12-18 14:27:44 [INFO] Worker 14: 向下滑動: 208 像素，並等待 3.465033508716101 秒
2024-12-18 14:27:45 [INFO] Worker 13: 向下滑動: 245 像素，並等待 4.670070639602545 秒
2024-12-18 14:27:45 [INFO] Worker 15: 向下滑動: 374 像素，並等待 4.71285393248592 秒
2024-12-18 14:27:47 [INFO] Worker 12: 向下滑動: 334 像素，並等待 4.371169645213294 秒
2024-12-18 14:27:47 [INFO] Worker 11: 向下滑動: 253 像素，並等待 4.0329551772378025 秒
2024-12-18 14:27:48 [INFO] Worker 10: 向下滑動: 291 像素，並等待 4.368336309586333 秒
2024-12-18 14:27:48 [INFO] Worker 14: 向下滑動: 304 像素，並等待 3.8625255148765625 秒
2024-12-18 14:27:48 [INFO] Worker 13: 向下滑動: 299 像素，並等待 3.5591302781933654 秒
2024-12-18 14:27:48 [INFO] Worker 9: 向下滑動: 240 像素，並等待 4.495000648659309 秒
2024-12-18 14:27:49 [INFO] Worker 15: 向下滑動: 351 像素，並等待 3.586707143733995 秒
2024-12-18 14:27:51 [INFO] Worker 11: 向下滑動: 286 像素，並等待 3.1862159559500522 秒
2024-12-18 14:27:52 [INFO] Worker 13: 向下滑動: 260 像素，並等待 3.4198553353408485 秒
2024-12-18 14:27:52 [INFO] Worker 12: 向下滑動: 239 像素，並等待 4.3215223070006505 秒
2024-12-18 14:27:52 [INFO] Worker 9: 向下滑動: 222 像素，並等待 3.7790372383042348 秒
2024-12-18 14:27:52 [INFO] Worker 10: 向下滑動: 325 像素，並等待 4.652361170618071 秒
2024-12-18 14:27:52 [INFO] Worker 14: 向下滑動: 257 像素，並等待 4.14733343066665 秒
2024-12-18 14:27:52 [INFO] Worker 15: 向下滑動: 391 像素，並等待 3.810132729078484 秒
2024-12-18 14:27:55 [INFO] Worker 11: 向下滑動: 223 像素，並等待 4.83666282673622 秒
2024-12-18 14:27:56 [INFO] Worker 15: 向下滑動: 379 像素，並等待 3.1731779178236197 秒
2024-12-18 14:27:56 [INFO] Worker 14: 向下滑動: 292 像素，並等待 3.325681284603972 秒
2024-12-18 14:27:56 [INFO] Worker 12: 向下滑動: 313 像素，並等待 4.071745739524185 秒
2024-12-18 14:27:56 [INFO] Worker 9: 向下滑動: 385 像素，並等待 4.270976226391032 秒
2024-12-18 14:27:56 [INFO] Worker 13: 向下滑動: 316 像素，並等待 4.728887729721641 秒
2024-12-18 14:27:57 [INFO] Worker 10: 向下滑動: 399 像素，並等待 4.322508678969818 秒
2024-12-18 14:27:59 [INFO] Worker 12: 向下滑動: 367 像素，並等待 3.302442922499245 秒
2024-12-18 14:27:59 [INFO] Worker 14: 向下滑動: 360 像素，並等待 3.752308335957004 秒
2024-12-18 14:28:00 [INFO] Worker 9: 向下滑動: 303 像素，並等待 3.41183812475055 秒
2024-12-18 14:28:00 [INFO] Worker 11: 向下滑動: 320 像素，並等待 4.512860290508895 秒
2024-12-18 14:28:00 [INFO] Worker 15: 向下滑動: 342 像素，並等待 4.689621784132755 秒
2024-12-18 14:28:01 [INFO] Worker 13: 向下滑動: 327 像素，並等待 4.224146603729924 秒
2024-12-18 14:28:01 [INFO] Worker 10: 向下滑動: 235 像素，並等待 4.585759116700001 秒
2024-12-18 14:28:03 [INFO] Worker 11: 向下滑動: 230 像素，並等待 3.1742043334783077 秒
2024-12-18 14:28:04 [INFO] Worker 12: 向下滑動: 353 像素，並等待 4.488753915148928 秒
2024-12-18 14:28:04 [INFO] Worker 14: 向下滑動: 333 像素，並等待 4.34127742135864 秒
2024-12-18 14:28:04 [INFO] Worker 13: 向下滑動: 271 像素，並等待 3.2750196348033493 秒
2024-12-18 14:28:04 [INFO] Worker 10: 向下滑動: 308 像素，並等待 3.2662836074069626 秒
2024-12-18 14:28:05 [INFO] Worker 9: 向下滑動: 391 像素，並等待 4.96254162799911 秒
2024-12-18 14:28:05 [INFO] Worker 15: 向下滑動: 253 像素，並等待 4.589045995306202 秒
2024-12-18 14:28:07 [INFO] Worker 14: 向下滑動: 307 像素，並等待 3.1489674335532496 秒
2024-12-18 14:28:07 [INFO] Worker 13: 向下滑動: 204 像素，並等待 3.2488062006469285 秒
2024-12-18 14:28:07 [INFO] Worker 11: 向下滑動: 232 像素，並等待 4.094093508717932 秒
2024-12-18 14:28:08 [INFO] Worker 12: 向下滑動: 388 像素，並等待 3.9339243939512283 秒
2024-12-18 14:28:09 [INFO] Worker 9: 向下滑動: 230 像素，並等待 4.18678710355222 秒
2024-12-18 14:28:09 [INFO] Worker 10: 向下滑動: 340 像素，並等待 4.901099513603379 秒
2024-12-18 14:28:10 [INFO] Worker 15: 向下滑動: 377 像素，並等待 4.8403030369501625 秒
2024-12-18 14:28:11 [INFO] Worker 14: 向下滑動: 338 像素，並等待 3.8018657340149735 秒
2024-12-18 14:28:11 [INFO] Worker 13: 向下滑動: 364 像素，並等待 3.5567623078870403 秒
2024-12-18 14:28:12 [INFO] Worker 11: 向下滑動: 237 像素，並等待 4.789501883545974 秒
2024-12-18 14:28:12 [INFO] Worker 12: 向下滑動: 295 像素，並等待 4.6615927697172586 秒
2024-12-18 14:28:12 [INFO] Worker 9: 向下滑動: 355 像素，並等待 3.3327558209671144 秒
2024-12-18 14:28:13 [INFO] Worker 15: 向下滑動: 271 像素，並等待 3.1055087390668636 秒
2024-12-18 14:28:14 [INFO] Worker 13: 向下滑動: 247 像素，並等待 3.2011688770309954 秒
2024-12-18 14:28:14 [INFO] Worker 10: 向下滑動: 357 像素，並等待 4.740814996819766 秒
2024-12-18 14:28:15 [INFO] Worker 14: 向下滑動: 318 像素，並等待 4.083947806890324 秒
2024-12-18 14:28:15 [INFO] Worker 9: 向下滑動: 254 像素，並等待 3.071669642539982 秒
2024-12-18 14:28:16 [INFO] Worker 11: 向下滑動: 275 像素，並等待 4.079684566796986 秒
2024-12-18 14:28:16 [INFO] Worker 12: 向下滑動: 208 像素，並等待 4.248579342710817 秒
2024-12-18 14:28:18 [INFO] Worker 15: 向下滑動: 394 像素，並等待 4.809931301115281 秒
2024-12-18 14:28:18 [INFO] Worker 10: 向下滑動: 351 像素，並等待 4.032428923422543 秒
2024-12-18 14:28:18 [INFO] Worker 13: 向下滑動: 230 像素，並等待 4.4955363247882785 秒
2024-12-18 14:28:19 [INFO] Worker 11: 帳號 66643407753 的任務已結束
2024-12-18 14:28:19 [INFO] Worker 14: 向下滑動: 351 像素，並等待 4.46585413960175 秒
2024-12-18 14:28:20 [INFO] Worker 12: 向下滑動: 378 像素，並等待 3.282180191006562 秒
2024-12-18 14:28:20 [INFO] Worker 9: 向下滑動: 361 像素，並等待 4.784000877759177 秒
2024-12-18 14:28:21 [INFO] Worker 15: 向下滑動: 209 像素，並等待 3.780712224716754 秒
2024-12-18 14:28:22 [INFO] Worker 10: 向下滑動: 238 像素，並等待 3.7461652192346175 秒
2024-12-18 14:28:22 [INFO] Worker 14: 向下滑動: 309 像素，並等待 3.058108126472715 秒
2024-12-18 14:28:22 [INFO] Worker 13: 向下滑動: 345 像素，並等待 3.997248929010537 秒
2024-12-18 14:28:23 [INFO] Worker 12: 向下滑動: 378 像素，並等待 3.38047401304609 秒
2024-12-18 14:28:25 [INFO] Worker 9: 向下滑動: 381 像素，並等待 4.549125422067662 秒
2024-12-18 14:28:25 [INFO] Worker 15: 向下滑動: 373 像素，並等待 3.4173053998122205 秒
2024-12-18 14:28:26 [INFO] Worker 13: 向下滑動: 208 像素，並等待 3.499531447133145 秒
2024-12-18 14:28:26 [INFO] Worker 10: 向下滑動: 264 像素，並等待 4.4729143011091175 秒
2024-12-18 14:28:27 [INFO] Worker 14: 向下滑動: 347 像素，並等待 4.813468993715218 秒
2024-12-18 14:28:28 [INFO] Worker 12: 向下滑動: 296 像素，並等待 4.925469315082028 秒
2024-12-18 14:28:28 [INFO] Worker 9: 向下滑動: 275 像素，並等待 3.397261840473453 秒
2024-12-18 14:28:29 [INFO] Worker 15: 向下滑動: 214 像素，並等待 4.416391956289352 秒
2024-12-18 14:28:30 [INFO] Worker 13: 向下滑動: 296 像素，並等待 3.9235809428737154 秒
2024-12-18 14:28:31 [INFO] Worker 14: 向下滑動: 244 像素，並等待 3.6900058223612335 秒
2024-12-18 14:28:31 [INFO] Worker 10: 向下滑動: 324 像素，並等待 4.564156829491362 秒
2024-12-18 14:28:31 [INFO] Worker 9: 向下滑動: 390 像素，並等待 3.2752025722234093 秒
2024-12-18 14:28:31 [INFO] Worker 12: 向下滑動: 286 像素，並等待 3.3495878871459044 秒
2024-12-18 14:28:33 [INFO] Worker 13: 向下滑動: 219 像素，並等待 3.40436422768804 秒
2024-12-18 14:28:33 [INFO] Worker 10: 帳號 66646155782 的任務已結束
2024-12-18 14:28:34 [INFO] Worker 9: 帳號 66991704166 的任務已結束
2024-12-18 14:28:34 [INFO] Worker 15: 向下滑動: 385 像素，並等待 4.57371637670666 秒
2024-12-18 14:28:35 [INFO] Worker 14: 向下滑動: 267 像素，並等待 3.719239167627945 秒
2024-12-18 14:28:35 [INFO] Worker 12: 向下滑動: 285 像素，並等待 3.8265268360205598 秒
2024-12-18 14:28:36 [INFO] Worker 13: 向下滑動: 299 像素，並等待 3.0700603559545367 秒
2024-12-18 14:28:38 [INFO] Worker 15: 向下滑動: 363 像素，並等待 3.6141427200990406 秒
2024-12-18 14:28:38 [INFO] Worker 14: 向下滑動: 374 像素，並等待 3.3704125228459434 秒
2024-12-18 14:28:39 [INFO] Worker 12: 向下滑動: 200 像素，並等待 3.617506412332915 秒
2024-12-18 14:28:41 [INFO] Worker 13: 向下滑動: 388 像素，並等待 4.491497127597784 秒
2024-12-18 14:28:41 [INFO] Worker 14: 向下滑動: 361 像素，並等待 3.2565982496909456 秒
2024-12-18 14:28:41 [INFO] Worker 15: 向下滑動: 285 像素，並等待 3.7104719716896257 秒
2024-12-18 14:28:43 [INFO] Worker 12: 向下滑動: 241 像素，並等待 4.480206336991488 秒
2024-12-18 14:28:45 [INFO] Worker 13: 向下滑動: 254 像素，並等待 3.742713656501245 秒
2024-12-18 14:28:45 [INFO] Worker 15: 向下滑動: 242 像素，並等待 3.8372300982167933 秒
2024-12-18 14:28:46 [INFO] Worker 14: 向下滑動: 368 像素，並等待 4.797310976667567 秒
2024-12-18 14:28:48 [INFO] Worker 12: 向下滑動: 296 像素，並等待 4.5065789518753245 秒
2024-12-18 14:28:49 [INFO] Worker 13: 向下滑動: 353 像素，並等待 4.855416394544634 秒
2024-12-18 14:28:50 [INFO] Worker 15: 向下滑動: 328 像素，並等待 4.933740710071827 秒
2024-12-18 14:28:50 [INFO] Worker 14: 向下滑動: 373 像素，並等待 4.193586162667677 秒
2024-12-18 14:28:52 [INFO] Worker 12: 向下滑動: 390 像素，並等待 4.407946884147812 秒
2024-12-18 14:28:53 [INFO] Worker 13: 向下滑動: 294 像素，並等待 3.015179842957892 秒
2024-12-18 14:28:54 [INFO] Worker 14: 向下滑動: 231 像素，並等待 4.082812032508512 秒
2024-12-18 14:28:55 [INFO] Worker 15: 向下滑動: 303 像素，並等待 4.473482095645349 秒
2024-12-18 14:28:57 [INFO] Worker 14: 帳號 66823121944 的任務已結束
2024-12-18 14:28:57 [INFO] Worker 13: 向下滑動: 254 像素，並等待 4.359452774464906 秒
2024-12-18 14:28:57 [INFO] Worker 12: 向下滑動: 320 像素，並等待 4.791789623830065 秒
2024-12-18 14:28:59 [INFO] Worker 15: 向下滑動: 276 像素，並等待 4.114323577902109 秒
2024-12-18 14:28:59 [INFO] Worker 13: 帳號 66804035563 的任務已結束
2024-12-18 14:28:59 [INFO] Worker 12: 瀏覽器已關閉，任務已完成
2024-12-18 14:29:00 [INFO] Worker 12: 帳號 66954958462 的任務已結束
2024-12-18 14:29:03 [INFO] Worker 15: 向下滑動: 338 像素，並等待 4.77811994548941 秒
2024-12-18 14:29:07 [INFO] Worker 15: 向下滑動: 400 像素，並等待 3.630872140886633 秒
2024-12-18 14:29:10 [INFO] Worker 15: 向下滑動: 200 像素，並等待 3.1821479383755 秒
2024-12-18 14:29:15 [INFO] Worker 15: 向下滑動: 373 像素，並等待 4.718304742612606 秒
2024-12-18 14:29:17 [INFO] Worker 15: 帳號 66814785452 的任務已結束
