2024-12-18 13:43:43 [INFO] 請選擇您要使用的 Excel 檔案...
2024-12-18 13:43:47 [INFO] 選擇的 Excel 檔案路徑：C:/Users/user/Desktop/SuChenAI/Factbook-RPA-clickurl/data/fb_account_data_test.xlsx
2024-12-18 13:43:47 [INFO] 請輸入最大多開數量 (1-10，預設為 1):
2024-12-18 13:43:51 [INFO] 最大多開數量已設定為：8
2024-12-18 13:43:51 [INFO] 螢幕寬度：2560，螢幕高度：1440，縮放比例：1.5
2024-12-18 13:43:51 [INFO] 開始處理跳轉帳號...
2024-12-18 13:43:51 [INFO] Worker 1: 開始處理帳號 66634899161
2024-12-18 13:43:51 [INFO] Worker 2: 開始處理帳號 66637943259
2024-12-18 13:43:51 [INFO] Worker 3: 開始處理帳號 66634899161
2024-12-18 13:43:51 [INFO] Worker 4: 開始處理帳號 66637943259
2024-12-18 13:43:51 [INFO] Worker 5: 開始處理帳號 66619622845
2024-12-18 13:43:51 [INFO] Worker 6: 開始處理帳號 66935324825
2024-12-18 13:43:51 [INFO] Worker 7: 開始處理帳號 66990183891
2024-12-18 13:43:51 [INFO] Worker 8: 開始處理帳號 66823237283
2024-12-18 13:43:51 [INFO] 開始監控任務狀態...
2024-12-18 13:43:59 [INFO] Worker 1: 代理 kamoney03.ddns.net:24004 設置成功
2024-12-18 13:44:00 [INFO] Worker 3: 代理 kamoney03.ddns.net:24004 設置成功
2024-12-18 13:44:00 [INFO] Worker 1: Cookies 已加載成功: cookies\66634899161_cookies.json
2024-12-18 13:44:01 [INFO] Worker 6: 代理 kamoney03.ddns.net:24006 設置成功
2024-12-18 13:44:02 [INFO] Worker 3: Cookies 已加載成功: cookies\66634899161_cookies.json
2024-12-18 13:44:02 [INFO] Worker 8: 代理 kamoney03.ddns.net:24008 設置成功
2024-12-18 13:44:02 [INFO] Worker 2: 代理 kamoney03.ddns.net:24003 設置成功
2024-12-18 13:44:03 [INFO] Worker 6: Cookies 已加載成功: cookies\66935324825_cookies.json
2024-12-18 13:44:04 [INFO] Worker 1: 帳號 66634899161 使用 cookies 成功登入
2024-12-18 13:44:04 [INFO] Worker 1: 登錄成功，開始處理帳號 66634899161 的操作...
2024-12-18 13:44:04 [INFO] Worker 1: 開始跳轉操作...
2024-12-18 13:44:04 [INFO] Worker 1: 正在開啟貼文: https://www.facebook.com/share/1HAVpvaRDF/
2024-12-18 13:44:04 [INFO] Worker 2: Cookies 已加載成功: cookies\66637943259_cookies.json
2024-12-18 13:44:04 [INFO] Worker 7: 代理 kamoney03.ddns.net:24001 設置成功
2024-12-18 13:44:04 [INFO] Worker 4: 代理 kamoney03.ddns.net:24003 設置成功
2024-12-18 13:44:04 [INFO] Worker 3: 帳號 66634899161 使用 cookies 成功登入
2024-12-18 13:44:04 [INFO] Worker 3: 登錄成功，開始處理帳號 66634899161 的操作...
2024-12-18 13:44:04 [INFO] Worker 3: 開始跳轉操作...
2024-12-18 13:44:04 [INFO] Worker 3: 正在開啟貼文: https://www.facebook.com/share/1HAVpvaRDF/
2024-12-18 13:44:04 [INFO] Worker 8: Cookies 已加載成功: cookies\66823237283_cookies.json
2024-12-18 13:44:05 [INFO] Worker 5: 代理 kamoney03.ddns.net:24005 設置成功
2024-12-18 13:44:06 [INFO] Worker 4: Cookies 已加載成功: cookies\66637943259_cookies.json
2024-12-18 13:44:06 [INFO] Worker 6: 帳號 66935324825 使用 cookies 成功登入
2024-12-18 13:44:06 [INFO] Worker 6: 登錄成功，開始處理帳號 66935324825 的操作...
2024-12-18 13:44:06 [INFO] Worker 6: 開始跳轉操作...
2024-12-18 13:44:06 [INFO] Worker 6: 正在開啟貼文: https://www.facebook.com/share/1HAVpvaRDF/
2024-12-18 13:44:07 [INFO] Worker 8: 帳號 66823237283 使用 cookies 成功登入
2024-12-18 13:44:07 [INFO] Worker 8: 登錄成功，開始處理帳號 66823237283 的操作...
2024-12-18 13:44:07 [INFO] Worker 8: 開始跳轉操作...
2024-12-18 13:44:07 [INFO] Worker 8: 正在開啟貼文: https://www.facebook.com/share/1HAVpvaRDF/
2024-12-18 13:44:07 [INFO] Worker 2: 帳號 66637943259 使用 cookies 成功登入
2024-12-18 13:44:07 [INFO] Worker 2: 登錄成功，開始處理帳號 66637943259 的操作...
2024-12-18 13:44:07 [INFO] Worker 2: 開始跳轉操作...
2024-12-18 13:44:07 [INFO] Worker 2: 正在開啟貼文: https://www.facebook.com/share/1HAVpvaRDF/
2024-12-18 13:44:08 [INFO] Worker 3 隨機停留 6 秒
2024-12-18 13:44:09 [INFO] Worker 1 隨機停留 6 秒
2024-12-18 13:44:10 [INFO] Worker 4: 帳號 66637943259 使用 cookies 成功登入
2024-12-18 13:44:10 [INFO] Worker 4: 登錄成功，開始處理帳號 66637943259 的操作...
2024-12-18 13:44:10 [INFO] Worker 4: 開始跳轉操作...
2024-12-18 13:44:10 [INFO] Worker 4: 正在開啟貼文: https://www.facebook.com/share/1HAVpvaRDF/
2024-12-18 13:44:10 [INFO] Worker 6 隨機停留 7 秒
2024-12-18 13:44:10 [INFO] Worker 5: Cookies 已加載成功: cookies\66619622845_cookies.json
2024-12-18 13:44:10 [INFO] Worker 7: Cookies 已加載成功: cookies\66990183891_cookies.json
2024-12-18 13:44:12 [INFO] Worker 2 隨機停留 6 秒
2024-12-18 13:44:12 [INFO] Worker 5: 帳號 66619622845 使用 cookies 成功登入
2024-12-18 13:44:12 [INFO] Worker 5: 登錄成功，開始處理帳號 66619622845 的操作...
2024-12-18 13:44:12 [INFO] Worker 5: 開始跳轉操作...
2024-12-18 13:44:12 [INFO] Worker 5: 正在開啟貼文: https://www.facebook.com/share/1HAVpvaRDF/
2024-12-18 13:44:14 [INFO] Worker 4 隨機停留 6 秒
2024-12-18 13:44:15 [INFO] Worker 8 隨機停留 8 秒
2024-12-18 13:44:15 [INFO] Worker 7: 帳號 66990183891 使用 cookies 成功登入
2024-12-18 13:44:15 [INFO] Worker 7: 登錄成功，開始處理帳號 66990183891 的操作...
2024-12-18 13:44:15 [INFO] Worker 7: 開始跳轉操作...
2024-12-18 13:44:15 [INFO] Worker 7: 正在開啟貼文: https://www.facebook.com/share/1HAVpvaRDF/
2024-12-18 13:44:16 [INFO] Worker 5 隨機停留 8 秒
2024-12-18 13:44:18 [INFO] Worker 2: 貼文已按過讚，無需重複操作
2024-12-18 13:44:18 [INFO] Worker 2 按讚後隨機停留 3 秒
2024-12-18 13:44:19 [INFO] Worker 7 隨機停留 8 秒
2024-12-18 13:44:20 [INFO] Worker 4: 貼文已按過讚，無需重複操作
2024-12-18 13:44:20 [INFO] Worker 4 按讚後隨機停留 4 秒
2024-12-18 13:44:21 [INFO] Worker 3: 貼文已按過讚，無需重複操作
2024-12-18 13:44:21 [INFO] Worker 3 按讚後隨機停留 3 秒
2024-12-18 13:44:21 [INFO] Worker 2: 正在開啟網站: https://lihi.cc/fCuUd
2024-12-18 13:44:23 [INFO] Worker 6: 貼文已按過讚，無需重複操作
2024-12-18 13:44:23 [INFO] Worker 6 按讚後隨機停留 3 秒
2024-12-18 13:44:23 [INFO] Worker 8: 貼文已按過讚，無需重複操作
2024-12-18 13:44:23 [INFO] Worker 8 按讚後隨機停留 4 秒
2024-12-18 13:44:24 [INFO] Worker 1: 貼文已按過讚，無需重複操作
2024-12-18 13:44:24 [INFO] Worker 1 按讚後隨機停留 4 秒
2024-12-18 13:44:24 [INFO] Worker 3: 正在開啟網站: https://lihi.cc/fCuUd
2024-12-18 13:44:24 [INFO] Worker 4: 正在開啟網站: https://lihi.cc/fCuUd
2024-12-18 13:44:25 [INFO] Worker 5: 貼文已按過讚，無需重複操作
2024-12-18 13:44:25 [INFO] Worker 5 按讚後隨機停留 4 秒
2024-12-18 13:44:25 [INFO] Worker 2 隨機停留時間: 176 秒
2024-12-18 13:44:26 [INFO] Worker 6: 正在開啟網站: https://lihi.cc/fCuUd
2024-12-18 13:44:27 [INFO] Worker 7: 貼文已按過讚，無需重複操作
2024-12-18 13:44:27 [INFO] Worker 7 按讚後隨機停留 3 秒
2024-12-18 13:44:27 [INFO] Worker 8: 正在開啟網站: https://lihi.cc/fCuUd
2024-12-18 13:44:28 [INFO] Worker 3 隨機停留時間: 144 秒
2024-12-18 13:44:28 [INFO] Worker 1: 正在開啟網站: https://lihi.cc/fCuUd
2024-12-18 13:44:29 [INFO] Worker 5: 正在開啟網站: https://lihi.cc/fCuUd
2024-12-18 13:44:29 [INFO] Worker 6 隨機停留時間: 180 秒
2024-12-18 13:44:29 [INFO] Worker 2: 向下滑動: 299 像素，並等待 4.487860016173001 秒
2024-12-18 13:44:30 [INFO] Worker 7: 正在開啟網站: https://lihi.cc/fCuUd
2024-12-18 13:44:30 [INFO] Worker 4 隨機停留時間: 171 秒
2024-12-18 13:44:31 [INFO] Worker 3: 向下滑動: 228 像素，並等待 3.3998403390592724 秒
2024-12-18 13:44:31 [INFO] Worker 8 隨機停留時間: 199 秒
2024-12-18 13:44:32 [INFO] Worker 5 隨機停留時間: 179 秒
2024-12-18 13:44:32 [INFO] Worker 1 隨機停留時間: 200 秒
2024-12-18 13:44:33 [INFO] Worker 6: 向下滑動: 365 像素，並等待 3.7755285901582294 秒
2024-12-18 13:44:33 [INFO] Worker 2: 向下滑動: 207 像素，並等待 3.4940797777476478 秒
2024-12-18 13:44:33 [INFO] Worker 7 隨機停留時間: 182 秒
2024-12-18 13:44:34 [INFO] Worker 4: 向下滑動: 332 像素，並等待 3.722722804995848 秒
2024-12-18 13:44:35 [INFO] Worker 3: 向下滑動: 298 像素，並等待 4.369847609656286 秒
2024-12-18 13:44:36 [INFO] Worker 5: 向下滑動: 205 像素，並等待 3.6068561789517344 秒
2024-12-18 13:44:36 [INFO] Worker 1: 向下滑動: 317 像素，並等待 3.4575296771277255 秒
2024-12-18 13:44:36 [INFO] Worker 8: 向下滑動: 252 像素，並等待 4.442094304619081 秒
2024-12-18 13:44:36 [INFO] Worker 6: 向下滑動: 383 像素，並等待 3.860179111186504 秒
2024-12-18 13:44:37 [INFO] Worker 2: 向下滑動: 387 像素，並等待 3.736577551374945 秒
2024-12-18 13:44:37 [INFO] Worker 7: 向下滑動: 309 像素，並等待 4.355505466781476 秒
2024-12-18 13:44:38 [INFO] Worker 4: 向下滑動: 306 像素，並等待 4.344737821512153 秒
2024-12-18 13:44:39 [INFO] Worker 5: 向下滑動: 241 像素，並等待 3.3940941806738545 秒
2024-12-18 13:44:39 [INFO] Worker 8: 向下滑動: 230 像素，並等待 3.6691427708529085 秒
2024-12-18 13:44:40 [INFO] Worker 3: 向下滑動: 292 像素，並等待 4.438567235737187 秒
2024-12-18 13:44:40 [INFO] Worker 1: 向下滑動: 278 像素，並等待 4.505919191906248 秒
2024-12-18 13:44:40 [INFO] Worker 6: 向下滑動: 219 像素，並等待 3.9984441228675456 秒
2024-12-18 13:44:41 [INFO] Worker 7: 向下滑動: 286 像素，並等待 3.754852877806919 秒
2024-12-18 13:44:42 [INFO] Worker 2: 向下滑動: 301 像素，並等待 4.938183081640583 秒
2024-12-18 13:44:42 [INFO] Worker 5: 向下滑動: 382 像素，並等待 3.1856629106854095 秒
2024-12-18 13:44:42 [INFO] Worker 4: 向下滑動: 228 像素，並等待 3.9404904468646293 秒
2024-12-18 13:44:43 [INFO] Worker 3: 向下滑動: 281 像素，並等待 3.618222976927343 秒
2024-12-18 13:44:44 [INFO] Worker 8: 向下滑動: 361 像素，並等待 4.244846296811561 秒
2024-12-18 13:44:45 [INFO] Worker 1: 向下滑動: 378 像素，並等待 4.846572549529438 秒
2024-12-18 13:44:45 [INFO] Worker 6: 向下滑動: 387 像素，並等待 4.562221072992915 秒
2024-12-18 13:44:45 [INFO] Worker 2: 向下滑動: 338 像素，並等待 3.527816804612556 秒
2024-12-18 13:44:45 [INFO] Worker 7: 向下滑動: 226 像素，並等待 4.083709839353509 秒
2024-12-18 13:44:46 [INFO] Worker 5: 向下滑動: 338 像素，並等待 4.18742511038959 秒
2024-12-18 13:44:47 [INFO] Worker 3: 向下滑動: 398 像素，並等待 3.215443792484226 秒
2024-12-18 13:44:47 [INFO] Worker 4: 向下滑動: 374 像素，並等待 4.64196344416182 秒
2024-12-18 13:44:48 [INFO] Worker 1: 向下滑動: 391 像素，並等待 3.1357163250323845 秒
2024-12-18 13:44:48 [INFO] Worker 2: 向下滑動: 213 像素，並等待 3.1134472620400904 秒
2024-12-18 13:44:48 [INFO] Worker 6: 向下滑動: 362 像素，並等待 3.148883586663083 秒
2024-12-18 13:44:48 [INFO] Worker 8: 向下滑動: 349 像素，並等待 4.666801363621593 秒
2024-12-18 13:44:49 [INFO] Worker 7: 向下滑動: 204 像素，並等待 3.9127594922853914 秒
2024-12-18 13:44:50 [INFO] Worker 3: 向下滑動: 274 像素，並等待 3.615378087583732 秒
2024-12-18 13:44:51 [INFO] Worker 4: 向下滑動: 306 像素，並等待 3.468628878380112 秒
2024-12-18 13:44:51 [INFO] Worker 5: 向下滑動: 372 像素，並等待 4.482694181055492 秒
2024-12-18 13:44:51 [INFO] Worker 1: 向下滑動: 228 像素，並等待 3.258973686755034 秒
2024-12-18 13:44:52 [INFO] Worker 6: 向下滑動: 228 像素，並等待 3.824756049606478 秒
2024-12-18 13:44:52 [INFO] Worker 2: 向下滑動: 380 像素，並等待 3.920987411865931 秒
2024-12-18 13:44:52 [INFO] Worker 7: 向下滑動: 207 像素，並等待 3.305378326956242 秒
2024-12-18 13:44:52 [INFO] Worker 8: 向下滑動: 205 像素，並等待 4.134551044216142 秒
2024-12-18 13:44:54 [INFO] Worker 4: 向下滑動: 244 像素，並等待 3.2040128484624075 秒
2024-12-18 13:44:55 [INFO] Worker 3: 向下滑動: 362 像素，並等待 4.26800124977435 秒
2024-12-18 13:44:55 [INFO] Worker 5: 向下滑動: 335 像素，並等待 4.355476813453721 秒
2024-12-18 13:44:56 [INFO] Worker 8: 向下滑動: 348 像素，並等待 3.2448076877909444 秒
2024-12-18 13:44:56 [INFO] Worker 1: 向下滑動: 392 像素，並等待 4.440500156559029 秒
2024-12-18 13:44:56 [INFO] Worker 7: 向下滑動: 326 像素，並等待 3.7158812969274035 秒
2024-12-18 13:44:56 [INFO] Worker 2: 向下滑動: 330 像素，並等待 3.9488197668021368 秒
2024-12-18 13:44:56 [INFO] Worker 6: 向下滑動: 338 像素，並等待 4.418612180575695 秒
2024-12-18 13:44:58 [INFO] Worker 4: 向下滑動: 265 像素，並等待 4.195243292790268 秒
2024-12-18 13:44:59 [INFO] Worker 3: 向下滑動: 276 像素，並等待 4.040721560254324 秒
2024-12-18 13:44:59 [INFO] Worker 5: 向下滑動: 268 像素，並等待 3.635536299582914 秒
2024-12-18 13:44:59 [INFO] Worker 8: 向下滑動: 380 像素，並等待 3.122321646048004 秒
2024-12-18 13:44:59 [INFO] Worker 2: 向下滑動: 202 像素，並等待 3.2464050592394678 秒
2024-12-18 13:44:59 [INFO] Worker 1: 向下滑動: 380 像素，並等待 3.6394249498485367 秒
2024-12-18 13:45:00 [INFO] Worker 7: 向下滑動: 317 像素，並等待 3.512910765744314 秒
2024-12-18 13:45:01 [INFO] Worker 6: 向下滑動: 269 像素，並等待 4.562470671261757 秒
2024-12-18 13:45:02 [INFO] Worker 3: 向下滑動: 360 像素，並等待 3.5578216627385912 秒
2024-12-18 13:45:03 [INFO] Worker 8: 向下滑動: 365 像素，並等待 3.720064006650457 秒
2024-12-18 13:45:03 [INFO] Worker 7: 向下滑動: 278 像素，並等待 3.0475632165463473 秒
2024-12-18 13:45:03 [INFO] Worker 1: 向下滑動: 220 像素，並等待 3.223855899799495 秒
2024-12-18 13:45:03 [INFO] Worker 5: 向下滑動: 288 像素，並等待 3.8698205237335372 秒
2024-12-18 13:45:03 [INFO] Worker 4: 向下滑動: 247 像素，並等待 4.783990587879233 秒
2024-12-18 13:45:03 [INFO] Worker 2: 向下滑動: 264 像素，並等待 3.740971645702857 秒
2024-12-18 13:45:05 [INFO] Worker 6: 向下滑動: 275 像素，並等待 3.891620543213638 秒
2024-12-18 13:45:06 [INFO] Worker 3: 向下滑動: 248 像素，並等待 3.3211917096980237 秒
2024-12-18 13:45:06 [INFO] Worker 4: 向下滑動: 253 像素，並等待 3.5886751976475475 秒
2024-12-18 13:45:07 [INFO] Worker 5: 向下滑動: 385 像素，並等待 3.8380050238337873 秒
2024-12-18 13:45:07 [INFO] Worker 8: 向下滑動: 391 像素，並等待 4.0661931126331545 秒
2024-12-18 13:45:07 [INFO] Worker 2: 向下滑動: 396 像素，並等待 3.7043031875509134 秒
2024-12-18 13:45:07 [INFO] Worker 7: 向下滑動: 376 像素，並等待 4.611834835684475 秒
2024-12-18 13:45:07 [INFO] Worker 1: 向下滑動: 380 像素，並等待 4.738952268862024 秒
2024-12-18 13:45:08 [INFO] Worker 6: 向下滑動: 289 像素，並等待 3.54971407563528 秒
2024-12-18 13:45:09 [INFO] Worker 3: 向下滑動: 360 像素，並等待 3.3262006718013297 秒
2024-12-18 13:45:09 [INFO] Worker 4: 向下滑動: 337 像素，並等待 3.031250382540007 秒
2024-12-18 13:45:10 [INFO] Worker 2: 向下滑動: 355 像素，並等待 3.3516722013582205 秒
2024-12-18 13:45:10 [INFO] Worker 7: 向下滑動: 291 像素，並等待 3.210439360935281 秒
2024-12-18 13:45:11 [INFO] Worker 1: 向下滑動: 342 像素，並等待 3.2673003562942258 秒
2024-12-18 13:45:11 [INFO] Worker 8: 向下滑動: 391 像素，並等待 4.109611571159929 秒
2024-12-18 13:45:11 [INFO] Worker 5: 向下滑動: 309 像素，並等待 4.6183287492544425 秒
2024-12-18 13:45:12 [INFO] Worker 6: 向下滑動: 357 像素，並等待 3.5466324815415593 秒
2024-12-18 13:45:13 [INFO] Worker 3: 向下滑動: 347 像素，並等待 3.9719476079772615 秒
2024-12-18 13:45:14 [INFO] Worker 2: 向下滑動: 282 像素，並等待 4.040229508843608 秒
2024-12-18 13:45:14 [INFO] Worker 4: 向下滑動: 222 像素，並等待 4.753580024859113 秒
2024-12-18 13:45:14 [INFO] Worker 7: 向下滑動: 315 像素，並等待 3.8939665970046553 秒
2024-12-18 13:45:15 [INFO] Worker 5: 向下滑動: 247 像素，並等待 3.6424391465137647 秒
2024-12-18 13:45:15 [INFO] Worker 8: 向下滑動: 258 像素，並等待 4.34424125444763 秒
2024-12-18 13:45:16 [INFO] Worker 1: 向下滑動: 314 像素，並等待 4.933950500382716 秒
2024-12-18 13:45:16 [INFO] Worker 3: 向下滑動: 347 像素，並等待 3.359936030708448 秒
2024-12-18 13:45:17 [INFO] Worker 6: 向下滑動: 377 像素，並等待 4.494463538759028 秒
2024-12-18 13:45:18 [INFO] Worker 5: 向下滑動: 359 像素，並等待 3.1766668850464805 秒
2024-12-18 13:45:18 [INFO] Worker 8: 向下滑動: 300 像素，並等待 3.01596711673107 秒
2024-12-18 13:45:18 [INFO] Worker 2: 向下滑動: 357 像素，並等待 4.150828394378077 秒
2024-12-18 13:45:19 [INFO] Worker 4: 向下滑動: 237 像素，並等待 4.515926062913446 秒
2024-12-18 13:45:19 [INFO] Worker 7: 向下滑動: 241 像素，並等待 4.606130001419091 秒
2024-12-18 13:45:20 [INFO] Worker 1: 向下滑動: 200 像素，並等待 4.17147319362832 秒
2024-12-18 13:45:20 [INFO] Worker 6: 向下滑動: 396 像素，並等待 3.418884579381303 秒
2024-12-18 13:45:20 [INFO] Worker 3: 向下滑動: 373 像素，並等待 3.99346955125157 秒
2024-12-18 13:45:22 [INFO] Worker 8: 向下滑動: 308 像素，並等待 4.246769480135704 秒
2024-12-18 13:45:23 [INFO] Worker 5: 向下滑動: 315 像素，並等待 4.648774178032285 秒
2024-12-18 13:45:23 [INFO] Worker 7: 向下滑動: 252 像素，並等待 3.7272114683145143 秒
2024-12-18 13:45:23 [INFO] Worker 2: 向下滑動: 201 像素，並等待 4.510283733537003 秒
2024-12-18 13:45:23 [INFO] Worker 3: 向下滑動: 214 像素，並等待 3.177255372502338 秒
2024-12-18 13:45:24 [INFO] Worker 6: 向下滑動: 323 像素，並等待 4.212950380090232 秒
2024-12-18 13:45:25 [INFO] Worker 1: 向下滑動: 315 像素，並等待 4.784479019931764 秒
2024-12-18 13:45:25 [INFO] Worker 4: 向下滑動: 339 像素，並等待 3.8949625080845216 秒
2024-12-18 13:45:26 [INFO] Worker 8: 向下滑動: 313 像素，並等待 3.44218709093606 秒
2024-12-18 13:45:26 [INFO] Worker 3: 向下滑動: 328 像素，並等待 3.050395248626349 秒
2024-12-18 13:45:27 [INFO] Worker 7: 向下滑動: 376 像素，並等待 4.413776729512504 秒
2024-12-18 13:45:27 [INFO] Worker 2: 向下滑動: 208 像素，並等待 4.355339877933699 秒
2024-12-18 13:45:27 [INFO] Worker 5: 向下滑動: 307 像素，並等待 4.8349989647015175 秒
2024-12-18 13:45:28 [INFO] Worker 6: 向下滑動: 221 像素，並等待 3.7673002587324453 秒
2024-12-18 13:45:29 [INFO] Worker 4: 向下滑動: 260 像素，並等待 3.863906725289278 秒
2024-12-18 13:45:29 [INFO] Worker 8: 向下滑動: 267 像素，並等待 3.348513917763108 秒
2024-12-18 13:45:30 [INFO] Worker 1: 向下滑動: 298 像素，並等待 4.917003492071055 秒
2024-12-18 13:45:30 [INFO] Worker 3: 向下滑動: 216 像素，並等待 3.2139170899996987 秒
2024-12-18 13:45:30 [INFO] Worker 7: 向下滑動: 285 像素，並等待 3.272672224611239 秒
2024-12-18 13:45:31 [INFO] Worker 5: 向下滑動: 202 像素，並等待 3.5919967079900523 秒
2024-12-18 13:45:31 [INFO] Worker 2: 向下滑動: 243 像素，並等待 3.897319183295658 秒
2024-12-18 13:45:32 [INFO] Worker 4: 向下滑動: 234 像素，並等待 3.779140667913384 秒
2024-12-18 13:45:32 [INFO] Worker 6: 向下滑動: 240 像素，並等待 4.404079280594763 秒
2024-12-18 13:45:34 [INFO] Worker 7: 向下滑動: 376 像素，並等待 3.3566273943629072 秒
2024-12-18 13:45:34 [INFO] Worker 3: 向下滑動: 248 像素，並等待 4.156218579900143 秒
2024-12-18 13:45:34 [INFO] Worker 8: 向下滑動: 234 像素，並等待 4.980529363719825 秒
2024-12-18 13:45:34 [INFO] Worker 1: 向下滑動: 301 像素，並等待 4.821022727026286 秒
2024-12-18 13:45:34 [INFO] Worker 5: 向下滑動: 354 像素，並等待 3.4027706150727646 秒
2024-12-18 13:45:35 [INFO] Worker 2: 向下滑動: 222 像素，並等待 4.172431455291679 秒
2024-12-18 13:45:35 [INFO] Worker 4: 向下滑動: 243 像素，並等待 3.1201400456918726 秒
2024-12-18 13:45:36 [INFO] Worker 6: 向下滑動: 383 像素，並等待 3.910570847095605 秒
2024-12-18 13:45:38 [INFO] Worker 5: 向下滑動: 337 像素，並等待 3.0765679367023715 秒
2024-12-18 13:45:38 [INFO] Worker 8: 向下滑動: 343 像素，並等待 3.506481749960136 秒
2024-12-18 13:45:38 [INFO] Worker 7: 向下滑動: 366 像素，並等待 4.486032454338988 秒
2024-12-18 13:45:38 [INFO] Worker 3: 向下滑動: 253 像素，並等待 4.61101209265043 秒
2024-12-18 13:45:39 [INFO] Worker 2: 向下滑動: 355 像素，並等待 3.5424666846754245 秒
2024-12-18 13:45:39 [INFO] Worker 1: 向下滑動: 216 像素，並等待 4.893937997102857 秒
2024-12-18 13:45:40 [INFO] Worker 4: 向下滑動: 389 像素，並等待 4.446435369642079 秒
2024-12-18 13:45:40 [INFO] Worker 6: 向下滑動: 286 像素，並等待 3.7093773250577176 秒
2024-12-18 13:45:41 [INFO] Worker 8: 向下滑動: 231 像素，並等待 3.6860357308407856 秒
2024-12-18 13:45:42 [INFO] Worker 5: 向下滑動: 399 像素，並等待 4.180099940606405 秒
2024-12-18 13:45:43 [INFO] Worker 1: 向下滑動: 269 像素，並等待 3.7027005059215017 秒
2024-12-18 13:45:43 [INFO] Worker 7: 向下滑動: 345 像素，並等待 4.842244563836646 秒
2024-12-18 13:45:43 [INFO] Worker 3: 向下滑動: 315 像素，並等待 4.91091358469262 秒
2024-12-18 13:45:44 [INFO] Worker 6: 向下滑動: 358 像素，並等待 3.7984754530063336 秒
2024-12-18 13:45:44 [INFO] Worker 2: 向下滑動: 388 像素，並等待 4.966020341994573 秒
2024-12-18 13:45:45 [INFO] Worker 4: 向下滑動: 379 像素，並等待 4.959089941315499 秒
2024-12-18 13:45:45 [INFO] Worker 5: 向下滑動: 324 像素，並等待 3.075040204719561 秒
2024-12-18 13:45:45 [INFO] Worker 8: 向下滑動: 288 像素，並等待 3.9098764304678246 秒
2024-12-18 13:45:47 [INFO] Worker 3: 向下滑動: 319 像素，並等待 3.6000318032667113 秒
2024-12-18 13:45:47 [INFO] Worker 7: 向下滑動: 236 像素，並等待 4.186156098770436 秒
2024-12-18 13:45:47 [INFO] Worker 6: 向下滑動: 299 像素，並等待 3.499946650129866 秒
2024-12-18 13:45:48 [INFO] Worker 2: 向下滑動: 220 像素，並等待 3.9982583233651434 秒
2024-12-18 13:45:48 [INFO] Worker 1: 向下滑動: 258 像素，並等待 4.844033791957245 秒
2024-12-18 13:45:49 [INFO] Worker 5: 向下滑動: 274 像素，並等待 4.592531536771025 秒
2024-12-18 13:45:50 [INFO] Worker 4: 向下滑動: 261 像素，並等待 4.9092168029189 秒
2024-12-18 13:45:50 [INFO] Worker 8: 向下滑動: 207 像素，並等待 4.480749337087617 秒
2024-12-18 13:45:51 [INFO] Worker 3: 向下滑動: 203 像素，並等待 3.879394906036479 秒
2024-12-18 13:45:51 [INFO] Worker 1: 向下滑動: 344 像素，並等待 3.5670003228029827 秒
2024-12-18 13:45:52 [INFO] Worker 6: 向下滑動: 250 像素，並等待 4.2534686539805975 秒
2024-12-18 13:45:52 [INFO] Worker 7: 向下滑動: 342 像素，並等待 4.493089842948625 秒
2024-12-18 13:45:52 [INFO] Worker 2: 向下滑動: 212 像素，並等待 3.994482287900412 秒
2024-12-18 13:45:53 [INFO] Worker 5: 向下滑動: 249 像素，並等待 3.237687681844152 秒
2024-12-18 13:45:54 [INFO] Worker 8: 向下滑動: 217 像素，並等待 4.102770490471394 秒
2024-12-18 13:45:54 [INFO] Worker 3: 向下滑動: 241 像素，並等待 3.2983598091472213 秒
2024-12-18 13:45:55 [INFO] Worker 4: 向下滑動: 313 像素，並等待 4.798050644807573 秒
2024-12-18 13:45:55 [INFO] Worker 1: 向下滑動: 216 像素，並等待 3.7117254854567348 秒
2024-12-18 13:45:56 [INFO] Worker 7: 向下滑動: 316 像素，並等待 3.784257679159306 秒
2024-12-18 13:45:56 [INFO] Worker 6: 向下滑動: 342 像素，並等待 4.218934820497532 秒
2024-12-18 13:45:56 [INFO] Worker 2: 向下滑動: 375 像素，並等待 4.457976666981533 秒
2024-12-18 13:45:57 [INFO] Worker 5: 向下滑動: 251 像素，並等待 4.468650016901879 秒
2024-12-18 13:45:58 [INFO] Worker 3: 向下滑動: 306 像素，並等待 3.50256344175701 秒
2024-12-18 13:45:59 [INFO] Worker 4: 向下滑動: 205 像素，並等待 3.9277298473077575 秒
2024-12-18 13:45:59 [INFO] Worker 8: 向下滑動: 322 像素，並等待 4.641058505375235 秒
2024-12-18 13:45:59 [INFO] Worker 1: 向下滑動: 355 像素，並等待 3.919099685672616 秒
2024-12-18 13:45:59 [INFO] Worker 6: 向下滑動: 389 像素，並等待 3.6766457554377534 秒
2024-12-18 13:46:00 [INFO] Worker 2: 向下滑動: 375 像素，並等待 3.2181276179058527 秒
2024-12-18 13:46:00 [INFO] Worker 7: 向下滑動: 303 像素，並等待 4.521733009135884 秒
2024-12-18 13:46:01 [INFO] Worker 5: 向下滑動: 370 像素，並等待 3.8334174825955545 秒
2024-12-18 13:46:02 [INFO] Worker 8: 向下滑動: 319 像素，並等待 3.294402497531712 秒
2024-12-18 13:46:02 [INFO] Worker 4: 向下滑動: 208 像素，並等待 3.772701306958178 秒
2024-12-18 13:46:02 [INFO] Worker 3: 向下滑動: 334 像素，並等待 4.755375750490619 秒
2024-12-18 13:46:03 [INFO] Worker 2: 向下滑動: 280 像素，並等待 3.916311978769382 秒
2024-12-18 13:46:04 [INFO] Worker 7: 向下滑動: 371 像素，並等待 3.572688260695734 秒
2024-12-18 13:46:04 [INFO] Worker 1: 向下滑動: 252 像素，並等待 4.867554910936456 秒
2024-12-18 13:46:04 [INFO] Worker 6: 向下滑動: 239 像素，並等待 4.715413162523672 秒
2024-12-18 13:46:04 [INFO] Worker 5: 向下滑動: 328 像素，並等待 3.3768287779844606 秒
2024-12-18 13:46:06 [INFO] Worker 8: 向下滑動: 356 像素，並等待 4.512956417958658 秒
2024-12-18 13:46:07 [INFO] Worker 2: 向下滑動: 342 像素，並等待 3.4120184324871117 秒
2024-12-18 13:46:07 [INFO] Worker 3: 向下滑動: 258 像素，並等待 4.454908765733049 秒
2024-12-18 13:46:07 [INFO] Worker 4: 向下滑動: 272 像素，並等待 4.972878420589959 秒
2024-12-18 13:46:08 [INFO] Worker 7: 向下滑動: 377 像素，並等待 4.130099968557671 秒
2024-12-18 13:46:08 [INFO] Worker 5: 向下滑動: 260 像素，並等待 4.006688275493797 秒
2024-12-18 13:46:08 [INFO] Worker 6: 向下滑動: 293 像素，並等待 4.217494866040971 秒
2024-12-18 13:46:08 [INFO] Worker 1: 向下滑動: 314 像素，並等待 4.506638686608764 秒
2024-12-18 13:46:10 [INFO] Worker 8: 向下滑動: 377 像素，並等待 3.7495503714619587 秒
2024-12-18 13:46:10 [INFO] Worker 2: 向下滑動: 317 像素，並等待 3.4598426174265287 秒
2024-12-18 13:46:11 [INFO] Worker 3: 向下滑動: 341 像素，並等待 4.028695919062107 秒
2024-12-18 13:46:11 [INFO] Worker 1: 向下滑動: 225 像素，並等待 3.0327988430779707 秒
2024-12-18 13:46:12 [INFO] Worker 4: 向下滑動: 232 像素，並等待 4.351986668215137 秒
2024-12-18 13:46:12 [INFO] Worker 5: 向下滑動: 210 像素，並等待 3.8043411940222676 秒
2024-12-18 13:46:13 [INFO] Worker 7: 向下滑動: 296 像素，並等待 4.766316429903278 秒
2024-12-18 13:46:13 [INFO] Worker 6: 向下滑動: 248 像素，並等待 4.584535110269837 秒
2024-12-18 13:46:14 [INFO] Worker 8: 向下滑動: 210 像素，並等待 4.067172398113697 秒
2024-12-18 13:46:14 [INFO] Worker 2: 向下滑動: 377 像素，並等待 3.8858715632604643 秒
2024-12-18 13:46:15 [INFO] Worker 3: 向下滑動: 361 像素，並等待 3.641428348346225 秒
2024-12-18 13:46:15 [INFO] Worker 4: 向下滑動: 279 像素，並等待 3.429563024111394 秒
2024-12-18 13:46:16 [INFO] Worker 5: 向下滑動: 333 像素，並等待 3.9526703878747216 秒
2024-12-18 13:46:16 [INFO] Worker 1: 向下滑動: 237 像素，並等待 4.88606167653282 秒
2024-12-18 13:46:16 [INFO] Worker 7: 向下滑動: 337 像素，並等待 3.8110760272896647 秒
2024-12-18 13:46:17 [INFO] Worker 6: 向下滑動: 315 像素，並等待 3.588934362309401 秒
2024-12-18 13:46:17 [INFO] Worker 2: 向下滑動: 271 像素，並等待 3.0259360673863087 秒
2024-12-18 13:46:17 [INFO] Worker 8: 向下滑動: 306 像素，並等待 3.1966653320156992 秒
2024-12-18 13:46:19 [INFO] Worker 3: 向下滑動: 363 像素，並等待 4.293070006571591 秒
2024-12-18 13:46:19 [INFO] Worker 4: 向下滑動: 242 像素，並等待 4.166966244175866 秒
2024-12-18 13:46:21 [INFO] Worker 1: 向下滑動: 357 像素，並等待 4.338683921082358 秒
2024-12-18 13:46:21 [INFO] Worker 5: 向下滑動: 321 像素，並等待 4.686431925575642 秒
2024-12-18 13:46:21 [INFO] Worker 7: 向下滑動: 274 像素，並等待 4.779924449232822 秒
2024-12-18 13:46:21 [INFO] Worker 6: 向下滑動: 260 像素，並等待 4.630382498611569 秒
2024-12-18 13:46:22 [INFO] Worker 8: 向下滑動: 256 像素，並等待 4.168661240853627 秒
2024-12-18 13:46:22 [INFO] Worker 2: 向下滑動: 313 像素，並等待 4.331565126046687 秒
2024-12-18 13:46:23 [INFO] Worker 3: 向下滑動: 385 像素，並等待 4.085984872232674 秒
2024-12-18 13:46:24 [INFO] Worker 4: 向下滑動: 284 像素，並等待 4.419763640399804 秒
2024-12-18 13:46:24 [INFO] Worker 5: 向下滑動: 400 像素，並等待 3.208705819853929 秒
2024-12-18 13:46:24 [INFO] Worker 1: 向下滑動: 311 像素，並等待 3.5298081215053303 秒
2024-12-18 13:46:25 [INFO] Worker 2: 向下滑動: 389 像素，並等待 3.0212825305819946 秒
2024-12-18 13:46:25 [INFO] Worker 6: 向下滑動: 364 像素，並等待 3.4808108496724133 秒
2024-12-18 13:46:26 [INFO] Worker 7: 向下滑動: 360 像素，並等待 4.976355803275959 秒
2024-12-18 13:46:26 [INFO] Worker 3: 向下滑動: 363 像素，並等待 3.2324140743653302 秒
2024-12-18 13:46:27 [INFO] Worker 8: 向下滑動: 224 像素，並等待 4.9362747940511 秒
2024-12-18 13:46:28 [INFO] Worker 4: 向下滑動: 244 像素，並等待 4.356507415910779 秒
2024-12-18 13:46:28 [INFO] Worker 2: 向下滑動: 321 像素，並等待 3.4349560371326873 秒
2024-12-18 13:46:28 [INFO] Worker 5: 向下滑動: 226 像素，並等待 4.201395749371948 秒
2024-12-18 13:46:29 [INFO] Worker 6: 向下滑動: 355 像素，並等待 4.031285650485566 秒
2024-12-18 13:46:29 [INFO] Worker 1: 向下滑動: 318 像素，並等待 4.854643787745894 秒
2024-12-18 13:46:29 [INFO] Worker 7: 向下滑動: 248 像素，並等待 3.2413815359883564 秒
2024-12-18 13:46:30 [INFO] Worker 8: 向下滑動: 269 像素，並等待 3.13671111110032 秒
2024-12-18 13:46:30 [INFO] Worker 3: 向下滑動: 273 像素，並等待 4.0278666057351105 秒
2024-12-18 13:46:31 [INFO] Worker 2: 向下滑動: 328 像素，並等待 3.0853180093708192 秒
2024-12-18 13:46:32 [INFO] Worker 4: 向下滑動: 339 像素，並等待 3.5127504183762763 秒
2024-12-18 13:46:32 [INFO] Worker 5: 向下滑動: 349 像素，並等待 3.5288441742950383 秒
2024-12-18 13:46:32 [INFO] Worker 6: 向下滑動: 359 像素，並等待 3.197969294745488 秒
2024-12-18 13:46:33 [INFO] Worker 7: 向下滑動: 297 像素，並等待 3.8258677501083707 秒
2024-12-18 13:46:33 [INFO] Worker 8: 向下滑動: 291 像素，並等待 3.627265808682508 秒
2024-12-18 13:46:33 [INFO] Worker 1: 向下滑動: 221 像素，並等待 4.288385857932229 秒
2024-12-18 13:46:34 [INFO] Worker 2: 向下滑動: 373 像素，並等待 3.099868243755791 秒
2024-12-18 13:46:35 [INFO] Worker 3: 向下滑動: 382 像素，並等待 4.640802528036014 秒
2024-12-18 13:46:35 [INFO] Worker 4: 向下滑動: 330 像素，並等待 3.91078607049211 秒
2024-12-18 13:46:36 [INFO] Worker 5: 向下滑動: 326 像素，並等待 3.7766287853705593 秒
2024-12-18 13:46:36 [INFO] Worker 6: 向下滑動: 297 像素，並等待 4.03353086012195 秒
2024-12-18 13:46:36 [INFO] Worker 1: 向下滑動: 297 像素，並等待 3.0745093156431613 秒
2024-12-18 13:46:37 [INFO] Worker 7: 向下滑動: 390 像素，並等待 3.2484290392799267 秒
2024-12-18 13:46:37 [INFO] Worker 8: 向下滑動: 206 像素，並等待 3.623114627145081 秒
2024-12-18 13:46:38 [INFO] Worker 2: 向下滑動: 344 像素，並等待 3.6022039196035958 秒
2024-12-18 13:46:38 [INFO] Worker 3: 向下滑動: 260 像素，並等待 3.0093229897520266 秒
2024-12-18 13:46:39 [INFO] Worker 6: 向下滑動: 348 像素，並等待 3.2311003753979706 秒
2024-12-18 13:46:40 [INFO] Worker 4: 向下滑動: 371 像素，並等待 4.282313719486846 秒
2024-12-18 13:46:40 [INFO] Worker 5: 向下滑動: 279 像素，並等待 4.274369203219001 秒
2024-12-18 13:46:40 [INFO] Worker 7: 向下滑動: 311 像素，並等待 3.9381739920302783 秒
2024-12-18 13:46:41 [INFO] Worker 1: 向下滑動: 221 像素，並等待 4.09404695670233 秒
2024-12-18 13:46:41 [INFO] Worker 3: 向下滑動: 369 像素，並等待 3.0035280398452517 秒
2024-12-18 13:46:42 [INFO] Worker 8: 向下滑動: 229 像素，並等待 4.719259606820113 秒
2024-12-18 13:46:42 [INFO] Worker 2: 向下滑動: 390 像素，並等待 4.137018058466758 秒
2024-12-18 13:46:43 [INFO] Worker 6: 向下滑動: 216 像素，並等待 3.8642998518729494 秒
2024-12-18 13:46:44 [INFO] Worker 7: 向下滑動: 335 像素，並等待 3.539949075548008 秒
2024-12-18 13:46:44 [INFO] Worker 4: 向下滑動: 377 像素，並等待 4.441159134141532 秒
2024-12-18 13:46:44 [INFO] Worker 5: 向下滑動: 281 像素，並等待 4.331636089051948 秒
2024-12-18 13:46:45 [INFO] Worker 1: 向下滑動: 276 像素，並等待 4.252383918631476 秒
2024-12-18 13:46:46 [INFO] Worker 3: 向下滑動: 314 像素，並等待 4.844216525991648 秒
2024-12-18 13:46:46 [INFO] Worker 2: 向下滑動: 370 像素，並等待 4.116687820332968 秒
2024-12-18 13:46:47 [INFO] Worker 8: 向下滑動: 384 像素，並等待 4.968244309606791 秒
2024-12-18 13:46:48 [INFO] Worker 6: 向下滑動: 252 像素，並等待 4.622748598187388 秒
2024-12-18 13:46:48 [INFO] Worker 4: 向下滑動: 395 像素，並等待 4.159859833393188 秒
2024-12-18 13:46:48 [INFO] Worker 5: 向下滑動: 227 像素，並等待 4.1324545538498585 秒
2024-12-18 13:46:49 [INFO] Worker 7: 向下滑動: 357 像素，並等待 4.962015248199235 秒
2024-12-18 13:46:49 [INFO] Worker 1: 向下滑動: 304 像素，並等待 4.573585608167227 秒
2024-12-18 13:46:50 [INFO] Worker 3: 向下滑動: 205 像素，並等待 4.315406192856134 秒
2024-12-18 13:46:51 [INFO] Worker 2: 向下滑動: 281 像素，並等待 4.5589167277092715 秒
2024-12-18 13:46:51 [INFO] Worker 6: 向下滑動: 395 像素，並等待 3.1405908386278583 秒
2024-12-18 13:46:51 [INFO] Worker 8: 向下滑動: 289 像素，並等待 4.828828882479974 秒
2024-12-18 13:46:52 [INFO] Worker 5: 向下滑動: 282 像素，並等待 3.2403309669632723 秒
2024-12-18 13:46:52 [INFO] Worker 4: 向下滑動: 287 像素，並等待 3.7622289930333235 秒
2024-12-18 13:46:53 [INFO] Worker 1: 向下滑動: 212 像素，並等待 3.431580764779166 秒
2024-12-18 13:46:53 [INFO] Worker 7: 向下滑動: 384 像素，並等待 3.9021992796447282 秒
2024-12-18 13:46:54 [INFO] Worker 3: 向下滑動: 375 像素，並等待 3.767005905601013 秒
2024-12-18 13:46:55 [INFO] Worker 8: 向下滑動: 211 像素，並等待 3.362641945300357 秒
2024-12-18 13:46:55 [INFO] Worker 2: 向下滑動: 306 像素，並等待 4.108130767507932 秒
2024-12-18 13:46:55 [INFO] Worker 6: 向下滑動: 275 像素，並等待 4.035094749102242 秒
2024-12-18 13:46:56 [INFO] Worker 4: 向下滑動: 217 像素，並等待 3.7242676080352366 秒
2024-12-18 13:46:56 [INFO] Worker 1: 向下滑動: 282 像素，並等待 3.003832782113376 秒
2024-12-18 13:46:56 [INFO] Worker 7: 向下滑動: 234 像素，並等待 3.2426887048004573 秒
2024-12-18 13:46:56 [INFO] Worker 5: 向下滑動: 308 像素，並等待 4.698085322840301 秒
2024-12-18 13:46:57 [INFO] Worker 3: 帳號 66634899161 的任務已結束
2024-12-18 13:46:57 [INFO] Worker 9: 開始處理帳號 66991704166
2024-12-18 13:46:58 [INFO] Worker 8: 向下滑動: 367 像素，並等待 3.3096644872343357 秒
2024-12-18 13:46:59 [INFO] Worker 2: 向下滑動: 277 像素，並等待 4.492576315071 秒
2024-12-18 13:47:00 [INFO] Worker 6: 向下滑動: 312 像素，並等待 4.635377441048458 秒
2024-12-18 13:47:00 [INFO] Worker 4: 向下滑動: 286 像素，並等待 4.003073864327901 秒
2024-12-18 13:47:00 [INFO] Worker 1: 向下滑動: 207 像素，並等待 4.151423602929697 秒
2024-12-18 13:47:01 [INFO] Worker 5: 向下滑動: 224 像素，並等待 4.362537795817754 秒
2024-12-18 13:47:01 [INFO] Worker 7: 向下滑動: 357 像素，並等待 4.866899312057015 秒
2024-12-18 13:47:01 [INFO] Worker 8: 向下滑動: 358 像素，並等待 3.235245475715925 秒
2024-12-18 13:47:03 [INFO] Worker 4: 向下滑動: 385 像素，並等待 3.187366992603894 秒
2024-12-18 13:47:04 [INFO] Worker 1: 向下滑動: 200 像素，並等待 3.576801849841978 秒
2024-12-18 13:47:04 [INFO] Worker 9: 代理 kamoney03.ddns.net:24009 設置成功
2024-12-18 13:47:04 [INFO] Worker 6: 向下滑動: 332 像素，並等待 4.496553129212986 秒
2024-12-18 13:47:04 [INFO] Worker 2: 向下滑動: 334 像素，並等待 4.855418205066979 秒
2024-12-18 13:47:05 [INFO] Worker 8: 向下滑動: 238 像素，並等待 3.1645513016167337 秒
2024-12-18 13:47:05 [INFO] Worker 5: 向下滑動: 256 像素，並等待 4.013764113405294 秒
2024-12-18 13:47:05 [INFO] Worker 7: 向下滑動: 293 像素，並等待 3.9500026082713946 秒
2024-12-18 13:47:05 [INFO] Worker 9: Cookies 已加載成功: cookies\66991704166_cookies.json
2024-12-18 13:47:06 [INFO] Worker 4: 向下滑動: 383 像素，並等待 3.008117633614898 秒
2024-12-18 13:47:07 [INFO] Worker 1: 向下滑動: 269 像素，並等待 3.2897154697665574 秒
2024-12-18 13:47:07 [INFO] Worker 6: 向下滑動: 362 像素，並等待 3.1627945590307682 秒
2024-12-18 13:47:08 [INFO] Worker 9: 帳號 66991704166 使用 cookies 成功登入
2024-12-18 13:47:08 [INFO] Worker 9: 登錄成功，開始處理帳號 66991704166 的操作...
2024-12-18 13:47:08 [INFO] Worker 9: 開始跳轉操作...
2024-12-18 13:47:08 [INFO] Worker 9: 正在開啟貼文: https://www.facebook.com/share/1HAVpvaRDF/
2024-12-18 13:47:09 [INFO] Worker 2: 向下滑動: 208 像素，並等待 4.8959696931232966 秒
2024-12-18 13:47:09 [INFO] Worker 5: 向下滑動: 342 像素，並等待 4.510242398605865 秒
2024-12-18 13:47:10 [INFO] Worker 8: 向下滑動: 282 像素，並等待 4.923199407301697 秒
2024-12-18 13:47:10 [INFO] Worker 7: 向下滑動: 212 像素，並等待 4.713602912876452 秒
2024-12-18 13:47:10 [INFO] Worker 9 隨機停留 6 秒
2024-12-18 13:47:10 [INFO] Worker 1: 向下滑動: 313 像素，並等待 3.2735811698838067 秒
2024-12-18 13:47:10 [INFO] Worker 4: 向下滑動: 292 像素，並等待 4.177868146495749 秒
2024-12-18 13:47:11 [INFO] Worker 6: 向下滑動: 261 像素，並等待 3.438341152739161 秒
2024-12-18 13:47:13 [INFO] Worker 5: 向下滑動: 361 像素，並等待 3.3628696384783883 秒
2024-12-18 13:47:13 [INFO] Worker 2: 向下滑動: 316 像素，並等待 3.8769514683330035 秒
2024-12-18 13:47:14 [INFO] Worker 4: 向下滑動: 237 像素，並等待 3.564023602666545 秒
2024-12-18 13:47:14 [INFO] Worker 8: 向下滑動: 359 像素，並等待 4.650177958583032 秒
2024-12-18 13:47:15 [INFO] Worker 7: 向下滑動: 366 像素，並等待 4.835247937224993 秒
2024-12-18 13:47:15 [INFO] Worker 1: 向下滑動: 399 像素，並等待 4.582991690118343 秒
2024-12-18 13:47:15 [INFO] Worker 6: 向下滑動: 314 像素，並等待 4.145880282412101 秒
2024-12-18 13:47:16 [INFO] Worker 9: 貼文已按過讚，無需重複操作
2024-12-18 13:47:16 [INFO] Worker 9 按讚後隨機停留 4 秒
2024-12-18 13:47:17 [INFO] Worker 5: 向下滑動: 346 像素，並等待 4.748672626765857 秒
2024-12-18 13:47:18 [INFO] Worker 8: 向下滑動: 357 像素，並等待 4.1029777395472316 秒
2024-12-18 13:47:19 [INFO] Worker 4: 向下滑動: 388 像素，並等待 4.798061267502774 秒
2024-12-18 13:47:19 [INFO] Worker 1: 向下滑動: 252 像素，並等待 4.177144687472342 秒
2024-12-18 13:47:19 [INFO] Worker 7: 向下滑動: 309 像素，並等待 4.48297701773496 秒
2024-12-18 13:47:19 [INFO] Worker 2: 向下滑動: 270 像素，並等待 4.08813623326402 秒
2024-12-18 13:47:20 [INFO] Worker 6: 向下滑動: 392 像素，並等待 4.688826665380481 秒
2024-12-18 13:47:20 [INFO] Worker 9: 正在開啟網站: https://lihi.cc/fCuUd
2024-12-18 13:47:21 [INFO] Worker 5: 向下滑動: 395 像素，並等待 3.321371876272935 秒
2024-12-18 13:47:22 [INFO] Worker 1: 向下滑動: 327 像素，並等待 3.356327313363069 秒
2024-12-18 13:47:23 [INFO] Worker 8: 向下滑動: 237 像素，並等待 4.363948541082367 秒
2024-12-18 13:47:23 [INFO] Worker 9 隨機停留時間: 183 秒
2024-12-18 13:47:23 [INFO] Worker 6: 向下滑動: 224 像素，並等待 3.1779901165071323 秒
2024-12-18 13:47:23 [INFO] Worker 7: 向下滑動: 308 像素，並等待 3.746776451614089 秒
2024-12-18 13:47:23 [INFO] Worker 4: 向下滑動: 232 像素，並等待 4.677029811085197 秒
2024-12-18 13:47:24 [INFO] Worker 2: 向下滑動: 230 像素，並等待 4.7097927434215165 秒
2024-12-18 13:47:25 [INFO] Worker 5: 向下滑動: 326 像素，並等待 4.304069203931403 秒
2024-12-18 13:47:26 [INFO] Worker 1: 向下滑動: 384 像素，並等待 3.304927267995133 秒
2024-12-18 13:47:26 [INFO] Worker 4: 帳號 66637943259 的任務已結束
2024-12-18 13:47:26 [INFO] Worker 10: 開始處理帳號 66646155782
2024-12-18 13:47:26 [INFO] Worker 2: 帳號 66637943259 的任務已結束
2024-12-18 13:47:26 [INFO] Worker 11: 開始處理帳號 66643407753
2024-12-18 13:47:27 [INFO] Worker 8: 向下滑動: 303 像素，並等待 4.3298762527733015 秒
2024-12-18 13:47:27 [INFO] Worker 7: 向下滑動: 289 像素，並等待 4.569358402648753 秒
2024-12-18 13:47:27 [INFO] Worker 6: 向下滑動: 209 像素，並等待 4.654375062327111 秒
2024-12-18 13:47:28 [INFO] Worker 9: 向下滑動: 368 像素，並等待 4.850537914097487 秒
2024-12-18 13:47:30 [INFO] Worker 1: 向下滑動: 380 像素，並等待 3.9653205079974088 秒
2024-12-18 13:47:30 [INFO] Worker 5: 向下滑動: 269 像素，並等待 4.767621283681186 秒
2024-12-18 13:47:31 [INFO] Worker 6: 向下滑動: 274 像素，並等待 3.8109109210899454 秒
2024-12-18 13:47:31 [INFO] Worker 8: 向下滑動: 397 像素，並等待 4.418646937278723 秒
2024-12-18 13:47:31 [INFO] Worker 7: 向下滑動: 324 像素，並等待 4.11548338508271 秒
2024-12-18 13:47:32 [INFO] Worker 9: 向下滑動: 205 像素，並等待 4.147353945011436 秒
2024-12-18 13:47:33 [INFO] Worker 10: 代理 kamoney03.ddns.net:24010 設置成功
2024-12-18 13:47:33 [INFO] Worker 1: 向下滑動: 283 像素，並等待 3.1579960446120134 秒
2024-12-18 13:47:34 [INFO] Worker 6: 瀏覽器已關閉，任務已完成
2024-12-18 13:47:34 [INFO] Worker 11: 代理 kamoney03.ddns.net:24011 設置成功
2024-12-18 13:47:34 [INFO] Worker 10: Cookies 已加載成功: cookies\66646155782_cookies.json
2024-12-18 13:47:34 [INFO] Worker 6: 帳號 66935324825 的任務已結束
2024-12-18 13:47:34 [INFO] Worker 12: 開始處理帳號 66954958462
2024-12-18 13:47:34 [INFO] Worker 5: 向下滑動: 220 像素，並等待 4.11615634726526 秒
2024-12-18 13:47:35 [INFO] Worker 7: 向下滑動: 373 像素，並等待 3.080637517202854 秒
2024-12-18 13:47:35 [INFO] Worker 11: Cookies 已加載成功: cookies\66643407753_cookies.json
2024-12-18 13:47:35 [INFO] Worker 8: 向下滑動: 391 像素，並等待 4.023453884175494 秒
2024-12-18 13:47:36 [INFO] Worker 9: 向下滑動: 208 像素，並等待 3.992008672987395 秒
2024-12-18 13:47:36 [INFO] Worker 5: 帳號 66619622845 的任務已結束
2024-12-18 13:47:36 [INFO] Worker 13: 開始處理帳號 66804035563
2024-12-18 13:47:37 [INFO] Worker 10: 帳號 66646155782 使用 cookies 成功登入
2024-12-18 13:47:37 [INFO] Worker 10: 登錄成功，開始處理帳號 66646155782 的操作...
2024-12-18 13:47:37 [INFO] Worker 10: 開始跳轉操作...
2024-12-18 13:47:37 [INFO] Worker 10: 正在開啟貼文: https://www.facebook.com/share/1HAVpvaRDF/
2024-12-18 13:47:37 [INFO] Worker 11: 帳號 66643407753 使用 cookies 成功登入
2024-12-18 13:47:37 [INFO] Worker 11: 登錄成功，開始處理帳號 66643407753 的操作...
2024-12-18 13:47:37 [INFO] Worker 11: 開始跳轉操作...
2024-12-18 13:47:37 [INFO] Worker 11: 正在開啟貼文: https://www.facebook.com/share/1HAVpvaRDF/
2024-12-18 13:47:38 [INFO] Worker 1: 向下滑動: 364 像素，並等待 4.878022453644047 秒
2024-12-18 13:47:38 [INFO] Worker 7: 向下滑動: 212 像素，並等待 3.1690065093341335 秒
2024-12-18 13:47:39 [INFO] Worker 9: 向下滑動: 300 像素，並等待 3.6762240979467204 秒
2024-12-18 13:47:39 [INFO] Worker 10 隨機停留 6 秒
2024-12-18 13:47:40 [INFO] Worker 11 隨機停留 6 秒
2024-12-18 13:47:40 [INFO] Worker 8: 向下滑動: 260 像素，並等待 4.8086838387324 秒
2024-12-18 13:47:40 [INFO] Worker 7: 帳號 66990183891 的任務已結束
2024-12-18 13:47:40 [INFO] Worker 14: 開始處理帳號 66823121944
2024-12-18 13:47:41 [INFO] Worker 12: 代理 kamoney03.ddns.net:24012 設置成功
2024-12-18 13:47:42 [INFO] Worker 1: 向下滑動: 242 像素，並等待 4.616446034563795 秒
2024-12-18 13:47:43 [INFO] Worker 12: Cookies 已加載成功: cookies\66954958462_cookies.json
2024-12-18 13:47:44 [INFO] Worker 8: 向下滑動: 368 像素，並等待 3.2089909408425017 秒
2024-12-18 13:47:44 [INFO] Worker 9: 向下滑動: 202 像素，並等待 4.491387495387961 秒
2024-12-18 13:47:44 [INFO] Worker 13: 代理 kamoney03.ddns.net:24013 設置成功
2024-12-18 13:47:45 [INFO] Worker 12: 帳號 66954958462 使用 cookies 成功登入
2024-12-18 13:47:45 [INFO] Worker 12: 登錄成功，開始處理帳號 66954958462 的操作...
2024-12-18 13:47:45 [INFO] Worker 12: 開始跳轉操作...
2024-12-18 13:47:45 [INFO] Worker 12: 正在開啟貼文: https://www.facebook.com/share/1HAVpvaRDF/
2024-12-18 13:47:45 [INFO] Worker 13: Cookies 已加載成功: cookies\66804035563_cookies.json
2024-12-18 13:47:46 [INFO] Worker 10: 貼文已按過讚，無需重複操作
2024-12-18 13:47:46 [INFO] Worker 10 按讚後隨機停留 3 秒
2024-12-18 13:47:46 [INFO] Worker 11: 貼文已按過讚，無需重複操作
2024-12-18 13:47:46 [INFO] Worker 11 按讚後隨機停留 5 秒
2024-12-18 13:47:47 [INFO] Worker 1: 向下滑動: 348 像素，並等待 4.380564386612683 秒
2024-12-18 13:47:47 [INFO] Worker 13: 帳號 66804035563 使用 cookies 成功登入
2024-12-18 13:47:47 [INFO] Worker 13: 登錄成功，開始處理帳號 66804035563 的操作...
2024-12-18 13:47:47 [INFO] Worker 13: 開始跳轉操作...
2024-12-18 13:47:47 [INFO] Worker 13: 正在開啟貼文: https://www.facebook.com/share/1HAVpvaRDF/
2024-12-18 13:47:47 [INFO] Worker 8: 向下滑動: 305 像素，並等待 3.560383402439018 秒
2024-12-18 13:47:47 [INFO] Worker 9: 向下滑動: 205 像素，並等待 3.15736782097808 秒
2024-12-18 13:47:48 [INFO] Worker 12 隨機停留 7 秒
2024-12-18 13:47:49 [INFO] Worker 10: 正在開啟網站: https://lihi.cc/fCuUd
2024-12-18 13:47:49 [INFO] Worker 14: 代理 kamoney03.ddns.net:24014 設置成功
2024-12-18 13:47:50 [INFO] Worker 13 隨機停留 8 秒
2024-12-18 13:47:50 [INFO] Worker 14: Cookies 已加載成功: cookies\66823121944_cookies.json
2024-12-18 13:47:51 [INFO] Worker 1: 向下滑動: 262 像素，並等待 3.8557541705892815 秒
2024-12-18 13:47:51 [INFO] Worker 11: 正在開啟網站: https://lihi.cc/fCuUd
2024-12-18 13:47:51 [INFO] Worker 10 隨機停留時間: 197 秒
2024-12-18 13:47:51 [INFO] Worker 8: 向下滑動: 333 像素，並等待 4.377667911764337 秒
2024-12-18 13:47:52 [INFO] Worker 9: 向下滑動: 352 像素，並等待 4.901888314148901 秒
2024-12-18 13:47:53 [INFO] Worker 14: 帳號 66823121944 使用 cookies 成功登入
2024-12-18 13:47:53 [INFO] Worker 14: 登錄成功，開始處理帳號 66823121944 的操作...
2024-12-18 13:47:53 [INFO] Worker 14: 開始跳轉操作...
2024-12-18 13:47:53 [INFO] Worker 14: 正在開啟貼文: https://www.facebook.com/share/1HAVpvaRDF/
2024-12-18 13:47:54 [INFO] Worker 11 隨機停留時間: 178 秒
2024-12-18 13:47:54 [INFO] Worker 8: 帳號 66823237283 的任務已結束
2024-12-18 13:47:54 [INFO] Worker 15: 開始處理帳號 66814785452
2024-12-18 13:47:54 [INFO] Worker 1: 向下滑動: 333 像素，並等待 3.8277124718341407 秒
2024-12-18 13:47:55 [INFO] Worker 12: 貼文已按過讚，無需重複操作
2024-12-18 13:47:55 [INFO] Worker 12 按讚後隨機停留 5 秒
2024-12-18 13:47:55 [INFO] Worker 9: 向下滑動: 395 像素，並等待 3.074897402290996 秒
2024-12-18 13:47:55 [INFO] Worker 14 隨機停留 7 秒
2024-12-18 13:47:56 [INFO] Worker 10: 向下滑動: 331 像素，並等待 4.342467669870097 秒
2024-12-18 13:47:57 [INFO] Worker 11: 向下滑動: 399 像素，並等待 3.5340545888532278 秒
2024-12-18 13:47:57 [INFO] Worker 1: 帳號 66634899161 的任務已結束
2024-12-18 13:47:58 [INFO] Worker 13: 貼文已按過讚，無需重複操作
2024-12-18 13:47:58 [INFO] Worker 13 按讚後隨機停留 5 秒
2024-12-18 13:48:00 [INFO] Worker 9: 向下滑動: 239 像素，並等待 4.504361694760562 秒
2024-12-18 13:48:00 [INFO] Worker 12: 正在開啟網站: https://lihi.cc/fCuUd
2024-12-18 13:48:01 [INFO] Worker 10: 向下滑動: 313 像素，並等待 4.923673110843133 秒
2024-12-18 13:48:01 [INFO] Worker 15: 代理 kamoney03.ddns.net:24015 設置成功
2024-12-18 13:48:01 [INFO] Worker 11: 向下滑動: 314 像素，並等待 4.04674601814607 秒
2024-12-18 13:48:02 [INFO] Worker 15: Cookies 已加載成功: cookies\66814785452_cookies.json
2024-12-18 13:48:02 [INFO] Worker 14: 貼文已按過讚，無需重複操作
2024-12-18 13:48:02 [INFO] Worker 14 按讚後隨機停留 5 秒
2024-12-18 13:48:03 [INFO] Worker 12 隨機停留時間: 177 秒
2024-12-18 13:48:03 [INFO] Worker 13: 正在開啟網站: https://lihi.cc/fCuUd
2024-12-18 13:48:05 [INFO] Worker 9: 向下滑動: 345 像素，並等待 4.877320660796041 秒
2024-12-18 13:48:05 [INFO] Worker 11: 向下滑動: 243 像素，並等待 3.3938553048390157 秒
2024-12-18 13:48:05 [INFO] Worker 15: 帳號 66814785452 使用 cookies 成功登入
2024-12-18 13:48:05 [INFO] Worker 15: 登錄成功，開始處理帳號 66814785452 的操作...
2024-12-18 13:48:05 [INFO] Worker 15: 開始跳轉操作...
2024-12-18 13:48:05 [INFO] Worker 15: 正在開啟貼文: https://www.facebook.com/share/1HAVpvaRDF/
2024-12-18 13:48:05 [INFO] Worker 10: 向下滑動: 322 像素，並等待 4.2153322794344 秒
2024-12-18 13:48:06 [INFO] Worker 13 隨機停留時間: 194 秒
2024-12-18 13:48:07 [INFO] Worker 12: 向下滑動: 367 像素，並等待 4.201524528560743 秒
2024-12-18 13:48:07 [INFO] Worker 15 隨機停留 8 秒
2024-12-18 13:48:07 [INFO] Worker 14: 正在開啟網站: https://lihi.cc/fCuUd
2024-12-18 13:48:08 [INFO] Worker 11: 向下滑動: 322 像素，並等待 3.4162219084491277 秒
2024-12-18 13:48:09 [INFO] Worker 10: 向下滑動: 265 像素，並等待 3.94017967047262 秒
2024-12-18 13:48:09 [INFO] Worker 13: 向下滑動: 329 像素，並等待 3.518326306709241 秒
2024-12-18 13:48:09 [INFO] Worker 9: 向下滑動: 365 像素，並等待 4.881593969328923 秒
2024-12-18 13:48:10 [INFO] Worker 14 隨機停留時間: 173 秒
2024-12-18 13:48:10 [ERROR] Exception in thread
2024-12-18 13:48:10 [ERROR] TaskMonitor-navigate
2024-12-18 13:48:10 [ERROR] :
2024-12-18 13:48:10 [ERROR] Traceback (most recent call last):
2024-12-18 13:48:10 [ERROR] File "C:\Python312\Lib\site-packages\urllib3\connection.py", line 199, in _new_conn
2024-12-18 13:48:10 [ERROR] sock = connection.create_connection(
2024-12-18 13:48:10 [ERROR] ^
2024-12-18 13:48:10 [ERROR] ^
2024-12-18 13:48:10 [ERROR] ^
2024-12-18 13:48:10 [ERROR] ^
2024-12-18 13:48:10 [ERROR] ^
2024-12-18 13:48:10 [ERROR] ^
2024-12-18 13:48:10 [ERROR] ^
2024-12-18 13:48:10 [ERROR] ^
2024-12-18 13:48:10 [ERROR] ^
2024-12-18 13:48:10 [ERROR] ^
2024-12-18 13:48:10 [ERROR] ^
2024-12-18 13:48:10 [ERROR] ^
2024-12-18 13:48:10 [ERROR] ^
2024-12-18 13:48:10 [ERROR] ^
2024-12-18 13:48:10 [ERROR] ^
2024-12-18 13:48:10 [ERROR] ^
2024-12-18 13:48:10 [ERROR] ^
2024-12-18 13:48:10 [ERROR] ^
2024-12-18 13:48:10 [ERROR] ^
2024-12-18 13:48:10 [ERROR] ^
2024-12-18 13:48:10 [ERROR] ^
2024-12-18 13:48:10 [ERROR] ^
2024-12-18 13:48:10 [ERROR] ^
2024-12-18 13:48:10 [ERROR] ^
2024-12-18 13:48:10 [ERROR] ^
2024-12-18 13:48:10 [ERROR] ^
2024-12-18 13:48:10 [ERROR] ^
2024-12-18 13:48:10 [ERROR] ^
2024-12-18 13:48:10 [ERROR] ^
2024-12-18 13:48:10 [ERROR] File "C:\Python312\Lib\site-packages\urllib3\util\connection.py", line 85, in create_connection
2024-12-18 13:48:10 [ERROR] raise err
2024-12-18 13:48:10 [ERROR] File "C:\Python312\Lib\site-packages\urllib3\util\connection.py", line 73, in create_connection
2024-12-18 13:48:10 [ERROR] sock.connect(sa)
2024-12-18 13:48:10 [ERROR] ConnectionRefusedError
2024-12-18 13:48:10 [ERROR] :
2024-12-18 13:48:10 [ERROR] [WinError 10061] 無法連線，因為目標電腦拒絕連線。
2024-12-18 13:48:10 [ERROR] The above exception was the direct cause of the following exception:
2024-12-18 13:48:10 [ERROR] Traceback (most recent call last):
2024-12-18 13:48:10 [ERROR] File "C:\Python312\Lib\site-packages\urllib3\connectionpool.py", line 789, in urlopen
2024-12-18 13:48:10 [ERROR] response = self._make_request(
2024-12-18 13:48:10 [ERROR] ^
2024-12-18 13:48:10 [ERROR] ^
2024-12-18 13:48:10 [ERROR] ^
2024-12-18 13:48:10 [ERROR] ^
2024-12-18 13:48:10 [ERROR] ^
2024-12-18 13:48:10 [ERROR] ^
2024-12-18 13:48:10 [ERROR] ^
2024-12-18 13:48:10 [ERROR] ^
2024-12-18 13:48:10 [ERROR] ^
2024-12-18 13:48:10 [ERROR] ^
2024-12-18 13:48:10 [ERROR] ^
2024-12-18 13:48:10 [ERROR] ^
2024-12-18 13:48:10 [ERROR] ^
2024-12-18 13:48:10 [ERROR] ^
2024-12-18 13:48:10 [ERROR] ^
2024-12-18 13:48:10 [ERROR] ^
2024-12-18 13:48:10 [ERROR] ^
2024-12-18 13:48:10 [ERROR] ^
2024-12-18 13:48:10 [ERROR] ^
2024-12-18 13:48:10 [ERROR] File "C:\Python312\Lib\site-packages\urllib3\connectionpool.py", line 495, in _make_request
2024-12-18 13:48:10 [ERROR] conn.request(
2024-12-18 13:48:10 [ERROR] File "C:\Python312\Lib\site-packages\urllib3\connection.py", line 441, in request
2024-12-18 13:48:10 [ERROR] self.endheaders()
2024-12-18 13:48:10 [ERROR] File "C:\Python312\Lib\http\client.py", line 1331, in endheaders
2024-12-18 13:48:10 [ERROR] self._send_output(message_body, encode_chunked=encode_chunked)
2024-12-18 13:48:10 [ERROR] File "C:\Python312\Lib\http\client.py", line 1091, in _send_output
2024-12-18 13:48:10 [ERROR] self.send(msg)
2024-12-18 13:48:10 [ERROR] File "C:\Python312\Lib\http\client.py", line 1035, in send
2024-12-18 13:48:10 [ERROR] self.connect()
2024-12-18 13:48:10 [ERROR] File "C:\Python312\Lib\site-packages\urllib3\connection.py", line 279, in connect
2024-12-18 13:48:10 [ERROR] self.sock = self._new_conn()
2024-12-18 13:48:10 [ERROR] ^
2024-12-18 13:48:10 [ERROR] ^
2024-12-18 13:48:10 [ERROR] ^
2024-12-18 13:48:10 [ERROR] ^
2024-12-18 13:48:10 [ERROR] ^
2024-12-18 13:48:10 [ERROR] ^
2024-12-18 13:48:10 [ERROR] ^
2024-12-18 13:48:10 [ERROR] ^
2024-12-18 13:48:10 [ERROR] ^
2024-12-18 13:48:10 [ERROR] ^
2024-12-18 13:48:10 [ERROR] ^
2024-12-18 13:48:10 [ERROR] ^
2024-12-18 13:48:10 [ERROR] ^
2024-12-18 13:48:10 [ERROR] ^
2024-12-18 13:48:10 [ERROR] ^
2024-12-18 13:48:10 [ERROR] ^
2024-12-18 13:48:10 [ERROR] File "C:\Python312\Lib\site-packages\urllib3\connection.py", line 214, in _new_conn
2024-12-18 13:48:10 [ERROR] raise NewConnectionError(
2024-12-18 13:48:10 [ERROR] urllib3.exceptions
2024-12-18 13:48:10 [ERROR] .
2024-12-18 13:48:10 [ERROR] NewConnectionError
2024-12-18 13:48:10 [ERROR] :
2024-12-18 13:48:10 [ERROR] <urllib3.connection.HTTPConnection object at 0x0000021C5B953DD0>: Failed to establish a new connection: [WinError 10061] 無法連線，因為目標電腦拒絕連線。
2024-12-18 13:48:10 [ERROR] The above exception was the direct cause of the following exception:
2024-12-18 13:48:10 [ERROR] Traceback (most recent call last):
2024-12-18 13:48:10 [ERROR] File "C:\Python312\Lib\threading.py", line 1073, in _bootstrap_inner
2024-12-18 13:48:10 [ERROR] self.run()
2024-12-18 13:48:10 [ERROR] File "C:\Python312\Lib\threading.py", line 1010, in run
2024-12-18 13:48:10 [ERROR] self._target(*self._args, **self._kwargs)
2024-12-18 13:48:10 [ERROR] File "c:\Users\user\Desktop\SuChenAI\Factbook-RPA-clickurl\modules\task_monitor.py", line 29, in run
2024-12-18 13:48:10 [ERROR] self.check_for_unexpected_behavior(task_id, status)  # 檢查是否有非預期行為
2024-12-18 13:48:10 [ERROR] ^
2024-12-18 13:48:10 [ERROR] ^
2024-12-18 13:48:10 [ERROR] ^
2024-12-18 13:48:10 [ERROR] ^
2024-12-18 13:48:10 [ERROR] ^
2024-12-18 13:48:10 [ERROR] ^
2024-12-18 13:48:10 [ERROR] ^
2024-12-18 13:48:10 [ERROR] ^
2024-12-18 13:48:10 [ERROR] ^
2024-12-18 13:48:10 [ERROR] ^
2024-12-18 13:48:10 [ERROR] ^
2024-12-18 13:48:10 [ERROR] ^
2024-12-18 13:48:10 [ERROR] ^
2024-12-18 13:48:10 [ERROR] ^
2024-12-18 13:48:10 [ERROR] ^
2024-12-18 13:48:10 [ERROR] ^
2024-12-18 13:48:10 [ERROR] ^
2024-12-18 13:48:10 [ERROR] ^
2024-12-18 13:48:10 [ERROR] ^
2024-12-18 13:48:10 [ERROR] ^
2024-12-18 13:48:10 [ERROR] ^
2024-12-18 13:48:10 [ERROR] ^
2024-12-18 13:48:10 [ERROR] ^
2024-12-18 13:48:10 [ERROR] ^
2024-12-18 13:48:10 [ERROR] ^
2024-12-18 13:48:10 [ERROR] ^
2024-12-18 13:48:10 [ERROR] ^
2024-12-18 13:48:10 [ERROR] ^
2024-12-18 13:48:10 [ERROR] ^
2024-12-18 13:48:10 [ERROR] ^
2024-12-18 13:48:10 [ERROR] ^
2024-12-18 13:48:10 [ERROR] ^
2024-12-18 13:48:10 [ERROR] ^
2024-12-18 13:48:10 [ERROR] ^
2024-12-18 13:48:10 [ERROR] ^
2024-12-18 13:48:10 [ERROR] ^
2024-12-18 13:48:10 [ERROR] ^
2024-12-18 13:48:10 [ERROR] ^
2024-12-18 13:48:10 [ERROR] ^
2024-12-18 13:48:10 [ERROR] ^
2024-12-18 13:48:10 [ERROR] ^
2024-12-18 13:48:10 [ERROR] ^
2024-12-18 13:48:10 [ERROR] ^
2024-12-18 13:48:10 [ERROR] ^
2024-12-18 13:48:10 [ERROR] ^
2024-12-18 13:48:10 [ERROR] ^
2024-12-18 13:48:10 [ERROR] ^
2024-12-18 13:48:10 [ERROR] ^
2024-12-18 13:48:10 [ERROR] ^
2024-12-18 13:48:10 [ERROR] ^
2024-12-18 13:48:10 [ERROR] ^
2024-12-18 13:48:10 [ERROR] File "c:\Users\user\Desktop\SuChenAI\Factbook-RPA-clickurl\modules\task_monitor.py", line 80, in check_for_unexpected_behavior
2024-12-18 13:48:10 [ERROR] WebDriverWait(driver, 0.01).until(
2024-12-18 13:48:10 [ERROR] File "C:\Python312\Lib\site-packages\selenium\webdriver\support\wait.py", line 96, in until
2024-12-18 13:48:11 [ERROR] value = method(self._driver)
2024-12-18 13:48:11 [ERROR] ^
2024-12-18 13:48:11 [ERROR] ^
2024-12-18 13:48:11 [ERROR] ^
2024-12-18 13:48:11 [ERROR] ^
2024-12-18 13:48:11 [ERROR] ^
2024-12-18 13:48:11 [ERROR] ^
2024-12-18 13:48:11 [ERROR] ^
2024-12-18 13:48:11 [ERROR] ^
2024-12-18 13:48:11 [ERROR] ^
2024-12-18 13:48:11 [ERROR] ^
2024-12-18 13:48:11 [ERROR] ^
2024-12-18 13:48:11 [ERROR] ^
2024-12-18 13:48:11 [ERROR] ^
2024-12-18 13:48:11 [ERROR] ^
2024-12-18 13:48:11 [ERROR] ^
2024-12-18 13:48:11 [ERROR] ^
2024-12-18 13:48:11 [ERROR] ^
2024-12-18 13:48:11 [ERROR] ^
2024-12-18 13:48:11 [ERROR] ^
2024-12-18 13:48:11 [ERROR] ^
2024-12-18 13:48:11 [ERROR] File "C:\Python312\Lib\site-packages\selenium\webdriver\support\expected_conditions.py", line 84, in _predicate
2024-12-18 13:48:11 [ERROR] return driver.find_element(*locator)
2024-12-18 13:48:11 [ERROR] ^
2024-12-18 13:48:11 [ERROR] ^
2024-12-18 13:48:11 [ERROR] ^
2024-12-18 13:48:11 [ERROR] ^
2024-12-18 13:48:11 [ERROR] ^
2024-12-18 13:48:11 [ERROR] ^
2024-12-18 13:48:11 [ERROR] ^
2024-12-18 13:48:11 [ERROR] ^
2024-12-18 13:48:11 [ERROR] ^
2024-12-18 13:48:11 [ERROR] ^
2024-12-18 13:48:11 [ERROR] ^
2024-12-18 13:48:11 [ERROR] ^
2024-12-18 13:48:11 [ERROR] ^
2024-12-18 13:48:11 [ERROR] ^
2024-12-18 13:48:11 [ERROR] ^
2024-12-18 13:48:11 [ERROR] ^
2024-12-18 13:48:11 [ERROR] ^
2024-12-18 13:48:11 [ERROR] ^
2024-12-18 13:48:11 [ERROR] ^
2024-12-18 13:48:11 [ERROR] ^
2024-12-18 13:48:11 [ERROR] ^
2024-12-18 13:48:11 [ERROR] ^
2024-12-18 13:48:11 [ERROR] ^
2024-12-18 13:48:11 [ERROR] ^
2024-12-18 13:48:11 [ERROR] ^
2024-12-18 13:48:11 [ERROR] ^
2024-12-18 13:48:11 [ERROR] ^
2024-12-18 13:48:11 [ERROR] ^
2024-12-18 13:48:11 [ERROR] ^
2024-12-18 13:48:11 [ERROR] File "C:\Python312\Lib\site-packages\selenium\webdriver\remote\webdriver.py", line 770, in find_element
2024-12-18 13:48:11 [ERROR] return self.execute(Command.FIND_ELEMENT, {"using": by, "value": value})["value"]
2024-12-18 13:48:11 [ERROR] ^
2024-12-18 13:48:11 [ERROR] ^
2024-12-18 13:48:11 [ERROR] ^
2024-12-18 13:48:11 [ERROR] ^
2024-12-18 13:48:11 [ERROR] ^
2024-12-18 13:48:11 [ERROR] ^
2024-12-18 13:48:11 [ERROR] ^
2024-12-18 13:48:11 [ERROR] ^
2024-12-18 13:48:11 [ERROR] ^
2024-12-18 13:48:11 [ERROR] ^
2024-12-18 13:48:11 [ERROR] ^
2024-12-18 13:48:11 [ERROR] ^
2024-12-18 13:48:11 [ERROR] ^
2024-12-18 13:48:11 [ERROR] ^
2024-12-18 13:48:11 [ERROR] ^
2024-12-18 13:48:11 [ERROR] ^
2024-12-18 13:48:11 [ERROR] ^
2024-12-18 13:48:11 [ERROR] ^
2024-12-18 13:48:11 [ERROR] ^
2024-12-18 13:48:11 [ERROR] ^
2024-12-18 13:48:11 [ERROR] ^
2024-12-18 13:48:11 [ERROR] ^
2024-12-18 13:48:11 [ERROR] ^
2024-12-18 13:48:11 [ERROR] ^
2024-12-18 13:48:11 [ERROR] ^
2024-12-18 13:48:11 [ERROR] ^
2024-12-18 13:48:11 [ERROR] ^
2024-12-18 13:48:11 [ERROR] ^
2024-12-18 13:48:11 [ERROR] ^
2024-12-18 13:48:11 [ERROR] ^
2024-12-18 13:48:11 [ERROR] ^
2024-12-18 13:48:11 [ERROR] ^
2024-12-18 13:48:11 [ERROR] ^
2024-12-18 13:48:11 [ERROR] ^
2024-12-18 13:48:11 [ERROR] ^
2024-12-18 13:48:11 [ERROR] ^
2024-12-18 13:48:11 [ERROR] ^
2024-12-18 13:48:11 [ERROR] ^
2024-12-18 13:48:11 [ERROR] ^
2024-12-18 13:48:11 [ERROR] ^
2024-12-18 13:48:11 [ERROR] ^
2024-12-18 13:48:11 [ERROR] ^
2024-12-18 13:48:11 [ERROR] ^
2024-12-18 13:48:11 [ERROR] ^
2024-12-18 13:48:11 [ERROR] ^
2024-12-18 13:48:11 [ERROR] ^
2024-12-18 13:48:11 [ERROR] ^
2024-12-18 13:48:11 [ERROR] ^
2024-12-18 13:48:11 [ERROR] ^
2024-12-18 13:48:11 [ERROR] ^
2024-12-18 13:48:11 [ERROR] ^
2024-12-18 13:48:11 [ERROR] ^
2024-12-18 13:48:11 [ERROR] ^
2024-12-18 13:48:11 [ERROR] ^
2024-12-18 13:48:11 [ERROR] ^
2024-12-18 13:48:11 [ERROR] ^
2024-12-18 13:48:11 [ERROR] ^
2024-12-18 13:48:11 [ERROR] ^
2024-12-18 13:48:11 [ERROR] ^
2024-12-18 13:48:11 [ERROR] ^
2024-12-18 13:48:11 [ERROR] ^
2024-12-18 13:48:11 [ERROR] ^
2024-12-18 13:48:11 [ERROR] ^
2024-12-18 13:48:11 [ERROR] ^
2024-12-18 13:48:11 [ERROR] ^
2024-12-18 13:48:11 [ERROR] File "C:\Python312\Lib\site-packages\selenium\webdriver\remote\webdriver.py", line 382, in execute
2024-12-18 13:48:11 [ERROR] response = self.command_executor.execute(driver_command, params)
2024-12-18 13:48:11 [ERROR] ^
2024-12-18 13:48:11 [ERROR] ^
2024-12-18 13:48:11 [ERROR] ^
2024-12-18 13:48:11 [ERROR] ^
2024-12-18 13:48:11 [ERROR] ^
2024-12-18 13:48:11 [ERROR] ^
2024-12-18 13:48:11 [ERROR] ^
2024-12-18 13:48:11 [ERROR] ^
2024-12-18 13:48:11 [ERROR] ^
2024-12-18 13:48:11 [ERROR] ^
2024-12-18 13:48:11 [ERROR] ^
2024-12-18 13:48:11 [ERROR] ^
2024-12-18 13:48:11 [ERROR] ^
2024-12-18 13:48:11 [ERROR] ^
2024-12-18 13:48:11 [ERROR] ^
2024-12-18 13:48:11 [ERROR] ^
2024-12-18 13:48:11 [ERROR] ^
2024-12-18 13:48:11 [ERROR] ^
2024-12-18 13:48:11 [ERROR] ^
2024-12-18 13:48:11 [ERROR] ^
2024-12-18 13:48:11 [ERROR] ^
2024-12-18 13:48:11 [ERROR] ^
2024-12-18 13:48:11 [ERROR] ^
2024-12-18 13:48:11 [ERROR] ^
2024-12-18 13:48:11 [ERROR] ^
2024-12-18 13:48:11 [ERROR] ^
2024-12-18 13:48:11 [ERROR] ^
2024-12-18 13:48:11 [ERROR] ^
2024-12-18 13:48:11 [ERROR] ^
2024-12-18 13:48:11 [ERROR] ^
2024-12-18 13:48:11 [ERROR] ^
2024-12-18 13:48:11 [ERROR] ^
2024-12-18 13:48:11 [ERROR] ^
2024-12-18 13:48:11 [ERROR] ^
2024-12-18 13:48:11 [ERROR] ^
2024-12-18 13:48:11 [ERROR] ^
2024-12-18 13:48:11 [ERROR] ^
2024-12-18 13:48:11 [ERROR] ^
2024-12-18 13:48:11 [ERROR] ^
2024-12-18 13:48:11 [ERROR] ^
2024-12-18 13:48:11 [ERROR] ^
2024-12-18 13:48:11 [ERROR] ^
2024-12-18 13:48:11 [ERROR] ^
2024-12-18 13:48:11 [ERROR] ^
2024-12-18 13:48:11 [ERROR] ^
2024-12-18 13:48:11 [ERROR] ^
2024-12-18 13:48:11 [ERROR] ^
2024-12-18 13:48:11 [ERROR] ^
2024-12-18 13:48:11 [ERROR] ^
2024-12-18 13:48:11 [ERROR] ^
2024-12-18 13:48:11 [ERROR] ^
2024-12-18 13:48:11 [ERROR] ^
2024-12-18 13:48:11 [ERROR] ^
2024-12-18 13:48:11 [ERROR] File "C:\Python312\Lib\site-packages\selenium\webdriver\remote\remote_connection.py", line 404, in execute
2024-12-18 13:48:11 [ERROR] return self._request(command_info[0], url, body=data)
2024-12-18 13:48:11 [ERROR] ^
2024-12-18 13:48:11 [ERROR] ^
2024-12-18 13:48:11 [ERROR] ^
2024-12-18 13:48:11 [ERROR] ^
2024-12-18 13:48:11 [ERROR] ^
2024-12-18 13:48:11 [ERROR] ^
2024-12-18 13:48:11 [ERROR] ^
2024-12-18 13:48:11 [ERROR] ^
2024-12-18 13:48:11 [ERROR] ^
2024-12-18 13:48:11 [ERROR] ^
2024-12-18 13:48:11 [ERROR] ^
2024-12-18 13:48:11 [ERROR] ^
2024-12-18 13:48:11 [ERROR] ^
2024-12-18 13:48:11 [ERROR] ^
2024-12-18 13:48:11 [ERROR] ^
2024-12-18 13:48:11 [ERROR] ^
2024-12-18 13:48:11 [ERROR] ^
2024-12-18 13:48:11 [ERROR] ^
2024-12-18 13:48:11 [ERROR] ^
2024-12-18 13:48:11 [ERROR] ^
2024-12-18 13:48:11 [ERROR] ^
2024-12-18 13:48:11 [ERROR] ^
2024-12-18 13:48:11 [ERROR] ^
2024-12-18 13:48:11 [ERROR] ^
2024-12-18 13:48:11 [ERROR] ^
2024-12-18 13:48:11 [ERROR] ^
2024-12-18 13:48:11 [ERROR] ^
2024-12-18 13:48:11 [ERROR] ^
2024-12-18 13:48:11 [ERROR] ^
2024-12-18 13:48:11 [ERROR] ^
2024-12-18 13:48:11 [ERROR] ^
2024-12-18 13:48:11 [ERROR] ^
2024-12-18 13:48:11 [ERROR] ^
2024-12-18 13:48:11 [ERROR] ^
2024-12-18 13:48:11 [ERROR] ^
2024-12-18 13:48:11 [ERROR] ^
2024-12-18 13:48:11 [ERROR] ^
2024-12-18 13:48:11 [ERROR] ^
2024-12-18 13:48:11 [ERROR] ^
2024-12-18 13:48:11 [ERROR] ^
2024-12-18 13:48:11 [ERROR] ^
2024-12-18 13:48:11 [ERROR] ^
2024-12-18 13:48:11 [ERROR] ^
2024-12-18 13:48:11 [ERROR] ^
2024-12-18 13:48:11 [ERROR] ^
2024-12-18 13:48:11 [ERROR] ^
2024-12-18 13:48:11 [ERROR] File "C:\Python312\Lib\site-packages\selenium\webdriver\remote\remote_connection.py", line 428, in _request
2024-12-18 13:48:11 [ERROR] response = self._conn.request(method, url, body=body, headers=headers, timeout=self._client_config.timeout)
2024-12-18 13:48:11 [ERROR] ^
2024-12-18 13:48:11 [ERROR] ^
2024-12-18 13:48:11 [ERROR] ^
2024-12-18 13:48:11 [ERROR] ^
2024-12-18 13:48:11 [ERROR] ^
2024-12-18 13:48:11 [ERROR] ^
2024-12-18 13:48:11 [ERROR] ^
2024-12-18 13:48:11 [ERROR] ^
2024-12-18 13:48:11 [ERROR] ^
2024-12-18 13:48:11 [ERROR] ^
2024-12-18 13:48:11 [ERROR] ^
2024-12-18 13:48:11 [ERROR] ^
2024-12-18 13:48:11 [ERROR] ^
2024-12-18 13:48:11 [ERROR] ^
2024-12-18 13:48:11 [ERROR] ^
2024-12-18 13:48:11 [ERROR] ^
2024-12-18 13:48:11 [ERROR] ^
2024-12-18 13:48:11 [ERROR] ^
2024-12-18 13:48:11 [ERROR] ^
2024-12-18 13:48:11 [ERROR] ^
2024-12-18 13:48:11 [ERROR] ^
2024-12-18 13:48:11 [ERROR] ^
2024-12-18 13:48:11 [ERROR] ^
2024-12-18 13:48:11 [ERROR] ^
2024-12-18 13:48:11 [ERROR] ^
2024-12-18 13:48:11 [ERROR] ^
2024-12-18 13:48:11 [ERROR] ^
2024-12-18 13:48:11 [ERROR] ^
2024-12-18 13:48:11 [ERROR] ^
2024-12-18 13:48:11 [ERROR] ^
2024-12-18 13:48:11 [ERROR] ^
2024-12-18 13:48:11 [ERROR] ^
2024-12-18 13:48:11 [ERROR] ^
2024-12-18 13:48:11 [ERROR] ^
2024-12-18 13:48:11 [ERROR] ^
2024-12-18 13:48:11 [ERROR] ^
2024-12-18 13:48:11 [ERROR] ^
2024-12-18 13:48:11 [ERROR] ^
2024-12-18 13:48:11 [ERROR] ^
2024-12-18 13:48:11 [ERROR] ^
2024-12-18 13:48:11 [ERROR] ^
2024-12-18 13:48:11 [ERROR] ^
2024-12-18 13:48:11 [ERROR] ^
2024-12-18 13:48:11 [ERROR] ^
2024-12-18 13:48:11 [ERROR] ^
2024-12-18 13:48:11 [ERROR] ^
2024-12-18 13:48:11 [ERROR] ^
2024-12-18 13:48:11 [ERROR] ^
2024-12-18 13:48:11 [ERROR] ^
2024-12-18 13:48:11 [ERROR] ^
2024-12-18 13:48:11 [ERROR] ^
2024-12-18 13:48:11 [ERROR] ^
2024-12-18 13:48:11 [ERROR] ^
2024-12-18 13:48:11 [ERROR] ^
2024-12-18 13:48:11 [ERROR] ^
2024-12-18 13:48:11 [ERROR] ^
2024-12-18 13:48:11 [ERROR] ^
2024-12-18 13:48:11 [ERROR] ^
2024-12-18 13:48:11 [ERROR] ^
2024-12-18 13:48:11 [ERROR] ^
2024-12-18 13:48:11 [ERROR] ^
2024-12-18 13:48:11 [ERROR] ^
2024-12-18 13:48:11 [ERROR] ^
2024-12-18 13:48:11 [ERROR] ^
2024-12-18 13:48:11 [ERROR] ^
2024-12-18 13:48:11 [ERROR] ^
2024-12-18 13:48:11 [ERROR] ^
2024-12-18 13:48:11 [ERROR] ^
2024-12-18 13:48:11 [ERROR] ^
2024-12-18 13:48:11 [ERROR] ^
2024-12-18 13:48:11 [ERROR] ^
2024-12-18 13:48:11 [ERROR] ^
2024-12-18 13:48:11 [ERROR] ^
2024-12-18 13:48:11 [ERROR] ^
2024-12-18 13:48:11 [ERROR] ^
2024-12-18 13:48:11 [ERROR] ^
2024-12-18 13:48:11 [ERROR] ^
2024-12-18 13:48:11 [ERROR] ^
2024-12-18 13:48:11 [ERROR] ^
2024-12-18 13:48:11 [ERROR] ^
2024-12-18 13:48:11 [ERROR] ^
2024-12-18 13:48:11 [ERROR] ^
2024-12-18 13:48:11 [ERROR] ^
2024-12-18 13:48:11 [ERROR] ^
2024-12-18 13:48:11 [ERROR] ^
2024-12-18 13:48:11 [ERROR] ^
2024-12-18 13:48:11 [ERROR] ^
2024-12-18 13:48:11 [ERROR] ^
2024-12-18 13:48:11 [ERROR] ^
2024-12-18 13:48:11 [ERROR] ^
2024-12-18 13:48:11 [ERROR] ^
2024-12-18 13:48:11 [ERROR] ^
2024-12-18 13:48:11 [ERROR] ^
2024-12-18 13:48:11 [ERROR] ^
2024-12-18 13:48:11 [ERROR] ^
2024-12-18 13:48:11 [ERROR] ^
2024-12-18 13:48:11 [ERROR] File "C:\Python312\Lib\site-packages\urllib3\_request_methods.py", line 143, in request
2024-12-18 13:48:11 [ERROR] return self.request_encode_body(
2024-12-18 13:48:11 [ERROR] ^
2024-12-18 13:48:11 [ERROR] ^
2024-12-18 13:48:11 [ERROR] ^
2024-12-18 13:48:11 [ERROR] ^
2024-12-18 13:48:11 [ERROR] ^
2024-12-18 13:48:11 [ERROR] ^
2024-12-18 13:48:11 [ERROR] ^
2024-12-18 13:48:11 [ERROR] ^
2024-12-18 13:48:11 [ERROR] ^
2024-12-18 13:48:11 [ERROR] ^
2024-12-18 13:48:11 [ERROR] ^
2024-12-18 13:48:11 [ERROR] ^
2024-12-18 13:48:11 [ERROR] ^
2024-12-18 13:48:11 [ERROR] ^
2024-12-18 13:48:11 [ERROR] ^
2024-12-18 13:48:11 [ERROR] ^
2024-12-18 13:48:11 [ERROR] ^
2024-12-18 13:48:11 [ERROR] ^
2024-12-18 13:48:11 [ERROR] ^
2024-12-18 13:48:11 [ERROR] ^
2024-12-18 13:48:11 [ERROR] ^
2024-12-18 13:48:11 [ERROR] ^
2024-12-18 13:48:11 [ERROR] ^
2024-12-18 13:48:11 [ERROR] ^
2024-12-18 13:48:11 [ERROR] ^
2024-12-18 13:48:11 [ERROR] File "C:\Python312\Lib\site-packages\urllib3\_request_methods.py", line 278, in request_encode_body
2024-12-18 13:48:11 [ERROR] return self.urlopen(method, url, **extra_kw)
2024-12-18 13:48:11 [ERROR] ^
2024-12-18 13:48:11 [ERROR] ^
2024-12-18 13:48:11 [ERROR] ^
2024-12-18 13:48:11 [ERROR] ^
2024-12-18 13:48:11 [ERROR] ^
2024-12-18 13:48:11 [ERROR] ^
2024-12-18 13:48:11 [ERROR] ^
2024-12-18 13:48:11 [ERROR] ^
2024-12-18 13:48:11 [ERROR] ^
2024-12-18 13:48:11 [ERROR] ^
2024-12-18 13:48:11 [ERROR] ^
2024-12-18 13:48:11 [ERROR] ^
2024-12-18 13:48:11 [ERROR] ^
2024-12-18 13:48:11 [ERROR] ^
2024-12-18 13:48:11 [ERROR] ^
2024-12-18 13:48:11 [ERROR] ^
2024-12-18 13:48:11 [ERROR] ^
2024-12-18 13:48:11 [ERROR] ^
2024-12-18 13:48:11 [ERROR] ^
2024-12-18 13:48:11 [ERROR] ^
2024-12-18 13:48:11 [ERROR] ^
2024-12-18 13:48:11 [ERROR] ^
2024-12-18 13:48:11 [ERROR] ^
2024-12-18 13:48:11 [ERROR] ^
2024-12-18 13:48:11 [ERROR] ^
2024-12-18 13:48:11 [ERROR] ^
2024-12-18 13:48:11 [ERROR] ^
2024-12-18 13:48:11 [ERROR] ^
2024-12-18 13:48:11 [ERROR] ^
2024-12-18 13:48:11 [ERROR] ^
2024-12-18 13:48:11 [ERROR] ^
2024-12-18 13:48:11 [ERROR] ^
2024-12-18 13:48:11 [ERROR] ^
2024-12-18 13:48:11 [ERROR] ^
2024-12-18 13:48:11 [ERROR] ^
2024-12-18 13:48:11 [ERROR] ^
2024-12-18 13:48:11 [ERROR] ^
2024-12-18 13:48:11 [ERROR] File "C:\Python312\Lib\site-packages\urllib3\poolmanager.py", line 443, in urlopen
2024-12-18 13:48:11 [ERROR] response = conn.urlopen(method, u.request_uri, **kw)
2024-12-18 13:48:11 [ERROR] ^
2024-12-18 13:48:11 [ERROR] ^
2024-12-18 13:48:11 [ERROR] ^
2024-12-18 13:48:11 [ERROR] ^
2024-12-18 13:48:11 [ERROR] ^
2024-12-18 13:48:11 [ERROR] ^
2024-12-18 13:48:11 [ERROR] ^
2024-12-18 13:48:11 [ERROR] ^
2024-12-18 13:48:11 [ERROR] ^
2024-12-18 13:48:11 [ERROR] ^
2024-12-18 13:48:11 [ERROR] ^
2024-12-18 13:48:11 [ERROR] ^
2024-12-18 13:48:11 [ERROR] ^
2024-12-18 13:48:11 [ERROR] ^
2024-12-18 13:48:11 [ERROR] ^
2024-12-18 13:48:11 [ERROR] ^
2024-12-18 13:48:11 [ERROR] ^
2024-12-18 13:48:11 [ERROR] ^
2024-12-18 13:48:11 [ERROR] ^
2024-12-18 13:48:11 [ERROR] ^
2024-12-18 13:48:11 [ERROR] ^
2024-12-18 13:48:11 [ERROR] ^
2024-12-18 13:48:11 [ERROR] ^
2024-12-18 13:48:11 [ERROR] ^
2024-12-18 13:48:11 [ERROR] ^
2024-12-18 13:48:11 [ERROR] ^
2024-12-18 13:48:11 [ERROR] ^
2024-12-18 13:48:11 [ERROR] ^
2024-12-18 13:48:11 [ERROR] ^
2024-12-18 13:48:11 [ERROR] ^
2024-12-18 13:48:11 [ERROR] ^
2024-12-18 13:48:11 [ERROR] ^
2024-12-18 13:48:11 [ERROR] ^
2024-12-18 13:48:11 [ERROR] ^
2024-12-18 13:48:11 [ERROR] ^
2024-12-18 13:48:11 [ERROR] ^
2024-12-18 13:48:11 [ERROR] ^
2024-12-18 13:48:11 [ERROR] ^
2024-12-18 13:48:11 [ERROR] ^
2024-12-18 13:48:11 [ERROR] ^
2024-12-18 13:48:11 [ERROR] ^
2024-12-18 13:48:11 [ERROR] File "C:\Python312\Lib\site-packages\urllib3\connectionpool.py", line 873, in urlopen
2024-12-18 13:48:11 [ERROR] return self.urlopen(
2024-12-18 13:48:11 [ERROR] ^
2024-12-18 13:48:11 [ERROR] ^
2024-12-18 13:48:11 [ERROR] ^
2024-12-18 13:48:11 [ERROR] ^
2024-12-18 13:48:11 [ERROR] ^
2024-12-18 13:48:11 [ERROR] ^
2024-12-18 13:48:11 [ERROR] ^
2024-12-18 13:48:11 [ERROR] ^
2024-12-18 13:48:11 [ERROR] ^
2024-12-18 13:48:11 [ERROR] ^
2024-12-18 13:48:11 [ERROR] ^
2024-12-18 13:48:11 [ERROR] ^
2024-12-18 13:48:11 [ERROR] ^
2024-12-18 13:48:11 [ERROR] File "C:\Python312\Lib\site-packages\urllib3\connectionpool.py", line 873, in urlopen
2024-12-18 13:48:11 [ERROR] return self.urlopen(
2024-12-18 13:48:11 [ERROR] ^
2024-12-18 13:48:11 [ERROR] ^
2024-12-18 13:48:11 [ERROR] ^
2024-12-18 13:48:11 [ERROR] ^
2024-12-18 13:48:11 [ERROR] ^
2024-12-18 13:48:11 [ERROR] ^
2024-12-18 13:48:11 [ERROR] ^
2024-12-18 13:48:11 [ERROR] ^
2024-12-18 13:48:11 [ERROR] ^
2024-12-18 13:48:11 [ERROR] ^
2024-12-18 13:48:11 [ERROR] ^
2024-12-18 13:48:11 [ERROR] ^
2024-12-18 13:48:11 [ERROR] ^
2024-12-18 13:48:11 [ERROR] File "C:\Python312\Lib\site-packages\urllib3\connectionpool.py", line 873, in urlopen
2024-12-18 13:48:11 [ERROR] return self.urlopen(
2024-12-18 13:48:11 [ERROR] ^
2024-12-18 13:48:11 [ERROR] ^
2024-12-18 13:48:11 [ERROR] ^
2024-12-18 13:48:11 [ERROR] ^
2024-12-18 13:48:11 [ERROR] ^
2024-12-18 13:48:11 [ERROR] ^
2024-12-18 13:48:11 [ERROR] ^
2024-12-18 13:48:11 [ERROR] ^
2024-12-18 13:48:11 [ERROR] ^
2024-12-18 13:48:11 [ERROR] ^
2024-12-18 13:48:11 [ERROR] ^
2024-12-18 13:48:11 [ERROR] ^
2024-12-18 13:48:11 [ERROR] ^
2024-12-18 13:48:11 [ERROR] File "C:\Python312\Lib\site-packages\urllib3\connectionpool.py", line 843, in urlopen
2024-12-18 13:48:11 [ERROR] retries = retries.increment(
2024-12-18 13:48:11 [ERROR] ^
2024-12-18 13:48:11 [ERROR] ^
2024-12-18 13:48:11 [ERROR] ^
2024-12-18 13:48:11 [ERROR] ^
2024-12-18 13:48:11 [ERROR] ^
2024-12-18 13:48:11 [ERROR] ^
2024-12-18 13:48:11 [ERROR] ^
2024-12-18 13:48:11 [ERROR] ^
2024-12-18 13:48:11 [ERROR] ^
2024-12-18 13:48:11 [ERROR] ^
2024-12-18 13:48:11 [ERROR] ^
2024-12-18 13:48:11 [ERROR] ^
2024-12-18 13:48:11 [ERROR] ^
2024-12-18 13:48:11 [ERROR] ^
2024-12-18 13:48:11 [ERROR] ^
2024-12-18 13:48:11 [ERROR] ^
2024-12-18 13:48:11 [ERROR] ^
2024-12-18 13:48:11 [ERROR] ^
2024-12-18 13:48:11 [ERROR] File "C:\Python312\Lib\site-packages\urllib3\util\retry.py", line 519, in increment
2024-12-18 13:48:11 [ERROR] raise MaxRetryError(_pool, url, reason) from reason  # type: ignore[arg-type]
2024-12-18 13:48:11 [ERROR] ^
2024-12-18 13:48:11 [ERROR] ^
2024-12-18 13:48:11 [ERROR] ^
2024-12-18 13:48:11 [ERROR] ^
2024-12-18 13:48:11 [ERROR] ^
2024-12-18 13:48:11 [ERROR] ^
2024-12-18 13:48:11 [ERROR] ^
2024-12-18 13:48:11 [ERROR] ^
2024-12-18 13:48:11 [ERROR] ^
2024-12-18 13:48:11 [ERROR] ^
2024-12-18 13:48:11 [ERROR] ^
2024-12-18 13:48:11 [ERROR] ^
2024-12-18 13:48:11 [ERROR] ^
2024-12-18 13:48:11 [ERROR] ^
2024-12-18 13:48:11 [ERROR] ^
2024-12-18 13:48:11 [ERROR] ^
2024-12-18 13:48:11 [ERROR] ^
2024-12-18 13:48:11 [ERROR] ^
2024-12-18 13:48:11 [ERROR] ^
2024-12-18 13:48:11 [ERROR] ^
2024-12-18 13:48:11 [ERROR] ^
2024-12-18 13:48:11 [ERROR] ^
2024-12-18 13:48:11 [ERROR] ^
2024-12-18 13:48:11 [ERROR] ^
2024-12-18 13:48:11 [ERROR] ^
2024-12-18 13:48:11 [ERROR] ^
2024-12-18 13:48:11 [ERROR] ^
2024-12-18 13:48:11 [ERROR] ^
2024-12-18 13:48:11 [ERROR] ^
2024-12-18 13:48:11 [ERROR] ^
2024-12-18 13:48:11 [ERROR] ^
2024-12-18 13:48:11 [ERROR] ^
2024-12-18 13:48:11 [ERROR] ^
2024-12-18 13:48:11 [ERROR] ^
2024-12-18 13:48:11 [ERROR] ^
2024-12-18 13:48:11 [ERROR] ^
2024-12-18 13:48:11 [ERROR] ^
2024-12-18 13:48:11 [ERROR] ^
2024-12-18 13:48:11 [ERROR] ^
2024-12-18 13:48:11 [ERROR] ^
2024-12-18 13:48:11 [ERROR] ^
2024-12-18 13:48:11 [ERROR] ^
2024-12-18 13:48:11 [ERROR] ^
2024-12-18 13:48:11 [ERROR] ^
2024-12-18 13:48:11 [ERROR] ^
2024-12-18 13:48:11 [ERROR] ^
2024-12-18 13:48:11 [ERROR] ^
2024-12-18 13:48:11 [ERROR] ^
2024-12-18 13:48:11 [ERROR] ^
2024-12-18 13:48:11 [ERROR] ^
2024-12-18 13:48:11 [ERROR] ^
2024-12-18 13:48:11 [ERROR] urllib3.exceptions
2024-12-18 13:48:11 [ERROR] .
2024-12-18 13:48:11 [ERROR] MaxRetryError
2024-12-18 13:48:11 [ERROR] :
2024-12-18 13:48:11 [ERROR] HTTPConnectionPool(host='localhost', port=60367): Max retries exceeded with url: /session/6caec334-161d-432b-ac42-ec90c03410d8/element (Caused by NewConnectionError('<urllib3.connection.HTTPConnection object at 0x0000021C5B953DD0>: Failed to establish a new connection: [WinError 10061] 無法連線，因為目標電腦拒絕連線。'))
2024-12-18 13:48:11 [INFO] Worker 12: 向下滑動: 318 像素，並等待 4.035222134091708 秒
2024-12-18 13:48:12 [INFO] Worker 11: 向下滑動: 310 像素，並等待 4.322644688172342 秒
2024-12-18 13:48:13 [INFO] Worker 10: 向下滑動: 216 像素，並等待 3.8186511141478414 秒
2024-12-18 13:48:13 [INFO] Worker 9: 向下滑動: 312 像素，並等待 3.3412070104466025 秒
2024-12-18 13:48:14 [INFO] Worker 13: 向下滑動: 242 像素，並等待 4.821671199701639 秒
2024-12-18 13:48:14 [INFO] Worker 12: 向下滑動: 255 像素，並等待 3.471999279240511 秒
2024-12-18 13:48:15 [INFO] Worker 14: 向下滑動: 373 像素，並等待 4.565593450002631 秒
2024-12-18 13:48:15 [INFO] Worker 15: 貼文已按過讚，無需重複操作
2024-12-18 13:48:15 [INFO] Worker 15 按讚後隨機停留 4 秒
2024-12-18 13:48:16 [INFO] Worker 9: 向下滑動: 277 像素，並等待 3.115232907304715 秒
2024-12-18 13:48:17 [INFO] Worker 10: 向下滑動: 321 像素，並等待 3.8279538346281323 秒
2024-12-18 13:48:17 [INFO] Worker 11: 向下滑動: 294 像素，並等待 4.750926454194064 秒
2024-12-18 13:48:18 [INFO] Worker 13: 向下滑動: 310 像素，並等待 3.601725952876743 秒
2024-12-18 13:48:19 [INFO] Worker 9: 向下滑動: 202 像素，並等待 3.0078909112187664 秒
2024-12-18 13:48:19 [INFO] Worker 15: 正在開啟網站: https://lihi.cc/fCuUd
2024-12-18 13:48:19 [INFO] Worker 12: 向下滑動: 390 像素，並等待 4.734909299592516 秒
2024-12-18 13:48:19 [INFO] Worker 14: 向下滑動: 323 像素，並等待 4.685445941617029 秒
2024-12-18 13:48:20 [INFO] Worker 10: 向下滑動: 355 像素，並等待 3.4778871560017395 秒
2024-12-18 13:48:21 [INFO] Worker 11: 向下滑動: 216 像素，並等待 3.4078926079774385 秒
2024-12-18 13:48:21 [INFO] Worker 13: 向下滑動: 267 像素，並等待 3.038213639202575 秒
2024-12-18 13:48:22 [INFO] Worker 15 隨機停留時間: 179 秒
2024-12-18 13:48:23 [INFO] Worker 12: 向下滑動: 390 像素，並等待 3.941060408886172 秒
2024-12-18 13:48:24 [INFO] Worker 9: 向下滑動: 259 像素，並等待 4.6568084358413016 秒
2024-12-18 13:48:24 [INFO] Worker 14: 向下滑動: 250 像素，並等待 4.25807551330832 秒
2024-12-18 13:48:24 [INFO] Worker 10: 向下滑動: 395 像素，並等待 3.896385089255813 秒
2024-12-18 13:48:25 [INFO] Worker 13: 向下滑動: 213 像素，並等待 3.843619732965438 秒
2024-12-18 13:48:25 [INFO] Worker 15: 向下滑動: 245 像素，並等待 3.0712687618485703 秒
2024-12-18 13:48:25 [INFO] Worker 11: 向下滑動: 379 像素，並等待 4.925194677852608 秒
2024-12-18 13:48:27 [INFO] Worker 12: 向下滑動: 216 像素，並等待 3.637499686725787 秒
2024-12-18 13:48:27 [INFO] Worker 14: 向下滑動: 275 像素，並等待 3.5528323645128097 秒
2024-12-18 13:48:27 [INFO] Worker 9: 向下滑動: 242 像素，並等待 3.8036346033648245 秒
2024-12-18 13:48:28 [INFO] Worker 10: 向下滑動: 243 像素，並等待 3.7472937738627095 秒
2024-12-18 13:48:29 [INFO] Worker 11: 向下滑動: 259 像素，並等待 3.0128061174936436 秒
2024-12-18 13:48:29 [INFO] Worker 13: 向下滑動: 232 像素，並等待 4.4644813052099686 秒
2024-12-18 13:48:30 [INFO] Worker 15: 向下滑動: 336 像素，並等待 4.964466926689658 秒
2024-12-18 13:48:30 [INFO] Worker 14: 向下滑動: 319 像素，並等待 3.0657888950676715 秒
2024-12-18 13:48:30 [INFO] Worker 12: 向下滑動: 274 像素，並等待 3.6534031064906847 秒
2024-12-18 13:48:31 [INFO] Worker 9: 向下滑動: 206 像素，並等待 3.406510506581504 秒
2024-12-18 13:48:32 [INFO] Worker 11: 向下滑動: 351 像素，並等待 3.083494308314387 秒
2024-12-18 13:48:32 [INFO] Worker 13: 向下滑動: 290 像素，並等待 3.0159822149756286 秒
2024-12-18 13:48:32 [INFO] Worker 10: 向下滑動: 235 像素，並等待 4.675997058600198 秒
2024-12-18 13:48:34 [INFO] Worker 15: 向下滑動: 317 像素，並等待 4.15524633015895 秒
2024-12-18 13:48:35 [INFO] Worker 12: 向下滑動: 338 像素，並等待 4.477533130976042 秒
2024-12-18 13:48:35 [INFO] Worker 14: 向下滑動: 358 像素，並等待 4.947237047597998 秒
2024-12-18 13:48:35 [INFO] Worker 11: 向下滑動: 296 像素，並等待 3.8678085746859496 秒
2024-12-18 13:48:36 [INFO] Worker 13: 向下滑動: 284 像素，並等待 3.5181722205106176 秒
2024-12-18 13:48:36 [INFO] Worker 9: 向下滑動: 328 像素，並等待 4.966341576503653 秒
2024-12-18 13:48:36 [INFO] Worker 10: 向下滑動: 284 像素，並等待 3.576284145297312 秒
2024-12-18 13:48:37 [INFO] Worker 15: 向下滑動: 294 像素，並等待 3.0828051666723546 秒
2024-12-18 13:48:39 [INFO] Worker 13: 向下滑動: 333 像素，並等待 3.3544720535428443 秒
2024-12-18 13:48:39 [INFO] Worker 9: 向下滑動: 247 像素，並等待 3.6425864992673227 秒
2024-12-18 13:48:40 [INFO] Worker 12: 向下滑動: 385 像素，並等待 4.816203022721737 秒
2024-12-18 13:48:40 [INFO] Worker 11: 向下滑動: 265 像素，並等待 4.4693663842593505 秒
2024-12-18 13:48:40 [INFO] Worker 14: 向下滑動: 320 像素，並等待 4.909029178676577 秒
2024-12-18 13:48:40 [INFO] Worker 10: 向下滑動: 261 像素，並等待 4.213307751087376 秒
2024-12-18 13:48:42 [INFO] Worker 15: 向下滑動: 393 像素，並等待 4.6435461520750145 秒
2024-12-18 13:48:44 [INFO] Worker 9: 向下滑動: 247 像素，並等待 4.109047733890568 秒
2024-12-18 13:48:44 [INFO] Worker 14: 向下滑動: 228 像素，並等待 3.5086523334881727 秒
2024-12-18 13:48:44 [INFO] Worker 10: 向下滑動: 369 像素，並等待 3.420871918300386 秒
2024-12-18 13:48:44 [INFO] Worker 12: 向下滑動: 297 像素，並等待 3.944456331348837 秒
2024-12-18 13:48:44 [INFO] Worker 13: 向下滑動: 233 像素，並等待 4.971546071280601 秒
2024-12-18 13:48:44 [INFO] Worker 11: 向下滑動: 344 像素，並等待 4.225140653962063 秒
2024-12-18 13:48:47 [INFO] Worker 15: 向下滑動: 250 像素，並等待 4.579513318203376 秒
2024-12-18 13:48:47 [INFO] Worker 12: 向下滑動: 205 像素，並等待 3.0831234289745195 秒
2024-12-18 13:48:47 [INFO] Worker 9: 向下滑動: 374 像素，並等待 3.4451105649326035 秒
2024-12-18 13:48:47 [INFO] Worker 10: 向下滑動: 264 像素，並等待 3.3030289201571126 秒
2024-12-18 13:48:47 [INFO] Worker 14: 向下滑動: 326 像素，並等待 3.835267619255195 秒
2024-12-18 13:48:48 [INFO] Worker 13: 向下滑動: 305 像素，並等待 3.8837283747199294 秒
2024-12-18 13:48:49 [INFO] Worker 11: 向下滑動: 214 像素，並等待 4.78135663904503 秒
2024-12-18 13:48:50 [INFO] Worker 10: 向下滑動: 285 像素，並等待 3.3707744866230267 秒
2024-12-18 13:48:51 [INFO] Worker 14: 向下滑動: 208 像素，並等待 3.225641160515119 秒
2024-12-18 13:48:51 [INFO] Worker 12: 向下滑動: 330 像素，並等待 4.18403549611093 秒
2024-12-18 13:48:51 [INFO] Worker 13: 向下滑動: 216 像素，並等待 3.12853304927195 秒
2024-12-18 13:48:51 [INFO] Worker 15: 向下滑動: 283 像素，並等待 4.659429902859735 秒
2024-12-18 13:48:51 [INFO] Worker 9: 向下滑動: 304 像素，並等待 4.240441710515844 秒
2024-12-18 13:48:53 [INFO] Worker 11: 向下滑動: 341 像素，並等待 3.6152411613436 秒
2024-12-18 13:48:53 [INFO] Worker 10: 向下滑動: 338 像素，並等待 3.0360706509942696 秒
2024-12-18 13:48:54 [INFO] Worker 9: 向下滑動: 275 像素，並等待 3.2267478124103457 秒
2024-12-18 13:48:55 [INFO] Worker 14: 向下滑動: 252 像素，並等待 3.873829486599025 秒
2024-12-18 13:48:55 [INFO] Worker 12: 向下滑動: 211 像素，並等待 4.29532571252528 秒
2024-12-18 13:48:55 [INFO] Worker 13: 向下滑動: 337 像素，並等待 4.34853816376966 秒
2024-12-18 13:48:56 [INFO] Worker 15: 向下滑動: 303 像素，並等待 4.461056180307179 秒
2024-12-18 13:48:57 [INFO] Worker 11: 向下滑動: 372 像素，並等待 4.368378640604537 秒
2024-12-18 13:48:57 [INFO] Worker 10: 向下滑動: 347 像素，並等待 3.9470231121803803 秒
2024-12-18 13:48:58 [INFO] Worker 13: 向下滑動: 278 像素，並等待 3.0066175685348355 秒
2024-12-18 13:48:58 [INFO] Worker 14: 向下滑動: 219 像素，並等待 3.890174488225437 秒
2024-12-18 13:48:59 [INFO] Worker 9: 向下滑動: 364 像素，並等待 4.140889147806527 秒
2024-12-18 13:48:59 [INFO] Worker 15: 向下滑動: 246 像素，並等待 3.3833429156535697 秒
2024-12-18 13:49:00 [INFO] Worker 12: 向下滑動: 205 像素，並等待 4.436955134000667 秒
2024-12-18 13:49:01 [INFO] Worker 11: 向下滑動: 282 像素，並等待 4.300480350929716 秒
2024-12-18 13:49:02 [INFO] Worker 9: 向下滑動: 206 像素，並等待 3.075241258816751 秒
2024-12-18 13:49:02 [INFO] Worker 10: 向下滑動: 282 像素，並等待 4.361018192409286 秒
2024-12-18 13:49:02 [INFO] Worker 14: 向下滑動: 226 像素，並等待 3.4718081276587376 秒
2024-12-18 13:49:02 [INFO] Worker 15: 向下滑動: 214 像素，並等待 3.4122030532752303 秒
2024-12-18 13:49:03 [INFO] Worker 12: 向下滑動: 311 像素，並等待 3.479076272144386 秒
2024-12-18 13:49:03 [INFO] Worker 13: 向下滑動: 294 像素，並等待 4.886650512836678 秒
2024-12-18 13:49:04 [INFO] Worker 11: 向下滑動: 277 像素，並等待 3.173681547760917 秒
2024-12-18 13:49:05 [INFO] Worker 10: 向下滑動: 245 像素，並等待 3.2951379727101693 秒
2024-12-18 13:49:05 [INFO] Worker 9: 向下滑動: 306 像素，並等待 3.6833904881079116 秒
2024-12-18 13:49:06 [INFO] Worker 15: 向下滑動: 312 像素，並等待 3.7789297896304888 秒
2024-12-18 13:49:07 [INFO] Worker 12: 向下滑動: 394 像素，並等待 3.449197926249482 秒
2024-12-18 13:49:07 [INFO] Worker 14: 向下滑動: 318 像素，並等待 4.969764893018143 秒
2024-12-18 13:49:07 [INFO] Worker 13: 向下滑動: 230 像素，並等待 3.6555090881823347 秒
2024-12-18 13:49:08 [INFO] Worker 11: 向下滑動: 327 像素，並等待 3.0690952420104147 秒
2024-12-18 13:49:08 [INFO] Worker 10: 向下滑動: 220 像素，並等待 3.205228720074425 秒
2024-12-18 13:49:10 [INFO] Worker 9: 向下滑動: 399 像素，並等待 4.162655197459244 秒
2024-12-18 13:49:10 [INFO] Worker 15: 向下滑動: 369 像素，並等待 3.6609472651628305 秒
2024-12-18 13:49:10 [INFO] Worker 12: 向下滑動: 375 像素，並等待 3.2433768291512335 秒
2024-12-18 13:49:11 [INFO] Worker 11: 向下滑動: 209 像素，並等待 3.01919073075885 秒
2024-12-18 13:49:11 [INFO] Worker 13: 向下滑動: 364 像素，並等待 4.253131236708963 秒
2024-12-18 13:49:11 [INFO] Worker 14: 向下滑動: 397 像素，並等待 4.454397981425474 秒
2024-12-18 13:49:12 [INFO] Worker 10: 向下滑動: 354 像素，並等待 3.7051516775508686 秒
2024-12-18 13:49:13 [INFO] Worker 9: 向下滑動: 237 像素，並等待 3.9004270582547935 秒
2024-12-18 13:49:14 [INFO] Worker 15: 向下滑動: 364 像素，並等待 3.861510749379625 秒
2024-12-18 13:49:14 [INFO] Worker 12: 向下滑動: 347 像素，並等待 4.368432090462984 秒
2024-12-18 13:49:15 [INFO] Worker 14: 向下滑動: 356 像素，並等待 3.6155239914601784 秒
2024-12-18 13:49:15 [INFO] Worker 10: 向下滑動: 373 像素，並等待 3.376967054681373 秒
2024-12-18 13:49:16 [INFO] Worker 13: 向下滑動: 308 像素，並等待 4.32760040830901 秒
2024-12-18 13:49:16 [INFO] Worker 11: 向下滑動: 244 像素，並等待 4.9842711842875 秒
2024-12-18 13:49:18 [INFO] Worker 9: 向下滑動: 238 像素，並等待 4.939970760235495 秒
2024-12-18 13:49:18 [INFO] Worker 15: 向下滑動: 235 像素，並等待 4.658513307882071 秒
2024-12-18 13:49:19 [INFO] Worker 14: 向下滑動: 215 像素，並等待 3.665182806476089 秒
2024-12-18 13:49:19 [INFO] Worker 12: 向下滑動: 202 像素，並等待 4.460087122868178 秒
2024-12-18 13:49:19 [INFO] Worker 13: 向下滑動: 272 像素，並等待 3.4737638269055013 秒
2024-12-18 13:49:19 [INFO] Worker 11: 向下滑動: 246 像素，並等待 3.5819518486399238 秒
2024-12-18 13:49:20 [INFO] Worker 10: 向下滑動: 344 像素，並等待 4.347233794580533 秒
2024-12-18 13:49:22 [INFO] Worker 15: 向下滑動: 225 像素，並等待 3.2322094706407283 秒
2024-12-18 13:49:23 [INFO] Worker 12: 向下滑動: 244 像素，並等待 3.9663713025515 秒
2024-12-18 13:49:23 [INFO] Worker 9: 向下滑動: 305 像素，並等待 4.516745665000393 秒
2024-12-18 13:49:23 [INFO] Worker 11: 向下滑動: 334 像素，並等待 3.7690476660951644 秒
2024-12-18 13:49:23 [INFO] Worker 13: 向下滑動: 253 像素，並等待 4.3099900314986765 秒
2024-12-18 13:49:23 [INFO] Worker 14: 向下滑動: 227 像素，並等待 4.780742754332 秒
2024-12-18 13:49:24 [INFO] Worker 10: 向下滑動: 382 像素，並等待 4.039308258562052 秒
2024-12-18 13:49:26 [INFO] Worker 15: 向下滑動: 380 像素，並等待 4.315657651929861 秒
2024-12-18 13:49:26 [INFO] Worker 11: 向下滑動: 338 像素，並等待 3.081255449895517 秒
2024-12-18 13:49:26 [INFO] Worker 9: 向下滑動: 370 像素，並等待 3.4918460404947047 秒
2024-12-18 13:49:27 [INFO] Worker 12: 向下滑動: 368 像素，並等待 4.3331613724901095 秒
2024-12-18 13:49:28 [INFO] Worker 13: 向下滑動: 246 像素，並等待 4.321275528908656 秒
2024-12-18 13:49:28 [INFO] Worker 14: 向下滑動: 275 像素，並等待 4.616558917855265 秒
2024-12-18 13:49:28 [INFO] Worker 10: 向下滑動: 225 像素，並等待 4.602206439109014 秒
2024-12-18 13:49:30 [INFO] Worker 9: 向下滑動: 298 像素，並等待 3.1426798451749405 秒
2024-12-18 13:49:30 [INFO] Worker 15: 向下滑動: 326 像素，並等待 4.166859830937333 秒
2024-12-18 13:49:31 [INFO] Worker 11: 向下滑動: 369 像素，並等待 4.796650102675887 秒
2024-12-18 13:49:31 [INFO] Worker 14: 向下滑動: 343 像素，並等待 3.1877560187586784 秒
2024-12-18 13:49:32 [INFO] Worker 12: 向下滑動: 254 像素，並等待 4.511161444326181 秒
2024-12-18 13:49:32 [INFO] Worker 10: 向下滑動: 302 像素，並等待 3.6881152558174795 秒
2024-12-18 13:49:32 [INFO] Worker 13: 向下滑動: 334 像素，並等待 4.797343429944863 秒
2024-12-18 13:49:34 [INFO] Worker 9: 向下滑動: 342 像素，並等待 4.035624365839646 秒
2024-12-18 13:49:34 [INFO] Worker 15: 向下滑動: 322 像素，並等待 3.501153919181393 秒
2024-12-18 13:49:35 [INFO] Worker 11: 向下滑動: 331 像素，並等待 3.7364323964689374 秒
2024-12-18 13:49:35 [INFO] Worker 14: 向下滑動: 300 像素，並等待 3.4458613097807715 秒
2024-12-18 13:49:35 [INFO] Worker 12: 向下滑動: 335 像素，並等待 3.808055497242597 秒
2024-12-18 13:49:36 [INFO] Worker 10: 向下滑動: 264 像素，並等待 4.185345151684007 秒
2024-12-18 13:49:37 [INFO] Worker 13: 向下滑動: 343 像素，並等待 4.486596221869824 秒
2024-12-18 13:49:37 [INFO] Worker 9: 向下滑動: 202 像素，並等待 3.49091846616178 秒
2024-12-18 13:49:38 [INFO] Worker 14: 向下滑動: 379 像素，並等待 3.136458536693602 秒
2024-12-18 13:49:38 [INFO] Worker 11: 向下滑動: 221 像素，並等待 3.4530551684479587 秒
2024-12-18 13:49:38 [INFO] Worker 15: 向下滑動: 257 像素，並等待 4.353661959516999 秒
2024-12-18 13:49:39 [INFO] Worker 12: 向下滑動: 234 像素，並等待 3.50824433508424 秒
2024-12-18 13:49:40 [INFO] Worker 10: 向下滑動: 312 像素，並等待 3.9526595718685176 秒
2024-12-18 13:49:41 [INFO] Worker 13: 向下滑動: 235 像素，並等待 4.1144208550476264 秒
2024-12-18 13:49:42 [INFO] Worker 9: 向下滑動: 375 像素，並等待 4.394038050849922 秒
2024-12-18 13:49:42 [INFO] Worker 15: 向下滑動: 249 像素，並等待 3.7799319200795907 秒
2024-12-18 13:49:42 [INFO] Worker 11: 向下滑動: 317 像素，並等待 3.9097462116970814 秒
2024-12-18 13:49:42 [INFO] Worker 14: 向下滑動: 334 像素，並等待 4.16737435677991 秒
2024-12-18 13:49:42 [INFO] Worker 12: 向下滑動: 357 像素，並等待 3.280632177235984 秒
2024-12-18 13:49:44 [INFO] Worker 10: 向下滑動: 394 像素，並等待 3.8701184080432856 秒
2024-12-18 13:49:45 [INFO] Worker 9: 向下滑動: 213 像素，並等待 3.5458523696950968 秒
2024-12-18 13:49:45 [INFO] Worker 14: 向下滑動: 248 像素，並等待 3.063856307915147 秒
2024-12-18 13:49:45 [INFO] Worker 13: 向下滑動: 239 像素，並等待 4.271842782818507 秒
2024-12-18 13:49:46 [INFO] Worker 12: 向下滑動: 373 像素，並等待 3.975577234393142 秒
2024-12-18 13:49:47 [INFO] Worker 15: 向下滑動: 287 像素，並等待 4.891082036772433 秒
2024-12-18 13:49:47 [INFO] Worker 11: 向下滑動: 248 像素，並等待 4.864518786444529 秒
2024-12-18 13:49:48 [INFO] Worker 10: 向下滑動: 321 像素，並等待 3.48136955104785 秒
2024-12-18 13:49:49 [INFO] Worker 9: 向下滑動: 345 像素，並等待 3.5501990639443717 秒
2024-12-18 13:49:49 [INFO] Worker 14: 向下滑動: 255 像素，並等待 3.9974434177049813 秒
2024-12-18 13:49:49 [INFO] Worker 13: 向下滑動: 395 像素，並等待 3.9228121225994608 秒
2024-12-18 13:49:50 [INFO] Worker 11: 向下滑動: 303 像素，並等待 3.079111133315827 秒
2024-12-18 13:49:50 [INFO] Worker 12: 向下滑動: 324 像素，並等待 3.8789330189932167 秒
2024-12-18 13:49:50 [INFO] Worker 15: 向下滑動: 242 像素，並等待 3.4997111979216067 秒
2024-12-18 13:49:51 [INFO] Worker 10: 向下滑動: 373 像素，並等待 3.0346559628985794 秒
2024-12-18 13:49:53 [INFO] Worker 14: 向下滑動: 339 像素，並等待 3.4329622270630296 秒
2024-12-18 13:49:53 [INFO] Worker 9: 向下滑動: 330 像素，並等待 4.336050606940786 秒
2024-12-18 13:49:53 [INFO] Worker 12: 向下滑動: 299 像素，並等待 3.3383967888263264 秒
2024-12-18 13:49:54 [INFO] Worker 11: 向下滑動: 201 像素，並等待 3.602910945008919 秒
2024-12-18 13:49:54 [INFO] Worker 13: 向下滑動: 289 像素，並等待 4.479729121618969 秒
2024-12-18 13:49:55 [INFO] Worker 15: 向下滑動: 301 像素，並等待 4.639754819488104 秒
2024-12-18 13:49:56 [INFO] Worker 10: 向下滑動: 319 像素，並等待 4.911112096295675 秒
2024-12-18 13:49:57 [INFO] Worker 9: 向下滑動: 274 像素，並等待 3.585300269422736 秒
2024-12-18 13:49:57 [INFO] Worker 14: 向下滑動: 222 像素，並等待 4.218067574212393 秒
2024-12-18 13:49:57 [INFO] Worker 11: 向下滑動: 355 像素，並等待 3.5966195699317787 秒
2024-12-18 13:49:58 [INFO] Worker 12: 向下滑動: 359 像素，並等待 4.225887314007548 秒
2024-12-18 13:49:58 [INFO] Worker 15: 向下滑動: 311 像素，並等待 3.4126210758412894 秒
2024-12-18 13:49:59 [INFO] Worker 13: 向下滑動: 341 像素，並等待 4.760646619267231 秒
2024-12-18 13:49:59 [INFO] Worker 10: 向下滑動: 244 像素，並等待 3.2353947758719555 秒
2024-12-18 13:50:00 [INFO] Worker 9: 向下滑動: 244 像素，並等待 3.129991192421646 秒
2024-12-18 13:50:00 [INFO] Worker 11: 向下滑動: 221 像素，並等待 3.257849317500381 秒
2024-12-18 13:50:01 [INFO] Worker 15: 向下滑動: 221 像素，並等待 3.1524653414002444 秒
2024-12-18 13:50:02 [INFO] Worker 14: 向下滑動: 268 像素，並等待 4.841993107769558 秒
2024-12-18 13:50:02 [INFO] Worker 12: 向下滑動: 366 像素，並等待 3.9686299700551304 秒
2024-12-18 13:50:02 [INFO] Worker 13: 向下滑動: 333 像素，並等待 3.339411816378446 秒
2024-12-18 13:50:03 [INFO] Worker 9: 向下滑動: 280 像素，並等待 3.3860301316045422 秒
2024-12-18 13:50:03 [INFO] Worker 10: 向下滑動: 251 像素，並等待 4.718373294079969 秒
2024-12-18 13:50:05 [INFO] Worker 11: 向下滑動: 204 像素，並等待 4.555344769903818 秒
2024-12-18 13:50:05 [INFO] Worker 14: 向下滑動: 261 像素，並等待 3.36626596632611 秒
2024-12-18 13:50:05 [INFO] Worker 15: 向下滑動: 277 像素，並等待 3.707860641798842 秒
2024-12-18 13:50:06 [INFO] Worker 12: 向下滑動: 300 像素，並等待 4.753579701934006 秒
2024-12-18 13:50:07 [INFO] Worker 13: 向下滑動: 262 像素，並等待 4.94694640524494 秒
2024-12-18 13:50:07 [INFO] Worker 10: 向下滑動: 266 像素，並等待 3.61565671951443 秒
2024-12-18 13:50:07 [INFO] Worker 9: 向下滑動: 345 像素，並等待 4.111310682988198 秒
2024-12-18 13:50:08 [INFO] Worker 15: 向下滑動: 291 像素，並等待 3.111130328998807 秒
2024-12-18 13:50:08 [INFO] Worker 11: 向下滑動: 328 像素，並等待 3.5183536520084235 秒
2024-12-18 13:50:09 [INFO] Worker 14: 向下滑動: 269 像素，並等待 4.184519877433406 秒
2024-12-18 13:50:11 [INFO] Worker 13: 向下滑動: 259 像素，並等待 3.794430250895365 秒
2024-12-18 13:50:11 [INFO] Worker 9: 向下滑動: 231 像素，並等待 3.467159661541343 秒
2024-12-18 13:50:11 [INFO] Worker 12: 向下滑動: 320 像素，並等待 4.987461078683704 秒
2024-12-18 13:50:12 [INFO] Worker 11: 向下滑動: 329 像素，並等待 3.255177040628605 秒
2024-12-18 13:50:12 [INFO] Worker 10: 向下滑動: 268 像素，並等待 4.735798267134755 秒
2024-12-18 13:50:13 [INFO] Worker 14: 向下滑動: 367 像素，並等待 3.460049176083456 秒
2024-12-18 13:50:13 [INFO] Worker 15: 向下滑動: 278 像素，並等待 4.931626050591079 秒
2024-12-18 13:50:15 [INFO] Worker 12: 向下滑動: 297 像素，並等待 3.3616665381758404 秒
2024-12-18 13:50:15 [INFO] Worker 13: 向下滑動: 296 像素，並等待 4.532670829688368 秒
2024-12-18 13:50:15 [INFO] Worker 11: 向下滑動: 261 像素，並等待 3.7002573754211694 秒
2024-12-18 13:50:15 [INFO] Worker 9: 向下滑動: 283 像素，並等待 4.775719365513617 秒
2024-12-18 13:50:16 [INFO] Worker 10: 向下滑動: 314 像素，並等待 4.484151031626492 秒
2024-12-18 13:50:17 [INFO] Worker 15: 向下滑動: 320 像素，並等待 3.6398630166421913 秒
2024-12-18 13:50:17 [INFO] Worker 14: 向下滑動: 328 像素，並等待 4.726975240405019 秒
2024-12-18 13:50:18 [INFO] Worker 12: 向下滑動: 310 像素，並等待 3.1701839220397336 秒
2024-12-18 13:50:19 [INFO] Worker 11: 向下滑動: 339 像素，並等待 3.088596725723332 秒
2024-12-18 13:50:20 [INFO] Worker 13: 向下滑動: 337 像素，並等待 4.4187536003759655 秒
2024-12-18 13:50:20 [INFO] Worker 10: 向下滑動: 275 像素，並等待 3.449931220607592 秒
2024-12-18 13:50:20 [INFO] Worker 9: 向下滑動: 262 像素，並等待 4.500568823008557 秒
2024-12-18 13:50:21 [INFO] Worker 15: 向下滑動: 226 像素，並等待 3.7871099260074845 秒
2024-12-18 13:50:22 [INFO] Worker 11: 向下滑動: 303 像素，並等待 3.2051149925355853 秒
2024-12-18 13:50:22 [INFO] Worker 14: 向下滑動: 305 像素，並等待 4.631085517589664 秒
2024-12-18 13:50:22 [INFO] Worker 12: 向下滑動: 346 像素，並等待 4.327810194827369 秒
2024-12-18 13:50:23 [INFO] Worker 13: 向下滑動: 333 像素，並等待 3.1861071676024753 秒
2024-12-18 13:50:23 [INFO] Worker 10: 向下滑動: 359 像素，並等待 3.449696063322806 秒
2024-12-18 13:50:23 [INFO] Worker 9: 向下滑動: 372 像素，並等待 3.441952023296213 秒
2024-12-18 13:50:25 [INFO] Worker 15: 向下滑動: 379 像素，並等待 4.187452726896325 秒
2024-12-18 13:50:25 [INFO] Worker 14: 向下滑動: 240 像素，並等待 3.1660890264116173 秒
2024-12-18 13:50:26 [INFO] Worker 11: 向下滑動: 337 像素，並等待 4.030965361148512 秒
2024-12-18 13:50:26 [INFO] Worker 12: 向下滑動: 224 像素，並等待 4.151026082084581 秒
2024-12-18 13:50:27 [INFO] Worker 10: 向下滑動: 348 像素，並等待 3.2603893390023053 秒
2024-12-18 13:50:27 [INFO] Worker 13: 向下滑動: 320 像素，並等待 4.025737030433642 秒
2024-12-18 13:50:27 [INFO] Worker 9: 向下滑動: 243 像素，並等待 3.6981392503764434 秒
2024-12-18 13:50:28 [INFO] Worker 15: 向下滑動: 327 像素，並等待 3.4113471031603684 秒
2024-12-18 13:50:30 [INFO] Worker 9: 帳號 66991704166 的任務已結束
2024-12-18 13:50:30 [INFO] Worker 14: 向下滑動: 271 像素，並等待 4.9125453721124 秒
2024-12-18 13:50:30 [INFO] Worker 10: 向下滑動: 322 像素，並等待 3.672996127452757 秒
2024-12-18 13:50:30 [INFO] Worker 11: 向下滑動: 213 像素，並等待 4.4742049704051485 秒
2024-12-18 13:50:31 [INFO] Worker 12: 向下滑動: 208 像素，並等待 4.185828286081248 秒
2024-12-18 13:50:31 [INFO] Worker 13: 向下滑動: 399 像素，並等待 4.510988670247127 秒
2024-12-18 13:50:32 [INFO] Worker 15: 向下滑動: 335 像素，並等待 3.703007796778471 秒
2024-12-18 13:50:34 [INFO] Worker 10: 向下滑動: 206 像素，並等待 3.4895049260498983 秒
2024-12-18 13:50:34 [INFO] Worker 11: 向下滑動: 258 像素，並等待 3.6804229781020634 秒
2024-12-18 13:50:35 [INFO] Worker 14: 向下滑動: 302 像素，並等待 4.953196675953947 秒
2024-12-18 13:50:36 [INFO] Worker 13: 向下滑動: 222 像素，並等待 4.12317425382466 秒
2024-12-18 13:50:36 [INFO] Worker 12: 向下滑動: 247 像素，並等待 4.954694800967027 秒
2024-12-18 13:50:36 [INFO] Worker 15: 向下滑動: 326 像素，並等待 3.645571959552748 秒
2024-12-18 13:50:38 [INFO] Worker 10: 向下滑動: 231 像素，並等待 4.301506697706522 秒
2024-12-18 13:50:39 [INFO] Worker 11: 向下滑動: 336 像素，並等待 4.636859786147504 秒
2024-12-18 13:50:39 [INFO] Worker 12: 向下滑動: 362 像素，並等待 3.479663057731992 秒
2024-12-18 13:50:40 [INFO] Worker 13: 向下滑動: 294 像素，並等待 4.042498716994457 秒
2024-12-18 13:50:40 [INFO] Worker 15: 向下滑動: 261 像素，並等待 4.006922315174549 秒
2024-12-18 13:50:40 [INFO] Worker 14: 向下滑動: 233 像素，並等待 4.575586549443713 秒
2024-12-18 13:50:42 [INFO] Worker 11: 向下滑動: 236 像素，並等待 3.4612722041434387 秒
2024-12-18 13:50:42 [INFO] Worker 10: 向下滑動: 284 像素，並等待 4.295206532719708 秒
2024-12-18 13:50:43 [INFO] Worker 13: 向下滑動: 252 像素，並等待 3.075772095088733 秒
2024-12-18 13:50:43 [INFO] Worker 14: 向下滑動: 286 像素，並等待 3.117633409707182 秒
2024-12-18 13:50:43 [INFO] Worker 12: 向下滑動: 213 像素，並等待 3.893172716158854 秒
2024-12-18 13:50:44 [INFO] Worker 15: 向下滑動: 321 像素，並等待 4.671497717006162 秒
2024-12-18 13:50:45 [INFO] Worker 11: 向下滑動: 317 像素，並等待 3.3507050623195953 秒
2024-12-18 13:50:47 [INFO] Worker 12: 向下滑動: 277 像素，並等待 3.5072523562430176 秒
2024-12-18 13:50:47 [INFO] Worker 14: 向下滑動: 314 像素，並等待 3.776228598682607 秒
2024-12-18 13:50:47 [INFO] Worker 10: 向下滑動: 209 像素，並等待 4.900530175606757 秒
2024-12-18 13:50:47 [INFO] Worker 13: 向下滑動: 323 像素，並等待 4.639136298367015 秒
2024-12-18 13:50:49 [INFO] Worker 11: 向下滑動: 249 像素，並等待 3.520624147204014 秒
2024-12-18 13:50:49 [INFO] Worker 15: 向下滑動: 253 像素，並等待 4.734925764152627 秒
2024-12-18 13:50:50 [INFO] Worker 10: 向下滑動: 294 像素，並等待 3.2228094269967005 秒
2024-12-18 13:50:51 [INFO] Worker 13: 向下滑動: 249 像素，並等待 3.7936144768386244 秒
2024-12-18 13:50:51 [INFO] Worker 14: 向下滑動: 317 像素，並等待 4.569027071634232 秒
2024-12-18 13:50:51 [INFO] Worker 12: 向下滑動: 288 像素，並等待 4.930943016758259 秒
2024-12-18 13:50:53 [INFO] Worker 11: 向下滑動: 327 像素，並等待 4.360156788709199 秒
2024-12-18 13:50:53 [INFO] Worker 15: 向下滑動: 231 像素，並等待 4.351800324604937 秒
2024-12-18 13:50:54 [INFO] Worker 10: 向下滑動: 237 像素，並等待 3.7525249219471455 秒
2024-12-18 13:50:55 [INFO] Worker 14: 向下滑動: 362 像素，並等待 3.582815733281023 秒
2024-12-18 13:50:55 [INFO] Worker 12: 向下滑動: 337 像素，並等待 3.9493172897686746 秒
2024-12-18 13:50:56 [INFO] Worker 11: 帳號 66643407753 的任務已結束
2024-12-18 13:50:56 [INFO] Worker 13: 向下滑動: 305 像素，並等待 4.988912423605212 秒
2024-12-18 13:50:58 [INFO] Worker 10: 向下滑動: 341 像素，並等待 3.91756739100435 秒
2024-12-18 13:50:58 [INFO] Worker 14: 向下滑動: 255 像素，並等待 3.4537927985359005 秒
2024-12-18 13:50:58 [INFO] Worker 15: 向下滑動: 360 像素，並等待 4.9644417899967435 秒
2024-12-18 13:50:59 [INFO] Worker 13: 向下滑動: 284 像素，並等待 3.29874449945772 秒
2024-12-18 13:51:00 [INFO] Worker 12: 向下滑動: 200 像素，並等待 4.6076354619325155 秒
2024-12-18 13:51:02 [INFO] Worker 10: 向下滑動: 331 像素，並等待 3.5106222274586623 秒
2024-12-18 13:51:02 [INFO] Worker 14: 向下滑動: 340 像素，並等待 3.9626191389167005 秒
2024-12-18 13:51:02 [INFO] Worker 12: 帳號 66954958462 的任務已結束
2024-12-18 13:51:02 [INFO] Worker 13: 向下滑動: 268 像素，並等待 3.0438405784373592 秒
2024-12-18 13:51:03 [INFO] Worker 15: 向下滑動: 321 像素，並等待 4.615164368437588 秒
2024-12-18 13:51:05 [INFO] Worker 14: 向下滑動: 356 像素，並等待 3.226245990491268 秒
2024-12-18 13:51:06 [INFO] Worker 10: 向下滑動: 290 像素，並等待 4.3414072811139945 秒
2024-12-18 13:51:06 [INFO] Worker 13: 向下滑動: 349 像素，並等待 3.5446149857584848 秒
2024-12-18 13:51:07 [INFO] Worker 15: 向下滑動: 311 像素，並等待 4.09824014858288 秒
2024-12-18 13:51:08 [INFO] Worker 14: 帳號 66823121944 的任務已結束
2024-12-18 13:51:10 [INFO] Worker 13: 向下滑動: 316 像素，並等待 4.14400738721231 秒
2024-12-18 13:51:11 [INFO] Worker 10: 向下滑動: 284 像素，並等待 4.73063345041669 秒
2024-12-18 13:51:11 [INFO] Worker 15: 向下滑動: 241 像素，並等待 3.928823314000094 秒
2024-12-18 13:51:13 [INFO] Worker 10: 帳號 66646155782 的任務已結束
2024-12-18 13:51:15 [INFO] Worker 13: 向下滑動: 279 像素，並等待 4.554089414858315 秒
2024-12-18 13:51:15 [INFO] Worker 15: 向下滑動: 232 像素，並等待 3.7019539618110624 秒
2024-12-18 13:51:18 [INFO] Worker 13: 向下滑動: 251 像素，並等待 3.6706129519558184 秒
2024-12-18 13:51:19 [INFO] Worker 15: 向下滑動: 299 像素，並等待 4.269131609999868 秒
2024-12-18 13:51:22 [INFO] Worker 13: 向下滑動: 359 像素，並等待 3.4426504995432934 秒
2024-12-18 13:51:24 [INFO] Worker 15: 向下滑動: 341 像素，並等待 4.762164909581639 秒
2024-12-18 13:51:24 [INFO] Worker 13: 帳號 66804035563 的任務已結束
2024-12-18 13:51:26 [INFO] Worker 15: 帳號 66814785452 的任務已結束
