2024-12-18 14:48:04 [INFO] 請選擇您要使用的 Excel 檔案...
2024-12-18 14:48:06 [INFO] 選擇的 Excel 檔案路徑：C:/Users/user/Desktop/SuChenAI/Factbook-RPA-clickurl/data/fb_account_data_test.xlsx
2024-12-18 14:48:06 [INFO] 請輸入最大多開數量 (1-10，預設為 1):
2024-12-18 14:48:10 [INFO] 最大多開數量已設定為：8
2024-12-18 14:48:10 [INFO] 螢幕寬度：2560，螢幕高度：1440，縮放比例：1.5
2024-12-18 14:48:10 [INFO] 開始處理跳轉帳號...
2024-12-18 14:48:10 [INFO] Worker 1: 開始處理帳號 66634899161
2024-12-18 14:48:10 [INFO] Worker 2: 開始處理帳號 66637943259
2024-12-18 14:48:10 [INFO] Worker 3: 開始處理帳號 66634899161
2024-12-18 14:48:10 [INFO] Worker 4: 開始處理帳號 66637943259
2024-12-18 14:48:10 [INFO] Worker 5: 開始處理帳號 66619622845
2024-12-18 14:48:10 [INFO] Worker 6: 開始處理帳號 66935324825
2024-12-18 14:48:10 [INFO] Worker 7: 開始處理帳號 66990183891
2024-12-18 14:48:10 [INFO] Worker 8: 開始處理帳號 66823237283
2024-12-18 14:48:10 [INFO] 開始監控任務狀態...
2024-12-18 14:48:18 [INFO] Worker 5: 代理 kamoney03.ddns.net:24005 設置成功
2024-12-18 14:48:18 [INFO] Worker 8: 代理 kamoney03.ddns.net:24008 設置成功
2024-12-18 14:48:19 [INFO] Worker 6: 代理 kamoney03.ddns.net:24006 設置成功
2024-12-18 14:48:20 [INFO] Worker 3: 代理 kamoney03.ddns.net:24004 設置成功
2024-12-18 14:48:20 [INFO] Worker 8: Cookies 已加載成功: cookies\66823237283_cookies.json
2024-12-18 14:48:20 [INFO] Worker 5: Cookies 已加載成功: cookies\66619622845_cookies.json
2024-12-18 14:48:20 [INFO] Worker 6: Cookies 已加載成功: cookies\66935324825_cookies.json
2024-12-18 14:48:21 [INFO] Worker 4: 代理 kamoney03.ddns.net:24003 設置成功
2024-12-18 14:48:22 [INFO] Worker 3: Cookies 已加載成功: cookies\66634899161_cookies.json
2024-12-18 14:48:22 [INFO] Worker 7: 代理 kamoney03.ddns.net:24001 設置成功
2024-12-18 14:48:23 [INFO] Worker 2: 代理 kamoney03.ddns.net:24003 設置成功
2024-12-18 14:48:23 [INFO] Worker 6: 帳號 66935324825 使用 cookies 成功登入
2024-12-18 14:48:23 [INFO] Worker 6: 登錄成功，開始處理帳號 66935324825 的操作...
2024-12-18 14:48:23 [INFO] Worker 6: 開始跳轉操作...
2024-12-18 14:48:23 [INFO] Worker 6: 正在開啟貼文: https://www.facebook.com/share/1HAVpvaRDF/
2024-12-18 14:48:23 [INFO] Worker 4: Cookies 已加載成功: cookies\66637943259_cookies.json
2024-12-18 14:48:23 [INFO] Worker 8: 帳號 66823237283 使用 cookies 成功登入
2024-12-18 14:48:23 [INFO] Worker 8: 登錄成功，開始處理帳號 66823237283 的操作...
2024-12-18 14:48:23 [INFO] Worker 8: 開始跳轉操作...
2024-12-18 14:48:23 [INFO] Worker 8: 正在開啟貼文: https://www.facebook.com/share/1HAVpvaRDF/
2024-12-18 14:48:25 [INFO] Worker 5: 帳號 66619622845 使用 cookies 成功登入
2024-12-18 14:48:25 [INFO] Worker 5: 登錄成功，開始處理帳號 66619622845 的操作...
2024-12-18 14:48:25 [INFO] Worker 5: 開始跳轉操作...
2024-12-18 14:48:25 [INFO] Worker 5: 正在開啟貼文: https://www.facebook.com/share/1HAVpvaRDF/
2024-12-18 14:48:25 [INFO] Worker 2: Cookies 已加載成功: cookies\66637943259_cookies.json
2024-12-18 14:48:25 [INFO] Worker 4: 帳號 66637943259 使用 cookies 成功登入
2024-12-18 14:48:25 [INFO] Worker 4: 登錄成功，開始處理帳號 66637943259 的操作...
2024-12-18 14:48:25 [INFO] Worker 4: 開始跳轉操作...
2024-12-18 14:48:25 [INFO] Worker 4: 正在開啟貼文: https://www.facebook.com/share/1HAVpvaRDF/
2024-12-18 14:48:25 [INFO] Worker 7: Cookies 已加載成功: cookies\66990183891_cookies.json
2024-12-18 14:48:26 [INFO] Worker 1: 代理 kamoney03.ddns.net:24004 設置成功
2024-12-18 14:48:26 [INFO] Worker 3: 帳號 66634899161 使用 cookies 成功登入
2024-12-18 14:48:26 [INFO] Worker 3: 登錄成功，開始處理帳號 66634899161 的操作...
2024-12-18 14:48:26 [INFO] Worker 3: 開始跳轉操作...
2024-12-18 14:48:26 [INFO] Worker 3: 正在開啟貼文: https://www.facebook.com/share/1HAVpvaRDF/
2024-12-18 14:48:27 [INFO] Worker 1: Cookies 已加載成功: cookies\66634899161_cookies.json
2024-12-18 14:48:28 [INFO] Worker 2: 帳號 66637943259 使用 cookies 成功登入
2024-12-18 14:48:28 [INFO] Worker 2: 登錄成功，開始處理帳號 66637943259 的操作...
2024-12-18 14:48:28 [INFO] Worker 2: 開始跳轉操作...
2024-12-18 14:48:28 [INFO] Worker 2: 正在開啟貼文: https://www.facebook.com/share/1HAVpvaRDF/
2024-12-18 14:48:29 [INFO] Worker 6 隨機停留 6 秒
2024-12-18 14:48:29 [INFO] Worker 1: 帳號 66634899161 使用 cookies 成功登入
2024-12-18 14:48:29 [INFO] Worker 1: 登錄成功，開始處理帳號 66634899161 的操作...
2024-12-18 14:48:29 [INFO] Worker 1: 開始跳轉操作...
2024-12-18 14:48:29 [INFO] Worker 1: 正在開啟貼文: https://www.facebook.com/share/1HAVpvaRDF/
2024-12-18 14:48:29 [INFO] Worker 3 隨機停留 7 秒
2024-12-18 14:48:32 [INFO] Worker 5 隨機停留 6 秒
2024-12-18 14:48:32 [INFO] Worker 7: 帳號 66990183891 使用 cookies 成功登入
2024-12-18 14:48:32 [INFO] Worker 7: 登錄成功，開始處理帳號 66990183891 的操作...
2024-12-18 14:48:32 [INFO] Worker 7: 開始跳轉操作...
2024-12-18 14:48:32 [INFO] Worker 7: 正在開啟貼文: https://www.facebook.com/share/1HAVpvaRDF/
2024-12-18 14:48:32 [INFO] Worker 1 隨機停留 8 秒
2024-12-18 14:48:32 [INFO] Worker 2 隨機停留 6 秒
2024-12-18 14:48:33 [INFO] Worker 4 隨機停留 8 秒
2024-12-18 14:48:35 [INFO] Worker 7 隨機停留 6 秒
2024-12-18 14:48:37 [INFO] Worker 6: 貼文已按過讚，無需重複操作
2024-12-18 14:48:37 [INFO] Worker 6 按讚後隨機停留 5 秒
2024-12-18 14:48:38 [INFO] Worker 5: 貼文已按過讚，無需重複操作
2024-12-18 14:48:38 [INFO] Worker 5 按讚後隨機停留 5 秒
2024-12-18 14:48:38 [INFO] Worker 2: 貼文已按過讚，無需重複操作
2024-12-18 14:48:38 [INFO] Worker 2 按讚後隨機停留 3 秒
2024-12-18 14:48:40 [INFO] Worker 1: 貼文已按過讚，無需重複操作
2024-12-18 14:48:40 [INFO] Worker 1 按讚後隨機停留 4 秒
2024-12-18 14:48:41 [INFO] Worker 4: 貼文已按過讚，無需重複操作
2024-12-18 14:48:41 [INFO] Worker 4 按讚後隨機停留 5 秒
2024-12-18 14:48:41 [INFO] Worker 2: 正在開啟網站: https://lihi.cc/fCuUd
2024-12-18 14:48:41 [INFO] Worker 8 隨機停留 7 秒
2024-12-18 14:48:42 [INFO] Worker 3: 貼文已按過讚，無需重複操作
2024-12-18 14:48:42 [INFO] Worker 3 按讚後隨機停留 4 秒
2024-12-18 14:48:42 [INFO] Worker 6: 正在開啟網站: https://lihi.cc/fCuUd
2024-12-18 14:48:43 [INFO] Worker 5: 正在開啟網站: https://lihi.cc/fCuUd
2024-12-18 14:48:43 [INFO] Worker 7: 貼文已按過讚，無需重複操作
2024-12-18 14:48:43 [INFO] Worker 7 按讚後隨機停留 5 秒
2024-12-18 14:48:44 [INFO] Worker 1: 正在開啟網站: https://lihi.cc/fCuUd
2024-12-18 14:48:44 [INFO] Worker 2 隨機停留時間: 195 秒
2024-12-18 14:48:45 [INFO] Worker 6 隨機停留時間: 179 秒
2024-12-18 14:48:45 [INFO] Worker 5 隨機停留時間: 167 秒
2024-12-18 14:48:46 [INFO] Worker 3: 正在開啟網站: https://lihi.cc/fCuUd
2024-12-18 14:48:46 [INFO] Worker 1 隨機停留時間: 191 秒
2024-12-18 14:48:46 [INFO] Worker 4: 正在開啟網站: https://lihi.cc/fCuUd
2024-12-18 14:48:48 [INFO] Worker 3 隨機停留時間: 193 秒
2024-12-18 14:48:48 [INFO] Worker 7: 正在開啟網站: https://lihi.cc/fCuUd
2024-12-18 14:48:48 [INFO] Worker 4 隨機停留時間: 155 秒
2024-12-18 14:48:48 [INFO] Worker 2: 向下滑動: 282 像素，並等待 4.049266607923871 秒
2024-12-18 14:48:49 [INFO] Worker 5: 向下滑動: 350 像素，並等待 3.7838975896090696 秒
2024-12-18 14:48:50 [INFO] Worker 6: 向下滑動: 292 像素，並等待 4.822834304134995 秒
2024-12-18 14:48:50 [INFO] Worker 7 隨機停留時間: 191 秒
2024-12-18 14:48:51 [INFO] Worker 1: 向下滑動: 287 像素，並等待 4.875676937908954 秒
2024-12-18 14:48:51 [INFO] Worker 8: 貼文已按過讚，無需重複操作
2024-12-18 14:48:51 [INFO] Worker 8 按讚後隨機停留 5 秒
2024-12-18 14:48:52 [INFO] Worker 3: 向下滑動: 289 像素，並等待 4.393802830394355 秒
2024-12-18 14:48:52 [INFO] Worker 2: 向下滑動: 286 像素，並等待 4.077404740550605 秒
2024-12-18 14:48:52 [INFO] Worker 5: 向下滑動: 318 像素，並等待 3.346907560883177 秒
2024-12-18 14:48:53 [INFO] Worker 4: 向下滑動: 385 像素，並等待 4.268967095432514 秒
2024-12-18 14:48:53 [INFO] Worker 6: 向下滑動: 349 像素，並等待 3.830706942723917 秒
2024-12-18 14:48:54 [INFO] Worker 7: 向下滑動: 318 像素，並等待 3.3868456248204875 秒
2024-12-18 14:48:56 [INFO] Worker 1: 向下滑動: 327 像素，並等待 4.849066975564739 秒
2024-12-18 14:48:56 [INFO] Worker 8: 正在開啟網站: https://lihi.cc/fCuUd
2024-12-18 14:48:56 [INFO] Worker 4: 向下滑動: 308 像素，並等待 3.5330340638454825 秒
2024-12-18 14:48:56 [INFO] Worker 5: 向下滑動: 379 像素，並等待 3.84278163103237 秒
2024-12-18 14:48:56 [INFO] Worker 3: 向下滑動: 362 像素，並等待 4.162897883113651 秒
2024-12-18 14:48:57 [INFO] Worker 2: 向下滑動: 340 像素，並等待 4.649190368380253 秒
2024-12-18 14:48:57 [INFO] Worker 6: 向下滑動: 256 像素，並等待 3.802650211040029 秒
2024-12-18 14:48:58 [INFO] Worker 8 隨機停留時間: 182 秒
2024-12-18 14:48:58 [INFO] Worker 7: 向下滑動: 203 像素，並等待 4.819799887475255 秒
2024-12-18 14:48:59 [INFO] Worker 1: 向下滑動: 384 像素，並等待 3.310776630236643 秒
2024-12-18 14:48:59 [INFO] Worker 4: 向下滑動: 347 像素，並等待 3.1050216320176007 秒
2024-12-18 14:49:00 [INFO] Worker 5: 向下滑動: 273 像素，並等待 3.359193357606998 秒
2024-12-18 14:49:00 [INFO] Worker 3: 向下滑動: 229 像素，並等待 3.5675811301504776 秒
2024-12-18 14:49:01 [INFO] Worker 2: 向下滑動: 267 像素，並等待 4.134277315083885 秒
2024-12-18 14:49:02 [INFO] Worker 6: 向下滑動: 236 像素，並等待 4.699704194351305 秒
2024-12-18 14:49:03 [INFO] Worker 1: 向下滑動: 385 像素，並等待 3.4202817960340908 秒
2024-12-18 14:49:03 [INFO] Worker 8: 向下滑動: 396 像素，並等待 4.57910652735582 秒
2024-12-18 14:49:03 [INFO] Worker 5: 向下滑動: 305 像素，並等待 3.4849152874391214 秒
2024-12-18 14:49:03 [INFO] Worker 7: 向下滑動: 207 像素，並等待 4.792424458567987 秒
2024-12-18 14:49:04 [INFO] Worker 4: 向下滑動: 279 像素，並等待 4.754179684700102 秒
2024-12-18 14:49:04 [INFO] Worker 2: 向下滑動: 256 像素，並等待 3.2677831961861745 秒
2024-12-18 14:49:05 [INFO] Worker 3: 向下滑動: 251 像素，並等待 4.67178129993548 秒
2024-12-18 14:49:06 [INFO] Worker 6: 向下滑動: 271 像素，並等待 4.327892905659164 秒
2024-12-18 14:49:06 [INFO] Worker 7: 向下滑動: 234 像素，並等待 3.2431387162230054 秒
2024-12-18 14:49:07 [INFO] Worker 5: 向下滑動: 385 像素，並等待 3.926981195331696 秒
2024-12-18 14:49:07 [INFO] Worker 8: 向下滑動: 256 像素，並等待 4.591885705604385 秒
2024-12-18 14:49:07 [INFO] Worker 1: 向下滑動: 267 像素，並等待 4.8800977873430105 秒
2024-12-18 14:49:09 [INFO] Worker 4: 向下滑動: 332 像素，並等待 4.856938220853121 秒
2024-12-18 14:49:09 [INFO] Worker 2: 向下滑動: 391 像素，並等待 4.809443585138565 秒
2024-12-18 14:49:09 [INFO] Worker 3: 向下滑動: 290 像素，並等待 4.872692747226073 秒
2024-12-18 14:49:10 [INFO] Worker 6: 向下滑動: 208 像素，並等待 3.642286104816839 秒
2024-12-18 14:49:10 [INFO] Worker 7: 向下滑動: 252 像素，並等待 3.5099135427884374 秒
2024-12-18 14:49:11 [INFO] Worker 8: 向下滑動: 356 像素，並等待 3.141910696977938 秒
2024-12-18 14:49:11 [INFO] Worker 1: 向下滑動: 360 像素，並等待 3.6056130964681694 秒
2024-12-18 14:49:12 [INFO] Worker 5: 向下滑動: 386 像素，並等待 4.9704706955972195 秒
2024-12-18 14:49:12 [INFO] Worker 4: 向下滑動: 309 像素，並等待 3.30195651753411 秒
2024-12-18 14:49:13 [INFO] Worker 3: 向下滑動: 217 像素，並等待 3.116035438756092 秒
2024-12-18 14:49:13 [INFO] Worker 6: 向下滑動: 364 像素，並等待 3.178369051859125 秒
2024-12-18 14:49:13 [INFO] Worker 7: 向下滑動: 246 像素，並等待 3.4427667416334566 秒
2024-12-18 14:49:14 [INFO] Worker 8: 向下滑動: 209 像素，並等待 3.0426036991801215 秒
2024-12-18 14:49:14 [INFO] Worker 2: 向下滑動: 287 像素，並等待 4.840094520686358 秒
2024-12-18 14:49:14 [INFO] Worker 1: 向下滑動: 280 像素，並等待 3.3436211384286767 秒
2024-12-18 14:49:16 [INFO] Worker 5: 向下滑動: 383 像素，並等待 3.6202684535801417 秒
2024-12-18 14:49:16 [INFO] Worker 4: 向下滑動: 358 像素，並等待 3.860290359792944 秒
2024-12-18 14:49:17 [INFO] Worker 7: 向下滑動: 318 像素，並等待 3.239870338457216 秒
2024-12-18 14:49:17 [INFO] Worker 6: 向下滑動: 210 像素，並等待 3.70188603450935 秒
2024-12-18 14:49:17 [INFO] Worker 8: 向下滑動: 281 像素，並等待 3.8896347965389912 秒
2024-12-18 14:49:18 [INFO] Worker 3: 向下滑動: 282 像素，並等待 4.937433511582118 秒
2024-12-18 14:49:18 [INFO] Worker 2: 向下滑動: 283 像素，並等待 3.9248837692838627 秒
2024-12-18 14:49:19 [INFO] Worker 1: 向下滑動: 224 像素，並等待 4.410627706948642 秒
2024-12-18 14:49:19 [INFO] Worker 5: 向下滑動: 307 像素，並等待 3.4233428003362594 秒
2024-12-18 14:49:20 [INFO] Worker 4: 向下滑動: 392 像素，並等待 3.748115792448364 秒
2024-12-18 14:49:21 [INFO] Worker 7: 向下滑動: 275 像素，並等待 3.9774037035251615 秒
2024-12-18 14:49:21 [INFO] Worker 6: 向下滑動: 273 像素，並等待 4.014173527056417 秒
2024-12-18 14:49:21 [INFO] Worker 8: 向下滑動: 219 像素，並等待 3.4819705653133095 秒
2024-12-18 14:49:21 [INFO] Worker 3: 向下滑動: 226 像素，並等待 3.4989073974651443 秒
2024-12-18 14:49:22 [INFO] Worker 2: 向下滑動: 351 像素，並等待 3.6259413982958177 秒
2024-12-18 14:49:23 [INFO] Worker 5: 向下滑動: 354 像素，並等待 3.704797298309657 秒
2024-12-18 14:49:23 [INFO] Worker 1: 向下滑動: 380 像素，並等待 4.442662112418574 秒
2024-12-18 14:49:25 [INFO] Worker 4: 向下滑動: 342 像素，並等待 4.89725075577268 秒
2024-12-18 14:49:25 [INFO] Worker 6: 向下滑動: 335 像素，並等待 3.928144256818907 秒
2024-12-18 14:49:25 [INFO] Worker 8: 向下滑動: 218 像素，並等待 4.5163124769235825 秒
2024-12-18 14:49:26 [INFO] Worker 7: 向下滑動: 337 像素，並等待 4.829440459939947 秒
2024-12-18 14:49:26 [INFO] Worker 3: 向下滑動: 230 像素，並等待 4.797063852107688 秒
2024-12-18 14:49:26 [INFO] Worker 2: 向下滑動: 395 像素，並等待 4.428331352819448 秒
2024-12-18 14:49:27 [INFO] Worker 5: 向下滑動: 205 像素，並等待 4.116602682168474 秒
2024-12-18 14:49:27 [INFO] Worker 1: 向下滑動: 256 像素，並等待 3.936069488342324 秒
2024-12-18 14:49:28 [INFO] Worker 4: 向下滑動: 282 像素，並等待 3.6457267228385466 秒
2024-12-18 14:49:29 [INFO] Worker 6: 向下滑動: 337 像素，並等待 4.120777222705806 秒
2024-12-18 14:49:29 [INFO] Worker 8: 向下滑動: 310 像素，並等待 3.5790963060619543 秒
2024-12-18 14:49:30 [INFO] Worker 2: 向下滑動: 227 像素，並等待 3.5456843344752396 秒
2024-12-18 14:49:30 [INFO] Worker 7: 向下滑動: 350 像素，並等待 4.6368266071840525 秒
2024-12-18 14:49:30 [INFO] Worker 1: 向下滑動: 372 像素，並等待 3.1511159178302353 秒
2024-12-18 14:49:31 [INFO] Worker 3: 向下滑動: 241 像素，並等待 4.867067290125665 秒
2024-12-18 14:49:32 [INFO] Worker 5: 向下滑動: 395 像素，並等待 4.802882633114798 秒
2024-12-18 14:49:33 [INFO] Worker 4: 向下滑動: 351 像素，並等待 4.421004121051875 秒
2024-12-18 14:49:33 [INFO] Worker 2: 向下滑動: 273 像素，並等待 3.1497596788565563 秒
2024-12-18 14:49:33 [INFO] Worker 8: 向下滑動: 384 像素，並等待 3.8172370715993833 秒
2024-12-18 14:49:33 [INFO] Worker 7: 向下滑動: 331 像素，並等待 3.0553170658007835 秒
2024-12-18 14:49:34 [INFO] Worker 6: 向下滑動: 305 像素，並等待 4.678821155502309 秒
2024-12-18 14:49:34 [INFO] Worker 3: 向下滑動: 216 像素，並等待 3.1842384861419797 秒
2024-12-18 14:49:34 [INFO] Worker 1: 向下滑動: 261 像素，並等待 3.6578221687199077 秒
2024-12-18 14:49:36 [INFO] Worker 5: 向下滑動: 238 像素，並等待 4.11516666849278 秒
2024-12-18 14:49:36 [INFO] Worker 4: 向下滑動: 281 像素，並等待 3.135898740007844 秒
2024-12-18 14:49:37 [INFO] Worker 8: 向下滑動: 273 像素，並等待 3.913197238202682 秒
2024-12-18 14:49:37 [INFO] Worker 6: 向下滑動: 226 像素，並等待 3.3013682877697237 秒
2024-12-18 14:49:37 [INFO] Worker 2: 向下滑動: 253 像素，並等待 4.218011239825152 秒
2024-12-18 14:49:37 [INFO] Worker 7: 向下滑動: 334 像素，並等待 3.8676757911075796 秒
2024-12-18 14:49:38 [INFO] Worker 3: 向下滑動: 331 像素，並等待 4.490262758517729 秒
2024-12-18 14:49:39 [INFO] Worker 1: 向下滑動: 342 像素，並等待 4.701576564444532 秒
2024-12-18 14:49:40 [INFO] Worker 5: 向下滑動: 253 像素，並等待 4.073453099349663 秒
2024-12-18 14:49:41 [INFO] Worker 4: 向下滑動: 255 像素，並等待 4.738674249833807 秒
2024-12-18 14:49:41 [INFO] Worker 7: 向下滑動: 384 像素，並等待 3.8619450321745026 秒
2024-12-18 14:49:41 [INFO] Worker 8: 向下滑動: 351 像素，並等待 4.451094788178797 秒
2024-12-18 14:49:41 [INFO] Worker 6: 向下滑動: 337 像素，並等待 4.434703716247227 秒
2024-12-18 14:49:41 [INFO] Worker 2: 向下滑動: 345 像素，並等待 4.314503106227329 秒
2024-12-18 14:49:42 [INFO] Worker 1: 向下滑動: 372 像素，並等待 3.2194465447936875 秒
2024-12-18 14:49:43 [INFO] Worker 3: 向下滑動: 213 像素，並等待 4.417042944768337 秒
2024-12-18 14:49:44 [INFO] Worker 5: 向下滑動: 362 像素，並等待 4.170192018772887 秒
2024-12-18 14:49:45 [INFO] Worker 2: 向下滑動: 287 像素，並等待 3.1876596477596184 秒
2024-12-18 14:49:45 [INFO] Worker 6: 向下滑動: 271 像素，並等待 3.2366136914863857 秒
2024-12-18 14:49:45 [INFO] Worker 8: 向下滑動: 202 像素，並等待 3.719639307786588 秒
2024-12-18 14:49:45 [INFO] Worker 4: 向下滑動: 309 像素，並等待 4.467164412987232 秒
2024-12-18 14:49:46 [INFO] Worker 7: 向下滑動: 351 像素，並等待 4.801346180723801 秒
2024-12-18 14:49:47 [INFO] Worker 1: 向下滑動: 322 像素，並等待 4.869412719158047 秒
2024-12-18 14:49:48 [INFO] Worker 3: 向下滑動: 296 像素，並等待 4.716010055353906 秒
2024-12-18 14:49:48 [INFO] Worker 6: 向下滑動: 224 像素，並等待 3.8565217102834826 秒
2024-12-18 14:49:49 [INFO] Worker 2: 向下滑動: 301 像素，並等待 4.076006837993375 秒
2024-12-18 14:49:49 [INFO] Worker 4: 向下滑動: 399 像素，並等待 3.5569078279079562 秒
2024-12-18 14:49:49 [INFO] Worker 5: 向下滑動: 349 像素，並等待 4.646773872378391 秒
2024-12-18 14:49:50 [INFO] Worker 8: 向下滑動: 394 像素，並等待 4.813849400785335 秒
2024-12-18 14:49:50 [INFO] Worker 7: 向下滑動: 360 像素，並等待 4.122259724608772 秒
2024-12-18 14:49:51 [INFO] Worker 1: 向下滑動: 204 像素，並等待 3.619088605163528 秒
2024-12-18 14:49:51 [INFO] Worker 3: 向下滑動: 337 像素，並等待 3.826728464098143 秒
2024-12-18 14:49:53 [INFO] Worker 4: 向下滑動: 362 像素，並等待 3.9261900748833654 秒
2024-12-18 14:49:53 [INFO] Worker 7: 向下滑動: 239 像素，並等待 3.0409751297522485 秒
2024-12-18 14:49:53 [INFO] Worker 6: 向下滑動: 354 像素，並等待 4.61397332286305 秒
2024-12-18 14:49:53 [INFO] Worker 5: 向下滑動: 339 像素，並等待 4.355006977515441 秒
2024-12-18 14:49:53 [INFO] Worker 2: 向下滑動: 300 像素，並等待 4.7531876854984265 秒
2024-12-18 14:49:54 [INFO] Worker 8: 向下滑動: 201 像素，並等待 4.467764003231984 秒
2024-12-18 14:49:55 [INFO] Worker 3: 向下滑動: 263 像素，並等待 3.675104408605939 秒
2024-12-18 14:49:55 [INFO] Worker 1: 向下滑動: 300 像素，並等待 4.778156251157987 秒
2024-12-18 14:49:56 [INFO] Worker 4: 向下滑動: 237 像素，並等待 3.141722282452248 秒
2024-12-18 14:49:57 [INFO] Worker 6: 向下滑動: 354 像素，並等待 4.046349678301387 秒
2024-12-18 14:49:57 [INFO] Worker 8: 向下滑動: 201 像素，並等待 3.191077856887674 秒
2024-12-18 14:49:58 [INFO] Worker 7: 向下滑動: 325 像素，並等待 4.811073164180723 秒
2024-12-18 14:49:58 [INFO] Worker 5: 向下滑動: 289 像素，並等待 4.7931771449082925 秒
2024-12-18 14:49:58 [INFO] Worker 2: 向下滑動: 312 像素，並等待 4.612294323732158 秒
2024-12-18 14:49:59 [INFO] Worker 3: 向下滑動: 282 像素，並等待 4.205261611584948 秒
2024-12-18 14:49:59 [INFO] Worker 1: 向下滑動: 212 像素，並等待 4.198270140350635 秒
2024-12-18 14:50:00 [INFO] Worker 6: 向下滑動: 316 像素，並等待 3.0462333162267234 秒
2024-12-18 14:50:00 [INFO] Worker 4: 向下滑動: 225 像素，並等待 4.5266151518493976 秒
2024-12-18 14:50:01 [INFO] Worker 8: 向下滑動: 328 像素，並等待 3.589158283171128 秒
2024-12-18 14:50:01 [INFO] Worker 7: 向下滑動: 385 像素，並等待 3.6566726178259508 秒
2024-12-18 14:50:01 [INFO] Worker 5: 向下滑動: 378 像素，並等待 3.495125283149884 秒
2024-12-18 14:50:02 [INFO] Worker 2: 向下滑動: 224 像素，並等待 3.9821716893927603 秒
2024-12-18 14:50:02 [INFO] Worker 3: 向下滑動: 269 像素，並等待 3.0817052639540528 秒
2024-12-18 14:50:04 [INFO] Worker 1: 向下滑動: 265 像素，並等待 4.569470109265378 秒
2024-12-18 14:50:05 [INFO] Worker 4: 向下滑動: 282 像素，並等待 4.259573415179239 秒
2024-12-18 14:50:05 [INFO] Worker 6: 向下滑動: 201 像素，並等待 4.742047527255898 秒
2024-12-18 14:50:05 [INFO] Worker 5: 向下滑動: 205 像素，並等待 3.5430500448249074 秒
2024-12-18 14:50:05 [INFO] Worker 8: 向下滑動: 247 像素，並等待 4.003952600977244 秒
2024-12-18 14:50:06 [INFO] Worker 7: 向下滑動: 340 像素，並等待 4.678283202229628 秒
2024-12-18 14:50:06 [INFO] Worker 2: 向下滑動: 310 像素，並等待 4.156230348161985 秒
2024-12-18 14:50:07 [INFO] Worker 3: 向下滑動: 322 像素，並等待 4.9387135871348375 秒
2024-12-18 14:50:07 [INFO] Worker 1: 向下滑動: 295 像素，並等待 3.3886660951666565 秒
2024-12-18 14:50:08 [INFO] Worker 5: 向下滑動: 281 像素，並等待 3.2828253616757896 秒
2024-12-18 14:50:09 [INFO] Worker 8: 向下滑動: 349 像素，並等待 3.6564123856619997 秒
2024-12-18 14:50:09 [INFO] Worker 4: 向下滑動: 246 像素，並等待 4.48816840146414 秒
2024-12-18 14:50:09 [INFO] Worker 2: 向下滑動: 287 像素，並等待 3.1319356406231194 秒
2024-12-18 14:50:09 [INFO] Worker 6: 向下滑動: 323 像素，並等待 4.511182446457676 秒
2024-12-18 14:50:09 [INFO] Worker 7: 向下滑動: 309 像素，並等待 3.346075281773726 秒
2024-12-18 14:50:11 [INFO] Worker 3: 向下滑動: 230 像素，並等待 3.879129226622438 秒
2024-12-18 14:50:11 [INFO] Worker 1: 向下滑動: 272 像素，並等待 3.817307526099375 秒
2024-12-18 14:50:12 [INFO] Worker 5: 向下滑動: 345 像素，並等待 3.3813178251165885 秒
2024-12-18 14:50:13 [INFO] Worker 4: 向下滑動: 315 像素，並等待 3.9130390197752885 秒
2024-12-18 14:50:13 [INFO] Worker 8: 向下滑動: 227 像素，並等待 4.377507281344624 秒
2024-12-18 14:50:13 [INFO] Worker 6: 向下滑動: 367 像素，並等待 3.7000666754823817 秒
2024-12-18 14:50:14 [INFO] Worker 7: 向下滑動: 296 像素，並等待 4.245574796169803 秒
2024-12-18 14:50:14 [INFO] Worker 2: 向下滑動: 285 像素，並等待 4.691420122360504 秒
2024-12-18 14:50:15 [INFO] Worker 3: 向下滑動: 333 像素，並等待 3.385754997522297 秒
2024-12-18 14:50:15 [INFO] Worker 5: 向下滑動: 302 像素，並等待 3.0211910776928748 秒
2024-12-18 14:50:15 [INFO] Worker 1: 向下滑動: 229 像素，並等待 3.7855458468874192 秒
2024-12-18 14:50:17 [INFO] Worker 6: 向下滑動: 315 像素，並等待 3.3518092753464774 秒
2024-12-18 14:50:17 [INFO] Worker 2: 向下滑動: 225 像素，並等待 3.095158031847941 秒
2024-12-18 14:50:18 [INFO] Worker 8: 向下滑動: 299 像素，並等待 4.488852300140034 秒
2024-12-18 14:50:18 [INFO] Worker 4: 向下滑動: 284 像素，並等待 4.669217219522173 秒
2024-12-18 14:50:18 [INFO] Worker 7: 向下滑動: 345 像素，並等待 4.017499097782396 秒
2024-12-18 14:50:19 [INFO] Worker 5: 向下滑動: 395 像素，並等待 3.814038534660231 秒
2024-12-18 14:50:19 [INFO] Worker 3: 向下滑動: 300 像素，並等待 4.742207976467868 秒
2024-12-18 14:50:20 [INFO] Worker 1: 向下滑動: 299 像素，並等待 4.971310425121036 秒
2024-12-18 14:50:20 [INFO] Worker 6: 向下滑動: 222 像素，並等待 3.566421259126881 秒
2024-12-18 14:50:20 [INFO] Worker 2: 向下滑動: 231 像素，並等待 3.3318244949399056 秒
2024-12-18 14:50:21 [INFO] Worker 8: 向下滑動: 256 像素，並等待 3.107004495595372 秒
2024-12-18 14:50:21 [INFO] Worker 7: 向下滑動: 249 像素，並等待 3.022133684754131 秒
2024-12-18 14:50:22 [INFO] Worker 4: 向下滑動: 326 像素，並等待 4.052040088372646 秒
2024-12-18 14:50:23 [INFO] Worker 5: 向下滑動: 219 像素，並等待 4.2603971949547255 秒
2024-12-18 14:50:24 [INFO] Worker 2: 向下滑動: 390 像素，並等待 3.062175204259681 秒
2024-12-18 14:50:24 [INFO] Worker 3: 向下滑動: 244 像素，並等待 4.315636532747439 秒
2024-12-18 14:50:24 [INFO] Worker 6: 向下滑動: 236 像素，並等待 3.879768355106034 秒
2024-12-18 14:50:25 [INFO] Worker 1: 向下滑動: 285 像素，並等待 4.811802019354874 秒
2024-12-18 14:50:25 [INFO] Worker 8: 向下滑動: 348 像素，並等待 4.115423882217192 秒
2024-12-18 14:50:25 [INFO] Worker 7: 向下滑動: 246 像素，並等待 4.710289742026548 秒
2024-12-18 14:50:27 [INFO] Worker 4: 向下滑動: 355 像素，並等待 4.741912533075744 秒
2024-12-18 14:50:27 [INFO] Worker 5: 向下滑動: 272 像素，並等待 4.302457992375716 秒
2024-12-18 14:50:28 [INFO] Worker 6: 向下滑動: 290 像素，並等待 4.092671352197851 秒
2024-12-18 14:50:28 [INFO] Worker 2: 向下滑動: 259 像素，並等待 4.938855226154512 秒
2024-12-18 14:50:29 [INFO] Worker 3: 向下滑動: 395 像素，並等待 4.835894726579166 秒
2024-12-18 14:50:29 [INFO] Worker 8: 向下滑動: 298 像素，並等待 3.6966579807755617 秒
2024-12-18 14:50:29 [INFO] Worker 7: 向下滑動: 309 像素，並等待 3.6302465412659317 秒
2024-12-18 14:50:29 [INFO] Worker 1: 向下滑動: 240 像素，並等待 4.365239729129273 秒
2024-12-18 14:50:30 [INFO] Worker 4: 向下滑動: 335 像素，並等待 3.8067482586805452 秒
2024-12-18 14:50:31 [INFO] Worker 5: 向下滑動: 389 像素，並等待 3.651401788124584 秒
2024-12-18 14:50:32 [INFO] Worker 2: 向下滑動: 227 像素，並等待 3.4254842507823557 秒
2024-12-18 14:50:32 [INFO] Worker 6: 向下滑動: 339 像素，並等待 3.876665979409723 秒
2024-12-18 14:50:32 [INFO] Worker 3: 向下滑動: 215 像素，並等待 3.8017258397304348 秒
2024-12-18 14:50:33 [INFO] Worker 8: 向下滑動: 397 像素，並等待 4.768657120506217 秒
2024-12-18 14:50:33 [INFO] Worker 1: 向下滑動: 286 像素，並等待 4.163969710857072 秒
2024-12-18 14:50:34 [INFO] Worker 7: 向下滑動: 331 像素，並等待 4.821439294687342 秒
2024-12-18 14:50:35 [INFO] Worker 4: 向下滑動: 331 像素，並等待 4.49252063636414 秒
2024-12-18 14:50:35 [INFO] Worker 5: 向下滑動: 269 像素，並等待 4.302195259205821 秒
2024-12-18 14:50:35 [INFO] Worker 2: 向下滑動: 230 像素，並等待 3.393890079287585 秒
2024-12-18 14:50:36 [INFO] Worker 3: 向下滑動: 386 像素，並等待 3.653049833612998 秒
2024-12-18 14:50:36 [INFO] Worker 6: 向下滑動: 318 像素，並等待 4.2470577928680004 秒
2024-12-18 14:50:37 [INFO] Worker 1: 向下滑動: 233 像素，並等待 3.226755506296704 秒
2024-12-18 14:50:38 [INFO] Worker 8: 向下滑動: 346 像素，並等待 4.61747561487798 秒
2024-12-18 14:50:38 [INFO] Worker 7: 向下滑動: 368 像素，並等待 4.167102933626639 秒
2024-12-18 14:50:39 [INFO] Worker 2: 向下滑動: 288 像素，並等待 3.2380644078736127 秒
2024-12-18 14:50:39 [INFO] Worker 4: 向下滑動: 270 像素，並等待 4.503703224976875 秒
2024-12-18 14:50:40 [INFO] Worker 5: 向下滑動: 259 像素，並等待 4.795924002609443 秒
2024-12-18 14:50:41 [INFO] Worker 3: 向下滑動: 362 像素，並等待 4.490048710525786 秒
2024-12-18 14:50:41 [INFO] Worker 6: 向下滑動: 303 像素，並等待 4.783895219662736 秒
2024-12-18 14:50:41 [INFO] Worker 1: 向下滑動: 304 像素，並等待 4.495604790637366 秒
2024-12-18 14:50:42 [INFO] Worker 8: 向下滑動: 386 像素，並等待 4.0549377169482925 秒
2024-12-18 14:50:42 [INFO] Worker 7: 向下滑動: 293 像素，並等待 4.058735072997695 秒
2024-12-18 14:50:42 [INFO] Worker 2: 向下滑動: 359 像素，並等待 3.6398587523809285 秒
2024-12-18 14:50:43 [INFO] Worker 4: 向下滑動: 262 像素，並等待 3.3067115717025803 秒
2024-12-18 14:50:44 [INFO] Worker 5: 向下滑動: 234 像素，並等待 4.245607532532095 秒
2024-12-18 14:50:45 [INFO] Worker 3: 向下滑動: 372 像素，並等待 4.074249055632506 秒
2024-12-18 14:50:45 [INFO] Worker 6: 向下滑動: 382 像素，並等待 3.631902787228819 秒
2024-12-18 14:50:45 [INFO] Worker 1: 向下滑動: 307 像素，並等待 3.7300092894244097 秒
2024-12-18 14:50:46 [INFO] Worker 8: 向下滑動: 286 像素，並等待 3.737448159493273 秒
2024-12-18 14:50:46 [INFO] Worker 4: 向下滑動: 343 像素，並等待 3.284888334131954 秒
2024-12-18 14:50:46 [INFO] Worker 7: 向下滑動: 377 像素，並等待 4.167889571310241 秒
2024-12-18 14:50:46 [INFO] Worker 2: 向下滑動: 257 像素，並等待 4.173247671952788 秒
2024-12-18 14:50:48 [INFO] Worker 5: 向下滑動: 397 像素，並等待 3.6397087668540227 秒
2024-12-18 14:50:48 [INFO] Worker 6: 向下滑動: 275 像素，並等待 3.316783464939686 秒
2024-12-18 14:50:48 [INFO] Worker 3: 向下滑動: 345 像素，並等待 3.7200652226875315 秒
2024-12-18 14:50:49 [INFO] Worker 1: 向下滑動: 210 像素，並等待 4.09489498619903 秒
2024-12-18 14:50:49 [INFO] Worker 8: 向下滑動: 225 像素，並等待 3.2691311968196946 秒
2024-12-18 14:50:50 [INFO] Worker 2: 向下滑動: 271 像素，並等待 3.2884593168469505 秒
2024-12-18 14:50:50 [INFO] Worker 4: 向下滑動: 302 像素，並等待 4.262694529460853 秒
2024-12-18 14:50:50 [INFO] Worker 7: 向下滑動: 304 像素，並等待 3.873060322929299 秒
2024-12-18 14:50:52 [INFO] Worker 3: 向下滑動: 274 像素，並等待 3.5321818918662915 秒
2024-12-18 14:50:52 [INFO] Worker 5: 向下滑動: 366 像素，並等待 4.268128344409632 秒
2024-12-18 14:50:52 [INFO] Worker 6: 向下滑動: 333 像素，並等待 4.363683946422036 秒
2024-12-18 14:50:52 [INFO] Worker 1: 向下滑動: 350 像素，並等待 3.405065237153603 秒
2024-12-18 14:50:53 [INFO] Worker 2: 向下滑動: 225 像素，並等待 3.612960297015582 秒
2024-12-18 14:50:54 [INFO] Worker 4: 向下滑動: 272 像素，並等待 3.346157508767208 秒
2024-12-18 14:50:54 [INFO] Worker 8: 向下滑動: 229 像素，並等待 4.924890735064011 秒
2024-12-18 14:50:54 [INFO] Worker 7: 向下滑動: 284 像素，並等待 4.222657577149196 秒
2024-12-18 14:50:56 [INFO] Worker 3: 向下滑動: 293 像素，並等待 4.423365473826194 秒
2024-12-18 14:50:57 [INFO] Worker 2: 向下滑動: 244 像素，並等待 3.203641608531652 秒
2024-12-18 14:50:57 [INFO] Worker 4: 向下滑動: 251 像素，並等待 3.179173794268263 秒
2024-12-18 14:50:57 [INFO] Worker 5: 向下滑動: 215 像素，並等待 4.652817741780907 秒
2024-12-18 14:50:57 [INFO] Worker 6: 向下滑動: 369 像素，並等待 4.435299009817488 秒
2024-12-18 14:50:57 [INFO] Worker 1: 向下滑動: 263 像素，並等待 4.880626348369747 秒
2024-12-18 14:50:58 [INFO] Worker 7: 向下滑動: 279 像素，並等待 3.581531225011226 秒
2024-12-18 14:50:58 [INFO] Worker 8: 向下滑動: 355 像素，並等待 4.159980971685455 秒
2024-12-18 14:51:00 [INFO] Worker 4: 向下滑動: 250 像素，並等待 3.391822030823877 秒
2024-12-18 14:51:00 [INFO] Worker 6: 向下滑動: 201 像素，並等待 3.536036605707439 秒
2024-12-18 14:51:01 [INFO] Worker 3: 向下滑動: 214 像素，並等待 4.207206223870443 秒
2024-12-18 14:51:01 [INFO] Worker 5: 向下滑動: 328 像素，並等待 4.43761441747356 秒
2024-12-18 14:51:01 [INFO] Worker 1: 向下滑動: 345 像素，並等待 4.0075911164786575 秒
2024-12-18 14:51:01 [INFO] Worker 7: 向下滑動: 273 像素，並等待 3.252945223894498 秒
2024-12-18 14:51:01 [INFO] Worker 2: 向下滑動: 378 像素，並等待 4.860002552767703 秒
2024-12-18 14:51:03 [INFO] Worker 8: 向下滑動: 283 像素，並等待 4.3590219941793045 秒
2024-12-18 14:51:03 [INFO] Worker 4: 向下滑動: 210 像素，並等待 3.1558840174994938 秒
2024-12-18 14:51:04 [INFO] Worker 3: 向下滑動: 357 像素，並等待 3.6839821423838286 秒
2024-12-18 14:51:05 [INFO] Worker 1: 向下滑動: 398 像素，並等待 3.2950964533031435 秒
2024-12-18 14:51:05 [INFO] Worker 6: 向下滑動: 312 像素，並等待 4.42067061080047 秒
2024-12-18 14:51:05 [INFO] Worker 7: 向下滑動: 252 像素，並等待 3.381355772850717 秒
2024-12-18 14:51:05 [INFO] Worker 5: 向下滑動: 281 像素，並等待 3.8002633520486055 秒
2024-12-18 14:51:05 [INFO] Worker 2: 向下滑動: 362 像素，並等待 3.8274398379790995 秒
2024-12-18 14:51:07 [INFO] Worker 4: 向下滑動: 215 像素，並等待 3.5526329888260673 秒
2024-12-18 14:51:07 [INFO] Worker 8: 向下滑動: 288 像素，並等待 4.477821909855977 秒
2024-12-18 14:51:08 [INFO] Worker 1: 向下滑動: 334 像素，並等待 3.3647703487124745 秒
2024-12-18 14:51:08 [INFO] Worker 7: 向下滑動: 293 像素，並等待 3.3373421938023355 秒
2024-12-18 14:51:09 [INFO] Worker 2: 向下滑動: 214 像素，並等待 3.820070529935905 秒
2024-12-18 14:51:09 [INFO] Worker 6: 向下滑動: 275 像素，並等待 4.46996228565403 秒
2024-12-18 14:51:09 [INFO] Worker 5: 向下滑動: 227 像素，並等待 4.39106993227789 秒
2024-12-18 14:51:10 [INFO] Worker 8: 向下滑動: 391 像素，並等待 3.0092379188919507 秒
2024-12-18 14:51:10 [INFO] Worker 3: 向下滑動: 242 像素，並等待 3.885193440230669 秒
2024-12-18 14:51:11 [INFO] Worker 4: 向下滑動: 376 像素，並等待 4.013712168968793 秒
2024-12-18 14:51:11 [INFO] Worker 7: 向下滑動: 367 像素，並等待 3.168845244392106 秒
2024-12-18 14:51:12 [INFO] Worker 1: 向下滑動: 369 像素，並等待 4.405755494129517 秒
2024-12-18 14:51:13 [INFO] Worker 2: 向下滑動: 365 像素，並等待 3.8039370095774867 秒
2024-12-18 14:51:13 [INFO] Worker 5: 向下滑動: 316 像素，並等待 3.7169836075646083 秒
2024-12-18 14:51:14 [INFO] Worker 3: 向下滑動: 382 像素，並等待 3.4797131422882797 秒
2024-12-18 14:51:14 [INFO] Worker 8: 向下滑動: 239 像素，並等待 3.590376208812028 秒
2024-12-18 14:51:14 [INFO] Worker 6: 向下滑動: 320 像素，並等待 4.549699470173047 秒
2024-12-18 14:51:15 [INFO] Worker 7: 向下滑動: 215 像素，並等待 3.4167867016709477 秒
2024-12-18 14:51:15 [INFO] Worker 4: 向下滑動: 362 像素，並等待 3.827702067189292 秒
2024-12-18 14:51:16 [INFO] Worker 1: 向下滑動: 353 像素，並等待 3.8316164646609527 秒
2024-12-18 14:51:17 [INFO] Worker 5: 向下滑動: 335 像素，並等待 3.4480840000019763 秒
2024-12-18 14:51:17 [INFO] Worker 2: 向下滑動: 360 像素，並等待 3.8348450602435307 秒
2024-12-18 14:51:18 [INFO] Worker 3: 向下滑動: 237 像素，並等待 3.8684411692218736 秒
2024-12-18 14:51:18 [INFO] Worker 4: 向下滑動: 381 像素，並等待 3.1264079561180163 秒
2024-12-18 14:51:18 [INFO] Worker 6: 向下滑動: 261 像素，並等待 4.336540764953295 秒
2024-12-18 14:51:19 [INFO] Worker 8: 向下滑動: 377 像素，並等待 4.905924365544297 秒
2024-12-18 14:51:19 [INFO] Worker 7: 向下滑動: 347 像素，並等待 4.66080978537748 秒
2024-12-18 14:51:20 [INFO] Worker 2: 向下滑動: 347 像素，並等待 3.5718904479643 秒
2024-12-18 14:51:21 [INFO] Worker 5: 向下滑動: 335 像素，並等待 4.202126174282771 秒
2024-12-18 14:51:21 [INFO] Worker 1: 向下滑動: 258 像素，並等待 4.581538129135325 秒
2024-12-18 14:51:21 [INFO] Worker 4: 向下滑動: 392 像素，並等待 3.1010002144527986 秒
2024-12-18 14:51:21 [INFO] Worker 3: 向下滑動: 246 像素，並等待 3.7933968006954997 秒
2024-12-18 14:51:22 [INFO] Worker 8: 向下滑動: 380 像素，並等待 3.1192472191490093 秒
2024-12-18 14:51:22 [INFO] Worker 6: 向下滑動: 393 像素，並等待 3.914497365631817 秒
2024-12-18 14:51:24 [INFO] Worker 4: 向下滑動: 223 像素，並等待 3.0064466913445873 秒
2024-12-18 14:51:24 [INFO] Worker 5: 向下滑動: 355 像素，並等待 3.182400351173782 秒
2024-12-18 14:51:24 [INFO] Worker 2: 向下滑動: 277 像素，並等待 3.7372459536020814 秒
2024-12-18 14:51:24 [INFO] Worker 7: 向下滑動: 347 像素，並等待 4.835209013794177 秒
2024-12-18 14:51:25 [INFO] Worker 1: 向下滑動: 313 像素，並等待 3.876518714447025 秒
2024-12-18 14:51:25 [INFO] Worker 3: 向下滑動: 299 像素，並等待 3.7506970413307457 秒
2024-12-18 14:51:26 [INFO] Worker 6: 向下滑動: 280 像素，並等待 3.8759635553073055 秒
2024-12-18 14:51:26 [INFO] Worker 8: 向下滑動: 263 像素，並等待 4.349902510396842 秒
2024-12-18 14:51:27 [INFO] Worker 4: 帳號 66637943259 的任務已結束
2024-12-18 14:51:27 [INFO] Worker 9: 開始處理帳號 66991704166
2024-12-18 14:51:28 [INFO] Worker 7: 向下滑動: 360 像素，並等待 3.3568604863086065 秒
2024-12-18 14:51:28 [INFO] Worker 1: 向下滑動: 387 像素，並等待 3.6922246159620373 秒
2024-12-18 14:51:29 [INFO] Worker 5: 向下滑動: 322 像素，並等待 4.8893014334226645 秒
2024-12-18 14:51:29 [INFO] Worker 2: 向下滑動: 305 像素，並等待 4.850158904197558 秒
2024-12-18 14:51:30 [INFO] Worker 3: 向下滑動: 205 像素，並等待 4.523283980186334 秒
2024-12-18 14:51:30 [INFO] Worker 8: 向下滑動: 294 像素，並等待 3.5522204254252654 秒
2024-12-18 14:51:30 [INFO] Worker 6: 向下滑動: 259 像素，並等待 3.668770850005057 秒
2024-12-18 14:51:32 [INFO] Worker 1: 向下滑動: 256 像素，並等待 3.5440354706737374 秒
2024-12-18 14:51:32 [INFO] Worker 2: 向下滑動: 212 像素，並等待 3.210496217321901 秒
2024-12-18 14:51:32 [INFO] Worker 7: 向下滑動: 223 像素，並等待 4.661877573217021 秒
2024-12-18 14:51:33 [INFO] Worker 5: 向下滑動: 220 像素，並等待 3.599345140390744 秒
2024-12-18 14:51:33 [INFO] Worker 6: 向下滑動: 328 像素，並等待 3.5307341996046766 秒
2024-12-18 14:51:33 [INFO] Worker 9: 代理 kamoney03.ddns.net:24009 設置成功
2024-12-18 14:51:33 [INFO] Worker 3: 向下滑動: 285 像素，並等待 3.649657603131693 秒
2024-12-18 14:51:34 [INFO] Worker 9: Cookies 已加載成功: cookies\66991704166_cookies.json
2024-12-18 14:51:34 [INFO] Worker 8: 向下滑動: 225 像素，並等待 4.6922242010194735 秒
2024-12-18 14:51:35 [INFO] Worker 5: 帳號 66619622845 的任務已結束
2024-12-18 14:51:35 [INFO] Worker 10: 開始處理帳號 66646155782
2024-12-18 14:51:35 [INFO] Worker 1: 向下滑動: 223 像素，並等待 3.1150166202936456 秒
2024-12-18 14:51:36 [INFO] Worker 2: 向下滑動: 371 像素，並等待 3.4379545847206057 秒
2024-12-18 14:51:36 [INFO] Worker 7: 向下滑動: 365 像素，並等待 3.6884435828450397 秒
2024-12-18 14:51:37 [INFO] Worker 9: 帳號 66991704166 使用 cookies 成功登入
2024-12-18 14:51:37 [INFO] Worker 9: 登錄成功，開始處理帳號 66991704166 的操作...
2024-12-18 14:51:37 [INFO] Worker 9: 開始跳轉操作...
2024-12-18 14:51:37 [INFO] Worker 9: 正在開啟貼文: https://www.facebook.com/share/1HAVpvaRDF/
2024-12-18 14:51:38 [INFO] Worker 3: 向下滑動: 336 像素，並等待 4.323759064084388 秒
2024-12-18 14:51:38 [INFO] Worker 8: 向下滑動: 387 像素，並等待 3.4011421475354826 秒
2024-12-18 14:51:38 [INFO] Worker 6: 向下滑動: 293 像素，並等待 4.941327103881164 秒
2024-12-18 14:51:39 [INFO] Worker 7: 向下滑動: 376 像素，並等待 3.4479117764669045 秒
2024-12-18 14:51:40 [INFO] Worker 1: 向下滑動: 354 像素，並等待 4.891971194652858 秒
2024-12-18 14:51:40 [INFO] Worker 2: 向下滑動: 361 像素，並等待 4.848663133886262 秒
2024-12-18 14:51:41 [INFO] Worker 8: 向下滑動: 260 像素，並等待 3.2666589063211564 秒
2024-12-18 14:51:41 [INFO] Worker 6: 向下滑動: 250 像素，並等待 3.3026603351488903 秒
2024-12-18 14:51:41 [INFO] Worker 3: 向下滑動: 291 像素，並等待 3.818157803705196 秒
2024-12-18 14:51:42 [INFO] Worker 10: 代理 kamoney03.ddns.net:24010 設置成功
2024-12-18 14:51:43 [INFO] Worker 10: Cookies 已加載成功: cookies\66646155782_cookies.json
2024-12-18 14:51:43 [INFO] Worker 7: 向下滑動: 249 像素，並等待 3.5597466063577645 秒
2024-12-18 14:51:44 [INFO] Worker 2: 向下滑動: 248 像素，並等待 3.205282958199979 秒
2024-12-18 14:51:44 [INFO] Worker 1: 向下滑動: 312 像素，並等待 4.387907593524837 秒
2024-12-18 14:51:45 [INFO] Worker 10: 帳號 66646155782 使用 cookies 成功登入
2024-12-18 14:51:45 [INFO] Worker 10: 登錄成功，開始處理帳號 66646155782 的操作...
2024-12-18 14:51:45 [INFO] Worker 10: 開始跳轉操作...
2024-12-18 14:51:45 [INFO] Worker 10: 正在開啟貼文: https://www.facebook.com/share/1HAVpvaRDF/
2024-12-18 14:51:45 [INFO] Worker 6: 向下滑動: 263 像素，並等待 4.021375056646709 秒
2024-12-18 14:51:46 [INFO] Worker 8: 向下滑動: 226 像素，並等待 4.7694750269477755 秒
2024-12-18 14:51:46 [INFO] Worker 9 隨機停留 8 秒
2024-12-18 14:51:46 [INFO] Worker 3: 向下滑動: 258 像素，並等待 4.96276425790729 秒
2024-12-18 14:51:48 [INFO] Worker 7: 向下滑動: 208 像素，並等待 4.946020712852238 秒
2024-12-18 14:51:48 [INFO] Worker 10 隨機停留 7 秒
2024-12-18 14:51:48 [INFO] Worker 2: 向下滑動: 272 像素，並等待 4.425836632721254 秒
2024-12-18 14:51:48 [INFO] Worker 6: 帳號 66935324825 的任務已結束
2024-12-18 14:51:48 [INFO] Worker 11: 開始處理帳號 66643407753
2024-12-18 14:51:48 [INFO] Worker 1: 向下滑動: 265 像素，並等待 3.778315626762413 秒
2024-12-18 14:51:50 [INFO] Worker 8: 向下滑動: 374 像素，並等待 4.20285376844644 秒
2024-12-18 14:51:51 [INFO] Worker 3: 向下滑動: 394 像素，並等待 4.222248569217512 秒
2024-12-18 14:51:52 [INFO] Worker 2: 向下滑動: 382 像素，並等待 4.354947856572574 秒
2024-12-18 14:51:52 [INFO] Worker 7: 向下滑動: 265 像素，並等待 4.490356212276977 秒
2024-12-18 14:51:53 [INFO] Worker 1: 向下滑動: 379 像素，並等待 4.962522750966894 秒
2024-12-18 14:51:54 [INFO] Worker 8: 向下滑動: 212 像素，並等待 3.677016516148547 秒
2024-12-18 14:51:55 [INFO] Worker 3: 向下滑動: 255 像素，並等待 4.190453160437132 秒
2024-12-18 14:51:55 [INFO] Worker 10: 貼文已按過讚，無需重複操作
2024-12-18 14:51:55 [INFO] Worker 10 按讚後隨機停留 3 秒
2024-12-18 14:51:55 [INFO] Worker 11: 代理 kamoney03.ddns.net:24011 設置成功
2024-12-18 14:51:56 [INFO] Worker 11: Cookies 已加載成功: cookies\66643407753_cookies.json
2024-12-18 14:51:56 [INFO] Worker 9: 貼文已按過讚，無需重複操作
2024-12-18 14:51:56 [INFO] Worker 9 按讚後隨機停留 4 秒
2024-12-18 14:51:57 [INFO] Worker 1: 向下滑動: 387 像素，並等待 3.52733339356071 秒
2024-12-18 14:51:57 [INFO] Worker 8: 向下滑動: 308 像素，並等待 3.2082003652678757 秒
2024-12-18 14:51:57 [INFO] Worker 2: 向下滑動: 232 像素，並等待 4.479196014425188 秒
2024-12-18 14:51:57 [INFO] Worker 7: 向下滑動: 349 像素，並等待 4.547927452587558 秒
2024-12-18 14:51:58 [INFO] Worker 10: 正在開啟網站: https://lihi.cc/fCuUd
2024-12-18 14:51:58 [INFO] Worker 11: 帳號 66643407753 使用 cookies 成功登入
2024-12-18 14:51:58 [INFO] Worker 11: 登錄成功，開始處理帳號 66643407753 的操作...
2024-12-18 14:51:58 [INFO] Worker 11: 開始跳轉操作...
2024-12-18 14:51:58 [INFO] Worker 11: 正在開啟貼文: https://www.facebook.com/share/1HAVpvaRDF/
2024-12-18 14:52:00 [INFO] Worker 3: 向下滑動: 338 像素，並等待 4.684560985862403 秒
2024-12-18 14:52:00 [INFO] Worker 1: 向下滑動: 355 像素，並等待 3.139793180728252 秒
2024-12-18 14:52:00 [INFO] Worker 9: 正在開啟網站: https://lihi.cc/fCuUd
2024-12-18 14:52:01 [INFO] Worker 11 隨機停留 6 秒
2024-12-18 14:52:01 [INFO] Worker 2: 向下滑動: 257 像素，並等待 4.512082431302847 秒
2024-12-18 14:52:01 [INFO] Worker 8: 向下滑動: 383 像素，並等待 4.582774733002641 秒
2024-12-18 14:52:02 [INFO] Worker 7: 向下滑動: 203 像素，並等待 4.897609693334301 秒
2024-12-18 14:52:02 [INFO] Worker 10 隨機停留時間: 140 秒
2024-12-18 14:52:02 [INFO] Worker 9 隨機停留時間: 155 秒
2024-12-18 14:52:02 [INFO] Worker 1: 帳號 66634899161 的任務已結束
2024-12-18 14:52:02 [INFO] Worker 12: 開始處理帳號 66954958462
2024-12-18 14:52:03 [INFO] Worker 3: 向下滑動: 290 像素，並等待 3.4767595909952185 秒
2024-12-18 14:52:04 [INFO] Worker 2: 帳號 66637943259 的任務已結束
2024-12-18 14:52:04 [INFO] Worker 13: 開始處理帳號 66804035563
2024-12-18 14:52:04 [INFO] Worker 8: 帳號 66823237283 的任務已結束
2024-12-18 14:52:04 [INFO] Worker 14: 開始處理帳號 66823121944
2024-12-18 14:52:04 [INFO] Worker 7: 帳號 66990183891 的任務已結束
2024-12-18 14:52:04 [INFO] Worker 15: 開始處理帳號 66814785452
2024-12-18 14:52:06 [INFO] Worker 3: 帳號 66634899161 的任務已結束
2024-12-18 14:52:06 [INFO] Worker 9: 向下滑動: 229 像素，並等待 4.3188141536930384 秒
2024-12-18 14:52:06 [INFO] Worker 10: 向下滑動: 256 像素，並等待 4.472885345537975 秒
2024-12-18 14:52:07 [INFO] Worker 11: 貼文已按過讚，無需重複操作
2024-12-18 14:52:07 [INFO] Worker 11 按讚後隨機停留 5 秒
2024-12-18 14:52:09 [INFO] Worker 12: 代理 kamoney03.ddns.net:24012 設置成功
2024-12-18 14:52:10 [INFO] Worker 9: 向下滑動: 209 像素，並等待 3.1079785398577853 秒
2024-12-18 14:52:10 [INFO] Worker 12: Cookies 已加載成功: cookies\66954958462_cookies.json
2024-12-18 14:52:11 [INFO] Worker 10: 向下滑動: 386 像素，並等待 4.120682928043483 秒
2024-12-18 14:52:12 [INFO] Worker 13: 代理 kamoney03.ddns.net:24013 設置成功
2024-12-18 14:52:12 [INFO] Worker 11: 正在開啟網站: https://lihi.cc/fCuUd
2024-12-18 14:52:12 [INFO] Worker 12: 帳號 66954958462 使用 cookies 成功登入
2024-12-18 14:52:12 [INFO] Worker 12: 登錄成功，開始處理帳號 66954958462 的操作...
2024-12-18 14:52:12 [INFO] Worker 12: 開始跳轉操作...
2024-12-18 14:52:12 [INFO] Worker 12: 正在開啟貼文: https://www.facebook.com/share/1HAVpvaRDF/
2024-12-18 14:52:12 [INFO] Worker 14: 代理 kamoney03.ddns.net:24014 設置成功
2024-12-18 14:52:13 [INFO] Worker 9: 向下滑動: 373 像素，並等待 3.2481034452709157 秒
2024-12-18 14:52:13 [INFO] Worker 13: Cookies 已加載成功: cookies\66804035563_cookies.json
2024-12-18 14:52:13 [INFO] Worker 15: 代理 kamoney03.ddns.net:24015 設置成功
2024-12-18 14:52:14 [INFO] Worker 14: Cookies 已加載成功: cookies\66823121944_cookies.json
2024-12-18 14:52:15 [INFO] Worker 15: Cookies 已加載成功: cookies\66814785452_cookies.json
2024-12-18 14:52:15 [INFO] Worker 11 隨機停留時間: 175 秒
2024-12-18 14:52:15 [INFO] Worker 12 隨機停留 7 秒
2024-12-18 14:52:15 [INFO] Worker 10: 向下滑動: 276 像素，並等待 4.842293983265863 秒
2024-12-18 14:52:16 [INFO] Worker 14: 帳號 66823121944 使用 cookies 成功登入
2024-12-18 14:52:16 [INFO] Worker 14: 登錄成功，開始處理帳號 66823121944 的操作...
2024-12-18 14:52:16 [INFO] Worker 14: 開始跳轉操作...
2024-12-18 14:52:16 [INFO] Worker 14: 正在開啟貼文: https://www.facebook.com/share/1HAVpvaRDF/
2024-12-18 14:52:16 [INFO] Worker 13: 帳號 66804035563 使用 cookies 成功登入
2024-12-18 14:52:16 [INFO] Worker 13: 登錄成功，開始處理帳號 66804035563 的操作...
2024-12-18 14:52:16 [INFO] Worker 13: 開始跳轉操作...
2024-12-18 14:52:16 [INFO] Worker 13: 正在開啟貼文: https://www.facebook.com/share/1HAVpvaRDF/
2024-12-18 14:52:17 [INFO] Worker 9: 向下滑動: 303 像素，並等待 4.022931151180371 秒
2024-12-18 14:52:18 [INFO] Worker 15: 帳號 66814785452 使用 cookies 成功登入
2024-12-18 14:52:18 [INFO] Worker 15: 登錄成功，開始處理帳號 66814785452 的操作...
2024-12-18 14:52:18 [INFO] Worker 15: 開始跳轉操作...
2024-12-18 14:52:18 [INFO] Worker 15: 正在開啟貼文: https://www.facebook.com/share/1HAVpvaRDF/
2024-12-18 14:52:18 [INFO] Worker 14 隨機停留 7 秒
2024-12-18 14:52:19 [INFO] Worker 13 隨機停留 8 秒
2024-12-18 14:52:19 [INFO] Worker 11: 向下滑動: 206 像素，並等待 4.415777893198502 秒
2024-12-18 14:52:20 [INFO] Worker 10: 向下滑動: 285 像素，並等待 4.747466533312871 秒
2024-12-18 14:52:22 [INFO] Worker 9: 向下滑動: 328 像素，並等待 4.7731132846716715 秒
2024-12-18 14:52:22 [INFO] Worker 12: 貼文已按過讚，無需重複操作
2024-12-18 14:52:22 [INFO] Worker 12 按讚後隨機停留 5 秒
2024-12-18 14:52:23 [INFO] Worker 11: 向下滑動: 310 像素，並等待 4.154896751674853 秒
2024-12-18 14:52:23 [INFO] Worker 10: 向下滑動: 305 像素，並等待 3.294564762290422 秒
2024-12-18 14:52:24 [INFO] Worker 15 隨機停留 6 秒
2024-12-18 14:52:25 [INFO] Worker 9: 向下滑動: 241 像素，並等待 3.3821027830660584 秒
2024-12-18 14:52:25 [INFO] Worker 14: 貼文已按過讚，無需重複操作
2024-12-18 14:52:25 [INFO] Worker 14 按讚後隨機停留 4 秒
2024-12-18 14:52:26 [INFO] Worker 11: 向下滑動: 285 像素，並等待 3.10279052720196 秒
2024-12-18 14:52:27 [INFO] Worker 10: 向下滑動: 282 像素，並等待 3.0558134551600844 秒
2024-12-18 14:52:27 [INFO] Worker 12: 正在開啟網站: https://lihi.cc/fCuUd
2024-12-18 14:52:27 [INFO] Worker 13: 貼文已按過讚，無需重複操作
2024-12-18 14:52:27 [INFO] Worker 13 按讚後隨機停留 4 秒
2024-12-18 14:52:28 [INFO] Worker 9: 向下滑動: 203 像素，並等待 3.323470802350303 秒
2024-12-18 14:52:29 [INFO] Worker 12 隨機停留時間: 154 秒
2024-12-18 14:52:29 [INFO] Worker 14: 正在開啟網站: https://lihi.cc/fCuUd
2024-12-18 14:52:30 [INFO] Worker 15: 貼文已按過讚，無需重複操作
2024-12-18 14:52:30 [INFO] Worker 15 按讚後隨機停留 5 秒
2024-12-18 14:52:30 [INFO] Worker 11: 向下滑動: 383 像素，並等待 3.81680727757708 秒
2024-12-18 14:52:31 [INFO] Worker 10: 向下滑動: 281 像素，並等待 4.05826536945391 秒
2024-12-18 14:52:31 [INFO] Worker 13: 正在開啟網站: https://lihi.cc/fCuUd
2024-12-18 14:52:31 [INFO] Worker 14 隨機停留時間: 184 秒
2024-12-18 14:52:32 [INFO] Worker 9: 向下滑動: 295 像素，並等待 3.7523750966180964 秒
2024-12-18 14:52:33 [INFO] Worker 13 隨機停留時間: 162 秒
2024-12-18 14:52:33 [INFO] Worker 12: 向下滑動: 215 像素，並等待 4.454964040227652 秒
2024-12-18 14:52:34 [INFO] Worker 10: 向下滑動: 292 像素，並等待 3.2194427858180883 秒
2024-12-18 14:52:35 [INFO] Worker 14: 向下滑動: 369 像素，並等待 3.403988032274366 秒
2024-12-18 14:52:35 [INFO] Worker 11: 向下滑動: 326 像素，並等待 4.580465182434182 秒
2024-12-18 14:52:35 [INFO] Worker 15: 正在開啟網站: https://lihi.cc/fCuUd
2024-12-18 14:52:36 [INFO] Worker 9: 向下滑動: 283 像素，並等待 4.216696166415381 秒
2024-12-18 14:52:36 [INFO] Worker 15 隨機停留時間: 147 秒
2024-12-18 14:52:37 [INFO] Worker 12: 向下滑動: 314 像素，並等待 3.2067246158210336 秒
2024-12-18 14:52:37 [INFO] Worker 13: 向下滑動: 368 像素，並等待 4.393662744333442 秒
2024-12-18 14:52:38 [INFO] Worker 10: 向下滑動: 294 像素，並等待 3.7041578698563558 秒
2024-12-18 14:52:39 [INFO] Worker 14: 向下滑動: 235 像素，並等待 4.687352483805105 秒
2024-12-18 14:52:39 [INFO] Worker 11: 向下滑動: 322 像素，並等待 4.618953248967994 秒
2024-12-18 14:52:39 [INFO] Worker 9: 向下滑動: 305 像素，並等待 3.0214801914261855 秒
2024-12-18 14:52:40 [INFO] Worker 15: 向下滑動: 394 像素，並等待 3.1713840579917894 秒
2024-12-18 14:52:40 [INFO] Worker 12: 向下滑動: 357 像素，並等待 3.3044292478205506 秒
2024-12-18 14:52:41 [INFO] Worker 10: 向下滑動: 249 像素，並等待 3.6438511041051598 秒
2024-12-18 14:52:42 [INFO] Worker 13: 向下滑動: 356 像素，並等待 4.803413735935855 秒
2024-12-18 14:52:43 [INFO] Worker 14: 向下滑動: 321 像素，並等待 3.4099578851486925 秒
2024-12-18 14:52:43 [INFO] Worker 11: 向下滑動: 283 像素，並等待 3.5892616238250312 秒
2024-12-18 14:52:43 [INFO] Worker 12: 向下滑動: 341 像素，並等待 3.1830039707574524 秒
2024-12-18 14:52:44 [INFO] Worker 15: 向下滑動: 235 像素，並等待 3.9361876935879208 秒
2024-12-18 14:52:44 [INFO] Worker 9: 向下滑動: 256 像素，並等待 4.562359052041433 秒
2024-12-18 14:52:46 [INFO] Worker 10: 向下滑動: 357 像素，並等待 4.9870971030367 秒
2024-12-18 14:52:47 [INFO] Worker 12: 向下滑動: 205 像素，並等待 3.4982396266970235 秒
2024-12-18 14:52:47 [INFO] Worker 15: 向下滑動: 300 像素，並等待 3.222149168812413 秒
2024-12-18 14:52:47 [INFO] Worker 13: 向下滑動: 248 像素，並等待 4.784986608406509 秒
2024-12-18 14:52:47 [INFO] Worker 14: 向下滑動: 367 像素，並等待 4.772769725357185 秒
2024-12-18 14:52:48 [INFO] Worker 11: 向下滑動: 334 像素，並等待 4.673409015403871 秒
2024-12-18 14:52:49 [INFO] Worker 9: 向下滑動: 399 像素，並等待 4.675397612691004 秒
2024-12-18 14:52:50 [INFO] Worker 15: 向下滑動: 254 像素，並等待 3.395249430402613 秒
2024-12-18 14:52:50 [INFO] Worker 10: 向下滑動: 321 像素，並等待 4.096606912320102 秒
2024-12-18 14:52:50 [INFO] Worker 13: 向下滑動: 365 像素，並等待 3.5064247295460085 秒
2024-12-18 14:52:52 [INFO] Worker 9: 向下滑動: 242 像素，並等待 3.0101933659362317 秒
2024-12-18 14:52:52 [INFO] Worker 12: 向下滑動: 379 像素，並等待 4.963969051024751 秒
2024-12-18 14:52:52 [INFO] Worker 11: 向下滑動: 224 像素，並等待 4.141208075636663 秒
2024-12-18 14:52:52 [INFO] Worker 14: 向下滑動: 218 像素，並等待 4.6428956851173515 秒
2024-12-18 14:52:54 [INFO] Worker 13: 向下滑動: 283 像素，並等待 3.7311756694335063 秒
2024-12-18 14:52:54 [INFO] Worker 10: 向下滑動: 400 像素，並等待 3.935771152754177 秒
2024-12-18 14:52:55 [INFO] Worker 15: 向下滑動: 286 像素，並等待 4.3438144612917835 秒
2024-12-18 14:52:56 [INFO] Worker 11: 向下滑動: 239 像素，並等待 4.52759341029524 秒
2024-12-18 14:52:56 [INFO] Worker 14: 向下滑動: 210 像素，並等待 4.325567627188127 秒
2024-12-18 14:52:56 [INFO] Worker 12: 向下滑動: 375 像素，並等待 4.759981222590623 秒
2024-12-18 14:52:56 [INFO] Worker 9: 向下滑動: 272 像素，並等待 4.818514959784277 秒
2024-12-18 14:52:58 [INFO] Worker 15: 向下滑動: 355 像素，並等待 3.738447389539611 秒
2024-12-18 14:52:59 [INFO] Worker 10: 向下滑動: 354 像素，並等待 4.356012935995171 秒
2024-12-18 14:52:59 [INFO] Worker 13: 向下滑動: 282 像素，並等待 4.783488178289491 秒
2024-12-18 14:53:00 [INFO] Worker 12: 向下滑動: 271 像素，並等待 3.691981296142919 秒
2024-12-18 14:53:00 [INFO] Worker 14: 向下滑動: 289 像素，並等待 3.9298285710027425 秒
2024-12-18 14:53:01 [INFO] Worker 11: 向下滑動: 218 像素，並等待 4.425244376863391 秒
2024-12-18 14:53:01 [INFO] Worker 9: 向下滑動: 376 像素，並等待 4.78471817381208 秒
2024-12-18 14:53:02 [INFO] Worker 15: 向下滑動: 268 像素，並等待 4.042122590616016 秒
2024-12-18 14:53:03 [INFO] Worker 13: 向下滑動: 226 像素，並等待 3.815122137098874 秒
2024-12-18 14:53:04 [INFO] Worker 10: 向下滑動: 273 像素，並等待 4.9836741735747365 秒
2024-12-18 14:53:04 [INFO] Worker 12: 向下滑動: 326 像素，並等待 3.4633160487482186 秒
2024-12-18 14:53:04 [INFO] Worker 14: 向下滑動: 338 像素，並等待 3.509147450600623 秒
2024-12-18 14:53:06 [INFO] Worker 11: 向下滑動: 324 像素，並等待 4.998812541743261 秒
2024-12-18 14:53:06 [INFO] Worker 9: 向下滑動: 353 像素，並等待 4.771201603051109 秒
2024-12-18 14:53:07 [INFO] Worker 13: 向下滑動: 308 像素，並等待 4.217921545503108 秒
2024-12-18 14:53:07 [INFO] Worker 15: 向下滑動: 280 像素，並等待 4.859595781024554 秒
2024-12-18 14:53:07 [INFO] Worker 12: 向下滑動: 338 像素，並等待 3.687978181728927 秒
2024-12-18 14:53:07 [INFO] Worker 10: 向下滑動: 286 像素，並等待 3.8161913141226744 秒
2024-12-18 14:53:08 [INFO] Worker 14: 向下滑動: 381 像素，並等待 4.3545369185582 秒
2024-12-18 14:53:10 [INFO] Worker 11: 向下滑動: 341 像素，並等待 4.519340238585541 秒
2024-12-18 14:53:11 [INFO] Worker 15: 向下滑動: 373 像素，並等待 3.4894300458701704 秒
2024-12-18 14:53:11 [INFO] Worker 12: 向下滑動: 289 像素，並等待 3.3978564530673663 秒
2024-12-18 14:53:11 [INFO] Worker 9: 向下滑動: 341 像素，並等待 4.90093367040744 秒
2024-12-18 14:53:11 [INFO] Worker 14: 向下滑動: 253 像素，並等待 3.1495637424911123 秒
2024-12-18 14:53:11 [INFO] Worker 13: 向下滑動: 366 像素，並等待 4.514054311665146 秒
2024-12-18 14:53:12 [INFO] Worker 10: 向下滑動: 263 像素，並等待 4.753795585446897 秒
2024-12-18 14:53:14 [INFO] Worker 11: 向下滑動: 212 像素，並等待 3.290937134729502 秒
2024-12-18 14:53:15 [INFO] Worker 14: 向下滑動: 325 像素，並等待 3.1926772566391506 秒
2024-12-18 14:53:15 [INFO] Worker 13: 向下滑動: 352 像素，並等待 3.3772148863597122 秒
2024-12-18 14:53:15 [INFO] Worker 12: 向下滑動: 353 像素，並等待 4.2920910315189005 秒
2024-12-18 14:53:16 [INFO] Worker 15: 向下滑動: 206 像素，並等待 4.878428517936506 秒
2024-12-18 14:53:16 [INFO] Worker 10: 向下滑動: 316 像素，並等待 3.6063805038252976 秒
2024-12-18 14:53:16 [INFO] Worker 9: 向下滑動: 280 像素，並等待 4.92468799018044 秒
2024-12-18 14:53:17 [INFO] Worker 11: 向下滑動: 227 像素，並等待 3.3529670945092285 秒
2024-12-18 14:53:18 [INFO] Worker 13: 向下滑動: 392 像素，並等待 3.456214936568772 秒
2024-12-18 14:53:19 [INFO] Worker 15: 向下滑動: 341 像素，並等待 3.606380253679805 秒
2024-12-18 14:53:19 [INFO] Worker 14: 向下滑動: 347 像素，並等待 4.7740167267132385 秒
2024-12-18 14:53:20 [INFO] Worker 9: 向下滑動: 391 像素，並等待 3.7003363837258982 秒
2024-12-18 14:53:20 [INFO] Worker 12: 向下滑動: 219 像素，並等待 4.9342578395665555 秒
2024-12-18 14:53:20 [INFO] Worker 11: 向下滑動: 395 像素，並等待 3.1185503423368925 秒
2024-12-18 14:53:20 [INFO] Worker 10: 向下滑動: 260 像素，並等待 4.338171893461418 秒
2024-12-18 14:53:23 [INFO] Worker 15: 向下滑動: 325 像素，並等待 3.7383566490351994 秒
2024-12-18 14:53:23 [INFO] Worker 13: 向下滑動: 327 像素，並等待 4.73683788719575 秒
2024-12-18 14:53:23 [INFO] Worker 14: 向下滑動: 332 像素，並等待 3.867331592974594 秒
2024-12-18 14:53:23 [INFO] Worker 10: 向下滑動: 219 像素，並等待 3.099266396985879 秒
2024-12-18 14:53:24 [INFO] Worker 9: 向下滑動: 348 像素，並等待 4.428246467538228 秒
2024-12-18 14:53:25 [INFO] Worker 12: 向下滑動: 227 像素，並等待 4.906554453445694 秒
2024-12-18 14:53:25 [INFO] Worker 11: 向下滑動: 285 像素，並等待 4.970829448071068 秒
2024-12-18 14:53:27 [INFO] Worker 10: 向下滑動: 387 像素，並等待 3.5057581181324013 秒
2024-12-18 14:53:27 [INFO] Worker 15: 向下滑動: 209 像素，並等待 4.1844226902721875 秒
2024-12-18 14:53:27 [INFO] Worker 9: 向下滑動: 282 像素，並等待 3.4125868409724163 秒
2024-12-18 14:53:28 [INFO] Worker 14: 向下滑動: 237 像素，並等待 4.256081264886136 秒
2024-12-18 14:53:28 [INFO] Worker 13: 向下滑動: 382 像素，並等待 4.522361716636162 秒
2024-12-18 14:53:28 [INFO] Worker 12: 向下滑動: 378 像素，並等待 3.1860823609322866 秒
2024-12-18 14:53:29 [INFO] Worker 11: 向下滑動: 200 像素，並等待 3.869630319485603 秒
2024-12-18 14:53:31 [INFO] Worker 10: 向下滑動: 265 像素，並等待 4.596479710345509 秒
2024-12-18 14:53:32 [INFO] Worker 9: 向下滑動: 307 像素，並等待 4.413581324026705 秒
2024-12-18 14:53:32 [INFO] Worker 14: 向下滑動: 252 像素，並等待 4.403877915972775 秒
2024-12-18 14:53:32 [INFO] Worker 15: 向下滑動: 302 像素，並等待 4.953534217246191 秒
2024-12-18 14:53:32 [INFO] Worker 12: 向下滑動: 220 像素，並等待 4.3046245768278535 秒
2024-12-18 14:53:32 [INFO] Worker 13: 向下滑動: 333 像素，並等待 4.874049396582873 秒
2024-12-18 14:53:33 [INFO] Worker 11: 向下滑動: 362 像素，並等待 4.168064722865812 秒
2024-12-18 14:53:35 [INFO] Worker 10: 向下滑動: 258 像素，並等待 3.891816830610205 秒
2024-12-18 14:53:35 [INFO] Worker 14: 向下滑動: 212 像素，並等待 3.41076556233853 秒
2024-12-18 14:53:36 [INFO] Worker 15: 向下滑動: 400 像素，並等待 3.445980267425193 秒
2024-12-18 14:53:36 [INFO] Worker 11: 向下滑動: 275 像素，並等待 3.3667534200325395 秒
2024-12-18 14:53:37 [INFO] Worker 9: 向下滑動: 274 像素，並等待 4.901771699165619 秒
2024-12-18 14:53:37 [INFO] Worker 12: 向下滑動: 350 像素，並等待 4.4385092074258 秒
2024-12-18 14:53:37 [INFO] Worker 13: 向下滑動: 272 像素，並等待 4.892263944420986 秒
2024-12-18 14:53:39 [INFO] Worker 15: 向下滑動: 228 像素，並等待 3.313538623992771 秒
2024-12-18 14:53:40 [INFO] Worker 14: 向下滑動: 266 像素，並等待 4.449310328319898 秒
2024-12-18 14:53:40 [INFO] Worker 10: 向下滑動: 271 像素，並等待 4.7135943084259155 秒
2024-12-18 14:53:41 [INFO] Worker 9: 向下滑動: 217 像素，並等待 4.114435233840013 秒
2024-12-18 14:53:41 [INFO] Worker 11: 向下滑動: 221 像素，並等待 4.926243971107889 秒
2024-12-18 14:53:41 [INFO] Worker 12: 向下滑動: 338 像素，並等待 4.602431029661172 秒
2024-12-18 14:53:42 [INFO] Worker 15: 向下滑動: 306 像素，並等待 3.420669738283368 秒
2024-12-18 14:53:42 [INFO] Worker 13: 向下滑動: 387 像素，並等待 4.902926686594568 秒
2024-12-18 14:53:43 [INFO] Worker 14: 向下滑動: 242 像素，並等待 3.5321059528924437 秒
2024-12-18 14:53:45 [INFO] Worker 11: 向下滑動: 266 像素，並等待 3.12139626425415 秒
2024-12-18 14:53:45 [INFO] Worker 10: 向下滑動: 208 像素，並等待 4.817372048239597 秒
2024-12-18 14:53:45 [INFO] Worker 12: 向下滑動: 376 像素，並等待 3.426281471306194 秒
2024-12-18 14:53:46 [INFO] Worker 9: 向下滑動: 253 像素，並等待 4.9921047424167595 秒
2024-12-18 14:53:46 [INFO] Worker 15: 向下滑動: 311 像素，並等待 3.6570682285357163 秒
2024-12-18 14:53:47 [INFO] Worker 14: 向下滑動: 221 像素，並等待 3.327379688903881 秒
2024-12-18 14:53:47 [INFO] Worker 13: 向下滑動: 328 像素，並等待 4.444309282560839 秒
2024-12-18 14:53:48 [INFO] Worker 12: 向下滑動: 356 像素，並等待 3.0965152422197835 秒
2024-12-18 14:53:49 [INFO] Worker 10: 向下滑動: 400 像素，並等待 4.189210594061731 秒
2024-12-18 14:53:49 [INFO] Worker 11: 向下滑動: 308 像素，並等待 4.894278337238026 秒
2024-12-18 14:53:50 [INFO] Worker 9: 向下滑動: 264 像素，並等待 3.7347665537434214 秒
2024-12-18 14:53:50 [INFO] Worker 14: 向下滑動: 364 像素，並等待 3.274918703210744 秒
2024-12-18 14:53:50 [INFO] Worker 15: 向下滑動: 259 像素，並等待 4.289829869985544 秒
2024-12-18 14:53:50 [INFO] Worker 13: 向下滑動: 329 像素，並等待 3.6926717240494824 秒
2024-12-18 14:53:53 [INFO] Worker 12: 向下滑動: 237 像素，並等待 4.773219601710552 秒
2024-12-18 14:53:53 [INFO] Worker 9: 向下滑動: 265 像素，並等待 3.4850018531083027 秒
2024-12-18 14:53:54 [INFO] Worker 10: 向下滑動: 391 像素，並等待 4.53387642456357 秒
2024-12-18 14:53:54 [INFO] Worker 14: 向下滑動: 319 像素，並等待 3.6245816854684882 秒
2024-12-18 14:53:54 [INFO] Worker 13: 向下滑動: 299 像素，並等待 3.1656319946009983 秒
2024-12-18 14:53:54 [INFO] Worker 11: 向下滑動: 335 像素，並等待 4.254819406193398 秒
2024-12-18 14:53:55 [INFO] Worker 15: 向下滑動: 315 像素，並等待 4.462591033136966 秒
2024-12-18 14:53:56 [INFO] Worker 12: 向下滑動: 291 像素，並等待 3.0927959271803207 秒
2024-12-18 14:53:56 [INFO] Worker 9: 向下滑動: 216 像素，並等待 3.219590137658475 秒
2024-12-18 14:53:57 [INFO] Worker 10: 向下滑動: 238 像素，並等待 3.2403981939376134 秒
2024-12-18 14:53:57 [INFO] Worker 11: 向下滑動: 229 像素，並等待 3.5892578461969347 秒
2024-12-18 14:53:58 [INFO] Worker 14: 向下滑動: 320 像素，並等待 4.271712123995453 秒
2024-12-18 14:53:58 [INFO] Worker 13: 向下滑動: 336 像素，並等待 4.68893351201222 秒
2024-12-18 14:53:59 [INFO] Worker 15: 向下滑動: 256 像素，並等待 4.340166464013321 秒
2024-12-18 14:54:01 [INFO] Worker 12: 向下滑動: 334 像素，並等待 4.87437798996737 秒
2024-12-18 14:54:01 [INFO] Worker 10: 向下滑動: 359 像素，並等待 4.215685057046594 秒
2024-12-18 14:54:01 [INFO] Worker 9: 向下滑動: 277 像素，並等待 4.811310197525353 秒
2024-12-18 14:54:01 [INFO] Worker 14: 向下滑動: 392 像素，並等待 3.493449742455897 秒
2024-12-18 14:54:02 [INFO] Worker 11: 向下滑動: 201 像素，並等待 4.313676704671384 秒
2024-12-18 14:54:02 [INFO] Worker 13: 向下滑動: 269 像素，並等待 3.7061930878049654 秒
2024-12-18 14:54:04 [INFO] Worker 15: 向下滑動: 305 像素，並等待 4.703630853299516 秒
2024-12-18 14:54:05 [INFO] Worker 9: 向下滑動: 205 像素，並等待 3.3602625371193575 秒
2024-12-18 14:54:05 [INFO] Worker 12: 向下滑動: 317 像素，並等待 3.8243746143793214 秒
2024-12-18 14:54:05 [INFO] Worker 11: 向下滑動: 231 像素，並等待 3.753390439817961 秒
2024-12-18 14:54:06 [INFO] Worker 14: 向下滑動: 284 像素，並等待 4.461564509574909 秒
2024-12-18 14:54:06 [INFO] Worker 10: 向下滑動: 370 像素，並等待 4.943153318986489 秒
2024-12-18 14:54:07 [INFO] Worker 13: 向下滑動: 320 像素，並等待 4.803002049994042 秒
2024-12-18 14:54:08 [INFO] Worker 15: 向下滑動: 395 像素，並等待 4.715080937710341 秒
2024-12-18 14:54:09 [INFO] Worker 12: 向下滑動: 239 像素，並等待 4.043350573940533 秒
2024-12-18 14:54:09 [INFO] Worker 9: 向下滑動: 272 像素，並等待 4.656581832019724 秒
2024-12-18 14:54:09 [INFO] Worker 14: 向下滑動: 270 像素，並等待 3.4347975698412037 秒
2024-12-18 14:54:10 [INFO] Worker 11: 向下滑動: 277 像素，並等待 4.80120247577039 秒
2024-12-18 14:54:10 [INFO] Worker 10: 向下滑動: 291 像素，並等待 4.512266673512297 秒
2024-12-18 14:54:12 [INFO] Worker 13: 向下滑動: 343 像素，並等待 4.678949058528105 秒
2024-12-18 14:54:12 [INFO] Worker 12: 向下滑動: 302 像素，並等待 3.5030673598703155 秒
2024-12-18 14:54:12 [INFO] Worker 15: 向下滑動: 317 像素，並等待 3.8487863266156284 秒
2024-12-18 14:54:13 [INFO] Worker 14: 向下滑動: 213 像素，並等待 3.2880965855617195 秒
2024-12-18 14:54:14 [INFO] Worker 9: 向下滑動: 351 像素，並等待 4.716600952885659 秒
2024-12-18 14:54:14 [INFO] Worker 11: 向下滑動: 304 像素，並等待 3.8292727733608114 秒
2024-12-18 14:54:14 [INFO] Worker 10: 向下滑動: 392 像素，並等待 3.576425224661733 秒
2024-12-18 14:54:15 [INFO] Worker 12: 向下滑動: 208 像素，並等待 3.041865693740017 秒
2024-12-18 14:54:16 [INFO] Worker 13: 向下滑動: 349 像素，並等待 4.533187206898492 秒
2024-12-18 14:54:16 [INFO] Worker 15: 向下滑動: 319 像素，並等待 3.880270147795036 秒
2024-12-18 14:54:17 [INFO] Worker 14: 向下滑動: 314 像素，並等待 4.147755914528778 秒
2024-12-18 14:54:18 [INFO] Worker 9: 向下滑動: 327 像素，並等待 3.6444662612334193 秒
2024-12-18 14:54:18 [INFO] Worker 11: 向下滑動: 283 像素，並等待 4.3323848678943415 秒
2024-12-18 14:54:19 [INFO] Worker 12: 向下滑動: 244 像素，並等待 3.3834950901999665 秒
2024-12-18 14:54:19 [INFO] Worker 10: 向下滑動: 296 像素，並等待 4.854322363535891 秒
2024-12-18 14:54:19 [INFO] Worker 13: 向下滑動: 341 像素，並等待 3.015845337141683 秒
2024-12-18 14:54:21 [INFO] Worker 15: 向下滑動: 369 像素，並等待 4.494003102002857 秒
2024-12-18 14:54:21 [INFO] Worker 14: 向下滑動: 269 像素，並等待 4.230923749754308 秒
2024-12-18 14:54:22 [INFO] Worker 9: 向下滑動: 284 像素，並等待 4.255469180823519 秒
2024-12-18 14:54:22 [INFO] Worker 11: 向下滑動: 336 像素，並等待 4.11706643300735 秒
2024-12-18 14:54:23 [INFO] Worker 10: 向下滑動: 262 像素，並等待 3.8025835414844513 秒
2024-12-18 14:54:23 [INFO] Worker 13: 向下滑動: 214 像素，並等待 3.772871298411515 秒
2024-12-18 14:54:23 [INFO] Worker 12: 向下滑動: 206 像素，並等待 4.645142836959989 秒
2024-12-18 14:54:24 [INFO] Worker 15: 向下滑動: 206 像素，並等待 3.6978333020353924 秒
2024-12-18 14:54:25 [INFO] Worker 10: 帳號 66646155782 的任務已結束
2024-12-18 14:54:26 [INFO] Worker 14: 向下滑動: 347 像素，並等待 4.65025916619147 秒
2024-12-18 14:54:26 [INFO] Worker 9: 向下滑動: 355 像素，並等待 4.094954891895127 秒
2024-12-18 14:54:26 [INFO] Worker 11: 向下滑動: 266 像素，並等待 3.7643861458499326 秒
2024-12-18 14:54:27 [INFO] Worker 13: 向下滑動: 319 像素，並等待 4.256804803286972 秒
2024-12-18 14:54:28 [INFO] Worker 12: 向下滑動: 253 像素，並等待 4.325351169196271 秒
2024-12-18 14:54:29 [INFO] Worker 15: 向下滑動: 205 像素，並等待 4.5071606651770075 秒
2024-12-18 14:54:30 [INFO] Worker 14: 向下滑動: 239 像素，並等待 4.042686751346287 秒
2024-12-18 14:54:30 [INFO] Worker 9: 向下滑動: 226 像素，並等待 3.9273595815582625 秒
2024-12-18 14:54:30 [INFO] Worker 13: 向下滑動: 219 像素，並等待 3.1278765140580127 秒
2024-12-18 14:54:31 [INFO] Worker 11: 向下滑動: 285 像素，並等待 4.7336731239338246 秒
2024-12-18 14:54:32 [INFO] Worker 12: 向下滑動: 286 像素，並等待 4.5325341056150235 秒
2024-12-18 14:54:33 [INFO] Worker 15: 向下滑動: 235 像素，並等待 3.6059092602101477 秒
2024-12-18 14:54:33 [INFO] Worker 14: 向下滑動: 320 像素，並等待 3.0672653874644387 秒
2024-12-18 14:54:34 [INFO] Worker 9: 向下滑動: 293 像素，並等待 4.172106360054558 秒
2024-12-18 14:54:34 [INFO] Worker 11: 向下滑動: 275 像素，並等待 3.21317138725441 秒
2024-12-18 14:54:35 [INFO] Worker 13: 向下滑動: 379 像素，並等待 4.869970408048103 秒
2024-12-18 14:54:37 [INFO] Worker 14: 向下滑動: 249 像素，並等待 3.9345848588915127 秒
2024-12-18 14:54:37 [INFO] Worker 12: 向下滑動: 200 像素，並等待 4.954819499296019 秒
2024-12-18 14:54:37 [INFO] Worker 15: 向下滑動: 275 像素，並等待 4.485247819900207 秒
2024-12-18 14:54:38 [INFO] Worker 9: 向下滑動: 235 像素，並等待 4.249064301660718 秒
2024-12-18 14:54:39 [INFO] Worker 13: 向下滑動: 377 像素，並等待 3.6323069084810253 秒
2024-12-18 14:54:39 [INFO] Worker 11: 向下滑動: 336 像素，並等待 4.855996069252979 秒
2024-12-18 14:54:41 [INFO] Worker 14: 向下滑動: 215 像素，並等待 3.9068780807164893 秒
2024-12-18 14:54:41 [INFO] Worker 9: 瀏覽器已關閉，任務已完成
2024-12-18 14:54:41 [INFO] Worker 9: 帳號 66991704166 的任務已結束
2024-12-18 14:54:41 [INFO] Worker 12: 向下滑動: 303 像素，並等待 4.280096629832989 秒
2024-12-18 14:54:42 [INFO] Worker 15: 向下滑動: 280 像素，並等待 4.570199870513126 秒
2024-12-18 14:54:42 [INFO] Worker 11: 向下滑動: 366 像素，並等待 3.097151129643227 秒
2024-12-18 14:54:43 [INFO] Worker 13: 向下滑動: 287 像素，並等待 3.743218517128518 秒
2024-12-18 14:54:44 [INFO] Worker 14: 向下滑動: 337 像素，並等待 3.3159541152189584 秒
2024-12-18 14:54:46 [INFO] Worker 12: 向下滑動: 313 像素，並等待 4.274942840745291 秒
2024-12-18 14:54:47 [INFO] Worker 11: 向下滑動: 351 像素，並等待 4.396419387359684 秒
2024-12-18 14:54:47 [INFO] Worker 15: 向下滑動: 322 像素，並等待 4.973523943726002 秒
2024-12-18 14:54:47 [INFO] Worker 13: 向下滑動: 236 像素，並等待 4.296262722444799 秒
2024-12-18 14:54:49 [INFO] Worker 14: 向下滑動: 242 像素，並等待 4.781988565971897 秒
2024-12-18 14:54:49 [INFO] Worker 12: 向下滑動: 239 像素，並等待 3.1509475225285994 秒
2024-12-18 14:54:51 [INFO] Worker 11: 向下滑動: 284 像素，並等待 4.652046377092576 秒
2024-12-18 14:54:51 [INFO] Worker 15: 向下滑動: 342 像素，並等待 4.654304108217618 秒
2024-12-18 14:54:51 [INFO] Worker 13: 向下滑動: 298 像素，並等待 4.617145135588003 秒
2024-12-18 14:54:52 [INFO] Worker 14: 向下滑動: 226 像素，並等待 3.4919011473094965 秒
2024-12-18 14:54:54 [INFO] Worker 12: 向下滑動: 220 像素，並等待 4.9328931566056315 秒
2024-12-18 14:54:55 [INFO] Worker 15: 向下滑動: 262 像素，並等待 3.7012498679449037 秒
2024-12-18 14:54:55 [INFO] Worker 13: 向下滑動: 308 像素，並等待 3.74754941401781 秒
2024-12-18 14:54:55 [INFO] Worker 11: 向下滑動: 386 像素，並等待 4.11312410568604 秒
2024-12-18 14:54:57 [INFO] Worker 14: 向下滑動: 227 像素，並等待 4.363470003420266 秒
2024-12-18 14:54:58 [INFO] Worker 12: 向下滑動: 337 像素，並等待 4.169031754211795 秒
2024-12-18 14:54:58 [INFO] Worker 13: 向下滑動: 248 像素，並等待 3.109282048816239 秒
2024-12-18 14:54:59 [INFO] Worker 15: 向下滑動: 277 像素，並等待 3.631942088359497 秒
2024-12-18 14:54:59 [INFO] Worker 11: 向下滑動: 370 像素，並等待 3.355506409198483 秒
2024-12-18 14:55:01 [INFO] Worker 14: 向下滑動: 258 像素，並等待 4.1672484442768685 秒
2024-12-18 14:55:02 [INFO] Worker 13: 向下滑動: 279 像素，並等待 3.876721837237544 秒
2024-12-18 14:55:03 [INFO] Worker 12: 向下滑動: 290 像素，並等待 4.644723613301336 秒
2024-12-18 14:55:03 [INFO] Worker 15: 向下滑動: 388 像素，並等待 4.776894702478257 秒
2024-12-18 14:55:04 [INFO] Worker 11: 向下滑動: 305 像素，並等待 4.848241969069649 秒
2024-12-18 14:55:05 [INFO] Worker 14: 向下滑動: 234 像素，並等待 3.856020170234152 秒
2024-12-18 14:55:05 [INFO] Worker 13: 向下滑動: 246 像素，並等待 3.195710925184146 秒
2024-12-18 14:55:06 [INFO] Worker 12: 向下滑動: 339 像素，並等待 3.100788623656059 秒
2024-12-18 14:55:07 [INFO] Worker 15: 向下滑動: 376 像素，並等待 3.3169765396521145 秒
2024-12-18 14:55:08 [INFO] Worker 11: 向下滑動: 233 像素，並等待 4.38265018474384 秒
2024-12-18 14:55:08 [INFO] Worker 12: 帳號 66954958462 的任務已結束
2024-12-18 14:55:08 [INFO] Worker 14: 向下滑動: 397 像素，並等待 3.8143830030932824 秒
2024-12-18 14:55:09 [INFO] Worker 15: 帳號 66814785452 的任務已結束
2024-12-18 14:55:10 [INFO] Worker 13: 向下滑動: 227 像素，並等待 4.720238523583155 秒
2024-12-18 14:55:11 [INFO] Worker 14: 向下滑動: 205 像素，並等待 3.0029287918555423 秒
2024-12-18 14:55:12 [INFO] Worker 11: 向下滑動: 257 像素，並等待 4.093770788572335 秒
2024-12-18 14:55:14 [INFO] Worker 13: 向下滑動: 355 像素，並等待 3.522642265175479 秒
2024-12-18 14:55:14 [INFO] Worker 11: 帳號 66643407753 的任務已結束
2024-12-18 14:55:16 [INFO] Worker 14: 向下滑動: 356 像素，並等待 4.701102258403878 秒
2024-12-18 14:55:18 [INFO] Worker 13: 向下滑動: 213 像素，並等待 4.441863463123591 秒
2024-12-18 14:55:20 [INFO] Worker 14: 向下滑動: 260 像素，並等待 3.5564743333533464 秒
2024-12-18 14:55:21 [INFO] Worker 13: 帳號 66804035563 的任務已結束
2024-12-18 14:55:24 [INFO] Worker 14: 向下滑動: 221 像素，並等待 3.959328867805482 秒
2024-12-18 14:55:28 [INFO] Worker 14: 向下滑動: 269 像素，並等待 4.510068053171265 秒
2024-12-18 14:55:32 [INFO] Worker 14: 向下滑動: 218 像素，並等待 3.4573768800068923 秒
2024-12-18 14:55:36 [INFO] Worker 14: 向下滑動: 307 像素，並等待 3.9943042688949797 秒
2024-12-18 14:55:38 [INFO] Worker 14: 瀏覽器已關閉，任務已完成
2024-12-18 14:55:38 [INFO] Worker 14: 帳號 66823121944 的任務已結束
