2024-12-18 13:52:32 [INFO] 請選擇您要使用的 Excel 檔案...
2024-12-18 13:52:34 [INFO] 選擇的 Excel 檔案路徑：C:/Users/user/Desktop/SuChenAI/Factbook-RPA-clickurl/data/fb_account_data_test.xlsx
2024-12-18 13:52:34 [INFO] 請輸入最大多開數量 (1-10，預設為 1):
2024-12-18 13:52:37 [INFO] 最大多開數量已設定為：8
2024-12-18 13:52:37 [INFO] 螢幕寬度：2560，螢幕高度：1440，縮放比例：1.5
2024-12-18 13:52:38 [INFO] 開始處理跳轉帳號...
2024-12-18 13:52:38 [INFO] Worker 1: 開始處理帳號 66634899161
2024-12-18 13:52:38 [INFO] Worker 2: 開始處理帳號 66637943259
2024-12-18 13:52:38 [INFO] Worker 3: 開始處理帳號 66634899161
2024-12-18 13:52:38 [INFO] Worker 4: 開始處理帳號 66637943259
2024-12-18 13:52:38 [INFO] Worker 5: 開始處理帳號 66619622845
2024-12-18 13:52:38 [INFO] Worker 6: 開始處理帳號 66935324825
2024-12-18 13:52:38 [INFO] Worker 7: 開始處理帳號 66990183891
2024-12-18 13:52:38 [INFO] Worker 8: 開始處理帳號 66823237283
2024-12-18 13:52:38 [INFO] 開始監控任務狀態...
2024-12-18 13:52:45 [INFO] Worker 8: 代理 kamoney03.ddns.net:24008 設置成功
2024-12-18 13:52:46 [INFO] Worker 7: 代理 kamoney03.ddns.net:24001 設置成功
2024-12-18 13:52:47 [INFO] Worker 5: 代理 kamoney03.ddns.net:24005 設置成功
2024-12-18 13:52:47 [INFO] Worker 8: Cookies 已加載成功: cookies\66823237283_cookies.json
2024-12-18 13:52:48 [INFO] Worker 6: 代理 kamoney03.ddns.net:24006 設置成功
2024-12-18 13:52:48 [INFO] Worker 7: Cookies 已加載成功: cookies\66990183891_cookies.json
2024-12-18 13:52:48 [INFO] Worker 3: 代理 kamoney03.ddns.net:24004 設置成功
2024-12-18 13:52:49 [INFO] Worker 5: Cookies 已加載成功: cookies\66619622845_cookies.json
2024-12-18 13:52:49 [INFO] Worker 1: 代理 kamoney03.ddns.net:24004 設置成功
2024-12-18 13:52:49 [INFO] Worker 6: Cookies 已加載成功: cookies\66935324825_cookies.json
2024-12-18 13:52:50 [INFO] Worker 8: 帳號 66823237283 使用 cookies 成功登入
2024-12-18 13:52:50 [INFO] Worker 8: 登錄成功，開始處理帳號 66823237283 的操作...
2024-12-18 13:52:50 [INFO] Worker 8: 開始跳轉操作...
2024-12-18 13:52:50 [INFO] Worker 8: 正在開啟貼文: https://www.facebook.com/share/1HAVpvaRDF/
2024-12-18 13:52:50 [INFO] Worker 3: Cookies 已加載成功: cookies\66634899161_cookies.json
2024-12-18 13:52:51 [INFO] Worker 2: 代理 kamoney03.ddns.net:24003 設置成功
2024-12-18 13:52:51 [INFO] Worker 1: Cookies 已加載成功: cookies\66634899161_cookies.json
2024-12-18 13:52:52 [INFO] Worker 4: 代理 kamoney03.ddns.net:24003 設置成功
2024-12-18 13:52:53 [INFO] Worker 2: Cookies 已加載成功: cookies\66637943259_cookies.json
2024-12-18 13:52:53 [INFO] Worker 4: Cookies 已加載成功: cookies\66637943259_cookies.json
2024-12-18 13:52:53 [INFO] Worker 7: 帳號 66990183891 使用 cookies 成功登入
2024-12-18 13:52:53 [INFO] Worker 7: 登錄成功，開始處理帳號 66990183891 的操作...
2024-12-18 13:52:53 [INFO] Worker 7: 開始跳轉操作...
2024-12-18 13:52:53 [INFO] Worker 7: 正在開啟貼文: https://www.facebook.com/share/1HAVpvaRDF/
2024-12-18 13:52:55 [INFO] Worker 6: 帳號 66935324825 使用 cookies 成功登入
2024-12-18 13:52:55 [INFO] Worker 6: 登錄成功，開始處理帳號 66935324825 的操作...
2024-12-18 13:52:55 [INFO] Worker 6: 開始跳轉操作...
2024-12-18 13:52:55 [INFO] Worker 6: 正在開啟貼文: https://www.facebook.com/share/1HAVpvaRDF/
2024-12-18 13:52:55 [INFO] Worker 5: 帳號 66619622845 使用 cookies 成功登入
2024-12-18 13:52:55 [INFO] Worker 5: 登錄成功，開始處理帳號 66619622845 的操作...
2024-12-18 13:52:55 [INFO] Worker 5: 開始跳轉操作...
2024-12-18 13:52:55 [INFO] Worker 5: 正在開啟貼文: https://www.facebook.com/share/1HAVpvaRDF/
2024-12-18 13:52:56 [INFO] Worker 4: 帳號 66637943259 使用 cookies 成功登入
2024-12-18 13:52:56 [INFO] Worker 4: 登錄成功，開始處理帳號 66637943259 的操作...
2024-12-18 13:52:56 [INFO] Worker 4: 開始跳轉操作...
2024-12-18 13:52:56 [INFO] Worker 4: 正在開啟貼文: https://www.facebook.com/share/1HAVpvaRDF/
2024-12-18 13:52:56 [INFO] Worker 3: 帳號 66634899161 使用 cookies 成功登入
2024-12-18 13:52:56 [INFO] Worker 3: 登錄成功，開始處理帳號 66634899161 的操作...
2024-12-18 13:52:56 [INFO] Worker 3: 開始跳轉操作...
2024-12-18 13:52:56 [INFO] Worker 3: 正在開啟貼文: https://www.facebook.com/share/1HAVpvaRDF/
2024-12-18 13:52:57 [INFO] Worker 8 隨機停留 7 秒
2024-12-18 13:52:58 [INFO] Worker 1: 帳號 66634899161 使用 cookies 成功登入
2024-12-18 13:52:58 [INFO] Worker 1: 登錄成功，開始處理帳號 66634899161 的操作...
2024-12-18 13:52:58 [INFO] Worker 1: 開始跳轉操作...
2024-12-18 13:52:58 [INFO] Worker 1: 正在開啟貼文: https://www.facebook.com/share/1HAVpvaRDF/
2024-12-18 13:52:58 [INFO] Worker 2: 帳號 66637943259 使用 cookies 成功登入
2024-12-18 13:52:58 [INFO] Worker 2: 登錄成功，開始處理帳號 66637943259 的操作...
2024-12-18 13:52:58 [INFO] Worker 2: 開始跳轉操作...
2024-12-18 13:52:58 [INFO] Worker 2: 正在開啟貼文: https://www.facebook.com/share/1HAVpvaRDF/
2024-12-18 13:53:00 [INFO] Worker 4 隨機停留 7 秒
2024-12-18 13:53:02 [INFO] Worker 6 隨機停留 6 秒
2024-12-18 13:53:02 [INFO] Worker 2 隨機停留 7 秒
2024-12-18 13:53:02 [INFO] Worker 7 隨機停留 8 秒
2024-12-18 13:53:04 [INFO] Worker 8: 貼文已按過讚，無需重複操作
2024-12-18 13:53:04 [INFO] Worker 8 按讚後隨機停留 5 秒
2024-12-18 13:53:04 [INFO] Worker 1 隨機停留 7 秒
2024-12-18 13:53:05 [INFO] Worker 3 隨機停留 8 秒
2024-12-18 13:53:07 [INFO] Worker 4: 貼文已按過讚，無需重複操作
2024-12-18 13:53:07 [INFO] Worker 4 按讚後隨機停留 3 秒
2024-12-18 13:53:09 [INFO] Worker 2: 貼文已按過讚，無需重複操作
2024-12-18 13:53:09 [INFO] Worker 2 按讚後隨機停留 3 秒
2024-12-18 13:53:09 [INFO] Worker 8: 正在開啟網站: https://lihi.cc/fCuUd
2024-12-18 13:53:09 [INFO] Worker 6: 貼文已按過讚，無需重複操作
2024-12-18 13:53:09 [INFO] Worker 6 按讚後隨機停留 3 秒
2024-12-18 13:53:10 [INFO] Worker 4: 正在開啟網站: https://lihi.cc/fCuUd
2024-12-18 13:53:10 [INFO] Worker 7: 貼文已按過讚，無需重複操作
2024-12-18 13:53:10 [INFO] Worker 7 按讚後隨機停留 4 秒
2024-12-18 13:53:11 [INFO] Worker 1: 貼文已按過讚，無需重複操作
2024-12-18 13:53:11 [INFO] Worker 1 按讚後隨機停留 4 秒
2024-12-18 13:53:11 [INFO] Worker 8 隨機停留時間: 170 秒
2024-12-18 13:53:12 [INFO] Worker 2: 正在開啟網站: https://lihi.cc/fCuUd
2024-12-18 13:53:12 [INFO] Worker 6: 正在開啟網站: https://lihi.cc/fCuUd
2024-12-18 13:53:13 [INFO] Worker 5 隨機停留 6 秒
2024-12-18 13:53:13 [INFO] Worker 3: 貼文已按過讚，無需重複操作
2024-12-18 13:53:13 [INFO] Worker 3 按讚後隨機停留 5 秒
2024-12-18 13:53:14 [INFO] Worker 2 隨機停留時間: 156 秒
2024-12-18 13:53:14 [INFO] Worker 7: 正在開啟網站: https://lihi.cc/fCuUd
2024-12-18 13:53:15 [INFO] Worker 6 隨機停留時間: 168 秒
2024-12-18 13:53:15 [INFO] Worker 1: 正在開啟網站: https://lihi.cc/fCuUd
2024-12-18 13:53:15 [INFO] Worker 4 隨機停留時間: 193 秒
2024-12-18 13:53:16 [INFO] Worker 8: 向下滑動: 387 像素，並等待 4.3851347877807925 秒
2024-12-18 13:53:17 [INFO] Worker 7 隨機停留時間: 172 秒
2024-12-18 13:53:17 [INFO] Worker 1 隨機停留時間: 144 秒
2024-12-18 13:53:18 [INFO] Worker 6: 向下滑動: 312 像素，並等待 3.1353142371654954 秒
2024-12-18 13:53:18 [INFO] Worker 3: 正在開啟網站: https://lihi.cc/fCuUd
2024-12-18 13:53:19 [INFO] Worker 5: 貼文已按過讚，無需重複操作
2024-12-18 13:53:19 [INFO] Worker 5 按讚後隨機停留 3 秒
2024-12-18 13:53:19 [INFO] Worker 4: 向下滑動: 400 像素，並等待 3.857225799021827 秒
2024-12-18 13:53:19 [INFO] Worker 2: 向下滑動: 221 像素，並等待 4.7688343159352655 秒
2024-12-18 13:53:20 [INFO] Worker 8: 向下滑動: 356 像素，並等待 4.1826940929130805 秒
2024-12-18 13:53:20 [INFO] Worker 3 隨機停留時間: 144 秒
2024-12-18 13:53:21 [INFO] Worker 7: 向下滑動: 226 像素，並等待 4.256322974404785 秒
2024-12-18 13:53:22 [INFO] Worker 6: 向下滑動: 354 像素，並等待 3.827712487338758 秒
2024-12-18 13:53:22 [INFO] Worker 5: 正在開啟網站: https://lihi.cc/fCuUd
2024-12-18 13:53:22 [INFO] Worker 1: 向下滑動: 235 像素，並等待 4.814573706704266 秒
2024-12-18 13:53:22 [INFO] Worker 4: 向下滑動: 338 像素，並等待 3.2612979803914555 秒
2024-12-18 13:53:23 [INFO] Worker 2: 向下滑動: 220 像素，並等待 4.214663712080527 秒
2024-12-18 13:53:23 [INFO] Worker 5 隨機停留時間: 167 秒
2024-12-18 13:53:24 [INFO] Worker 3: 向下滑動: 350 像素，並等待 4.020105917312557 秒
2024-12-18 13:53:24 [INFO] Worker 8: 向下滑動: 278 像素，並等待 4.540351213167347 秒
2024-12-18 13:53:25 [INFO] Worker 7: 向下滑動: 255 像素，並等待 4.196207767508893 秒
2024-12-18 13:53:25 [INFO] Worker 4: 向下滑動: 326 像素，並等待 3.2076384299786636 秒
2024-12-18 13:53:26 [INFO] Worker 6: 向下滑動: 238 像素，並等待 4.033653697877481 秒
2024-12-18 13:53:27 [INFO] Worker 2: 向下滑動: 394 像素，並等待 3.3125067343183616 秒
2024-12-18 13:53:27 [INFO] Worker 1: 向下滑動: 236 像素，並等待 4.408502994036347 秒
2024-12-18 13:53:28 [INFO] Worker 5: 向下滑動: 216 像素，並等待 4.047947946322405 秒
2024-12-18 13:53:29 [INFO] Worker 8: 向下滑動: 341 像素，並等待 4.370309547473702 秒
2024-12-18 13:53:29 [INFO] Worker 3: 向下滑動: 259 像素，並等待 4.978129392445294 秒
2024-12-18 13:53:29 [INFO] Worker 6: 向下滑動: 282 像素，並等待 3.4946367540231007 秒
2024-12-18 13:53:30 [INFO] Worker 7: 向下滑動: 319 像素，並等待 4.735755994985538 秒
2024-12-18 13:53:30 [INFO] Worker 4: 向下滑動: 255 像素，並等待 4.801730208608204 秒
2024-12-18 13:53:31 [INFO] Worker 5: 向下滑動: 381 像素，並等待 3.4571039212851713 秒
2024-12-18 13:53:31 [INFO] Worker 1: 向下滑動: 394 像素，並等待 4.584220052032478 秒
2024-12-18 13:53:32 [INFO] Worker 2: 向下滑動: 230 像素，並等待 4.957226194024335 秒
2024-12-18 13:53:32 [INFO] Worker 8: 向下滑動: 394 像素，並等待 3.275009071489248 秒
2024-12-18 13:53:32 [INFO] Worker 3: 向下滑動: 320 像素，並等待 3.2642672157087604 秒
2024-12-18 13:53:33 [INFO] Worker 6: 向下滑動: 264 像素，並等待 3.9230009376430917 秒
2024-12-18 13:53:33 [INFO] Worker 7: 向下滑動: 248 像素，並等待 3.3518954256551154 秒
2024-12-18 13:53:34 [INFO] Worker 4: 向下滑動: 346 像素，並等待 3.4460660658511486 秒
2024-12-18 13:53:35 [INFO] Worker 5: 向下滑動: 374 像素，並等待 3.961603327849219 秒
2024-12-18 13:53:35 [INFO] Worker 2: 向下滑動: 299 像素，並等待 3.7868096596606318 秒
2024-12-18 13:53:35 [INFO] Worker 1: 向下滑動: 272 像素，並等待 4.241408067238361 秒
2024-12-18 13:53:36 [INFO] Worker 8: 向下滑動: 337 像素，並等待 4.17241240045682 秒
2024-12-18 13:53:37 [INFO] Worker 3: 向下滑動: 399 像素，並等待 4.762316996934862 秒
2024-12-18 13:53:37 [INFO] Worker 6: 向下滑動: 324 像素，並等待 4.26362246236042 秒
2024-12-18 13:53:38 [INFO] Worker 7: 向下滑動: 304 像素，並等待 4.922564146306231 秒
2024-12-18 13:53:39 [INFO] Worker 4: 向下滑動: 398 像素，並等待 4.912771566214315 秒
2024-12-18 13:53:39 [INFO] Worker 8: 向下滑動: 387 像素，並等待 3.0216439776304727 秒
2024-12-18 13:53:40 [INFO] Worker 5: 向下滑動: 243 像素，並等待 4.56030074235805 秒
2024-12-18 13:53:40 [INFO] Worker 2: 向下滑動: 352 像素，並等待 4.4392185056286575 秒
2024-12-18 13:53:40 [INFO] Worker 1: 向下滑動: 239 像素，並等待 4.799812461222976 秒
2024-12-18 13:53:41 [INFO] Worker 3: 向下滑動: 383 像素，並等待 3.8598051175249104 秒
2024-12-18 13:53:42 [INFO] Worker 6: 向下滑動: 294 像素，並等待 4.9127761966454475 秒
2024-12-18 13:53:43 [INFO] Worker 4: 向下滑動: 369 像素，並等待 3.9624749091576836 秒
2024-12-18 13:53:43 [INFO] Worker 7: 向下滑動: 348 像素，並等待 4.687062519624342 秒
2024-12-18 13:53:43 [INFO] Worker 8: 向下滑動: 396 像素，並等待 4.087225648484283 秒
2024-12-18 13:53:43 [INFO] Worker 2: 向下滑動: 370 像素，並等待 3.5990113776938224 秒
2024-12-18 13:53:44 [INFO] Worker 5: 向下滑動: 247 像素，並等待 4.036343941231474 秒
2024-12-18 13:53:44 [INFO] Worker 1: 向下滑動: 383 像素，並等待 3.9201029403798966 秒
2024-12-18 13:53:45 [INFO] Worker 3: 向下滑動: 328 像素，並等待 4.59832631253695 秒
2024-12-18 13:53:47 [INFO] Worker 8: 向下滑動: 340 像素，並等待 3.4345022407358066 秒
2024-12-18 13:53:47 [INFO] Worker 6: 向下滑動: 334 像素，並等待 4.598927842228324 秒
2024-12-18 13:53:48 [INFO] Worker 7: 向下滑動: 213 像素，並等待 4.496661563933913 秒
2024-12-18 13:53:48 [INFO] Worker 4: 向下滑動: 375 像素，並等待 4.932109085993077 秒
2024-12-18 13:53:48 [INFO] Worker 1: 向下滑動: 343 像素，並等待 3.527864638367596 秒
2024-12-18 13:53:48 [INFO] Worker 2: 向下滑動: 273 像素，並等待 4.829300404530038 秒
2024-12-18 13:53:48 [INFO] Worker 5: 向下滑動: 285 像素，並等待 4.9017228777192585 秒
2024-12-18 13:53:49 [INFO] Worker 3: 向下滑動: 303 像素，並等待 3.3390980185899615 秒
2024-12-18 13:53:51 [INFO] Worker 6: 向下滑動: 243 像素，並等待 3.6958181938087664 秒
2024-12-18 13:53:51 [INFO] Worker 1: 向下滑動: 352 像素，並等待 3.2457267892466355 秒
2024-12-18 13:53:52 [INFO] Worker 5: 向下滑動: 330 像素，並等待 3.0361495627420796 秒
2024-12-18 13:53:52 [INFO] Worker 7: 向下滑動: 397 像素，並等待 4.098344676647988 秒
2024-12-18 13:53:52 [INFO] Worker 4: 向下滑動: 390 像素，並等待 4.093584500864653 秒
2024-12-18 13:53:52 [INFO] Worker 8: 向下滑動: 359 像素，並等待 4.875498707324375 秒
2024-12-18 13:53:52 [INFO] Worker 3: 向下滑動: 311 像素，並等待 3.0217793095346375 秒
2024-12-18 13:53:53 [INFO] Worker 2: 向下滑動: 357 像素，並等待 4.596332660299279 秒
2024-12-18 13:53:55 [INFO] Worker 4: 向下滑動: 331 像素，並等待 3.0589186375309376 秒
2024-12-18 13:53:55 [INFO] Worker 6: 向下滑動: 266 像素，並等待 4.448491355141497 秒
2024-12-18 13:53:55 [INFO] Worker 8: 向下滑動: 204 像素，並等待 3.405552297282665 秒
2024-12-18 13:53:55 [INFO] Worker 1: 向下滑動: 208 像素，並等待 4.566296961226264 秒
2024-12-18 13:53:56 [INFO] Worker 7: 向下滑動: 225 像素，並等待 4.218253287646421 秒
2024-12-18 13:53:56 [INFO] Worker 5: 向下滑動: 377 像素，並等待 4.930873363705091 秒
2024-12-18 13:53:57 [INFO] Worker 3: 向下滑動: 242 像素，並等待 4.955702011294484 秒
2024-12-18 13:53:57 [INFO] Worker 2: 向下滑動: 366 像素，並等待 4.5036916702151295 秒
2024-12-18 13:53:59 [INFO] Worker 4: 向下滑動: 316 像素，並等待 3.7905848774436572 秒
2024-12-18 13:53:59 [INFO] Worker 6: 向下滑動: 347 像素，並等待 3.766788890872532 秒
2024-12-18 13:54:00 [INFO] Worker 5: 向下滑動: 377 像素，並等待 3.210050334476209 秒
2024-12-18 13:54:00 [INFO] Worker 7: 向下滑動: 310 像素，並等待 4.015250110552738 秒
2024-12-18 13:54:00 [INFO] Worker 1: 向下滑動: 335 像素，並等待 4.420207120788437 秒
2024-12-18 13:54:00 [INFO] Worker 8: 向下滑動: 387 像素，並等待 4.950918345036791 秒
2024-12-18 13:54:02 [INFO] Worker 2: 向下滑動: 365 像素，並等待 4.1956092463582575 秒
2024-12-18 13:54:02 [INFO] Worker 3: 向下滑動: 380 像素，並等待 4.893149113805905 秒
2024-12-18 13:54:02 [INFO] Worker 6: 向下滑動: 308 像素，並等待 3.0247363494018913 秒
2024-12-18 13:54:02 [INFO] Worker 4: 向下滑動: 268 像素，並等待 3.558957017168879 秒
2024-12-18 13:54:04 [INFO] Worker 8: 向下滑動: 336 像素，並等待 3.7251380141381363 秒
2024-12-18 13:54:04 [INFO] Worker 5: 向下滑動: 345 像素，並等待 4.125021317773007 秒
2024-12-18 13:54:05 [INFO] Worker 7: 向下滑動: 253 像素，並等待 4.966969653932733 秒
2024-12-18 13:54:05 [INFO] Worker 3: 向下滑動: 319 像素，並等待 3.273311799688149 秒
2024-12-18 13:54:05 [INFO] Worker 1: 向下滑動: 215 像素，並等待 4.976484700439815 秒
2024-12-18 13:54:05 [INFO] Worker 6: 向下滑動: 318 像素，並等待 3.2894549174738006 秒
2024-12-18 13:54:05 [INFO] Worker 4: 向下滑動: 331 像素，並等待 3.3053096239521658 秒
2024-12-18 13:54:06 [INFO] Worker 2: 向下滑動: 207 像素，並等待 4.564255173640689 秒
2024-12-18 13:54:07 [INFO] Worker 8: 向下滑動: 215 像素，並等待 3.0324679368545704 秒
2024-12-18 13:54:07 [INFO] Worker 5: 向下滑動: 253 像素，並等待 3.6429603360605753 秒
2024-12-18 13:54:09 [INFO] Worker 7: 向下滑動: 249 像素，並等待 3.8652507046532403 秒
2024-12-18 13:54:09 [INFO] Worker 3: 向下滑動: 356 像素，並等待 4.005442371689014 秒
2024-12-18 13:54:09 [INFO] Worker 6: 向下滑動: 205 像素，並等待 3.875849743154931 秒
2024-12-18 13:54:09 [INFO] Worker 1: 向下滑動: 220 像素，並等待 4.132119783918748 秒
2024-12-18 13:54:10 [INFO] Worker 4: 向下滑動: 281 像素，並等待 4.872198133520122 秒
2024-12-18 13:54:10 [INFO] Worker 2: 向下滑動: 235 像素，並等待 4.391955861810487 秒
2024-12-18 13:54:11 [INFO] Worker 8: 向下滑動: 327 像素，並等待 3.766208090996888 秒
2024-12-18 13:54:12 [INFO] Worker 7: 向下滑動: 203 像素，並等待 3.2681401118833904 秒
2024-12-18 13:54:12 [INFO] Worker 3: 向下滑動: 381 像素，並等待 3.116286982464663 秒
2024-12-18 13:54:12 [INFO] Worker 1: 向下滑動: 253 像素，並等待 3.162859299303274 秒
2024-12-18 13:54:12 [INFO] Worker 5: 向下滑動: 291 像素，並等待 4.86713661599802 秒
2024-12-18 13:54:14 [INFO] Worker 6: 向下滑動: 260 像素，並等待 4.560778440770739 秒
2024-12-18 13:54:14 [INFO] Worker 2: 向下滑動: 353 像素，並等待 3.186029876535798 秒
2024-12-18 13:54:14 [INFO] Worker 4: 向下滑動: 372 像素，並等待 3.6903964616708267 秒
2024-12-18 13:54:15 [INFO] Worker 8: 向下滑動: 392 像素，並等待 4.268111134971987 秒
2024-12-18 13:54:15 [INFO] Worker 3: 向下滑動: 392 像素，並等待 3.3180159743433473 秒
2024-12-18 13:54:15 [INFO] Worker 7: 向下滑動: 375 像素，並等待 3.4159981453857933 秒
2024-12-18 13:54:16 [INFO] Worker 1: 向下滑動: 234 像素，並等待 3.8631130005944767 秒
2024-12-18 13:54:17 [INFO] Worker 5: 向下滑動: 222 像素，並等待 4.545070290691507 秒
2024-12-18 13:54:17 [INFO] Worker 6: 向下滑動: 210 像素，並等待 3.8295899989765854 秒
2024-12-18 13:54:18 [INFO] Worker 2: 向下滑動: 315 像素，並等待 4.412014361377227 秒
2024-12-18 13:54:19 [INFO] Worker 4: 向下滑動: 217 像素，並等待 4.987521126991424 秒
2024-12-18 13:54:19 [INFO] Worker 3: 向下滑動: 377 像素，並等待 3.750650336421529 秒
2024-12-18 13:54:19 [INFO] Worker 8: 向下滑動: 286 像素，並等待 4.564115213969744 秒
2024-12-18 13:54:19 [INFO] Worker 7: 向下滑動: 353 像素，並等待 4.043234044927499 秒
2024-12-18 13:54:20 [INFO] Worker 5: 向下滑動: 344 像素，並等待 3.188099773439974 秒
2024-12-18 13:54:21 [INFO] Worker 6: 向下滑動: 305 像素，並等待 3.2159933767274853 秒
2024-12-18 13:54:21 [INFO] Worker 1: 向下滑動: 294 像素，並等待 4.605602698550397 秒
2024-12-18 13:54:23 [INFO] Worker 3: 向下滑動: 216 像素，並等待 3.4048028247610818 秒
2024-12-18 13:54:23 [INFO] Worker 2: 向下滑動: 325 像素，並等待 4.612803291931098 秒
2024-12-18 13:54:23 [INFO] Worker 8: 向下滑動: 233 像素，並等待 3.412315690228919 秒
2024-12-18 13:54:23 [INFO] Worker 4: 向下滑動: 317 像素，並等待 4.489356000015299 秒
2024-12-18 13:54:24 [INFO] Worker 1: 向下滑動: 262 像素，並等待 3.00894995167109 秒
2024-12-18 13:54:24 [INFO] Worker 5: 向下滑動: 372 像素，並等待 3.729017284496397 秒
2024-12-18 13:54:24 [INFO] Worker 7: 向下滑動: 343 像素，並等待 4.428808959473428 秒
2024-12-18 13:54:24 [INFO] Worker 6: 向下滑動: 388 像素，並等待 3.42006222486633 秒
2024-12-18 13:54:26 [INFO] Worker 3: 向下滑動: 341 像素，並等待 3.6178963405689775 秒
2024-12-18 13:54:27 [INFO] Worker 4: 向下滑動: 357 像素，並等待 3.1614232822382755 秒
2024-12-18 13:54:27 [INFO] Worker 2: 向下滑動: 256 像素，並等待 4.088452784553999 秒
2024-12-18 13:54:27 [INFO] Worker 8: 向下滑動: 356 像素，並等待 4.080831635764939 秒
2024-12-18 13:54:27 [INFO] Worker 6: 向下滑動: 288 像素，並等待 3.371131779218845 秒
2024-12-18 13:54:28 [INFO] Worker 1: 向下滑動: 343 像素，並等待 3.9497474382403377 秒
2024-12-18 13:54:29 [INFO] Worker 5: 向下滑動: 324 像素，並等待 4.727899785417508 秒
2024-12-18 13:54:29 [INFO] Worker 7: 向下滑動: 246 像素，並等待 4.906571229453006 秒
2024-12-18 13:54:30 [INFO] Worker 3: 向下滑動: 388 像素，並等待 3.6622824914214664 秒
2024-12-18 13:54:30 [INFO] Worker 4: 向下滑動: 249 像素，並等待 3.43106212514844 秒
2024-12-18 13:54:31 [INFO] Worker 1: 向下滑動: 239 像素，並等待 3.1329586998437913 秒
2024-12-18 13:54:31 [INFO] Worker 2: 向下滑動: 294 像素，並等待 4.011993032489485 秒
2024-12-18 13:54:31 [INFO] Worker 8: 向下滑動: 208 像素，並等待 3.8939981254967995 秒
2024-12-18 13:54:32 [INFO] Worker 5: 向下滑動: 279 像素，並等待 3.0523009401317944 秒
2024-12-18 13:54:32 [INFO] Worker 6: 向下滑動: 335 像素，並等待 4.190161983601383 秒
2024-12-18 13:54:33 [INFO] Worker 7: 向下滑動: 218 像素，並等待 4.117430781486827 秒
2024-12-18 13:54:34 [INFO] Worker 8: 向下滑動: 372 像素，並等待 3.115084248113434 秒
2024-12-18 13:54:35 [INFO] Worker 4: 向下滑動: 281 像素，並等待 4.439974006820647 秒
2024-12-18 13:54:35 [INFO] Worker 3: 向下滑動: 262 像素，並等待 4.95788062671813 秒
2024-12-18 13:54:35 [INFO] Worker 5: 向下滑動: 381 像素，並等待 3.6323851749560108 秒
2024-12-18 13:54:35 [INFO] Worker 1: 向下滑動: 275 像素，並等待 4.507645072450394 秒
2024-12-18 13:54:35 [INFO] Worker 2: 向下滑動: 269 像素，並等待 4.540448328751502 秒
2024-12-18 13:54:36 [INFO] Worker 7: 向下滑動: 305 像素，並等待 3.193089865056324 秒
2024-12-18 13:54:37 [INFO] Worker 6: 向下滑動: 322 像素，並等待 4.986154523981042 秒
2024-12-18 13:54:38 [INFO] Worker 8: 向下滑動: 277 像素，並等待 3.5633408506453 秒
2024-12-18 13:54:38 [INFO] Worker 3: 向下滑動: 378 像素，並等待 3.534427491802221 秒
2024-12-18 13:54:39 [INFO] Worker 1: 向下滑動: 256 像素，並等待 3.5711191716139865 秒
2024-12-18 13:54:39 [INFO] Worker 4: 向下滑動: 332 像素，並等待 4.4901802055044095 秒
2024-12-18 13:54:40 [INFO] Worker 2: 向下滑動: 326 像素，並等待 4.603902431753676 秒
2024-12-18 13:54:40 [INFO] Worker 5: 向下滑動: 383 像素，並等待 4.76586017772843 秒
2024-12-18 13:54:40 [INFO] Worker 6: 向下滑動: 324 像素，並等待 3.445164096699601 秒
2024-12-18 13:54:40 [INFO] Worker 7: 向下滑動: 310 像素，並等待 3.9602292667133345 秒
2024-12-18 13:54:42 [INFO] Worker 8: 向下滑動: 264 像素，並等待 4.491181291108976 秒
2024-12-18 13:54:42 [INFO] Worker 3: 向下滑動: 355 像素，並等待 4.100219908076372 秒
2024-12-18 13:54:43 [INFO] Worker 1: 向下滑動: 291 像素，並等待 4.321789131108898 秒
2024-12-18 13:54:44 [INFO] Worker 4: 向下滑動: 201 像素，並等待 4.891506623036086 秒
2024-12-18 13:54:44 [INFO] Worker 6: 向下滑動: 309 像素，並等待 3.9201297060122404 秒
2024-12-18 13:54:44 [INFO] Worker 2: 向下滑動: 398 像素，並等待 4.145961826526752 秒
2024-12-18 13:54:45 [INFO] Worker 5: 向下滑動: 352 像素，並等待 4.635333501197815 秒
2024-12-18 13:54:45 [INFO] Worker 7: 向下滑動: 327 像素，並等待 4.940383670777114 秒
2024-12-18 13:54:46 [INFO] Worker 3: 向下滑動: 373 像素，並等待 3.169230628391773 秒
2024-12-18 13:54:46 [INFO] Worker 8: 向下滑動: 244 像素，並等待 4.156397178608889 秒
2024-12-18 13:54:47 [INFO] Worker 6: 向下滑動: 369 像素，並等待 3.143956253422248 秒
2024-12-18 13:54:48 [INFO] Worker 4: 向下滑動: 228 像素，並等待 3.9049443167354414 秒
2024-12-18 13:54:48 [INFO] Worker 2: 向下滑動: 298 像素，並等待 3.878618973904409 秒
2024-12-18 13:54:48 [INFO] Worker 7: 向下滑動: 327 像素，並等待 3.1663189298434498 秒
2024-12-18 13:54:48 [INFO] Worker 5: 向下滑動: 398 像素，並等待 3.748367100464335 秒
2024-12-18 13:54:49 [INFO] Worker 1: 向下滑動: 247 像素，並等待 3.6288561259270002 秒
2024-12-18 13:54:50 [INFO] Worker 3: 向下滑動: 336 像素，並等待 4.833208816963609 秒
2024-12-18 13:54:51 [INFO] Worker 8: 向下滑動: 291 像素，並等待 4.68529175767614 秒
2024-12-18 13:54:51 [INFO] Worker 6: 向下滑動: 291 像素，並等待 3.818396112612768 秒
2024-12-18 13:54:51 [INFO] Worker 4: 向下滑動: 211 像素，並等待 3.2756334208242457 秒
2024-12-18 13:54:51 [INFO] Worker 2: 向下滑動: 287 像素，並等待 3.168353437338413 秒
2024-12-18 13:54:52 [INFO] Worker 7: 向下滑動: 385 像素，並等待 3.949641311047285 秒
2024-12-18 13:54:53 [INFO] Worker 5: 向下滑動: 307 像素，並等待 4.8804273346045575 秒
2024-12-18 13:54:54 [INFO] Worker 1: 向下滑動: 387 像素，並等待 4.987256149376349 秒
2024-12-18 13:54:54 [INFO] Worker 8: 向下滑動: 327 像素，並等待 3.3391967194715173 秒
2024-12-18 13:54:55 [INFO] Worker 4: 向下滑動: 215 像素，並等待 3.720152673923293 秒
2024-12-18 13:54:55 [INFO] Worker 3: 向下滑動: 262 像素，並等待 4.953318797834804 秒
2024-12-18 13:54:55 [INFO] Worker 2: 向下滑動: 230 像素，並等待 4.185883343892295 秒
2024-12-18 13:54:56 [INFO] Worker 6: 向下滑動: 360 像素，並等待 4.5034939832375045 秒
2024-12-18 13:54:56 [INFO] Worker 7: 向下滑動: 253 像素，並等待 3.3074960462570515 秒
2024-12-18 13:54:58 [INFO] Worker 5: 向下滑動: 375 像素，並等待 4.2611129484140156 秒
2024-12-18 13:54:58 [INFO] Worker 1: 向下滑動: 240 像素，並等待 4.073196272831295 秒
2024-12-18 13:54:58 [INFO] Worker 8: 向下滑動: 289 像素，並等待 3.850169720155774 秒
2024-12-18 13:54:59 [INFO] Worker 3: 向下滑動: 363 像素，並等待 3.133490656099237 秒
2024-12-18 13:54:59 [INFO] Worker 6: 向下滑動: 325 像素，並等待 3.239655961752817 秒
2024-12-18 13:54:59 [INFO] Worker 2: 向下滑動: 245 像素，並等待 3.338842179666595 秒
2024-12-18 13:54:59 [INFO] Worker 4: 向下滑動: 392 像素，並等待 4.546140173532219 秒
2024-12-18 13:55:00 [INFO] Worker 7: 向下滑動: 259 像素，並等待 4.552756067026397 秒
2024-12-18 13:55:01 [INFO] Worker 5: 向下滑動: 291 像素，並等待 3.4187404624181905 秒
2024-12-18 13:55:01 [INFO] Worker 1: 向下滑動: 217 像素，並等待 3.2257201105196556 秒
2024-12-18 13:55:02 [INFO] Worker 8: 向下滑動: 351 像素，並等待 3.493563686123962 秒
2024-12-18 13:55:03 [INFO] Worker 6: 向下滑動: 278 像素，並等待 3.8391033082876245 秒
2024-12-18 13:55:03 [INFO] Worker 3: 向下滑動: 263 像素，並等待 4.084798913907005 秒
2024-12-18 13:55:03 [INFO] Worker 4: 向下滑動: 370 像素，並等待 3.4811533254483313 秒
2024-12-18 13:55:03 [INFO] Worker 2: 向下滑動: 252 像素，並等待 4.63963620486999 秒
2024-12-18 13:55:04 [INFO] Worker 7: 向下滑動: 223 像素，並等待 3.825728131981111 秒
2024-12-18 13:55:04 [INFO] Worker 5: 向下滑動: 271 像素，並等待 3.2983176181720477 秒
2024-12-18 13:55:05 [INFO] Worker 1: 向下滑動: 240 像素，並等待 3.2713673924449442 秒
2024-12-18 13:55:06 [INFO] Worker 4: 向下滑動: 391 像素，並等待 3.0218983255833427 秒
2024-12-18 13:55:07 [INFO] Worker 8: 向下滑動: 303 像素，並等待 4.916219055138148 秒
2024-12-18 13:55:07 [INFO] Worker 6: 向下滑動: 278 像素，並等待 4.056458850778569 秒
2024-12-18 13:55:08 [INFO] Worker 2: 向下滑動: 356 像素，並等待 4.093754699032762 秒
2024-12-18 13:55:08 [INFO] Worker 7: 向下滑動: 241 像素，並等待 3.6338702908171614 秒
2024-12-18 13:55:08 [INFO] Worker 3: 向下滑動: 224 像素，並等待 4.9539316082025024 秒
2024-12-18 13:55:09 [INFO] Worker 5: 向下滑動: 381 像素，並等待 4.202233225161684 秒
2024-12-18 13:55:09 [INFO] Worker 4: 向下滑動: 275 像素，並等待 3.061335166535857 秒
2024-12-18 13:55:09 [INFO] Worker 1: 向下滑動: 316 像素，並等待 4.7914591902458685 秒
2024-12-18 13:55:10 [INFO] Worker 6: 向下滑動: 309 像素，並等待 3.178003473381493 秒
2024-12-18 13:55:11 [INFO] Worker 2: 向下滑動: 223 像素，並等待 3.054961336362378 秒
2024-12-18 13:55:11 [INFO] Worker 7: 向下滑動: 353 像素，並等待 3.70278824028128 秒
2024-12-18 13:55:11 [INFO] Worker 8: 向下滑動: 318 像素，並等待 4.9418321957668025 秒
2024-12-18 13:55:12 [INFO] Worker 5: 向下滑動: 204 像素，並等待 3.0121618820937326 秒
2024-12-18 13:55:12 [INFO] Worker 3: 向下滑動: 299 像素，並等待 4.456305953157305 秒
2024-12-18 13:55:12 [INFO] Worker 1: 向下滑動: 258 像素，並等待 3.012858156972245 秒
2024-12-18 13:55:12 [INFO] Worker 4: 向下滑動: 361 像素，並等待 3.459164742834565 秒
2024-12-18 13:55:14 [INFO] Worker 6: 向下滑動: 296 像素，並等待 4.60869301310472 秒
2024-12-18 13:55:15 [INFO] Worker 7: 向下滑動: 310 像素，並等待 3.9336262072560197 秒
2024-12-18 13:55:15 [INFO] Worker 8: 向下滑動: 249 像素，並等待 3.8498244052514634 秒
2024-12-18 13:55:16 [INFO] Worker 2: 向下滑動: 314 像素，並等待 4.934007556522275 秒
2024-12-18 13:55:16 [INFO] Worker 4: 向下滑動: 355 像素，並等待 3.6243963975996505 秒
2024-12-18 13:55:17 [INFO] Worker 5: 向下滑動: 351 像素，並等待 4.933770435011115 秒
2024-12-18 13:55:17 [INFO] Worker 3: 向下滑動: 388 像素，並等待 4.744149174878707 秒
2024-12-18 13:55:17 [INFO] Worker 1: 向下滑動: 381 像素，並等待 4.538149319503345 秒
2024-12-18 13:55:18 [INFO] Worker 6: 向下滑動: 334 像素，並等待 3.6905755437320575 秒
2024-12-18 13:55:19 [INFO] Worker 7: 向下滑動: 294 像素，並等待 3.4473160311825177 秒
2024-12-18 13:55:19 [INFO] Worker 2: 向下滑動: 343 像素，並等待 3.5848332522243718 秒
2024-12-18 13:55:19 [INFO] Worker 8: 向下滑動: 214 像素，並等待 3.8175549706571785 秒
2024-12-18 13:55:21 [INFO] Worker 4: 向下滑動: 308 像素，並等待 4.626103762197719 秒
2024-12-18 13:55:21 [INFO] Worker 5: 向下滑動: 353 像素，並等待 4.347904132987844 秒
2024-12-18 13:55:21 [INFO] Worker 3: 向下滑動: 227 像素，並等待 4.1985129083312955 秒
2024-12-18 13:55:22 [INFO] Worker 1: 向下滑動: 381 像素，並等待 4.962409172250411 秒
2024-12-18 13:55:22 [INFO] Worker 2: 向下滑動: 286 像素，並等待 3.0520729797189334 秒
2024-12-18 13:55:22 [INFO] Worker 8: 向下滑動: 294 像素，並等待 3.1576148642652817 秒
2024-12-18 13:55:23 [INFO] Worker 6: 向下滑動: 314 像素，並等待 4.343566163141886 秒
2024-12-18 13:55:23 [INFO] Worker 7: 向下滑動: 284 像素，並等待 4.682993617664721 秒
2024-12-18 13:55:24 [INFO] Worker 5: 向下滑動: 262 像素，並等待 3.2068877397751407 秒
2024-12-18 13:55:25 [INFO] Worker 4: 向下滑動: 217 像素，並等待 4.302698989820522 秒
2024-12-18 13:55:25 [INFO] Worker 3: 向下滑動: 398 像素，並等待 4.058447338547616 秒
2024-12-18 13:55:26 [INFO] Worker 8: 向下滑動: 396 像素，並等待 3.9902991534659353 秒
2024-12-18 13:55:26 [INFO] Worker 1: 向下滑動: 201 像素，並等待 4.554768367981736 秒
2024-12-18 13:55:26 [INFO] Worker 6: 向下滑動: 237 像素，並等待 3.938198406638967 秒
2024-12-18 13:55:27 [INFO] Worker 7: 向下滑動: 327 像素，並等待 3.2189066961328985 秒
2024-12-18 13:55:27 [INFO] Worker 2: 向下滑動: 200 像素，並等待 4.549744336160088 秒
2024-12-18 13:55:28 [INFO] Worker 5: 向下滑動: 378 像素，並等待 3.874052724894266 秒
2024-12-18 13:55:28 [INFO] Worker 4: 向下滑動: 324 像素，並等待 3.3602816061127188 秒
2024-12-18 13:55:29 [INFO] Worker 3: 向下滑動: 366 像素，並等待 4.190832815071951 秒
2024-12-18 13:55:30 [INFO] Worker 7: 向下滑動: 208 像素，並等待 3.3787691533355613 秒
2024-12-18 13:55:30 [INFO] Worker 6: 向下滑動: 240 像素，並等待 3.539246032342785 秒
2024-12-18 13:55:31 [INFO] Worker 5: 向下滑動: 257 像素，並等待 3.064923846277175 秒
2024-12-18 13:55:31 [INFO] Worker 1: 向下滑動: 235 像素，並等待 4.6375603243723535 秒
2024-12-18 13:55:31 [INFO] Worker 2: 向下滑動: 376 像素，並等待 4.43885796424265 秒
2024-12-18 13:55:31 [INFO] Worker 8: 向下滑動: 263 像素，並等待 4.89100956595183 秒
2024-12-18 13:55:33 [INFO] Worker 3: 向下滑動: 221 像素，並等待 3.7977652994730136 秒
2024-12-18 13:55:33 [INFO] Worker 4: 向下滑動: 354 像素，並等待 4.920993364196298 秒
2024-12-18 13:55:33 [INFO] Worker 6: 向下滑動: 300 像素，並等待 3.326128323095083 秒
2024-12-18 13:55:34 [INFO] Worker 7: 向下滑動: 366 像素，並等待 4.004199536696569 秒
2024-12-18 13:55:35 [INFO] Worker 1: 向下滑動: 356 像素，並等待 4.226679015865259 秒
2024-12-18 13:55:36 [INFO] Worker 8: 向下滑動: 215 像素，並等待 4.500590929349123 秒
2024-12-18 13:55:36 [INFO] Worker 5: 向下滑動: 250 像素，並等待 4.850343757960232 秒
2024-12-18 13:55:36 [INFO] Worker 2: 向下滑動: 229 像素，並等待 4.710335603001203 秒
2024-12-18 13:55:37 [INFO] Worker 6: 向下滑動: 240 像素，並等待 3.2993118221430473 秒
2024-12-18 13:55:38 [INFO] Worker 7: 向下滑動: 218 像素，並等待 3.784322284836633 秒
2024-12-18 13:55:38 [INFO] Worker 3: 向下滑動: 272 像素，並等待 4.631493556404889 秒
2024-12-18 13:55:38 [INFO] Worker 4: 向下滑動: 240 像素，並等待 4.867072722221984 秒
2024-12-18 13:55:39 [INFO] Worker 1: 向下滑動: 204 像素，並等待 3.6122748101980915 秒
2024-12-18 13:55:40 [INFO] Worker 5: 向下滑動: 324 像素，並等待 3.597696336671903 秒
2024-12-18 13:55:40 [INFO] Worker 8: 向下滑動: 242 像素，並等待 3.801237969384986 秒
2024-12-18 13:55:40 [INFO] Worker 2: 向下滑動: 400 像素，並等待 3.9451179375499614 秒
2024-12-18 13:55:41 [INFO] Worker 3: 向下滑動: 223 像素，並等待 3.0957777251716383 秒
2024-12-18 13:55:41 [INFO] Worker 7: 向下滑動: 368 像素，並等待 3.2438346645388814 秒
2024-12-18 13:55:41 [INFO] Worker 4: 向下滑動: 202 像素，並等待 3.265658581500918 秒
2024-12-18 13:55:42 [INFO] Worker 6: 向下滑動: 277 像素，並等待 4.898196419280527 秒
2024-12-18 13:55:43 [INFO] Worker 1: 向下滑動: 326 像素，並等待 3.6754170803811346 秒
2024-12-18 13:55:43 [INFO] Worker 5: 向下滑動: 376 像素，並等待 3.1850278308586066 秒
2024-12-18 13:55:44 [INFO] Worker 8: 向下滑動: 290 像素，並等待 4.396514069015474 秒
2024-12-18 13:55:45 [INFO] Worker 2: 向下滑動: 395 像素，並等待 4.983120307329937 秒
2024-12-18 13:55:45 [INFO] Worker 4: 向下滑動: 233 像素，並等待 3.4844465783381073 秒
2024-12-18 13:55:45 [INFO] Worker 1: 瀏覽器已關閉，任務已完成
2024-12-18 13:55:45 [INFO] Worker 1: 帳號 66634899161 的任務已結束
2024-12-18 13:55:45 [INFO] Worker 9: 開始處理帳號 66991704166
2024-12-18 13:55:46 [INFO] Worker 3: 向下滑動: 333 像素，並等待 4.912360352383724 秒
2024-12-18 13:55:46 [INFO] Worker 7: 向下滑動: 307 像素，並等待 4.789402775370397 秒
2024-12-18 13:55:46 [INFO] Worker 6: 向下滑動: 397 像素，並等待 4.813584839869778 秒
2024-12-18 13:55:47 [INFO] Worker 5: 向下滑動: 306 像素，並等待 4.152397689272248 秒
2024-12-18 13:55:48 [INFO] Worker 8: 向下滑動: 221 像素，並等待 4.18386158777553 秒
2024-12-18 13:55:48 [INFO] Worker 3: 帳號 66634899161 的任務已結束
2024-12-18 13:55:48 [INFO] Worker 10: 開始處理帳號 66646155782
2024-12-18 13:55:49 [INFO] Worker 4: 向下滑動: 379 像素，並等待 4.489056538800833 秒
2024-12-18 13:55:50 [INFO] Worker 2: 向下滑動: 220 像素，並等待 4.664858437778104 秒
2024-12-18 13:55:50 [INFO] Worker 5: 向下滑動: 341 像素，並等待 3.355839532718311 秒
2024-12-18 13:55:50 [INFO] Worker 7: 向下滑動: 351 像素，並等待 4.505555802030496 秒
2024-12-18 13:55:51 [INFO] Worker 6: 向下滑動: 260 像素，並等待 4.307134294915454 秒
2024-12-18 13:55:52 [INFO] Worker 9: 代理 kamoney03.ddns.net:24009 設置成功
2024-12-18 13:55:53 [INFO] Worker 8: 向下滑動: 281 像素，並等待 4.701506903269054 秒
2024-12-18 13:55:53 [INFO] Worker 9: Cookies 已加載成功: cookies\66991704166_cookies.json
2024-12-18 13:55:54 [INFO] Worker 4: 向下滑動: 301 像素，並等待 4.835714421656165 秒
2024-12-18 13:55:54 [INFO] Worker 2: 向下滑動: 219 像素，並等待 4.9216222232780655 秒
2024-12-18 13:55:54 [INFO] Worker 7: 向下滑動: 374 像素，並等待 4.1723976381468955 秒
2024-12-18 13:55:55 [INFO] Worker 5: 向下滑動: 286 像素，並等待 4.467641202539791 秒
2024-12-18 13:55:55 [INFO] Worker 6: 向下滑動: 299 像素，並等待 4.28171472508951 秒
2024-12-18 13:55:55 [INFO] Worker 10: 代理 kamoney03.ddns.net:24010 設置成功
2024-12-18 13:55:56 [INFO] Worker 9: 帳號 66991704166 使用 cookies 成功登入
2024-12-18 13:55:56 [INFO] Worker 9: 登錄成功，開始處理帳號 66991704166 的操作...
2024-12-18 13:55:56 [INFO] Worker 9: 開始跳轉操作...
2024-12-18 13:55:56 [INFO] Worker 9: 正在開啟貼文: https://www.facebook.com/share/1HAVpvaRDF/
2024-12-18 13:55:56 [INFO] Worker 10: Cookies 已加載成功: cookies\66646155782_cookies.json
2024-12-18 13:55:57 [INFO] Worker 2: 帳號 66637943259 的任務已結束
2024-12-18 13:55:57 [INFO] Worker 11: 開始處理帳號 66643407753
2024-12-18 13:55:57 [INFO] Worker 8: 向下滑動: 350 像素，並等待 4.580966256825249 秒
2024-12-18 13:55:58 [INFO] Worker 4: 向下滑動: 252 像素，並等待 3.8522626342517943 秒
2024-12-18 13:55:58 [INFO] Worker 6: 向下滑動: 397 像素，並等待 3.438219409683363 秒
2024-12-18 13:55:59 [INFO] Worker 7: 向下滑動: 326 像素，並等待 4.119209790385159 秒
2024-12-18 13:55:59 [INFO] Worker 5: 向下滑動: 307 像素，並等待 4.282048030242063 秒
2024-12-18 13:56:00 [INFO] Worker 10: 帳號 66646155782 使用 cookies 成功登入
2024-12-18 13:56:00 [INFO] Worker 10: 登錄成功，開始處理帳號 66646155782 的操作...
2024-12-18 13:56:00 [INFO] Worker 10: 開始跳轉操作...
2024-12-18 13:56:00 [INFO] Worker 10: 正在開啟貼文: https://www.facebook.com/share/1HAVpvaRDF/
2024-12-18 13:56:02 [INFO] Worker 8: 向下滑動: 345 像素，並等待 4.360410062548151 秒
2024-12-18 13:56:02 [INFO] Worker 4: 向下滑動: 319 像素，並等待 3.970389533239766 秒
2024-12-18 13:56:02 [INFO] Worker 5: 向下滑動: 338 像素，並等待 3.2650281685821567 秒
2024-12-18 13:56:02 [INFO] Worker 10 隨機停留 8 秒
2024-12-18 13:56:03 [INFO] Worker 6: 向下滑動: 208 像素，並等待 4.96073017304628 秒
2024-12-18 13:56:04 [INFO] Worker 7: 向下滑動: 290 像素，並等待 4.985179709927023 秒
2024-12-18 13:56:05 [INFO] Worker 11: 代理 kamoney03.ddns.net:24011 設置成功
2024-12-18 13:56:05 [INFO] Worker 8: 帳號 66823237283 的任務已結束
2024-12-18 13:56:05 [INFO] Worker 12: 開始處理帳號 66954958462
2024-12-18 13:56:06 [INFO] Worker 11: Cookies 已加載成功: cookies\66643407753_cookies.json
2024-12-18 13:56:06 [INFO] Worker 5: 向下滑動: 301 像素，並等待 3.397981256313428 秒
2024-12-18 13:56:06 [INFO] Worker 4: 向下滑動: 376 像素，並等待 3.564646208471461 秒
2024-12-18 13:56:06 [INFO] Worker 6: 帳號 66935324825 的任務已結束
2024-12-18 13:56:06 [INFO] Worker 13: 開始處理帳號 66804035563
2024-12-18 13:56:06 [INFO] Worker 9 隨機停留 8 秒
2024-12-18 13:56:08 [INFO] Worker 7: 向下滑動: 241 像素，並等待 3.8727555414532917 秒
2024-12-18 13:56:08 [INFO] Worker 11: 帳號 66643407753 使用 cookies 成功登入
2024-12-18 13:56:08 [INFO] Worker 11: 登錄成功，開始處理帳號 66643407753 的操作...
2024-12-18 13:56:08 [INFO] Worker 11: 開始跳轉操作...
2024-12-18 13:56:08 [INFO] Worker 11: 正在開啟貼文: https://www.facebook.com/share/1HAVpvaRDF/
2024-12-18 13:56:10 [INFO] Worker 5: 向下滑動: 379 像素，並等待 4.073612741686416 秒
2024-12-18 13:56:10 [INFO] Worker 4: 向下滑動: 344 像素，並等待 4.149766472497758 秒
2024-12-18 13:56:10 [INFO] Worker 10: 貼文已按過讚，無需重複操作
2024-12-18 13:56:10 [INFO] Worker 10 按讚後隨機停留 3 秒
2024-12-18 13:56:11 [INFO] Worker 7: 向下滑動: 349 像素，並等待 3.2347107990121975 秒
2024-12-18 13:56:11 [INFO] Worker 11 隨機停留 8 秒
2024-12-18 13:56:12 [INFO] Worker 12: 代理 kamoney03.ddns.net:24012 設置成功
2024-12-18 13:56:13 [INFO] Worker 12: Cookies 已加載成功: cookies\66954958462_cookies.json
2024-12-18 13:56:13 [INFO] Worker 10: 正在開啟網站: https://lihi.cc/fCuUd
2024-12-18 13:56:14 [INFO] Worker 5: 向下滑動: 243 像素，並等待 4.0158630911689315 秒
2024-12-18 13:56:14 [INFO] Worker 7: 帳號 66990183891 的任務已結束
2024-12-18 13:56:14 [INFO] Worker 14: 開始處理帳號 66823121944
2024-12-18 13:56:14 [INFO] Worker 4: 向下滑動: 240 像素，並等待 4.578005298722357 秒
2024-12-18 13:56:14 [INFO] Worker 13: 代理 kamoney03.ddns.net:24013 設置成功
2024-12-18 13:56:16 [INFO] Worker 13: Cookies 已加載成功: cookies\66804035563_cookies.json
2024-12-18 13:56:16 [INFO] Worker 10 隨機停留時間: 169 秒
2024-12-18 13:56:16 [INFO] Worker 12: 帳號 66954958462 使用 cookies 成功登入
2024-12-18 13:56:16 [INFO] Worker 12: 登錄成功，開始處理帳號 66954958462 的操作...
2024-12-18 13:56:16 [INFO] Worker 12: 開始跳轉操作...
2024-12-18 13:56:16 [INFO] Worker 12: 正在開啟貼文: https://www.facebook.com/share/1HAVpvaRDF/
2024-12-18 13:56:16 [INFO] Worker 5: 瀏覽器已關閉，任務已完成
2024-12-18 13:56:17 [INFO] Worker 5: 帳號 66619622845 的任務已結束
2024-12-18 13:56:17 [INFO] Worker 15: 開始處理帳號 66814785452
2024-12-18 13:56:19 [INFO] Worker 13: 帳號 66804035563 使用 cookies 成功登入
2024-12-18 13:56:19 [INFO] Worker 13: 登錄成功，開始處理帳號 66804035563 的操作...
2024-12-18 13:56:19 [INFO] Worker 13: 開始跳轉操作...
2024-12-18 13:56:19 [INFO] Worker 13: 正在開啟貼文: https://www.facebook.com/share/1HAVpvaRDF/
2024-12-18 13:56:19 [INFO] Worker 12 隨機停留 8 秒
2024-12-18 13:56:19 [INFO] Worker 10: 向下滑動: 315 像素，並等待 3.2356053838625294 秒
2024-12-18 13:56:19 [INFO] Worker 11: 貼文已按過讚，無需重複操作
2024-12-18 13:56:19 [INFO] Worker 11 按讚後隨機停留 4 秒
2024-12-18 13:56:19 [INFO] Worker 4: 向下滑動: 386 像素，並等待 4.729366404437467 秒
2024-12-18 13:56:21 [INFO] Worker 13 隨機停留 6 秒
2024-12-18 13:56:22 [INFO] Worker 14: 代理 kamoney03.ddns.net:24014 設置成功
2024-12-18 13:56:23 [INFO] Worker 10: 向下滑動: 278 像素，並等待 4.012574098284951 秒
2024-12-18 13:56:23 [INFO] Worker 11: 正在開啟網站: https://lihi.cc/fCuUd
2024-12-18 13:56:23 [INFO] Worker 14: Cookies 已加載成功: cookies\66823121944_cookies.json
2024-12-18 13:56:24 [INFO] Worker 4: 向下滑動: 391 像素，並等待 4.419814770448544 秒
2024-12-18 13:56:25 [INFO] Worker 11 隨機停留時間: 167 秒
2024-12-18 13:56:26 [INFO] Worker 14: 帳號 66823121944 使用 cookies 成功登入
2024-12-18 13:56:26 [INFO] Worker 14: 登錄成功，開始處理帳號 66823121944 的操作...
2024-12-18 13:56:26 [INFO] Worker 14: 開始跳轉操作...
2024-12-18 13:56:26 [INFO] Worker 14: 正在開啟貼文: https://www.facebook.com/share/1HAVpvaRDF/
2024-12-18 13:56:26 [INFO] Worker 15: 代理 kamoney03.ddns.net:24015 設置成功
2024-12-18 13:56:27 [INFO] Worker 10: 向下滑動: 383 像素，並等待 3.6480316257760563 秒
2024-12-18 13:56:27 [INFO] Worker 12: 貼文已按過讚，無需重複操作
2024-12-18 13:56:27 [INFO] Worker 12 按讚後隨機停留 3 秒
2024-12-18 13:56:27 [INFO] Worker 13: 貼文已按過讚，無需重複操作
2024-12-18 13:56:27 [INFO] Worker 13 按讚後隨機停留 4 秒
2024-12-18 13:56:27 [INFO] Worker 15: Cookies 已加載成功: cookies\66814785452_cookies.json
2024-12-18 13:56:28 [INFO] Worker 4: 向下滑動: 378 像素，並等待 4.4802040108341625 秒
2024-12-18 13:56:28 [INFO] Worker 14 隨機停留 8 秒
2024-12-18 13:56:29 [INFO] Worker 11: 向下滑動: 228 像素，並等待 3.9118904542559023 秒
2024-12-18 13:56:30 [INFO] Worker 12: 正在開啟網站: https://lihi.cc/fCuUd
2024-12-18 13:56:30 [INFO] Worker 15: 帳號 66814785452 使用 cookies 成功登入
2024-12-18 13:56:30 [INFO] Worker 15: 登錄成功，開始處理帳號 66814785452 的操作...
2024-12-18 13:56:30 [INFO] Worker 15: 開始跳轉操作...
2024-12-18 13:56:30 [INFO] Worker 15: 正在開啟貼文: https://www.facebook.com/share/1HAVpvaRDF/
2024-12-18 13:56:30 [INFO] Worker 9: 貼文已按過讚，無需重複操作
2024-12-18 13:56:30 [INFO] Worker 9 按讚後隨機停留 4 秒
2024-12-18 13:56:31 [INFO] Worker 13: 正在開啟網站: https://lihi.cc/fCuUd
2024-12-18 13:56:31 [INFO] Worker 4: 帳號 66637943259 的任務已結束
2024-12-18 13:56:32 [INFO] Worker 10: 向下滑動: 271 像素，並等待 4.982111166895293 秒
2024-12-18 13:56:32 [INFO] Worker 12 隨機停留時間: 198 秒
2024-12-18 13:56:33 [INFO] Worker 15 隨機停留 7 秒
2024-12-18 13:56:33 [INFO] Worker 13 隨機停留時間: 184 秒
2024-12-18 13:56:34 [INFO] Worker 11: 向下滑動: 247 像素，並等待 4.4114375565118 秒
2024-12-18 13:56:34 [INFO] Worker 9: 正在開啟網站: https://lihi.cc/fCuUd
2024-12-18 13:56:35 [INFO] Worker 10: 向下滑動: 361 像素，並等待 3.538740173978172 秒
2024-12-18 13:56:35 [INFO] Worker 12: 向下滑動: 277 像素，並等待 3.5207864241790743 秒
2024-12-18 13:56:36 [INFO] Worker 9 隨機停留時間: 141 秒
2024-12-18 13:56:36 [INFO] Worker 14: 貼文已按過讚，無需重複操作
2024-12-18 13:56:36 [INFO] Worker 14 按讚後隨機停留 3 秒
2024-12-18 13:56:37 [INFO] Worker 11: 向下滑動: 245 像素，並等待 3.003422625109735 秒
2024-12-18 13:56:37 [INFO] Worker 13: 向下滑動: 209 像素，並等待 3.769836732450644 秒
2024-12-18 13:56:39 [INFO] Worker 12: 向下滑動: 307 像素，並等待 3.378176946049833 秒
2024-12-18 13:56:39 [INFO] Worker 14: 正在開啟網站: https://lihi.cc/fCuUd
2024-12-18 13:56:40 [INFO] Worker 10: 向下滑動: 337 像素，並等待 4.490515499223109 秒
2024-12-18 13:56:40 [INFO] Worker 15: 貼文已按過讚，無需重複操作
2024-12-18 13:56:40 [INFO] Worker 15 按讚後隨機停留 4 秒
2024-12-18 13:56:41 [INFO] Worker 11: 向下滑動: 371 像素，並等待 4.168757783047473 秒
2024-12-18 13:56:41 [INFO] Worker 14 隨機停留時間: 146 秒
2024-12-18 13:56:41 [INFO] Worker 9: 向下滑動: 349 像素，並等待 4.840159356536692 秒
2024-12-18 13:56:42 [INFO] Worker 12: 向下滑動: 258 像素，並等待 3.0608835488859096 秒
2024-12-18 13:56:42 [INFO] Worker 13: 向下滑動: 346 像素，並等待 4.943772716637623 秒
2024-12-18 13:56:44 [INFO] Worker 15: 正在開啟網站: https://lihi.cc/fCuUd
2024-12-18 13:56:44 [INFO] Worker 11: 向下滑動: 400 像素，並等待 3.1707981386096376 秒
2024-12-18 13:56:44 [INFO] Worker 10: 向下滑動: 285 像素，並等待 4.560956101832482 秒
2024-12-18 13:56:44 [INFO] Worker 14: 向下滑動: 342 像素，並等待 3.3293023670447317 秒
2024-12-18 13:56:45 [INFO] Worker 9: 向下滑動: 301 像素，並等待 4.006774072962477 秒
2024-12-18 13:56:46 [INFO] Worker 15 隨機停留時間: 142 秒
2024-12-18 13:56:46 [INFO] Worker 12: 向下滑動: 303 像素，並等待 3.9702191539858305 秒
2024-12-18 13:56:47 [INFO] Worker 13: 向下滑動: 289 像素，並等待 4.6532419033641785 秒
2024-12-18 13:56:48 [INFO] Worker 11: 向下滑動: 335 像素，並等待 3.5411927604167954 秒
2024-12-18 13:56:48 [INFO] Worker 14: 向下滑動: 364 像素，並等待 3.510738254942253 秒
2024-12-18 13:56:49 [INFO] Worker 12: 向下滑動: 335 像素，並等待 3.305080770299579 秒
2024-12-18 13:56:49 [INFO] Worker 10: 向下滑動: 249 像素，並等待 4.995474869797361 秒
2024-12-18 13:56:49 [INFO] Worker 9: 向下滑動: 318 像素，並等待 4.259242528133152 秒
2024-12-18 13:56:51 [INFO] Worker 15: 向下滑動: 275 像素，並等待 4.956884501469317 秒
2024-12-18 13:56:51 [INFO] Worker 13: 向下滑動: 272 像素，並等待 4.634362931812781 秒
2024-12-18 13:56:52 [INFO] Worker 14: 向下滑動: 369 像素，並等待 3.9142324317303228 秒
2024-12-18 13:56:52 [INFO] Worker 11: 向下滑動: 339 像素，並等待 4.796470820135097 秒
2024-12-18 13:56:53 [INFO] Worker 9: 向下滑動: 319 像素，並等待 3.524283429840927 秒
2024-12-18 13:56:53 [INFO] Worker 12: 向下滑動: 266 像素，並等待 4.228660064375285 秒
2024-12-18 13:56:54 [INFO] Worker 10: 向下滑動: 230 像素，並等待 4.864364818032168 秒
2024-12-18 13:56:55 [INFO] Worker 15: 向下滑動: 327 像素，並等待 4.8232981493096005 秒
2024-12-18 13:56:56 [INFO] Worker 14: 向下滑動: 350 像素，並等待 3.7567186667954457 秒
2024-12-18 13:56:56 [INFO] Worker 11: 向下滑動: 367 像素，並等待 3.5057008599523325 秒
2024-12-18 13:56:56 [INFO] Worker 13: 向下滑動: 246 像素，並等待 4.839297965038215 秒
2024-12-18 13:56:58 [INFO] Worker 12: 向下滑動: 373 像素，並等待 4.269062195163129 秒
2024-12-18 13:56:58 [INFO] Worker 9: 向下滑動: 249 像素，並等待 4.705751231874678 秒
2024-12-18 13:56:58 [INFO] Worker 10: 向下滑動: 312 像素，並等待 4.343519480256212 秒
2024-12-18 13:57:00 [INFO] Worker 11: 向下滑動: 207 像素，並等待 3.6199388329598294 秒
2024-12-18 13:57:00 [INFO] Worker 14: 向下滑動: 239 像素，並等待 4.1257818457863245 秒
2024-12-18 13:57:00 [INFO] Worker 13: 向下滑動: 367 像素，並等待 3.9884636377491605 秒
2024-12-18 13:57:00 [INFO] Worker 15: 向下滑動: 397 像素，並等待 4.831181242459955 秒
2024-12-18 13:57:01 [INFO] Worker 9: 向下滑動: 378 像素，並等待 3.434913928016509 秒
2024-12-18 13:57:02 [INFO] Worker 10: 向下滑動: 202 像素，並等待 3.2942865568437956 秒
2024-12-18 13:57:02 [INFO] Worker 12: 向下滑動: 231 像素，並等待 4.860187786439106 秒
2024-12-18 13:57:04 [INFO] Worker 13: 向下滑動: 389 像素，並等待 3.5586164700877694 秒
2024-12-18 13:57:04 [INFO] Worker 11: 向下滑動: 207 像素，並等待 4.647318446251177 秒
2024-12-18 13:57:05 [INFO] Worker 14: 向下滑動: 357 像素，並等待 4.839171712689673 秒
2024-12-18 13:57:05 [INFO] Worker 15: 向下滑動: 328 像素，並等待 4.322328073194009 秒
2024-12-18 13:57:05 [INFO] Worker 9: 向下滑動: 363 像素，並等待 3.5634253498491093 秒
2024-12-18 13:57:06 [INFO] Worker 10: 向下滑動: 207 像素，並等待 4.6170115174147055 秒
2024-12-18 13:57:07 [INFO] Worker 12: 向下滑動: 257 像素，並等待 4.729755027355832 秒
2024-12-18 13:57:08 [INFO] Worker 11: 向下滑動: 222 像素，並等待 3.718400731118348 秒
2024-12-18 13:57:08 [INFO] Worker 13: 向下滑動: 218 像素，並等待 4.535828462257476 秒
2024-12-18 13:57:09 [INFO] Worker 15: 向下滑動: 373 像素，並等待 4.554047752211504 秒
2024-12-18 13:57:09 [INFO] Worker 9: 向下滑動: 232 像素，並等待 4.496151144591299 秒
2024-12-18 13:57:10 [INFO] Worker 14: 向下滑動: 230 像素，並等待 4.968971263010047 秒
2024-12-18 13:57:10 [INFO] Worker 12: 向下滑動: 236 像素，並等待 3.091484916916031 秒
2024-12-18 13:57:11 [INFO] Worker 10: 向下滑動: 319 像素，並等待 4.459652093877459 秒
2024-12-18 13:57:12 [INFO] Worker 11: 向下滑動: 359 像素，並等待 3.6636071463781112 秒
2024-12-18 13:57:13 [INFO] Worker 13: 向下滑動: 223 像素，並等待 4.607635413142281 秒
2024-12-18 13:57:14 [INFO] Worker 15: 向下滑動: 385 像素，並等待 4.316615172609211 秒
2024-12-18 13:57:14 [INFO] Worker 9: 向下滑動: 384 像素，並等待 4.769699492926293 秒
2024-12-18 13:57:14 [INFO] Worker 14: 向下滑動: 304 像素，並等待 4.674101586116877 秒
2024-12-18 13:57:14 [INFO] Worker 10: 向下滑動: 260 像素，並等待 3.4468606445484395 秒
2024-12-18 13:57:15 [INFO] Worker 12: 向下滑動: 209 像素，並等待 4.258516483282359 秒
2024-12-18 13:57:16 [INFO] Worker 11: 向下滑動: 247 像素，並等待 4.746682603599437 秒
2024-12-18 13:57:17 [INFO] Worker 13: 向下滑動: 246 像素，並等待 4.029000158780937 秒
2024-12-18 13:57:17 [INFO] Worker 9: 向下滑動: 303 像素，並等待 3.139357279830134 秒
2024-12-18 13:57:17 [INFO] Worker 15: 向下滑動: 334 像素，並等待 3.778859036988363 秒
2024-12-18 13:57:18 [INFO] Worker 14: 向下滑動: 375 像素，並等待 3.5328734498939127 秒
2024-12-18 13:57:19 [INFO] Worker 12: 向下滑動: 306 像素，並等待 4.015381123726577 秒
2024-12-18 13:57:19 [INFO] Worker 10: 向下滑動: 381 像素，並等待 4.588020441486536 秒
2024-12-18 13:57:20 [INFO] Worker 13: 向下滑動: 256 像素，並等待 3.0635476514237827 秒
2024-12-18 13:57:20 [INFO] Worker 11: 向下滑動: 381 像素，並等待 4.074235876600522 秒
2024-12-18 13:57:21 [INFO] Worker 14: 向下滑動: 224 像素，並等待 3.424237364512644 秒
2024-12-18 13:57:21 [INFO] Worker 9: 向下滑動: 274 像素，並等待 4.236690131920057 秒
2024-12-18 13:57:22 [INFO] Worker 15: 向下滑動: 299 像素，並等待 4.9824564756145655 秒
2024-12-18 13:57:23 [INFO] Worker 13: 向下滑動: 376 像素，並等待 3.235079652988497 秒
2024-12-18 13:57:23 [INFO] Worker 10: 向下滑動: 340 像素，並等待 4.310524795516917 秒
2024-12-18 13:57:23 [INFO] Worker 12: 向下滑動: 326 像素，並等待 4.858251306580073 秒
2024-12-18 13:57:25 [INFO] Worker 11: 向下滑動: 220 像素，並等待 4.480049491026547 秒
2024-12-18 13:57:26 [INFO] Worker 9: 向下滑動: 317 像素，並等待 4.210398086776536 秒
2024-12-18 13:57:26 [INFO] Worker 14: 向下滑動: 218 像素，並等待 4.373812805496469 秒
2024-12-18 13:57:26 [INFO] Worker 15: 向下滑動: 376 像素，並等待 3.528067387410874 秒
2024-12-18 13:57:26 [INFO] Worker 13: 向下滑動: 377 像素，並等待 3.0767487654176873 秒
2024-12-18 13:57:28 [INFO] Worker 12: 向下滑動: 396 像素，並等待 4.651708396456942 秒
2024-12-18 13:57:28 [INFO] Worker 10: 向下滑動: 260 像素，並等待 4.846841512952348 秒
2024-12-18 13:57:29 [INFO] Worker 11: 向下滑動: 206 像素，並等待 3.7723484023435674 秒
2024-12-18 13:57:29 [INFO] Worker 9: 向下滑動: 259 像素，並等待 3.2470290276935536 秒
2024-12-18 13:57:29 [INFO] Worker 14: 向下滑動: 332 像素，並等待 3.3333845588814643 秒
2024-12-18 13:57:30 [INFO] Worker 15: 向下滑動: 291 像素，並等待 3.7855574906781047 秒
2024-12-18 13:57:31 [INFO] Worker 13: 向下滑動: 284 像素，並等待 4.808662995825096 秒
2024-12-18 13:57:32 [INFO] Worker 12: 向下滑動: 296 像素，並等待 3.543091750825102 秒
2024-12-18 13:57:32 [INFO] Worker 10: 向下滑動: 380 像素，並等待 3.800258283264756 秒
2024-12-18 13:57:32 [INFO] Worker 9: 向下滑動: 308 像素，並等待 3.5991974238070634 秒
2024-12-18 13:57:33 [INFO] Worker 11: 向下滑動: 259 像素，並等待 3.9032881137972057 秒
2024-12-18 13:57:33 [INFO] Worker 15: 向下滑動: 218 像素，並等待 3.3276467700731085 秒
2024-12-18 13:57:34 [INFO] Worker 14: 向下滑動: 368 像素，並等待 4.613601436932058 秒
2024-12-18 13:57:35 [INFO] Worker 13: 向下滑動: 253 像素，並等待 3.625730778671249 秒
2024-12-18 13:57:35 [INFO] Worker 12: 向下滑動: 296 像素，並等待 3.4558531679389755 秒
2024-12-18 13:57:35 [INFO] Worker 10: 向下滑動: 227 像素，並等待 3.3402606991657935 秒
2024-12-18 13:57:36 [INFO] Worker 15: 向下滑動: 252 像素，並等待 3.0778968663807342 秒
2024-12-18 13:57:36 [INFO] Worker 11: 向下滑動: 264 像素，並等待 3.601774220925032 秒
2024-12-18 13:57:36 [INFO] Worker 9: 向下滑動: 280 像素，並等待 3.842576700876995 秒
2024-12-18 13:57:38 [INFO] Worker 14: 向下滑動: 370 像素，並等待 4.1005353044995205 秒
2024-12-18 13:57:39 [INFO] Worker 13: 向下滑動: 203 像素，並等待 4.527578599965706 秒
2024-12-18 13:57:39 [INFO] Worker 10: 向下滑動: 289 像素，並等待 3.8626152786833137 秒
2024-12-18 13:57:39 [INFO] Worker 12: 向下滑動: 361 像素，並等待 4.354768360883846 秒
2024-12-18 13:57:40 [INFO] Worker 15: 向下滑動: 299 像素，並等待 3.6430752790893495 秒
2024-12-18 13:57:40 [INFO] Worker 9: 向下滑動: 281 像素，並等待 3.823884656439906 秒
2024-12-18 13:57:41 [INFO] Worker 14: 向下滑動: 350 像素，並等待 3.236017736106026 秒
2024-12-18 13:57:41 [INFO] Worker 11: 向下滑動: 254 像素，並等待 4.907183232528614 秒
2024-12-18 13:57:43 [INFO] Worker 13: 向下滑動: 362 像素，並等待 3.963306200525548 秒
2024-12-18 13:57:43 [INFO] Worker 15: 向下滑動: 378 像素，並等待 3.4331732328082687 秒
2024-12-18 13:57:43 [INFO] Worker 10: 向下滑動: 321 像素，並等待 4.073058463322535 秒
2024-12-18 13:57:44 [INFO] Worker 12: 向下滑動: 329 像素，並等待 4.104344086274312 秒
2024-12-18 13:57:45 [INFO] Worker 14: 向下滑動: 264 像素，並等待 3.8808038654098356 秒
2024-12-18 13:57:45 [INFO] Worker 11: 向下滑動: 356 像素，並等待 3.749861705231909 秒
2024-12-18 13:57:45 [INFO] Worker 9: 向下滑動: 271 像素，並等待 4.768939779107436 秒
2024-12-18 13:57:47 [INFO] Worker 15: 向下滑動: 358 像素，並等待 3.657443137055912 秒
2024-12-18 13:57:47 [INFO] Worker 12: 向下滑動: 232 像素，並等待 3.4204992515663415 秒
2024-12-18 13:57:48 [INFO] Worker 13: 向下滑動: 355 像素，並等待 4.420820392863625 秒
2024-12-18 13:57:48 [INFO] Worker 10: 向下滑動: 374 像素，並等待 4.435173228225768 秒
2024-12-18 13:57:48 [INFO] Worker 14: 向下滑動: 302 像素，並等待 3.2916623558675897 秒
2024-12-18 13:57:48 [INFO] Worker 9: 向下滑動: 282 像素，並等待 3.402853493068049 秒
2024-12-18 13:57:49 [INFO] Worker 11: 向下滑動: 283 像素，並等待 4.291597074488406 秒
2024-12-18 13:57:51 [INFO] Worker 15: 向下滑動: 322 像素，並等待 3.7884365135110234 秒
2024-12-18 13:57:51 [INFO] Worker 12: 向下滑動: 248 像素，並等待 4.150620577674653 秒
2024-12-18 13:57:51 [INFO] Worker 10: 向下滑動: 229 像素，並等待 3.5938325664910824 秒
2024-12-18 13:57:52 [INFO] Worker 13: 向下滑動: 244 像素，並等待 4.4230743684385025 秒
2024-12-18 13:57:53 [INFO] Worker 14: 向下滑動: 342 像素，並等待 4.353905772827941 秒
2024-12-18 13:57:53 [INFO] Worker 9: 向下滑動: 278 像素，並等待 4.617772754280277 秒
2024-12-18 13:57:54 [INFO] Worker 11: 向下滑動: 219 像素，並等待 4.4187228951310145 秒
2024-12-18 13:57:54 [INFO] Worker 12: 向下滑動: 382 像素，並等待 3.2112518508890697 秒
2024-12-18 13:57:55 [INFO] Worker 15: 向下滑動: 385 像素，並等待 4.0925589319427385 秒
2024-12-18 13:57:56 [INFO] Worker 10: 向下滑動: 243 像素，並等待 4.34254530649036 秒
2024-12-18 13:57:56 [INFO] Worker 13: 向下滑動: 214 像素，並等待 3.8387239349455102 秒
2024-12-18 13:57:57 [INFO] Worker 14: 向下滑動: 297 像素，並等待 4.080657258755261 秒
2024-12-18 13:57:57 [INFO] Worker 9: 向下滑動: 294 像素，並等待 4.513006615438583 秒
2024-12-18 13:57:58 [INFO] Worker 11: 向下滑動: 228 像素，並等待 4.7257268388714095 秒
2024-12-18 13:57:59 [INFO] Worker 12: 向下滑動: 303 像素，並等待 4.262420655966812 秒
2024-12-18 13:57:59 [INFO] Worker 15: 向下滑動: 342 像素，並等待 4.5963330330002865 秒
2024-12-18 13:58:00 [INFO] Worker 10: 向下滑動: 325 像素，並等待 4.3217717660142805 秒
2024-12-18 13:58:00 [INFO] Worker 13: 向下滑動: 324 像素，並等待 4.2230820055756215 秒
2024-12-18 13:58:01 [INFO] Worker 14: 向下滑動: 320 像素，並等待 3.912621605024367 秒
2024-12-18 13:58:02 [INFO] Worker 9: 向下滑動: 227 像素，並等待 4.720565799392142 秒
2024-12-18 13:58:03 [INFO] Worker 11: 向下滑動: 381 像素，並等待 4.475727217902508 秒
2024-12-18 13:58:03 [INFO] Worker 15: 向下滑動: 207 像素，並等待 3.643343691517909 秒
2024-12-18 13:58:03 [INFO] Worker 12: 向下滑動: 342 像素，並等待 4.429952298469171 秒
2024-12-18 13:58:04 [INFO] Worker 10: 向下滑動: 254 像素，並等待 3.6122405530607384 秒
2024-12-18 13:58:05 [INFO] Worker 13: 向下滑動: 379 像素，並等待 4.597132585629212 秒
2024-12-18 13:58:05 [INFO] Worker 14: 向下滑動: 238 像素，並等待 4.370332800932443 秒
2024-12-18 13:58:07 [INFO] Worker 11: 向下滑動: 277 像素，並等待 3.8614337242517456 秒
2024-12-18 13:58:07 [INFO] Worker 9: 向下滑動: 369 像素，並等待 4.66488072372908 秒
2024-12-18 13:58:07 [INFO] Worker 15: 向下滑動: 204 像素，並等待 4.224062801245342 秒
2024-12-18 13:58:07 [INFO] Worker 10: 向下滑動: 251 像素，並等待 3.8131293427227164 秒
2024-12-18 13:58:08 [INFO] Worker 12: 向下滑動: 265 像素，並等待 4.814823096952058 秒
2024-12-18 13:58:08 [INFO] Worker 13: 向下滑動: 307 像素，並等待 3.336883886987387 秒
2024-12-18 13:58:09 [INFO] Worker 14: 向下滑動: 291 像素，並等待 4.426896796140284 秒
2024-12-18 13:58:11 [INFO] Worker 11: 向下滑動: 392 像素，並等待 3.9479005117986405 秒
2024-12-18 13:58:11 [INFO] Worker 12: 向下滑動: 243 像素，並等待 3.1035404306496392 秒
2024-12-18 13:58:11 [INFO] Worker 15: 向下滑動: 345 像素，並等待 4.248946949337677 秒
2024-12-18 13:58:12 [INFO] Worker 10: 向下滑動: 203 像素，並等待 4.348591434824601 秒
2024-12-18 13:58:12 [INFO] Worker 9: 向下滑動: 321 像素，並等待 4.847732620217323 秒
2024-12-18 13:58:12 [INFO] Worker 13: 向下滑動: 204 像素，並等待 4.136351868012692 秒
2024-12-18 13:58:13 [INFO] Worker 14: 向下滑動: 259 像素，並等待 3.8100550069084806 秒
2024-12-18 13:58:15 [INFO] Worker 11: 向下滑動: 305 像素，並等待 4.233865132478272 秒
2024-12-18 13:58:15 [INFO] Worker 15: 向下滑動: 269 像素，並等待 3.4490416819869036 秒
2024-12-18 13:58:15 [INFO] Worker 9: 向下滑動: 296 像素，並等待 3.2789401479429325 秒
2024-12-18 13:58:16 [INFO] Worker 10: 向下滑動: 317 像素，並等待 3.906307039943732 秒
2024-12-18 13:58:16 [INFO] Worker 12: 向下滑動: 296 像素，並等待 4.949254949925918 秒
2024-12-18 13:58:16 [INFO] Worker 13: 向下滑動: 330 像素，並等待 4.104139289739718 秒
2024-12-18 13:58:17 [INFO] Worker 14: 向下滑動: 289 像素，並等待 4.2297267431895875 秒
2024-12-18 13:58:19 [INFO] Worker 11: 向下滑動: 289 像素，並等待 3.7416724622192876 秒
2024-12-18 13:58:19 [INFO] Worker 9: 向下滑動: 213 像素，並等待 3.950994080120192 秒
2024-12-18 13:58:19 [INFO] Worker 10: 向下滑動: 347 像素，並等待 3.655914297286488 秒
2024-12-18 13:58:20 [INFO] Worker 15: 向下滑動: 273 像素，並等待 4.647536960676896 秒
2024-12-18 13:58:20 [INFO] Worker 14: 向下滑動: 230 像素，並等待 3.0622664396379076 秒
2024-12-18 13:58:21 [INFO] Worker 12: 向下滑動: 390 像素，並等待 4.567513396902909 秒
2024-12-18 13:58:21 [INFO] Worker 13: 向下滑動: 291 像素，並等待 4.75703919201032 秒
2024-12-18 13:58:23 [INFO] Worker 9: 向下滑動: 246 像素，並等待 3.766085454575545 秒
2024-12-18 13:58:23 [INFO] Worker 10: 向下滑動: 331 像素，並等待 3.9605922912950575 秒
2024-12-18 13:58:24 [INFO] Worker 15: 向下滑動: 236 像素，並等待 3.9432994025841346 秒
2024-12-18 13:58:24 [INFO] Worker 11: 向下滑動: 231 像素，並等待 4.883684829395191 秒
2024-12-18 13:58:24 [INFO] Worker 12: 向下滑動: 249 像素，並等待 3.4064937492044676 秒
2024-12-18 13:58:24 [INFO] Worker 13: 向下滑動: 294 像素，並等待 3.405603265265718 秒
2024-12-18 13:58:25 [INFO] Worker 14: 向下滑動: 344 像素，並等待 4.229717254801043 秒
2024-12-18 13:58:27 [INFO] Worker 9: 向下滑動: 222 像素，並等待 3.9692351256369607 秒
2024-12-18 13:58:27 [INFO] Worker 11: 向下滑動: 294 像素，並等待 3.4570778421798742 秒
2024-12-18 13:58:27 [INFO] Worker 12: 向下滑動: 292 像素，並等待 3.252650175472243 秒
2024-12-18 13:58:28 [INFO] Worker 10: 向下滑動: 365 像素，並等待 4.37601417426802 秒
2024-12-18 13:58:28 [INFO] Worker 14: 向下滑動: 385 像素，並等待 3.3545859826946236 秒
2024-12-18 13:58:28 [INFO] Worker 15: 向下滑動: 298 像素，並等待 4.71159964632527 秒
2024-12-18 13:58:29 [INFO] Worker 13: 向下滑動: 340 像素，並等待 4.371812511869862 秒
2024-12-18 13:58:30 [INFO] Worker 9: 向下滑動: 302 像素，並等待 3.0603521260234046 秒
2024-12-18 13:58:30 [INFO] Worker 11: 向下滑動: 304 像素，並等待 3.1893016676525905 秒
2024-12-18 13:58:32 [INFO] Worker 14: 向下滑動: 274 像素，並等待 3.474092013465459 秒
2024-12-18 13:58:32 [INFO] Worker 15: 向下滑動: 203 像素，並等待 3.397080510408158 秒
2024-12-18 13:58:32 [INFO] Worker 12: 向下滑動: 320 像素，並等待 4.7379129127705175 秒
2024-12-18 13:58:32 [INFO] Worker 10: 向下滑動: 253 像素，並等待 4.787495533895231 秒
2024-12-18 13:58:33 [INFO] Worker 13: 向下滑動: 227 像素，並等待 4.219338116728563 秒
2024-12-18 13:58:33 [INFO] Worker 9: 向下滑動: 302 像素，並等待 3.306405283022107 秒
2024-12-18 13:58:35 [INFO] Worker 11: 向下滑動: 328 像素，並等待 4.298203191474283 秒
2024-12-18 13:58:36 [INFO] Worker 14: 向下滑動: 214 像素，並等待 4.017010460759115 秒
2024-12-18 13:58:36 [INFO] Worker 15: 向下滑動: 281 像素，並等待 4.018838431515341 秒
2024-12-18 13:58:36 [INFO] Worker 12: 向下滑動: 206 像素，並等待 4.380337213037218 秒
2024-12-18 13:58:37 [INFO] Worker 10: 向下滑動: 226 像素，並等待 4.741702434438891 秒
2024-12-18 13:58:38 [INFO] Worker 13: 向下滑動: 228 像素，並等待 4.630741404189692 秒
2024-12-18 13:58:38 [INFO] Worker 11: 向下滑動: 245 像素，並等待 3.2434648554299406 秒
2024-12-18 13:58:38 [INFO] Worker 9: 向下滑動: 357 像素，並等待 4.968456334930238 秒
2024-12-18 13:58:40 [INFO] Worker 12: 向下滑動: 354 像素，並等待 3.225767559070027 秒
2024-12-18 13:58:40 [INFO] Worker 15: 向下滑動: 209 像素，並等待 3.9440561039973736 秒
2024-12-18 13:58:40 [INFO] Worker 14: 向下滑動: 372 像素，並等待 4.081430133536065 秒
2024-12-18 13:58:41 [INFO] Worker 11: 向下滑動: 255 像素，並等待 3.538987302009589 秒
2024-12-18 13:58:41 [INFO] Worker 9: 向下滑動: 331 像素，並等待 3.2531539198515818 秒
2024-12-18 13:58:42 [INFO] Worker 10: 向下滑動: 381 像素，並等待 4.3534476734383265 秒
2024-12-18 13:58:42 [INFO] Worker 13: 向下滑動: 344 像素，並等待 4.308945200608309 秒
2024-12-18 13:58:43 [INFO] Worker 14: 向下滑動: 381 像素，並等待 3.7062910893983667 秒
2024-12-18 13:58:44 [INFO] Worker 15: 向下滑動: 269 像素，並等待 4.041406835996373 秒
2024-12-18 13:58:44 [INFO] Worker 12: 向下滑動: 292 像素，並等待 4.120069396268145 秒
2024-12-18 13:58:45 [INFO] Worker 11: 向下滑動: 338 像素，並等待 3.382002875759004 秒
2024-12-18 13:58:45 [INFO] Worker 13: 向下滑動: 211 像素，並等待 3.2627705737914914 秒
2024-12-18 13:58:45 [INFO] Worker 10: 向下滑動: 383 像素，並等待 3.801995105364453 秒
2024-12-18 13:58:46 [INFO] Worker 9: 向下滑動: 386 像素，並等待 4.719855928026405 秒
2024-12-18 13:58:48 [INFO] Worker 14: 向下滑動: 340 像素，並等待 4.645398404603815 秒
2024-12-18 13:58:48 [INFO] Worker 13: 向下滑動: 208 像素，並等待 3.1073837168355145 秒
2024-12-18 13:58:48 [INFO] Worker 12: 向下滑動: 364 像素，並等待 4.620444350787761 秒
2024-12-18 13:58:49 [INFO] Worker 15: 向下滑動: 276 像素，並等待 4.924855019334866 秒
2024-12-18 13:58:49 [INFO] Worker 10: 向下滑動: 320 像素，並等待 3.335651448058835 秒
2024-12-18 13:58:49 [INFO] Worker 11: 向下滑動: 230 像素，並等待 4.1083959504398315 秒
2024-12-18 13:58:49 [INFO] Worker 9: 向下滑動: 363 像素，並等待 3.3735821893831135 秒
2024-12-18 13:58:52 [INFO] Worker 14: 向下滑動: 374 像素，並等待 3.4551468338496703 秒
2024-12-18 13:58:52 [INFO] Worker 11: 向下滑動: 296 像素，並等待 3.129193751714733 秒
2024-12-18 13:58:52 [INFO] Worker 12: 向下滑動: 315 像素，並等待 3.791970740354528 秒
2024-12-18 13:58:53 [INFO] Worker 15: 向下滑動: 373 像素，並等待 3.98889898370731 秒
2024-12-18 13:58:53 [INFO] Worker 9: 向下滑動: 243 像素，並等待 3.3026376678472458 秒
2024-12-18 13:58:53 [INFO] Worker 10: 向下滑動: 257 像素，並等待 4.391084988825546 秒
2024-12-18 13:58:53 [INFO] Worker 13: 向下滑動: 364 像素，並等待 4.824065943744451 秒
2024-12-18 13:58:56 [INFO] Worker 14: 向下滑動: 242 像素，並等待 4.230304358576409 秒
2024-12-18 13:58:56 [INFO] Worker 12: 向下滑動: 311 像素，並等待 3.91011414439092 秒
2024-12-18 13:58:56 [INFO] Worker 11: 向下滑動: 228 像素，並等待 4.441153478819219 秒
2024-12-18 13:58:57 [INFO] Worker 10: 向下滑動: 228 像素，並等待 3.431080004309516 秒
2024-12-18 13:58:57 [INFO] Worker 9: 向下滑動: 276 像素，並等待 4.25392186201174 秒
2024-12-18 13:58:57 [INFO] Worker 13: 向下滑動: 358 像素，並等待 3.8751514397543607 秒
2024-12-18 13:58:57 [INFO] Worker 15: 向下滑動: 229 像素，並等待 4.487308329870167 秒
2024-12-18 13:59:00 [INFO] Worker 12: 向下滑動: 209 像素，並等待 3.4917947550166057 秒
2024-12-18 13:59:00 [INFO] Worker 10: 向下滑動: 333 像素，並等待 3.074010138216061 秒
2024-12-18 13:59:00 [INFO] Worker 14: 向下滑動: 201 像素，並等待 4.368881166219431 秒
2024-12-18 13:59:00 [INFO] Worker 11: 向下滑動: 310 像素，並等待 3.9364072032788053 秒
2024-12-18 13:59:01 [INFO] Worker 15: 向下滑動: 387 像素，並等待 3.7244056735349433 秒
2024-12-18 13:59:01 [INFO] Worker 9: 向下滑動: 312 像素，並等待 4.023353607003605 秒
2024-12-18 13:59:01 [INFO] Worker 13: 向下滑動: 382 像素，並等待 4.106753623396156 秒
2024-12-18 13:59:03 [INFO] Worker 12: 向下滑動: 274 像素，並等待 3.020598164499704 秒
2024-12-18 13:59:04 [INFO] Worker 9: 帳號 66991704166 的任務已結束
2024-12-18 13:59:04 [INFO] Worker 14: 向下滑動: 294 像素，並等待 3.613220953605419 秒
2024-12-18 13:59:04 [INFO] Worker 11: 向下滑動: 324 像素，並等待 3.441895744654518 秒
2024-12-18 13:59:04 [INFO] Worker 10: 向下滑動: 225 像素，並等待 4.358777903285685 秒
2024-12-18 13:59:05 [INFO] Worker 13: 向下滑動: 308 像素，並等待 3.6297902249078753 秒
2024-12-18 13:59:05 [INFO] Worker 15: 向下滑動: 276 像素，並等待 4.340555435776619 秒
2024-12-18 13:59:07 [INFO] Worker 12: 向下滑動: 242 像素，並等待 4.180215643274258 秒
2024-12-18 13:59:07 [INFO] Worker 14: 向下滑動: 363 像素，並等待 3.34075993761395 秒
2024-12-18 13:59:07 [INFO] Worker 11: 向下滑動: 353 像素，並等待 3.6242578530323835 秒
2024-12-18 13:59:09 [INFO] Worker 10: 向下滑動: 299 像素，並等待 4.712909715434007 秒
2024-12-18 13:59:10 [INFO] Worker 15: 向下滑動: 357 像素，並等待 4.315063068689935 秒
2024-12-18 13:59:10 [INFO] Worker 13: 向下滑動: 210 像素，並等待 4.996809832263725 秒
2024-12-18 13:59:11 [INFO] Worker 14: 向下滑動: 362 像素，並等待 3.8237176341103813 秒
2024-12-18 13:59:11 [INFO] Worker 10: 帳號 66646155782 的任務已結束
2024-12-18 13:59:12 [INFO] Worker 12: 向下滑動: 275 像素，並等待 4.7417655089544954 秒
2024-12-18 13:59:12 [INFO] Worker 15: 瀏覽器已關閉，任務已完成
2024-12-18 13:59:12 [INFO] Worker 15: 帳號 66814785452 的任務已結束
2024-12-18 13:59:12 [INFO] Worker 11: 向下滑動: 291 像素，並等待 4.889917119189269 秒
2024-12-18 13:59:13 [INFO] Worker 13: 向下滑動: 278 像素，並等待 3.361255992477409 秒
2024-12-18 13:59:13 [INFO] Worker 14: 帳號 66823121944 的任務已結束
2024-12-18 13:59:15 [INFO] Worker 11: 帳號 66643407753 的任務已結束
2024-12-18 13:59:15 [INFO] Worker 12: 向下滑動: 283 像素，並等待 3.4986632578878503 秒
2024-12-18 13:59:17 [INFO] Worker 13: 向下滑動: 399 像素，並等待 3.3661407655009783 秒
2024-12-18 13:59:19 [INFO] Worker 12: 向下滑動: 250 像素，並等待 3.826364409858514 秒
2024-12-18 13:59:21 [INFO] Worker 13: 向下滑動: 367 像素，並等待 4.42699836574906 秒
2024-12-18 13:59:24 [INFO] Worker 12: 向下滑動: 208 像素，並等待 4.720482663966704 秒
2024-12-18 13:59:24 [INFO] Worker 13: 向下滑動: 345 像素，並等待 3.340094668299357 秒
2024-12-18 13:59:28 [INFO] Worker 12: 向下滑動: 227 像素，並等待 3.9560248561786793 秒
2024-12-18 13:59:29 [INFO] Worker 13: 向下滑動: 264 像素，並等待 4.8758429079739365 秒
2024-12-18 13:59:31 [INFO] Worker 12: 向下滑動: 280 像素，並等待 3.8800150584936173 秒
2024-12-18 13:59:34 [INFO] Worker 13: 向下滑動: 370 像素，並等待 4.583928975153015 秒
2024-12-18 13:59:35 [INFO] Worker 12: 向下滑動: 232 像素，並等待 3.425006884230781 秒
2024-12-18 13:59:38 [INFO] Worker 13: 向下滑動: 296 像素，並等待 3.7978670034267585 秒
2024-12-18 13:59:39 [INFO] Worker 12: 向下滑動: 220 像素，並等待 4.505301522985261 秒
2024-12-18 13:59:40 [INFO] Worker 13: 帳號 66804035563 的任務已結束
2024-12-18 13:59:43 [INFO] Worker 12: 向下滑動: 318 像素，並等待 3.3719170221560937 秒
2024-12-18 13:59:46 [INFO] Worker 12: 向下滑動: 341 像素，並等待 3.5151731789033933 秒
2024-12-18 13:59:50 [INFO] Worker 12: 向下滑動: 300 像素，並等待 4.062015588080561 秒
2024-12-18 13:59:52 [INFO] Worker 12: 瀏覽器已關閉，任務已完成
2024-12-18 13:59:53 [INFO] Worker 12: 帳號 66954958462 的任務已結束
