2024-12-18 13:06:18 [INFO] 請選擇您要使用的 Excel 檔案...
2024-12-18 13:06:21 [INFO] 選擇的 Excel 檔案路徑：C:/Users/user/Desktop/SuChenAI/Factbook-RPA-clickurl/data/fb_account_data_test.xlsx
2024-12-18 13:06:21 [INFO] 請輸入最大多開數量 (1-10，預設為 1):
2024-12-18 13:06:23 [INFO] 最大多開數量已設定為：8
2024-12-18 13:06:23 [INFO] 螢幕寬度：2560，螢幕高度：1440，縮放比例：1.5
2024-12-18 13:06:23 [INFO] 開始處理跳轉帳號...
2024-12-18 13:06:23 [INFO] Worker 1: 開始處理帳號 66634899161
2024-12-18 13:06:23 [INFO] Worker 2: 開始處理帳號 66637943259
2024-12-18 13:06:23 [INFO] Worker 3: 開始處理帳號 66634899161
2024-12-18 13:06:23 [INFO] Worker 4: 開始處理帳號 66637943259
2024-12-18 13:06:23 [INFO] Worker 5: 開始處理帳號 66619622845
2024-12-18 13:06:23 [INFO] Worker 6: 開始處理帳號 66935324825
2024-12-18 13:06:23 [INFO] Worker 7: 開始處理帳號 66990183891
2024-12-18 13:06:23 [INFO] Worker 8: 開始處理帳號 66823237283
2024-12-18 13:06:23 [INFO] 開始監控任務狀態...
2024-12-18 13:06:32 [INFO] Worker 1: 代理 kamoney03.ddns.net:24004 設置成功
2024-12-18 13:06:32 [INFO] Worker 2: 代理 kamoney03.ddns.net:24003 設置成功
2024-12-18 13:06:34 [INFO] Worker 2: Cookies 已加載成功: cookies\66637943259_cookies.json
2024-12-18 13:06:34 [INFO] Worker 3: 代理 kamoney03.ddns.net:24004 設置成功
2024-12-18 13:06:35 [INFO] Worker 5: 代理 kamoney03.ddns.net:24005 設置成功
2024-12-18 13:06:36 [INFO] Worker 6: 代理 kamoney03.ddns.net:24006 設置成功
2024-12-18 13:06:37 [INFO] Worker 1: Cookies 已加載成功: cookies\66634899161_cookies.json
2024-12-18 13:06:37 [INFO] Worker 3: Cookies 已加載成功: cookies\66634899161_cookies.json
2024-12-18 13:06:37 [INFO] Worker 2: 帳號 66637943259 使用 cookies 成功登入
2024-12-18 13:06:37 [INFO] Worker 2: 登錄成功，開始處理帳號 66637943259 的操作...
2024-12-18 13:06:37 [INFO] Worker 2: 開始跳轉操作...
2024-12-18 13:06:37 [INFO] Worker 2: 正在開啟貼文: https://www.facebook.com/share/18QgQ2Y2dz/
2024-12-18 13:06:38 [INFO] Worker 6: Cookies 已加載成功: cookies\66935324825_cookies.json
2024-12-18 13:06:38 [INFO] Worker 5: Cookies 已加載成功: cookies\66619622845_cookies.json
2024-12-18 13:06:39 [INFO] Worker 7: 代理 kamoney03.ddns.net:24001 設置成功
2024-12-18 13:06:41 [INFO] Worker 2 隨機停留 7 秒
2024-12-18 13:06:41 [INFO] Worker 4: 代理 kamoney03.ddns.net:24003 設置成功
2024-12-18 13:06:41 [INFO] Worker 6: 帳號 66935324825 使用 cookies 成功登入
2024-12-18 13:06:41 [INFO] Worker 6: 登錄成功，開始處理帳號 66935324825 的操作...
2024-12-18 13:06:41 [INFO] Worker 6: 開始跳轉操作...
2024-12-18 13:06:41 [INFO] Worker 6: 正在開啟貼文: https://www.facebook.com/share/18QgQ2Y2dz/
2024-12-18 13:06:41 [INFO] Worker 1: 帳號 66634899161 使用 cookies 成功登入
2024-12-18 13:06:41 [INFO] Worker 1: 登錄成功，開始處理帳號 66634899161 的操作...
2024-12-18 13:06:41 [INFO] Worker 1: 開始跳轉操作...
2024-12-18 13:06:41 [INFO] Worker 1: 正在開啟貼文: https://www.facebook.com/share/18QgQ2Y2dz/
2024-12-18 13:06:42 [INFO] Worker 8: 代理 kamoney03.ddns.net:24008 設置成功
2024-12-18 13:06:42 [INFO] Worker 7: Cookies 已加載成功: cookies\66990183891_cookies.json
2024-12-18 13:06:42 [INFO] Worker 5: 帳號 66619622845 使用 cookies 成功登入
2024-12-18 13:06:42 [INFO] Worker 5: 登錄成功，開始處理帳號 66619622845 的操作...
2024-12-18 13:06:42 [INFO] Worker 5: 開始跳轉操作...
2024-12-18 13:06:42 [INFO] Worker 5: 正在開啟貼文: https://www.facebook.com/share/18QgQ2Y2dz/
2024-12-18 13:06:42 [INFO] Worker 3: 帳號 66634899161 使用 cookies 成功登入
2024-12-18 13:06:42 [INFO] Worker 3: 登錄成功，開始處理帳號 66634899161 的操作...
2024-12-18 13:06:42 [INFO] Worker 3: 開始跳轉操作...
2024-12-18 13:06:42 [INFO] Worker 3: 正在開啟貼文: https://www.facebook.com/share/18QgQ2Y2dz/
2024-12-18 13:06:43 [INFO] Worker 4: Cookies 已加載成功: cookies\66637943259_cookies.json
2024-12-18 13:06:43 [INFO] Worker 8: Cookies 已加載成功: cookies\66823237283_cookies.json
2024-12-18 13:06:46 [INFO] Worker 7: 帳號 66990183891 使用 cookies 成功登入
2024-12-18 13:06:46 [INFO] Worker 7: 登錄成功，開始處理帳號 66990183891 的操作...
2024-12-18 13:06:46 [INFO] Worker 7: 開始跳轉操作...
2024-12-18 13:06:46 [INFO] Worker 7: 正在開啟貼文: https://www.facebook.com/share/18QgQ2Y2dz/
2024-12-18 13:06:47 [INFO] Worker 6 隨機停留 6 秒
2024-12-18 13:06:49 [INFO] Worker 1 隨機停留 8 秒
2024-12-18 13:06:49 [INFO] Worker 2: 貼文已按過讚，無需重複操作
2024-12-18 13:06:49 [INFO] Worker 2 按讚後隨機停留 5 秒
2024-12-18 13:06:50 [INFO] Worker 4: 帳號 66637943259 使用 cookies 成功登入
2024-12-18 13:06:50 [INFO] Worker 4: 登錄成功，開始處理帳號 66637943259 的操作...
2024-12-18 13:06:50 [INFO] Worker 4: 開始跳轉操作...
2024-12-18 13:06:50 [INFO] Worker 4: 正在開啟貼文: https://www.facebook.com/share/18QgQ2Y2dz/
2024-12-18 13:06:50 [INFO] Worker 5 隨機停留 7 秒
2024-12-18 13:06:50 [INFO] Worker 8: 帳號 66823237283 使用 cookies 成功登入
2024-12-18 13:06:50 [INFO] Worker 8: 登錄成功，開始處理帳號 66823237283 的操作...
2024-12-18 13:06:50 [INFO] Worker 8: 開始跳轉操作...
2024-12-18 13:06:50 [INFO] Worker 8: 正在開啟貼文: https://www.facebook.com/share/18QgQ2Y2dz/
2024-12-18 13:06:51 [INFO] Worker 7 隨機停留 7 秒
2024-12-18 13:06:52 [INFO] Worker 3 隨機停留 7 秒
2024-12-18 13:06:54 [INFO] Worker 2: 正在開啟網站: https://japanticket.com/prestige/tw/hokkaido/?fbclid=IwY2xjawHOKBpleHRuA2FlbQIxMAABHaGHzkUa9Xrj3SjatXaC9Yb4VFZXJHVNg6UjonFymwRNzb_q9RvBc3yZxA_aem_RLkYjGlaRRosmk8r7xkD4g#utm_source=prestige_tw_fb&utm_medium=social&utm_campaign=hokkaido_tour_tw_fb
2024-12-18 13:06:54 [INFO] Worker 8 隨機停留 7 秒
2024-12-18 13:06:55 [INFO] Worker 6: 貼文已按過讚，無需重複操作
2024-12-18 13:06:55 [INFO] Worker 6 按讚後隨機停留 3 秒
2024-12-18 13:06:57 [INFO] Worker 4 隨機停留 6 秒
2024-12-18 13:06:57 [INFO] Worker 1: 貼文已按過讚，無需重複操作
2024-12-18 13:06:57 [INFO] Worker 1 按讚後隨機停留 4 秒
2024-12-18 13:06:58 [INFO] Worker 5: 貼文已按過讚，無需重複操作
2024-12-18 13:06:58 [INFO] Worker 5 按讚後隨機停留 4 秒
2024-12-18 13:06:58 [INFO] Worker 6: 正在開啟網站: https://japanticket.com/prestige/tw/hokkaido/?fbclid=IwY2xjawHOKBpleHRuA2FlbQIxMAABHaGHzkUa9Xrj3SjatXaC9Yb4VFZXJHVNg6UjonFymwRNzb_q9RvBc3yZxA_aem_RLkYjGlaRRosmk8r7xkD4g#utm_source=prestige_tw_fb&utm_medium=social&utm_campaign=hokkaido_tour_tw_fb
2024-12-18 13:06:58 [INFO] Worker 7: 貼文已按過讚，無需重複操作
2024-12-18 13:06:58 [INFO] Worker 7 按讚後隨機停留 4 秒
2024-12-18 13:06:59 [INFO] Worker 3: 貼文已按過讚，無需重複操作
2024-12-18 13:06:59 [INFO] Worker 3 按讚後隨機停留 3 秒
2024-12-18 13:07:01 [INFO] Worker 1: 正在開啟網站: https://japanticket.com/prestige/tw/hokkaido/?fbclid=IwY2xjawHOKBpleHRuA2FlbQIxMAABHaGHzkUa9Xrj3SjatXaC9Yb4VFZXJHVNg6UjonFymwRNzb_q9RvBc3yZxA_aem_RLkYjGlaRRosmk8r7xkD4g#utm_source=prestige_tw_fb&utm_medium=social&utm_campaign=hokkaido_tour_tw_fb
2024-12-18 13:07:02 [INFO] Worker 5: 正在開啟網站: https://japanticket.com/prestige/tw/hokkaido/?fbclid=IwY2xjawHOKBpleHRuA2FlbQIxMAABHaGHzkUa9Xrj3SjatXaC9Yb4VFZXJHVNg6UjonFymwRNzb_q9RvBc3yZxA_aem_RLkYjGlaRRosmk8r7xkD4g#utm_source=prestige_tw_fb&utm_medium=social&utm_campaign=hokkaido_tour_tw_fb
2024-12-18 13:07:02 [INFO] Worker 7: 正在開啟網站: https://japanticket.com/prestige/tw/hokkaido/?fbclid=IwY2xjawHOKBpleHRuA2FlbQIxMAABHaGHzkUa9Xrj3SjatXaC9Yb4VFZXJHVNg6UjonFymwRNzb_q9RvBc3yZxA_aem_RLkYjGlaRRosmk8r7xkD4g#utm_source=prestige_tw_fb&utm_medium=social&utm_campaign=hokkaido_tour_tw_fb
2024-12-18 13:07:02 [INFO] Worker 8: 貼文已按過讚，無需重複操作
2024-12-18 13:07:02 [INFO] Worker 8 按讚後隨機停留 3 秒
2024-12-18 13:07:02 [INFO] Worker 3: 正在開啟網站: https://japanticket.com/prestige/tw/hokkaido/?fbclid=IwY2xjawHOKBpleHRuA2FlbQIxMAABHaGHzkUa9Xrj3SjatXaC9Yb4VFZXJHVNg6UjonFymwRNzb_q9RvBc3yZxA_aem_RLkYjGlaRRosmk8r7xkD4g#utm_source=prestige_tw_fb&utm_medium=social&utm_campaign=hokkaido_tour_tw_fb
2024-12-18 13:07:03 [INFO] Worker 6 隨機停留時間: 160 秒
2024-12-18 13:07:04 [INFO] Worker 4: 貼文已按過讚，無需重複操作
2024-12-18 13:07:04 [INFO] Worker 4 按讚後隨機停留 5 秒
2024-12-18 13:07:05 [INFO] Worker 8: 正在開啟網站: https://japanticket.com/prestige/tw/hokkaido/?fbclid=IwY2xjawHOKBpleHRuA2FlbQIxMAABHaGHzkUa9Xrj3SjatXaC9Yb4VFZXJHVNg6UjonFymwRNzb_q9RvBc3yZxA_aem_RLkYjGlaRRosmk8r7xkD4g#utm_source=prestige_tw_fb&utm_medium=social&utm_campaign=hokkaido_tour_tw_fb
2024-12-18 13:07:06 [INFO] Worker 6: 向下滑動: 297 像素，並等待 3.0290012571151013 秒
2024-12-18 13:07:08 [INFO] Worker 5 隨機停留時間: 196 秒
2024-12-18 13:07:08 [INFO] Worker 3 隨機停留時間: 152 秒
2024-12-18 13:07:09 [INFO] Worker 1 隨機停留時間: 141 秒
2024-12-18 13:07:09 [INFO] Worker 4: 正在開啟網站: https://japanticket.com/prestige/tw/hokkaido/?fbclid=IwY2xjawHOKBpleHRuA2FlbQIxMAABHaGHzkUa9Xrj3SjatXaC9Yb4VFZXJHVNg6UjonFymwRNzb_q9RvBc3yZxA_aem_RLkYjGlaRRosmk8r7xkD4g#utm_source=prestige_tw_fb&utm_medium=social&utm_campaign=hokkaido_tour_tw_fb
2024-12-18 13:07:10 [INFO] Worker 7 隨機停留時間: 198 秒
2024-12-18 13:07:11 [INFO] Worker 2 隨機停留時間: 164 秒
2024-12-18 13:07:11 [INFO] Worker 6: 向下滑動: 233 像素，並等待 4.926843161374025 秒
2024-12-18 13:07:12 [INFO] Worker 5: 向下滑動: 221 像素，並等待 4.061955509447355 秒
2024-12-18 13:07:12 [INFO] Worker 1: 向下滑動: 369 像素，並等待 3.1355736562934773 秒
2024-12-18 13:07:12 [INFO] Worker 3: 向下滑動: 245 像素，並等待 4.028007187007491 秒
2024-12-18 13:07:12 [INFO] Worker 8 隨機停留時間: 159 秒
2024-12-18 13:07:14 [INFO] Worker 7: 向下滑動: 237 像素，並等待 3.8718147048078606 秒
2024-12-18 13:07:14 [INFO] Worker 4 隨機停留時間: 199 秒
2024-12-18 13:07:14 [INFO] Worker 2: 向下滑動: 299 像素，並等待 3.4838230392444594 秒
2024-12-18 13:07:15 [INFO] Worker 5: 向下滑動: 302 像素，並等待 3.507431771432108 秒
2024-12-18 13:07:16 [INFO] Worker 6: 向下滑動: 258 像素，並等待 4.3703929516206035 秒
2024-12-18 13:07:16 [INFO] Worker 1: 向下滑動: 271 像素，並等待 3.8005059120124933 秒
2024-12-18 13:07:16 [INFO] Worker 8: 向下滑動: 358 像素，並等待 4.087983889160011 秒
2024-12-18 13:07:17 [INFO] Worker 3: 向下滑動: 291 像素，並等待 4.7687720990576805 秒
2024-12-18 13:07:17 [INFO] Worker 4: 向下滑動: 397 像素，並等待 3.4395033983772736 秒
2024-12-18 13:07:18 [INFO] Worker 7: 向下滑動: 204 像素，並等待 4.359258890966632 秒
2024-12-18 13:07:19 [INFO] Worker 2: 向下滑動: 212 像素，並等待 4.494727596664051 秒
2024-12-18 13:07:20 [INFO] Worker 1: 向下滑動: 214 像素，並等待 4.126639872612835 秒
2024-12-18 13:07:20 [INFO] Worker 3: 向下滑動: 347 像素，並等待 3.23521531767321 秒
2024-12-18 13:07:20 [INFO] Worker 5: 向下滑動: 227 像素，並等待 4.851272407076839 秒
2024-12-18 13:07:20 [INFO] Worker 6: 向下滑動: 225 像素，並等待 4.774474631203425 秒
2024-12-18 13:07:21 [INFO] Worker 8: 向下滑動: 225 像素，並等待 4.577462346024033 秒
2024-12-18 13:07:21 [INFO] Worker 4: 向下滑動: 374 像素，並等待 3.476360487842774 秒
2024-12-18 13:07:21 [INFO] Worker 7: 向下滑動: 249 像素，並等待 3.2652014008447914 秒
2024-12-18 13:07:23 [INFO] Worker 1: 向下滑動: 308 像素，並等待 3.3451967728830283 秒
2024-12-18 13:07:23 [INFO] Worker 3: 向下滑動: 299 像素，並等待 3.4771998509424558 秒
2024-12-18 13:07:24 [INFO] Worker 6: 向下滑動: 376 像素，並等待 3.1476915670710257 秒
2024-12-18 13:07:24 [INFO] Worker 2: 向下滑動: 360 像素，並等待 4.861688115301267 秒
2024-12-18 13:07:24 [INFO] Worker 4: 向下滑動: 279 像素，並等待 3.048231192520998 秒
2024-12-18 13:07:24 [INFO] Worker 5: 向下滑動: 204 像素，並等待 4.236599394074622 秒
2024-12-18 13:07:24 [INFO] Worker 8: 向下滑動: 323 像素，並等待 3.7522382588679855 秒
2024-12-18 13:07:25 [INFO] Worker 7: 向下滑動: 381 像素，並等待 4.336169439045791 秒
2024-12-18 13:07:27 [INFO] Worker 6: 向下滑動: 205 像素，並等待 3.1261357336078515 秒
2024-12-18 13:07:27 [INFO] Worker 2: 向下滑動: 321 像素，並等待 3.193391101233166 秒
2024-12-18 13:07:27 [INFO] Worker 1: 向下滑動: 384 像素，並等待 3.7499973735442445 秒
2024-12-18 13:07:27 [INFO] Worker 3: 向下滑動: 315 像素，並等待 3.5549433423658643 秒
2024-12-18 13:07:27 [INFO] Worker 5: 向下滑動: 289 像素，並等待 3.175532670315569 秒
2024-12-18 13:07:28 [INFO] Worker 4: 向下滑動: 394 像素，並等待 3.9115389036590678 秒
2024-12-18 13:07:29 [INFO] Worker 8: 向下滑動: 367 像素，並等待 4.831414437946904 秒
2024-12-18 13:07:30 [INFO] Worker 7: 向下滑動: 225 像素，並等待 4.3603299344016335 秒
2024-12-18 13:07:30 [INFO] Worker 1: 向下滑動: 388 像素，並等待 3.4922320050294564 秒
2024-12-18 13:07:31 [INFO] Worker 6: 向下滑動: 294 像素，並等待 4.278484429492794 秒
2024-12-18 13:07:31 [INFO] Worker 3: 向下滑動: 352 像素，並等待 3.9570464317726115 秒
2024-12-18 13:07:31 [INFO] Worker 4: 向下滑動: 375 像素，並等待 3.2669214814842933 秒
2024-12-18 13:07:31 [INFO] Worker 2: 向下滑動: 357 像素，並等待 4.58443599759307 秒
2024-12-18 13:07:32 [INFO] Worker 5: 向下滑動: 287 像素，並等待 4.151823061097973 秒
2024-12-18 13:07:33 [INFO] Worker 8: 向下滑動: 241 像素，並等待 3.357890651267166 秒
2024-12-18 13:07:34 [INFO] Worker 7: 向下滑動: 325 像素，並等待 3.8482324902294947 秒
2024-12-18 13:07:34 [INFO] Worker 6: 向下滑動: 302 像素，並等待 3.4436648157568395 秒
2024-12-18 13:07:35 [INFO] Worker 1: 向下滑動: 394 像素，並等待 4.195693579583612 秒
2024-12-18 13:07:35 [INFO] Worker 2: 向下滑動: 378 像素，並等待 3.6766633866803593 秒
2024-12-18 13:07:35 [INFO] Worker 3: 向下滑動: 357 像素，並等待 4.377585313333987 秒
2024-12-18 13:07:35 [INFO] Worker 4: 向下滑動: 250 像素，並等待 4.2480686615130505 秒
2024-12-18 13:07:36 [INFO] Worker 5: 向下滑動: 266 像素，並等待 4.462631019611703 秒
2024-12-18 13:07:36 [INFO] Worker 8: 向下滑動: 264 像素，並等待 3.6666171645671035 秒
2024-12-18 13:07:37 [INFO] Worker 7: 向下滑動: 236 像素，並等待 3.3692336592548493 秒
2024-12-18 13:07:38 [INFO] Worker 1: 向下滑動: 301 像素，並等待 3.2015721561852892 秒
2024-12-18 13:07:39 [INFO] Worker 4: 向下滑動: 216 像素，並等待 3.0719342203055504 秒
2024-12-18 13:07:39 [INFO] Worker 2: 向下滑動: 248 像素，並等待 3.689095570899839 秒
2024-12-18 13:07:39 [INFO] Worker 6: 向下滑動: 206 像素，並等待 4.74925173914361 秒
2024-12-18 13:07:40 [INFO] Worker 8: 向下滑動: 358 像素，並等待 3.4297844637917763 秒
2024-12-18 13:07:40 [INFO] Worker 5: 向下滑動: 364 像素，並等待 4.088722877016556 秒
2024-12-18 13:07:40 [INFO] Worker 3: 向下滑動: 214 像素，並等待 4.88155482699383 秒
2024-12-18 13:07:42 [INFO] Worker 7: 向下滑動: 384 像素，並等待 4.496578638662003 秒
2024-12-18 13:07:42 [INFO] Worker 1: 向下滑動: 302 像素，並等待 4.165788904425886 秒
2024-12-18 13:07:42 [INFO] Worker 6: 向下滑動: 203 像素，並等待 3.0605913237566256 秒
2024-12-18 13:07:43 [INFO] Worker 2: 向下滑動: 303 像素，並等待 4.0720391909035305 秒
2024-12-18 13:07:43 [INFO] Worker 4: 向下滑動: 263 像素，並等待 4.746461165686092 秒
2024-12-18 13:07:43 [INFO] Worker 3: 向下滑動: 278 像素，並等待 3.0948386919590827 秒
2024-12-18 13:07:44 [INFO] Worker 8: 向下滑動: 269 像素，並等待 3.7472186647069154 秒
2024-12-18 13:07:45 [INFO] Worker 5: 向下滑動: 357 像素，並等待 4.730891608696562 秒
2024-12-18 13:07:46 [INFO] Worker 7: 向下滑動: 224 像素，並等待 4.057932076211213 秒
2024-12-18 13:07:46 [INFO] Worker 1: 向下滑動: 304 像素，並等待 4.161621533583471 秒
2024-12-18 13:07:47 [INFO] Worker 2: 向下滑動: 307 像素，並等待 3.8575832472666676 秒
2024-12-18 13:07:47 [INFO] Worker 4: 向下滑動: 250 像素，並等待 3.460177146093602 秒
2024-12-18 13:07:47 [INFO] Worker 3: 向下滑動: 220 像素，並等待 3.470152264400645 秒
2024-12-18 13:07:47 [INFO] Worker 8: 向下滑動: 356 像素，並等待 3.3555910039238808 秒
2024-12-18 13:07:47 [INFO] Worker 6: 向下滑動: 340 像素，並等待 4.687840027685557 秒
2024-12-18 13:07:50 [INFO] Worker 5: 向下滑動: 373 像素，並等待 4.7153890049461396 秒
2024-12-18 13:07:50 [INFO] Worker 7: 向下滑動: 212 像素，並等待 4.44524515436789 秒
2024-12-18 13:07:51 [INFO] Worker 1: 向下滑動: 252 像素，並等待 4.358076650963536 秒
2024-12-18 13:07:51 [INFO] Worker 2: 向下滑動: 346 像素，並等待 3.911722296341239 秒
2024-12-18 13:07:51 [INFO] Worker 8: 向下滑動: 311 像素，並等待 3.778180826106227 秒
2024-12-18 13:07:51 [INFO] Worker 6: 向下滑動: 213 像素，並等待 4.145959741335286 秒
2024-12-18 13:07:51 [INFO] Worker 3: 向下滑動: 385 像素，並等待 4.472588321610933 秒
2024-12-18 13:07:52 [INFO] Worker 4: 向下滑動: 385 像素，並等待 4.763086452421891 秒
2024-12-18 13:07:54 [INFO] Worker 5: 向下滑動: 233 像素，並等待 4.0853249330003125 秒
2024-12-18 13:07:54 [INFO] Worker 8: 向下滑動: 359 像素，並等待 3.2079562445846834 秒
2024-12-18 13:07:54 [INFO] Worker 1: 向下滑動: 382 像素，並等待 3.3775501760174977 秒
2024-12-18 13:07:55 [INFO] Worker 7: 向下滑動: 362 像素，並等待 4.4118728479580644 秒
2024-12-18 13:07:55 [INFO] Worker 2: 向下滑動: 275 像素，並等待 3.9960788793762028 秒
2024-12-18 13:07:55 [INFO] Worker 3: 向下滑動: 341 像素，並等待 3.8822445597399526 秒
2024-12-18 13:07:56 [INFO] Worker 6: 向下滑動: 214 像素，並等待 4.438252219983506 秒
2024-12-18 13:07:56 [INFO] Worker 4: 向下滑動: 387 像素，並等待 4.181496508530537 秒
2024-12-18 13:07:57 [INFO] Worker 8: 向下滑動: 266 像素，並等待 3.1812420271923156 秒
2024-12-18 13:07:58 [INFO] Worker 2: 向下滑動: 257 像素，並等待 3.38720023666763 秒
2024-12-18 13:07:58 [INFO] Worker 1: 向下滑動: 291 像素，並等待 4.368477002702044 秒
2024-12-18 13:07:58 [INFO] Worker 3: 向下滑動: 317 像素，並等待 3.2273335148437448 秒
2024-12-18 13:07:59 [INFO] Worker 7: 向下滑動: 226 像素，並等待 4.118646765468066 秒
2024-12-18 13:07:59 [INFO] Worker 5: 向下滑動: 312 像素，並等待 4.973957482004201 秒
2024-12-18 13:07:59 [INFO] Worker 4: 向下滑動: 259 像素，並等待 3.5880436935644133 秒
2024-12-18 13:08:00 [INFO] Worker 6: 向下滑動: 261 像素，並等待 4.026575570750743 秒
2024-12-18 13:08:01 [INFO] Worker 8: 向下滑動: 318 像素，並等待 4.042625248232378 秒
2024-12-18 13:08:02 [INFO] Worker 3: 向下滑動: 383 像素，並等待 3.5468380983986973 秒
2024-12-18 13:08:02 [INFO] Worker 7: 向下滑動: 394 像素，並等待 3.6454690984897056 秒
2024-12-18 13:08:03 [INFO] Worker 6: 向下滑動: 358 像素，並等待 3.136774321959522 秒
2024-12-18 13:08:03 [INFO] Worker 4: 向下滑動: 297 像素，並等待 3.64787276123733 秒
2024-12-18 13:08:03 [INFO] Worker 2: 向下滑動: 262 像素，並等待 4.95598692377647 秒
2024-12-18 13:08:03 [INFO] Worker 1: 向下滑動: 205 像素，並等待 4.714902027084205 秒
2024-12-18 13:08:04 [INFO] Worker 5: 向下滑動: 213 像素，並等待 4.89108646551647 秒
2024-12-18 13:08:05 [INFO] Worker 8: 向下滑動: 301 像素，並等待 3.723947636767181 秒
2024-12-18 13:08:06 [INFO] Worker 3: 向下滑動: 221 像素，並等待 4.228694113764373 秒
2024-12-18 13:08:07 [INFO] Worker 7: 向下滑動: 244 像素，並等待 4.171640560678444 秒
2024-12-18 13:08:07 [INFO] Worker 1: 向下滑動: 326 像素，並等待 3.9781711841607907 秒
2024-12-18 13:08:07 [INFO] Worker 6: 向下滑動: 377 像素，並等待 4.3817166163183465 秒
2024-12-18 13:08:07 [INFO] Worker 4: 向下滑動: 304 像素，並等待 4.273974613896586 秒
2024-12-18 13:08:08 [INFO] Worker 2: 向下滑動: 256 像素，並等待 4.712811179858996 秒
2024-12-18 13:08:08 [INFO] Worker 5: 向下滑動: 301 像素，並等待 4.134993513071376 秒
2024-12-18 13:08:08 [INFO] Worker 8: 向下滑動: 289 像素，並等待 3.3857870542674604 秒
2024-12-18 13:08:10 [INFO] Worker 7: 向下滑動: 343 像素，並等待 3.0133372340191973 秒
2024-12-18 13:08:10 [INFO] Worker 6: 向下滑動: 323 像素，並等待 3.1720839693825322 秒
2024-12-18 13:08:11 [INFO] Worker 3: 向下滑動: 202 像素，並等待 4.41042818637423 秒
2024-12-18 13:08:11 [INFO] Worker 1: 向下滑動: 379 像素，並等待 4.1599950881252425 秒
2024-12-18 13:08:12 [INFO] Worker 5: 向下滑動: 368 像素，並等待 4.175091416818635 秒
2024-12-18 13:08:12 [INFO] Worker 4: 向下滑動: 328 像素，並等待 4.753940903150226 秒
2024-12-18 13:08:13 [INFO] Worker 2: 向下滑動: 239 像素，並等待 4.991973256509512 秒
2024-12-18 13:08:13 [INFO] Worker 8: 向下滑動: 215 像素，並等待 4.763511920555582 秒
2024-12-18 13:08:13 [INFO] Worker 7: 向下滑動: 262 像素，並等待 3.744168295271352 秒
2024-12-18 13:08:13 [INFO] Worker 6: 向下滑動: 310 像素，並等待 3.046890392270841 秒
2024-12-18 13:08:14 [INFO] Worker 3: 向下滑動: 214 像素，並等待 3.71379915984454 秒
2024-12-18 13:08:15 [INFO] Worker 4: 向下滑動: 354 像素，並等待 3.041278110290491 秒
2024-12-18 13:08:16 [INFO] Worker 1: 向下滑動: 287 像素，並等待 4.65388259324525 秒
2024-12-18 13:08:16 [INFO] Worker 5: 向下滑動: 244 像素，並等待 3.982102759416488 秒
2024-12-18 13:08:16 [INFO] Worker 8: 向下滑動: 255 像素，並等待 3.4185539475559814 秒
2024-12-18 13:08:17 [INFO] Worker 6: 向下滑動: 361 像素，並等待 3.1820482894649977 秒
2024-12-18 13:08:17 [INFO] Worker 7: 向下滑動: 339 像素，並等待 3.725676274368637 秒
2024-12-18 13:08:17 [INFO] Worker 2: 向下滑動: 319 像素，並等待 4.35395683603371 秒
2024-12-18 13:08:19 [INFO] Worker 4: 向下滑動: 280 像素，並等待 3.4709713149862127 秒
2024-12-18 13:08:19 [INFO] Worker 5: 向下滑動: 387 像素，並等待 3.00270143079364 秒
2024-12-18 13:08:19 [INFO] Worker 3: 向下滑動: 274 像素，並等待 4.735844874115265 秒
2024-12-18 13:08:19 [INFO] Worker 1: 向下滑動: 380 像素，並等待 3.34940323804679 秒
2024-12-18 13:08:21 [INFO] Worker 8: 向下滑動: 381 像素，並等待 4.286477647385077 秒
2024-12-18 13:08:21 [INFO] Worker 6: 向下滑動: 213 像素，並等待 4.362572461769774 秒
2024-12-18 13:08:21 [INFO] Worker 2: 向下滑動: 358 像素，並等待 3.9555875273389134 秒
2024-12-18 13:08:22 [INFO] Worker 7: 向下滑動: 320 像素，並等待 4.966265167837162 秒
2024-12-18 13:08:22 [INFO] Worker 4: 向下滑動: 392 像素，並等待 3.8894187340358046 秒
2024-12-18 13:08:23 [INFO] Worker 5: 向下滑動: 356 像素，並等待 3.789025613401678 秒
2024-12-18 13:08:24 [INFO] Worker 3: 向下滑動: 270 像素，並等待 4.721150347795424 秒
2024-12-18 13:08:24 [INFO] Worker 1: 向下滑動: 262 像素，並等待 4.692514926884524 秒
2024-12-18 13:08:25 [INFO] Worker 8: 向下滑動: 342 像素，並等待 3.840293792862368 秒
2024-12-18 13:08:25 [INFO] Worker 6: 向下滑動: 220 像素，並等待 4.554395005938569 秒
2024-12-18 13:08:26 [INFO] Worker 2: 向下滑動: 383 像素，並等待 4.973085551237116 秒
2024-12-18 13:08:27 [INFO] Worker 5: 向下滑動: 290 像素，並等待 3.9526636726451176 秒
2024-12-18 13:08:27 [INFO] Worker 4: 向下滑動: 222 像素，並等待 4.445098856153484 秒
2024-12-18 13:08:27 [INFO] Worker 7: 向下滑動: 373 像素，並等待 4.905909495110044 秒
2024-12-18 13:08:28 [INFO] Worker 1: 向下滑動: 393 像素，並等待 3.6852718727832805 秒
2024-12-18 13:08:28 [INFO] Worker 8: 向下滑動: 236 像素，並等待 3.5660056725222207 秒
2024-12-18 13:08:28 [INFO] Worker 3: 向下滑動: 387 像素，並等待 4.3808000612272515 秒
2024-12-18 13:08:29 [INFO] Worker 2: 向下滑動: 264 像素，並等待 3.113857637759744 秒
2024-12-18 13:08:30 [INFO] Worker 6: 向下滑動: 322 像素，並等待 4.059021065485892 秒
2024-12-18 13:08:31 [INFO] Worker 5: 向下滑動: 369 像素，並等待 4.318341450907266 秒
2024-12-18 13:08:31 [INFO] Worker 7: 向下滑動: 303 像素，並等待 4.220331342435832 秒
2024-12-18 13:08:32 [INFO] Worker 4: 向下滑動: 301 像素，並等待 4.8321589028320675 秒
2024-12-18 13:08:32 [INFO] Worker 8: 向下滑動: 375 像素，並等待 4.00439710320199 秒
2024-12-18 13:08:32 [INFO] Worker 2: 向下滑動: 364 像素，並等待 3.06622310185229 秒
2024-12-18 13:08:33 [INFO] Worker 1: 向下滑動: 294 像素，並等待 4.822706637489382 秒
2024-12-18 13:08:33 [INFO] Worker 3: 向下滑動: 381 像素，並等待 4.625845806854507 秒
2024-12-18 13:08:33 [INFO] Worker 6: 向下滑動: 332 像素，並等待 3.7295416052543806 秒
2024-12-18 13:08:34 [INFO] Worker 5: 向下滑動: 240 像素，並等待 3.133884660445583 秒
2024-12-18 13:08:35 [INFO] Worker 7: 向下滑動: 364 像素，並等待 4.1220925632519405 秒
2024-12-18 13:08:36 [INFO] Worker 2: 向下滑動: 392 像素，並等待 3.3270887744707602 秒
2024-12-18 13:08:36 [INFO] Worker 4: 向下滑動: 295 像素，並等待 4.168448130829085 秒
2024-12-18 13:08:37 [INFO] Worker 1: 向下滑動: 391 像素，並等待 4.014946925563737 秒
2024-12-18 13:08:37 [INFO] Worker 8: 向下滑動: 378 像素，並等待 4.474993393704368 秒
2024-12-18 13:08:37 [INFO] Worker 3: 向下滑動: 237 像素，並等待 4.456525239731423 秒
2024-12-18 13:08:38 [INFO] Worker 6: 向下滑動: 292 像素，並等待 4.219447000397402 秒
2024-12-18 13:08:38 [INFO] Worker 5: 向下滑動: 211 像素，並等待 4.041062229439024 秒
2024-12-18 13:08:39 [INFO] Worker 7: 向下滑動: 316 像素，並等待 3.5201299642721455 秒
2024-12-18 13:08:39 [INFO] Worker 4: 向下滑動: 294 像素，並等待 3.4029713285757355 秒
2024-12-18 13:08:40 [INFO] Worker 1: 向下滑動: 216 像素，並等待 3.5336059122438623 秒
2024-12-18 13:08:40 [INFO] Worker 2: 向下滑動: 323 像素，並等待 4.633710751560779 秒
2024-12-18 13:08:41 [INFO] Worker 8: 向下滑動: 333 像素，並等待 4.020166300367915 秒
2024-12-18 13:08:41 [INFO] Worker 3: 向下滑動: 267 像素，並等待 3.3771001839402643 秒
2024-12-18 13:08:41 [INFO] Worker 6: 向下滑動: 387 像素，並等待 3.3475583249136625 秒
2024-12-18 13:08:42 [INFO] Worker 5: 向下滑動: 366 像素，並等待 3.3055966940754034 秒
2024-12-18 13:08:43 [INFO] Worker 1: 向下滑動: 217 像素，並等待 3.090840375350466 秒
2024-12-18 13:08:43 [INFO] Worker 2: 向下滑動: 274 像素，並等待 3.0043890401112927 秒
2024-12-18 13:08:43 [INFO] Worker 4: 向下滑動: 222 像素，並等待 4.091644322766014 秒
2024-12-18 13:08:44 [INFO] Worker 7: 向下滑動: 359 像素，並等待 4.791137255511968 秒
2024-12-18 13:08:44 [INFO] Worker 6: 向下滑動: 376 像素，並等待 3.1888353599846275 秒
2024-12-18 13:08:45 [INFO] Worker 8: 向下滑動: 217 像素，並等待 4.0782803779979915 秒
2024-12-18 13:08:45 [INFO] Worker 3: 向下滑動: 389 像素，並等待 4.459707530687002 秒
2024-12-18 13:08:46 [INFO] Worker 5: 向下滑動: 379 像素，並等待 3.923325592497423 秒
2024-12-18 13:08:47 [INFO] Worker 7: 向下滑動: 309 像素，並等待 3.11114930782145 秒
2024-12-18 13:08:47 [INFO] Worker 2: 向下滑動: 264 像素，並等待 3.7673354379841686 秒
2024-12-18 13:08:47 [INFO] Worker 1: 向下滑動: 301 像素，並等待 4.178205667119938 秒
2024-12-18 13:08:47 [INFO] Worker 6: 向下滑動: 342 像素，並等待 3.3109824317085055 秒
2024-12-18 13:08:48 [INFO] Worker 4: 向下滑動: 324 像素，並等待 4.320794972481888 秒
2024-12-18 13:08:48 [INFO] Worker 8: 向下滑動: 368 像素，並等待 3.1062096011945837 秒
2024-12-18 13:08:50 [INFO] Worker 5: 向下滑動: 291 像素，並等待 4.232680234366911 秒
2024-12-18 13:08:50 [INFO] Worker 3: 向下滑動: 258 像素，並等待 4.888696329145867 秒
2024-12-18 13:08:51 [INFO] Worker 1: 向下滑動: 271 像素，並等待 3.238169866314836 秒
2024-12-18 13:08:51 [INFO] Worker 7: 向下滑動: 282 像素，並等待 3.9014928931803348 秒
2024-12-18 13:08:52 [INFO] Worker 6: 向下滑動: 220 像素，並等待 4.106204199772802 秒
2024-12-18 13:08:52 [INFO] Worker 2: 向下滑動: 320 像素，並等待 4.4943766424929485 秒
2024-12-18 13:08:52 [INFO] Worker 4: 向下滑動: 299 像素，並等待 4.020561860481587 秒
2024-12-18 13:08:52 [INFO] Worker 8: 向下滑動: 356 像素，並等待 4.073857423762396 秒
2024-12-18 13:08:53 [INFO] Worker 5: 向下滑動: 282 像素，並等待 3.0405274077177653 秒
2024-12-18 13:08:54 [INFO] Worker 3: 向下滑動: 306 像素，並等待 3.789814641399288 秒
2024-12-18 13:08:55 [INFO] Worker 6: 向下滑動: 245 像素，並等待 3.309020762621007 秒
2024-12-18 13:08:55 [INFO] Worker 2: 向下滑動: 261 像素，並等待 3.365314042008261 秒
2024-12-18 13:08:55 [INFO] Worker 1: 向下滑動: 371 像素，並等待 4.834929449297674 秒
2024-12-18 13:08:55 [INFO] Worker 4: 向下滑動: 362 像素，並等待 3.6560264401139357 秒
2024-12-18 13:08:55 [INFO] Worker 7: 向下滑動: 207 像素，並等待 4.848723632316853 秒
2024-12-18 13:08:56 [INFO] Worker 8: 向下滑動: 363 像素，並等待 3.6510064887047577 秒
2024-12-18 13:08:57 [INFO] Worker 5: 向下滑動: 367 像素，並等待 4.4707034083961865 秒
2024-12-18 13:08:58 [INFO] Worker 2: 向下滑動: 351 像素，並等待 3.2821564492544164 秒
2024-12-18 13:08:58 [INFO] Worker 3: 向下滑動: 221 像素，並等待 4.277508231052661 秒
2024-12-18 13:08:59 [INFO] Worker 8: 向下滑動: 320 像素，並等待 3.444829632834419 秒
2024-12-18 13:08:59 [INFO] Worker 1: 向下滑動: 341 像素，並等待 3.9126814840763844 秒
2024-12-18 13:08:59 [INFO] Worker 6: 向下滑動: 349 像素，並等待 4.549179706690382 秒
2024-12-18 13:09:00 [INFO] Worker 4: 向下滑動: 371 像素，並等待 4.164399638904024 秒
2024-12-18 13:09:00 [INFO] Worker 7: 向下滑動: 371 像素，並等待 4.742755611109729 秒
2024-12-18 13:09:01 [INFO] Worker 2: 向下滑動: 337 像素，並等待 3.023988382349918 秒
2024-12-18 13:09:02 [INFO] Worker 5: 向下滑動: 361 像素，並等待 4.996103875270846 秒
2024-12-18 13:09:03 [INFO] Worker 3: 向下滑動: 288 像素，並等待 4.755061797508612 秒
2024-12-18 13:09:03 [INFO] Worker 8: 向下滑動: 213 像素，並等待 4.0454798478667495 秒
2024-12-18 13:09:03 [INFO] Worker 6: 向下滑動: 217 像素，並等待 4.06724312676787 秒
2024-12-18 13:09:04 [INFO] Worker 7: 向下滑動: 331 像素，並等待 3.429288259378957 秒
2024-12-18 13:09:04 [INFO] Worker 1: 向下滑動: 350 像素，並等待 4.97534732035901 秒
2024-12-18 13:09:04 [INFO] Worker 4: 向下滑動: 378 像素，並等待 4.842144221109991 秒
2024-12-18 13:09:06 [INFO] Worker 2: 向下滑動: 355 像素，並等待 4.753553036549825 秒
2024-12-18 13:09:06 [INFO] Worker 8: 向下滑動: 284 像素，並等待 3.0014308077805105 秒
2024-12-18 13:09:07 [INFO] Worker 5: 向下滑動: 228 像素，並等待 4.2387881225100905 秒
2024-12-18 13:09:07 [INFO] Worker 3: 向下滑動: 247 像素，並等待 3.924721971806868 秒
2024-12-18 13:09:07 [INFO] Worker 7: 向下滑動: 341 像素，並等待 3.407714653187682 秒
2024-12-18 13:09:08 [INFO] Worker 6: 向下滑動: 355 像素，並等待 4.2469305014105485 秒
2024-12-18 13:09:09 [INFO] Worker 4: 向下滑動: 371 像素，並等待 4.069078823608052 秒
2024-12-18 13:09:09 [INFO] Worker 1: 向下滑動: 341 像素，並等待 4.250164270305914 秒
2024-12-18 13:09:10 [INFO] Worker 5: 向下滑動: 317 像素，並等待 3.6845534365643147 秒
2024-12-18 13:09:10 [INFO] Worker 8: 向下滑動: 241 像素，並等待 4.227136418903983 秒
2024-12-18 13:09:11 [INFO] Worker 3: 向下滑動: 355 像素，並等待 3.613627739630635 秒
2024-12-18 13:09:11 [INFO] Worker 2: 向下滑動: 322 像素，並等待 4.82041899545006 秒
2024-12-18 13:09:11 [INFO] Worker 7: 向下滑動: 350 像素，並等待 3.8321541360628304 秒
2024-12-18 13:09:12 [INFO] Worker 6: 向下滑動: 230 像素，並等待 3.894068958431663 秒
2024-12-18 13:09:12 [INFO] Worker 1: 向下滑動: 230 像素，並等待 3.1513462950539557 秒
2024-12-18 13:09:12 [INFO] Worker 4: 向下滑動: 259 像素，並等待 3.740258920822636 秒
2024-12-18 13:09:14 [INFO] Worker 7: 向下滑動: 355 像素，並等待 3.123000230306025 秒
2024-12-18 13:09:14 [INFO] Worker 5: 向下滑動: 245 像素，並等待 4.04266293252656 秒
2024-12-18 13:09:14 [INFO] Worker 3: 向下滑動: 297 像素，並等待 3.930929304792964 秒
2024-12-18 13:09:15 [INFO] Worker 8: 向下滑動: 243 像素，並等待 4.103025154943196 秒
2024-12-18 13:09:15 [INFO] Worker 6: 向下滑動: 347 像素，並等待 3.5078517423215194 秒
2024-12-18 13:09:15 [INFO] Worker 2: 向下滑動: 321 像素，並等待 4.460279682664365 秒
2024-12-18 13:09:16 [INFO] Worker 1: 向下滑動: 249 像素，並等待 3.956844664666377 秒
2024-12-18 13:09:17 [INFO] Worker 4: 向下滑動: 285 像素，並等待 4.784481251201234 秒
2024-12-18 13:09:18 [INFO] Worker 5: 向下滑動: 380 像素，並等待 3.5622075619824507 秒
2024-12-18 13:09:19 [INFO] Worker 3: 向下滑動: 397 像素，並等待 4.423273035354353 秒
2024-12-18 13:09:19 [INFO] Worker 7: 向下滑動: 270 像素，並等待 4.85405731156816 秒
2024-12-18 13:09:19 [INFO] Worker 2: 向下滑動: 281 像素，並等待 3.705379067029588 秒
2024-12-18 13:09:19 [INFO] Worker 8: 向下滑動: 242 像素，並等待 4.423152199565365 秒
2024-12-18 13:09:19 [INFO] Worker 6: 向下滑動: 321 像素，並等待 4.126954476618076 秒
2024-12-18 13:09:20 [INFO] Worker 1: 向下滑動: 319 像素，並等待 3.9530720094833303 秒
2024-12-18 13:09:22 [INFO] Worker 5: 向下滑動: 286 像素，並等待 3.883718171161636 秒
2024-12-18 13:09:22 [INFO] Worker 4: 向下滑動: 200 像素，並等待 4.786132630800203 秒
2024-12-18 13:09:22 [INFO] Worker 7: 向下滑動: 339 像素，並等待 3.2380615337936707 秒
2024-12-18 13:09:23 [INFO] Worker 2: 向下滑動: 337 像素，並等待 4.018165787216866 秒
2024-12-18 13:09:23 [INFO] Worker 3: 向下滑動: 278 像素，並等待 4.320604161192111 秒
2024-12-18 13:09:24 [INFO] Worker 8: 向下滑動: 242 像素，並等待 4.5857129146800295 秒
2024-12-18 13:09:24 [INFO] Worker 6: 向下滑動: 206 像素，並等待 4.4586228211844325 秒
2024-12-18 13:09:24 [INFO] Worker 1: 向下滑動: 310 像素，並等待 4.227687631506434 秒
2024-12-18 13:09:26 [INFO] Worker 7: 向下滑動: 321 像素，並等待 3.6525155212325346 秒
2024-12-18 13:09:26 [INFO] Worker 5: 向下滑動: 275 像素，並等待 4.316358731704923 秒
2024-12-18 13:09:27 [INFO] Worker 4: 向下滑動: 357 像素，並等待 4.667958763593746 秒
2024-12-18 13:09:27 [INFO] Worker 3: 向下滑動: 379 像素，並等待 3.8915772822419705 秒
2024-12-18 13:09:28 [INFO] Worker 2: 向下滑動: 304 像素，並等待 4.477688454335588 秒
2024-12-18 13:09:28 [INFO] Worker 8: 向下滑動: 306 像素，並等待 4.117292291047362 秒
2024-12-18 13:09:28 [INFO] Worker 6: 向下滑動: 394 像素，並等待 4.623274010936068 秒
2024-12-18 13:09:29 [INFO] Worker 1: 向下滑動: 267 像素，並等待 4.902949738827626 秒
2024-12-18 13:09:30 [INFO] Worker 7: 向下滑動: 295 像素，並等待 4.052145694130099 秒
2024-12-18 13:09:31 [INFO] Worker 2: 向下滑動: 339 像素，並等待 3.1105649658684156 秒
2024-12-18 13:09:31 [INFO] Worker 5: 向下滑動: 214 像素，並等待 4.672737712972392 秒
2024-12-18 13:09:31 [INFO] Worker 4: 向下滑動: 385 像素，並等待 4.691324473629727 秒
2024-12-18 13:09:31 [INFO] Worker 3: 向下滑動: 219 像素，並等待 4.2706497926716525 秒
2024-12-18 13:09:32 [INFO] Worker 8: 向下滑動: 341 像素，並等待 4.405258652859181 秒
2024-12-18 13:09:33 [INFO] Worker 1: 向下滑動: 236 像素，並等待 3.9500346302359386 秒
2024-12-18 13:09:33 [INFO] Worker 6: 向下滑動: 369 像素，並等待 4.3992392090046915 秒
2024-12-18 13:09:34 [INFO] Worker 5: 向下滑動: 349 像素，並等待 3.5049780343177153 秒
2024-12-18 13:09:34 [INFO] Worker 7: 向下滑動: 247 像素，並等待 4.585367610078608 秒
2024-12-18 13:09:35 [INFO] Worker 4: 向下滑動: 378 像素，並等待 3.5523687101945844 秒
2024-12-18 13:09:36 [INFO] Worker 2: 向下滑動: 365 像素，並等待 4.931915117296597 秒
2024-12-18 13:09:36 [INFO] Worker 1: 帳號 66634899161 的任務已結束
2024-12-18 13:09:36 [INFO] Worker 9: 開始處理帳號 66991704166
2024-12-18 13:09:36 [INFO] Worker 6: 向下滑動: 200 像素，並等待 3.503155041108984 秒
2024-12-18 13:09:36 [INFO] Worker 3: 向下滑動: 205 像素，並等待 4.995440605955534 秒
2024-12-18 13:09:37 [INFO] Worker 8: 向下滑動: 252 像素，並等待 4.803577627004801 秒
2024-12-18 13:09:38 [INFO] Worker 5: 向下滑動: 244 像素，並等待 3.7393603336853998 秒
2024-12-18 13:09:38 [INFO] Worker 7: 向下滑動: 265 像素，並等待 3.8751364255463447 秒
2024-12-18 13:09:39 [INFO] Worker 4: 向下滑動: 364 像素，並等待 3.838915520106074 秒
2024-12-18 13:09:39 [INFO] Worker 2: 向下滑動: 276 像素，並等待 3.184427588134219 秒
2024-12-18 13:09:40 [INFO] Worker 6: 向下滑動: 209 像素，並等待 3.426166964749168 秒
2024-12-18 13:09:41 [INFO] Worker 3: 向下滑動: 237 像素，並等待 4.079365077575492 秒
2024-12-18 13:09:41 [INFO] Worker 8: 向下滑動: 383 像素，並等待 3.581645629893832 秒
2024-12-18 13:09:42 [INFO] Worker 4: 向下滑動: 390 像素，並等待 3.3635482465222823 秒
2024-12-18 13:09:43 [INFO] Worker 5: 向下滑動: 250 像素，並等待 4.914234718893731 秒
2024-12-18 13:09:43 [INFO] Worker 7: 向下滑動: 278 像素，並等待 4.582913222787797 秒
2024-12-18 13:09:43 [INFO] Worker 2: 向下滑動: 295 像素，並等待 4.210670062298915 秒
2024-12-18 13:09:43 [INFO] Worker 6: 向下滑動: 212 像素，並等待 3.4239512075774137 秒
2024-12-18 13:09:43 [INFO] Worker 3: 帳號 66634899161 的任務已結束
2024-12-18 13:09:43 [INFO] Worker 10: 開始處理帳號 66646155782
2024-12-18 13:09:44 [INFO] Worker 9: 代理 kamoney03.ddns.net:24009 設置成功
2024-12-18 13:09:45 [INFO] Worker 8: 向下滑動: 244 像素，並等待 4.452159075742126 秒
2024-12-18 13:09:45 [INFO] Worker 9: Cookies 已加載成功: cookies\66991704166_cookies.json
2024-12-18 13:09:46 [INFO] Worker 6: 瀏覽器已關閉，任務已完成
2024-12-18 13:09:46 [INFO] Worker 6: 帳號 66935324825 的任務已結束
2024-12-18 13:09:46 [INFO] Worker 11: 開始處理帳號 66643407753
2024-12-18 13:09:46 [INFO] Worker 4: 向下滑動: 306 像素，並等待 4.165286287540637 秒
2024-12-18 13:09:48 [INFO] Worker 2: 向下滑動: 376 像素，並等待 4.734707595090395 秒
2024-12-18 13:09:48 [INFO] Worker 5: 向下滑動: 288 像素，並等待 4.804872177960976 秒
2024-12-18 13:09:48 [INFO] Worker 7: 向下滑動: 296 像素，並等待 4.78370676555419 秒
2024-12-18 13:09:49 [INFO] Worker 8: 向下滑動: 201 像素，並等待 3.906699247853708 秒
2024-12-18 13:09:50 [INFO] Worker 9: 帳號 66991704166 使用 cookies 成功登入
2024-12-18 13:09:50 [INFO] Worker 9: 登錄成功，開始處理帳號 66991704166 的操作...
2024-12-18 13:09:50 [INFO] Worker 9: 開始跳轉操作...
2024-12-18 13:09:50 [INFO] Worker 9: 正在開啟貼文: https://www.facebook.com/share/18QgQ2Y2dz/
2024-12-18 13:09:50 [INFO] Worker 4: 向下滑動: 299 像素，並等待 4.132574105770172 秒
2024-12-18 13:09:51 [INFO] Worker 10: 代理 kamoney03.ddns.net:24010 設置成功
2024-12-18 13:09:51 [INFO] Worker 2: 向下滑動: 339 像素，並等待 3.594271192921179 秒
2024-12-18 13:09:52 [INFO] Worker 7: 向下滑動: 259 像素，並等待 4.48615580245105 秒
2024-12-18 13:09:53 [INFO] Worker 5: 向下滑動: 321 像素，並等待 4.80114904922745 秒
2024-12-18 13:09:53 [INFO] Worker 10: Cookies 已加載成功: cookies\66646155782_cookies.json
2024-12-18 13:09:53 [INFO] Worker 9 隨機停留 7 秒
2024-12-18 13:09:54 [INFO] Worker 4: 向下滑動: 317 像素，並等待 3.1570702992454462 秒
2024-12-18 13:09:54 [INFO] Worker 8: 向下滑動: 256 像素，並等待 4.91436942135298 秒
2024-12-18 13:09:55 [INFO] Worker 11: 代理 kamoney03.ddns.net:24011 設置成功
2024-12-18 13:09:56 [INFO] Worker 2: 向下滑動: 269 像素，並等待 4.2896839431006235 秒
2024-12-18 13:09:56 [INFO] Worker 10: 帳號 66646155782 使用 cookies 成功登入
2024-12-18 13:09:56 [INFO] Worker 10: 登錄成功，開始處理帳號 66646155782 的操作...
2024-12-18 13:09:56 [INFO] Worker 10: 開始跳轉操作...
2024-12-18 13:09:56 [INFO] Worker 10: 正在開啟貼文: https://www.facebook.com/share/18QgQ2Y2dz/
2024-12-18 13:09:56 [INFO] Worker 5: 向下滑動: 263 像素，並等待 3.2591602725456745 秒
2024-12-18 13:09:57 [INFO] Worker 11: Cookies 已加載成功: cookies\66643407753_cookies.json
2024-12-18 13:09:57 [INFO] Worker 4: 向下滑動: 398 像素，並等待 3.2263482707738538 秒
2024-12-18 13:09:57 [INFO] Worker 7: 向下滑動: 238 像素，並等待 4.784818982051174 秒
2024-12-18 13:09:57 [INFO] Worker 8: 帳號 66823237283 的任務已結束
2024-12-18 13:09:57 [INFO] Worker 12: 開始處理帳號 66954958462
2024-12-18 13:09:59 [INFO] Worker 2: 帳號 66637943259 的任務已結束
2024-12-18 13:09:59 [INFO] Worker 13: 開始處理帳號 66804035563
2024-12-18 13:09:59 [INFO] Worker 5: 向下滑動: 338 像素，並等待 3.6298554702930437 秒
2024-12-18 13:10:00 [INFO] Worker 10 隨機停留 8 秒
2024-12-18 13:10:00 [INFO] Worker 11: 帳號 66643407753 使用 cookies 成功登入
2024-12-18 13:10:00 [INFO] Worker 11: 登錄成功，開始處理帳號 66643407753 的操作...
2024-12-18 13:10:00 [INFO] Worker 11: 開始跳轉操作...
2024-12-18 13:10:00 [INFO] Worker 11: 正在開啟貼文: https://www.facebook.com/share/18QgQ2Y2dz/
2024-12-18 13:10:00 [INFO] Worker 9: 貼文已按過讚，無需重複操作
2024-12-18 13:10:00 [INFO] Worker 9 按讚後隨機停留 3 秒
2024-12-18 13:10:01 [INFO] Worker 4: 向下滑動: 395 像素，並等待 3.9150873404243427 秒
2024-12-18 13:10:02 [INFO] Worker 7: 向下滑動: 253 像素，並等待 4.95896365430201 秒
2024-12-18 13:10:03 [INFO] Worker 5: 向下滑動: 319 像素，並等待 3.902246028503587 秒
2024-12-18 13:10:03 [INFO] Worker 9: 正在開啟網站: https://japanticket.com/prestige/tw/hokkaido/?fbclid=IwY2xjawHOKBpleHRuA2FlbQIxMAABHaGHzkUa9Xrj3SjatXaC9Yb4VFZXJHVNg6UjonFymwRNzb_q9RvBc3yZxA_aem_RLkYjGlaRRosmk8r7xkD4g#utm_source=prestige_tw_fb&utm_medium=social&utm_campaign=hokkaido_tour_tw_fb
2024-12-18 13:10:04 [INFO] Worker 11 隨機停留 8 秒
2024-12-18 13:10:04 [INFO] Worker 4: 向下滑動: 230 像素，並等待 3.4008888039435727 秒
2024-12-18 13:10:06 [INFO] Worker 7: 向下滑動: 206 像素，並等待 3.4880866551230842 秒
2024-12-18 13:10:07 [INFO] Worker 5: 向下滑動: 324 像素，並等待 3.328236518365988 秒
2024-12-18 13:10:08 [INFO] Worker 10: 貼文已按過讚，無需重複操作
2024-12-18 13:10:08 [INFO] Worker 10 按讚後隨機停留 4 秒
2024-12-18 13:10:08 [INFO] Worker 4: 向下滑動: 207 像素，並等待 4.276913349047177 秒
2024-12-18 13:10:09 [INFO] Worker 9 隨機停留時間: 149 秒
2024-12-18 13:10:09 [INFO] Worker 7: 向下滑動: 388 像素，並等待 3.4142607268133442 秒
2024-12-18 13:10:10 [INFO] Worker 12: 代理 kamoney03.ddns.net:24012 設置成功
2024-12-18 13:10:11 [INFO] Worker 13: 代理 kamoney03.ddns.net:24013 設置成功
2024-12-18 13:10:11 [INFO] Worker 12: Cookies 已加載成功: cookies\66954958462_cookies.json
2024-12-18 13:10:11 [INFO] Worker 5: 向下滑動: 241 像素，並等待 4.452754682832659 秒
2024-12-18 13:10:12 [INFO] Worker 4: 向下滑動: 268 像素，並等待 3.431702194355111 秒
2024-12-18 13:10:12 [INFO] Worker 11: 貼文已按過讚，無需重複操作
2024-12-18 13:10:12 [INFO] Worker 11 按讚後隨機停留 4 秒
2024-12-18 13:10:12 [INFO] Worker 10: 正在開啟網站: https://japanticket.com/prestige/tw/hokkaido/?fbclid=IwY2xjawHOKBpleHRuA2FlbQIxMAABHaGHzkUa9Xrj3SjatXaC9Yb4VFZXJHVNg6UjonFymwRNzb_q9RvBc3yZxA_aem_RLkYjGlaRRosmk8r7xkD4g#utm_source=prestige_tw_fb&utm_medium=social&utm_campaign=hokkaido_tour_tw_fb
2024-12-18 13:10:13 [INFO] Worker 13: Cookies 已加載成功: cookies\66804035563_cookies.json
2024-12-18 13:10:14 [INFO] Worker 7: 向下滑動: 279 像素，並等待 4.708105736424564 秒
2024-12-18 13:10:14 [INFO] Worker 9: 向下滑動: 212 像素，並等待 4.809842668222033 秒
2024-12-18 13:10:15 [INFO] Worker 12: 帳號 66954958462 使用 cookies 成功登入
2024-12-18 13:10:15 [INFO] Worker 12: 登錄成功，開始處理帳號 66954958462 的操作...
2024-12-18 13:10:15 [INFO] Worker 12: 開始跳轉操作...
2024-12-18 13:10:15 [INFO] Worker 12: 正在開啟貼文: https://www.facebook.com/share/18QgQ2Y2dz/
2024-12-18 13:10:15 [INFO] Worker 5: 向下滑動: 282 像素，並等待 3.7534913678639925 秒
2024-12-18 13:10:15 [INFO] Worker 4: 向下滑動: 257 像素，並等待 3.455438344862709 秒
2024-12-18 13:10:16 [INFO] Worker 13: 帳號 66804035563 使用 cookies 成功登入
2024-12-18 13:10:16 [INFO] Worker 13: 登錄成功，開始處理帳號 66804035563 的操作...
2024-12-18 13:10:16 [INFO] Worker 13: 開始跳轉操作...
2024-12-18 13:10:16 [INFO] Worker 13: 正在開啟貼文: https://www.facebook.com/share/18QgQ2Y2dz/
2024-12-18 13:10:16 [INFO] Worker 11: 正在開啟網站: https://japanticket.com/prestige/tw/hokkaido/?fbclid=IwY2xjawHOKBpleHRuA2FlbQIxMAABHaGHzkUa9Xrj3SjatXaC9Yb4VFZXJHVNg6UjonFymwRNzb_q9RvBc3yZxA_aem_RLkYjGlaRRosmk8r7xkD4g#utm_source=prestige_tw_fb&utm_medium=social&utm_campaign=hokkaido_tour_tw_fb
2024-12-18 13:10:17 [INFO] Worker 9: 向下滑動: 281 像素，並等待 3.5192208221769916 秒
2024-12-18 13:10:18 [INFO] Worker 10 隨機停留時間: 178 秒
2024-12-18 13:10:18 [INFO] Worker 7: 向下滑動: 247 像素，並等待 4.086170151314364 秒
2024-12-18 13:10:20 [INFO] Worker 4: 向下滑動: 391 像素，並等待 4.117537605981868 秒
2024-12-18 13:10:20 [INFO] Worker 5: 向下滑動: 250 像素，並等待 4.951629718372459 秒
2024-12-18 13:10:21 [INFO] Worker 11 隨機停留時間: 186 秒
2024-12-18 13:10:21 [INFO] Worker 9: 向下滑動: 323 像素，並等待 4.150125720472946 秒
2024-12-18 13:10:22 [INFO] Worker 12 隨機停留 7 秒
2024-12-18 13:10:23 [INFO] Worker 4: 向下滑動: 310 像素，並等待 3.1939007858468766 秒
2024-12-18 13:10:23 [INFO] Worker 10: 向下滑動: 229 像素，並等待 4.8496671763182215 秒
2024-12-18 13:10:23 [INFO] Worker 7: 向下滑動: 355 像素，並等待 4.8548753438849594 秒
2024-12-18 13:10:24 [INFO] Worker 13 隨機停留 7 秒
2024-12-18 13:10:25 [INFO] Worker 5: 向下滑動: 284 像素，並等待 4.799614831190602 秒
2024-12-18 13:10:25 [INFO] Worker 11: 向下滑動: 375 像素，並等待 4.362544427613089 秒
2024-12-18 13:10:26 [INFO] Worker 9: 向下滑動: 361 像素，並等待 4.025776969931914 秒
2024-12-18 13:10:27 [INFO] Worker 4: 向下滑動: 248 像素，並等待 3.818649775768008 秒
2024-12-18 13:10:27 [INFO] Worker 10: 向下滑動: 369 像素，並等待 3.72701718930767 秒
2024-12-18 13:10:27 [INFO] Worker 7: 向下滑動: 373 像素，並等待 4.303293070266612 秒
2024-12-18 13:10:28 [INFO] Worker 5: 帳號 66619622845 的任務已結束
2024-12-18 13:10:28 [INFO] Worker 14: 開始處理帳號 66823121944
2024-12-18 13:10:29 [INFO] Worker 11: 向下滑動: 233 像素，並等待 3.7929104982858695 秒
2024-12-18 13:10:29 [INFO] Worker 12: 貼文已按過讚，無需重複操作
2024-12-18 13:10:29 [INFO] Worker 12 按讚後隨機停留 3 秒
2024-12-18 13:10:30 [INFO] Worker 9: 向下滑動: 396 像素，並等待 4.179596132650476 秒
2024-12-18 13:10:31 [INFO] Worker 10: 向下滑動: 219 像素，並等待 3.9945898960699298 秒
2024-12-18 13:10:31 [INFO] Worker 4: 向下滑動: 391 像素，並等待 4.2910992985692085 秒
2024-12-18 13:10:31 [INFO] Worker 13: 貼文已按過讚，無需重複操作
2024-12-18 13:10:31 [INFO] Worker 13 按讚後隨機停留 5 秒
2024-12-18 13:10:32 [INFO] Worker 7: 向下滑動: 400 像素，並等待 4.471994046949304 秒
2024-12-18 13:10:32 [INFO] Worker 12: 正在開啟網站: https://japanticket.com/prestige/tw/hokkaido/?fbclid=IwY2xjawHOKBpleHRuA2FlbQIxMAABHaGHzkUa9Xrj3SjatXaC9Yb4VFZXJHVNg6UjonFymwRNzb_q9RvBc3yZxA_aem_RLkYjGlaRRosmk8r7xkD4g#utm_source=prestige_tw_fb&utm_medium=social&utm_campaign=hokkaido_tour_tw_fb
2024-12-18 13:10:34 [INFO] Worker 11: 向下滑動: 318 像素，並等待 4.89299010009561 秒
2024-12-18 13:10:35 [INFO] Worker 9: 向下滑動: 216 像素，並等待 4.771173072343359 秒
2024-12-18 13:10:35 [INFO] Worker 7: 帳號 66990183891 的任務已結束
2024-12-18 13:10:35 [INFO] Worker 15: 開始處理帳號 66814785452
2024-12-18 13:10:35 [INFO] Worker 12 隨機停留時間: 169 秒
2024-12-18 13:10:35 [INFO] Worker 4: 向下滑動: 327 像素，並等待 4.428242719596592 秒
2024-12-18 13:10:35 [INFO] Worker 10: 向下滑動: 277 像素，並等待 4.7682956975535875 秒
2024-12-18 13:10:36 [INFO] Worker 14: 代理 kamoney03.ddns.net:24014 設置成功
2024-12-18 13:10:36 [INFO] Worker 13: 正在開啟網站: https://japanticket.com/prestige/tw/hokkaido/?fbclid=IwY2xjawHOKBpleHRuA2FlbQIxMAABHaGHzkUa9Xrj3SjatXaC9Yb4VFZXJHVNg6UjonFymwRNzb_q9RvBc3yZxA_aem_RLkYjGlaRRosmk8r7xkD4g#utm_source=prestige_tw_fb&utm_medium=social&utm_campaign=hokkaido_tour_tw_fb
2024-12-18 13:10:37 [INFO] Worker 14: Cookies 已加載成功: cookies\66823121944_cookies.json
2024-12-18 13:10:38 [INFO] Worker 11: 向下滑動: 323 像素，並等待 3.911190270800968 秒
2024-12-18 13:10:38 [INFO] Worker 9: 向下滑動: 214 像素，並等待 3.213382149891486 秒
2024-12-18 13:10:38 [INFO] Worker 4: 帳號 66637943259 的任務已結束
2024-12-18 13:10:38 [INFO] Worker 10: 向下滑動: 399 像素，並等待 3.0242980022801484 秒
2024-12-18 13:10:40 [INFO] Worker 12: 向下滑動: 209 像素，並等待 4.4321069391389685 秒
2024-12-18 13:10:40 [INFO] Worker 13 隨機停留時間: 176 秒
2024-12-18 13:10:41 [INFO] Worker 14: 帳號 66823121944 使用 cookies 成功登入
2024-12-18 13:10:41 [INFO] Worker 14: 登錄成功，開始處理帳號 66823121944 的操作...
2024-12-18 13:10:41 [INFO] Worker 14: 開始跳轉操作...
2024-12-18 13:10:41 [INFO] Worker 14: 正在開啟貼文: https://www.facebook.com/share/18QgQ2Y2dz/
2024-12-18 13:10:41 [INFO] Worker 11: 向下滑動: 279 像素，並等待 3.4846790319121004 秒
2024-12-18 13:10:42 [INFO] Worker 10: 向下滑動: 239 像素，並等待 3.0620608752493688 秒
2024-12-18 13:10:43 [INFO] Worker 9: 向下滑動: 315 像素，並等待 4.951440440932478 秒
2024-12-18 13:10:44 [INFO] Worker 13: 向下滑動: 372 像素，並等待 3.542285729493257 秒
2024-12-18 13:10:44 [INFO] Worker 15: 代理 kamoney03.ddns.net:24015 設置成功
2024-12-18 13:10:45 [INFO] Worker 12: 向下滑動: 317 像素，並等待 4.9097440859722665 秒
2024-12-18 13:10:45 [INFO] Worker 14 隨機停留 8 秒
2024-12-18 13:10:46 [INFO] Worker 11: 向下滑動: 227 像素，並等待 4.448644444952155 秒
2024-12-18 13:10:46 [INFO] Worker 9: 向下滑動: 336 像素，並等待 3.0295051712772096 秒
2024-12-18 13:10:46 [INFO] Worker 15: Cookies 已加載成功: cookies\66814785452_cookies.json
2024-12-18 13:10:46 [INFO] Worker 10: 向下滑動: 341 像素，並等待 4.624119703799022 秒
2024-12-18 13:10:48 [INFO] Worker 13: 向下滑動: 216 像素，並等待 3.9305230453917988 秒
2024-12-18 13:10:48 [INFO] Worker 12: 向下滑動: 223 像素，並等待 3.827928551677381 秒
2024-12-18 13:10:49 [INFO] Worker 15: 帳號 66814785452 使用 cookies 成功登入
2024-12-18 13:10:49 [INFO] Worker 15: 登錄成功，開始處理帳號 66814785452 的操作...
2024-12-18 13:10:49 [INFO] Worker 15: 開始跳轉操作...
2024-12-18 13:10:49 [INFO] Worker 15: 正在開啟貼文: https://www.facebook.com/share/18QgQ2Y2dz/
2024-12-18 13:10:50 [INFO] Worker 10: 向下滑動: 219 像素，並等待 3.312042512104087 秒
2024-12-18 13:10:50 [INFO] Worker 11: 向下滑動: 313 像素，並等待 4.0761405276928215 秒
2024-12-18 13:10:51 [INFO] Worker 9: 向下滑動: 309 像素，並等待 4.85562628809696 秒
2024-12-18 13:10:51 [INFO] Worker 13: 向下滑動: 260 像素，並等待 3.4606667563340707 秒
2024-12-18 13:10:53 [INFO] Worker 14: 貼文已按過讚，無需重複操作
2024-12-18 13:10:53 [INFO] Worker 14 按讚後隨機停留 3 秒
2024-12-18 13:10:53 [INFO] Worker 12: 向下滑動: 242 像素，並等待 4.381746752151606 秒
2024-12-18 13:10:54 [INFO] Worker 15 隨機停留 6 秒
2024-12-18 13:10:54 [INFO] Worker 10: 向下滑動: 371 像素，並等待 4.374443115670298 秒
2024-12-18 13:10:54 [INFO] Worker 11: 向下滑動: 224 像素，並等待 4.412180649950468 秒
2024-12-18 13:10:54 [INFO] Worker 9: 向下滑動: 333 像素，並等待 3.6494359303557333 秒
2024-12-18 13:10:55 [INFO] Worker 13: 向下滑動: 382 像素，並等待 3.3674744845349665 秒
2024-12-18 13:10:56 [INFO] Worker 14: 正在開啟網站: https://japanticket.com/prestige/tw/hokkaido/?fbclid=IwY2xjawHOKBpleHRuA2FlbQIxMAABHaGHzkUa9Xrj3SjatXaC9Yb4VFZXJHVNg6UjonFymwRNzb_q9RvBc3yZxA_aem_RLkYjGlaRRosmk8r7xkD4g#utm_source=prestige_tw_fb&utm_medium=social&utm_campaign=hokkaido_tour_tw_fb
2024-12-18 13:10:56 [INFO] Worker 12: 向下滑動: 342 像素，並等待 3.382151538936794 秒
2024-12-18 13:10:58 [INFO] Worker 11: 向下滑動: 223 像素，並等待 3.9237310391267206 秒
2024-12-18 13:10:59 [INFO] Worker 10: 向下滑動: 362 像素，並等待 4.695999029565864 秒
2024-12-18 13:10:59 [INFO] Worker 9: 向下滑動: 243 像素，並等待 4.44824472304116 秒
2024-12-18 13:10:59 [INFO] Worker 13: 向下滑動: 378 像素，並等待 4.127491928186156 秒
2024-12-18 13:11:00 [INFO] Worker 12: 向下滑動: 294 像素，並等待 3.7833964132681253 秒
2024-12-18 13:11:00 [INFO] Worker 14 隨機停留時間: 143 秒
2024-12-18 13:11:00 [INFO] Worker 15: 貼文已按過讚，無需重複操作
2024-12-18 13:11:00 [INFO] Worker 15 按讚後隨機停留 3 秒
2024-12-18 13:11:02 [INFO] Worker 13: 向下滑動: 280 像素，並等待 3.4691201562283105 秒
2024-12-18 13:11:03 [INFO] Worker 11: 向下滑動: 273 像素，並等待 4.726048533372785 秒
2024-12-18 13:11:03 [INFO] Worker 15: 正在開啟網站: https://japanticket.com/prestige/tw/hokkaido/?fbclid=IwY2xjawHOKBpleHRuA2FlbQIxMAABHaGHzkUa9Xrj3SjatXaC9Yb4VFZXJHVNg6UjonFymwRNzb_q9RvBc3yZxA_aem_RLkYjGlaRRosmk8r7xkD4g#utm_source=prestige_tw_fb&utm_medium=social&utm_campaign=hokkaido_tour_tw_fb
2024-12-18 13:11:03 [INFO] Worker 9: 向下滑動: 311 像素，並等待 4.548101642014505 秒
2024-12-18 13:11:03 [INFO] Worker 10: 向下滑動: 387 像素，並等待 4.659907873312758 秒
2024-12-18 13:11:03 [INFO] Worker 14: 向下滑動: 338 像素，並等待 3.4375564054804233 秒
2024-12-18 13:11:03 [INFO] Worker 12: 向下滑動: 247 像素，並等待 3.5263449955035497 秒
2024-12-18 13:11:06 [INFO] Worker 13: 向下滑動: 350 像素，並等待 3.7082279274434855 秒
2024-12-18 13:11:06 [INFO] Worker 10: 向下滑動: 277 像素，並等待 3.0657165313586097 秒
2024-12-18 13:11:06 [INFO] Worker 15 隨機停留時間: 158 秒
2024-12-18 13:11:07 [INFO] Worker 11: 向下滑動: 302 像素，並等待 4.145953754177158 秒
2024-12-18 13:11:07 [INFO] Worker 9: 向下滑動: 296 像素，並等待 4.137736140854823 秒
2024-12-18 13:11:08 [INFO] Worker 12: 向下滑動: 366 像素，並等待 4.283100715101465 秒
2024-12-18 13:11:08 [INFO] Worker 14: 向下滑動: 275 像素，並等待 4.406228092040376 秒
2024-12-18 13:11:10 [INFO] Worker 15: 向下滑動: 333 像素，並等待 3.341918394015884 秒
2024-12-18 13:11:10 [INFO] Worker 10: 向下滑動: 366 像素，並等待 3.791756675434043 秒
2024-12-18 13:11:11 [INFO] Worker 13: 向下滑動: 352 像素，並等待 4.530917444857313 秒
2024-12-18 13:11:11 [INFO] Worker 11: 向下滑動: 293 像素，並等待 4.551428107939689 秒
2024-12-18 13:11:12 [INFO] Worker 9: 向下滑動: 359 像素，並等待 4.344604379828805 秒
2024-12-18 13:11:12 [INFO] Worker 14: 向下滑動: 320 像素，並等待 4.196405580127848 秒
2024-12-18 13:11:13 [INFO] Worker 12: 向下滑動: 281 像素，並等待 4.81695844027392 秒
2024-12-18 13:11:13 [INFO] Worker 10: 向下滑動: 271 像素，並等待 3.2374913050211713 秒
2024-12-18 13:11:15 [INFO] Worker 15: 向下滑動: 375 像素，並等待 4.673881741844022 秒
2024-12-18 13:11:15 [INFO] Worker 11: 向下滑動: 265 像素，並等待 3.341192805839966 秒
2024-12-18 13:11:15 [INFO] Worker 13: 向下滑動: 306 像素，並等待 4.424895834798205 秒
2024-12-18 13:11:16 [INFO] Worker 14: 向下滑動: 262 像素，並等待 3.5698860948154545 秒
2024-12-18 13:11:16 [INFO] Worker 9: 向下滑動: 252 像素，並等待 3.875110215593992 秒
2024-12-18 13:11:16 [INFO] Worker 12: 向下滑動: 293 像素，並等待 3.3036444474676103 秒
2024-12-18 13:11:16 [INFO] Worker 10: 向下滑動: 204 像素，並等待 3.029780302354679 秒
2024-12-18 13:11:18 [INFO] Worker 15: 向下滑動: 210 像素，並等待 3.939406185571141 秒
2024-12-18 13:11:19 [INFO] Worker 11: 向下滑動: 353 像素，並等待 4.050437944390223 秒
2024-12-18 13:11:20 [INFO] Worker 13: 向下滑動: 301 像素，並等待 4.854713498646838 秒
2024-12-18 13:11:20 [INFO] Worker 9: 向下滑動: 206 像素，並等待 4.392629772959188 秒
2024-12-18 13:11:20 [INFO] Worker 10: 向下滑動: 307 像素，並等待 4.060361065867764 秒
2024-12-18 13:11:20 [INFO] Worker 14: 向下滑動: 318 像素，並等待 4.875929405125739 秒
2024-12-18 13:11:21 [INFO] Worker 12: 向下滑動: 282 像素，並等待 4.618330381171349 秒
2024-12-18 13:11:22 [INFO] Worker 11: 向下滑動: 360 像素，並等待 3.3524513323817855 秒
2024-12-18 13:11:23 [INFO] Worker 15: 向下滑動: 374 像素，並等待 4.8527232889227605 秒
2024-12-18 13:11:24 [INFO] Worker 14: 向下滑動: 288 像素，並等待 3.197993591634129 秒
2024-12-18 13:11:25 [INFO] Worker 13: 向下滑動: 258 像素，並等待 4.783154738263214 秒
2024-12-18 13:11:25 [INFO] Worker 9: 向下滑動: 258 像素，並等待 4.6056584959281635 秒
2024-12-18 13:11:25 [INFO] Worker 10: 向下滑動: 316 像素，並等待 4.480442650460397 秒
2024-12-18 13:11:25 [INFO] Worker 12: 向下滑動: 319 像素，並等待 4.559434951625761 秒
2024-12-18 13:11:27 [INFO] Worker 11: 向下滑動: 339 像素，並等待 4.894031465928588 秒
2024-12-18 13:11:27 [INFO] Worker 15: 向下滑動: 308 像素，並等待 3.9565565180154376 秒
2024-12-18 13:11:28 [INFO] Worker 14: 向下滑動: 357 像素，並等待 3.789208353416197 秒
2024-12-18 13:11:28 [INFO] Worker 13: 向下滑動: 254 像素，並等待 3.644745081136235 秒
2024-12-18 13:11:28 [INFO] Worker 12: 向下滑動: 383 像素，並等待 3.29548971051948 秒
2024-12-18 13:11:29 [INFO] Worker 9: 向下滑動: 272 像素，並等待 4.070199444055653 秒
2024-12-18 13:11:29 [INFO] Worker 10: 向下滑動: 231 像素，並等待 4.282315413333841 秒
2024-12-18 13:11:30 [INFO] Worker 11: 向下滑動: 354 像素，並等待 3.141537988590684 秒
2024-12-18 13:11:31 [INFO] Worker 15: 向下滑動: 266 像素，並等待 3.9381115831816076 秒
2024-12-18 13:11:32 [INFO] Worker 13: 向下滑動: 242 像素，並等待 3.522873143860213 秒
2024-12-18 13:11:32 [INFO] Worker 9: 向下滑動: 279 像素，並等待 3.1751863414078834 秒
2024-12-18 13:11:32 [INFO] Worker 14: 向下滑動: 326 像素，並等待 4.762150349458793 秒
2024-12-18 13:11:33 [INFO] Worker 12: 向下滑動: 326 像素，並等待 4.622549148611368 秒
2024-12-18 13:11:34 [INFO] Worker 10: 向下滑動: 394 像素，並等待 4.507931600821319 秒
2024-12-18 13:11:34 [INFO] Worker 11: 向下滑動: 341 像素，並等待 3.581286898625516 秒
2024-12-18 13:11:35 [INFO] Worker 9: 向下滑動: 382 像素，並等待 3.415229801206114 秒
2024-12-18 13:11:36 [INFO] Worker 15: 向下滑動: 308 像素，並等待 4.459898830620039 秒
2024-12-18 13:11:36 [INFO] Worker 13: 向下滑動: 246 像素，並等待 4.03502507696772 秒
2024-12-18 13:11:36 [INFO] Worker 14: 向下滑動: 350 像素，並等待 3.763081222563355 秒
2024-12-18 13:11:37 [INFO] Worker 12: 向下滑動: 237 像素，並等待 4.3587080301861 秒
2024-12-18 13:11:38 [INFO] Worker 10: 向下滑動: 299 像素，並等待 4.123385203716316 秒
2024-12-18 13:11:39 [INFO] Worker 11: 向下滑動: 291 像素，並等待 4.708888788268003 秒
2024-12-18 13:11:39 [INFO] Worker 14: 向下滑動: 205 像素，並等待 3.090617790068012 秒
2024-12-18 13:11:39 [INFO] Worker 9: 向下滑動: 369 像素，並等待 3.8346612471270967 秒
2024-12-18 13:11:39 [INFO] Worker 15: 向下滑動: 255 像素，並等待 3.740621826214654 秒
2024-12-18 13:11:40 [INFO] Worker 13: 向下滑動: 349 像素，並等待 4.0861504286299235 秒
2024-12-18 13:11:42 [INFO] Worker 12: 向下滑動: 250 像素，並等待 4.96546507382199 秒
2024-12-18 13:11:43 [INFO] Worker 10: 向下滑動: 280 像素，並等待 4.714601883486895 秒
2024-12-18 13:11:43 [INFO] Worker 11: 向下滑動: 360 像素，並等待 4.510731797686365 秒
2024-12-18 13:11:43 [INFO] Worker 13: 向下滑動: 212 像素，並等待 3.4388476489910405 秒
2024-12-18 13:11:44 [INFO] Worker 14: 向下滑動: 319 像素，並等待 4.60059339825655 秒
2024-12-18 13:11:44 [INFO] Worker 9: 向下滑動: 305 像素，並等待 4.785364220762888 秒
2024-12-18 13:11:44 [INFO] Worker 15: 向下滑動: 240 像素，並等待 4.978843672220522 秒
2024-12-18 13:11:46 [INFO] Worker 12: 向下滑動: 354 像素，並等待 3.534231561172986 秒
2024-12-18 13:11:46 [INFO] Worker 10: 向下滑動: 371 像素，並等待 3.408061348905953 秒
2024-12-18 13:11:46 [INFO] Worker 11: 向下滑動: 340 像素，並等待 3.1973487537869216 秒
2024-12-18 13:11:48 [INFO] Worker 9: 向下滑動: 201 像素，並等待 3.641218679565421 秒
2024-12-18 13:11:48 [INFO] Worker 14: 向下滑動: 362 像素，並等待 3.8834435022652487 秒
2024-12-18 13:11:48 [INFO] Worker 13: 向下滑動: 391 像素，並等待 4.894932076950544 秒
2024-12-18 13:11:49 [INFO] Worker 15: 向下滑動: 292 像素，並等待 4.98465898395466 秒
2024-12-18 13:11:50 [INFO] Worker 12: 向下滑動: 359 像素，並等待 3.9082246084126 秒
2024-12-18 13:11:51 [INFO] Worker 11: 向下滑動: 294 像素，並等待 4.323879409568691 秒
2024-12-18 13:11:51 [INFO] Worker 10: 向下滑動: 253 像素，並等待 4.702211080652285 秒
2024-12-18 13:11:51 [INFO] Worker 14: 向下滑動: 303 像素，並等待 3.27742906134982 秒
2024-12-18 13:11:52 [INFO] Worker 9: 向下滑動: 294 像素，並等待 4.065506153682748 秒
2024-12-18 13:11:52 [INFO] Worker 13: 向下滑動: 315 像素，並等待 3.612295339582309 秒
2024-12-18 13:11:54 [INFO] Worker 15: 向下滑動: 210 像素，並等待 4.479861172808868 秒
2024-12-18 13:11:54 [INFO] Worker 12: 向下滑動: 390 像素，並等待 4.233566004130608 秒
2024-12-18 13:11:55 [INFO] Worker 10: 向下滑動: 228 像素，並等待 3.921510686348457 秒
2024-12-18 13:11:55 [INFO] Worker 11: 向下滑動: 353 像素，並等待 4.32438970355861 秒
2024-12-18 13:11:55 [INFO] Worker 9: 向下滑動: 224 像素，並等待 3.4584260676328396 秒
2024-12-18 13:11:56 [INFO] Worker 14: 向下滑動: 293 像素，並等待 4.688260805073576 秒
2024-12-18 13:11:56 [INFO] Worker 13: 向下滑動: 297 像素，並等待 4.41026599775013 秒
2024-12-18 13:11:57 [INFO] Worker 12: 向下滑動: 355 像素，並等待 3.090446748905742 秒
2024-12-18 13:11:57 [INFO] Worker 15: 向下滑動: 356 像素，並等待 3.5466228900741 秒
2024-12-18 13:11:58 [INFO] Worker 10: 向下滑動: 282 像素，並等待 3.1128622176872067 秒
2024-12-18 13:11:59 [INFO] Worker 11: 向下滑動: 230 像素，並等待 4.00710190149103 秒
2024-12-18 13:11:59 [INFO] Worker 9: 向下滑動: 286 像素，並等待 4.241579214866366 秒
2024-12-18 13:12:00 [INFO] Worker 14: 向下滑動: 216 像素，並等待 4.142534865817956 秒
2024-12-18 13:12:01 [INFO] Worker 12: 向下滑動: 389 像素，並等待 3.5681458139595796 秒
2024-12-18 13:12:01 [INFO] Worker 13: 向下滑動: 336 像素，並等待 4.505830338723081 秒
2024-12-18 13:12:01 [INFO] Worker 15: 向下滑動: 390 像素，並等待 3.783654412904655 秒
2024-12-18 13:12:02 [INFO] Worker 10: 向下滑動: 203 像素，並等待 4.570557505291344 秒
2024-12-18 13:12:03 [INFO] Worker 14: 向下滑動: 278 像素，並等待 3.4969485031799414 秒
2024-12-18 13:12:03 [INFO] Worker 11: 向下滑動: 223 像素，並等待 4.486146624006994 秒
2024-12-18 13:12:04 [INFO] Worker 9: 向下滑動: 280 像素，並等待 4.222897037542719 秒
2024-12-18 13:12:04 [INFO] Worker 12: 向下滑動: 355 像素，並等待 3.5313134361904446 秒
2024-12-18 13:12:05 [INFO] Worker 13: 向下滑動: 355 像素，並等待 4.21841669877741 秒
2024-12-18 13:12:06 [INFO] Worker 15: 向下滑動: 225 像素，並等待 4.450461056221645 秒
2024-12-18 13:12:07 [INFO] Worker 10: 向下滑動: 212 像素，並等待 4.406446791604691 秒
2024-12-18 13:12:07 [INFO] Worker 9: 向下滑動: 252 像素，並等待 3.8153252230560453 秒
2024-12-18 13:12:08 [INFO] Worker 11: 向下滑動: 400 像素，並等待 4.167231735223179 秒
2024-12-18 13:12:08 [INFO] Worker 14: 向下滑動: 290 像素，並等待 4.410132815388523 秒
2024-12-18 13:12:09 [INFO] Worker 12: 向下滑動: 290 像素，並等待 4.56364580792612 秒
2024-12-18 13:12:09 [INFO] Worker 15: 向下滑動: 205 像素，並等待 3.3541027868223496 秒
2024-12-18 13:12:10 [INFO] Worker 13: 向下滑動: 224 像素，並等待 4.559717478153164 秒
2024-12-18 13:12:11 [INFO] Worker 11: 向下滑動: 380 像素，並等待 3.1307265302154192 秒
2024-12-18 13:12:11 [INFO] Worker 14: 向下滑動: 295 像素，並等待 3.1211753835302787 秒
2024-12-18 13:12:11 [INFO] Worker 9: 向下滑動: 355 像素，並等待 3.506454440116757 秒
2024-12-18 13:12:11 [INFO] Worker 10: 向下滑動: 398 像素，並等待 4.613587212853129 秒
2024-12-18 13:12:13 [INFO] Worker 15: 向下滑動: 301 像素，並等待 3.5085025488248274 秒
2024-12-18 13:12:13 [INFO] Worker 12: 向下滑動: 334 像素，並等待 4.0257141159566165 秒
2024-12-18 13:12:14 [INFO] Worker 13: 向下滑動: 368 像素，並等待 4.311540865761373 秒
2024-12-18 13:12:15 [INFO] Worker 11: 向下滑動: 273 像素，並等待 3.857471838104683 秒
2024-12-18 13:12:15 [INFO] Worker 14: 向下滑動: 363 像素，並等待 4.067710967577424 秒
2024-12-18 13:12:16 [INFO] Worker 10: 向下滑動: 221 像素，並等待 4.2272924756333055 秒
2024-12-18 13:12:16 [INFO] Worker 9: 向下滑動: 370 像素，並等待 4.900812505313448 秒
2024-12-18 13:12:16 [INFO] Worker 15: 向下滑動: 224 像素，並等待 3.862543180709007 秒
2024-12-18 13:12:18 [INFO] Worker 12: 向下滑動: 344 像素，並等待 4.618954317984894 秒
2024-12-18 13:12:19 [INFO] Worker 13: 向下滑動: 227 像素，並等待 4.6946716702048 秒
2024-12-18 13:12:19 [INFO] Worker 11: 向下滑動: 301 像素，並等待 4.074365632152135 秒
2024-12-18 13:12:19 [INFO] Worker 9: 向下滑動: 381 像素，並等待 3.1419161891091942 秒
2024-12-18 13:12:20 [INFO] Worker 10: 向下滑動: 279 像素，並等待 3.9978160243490652 秒
2024-12-18 13:12:20 [INFO] Worker 14: 向下滑動: 325 像素，並等待 4.967891825282668 秒
2024-12-18 13:12:21 [INFO] Worker 12: 向下滑動: 220 像素，並等待 3.655958446347621 秒
2024-12-18 13:12:21 [INFO] Worker 15: 向下滑動: 397 像素，並等待 4.928745101496466 秒
2024-12-18 13:12:22 [INFO] Worker 13: 向下滑動: 353 像素，並等待 3.1318222792883876 秒
2024-12-18 13:12:23 [INFO] Worker 9: 向下滑動: 348 像素，並等待 3.689734218677839 秒
2024-12-18 13:12:23 [INFO] Worker 11: 向下滑動: 372 像素，並等待 4.285245868013371 秒
2024-12-18 13:12:24 [INFO] Worker 14: 向下滑動: 252 像素，並等待 3.7435969082427785 秒
2024-12-18 13:12:24 [INFO] Worker 10: 向下滑動: 349 像素，並等待 4.501961125381452 秒
2024-12-18 13:12:25 [INFO] Worker 15: 向下滑動: 345 像素，並等待 4.042577988627659 秒
2024-12-18 13:12:26 [INFO] Worker 12: 向下滑動: 248 像素，並等待 4.652768870694589 秒
2024-12-18 13:12:26 [INFO] Worker 13: 向下滑動: 244 像素，並等待 4.180694082788596 秒
2024-12-18 13:12:26 [INFO] Worker 11: 向下滑動: 257 像素，並等待 3.2745994877915923 秒
2024-12-18 13:12:26 [INFO] Worker 9: 向下滑動: 213 像素，並等待 3.598325109570632 秒
2024-12-18 13:12:27 [INFO] Worker 14: 向下滑動: 294 像素，並等待 3.578942090082143 秒
2024-12-18 13:12:29 [INFO] Worker 10: 向下滑動: 356 像素，並等待 4.6541999275350445 秒
2024-12-18 13:12:29 [INFO] Worker 12: 向下滑動: 363 像素，並等待 3.465316775492458 秒
2024-12-18 13:12:30 [INFO] Worker 15: 向下滑動: 275 像素，並等待 4.370353522274619 秒
2024-12-18 13:12:31 [INFO] Worker 9: 向下滑動: 339 像素，並等待 4.160531622147029 秒
2024-12-18 13:12:31 [INFO] Worker 13: 向下滑動: 278 像素，並等待 4.709341718767077 秒
2024-12-18 13:12:31 [INFO] Worker 11: 向下滑動: 253 像素，並等待 4.547721173348032 秒
2024-12-18 13:12:32 [INFO] Worker 14: 向下滑動: 361 像素，並等待 4.329940775590511 秒
2024-12-18 13:12:32 [INFO] Worker 10: 向下滑動: 308 像素，並等待 3.646453232656972 秒
2024-12-18 13:12:34 [INFO] Worker 12: 向下滑動: 393 像素，並等待 4.2856333494864085 秒
2024-12-18 13:12:34 [INFO] Worker 9: 向下滑動: 258 像素，並等待 3.4146057826489793 秒
2024-12-18 13:12:34 [INFO] Worker 13: 向下滑動: 335 像素，並等待 3.3319830369049943 秒
2024-12-18 13:12:34 [INFO] Worker 11: 向下滑動: 241 像素，並等待 3.275676569612833 秒
2024-12-18 13:12:34 [INFO] Worker 15: 向下滑動: 255 像素，並等待 4.449518539433228 秒
2024-12-18 13:12:37 [INFO] Worker 14: 向下滑動: 365 像素，並等待 4.962406401398171 秒
2024-12-18 13:12:37 [INFO] Worker 12: 向下滑動: 297 像素，並等待 3.2172828253943617 秒
2024-12-18 13:12:37 [INFO] Worker 10: 向下滑動: 322 像素，並等待 4.601387905088678 秒
2024-12-18 13:12:38 [INFO] Worker 9: 向下滑動: 331 像素，並等待 3.6593590066160155 秒
2024-12-18 13:12:38 [INFO] Worker 15: 向下滑動: 312 像素，並等待 3.509590181787027 秒
2024-12-18 13:12:39 [INFO] Worker 13: 向下滑動: 269 像素，並等待 4.842582415235643 秒
2024-12-18 13:12:39 [INFO] Worker 11: 向下滑動: 353 像素，並等待 4.823136189909087 秒
2024-12-18 13:12:40 [INFO] Worker 12: 向下滑動: 267 像素，並等待 3.0397803104998005 秒
2024-12-18 13:12:41 [INFO] Worker 14: 向下滑動: 358 像素，並等待 3.9782878058346896 秒
2024-12-18 13:12:41 [INFO] Worker 10: 向下滑動: 300 像素，並等待 3.7416491954479323 秒
2024-12-18 13:12:41 [INFO] Worker 9: 向下滑動: 329 像素，並等待 3.876397977109324 秒
2024-12-18 13:12:42 [INFO] Worker 13: 向下滑動: 314 像素，並等待 3.2937287321492126 秒
2024-12-18 13:12:43 [INFO] Worker 15: 向下滑動: 209 像素，並等待 4.677117000205653 秒
2024-12-18 13:12:43 [INFO] Worker 12: 向下滑動: 262 像素，並等待 3.497654077825426 秒
2024-12-18 13:12:44 [INFO] Worker 11: 向下滑動: 217 像素，並等待 4.816840605225862 秒
2024-12-18 13:12:44 [INFO] Worker 9: 帳號 66991704166 的任務已結束
2024-12-18 13:12:45 [INFO] Worker 14: 向下滑動: 248 像素，並等待 4.4479406080086346 秒
2024-12-18 13:12:45 [INFO] Worker 13: 向下滑動: 211 像素，並等待 3.1850658289090736 秒
2024-12-18 13:12:46 [INFO] Worker 15: 向下滑動: 387 像素，並等待 3.150413218944694 秒
2024-12-18 13:12:46 [INFO] Worker 10: 向下滑動: 227 像素，並等待 4.911217859420268 秒
2024-12-18 13:12:47 [INFO] Worker 12: 向下滑動: 267 像素，並等待 3.771332797816215 秒
2024-12-18 13:12:48 [INFO] Worker 14: 向下滑動: 220 像素，並等待 3.1830711807844434 秒
2024-12-18 13:12:48 [INFO] Worker 11: 向下滑動: 323 像素，並等待 4.39855843671315 秒
2024-12-18 13:12:49 [INFO] Worker 10: 向下滑動: 241 像素，並等待 3.033618674900613 秒
2024-12-18 13:12:49 [INFO] Worker 13: 向下滑動: 282 像素，並等待 3.6762901978658844 秒
2024-12-18 13:12:51 [INFO] Worker 15: 向下滑動: 398 像素，並等待 4.982622129508809 秒
2024-12-18 13:12:51 [INFO] Worker 12: 向下滑動: 248 像素，並等待 3.6050307305864124 秒
2024-12-18 13:12:52 [INFO] Worker 11: 向下滑動: 220 像素，並等待 3.4572734098987548 秒
2024-12-18 13:12:52 [INFO] Worker 14: 向下滑動: 311 像素，並等待 4.209623465184825 秒
2024-12-18 13:12:53 [INFO] Worker 10: 向下滑動: 345 像素，並等待 4.558230450885848 秒
2024-12-18 13:12:54 [INFO] Worker 12: 向下滑動: 306 像素，並等待 3.0846083412772485 秒
2024-12-18 13:12:54 [INFO] Worker 13: 向下滑動: 222 像素，並等待 4.941302506354805 秒
2024-12-18 13:12:55 [INFO] Worker 15: 向下滑動: 377 像素，並等待 3.9830173318409896 秒
2024-12-18 13:12:56 [INFO] Worker 11: 向下滑動: 347 像素，並等待 4.647165574562303 秒
2024-12-18 13:12:56 [INFO] Worker 10: 向下滑動: 294 像素，並等待 3.0430314390718705 秒
2024-12-18 13:12:57 [INFO] Worker 14: 向下滑動: 267 像素，並等待 4.484260929109486 秒
2024-12-18 13:12:58 [INFO] Worker 12: 向下滑動: 253 像素，並等待 4.583988078351552 秒
2024-12-18 13:12:58 [INFO] Worker 15: 向下滑動: 206 像素，並等待 3.8113475141317386 秒
2024-12-18 13:12:59 [INFO] Worker 13: 向下滑動: 298 像素，並等待 4.512970130617505 秒
2024-12-18 13:13:00 [INFO] Worker 11: 向下滑動: 312 像素，並等待 3.208053115022187 秒
2024-12-18 13:13:00 [INFO] Worker 14: 向下滑動: 255 像素，並等待 3.042069601888814 秒
2024-12-18 13:13:01 [INFO] Worker 10: 向下滑動: 326 像素，並等待 4.5954490138573325 秒
2024-12-18 13:13:02 [INFO] Worker 12: 向下滑動: 371 像素，並等待 3.2315327391614668 秒
2024-12-18 13:13:02 [INFO] Worker 13: 向下滑動: 336 像素，並等待 3.7037904994264883 秒
2024-12-18 13:13:03 [INFO] Worker 15: 向下滑動: 328 像素，並等待 4.82581989261568 秒
2024-12-18 13:13:04 [INFO] Worker 11: 向下滑動: 306 像素，並等待 3.93539857174703 秒
2024-12-18 13:13:05 [INFO] Worker 14: 向下滑動: 398 像素，並等待 4.7658116953659935 秒
2024-12-18 13:13:06 [INFO] Worker 10: 向下滑動: 319 像素，並等待 4.5903225001080035 秒
2024-12-18 13:13:06 [INFO] Worker 13: 向下滑動: 345 像素，並等待 3.5440629179680485 秒
2024-12-18 13:13:06 [INFO] Worker 12: 向下滑動: 301 像素，並等待 4.289254621401323 秒
2024-12-18 13:13:07 [INFO] Worker 15: 向下滑動: 325 像素，並等待 3.650821837615802 秒
2024-12-18 13:13:08 [INFO] Worker 11: 向下滑動: 352 像素，並等待 4.506169705983427 秒
2024-12-18 13:13:08 [INFO] Worker 14: 向下滑動: 282 像素，並等待 3.4177417066246827 秒
2024-12-18 13:13:09 [INFO] Worker 12: 向下滑動: 276 像素，並等待 3.4462376988628622 秒
2024-12-18 13:13:10 [INFO] Worker 10: 向下滑動: 243 像素，並等待 4.475464686338609 秒
2024-12-18 13:13:11 [INFO] Worker 13: 向下滑動: 289 像素，並等待 4.719264998678574 秒
2024-12-18 13:13:12 [INFO] Worker 15: 向下滑動: 278 像素，並等待 4.668424908715378 秒
2024-12-18 13:13:12 [INFO] Worker 14: 向下滑動: 382 像素，並等待 3.5827756509298423 秒
2024-12-18 13:13:12 [INFO] Worker 11: 向下滑動: 359 像素，並等待 3.7809687832653083 秒
2024-12-18 13:13:14 [INFO] Worker 12: 向下滑動: 358 像素，並等待 4.65978605732203 秒
2024-12-18 13:13:14 [INFO] Worker 10: 向下滑動: 313 像素，並等待 4.111895046018878 秒
2024-12-18 13:13:15 [INFO] Worker 13: 向下滑動: 380 像素，並等待 4.414702939686961 秒
2024-12-18 13:13:15 [INFO] Worker 14: 向下滑動: 369 像素，並等待 3.623659219381952 秒
2024-12-18 13:13:16 [INFO] Worker 15: 向下滑動: 287 像素，並等待 4.074384371495388 秒
2024-12-18 13:13:16 [INFO] Worker 11: 向下滑動: 263 像素，並等待 4.635600321508943 秒
2024-12-18 13:13:18 [INFO] Worker 10: 向下滑動: 204 像素，並等待 3.5579208195879275 秒
2024-12-18 13:13:18 [INFO] Worker 12: 向下滑動: 303 像素，並等待 4.059442194241756 秒
2024-12-18 13:13:19 [INFO] Worker 13: 向下滑動: 281 像素，並等待 4.1951988058855765 秒
2024-12-18 13:13:19 [INFO] Worker 14: 向下滑動: 327 像素，並等待 3.858333464710333 秒
2024-12-18 13:13:20 [INFO] Worker 11: 向下滑動: 356 像素，並等待 3.2842915774400825 秒
2024-12-18 13:13:20 [INFO] Worker 15: 向下滑動: 305 像素，並等待 4.544987536544387 秒
2024-12-18 13:13:21 [INFO] Worker 10: 帳號 66646155782 的任務已結束
2024-12-18 13:13:21 [INFO] Worker 12: 向下滑動: 273 像素，並等待 3.1587745140368346 秒
2024-12-18 13:13:23 [INFO] Worker 14: 向下滑動: 281 像素，並等待 3.6181122337017353 秒
2024-12-18 13:13:23 [INFO] Worker 11: 向下滑動: 259 像素，並等待 3.3701311518894506 秒
2024-12-18 13:13:24 [INFO] Worker 13: 向下滑動: 355 像素，並等待 4.554425599338569 秒
2024-12-18 13:13:25 [INFO] Worker 15: 向下滑動: 284 像素，並等待 4.469628487420899 秒
2024-12-18 13:13:25 [INFO] Worker 12: 向下滑動: 391 像素，並等待 4.08366912962185 秒
2024-12-18 13:13:28 [INFO] Worker 14: 向下滑動: 341 像素，並等待 4.632210660255768 秒
2024-12-18 13:13:28 [INFO] Worker 12: 帳號 66954958462 的任務已結束
2024-12-18 13:13:28 [INFO] Worker 11: 向下滑動: 360 像素，並等待 4.985228785169873 秒
2024-12-18 13:13:29 [INFO] Worker 15: 向下滑動: 292 像素，並等待 3.725000554003419 秒
2024-12-18 13:13:29 [INFO] Worker 13: 向下滑動: 389 像素，並等待 4.788684132000908 秒
2024-12-18 13:13:30 [INFO] Worker 14: 帳號 66823121944 的任務已結束
2024-12-18 13:13:31 [INFO] Worker 11: 帳號 66643407753 的任務已結束
2024-12-18 13:13:32 [INFO] Worker 15: 向下滑動: 212 像素，並等待 3.097781103780476 秒
2024-12-18 13:13:32 [INFO] Worker 13: 向下滑動: 220 像素，並等待 3.6847828101878513 秒
2024-12-18 13:13:36 [INFO] Worker 13: 向下滑動: 393 像素，並等待 3.95921135594347 秒
2024-12-18 13:13:36 [INFO] Worker 15: 向下滑動: 320 像素，並等待 4.833408960098196 秒
2024-12-18 13:13:40 [INFO] Worker 15: 向下滑動: 246 像素，並等待 4.009323109402266 秒
2024-12-18 13:13:41 [INFO] Worker 13: 向下滑動: 348 像素，並等待 4.616644252028214 秒
2024-12-18 13:13:43 [INFO] Worker 13: 帳號 66804035563 的任務已結束
2024-12-18 13:13:45 [INFO] Worker 15: 向下滑動: 264 像素，並等待 4.614197253854752 秒
2024-12-18 13:13:47 [INFO] Worker 15: 瀏覽器已關閉，任務已完成
2024-12-18 13:13:48 [INFO] Worker 15: 帳號 66814785452 的任務已結束
