2024-12-17 17:35:01 [INFO] 請選擇您要使用的 Excel 檔案...
2024-12-17 17:35:05 [INFO] 選擇的 Excel 檔案路徑：C:/Users/user/Desktop/SuChenAI/Factbook-RPA-clickurl/data/fb_account_data.xlsx
2024-12-17 17:35:05 [INFO] 請輸入最大多開數量 (1-10，預設為 1):
2024-12-17 17:35:09 [INFO] 最大多開數量已設定為：10
2024-12-17 17:35:09 [INFO] 螢幕寬度：2560，螢幕高度：1440，縮放比例：1.5
2024-12-17 17:35:09 [INFO] clicks : [{'url': 'https://www.facebook.com/prestigetaiwan/posts/889301466651603', 'action': True}]
2024-12-17 17:35:09 [INFO] clicks : [{'url': 'https://www.facebook.com/prestigetaiwan/posts/889301466651603', 'action': True}]
2024-12-17 17:35:09 [INFO] clicks : [{'url': 'https://www.facebook.com/prestigetaiwan/posts/889301466651603', 'action': True}]
2024-12-17 17:35:09 [INFO] clicks : [{'url': 'https://www.facebook.com/prestigetaiwan/posts/889301466651603', 'action': True}]
2024-12-17 17:35:09 [INFO] clicks : [{'url': 'https://www.facebook.com/prestigetaiwan/posts/889301466651603', 'action': True}]
2024-12-17 17:35:09 [INFO] clicks : [{'url': 'https://www.facebook.com/prestigetaiwan/posts/889301466651603', 'action': True}]
2024-12-17 17:35:09 [INFO] clicks : [{'url': 'https://www.facebook.com/prestigetaiwan/posts/889301466651603', 'action': True}]
2024-12-17 17:35:09 [INFO] clicks : [{'url': 'https://www.facebook.com/prestigetaiwan/posts/889301466651603', 'action': True}]
2024-12-17 17:35:09 [INFO] clicks : [{'url': 'https://www.facebook.com/prestigetaiwan/posts/889301466651603', 'action': True}]
2024-12-17 17:35:09 [INFO] clicks : [{'url': 'https://www.facebook.com/prestigetaiwan/posts/889301466651603', 'action': True}]
2024-12-17 17:35:09 [INFO] clicks : [{'url': 'https://www.facebook.com/prestigetaiwan/posts/889301466651603', 'action': True}]
2024-12-17 17:35:09 [INFO] clicks : [{'url': 'https://www.facebook.com/prestigetaiwan/posts/889301466651603', 'action': True}]
2024-12-17 17:35:09 [INFO] clicks : [{'url': 'https://www.facebook.com/prestigetaiwan/posts/889301466651603', 'action': True}]
2024-12-17 17:35:09 [INFO] clicks : [{'url': 'https://www.facebook.com/prestigetaiwan/posts/889301466651603', 'action': True}]
2024-12-17 17:35:09 [INFO] 開始處理點擊帳號...
2024-12-17 17:35:09 [INFO] Worker 1: 開始處理帳號 66634899161
2024-12-17 17:35:09 [INFO] Worker 2: 開始處理帳號 66637943259
2024-12-17 17:35:09 [INFO] Worker 3: 開始處理帳號 66619622845
2024-12-17 17:35:09 [INFO] Worker 4: 開始處理帳號 66935324825
2024-12-17 17:35:09 [INFO] Worker 5: 開始處理帳號 66990183891
2024-12-17 17:35:09 [INFO] Worker 6: 開始處理帳號 66823237283
2024-12-17 17:35:09 [INFO] Worker 7: 開始處理帳號 66991704166
2024-12-17 17:35:09 [INFO] Worker 8: 開始處理帳號 66646155782
2024-12-17 17:35:09 [INFO] Worker 9: 開始處理帳號 447387826081
2024-12-17 17:35:09 [INFO] Worker 10: 開始處理帳號 66643407753
2024-12-17 17:35:09 [INFO] 開始監控任務狀態...
2024-12-17 17:35:18 [INFO] Worker 4: 代理 kamoney03.ddns.net:24006.0 設置成功
2024-12-17 17:35:18 [INFO] Worker 10: 代理 kamoney03.ddns.net:24006.8055555556 設置成功
2024-12-17 17:35:20 [INFO] Worker 6: 代理 kamoney03.ddns.net:24008.0 設置成功
2024-12-17 17:35:21 [INFO] Worker 10: Cookies 文件 cookies\66643407753_cookies.json 不存在。
2024-12-17 17:35:21 [INFO] Worker 7: 代理 kamoney03.ddns.net:24009.0 設置成功
2024-12-17 17:35:21 [INFO] Worker 4: Cookies 已加載成功: cookies\66935324825_cookies.json
2024-12-17 17:35:22 [INFO] Worker 6: Cookies 已加載成功: cookies\66823237283_cookies.json
2024-12-17 17:35:23 [INFO] Worker 1: 代理 kamoney03.ddns.net:24004.0 設置成功
2024-12-17 17:35:24 [INFO] Worker 7: Cookies 已加載成功: cookies\66991704166_cookies.json
2024-12-17 17:35:24 [INFO] Worker 8: 代理 kamoney03.ddns.net:24010.0 設置成功
2024-12-17 17:35:25 [INFO] Worker 4: 帳號 66935324825 使用 cookies 成功登入
2024-12-17 17:35:25 [INFO] Worker 4: 登錄成功，開始處理帳號 66935324825 的操作...
2024-12-17 17:35:25 [INFO] Worker 4: 開始點擊操作...
2024-12-17 17:35:25 [INFO] Worker 4: 正在開啟貼文: https://www.facebook.com/prestigetaiwan/posts/889301466651603
2024-12-17 17:35:25 [INFO] Worker 1: Cookies 已加載成功: cookies\66634899161_cookies.json
2024-12-17 17:35:25 [INFO] Worker 5: 代理 kamoney03.ddns.net:24001.0 設置成功
2024-12-17 17:35:27 [INFO] Worker 8: Cookies 已加載成功: cookies\66646155782_cookies.json
2024-12-17 17:35:29 [INFO] Worker 6: 帳號 66823237283 使用 cookies 成功登入
2024-12-17 17:35:29 [INFO] Worker 6: 登錄成功，開始處理帳號 66823237283 的操作...
2024-12-17 17:35:29 [INFO] Worker 6: 開始點擊操作...
2024-12-17 17:35:29 [INFO] Worker 6: 正在開啟貼文: https://www.facebook.com/prestigetaiwan/posts/889301466651603
2024-12-17 17:35:30 [INFO] Worker 5: Cookies 已加載成功: cookies\66990183891_cookies.json
2024-12-17 17:35:30 [INFO] Worker 3: 代理 kamoney03.ddns.net:24005.0 設置成功
2024-12-17 17:35:31 [INFO] Worker 2: 代理 kamoney03.ddns.net:24003.0 設置成功
2024-12-17 17:35:32 [INFO] Worker 9: 代理 kamoney03.ddns.net:24001.0 設置成功
2024-12-17 17:35:33 [INFO] Worker 10: 點擊登錄按鈕成功
2024-12-17 17:35:34 [INFO] Worker 8: 帳號 66646155782 使用 cookies 成功登入
2024-12-17 17:35:34 [INFO] Worker 8: 登錄成功，開始處理帳號 66646155782 的操作...
2024-12-17 17:35:34 [INFO] Worker 8: 開始點擊操作...
2024-12-17 17:35:34 [INFO] Worker 8: 正在開啟貼文: https://www.facebook.com/prestigetaiwan/posts/889301466651603
2024-12-17 17:35:35 [INFO] Worker 2: Cookies 已加載成功: cookies\66637943259_cookies.json
2024-12-17 17:35:35 [INFO] Worker 9: Cookies 已加載成功: cookies\447387826081_cookies.json
2024-12-17 17:35:35 [INFO] Worker 4 隨機停留 7 秒
2024-12-17 17:35:36 [INFO] Worker 3: Cookies 已加載成功: cookies\66619622845_cookies.json
2024-12-17 17:35:36 [INFO] Worker 7: 帳號 66991704166 使用 cookies 成功登入
2024-12-17 17:35:36 [INFO] Worker 7: 登錄成功，開始處理帳號 66991704166 的操作...
2024-12-17 17:35:36 [INFO] Worker 7: 開始點擊操作...
2024-12-17 17:35:36 [INFO] Worker 7: 正在開啟貼文: https://www.facebook.com/prestigetaiwan/posts/889301466651603
2024-12-17 17:35:38 [INFO] Worker 10: 檢測到 2FA 驗證，開始 2FA 驗證流程
2024-12-17 17:35:38 [INFO] Worker 5: 帳號 66990183891 使用 cookies 成功登入
2024-12-17 17:35:38 [INFO] Worker 5: 登錄成功，開始處理帳號 66990183891 的操作...
2024-12-17 17:35:38 [INFO] Worker 5: 開始點擊操作...
2024-12-17 17:35:38 [INFO] Worker 5: 正在開啟貼文: https://www.facebook.com/prestigetaiwan/posts/889301466651603
2024-12-17 17:35:38 [INFO] Worker 10: 點擊「嘗試其他方式」
2024-12-17 17:35:39 [INFO] Worker 9: 帳號 447387826081 使用 cookies 成功登入
2024-12-17 17:35:39 [INFO] Worker 9: 登錄成功，開始處理帳號 447387826081 的操作...
2024-12-17 17:35:39 [INFO] Worker 9: 開始點擊操作...
2024-12-17 17:35:39 [INFO] Worker 9: 正在開啟貼文: https://www.facebook.com/prestigetaiwan/posts/889301466651603
2024-12-17 17:35:40 [INFO] Worker 1: 帳號 66634899161 使用 cookies 成功登入
2024-12-17 17:35:40 [INFO] Worker 1: 登錄成功，開始處理帳號 66634899161 的操作...
2024-12-17 17:35:40 [INFO] Worker 1: 開始點擊操作...
2024-12-17 17:35:40 [INFO] Worker 1: 正在開啟貼文: https://www.facebook.com/prestigetaiwan/posts/889301466651603
2024-12-17 17:35:40 [INFO] Worker 3: 帳號 66619622845 使用 cookies 成功登入
2024-12-17 17:35:40 [INFO] Worker 3: 登錄成功，開始處理帳號 66619622845 的操作...
2024-12-17 17:35:40 [INFO] Worker 3: 開始點擊操作...
2024-12-17 17:35:40 [INFO] Worker 3: 正在開啟貼文: https://www.facebook.com/prestigetaiwan/posts/889301466651603
2024-12-17 17:35:40 [INFO] Worker 2: 帳號 66637943259 使用 cookies 成功登入
2024-12-17 17:35:40 [INFO] Worker 2: 登錄成功，開始處理帳號 66637943259 的操作...
2024-12-17 17:35:40 [INFO] Worker 2: 開始點擊操作...
2024-12-17 17:35:40 [INFO] Worker 2: 正在開啟貼文: https://www.facebook.com/prestigetaiwan/posts/889301466651603
2024-12-17 17:35:40 [INFO] Worker 8 隨機停留 6 秒
2024-12-17 17:35:42 [INFO] Worker 9 隨機停留 8 秒
2024-12-17 17:35:43 [INFO] Worker 10: 點擊「繼續」
2024-12-17 17:35:43 [INFO] Worker 7 隨機停留 6 秒
2024-12-17 17:35:46 [INFO] Worker 1 隨機停留 6 秒
2024-12-17 17:35:47 [INFO] Worker 8: 成功按讚
2024-12-17 17:35:47 [INFO] Worker 8 按讚後隨機停留 5 秒
2024-12-17 17:35:47 [INFO] Worker 10: 2FA 驗證碼已輸入並提交
2024-12-17 17:35:48 [INFO] Worker 2 隨機停留 7 秒
2024-12-17 17:35:51 [INFO] Worker 9: 成功按讚
2024-12-17 17:35:51 [INFO] Worker 9 按讚後隨機停留 4 秒
2024-12-17 17:35:54 [INFO] Worker 8 隨機停留時間: 103 秒
2024-12-17 17:35:54 [INFO] Worker 8: 向下滑動: 287 像素
2024-12-17 17:35:54 [INFO] Worker 1: 成功按讚
2024-12-17 17:35:54 [INFO] Worker 1 按讚後隨機停留 5 秒
2024-12-17 17:35:55 [INFO] Worker 7: 成功按讚
2024-12-17 17:35:55 [INFO] Worker 7 按讚後隨機停留 4 秒
2024-12-17 17:35:55 [INFO] Worker 6 隨機停留 6 秒
2024-12-17 17:35:55 [INFO] Worker 9 隨機停留時間: 84 秒
2024-12-17 17:35:56 [INFO] Worker 5 隨機停留 6 秒
2024-12-17 17:35:56 [INFO] Worker 2: 成功按讚
2024-12-17 17:35:56 [INFO] Worker 2 按讚後隨機停留 3 秒
2024-12-17 17:35:56 [INFO] Worker 9: 向下滑動: 222 像素
2024-12-17 17:35:58 [INFO] Worker 8: 向下滑動: 275 像素
2024-12-17 17:36:01 [INFO] Worker 9: 向下滑動: 359 像素
2024-12-17 17:36:01 [INFO] Worker 1 隨機停留時間: 85 秒
2024-12-17 17:36:01 [INFO] Worker 8: 向下滑動: 333 像素
2024-12-17 17:36:01 [INFO] Worker 1: 向下滑動: 215 像素
2024-12-17 17:36:03 [INFO] Worker 6: 成功按讚
2024-12-17 17:36:03 [INFO] Worker 6 按讚後隨機停留 5 秒
2024-12-17 17:36:03 [INFO] Worker 5: 成功按讚
2024-12-17 17:36:03 [INFO] Worker 5 按讚後隨機停留 3 秒
2024-12-17 17:36:03 [INFO] Worker 10: 2FA 驗證成功
2024-12-17 17:36:03 [INFO] Worker 10: Cookies 已保存到 cookies\66643407753_cookies.json
2024-12-17 17:36:03 [INFO] Worker 10: 帳號 66643407753 登錄成功並保存了新的 cookies
2024-12-17 17:36:03 [INFO] Worker 10: 登錄成功，開始處理帳號 66643407753 的操作...
2024-12-17 17:36:03 [INFO] Worker 10: 開始點擊操作...
2024-12-17 17:36:03 [INFO] Worker 10: 正在開啟貼文: https://www.facebook.com/prestigetaiwan/posts/889301466651603
2024-12-17 17:36:06 [INFO] Worker 4: 成功按讚
2024-12-17 17:36:06 [INFO] Worker 4 按讚後隨機停留 4 秒
2024-12-17 17:36:09 [INFO] Worker 9: 向下滑動: 351 像素
2024-12-17 17:36:09 [INFO] Worker 1: 向下滑動: 371 像素
2024-12-17 17:36:09 [INFO] Worker 8: 向下滑動: 221 像素
2024-12-17 17:36:10 [INFO] Worker 7 隨機停留時間: 69 秒
2024-12-17 17:36:10 [INFO] Worker 2 隨機停留時間: 101 秒
2024-12-17 17:36:10 [INFO] Worker 7: 向下滑動: 236 像素
2024-12-17 17:36:10 [INFO] Worker 2: 向下滑動: 264 像素
2024-12-17 17:36:13 [INFO] Worker 9: 向下滑動: 320 像素
2024-12-17 17:36:13 [INFO] Worker 1: 向下滑動: 354 像素
2024-12-17 17:36:14 [INFO] Worker 8: 向下滑動: 352 像素
2024-12-17 17:36:14 [INFO] Worker 6 隨機停留時間: 93 秒
2024-12-17 17:36:14 [INFO] Worker 6: 向下滑動: 266 像素
2024-12-17 17:36:15 [INFO] Worker 7: 向下滑動: 235 像素
2024-12-17 17:36:15 [INFO] Worker 2: 向下滑動: 200 像素
2024-12-17 17:36:15 [INFO] Worker 5 隨機停留時間: 99 秒
2024-12-17 17:36:17 [INFO] Worker 9: 向下滑動: 329 像素
2024-12-17 17:36:18 [INFO] Worker 1: 向下滑動: 347 像素
2024-12-17 17:36:18 [INFO] Worker 5: 向下滑動: 354 像素
2024-12-17 17:36:18 [INFO] Worker 10 隨機停留 7 秒
2024-12-17 17:36:18 [INFO] Worker 8: 向下滑動: 268 像素
2024-12-17 17:36:19 [INFO] Worker 4 隨機停留時間: 119 秒
2024-12-17 17:36:19 [INFO] Worker 7: 向下滑動: 309 像素
2024-12-17 17:36:20 [INFO] Worker 2: 向下滑動: 395 像素
2024-12-17 17:36:21 [INFO] Worker 9: 向下滑動: 362 像素
2024-12-17 17:36:22 [INFO] Worker 1: 向下滑動: 310 像素
2024-12-17 17:36:22 [INFO] Worker 4: 向下滑動: 261 像素
2024-12-17 17:36:23 [INFO] Worker 8: 向下滑動: 285 像素
2024-12-17 17:36:24 [INFO] Worker 7: 向下滑動: 268 像素
2024-12-17 17:36:24 [INFO] Worker 5: 向下滑動: 295 像素
2024-12-17 17:36:24 [INFO] Worker 2: 向下滑動: 391 像素
2024-12-17 17:36:25 [INFO] Worker 9: 向下滑動: 214 像素
2024-12-17 17:36:26 [INFO] Worker 10: 成功按讚
2024-12-17 17:36:26 [INFO] Worker 10 按讚後隨機停留 3 秒
2024-12-17 17:36:26 [INFO] Worker 1: 向下滑動: 350 像素
2024-12-17 17:36:27 [INFO] Worker 8: 向下滑動: 393 像素
2024-12-17 17:36:27 [INFO] Worker 4: 向下滑動: 328 像素
2024-12-17 17:36:29 [INFO] Worker 7: 向下滑動: 277 像素
2024-12-17 17:36:29 [INFO] Worker 5: 向下滑動: 395 像素
2024-12-17 17:36:29 [INFO] Worker 2: 向下滑動: 208 像素
2024-12-17 17:36:30 [INFO] Worker 9: 向下滑動: 368 像素
2024-12-17 17:36:30 [INFO] Worker 10 隨機停留時間: 72 秒
2024-12-17 17:36:30 [INFO] Worker 10: 向下滑動: 230 像素
2024-12-17 17:36:31 [INFO] Worker 4: 向下滑動: 383 像素
2024-12-17 17:36:31 [INFO] Worker 8: 向下滑動: 393 像素
2024-12-17 17:36:31 [INFO] Worker 1: 向下滑動: 391 像素
2024-12-17 17:36:32 [INFO] Worker 2: 向下滑動: 267 像素
2024-12-17 17:36:32 [INFO] Worker 7: 向下滑動: 380 像素
2024-12-17 17:36:33 [INFO] Worker 5: 向下滑動: 304 像素
2024-12-17 17:36:34 [INFO] Worker 4: 向下滑動: 244 像素
2024-12-17 17:36:35 [INFO] Worker 9: 向下滑動: 272 像素
2024-12-17 17:36:35 [INFO] Worker 1: 向下滑動: 297 像素
2024-12-17 17:36:35 [INFO] Worker 10: 向下滑動: 397 像素
2024-12-17 17:36:35 [INFO] Worker 3 隨機停留 6 秒
2024-12-17 17:36:35 [INFO] Worker 8: 向下滑動: 398 像素
2024-12-17 17:36:36 [INFO] Worker 7: 向下滑動: 381 像素
2024-12-17 17:36:36 [INFO] Worker 5: 向下滑動: 394 像素
2024-12-17 17:36:37 [INFO] Worker 2: 向下滑動: 382 像素
2024-12-17 17:36:38 [INFO] Worker 1: 向下滑動: 336 像素
2024-12-17 17:36:38 [INFO] Worker 4: 向下滑動: 257 像素
2024-12-17 17:36:39 [INFO] Worker 8: 向下滑動: 208 像素
2024-12-17 17:36:39 [INFO] Worker 9: 向下滑動: 217 像素
2024-12-17 17:36:40 [INFO] Worker 10: 向下滑動: 359 像素
2024-12-17 17:36:41 [INFO] Worker 5: 向下滑動: 398 像素
2024-12-17 17:36:41 [INFO] Worker 2: 向下滑動: 301 像素
2024-12-17 17:36:41 [INFO] Worker 7: 向下滑動: 220 像素
2024-12-17 17:36:41 [INFO] Worker 1: 向下滑動: 210 像素
2024-12-17 17:36:43 [INFO] Worker 4: 向下滑動: 227 像素
2024-12-17 17:36:43 [INFO] Worker 9: 向下滑動: 322 像素
2024-12-17 17:36:43 [INFO] Worker 8: 向下滑動: 317 像素
2024-12-17 17:36:44 [INFO] Worker 10: 向下滑動: 231 像素
2024-12-17 17:36:44 [INFO] Worker 3: 成功按讚
2024-12-17 17:36:44 [INFO] Worker 3 按讚後隨機停留 4 秒
2024-12-17 17:36:45 [INFO] Worker 6: 向下滑動: 372 像素
2024-12-17 17:36:45 [INFO] Worker 7: 向下滑動: 255 像素
2024-12-17 17:36:45 [INFO] Worker 5: 向下滑動: 259 像素
2024-12-17 17:36:46 [INFO] Worker 2: 向下滑動: 254 像素
2024-12-17 17:36:46 [INFO] Worker 1: 向下滑動: 214 像素
2024-12-17 17:36:48 [INFO] Worker 4: 向下滑動: 249 像素
2024-12-17 17:36:48 [INFO] Worker 9: 向下滑動: 329 像素
2024-12-17 17:36:48 [INFO] Worker 8: 向下滑動: 258 像素
2024-12-17 17:36:48 [INFO] Worker 10: 向下滑動: 268 像素
2024-12-17 17:36:49 [INFO] Worker 5: 向下滑動: 209 像素
2024-12-17 17:36:49 [INFO] Worker 6: 向下滑動: 357 像素
2024-12-17 17:36:49 [INFO] Worker 2: 向下滑動: 374 像素
2024-12-17 17:36:49 [INFO] Worker 3 隨機停留時間: 106 秒
2024-12-17 17:36:50 [INFO] Worker 7: 向下滑動: 320 像素
2024-12-17 17:36:50 [INFO] Worker 3: 向下滑動: 387 像素
2024-12-17 17:36:50 [INFO] Worker 1: 向下滑動: 242 像素
2024-12-17 17:36:52 [INFO] Worker 5: 向下滑動: 310 像素
2024-12-17 17:36:52 [INFO] Worker 8: 向下滑動: 325 像素
2024-12-17 17:36:53 [INFO] Worker 9: 向下滑動: 361 像素
2024-12-17 17:36:53 [INFO] Worker 4: 向下滑動: 273 像素
2024-12-17 17:36:53 [INFO] Worker 10: 向下滑動: 207 像素
2024-12-17 17:36:53 [INFO] Worker 3: 向下滑動: 278 像素
2024-12-17 17:36:53 [INFO] Worker 1: 向下滑動: 391 像素
2024-12-17 17:36:54 [INFO] Worker 6: 向下滑動: 210 像素
2024-12-17 17:36:54 [INFO] Worker 2: 向下滑動: 259 像素
2024-12-17 17:36:54 [INFO] Worker 7: 向下滑動: 319 像素
2024-12-17 17:36:55 [INFO] Worker 5: 向下滑動: 305 像素
2024-12-17 17:36:56 [INFO] Worker 4: 向下滑動: 308 像素
2024-12-17 17:36:56 [INFO] Worker 9: 向下滑動: 209 像素
2024-12-17 17:36:57 [INFO] Worker 8: 向下滑動: 271 像素
2024-12-17 17:36:57 [INFO] Worker 6: 向下滑動: 278 像素
2024-12-17 17:36:57 [INFO] Worker 1: 向下滑動: 204 像素
2024-12-17 17:36:57 [INFO] Worker 2: 向下滑動: 358 像素
2024-12-17 17:36:58 [INFO] Worker 10: 向下滑動: 200 像素
2024-12-17 17:36:58 [INFO] Worker 3: 向下滑動: 393 像素
2024-12-17 17:36:58 [INFO] Worker 7: 向下滑動: 346 像素
2024-12-17 17:36:59 [INFO] Worker 4: 向下滑動: 254 像素
2024-12-17 17:37:00 [INFO] Worker 5: 向下滑動: 336 像素
2024-12-17 17:37:00 [INFO] Worker 9: 向下滑動: 370 像素
2024-12-17 17:37:01 [INFO] Worker 2: 向下滑動: 292 像素
2024-12-17 17:37:01 [INFO] Worker 8: 向下滑動: 369 像素
2024-12-17 17:37:01 [INFO] Worker 1: 向下滑動: 360 像素
2024-12-17 17:37:01 [INFO] Worker 6: 向下滑動: 320 像素
2024-12-17 17:37:02 [INFO] Worker 10: 向下滑動: 300 像素
2024-12-17 17:37:02 [INFO] Worker 7: 向下滑動: 348 像素
2024-12-17 17:37:03 [INFO] Worker 3: 向下滑動: 234 像素
2024-12-17 17:37:03 [INFO] Worker 5: 向下滑動: 300 像素
2024-12-17 17:37:04 [INFO] Worker 9: 向下滑動: 203 像素
2024-12-17 17:37:04 [INFO] Worker 4: 向下滑動: 247 像素
2024-12-17 17:37:04 [INFO] Worker 2: 向下滑動: 365 像素
2024-12-17 17:37:04 [INFO] Worker 6: 向下滑動: 329 像素
2024-12-17 17:37:05 [INFO] Worker 8: 向下滑動: 201 像素
2024-12-17 17:37:05 [INFO] Worker 10: 向下滑動: 281 像素
2024-12-17 17:37:06 [INFO] Worker 1: 向下滑動: 388 像素
2024-12-17 17:37:07 [INFO] Worker 9: 向下滑動: 249 像素
2024-12-17 17:37:07 [INFO] Worker 7: 向下滑動: 353 像素
2024-12-17 17:37:07 [INFO] Worker 3: 向下滑動: 319 像素
2024-12-17 17:37:07 [INFO] Worker 4: 向下滑動: 289 像素
2024-12-17 17:37:08 [INFO] Worker 8: 向下滑動: 350 像素
2024-12-17 17:37:08 [INFO] Worker 2: 向下滑動: 269 像素
2024-12-17 17:37:08 [INFO] Worker 5: 向下滑動: 219 像素
2024-12-17 17:37:08 [INFO] Worker 10: 向下滑動: 315 像素
2024-12-17 17:37:09 [INFO] Worker 6: 向下滑動: 251 像素
2024-12-17 17:37:10 [INFO] Worker 1: 向下滑動: 270 像素
2024-12-17 17:37:10 [INFO] Worker 7: 向下滑動: 255 像素
2024-12-17 17:37:11 [INFO] Worker 3: 向下滑動: 393 像素
2024-12-17 17:37:11 [INFO] Worker 9: 向下滑動: 238 像素
2024-12-17 17:37:12 [INFO] Worker 10: 向下滑動: 283 像素
2024-12-17 17:37:12 [INFO] Worker 4: 向下滑動: 339 像素
2024-12-17 17:37:13 [INFO] Worker 8: 向下滑動: 300 像素
2024-12-17 17:37:13 [INFO] Worker 2: 向下滑動: 247 像素
2024-12-17 17:37:13 [INFO] Worker 5: 向下滑動: 360 像素
2024-12-17 17:37:13 [INFO] Worker 6: 向下滑動: 399 像素
2024-12-17 17:37:14 [INFO] Worker 7: 向下滑動: 249 像素
2024-12-17 17:37:14 [INFO] Worker 1: 向下滑動: 387 像素
2024-12-17 17:37:15 [INFO] Worker 4: 向下滑動: 323 像素
2024-12-17 17:37:16 [INFO] Worker 3: 向下滑動: 299 像素
2024-12-17 17:37:16 [INFO] Worker 10: 向下滑動: 397 像素
2024-12-17 17:37:16 [INFO] Worker 9: 向下滑動: 321 像素
2024-12-17 17:37:16 [INFO] Worker 2: 向下滑動: 316 像素
2024-12-17 17:37:17 [INFO] Worker 5: 向下滑動: 357 像素
2024-12-17 17:37:17 [INFO] Worker 8: 向下滑動: 207 像素
2024-12-17 17:37:18 [INFO] Worker 7: 向下滑動: 272 像素
2024-12-17 17:37:18 [INFO] Worker 6: 向下滑動: 254 像素
2024-12-17 17:37:19 [INFO] Worker 4: 向下滑動: 337 像素
2024-12-17 17:37:19 [INFO] Worker 1: 向下滑動: 235 像素
2024-12-17 17:37:20 [INFO] Worker 2: 向下滑動: 378 像素
2024-12-17 17:37:20 [INFO] Worker 5: 向下滑動: 348 像素
2024-12-17 17:37:20 [INFO] Worker 10: 向下滑動: 255 像素
2024-12-17 17:37:21 [INFO] Worker 3: 向下滑動: 283 像素
2024-12-17 17:37:21 [INFO] Worker 8: 向下滑動: 257 像素
2024-12-17 17:37:22 [INFO] Worker 6: 向下滑動: 325 像素
2024-12-17 17:37:22 [INFO] Worker 4: 向下滑動: 280 像素
2024-12-17 17:37:22 [INFO] Worker 1: 向下滑動: 283 像素
2024-12-17 17:37:23 [INFO] Worker 5: 向下滑動: 240 像素
2024-12-17 17:37:24 [INFO] Worker 2: 向下滑動: 249 像素
2024-12-17 17:37:24 [INFO] Worker 10: 向下滑動: 363 像素
2024-12-17 17:37:25 [INFO] Worker 8: 向下滑動: 334 像素
2024-12-17 17:37:25 [INFO] Worker 7: 帳號 66991704166 的任務已結束
2024-12-17 17:37:25 [INFO] Worker 11: 開始處理帳號 66954958462
2024-12-17 17:37:25 [INFO] Worker 9: 帳號 447387826081 的任務已結束
2024-12-17 17:37:25 [INFO] Worker 12: 開始處理帳號 66804035563
2024-12-17 17:37:25 [INFO] Worker 6: 向下滑動: 326 像素
2024-12-17 17:37:25 [INFO] Worker 3: 向下滑動: 275 像素
2024-12-17 17:37:26 [INFO] Worker 4: 向下滑動: 320 像素
2024-12-17 17:37:27 [INFO] Worker 5: 向下滑動: 291 像素
2024-12-17 17:37:28 [INFO] Worker 2: 向下滑動: 278 像素
2024-12-17 17:37:29 [INFO] Worker 6: 向下滑動: 361 像素
2024-12-17 17:37:29 [INFO] Worker 10: 向下滑動: 231 像素
2024-12-17 17:37:29 [INFO] Worker 1: 瀏覽器已關閉，任務已完成
2024-12-17 17:37:30 [INFO] Worker 3: 向下滑動: 248 像素
2024-12-17 17:37:30 [INFO] Worker 8: 向下滑動: 395 像素
2024-12-17 17:37:30 [INFO] Worker 4: 向下滑動: 316 像素
2024-12-17 17:37:30 [INFO] Worker 1: 帳號 66634899161 的任務已結束
2024-12-17 17:37:30 [INFO] Worker 13: 開始處理帳號 66823121944
2024-12-17 17:37:31 [INFO] Worker 2: 向下滑動: 400 像素
2024-12-17 17:37:32 [INFO] Worker 5: 向下滑動: 209 像素
2024-12-17 17:37:32 [INFO] Worker 6: 向下滑動: 369 像素
2024-12-17 17:37:33 [INFO] Worker 12: 代理 kamoney03.ddns.net:24007.4388888889 設置成功
2024-12-17 17:37:33 [INFO] Worker 11: 代理 kamoney03.ddns.net:24007.1222222222 設置成功
2024-12-17 17:37:33 [INFO] Worker 12: Cookies 文件 cookies\66804035563_cookies.json 不存在。
2024-12-17 17:37:34 [INFO] Worker 10: 向下滑動: 224 像素
2024-12-17 17:37:34 [INFO] Worker 3: 向下滑動: 272 像素
2024-12-17 17:37:34 [INFO] Worker 8: 向下滑動: 325 像素
2024-12-17 17:37:34 [INFO] Worker 11: Cookies 文件 cookies\66954958462_cookies.json 不存在。
2024-12-17 17:37:34 [INFO] Worker 4: 向下滑動: 216 像素
2024-12-17 17:37:35 [INFO] Worker 6: 向下滑動: 394 像素
2024-12-17 17:37:35 [INFO] Worker 5: 向下滑動: 351 像素
2024-12-17 17:37:36 [INFO] Worker 2: 向下滑動: 248 像素
2024-12-17 17:37:37 [INFO] Worker 10: 向下滑動: 207 像素
2024-12-17 17:37:37 [INFO] Worker 3: 向下滑動: 352 像素
2024-12-17 17:37:38 [INFO] Worker 13: 代理 kamoney03.ddns.net:24007.7555555556 設置成功
2024-12-17 17:37:39 [INFO] Worker 4: 向下滑動: 380 像素
2024-12-17 17:37:39 [INFO] Worker 2: 向下滑動: 238 像素
2024-12-17 17:37:39 [INFO] Worker 13: Cookies 文件 cookies\66823121944_cookies.json 不存在。
2024-12-17 17:37:40 [INFO] Worker 6: 向下滑動: 339 像素
2024-12-17 17:37:40 [INFO] Worker 5: 向下滑動: 250 像素
2024-12-17 17:37:41 [INFO] Worker 10: 向下滑動: 360 像素
2024-12-17 17:37:41 [INFO] Worker 3: 向下滑動: 270 像素
2024-12-17 17:37:42 [INFO] Worker 2: 向下滑動: 255 像素
2024-12-17 17:37:42 [INFO] Worker 4: 向下滑動: 287 像素
2024-12-17 17:37:43 [INFO] Worker 8: 帳號 66646155782 的任務已結束
2024-12-17 17:37:43 [INFO] Worker 14: 開始處理帳號 66814785452
2024-12-17 17:37:43 [INFO] Worker 6: 向下滑動: 292 像素
2024-12-17 17:37:44 [INFO] Worker 11: 點擊登錄按鈕成功
2024-12-17 17:37:44 [INFO] Worker 12: 點擊登錄按鈕成功
2024-12-17 17:37:44 [INFO] Worker 5: 向下滑動: 280 像素
2024-12-17 17:37:44 [INFO] Worker 11: 檢測到 2FA 驗證，開始 2FA 驗證流程
2024-12-17 17:37:44 [INFO] Worker 3: 向下滑動: 390 像素
2024-12-17 17:37:44 [INFO] Worker 12: 檢測到 2FA 驗證，開始 2FA 驗證流程
2024-12-17 17:37:44 [INFO] Worker 11: 點擊「嘗試其他方式」
2024-12-17 17:37:44 [INFO] Worker 12: 點擊「嘗試其他方式」
2024-12-17 17:37:46 [INFO] Worker 11: 點擊「繼續」
2024-12-17 17:37:46 [INFO] Worker 2: 向下滑動: 207 像素
2024-12-17 17:37:46 [INFO] Worker 4: 向下滑動: 391 像素
2024-12-17 17:37:48 [INFO] Worker 10: 帳號 66643407753 的任務已結束
2024-12-17 17:37:48 [INFO] Worker 13: 點擊登錄按鈕成功
2024-12-17 17:37:48 [INFO] Worker 13: 檢測到 2FA 驗證，開始 2FA 驗證流程
2024-12-17 17:37:48 [INFO] Worker 13: 點擊「嘗試其他方式」
2024-12-17 17:37:48 [INFO] Worker 5: 向下滑動: 278 像素
2024-12-17 17:37:48 [INFO] Worker 3: 向下滑動: 320 像素
2024-12-17 17:37:49 [INFO] Worker 12: 點擊「繼續」
2024-12-17 17:37:49 [INFO] Worker 2: 向下滑動: 268 像素
2024-12-17 17:37:50 [INFO] Worker 4: 向下滑動: 274 像素
2024-12-17 17:37:50 [INFO] Worker 14: 代理 kamoney03.ddns.net:24008.0722222222 設置成功
2024-12-17 17:37:51 [INFO] Worker 14: Cookies 文件 cookies\66814785452_cookies.json 不存在。
2024-12-17 17:37:51 [INFO] Worker 11: 2FA 驗證碼已輸入並提交
2024-12-17 17:37:51 [INFO] Worker 13: 點擊「繼續」
2024-12-17 17:37:52 [INFO] Worker 6: 帳號 66823237283 的任務已結束
2024-12-17 17:37:52 [INFO] Worker 5: 向下滑動: 300 像素
2024-12-17 17:37:52 [INFO] Worker 3: 向下滑動: 254 像素
2024-12-17 17:37:53 [INFO] Worker 12: 2FA 驗證碼已輸入並提交
2024-12-17 17:37:54 [INFO] Worker 4: 向下滑動: 299 像素
2024-12-17 17:37:55 [INFO] Worker 13: 2FA 驗證碼已輸入並提交
2024-12-17 17:37:55 [INFO] Worker 2: 瀏覽器已關閉，任務已完成
2024-12-17 17:37:56 [INFO] Worker 3: 向下滑動: 363 像素
2024-12-17 17:37:56 [INFO] Worker 2: 帳號 66637943259 的任務已結束
2024-12-17 17:37:57 [INFO] Worker 4: 向下滑動: 330 像素
2024-12-17 17:37:58 [INFO] Worker 5: 帳號 66990183891 的任務已結束
2024-12-17 17:38:00 [INFO] Worker 14: 點擊登錄按鈕成功
2024-12-17 17:38:00 [INFO] Worker 14: 檢測到 2FA 驗證，開始 2FA 驗證流程
2024-12-17 17:38:00 [INFO] Worker 3: 向下滑動: 203 像素
2024-12-17 17:38:00 [INFO] Worker 14: 點擊「嘗試其他方式」
2024-12-17 17:38:02 [INFO] Worker 4: 向下滑動: 302 像素
2024-12-17 17:38:04 [INFO] Worker 14: 點擊「繼續」
2024-12-17 17:38:04 [INFO] Worker 3: 向下滑動: 206 像素
2024-12-17 17:38:07 [INFO] Worker 4: 向下滑動: 228 像素
2024-12-17 17:38:08 [INFO] Worker 14: 2FA 驗證碼已輸入並提交
2024-12-17 17:38:08 [INFO] Worker 11: 2FA 驗證成功
2024-12-17 17:38:08 [INFO] Worker 11: Cookies 已保存到 cookies\66954958462_cookies.json
2024-12-17 17:38:08 [INFO] Worker 11: 帳號 66954958462 登錄成功並保存了新的 cookies
2024-12-17 17:38:08 [INFO] Worker 11: 登錄成功，開始處理帳號 66954958462 的操作...
2024-12-17 17:38:08 [INFO] Worker 11: 開始點擊操作...
2024-12-17 17:38:08 [INFO] Worker 11: 正在開啟貼文: https://www.facebook.com/prestigetaiwan/posts/889301466651603
2024-12-17 17:38:09 [INFO] Worker 3: 向下滑動: 328 像素
2024-12-17 17:38:10 [INFO] Worker 13: 2FA 驗證成功
2024-12-17 17:38:10 [INFO] Worker 4: 向下滑動: 307 像素
2024-12-17 17:38:11 [INFO] Worker 13: Cookies 已保存到 cookies\66823121944_cookies.json
2024-12-17 17:38:11 [INFO] Worker 13: 帳號 66823121944 登錄成功並保存了新的 cookies
2024-12-17 17:38:11 [INFO] Worker 13: 登錄成功，開始處理帳號 66823121944 的操作...
2024-12-17 17:38:11 [INFO] Worker 13: 開始點擊操作...
2024-12-17 17:38:11 [INFO] Worker 13: 正在開啟貼文: https://www.facebook.com/prestigetaiwan/posts/889301466651603
2024-12-17 17:38:11 [INFO] Worker 12: 2FA 驗證成功
2024-12-17 17:38:11 [INFO] Worker 12: Cookies 已保存到 cookies\66804035563_cookies.json
2024-12-17 17:38:11 [INFO] Worker 12: 帳號 66804035563 登錄成功並保存了新的 cookies
2024-12-17 17:38:11 [INFO] Worker 12: 登錄成功，開始處理帳號 66804035563 的操作...
2024-12-17 17:38:11 [INFO] Worker 12: 開始點擊操作...
2024-12-17 17:38:11 [INFO] Worker 12: 正在開啟貼文: https://www.facebook.com/prestigetaiwan/posts/889301466651603
2024-12-17 17:38:11 [INFO] Worker 11 隨機停留 6 秒
2024-12-17 17:38:13 [INFO] Worker 4: 向下滑動: 364 像素
2024-12-17 17:38:14 [INFO] Worker 13 隨機停留 8 秒
2024-12-17 17:38:14 [INFO] Worker 3: 向下滑動: 367 像素
2024-12-17 17:38:14 [INFO] Worker 12 隨機停留 6 秒
2024-12-17 17:38:18 [INFO] Worker 11: 成功按讚
2024-12-17 17:38:18 [INFO] Worker 11 按讚後隨機停留 5 秒
2024-12-17 17:38:18 [INFO] Worker 3: 向下滑動: 272 像素
2024-12-17 17:38:20 [INFO] Worker 12: 成功按讚
2024-12-17 17:38:20 [INFO] Worker 12 按讚後隨機停留 5 秒
2024-12-17 17:38:21 [INFO] Worker 4: 帳號 66935324825 的任務已結束
2024-12-17 17:38:22 [INFO] Worker 3: 向下滑動: 375 像素
2024-12-17 17:38:22 [INFO] Worker 13: 成功按讚
2024-12-17 17:38:22 [INFO] Worker 13 按讚後隨機停留 3 秒
2024-12-17 17:38:23 [INFO] Worker 11 隨機停留時間: 100 秒
2024-12-17 17:38:23 [INFO] Worker 11: 向下滑動: 291 像素
2024-12-17 17:38:25 [INFO] Worker 13 隨機停留時間: 115 秒
2024-12-17 17:38:25 [INFO] Worker 13: 向下滑動: 384 像素
2024-12-17 17:38:26 [INFO] Worker 12 隨機停留時間: 117 秒
2024-12-17 17:38:26 [INFO] Worker 12: 向下滑動: 241 像素
2024-12-17 17:38:26 [INFO] Worker 3: 向下滑動: 351 像素
2024-12-17 17:38:27 [INFO] Worker 14: 2FA 驗證成功
2024-12-17 17:38:27 [INFO] Worker 14: Cookies 已保存到 cookies\66814785452_cookies.json
2024-12-17 17:38:27 [INFO] Worker 14: 帳號 66814785452 登錄成功並保存了新的 cookies
2024-12-17 17:38:27 [INFO] Worker 14: 登錄成功，開始處理帳號 66814785452 的操作...
2024-12-17 17:38:27 [INFO] Worker 14: 開始點擊操作...
2024-12-17 17:38:27 [INFO] Worker 14: 正在開啟貼文: https://www.facebook.com/prestigetaiwan/posts/889301466651603
2024-12-17 17:38:28 [INFO] Worker 11: 向下滑動: 229 像素
2024-12-17 17:38:29 [INFO] Worker 13: 向下滑動: 371 像素
2024-12-17 17:38:29 [INFO] Worker 12: 向下滑動: 387 像素
2024-12-17 17:38:30 [INFO] Worker 3: 向下滑動: 381 像素
2024-12-17 17:38:32 [INFO] Worker 11: 向下滑動: 245 像素
2024-12-17 17:38:33 [INFO] Worker 13: 向下滑動: 207 像素
2024-12-17 17:38:34 [INFO] Worker 14 隨機停留 6 秒
2024-12-17 17:38:34 [INFO] Worker 3: 向下滑動: 273 像素
2024-12-17 17:38:34 [INFO] Worker 12: 向下滑動: 354 像素
2024-12-17 17:38:36 [INFO] Worker 11: 向下滑動: 331 像素
2024-12-17 17:38:36 [INFO] Worker 13: 向下滑動: 263 像素
2024-12-17 17:38:38 [INFO] Worker 12: 向下滑動: 374 像素
2024-12-17 17:38:40 [INFO] Worker 13: 向下滑動: 297 像素
2024-12-17 17:38:40 [INFO] Worker 14: 成功按讚
2024-12-17 17:38:40 [INFO] Worker 14 按讚後隨機停留 3 秒
2024-12-17 17:38:40 [INFO] Worker 3: 帳號 66619622845 的任務已結束
2024-12-17 17:38:41 [INFO] Worker 11: 向下滑動: 399 像素
2024-12-17 17:38:43 [INFO] Worker 13: 向下滑動: 278 像素
2024-12-17 17:38:43 [INFO] Worker 12: 向下滑動: 200 像素
2024-12-17 17:38:43 [INFO] Worker 14 隨機停留時間: 93 秒
2024-12-17 17:38:43 [INFO] Worker 14: 向下滑動: 325 像素
2024-12-17 17:38:45 [INFO] Worker 11: 向下滑動: 368 像素
2024-12-17 17:38:46 [INFO] Worker 13: 向下滑動: 321 像素
2024-12-17 17:38:47 [INFO] Worker 12: 向下滑動: 338 像素
2024-12-17 17:38:47 [INFO] Worker 14: 向下滑動: 289 像素
2024-12-17 17:38:50 [INFO] Worker 11: 向下滑動: 244 像素
2024-12-17 17:38:50 [INFO] Worker 13: 向下滑動: 399 像素
2024-12-17 17:38:51 [INFO] Worker 14: 向下滑動: 340 像素
2024-12-17 17:38:51 [INFO] Worker 12: 向下滑動: 219 像素
2024-12-17 17:38:53 [INFO] Worker 11: 向下滑動: 220 像素
2024-12-17 17:38:54 [INFO] Worker 14: 向下滑動: 276 像素
2024-12-17 17:38:54 [INFO] Worker 12: 向下滑動: 309 像素
2024-12-17 17:38:54 [INFO] Worker 13: 向下滑動: 324 像素
2024-12-17 17:38:58 [INFO] Worker 13: 向下滑動: 346 像素
2024-12-17 17:38:58 [INFO] Worker 11: 向下滑動: 218 像素
2024-12-17 17:38:59 [INFO] Worker 14: 向下滑動: 276 像素
2024-12-17 17:38:59 [INFO] Worker 12: 向下滑動: 241 像素
2024-12-17 17:39:01 [INFO] Worker 13: 向下滑動: 293 像素
2024-12-17 17:39:01 [INFO] Worker 11: 向下滑動: 383 像素
2024-12-17 17:39:03 [INFO] Worker 14: 向下滑動: 325 像素
2024-12-17 17:39:03 [INFO] Worker 12: 向下滑動: 248 像素
2024-12-17 17:39:05 [INFO] Worker 11: 向下滑動: 256 像素
2024-12-17 17:39:05 [INFO] Worker 13: 向下滑動: 216 像素
2024-12-17 17:39:06 [INFO] Worker 14: 向下滑動: 296 像素
2024-12-17 17:39:07 [INFO] Worker 12: 向下滑動: 307 像素
2024-12-17 17:39:09 [INFO] Worker 13: 向下滑動: 278 像素
2024-12-17 17:39:09 [INFO] Worker 11: 向下滑動: 358 像素
2024-12-17 17:39:09 [INFO] Worker 14: 向下滑動: 320 像素
2024-12-17 17:39:11 [INFO] Worker 12: 向下滑動: 310 像素
2024-12-17 17:39:12 [INFO] Worker 14: 向下滑動: 269 像素
2024-12-17 17:39:13 [INFO] Worker 11: 向下滑動: 346 像素
2024-12-17 17:39:13 [INFO] Worker 13: 向下滑動: 387 像素
2024-12-17 17:39:16 [INFO] Worker 12: 向下滑動: 372 像素
2024-12-17 17:39:16 [INFO] Worker 11: 向下滑動: 337 像素
2024-12-17 17:39:16 [INFO] Worker 14: 向下滑動: 237 像素
2024-12-17 17:39:17 [INFO] Worker 13: 向下滑動: 307 像素
2024-12-17 17:39:19 [INFO] Worker 12: 向下滑動: 245 像素
2024-12-17 17:39:20 [INFO] Worker 14: 向下滑動: 298 像素
2024-12-17 17:39:20 [INFO] Worker 11: 向下滑動: 243 像素
2024-12-17 17:39:21 [INFO] Worker 13: 向下滑動: 381 像素
2024-12-17 17:39:23 [INFO] Worker 12: 向下滑動: 360 像素
2024-12-17 17:39:24 [INFO] Worker 14: 向下滑動: 339 像素
2024-12-17 17:39:25 [INFO] Worker 11: 向下滑動: 360 像素
2024-12-17 17:39:26 [INFO] Worker 13: 向下滑動: 269 像素
2024-12-17 17:39:28 [INFO] Worker 12: 向下滑動: 206 像素
2024-12-17 17:39:28 [INFO] Worker 14: 向下滑動: 389 像素
2024-12-17 17:39:30 [INFO] Worker 13: 向下滑動: 388 像素
2024-12-17 17:39:30 [INFO] Worker 11: 向下滑動: 205 像素
2024-12-17 17:39:31 [INFO] Worker 12: 向下滑動: 353 像素
2024-12-17 17:39:32 [INFO] Worker 14: 向下滑動: 342 像素
2024-12-17 17:39:35 [INFO] Worker 13: 向下滑動: 294 像素
2024-12-17 17:39:35 [INFO] Worker 11: 向下滑動: 400 像素
2024-12-17 17:39:36 [INFO] Worker 12: 向下滑動: 316 像素
2024-12-17 17:39:36 [INFO] Worker 14: 向下滑動: 397 像素
2024-12-17 17:39:39 [INFO] Worker 13: 向下滑動: 275 像素
2024-12-17 17:39:40 [INFO] Worker 11: 向下滑動: 219 像素
2024-12-17 17:39:40 [INFO] Worker 12: 向下滑動: 260 像素
2024-12-17 17:39:40 [INFO] Worker 14: 向下滑動: 276 像素
2024-12-17 17:39:43 [INFO] Worker 13: 向下滑動: 295 像素
2024-12-17 17:39:43 [INFO] Worker 11: 向下滑動: 346 像素
2024-12-17 17:39:44 [INFO] Worker 12: 向下滑動: 227 像素
2024-12-17 17:39:45 [INFO] Worker 14: 向下滑動: 279 像素
2024-12-17 17:39:47 [INFO] Worker 13: 向下滑動: 275 像素
2024-12-17 17:39:48 [INFO] Worker 12: 向下滑動: 320 像素
2024-12-17 17:39:48 [INFO] Worker 11: 向下滑動: 347 像素
2024-12-17 17:39:49 [INFO] Worker 14: 向下滑動: 361 像素
2024-12-17 17:39:50 [INFO] Worker 13: 向下滑動: 342 像素
2024-12-17 17:39:52 [INFO] Worker 11: 向下滑動: 260 像素
2024-12-17 17:39:52 [INFO] Worker 14: 向下滑動: 227 像素
2024-12-17 17:39:53 [INFO] Worker 12: 向下滑動: 338 像素
2024-12-17 17:39:55 [INFO] Worker 13: 向下滑動: 320 像素
2024-12-17 17:39:56 [INFO] Worker 11: 向下滑動: 328 像素
2024-12-17 17:39:56 [INFO] Worker 14: 向下滑動: 297 像素
2024-12-17 17:39:57 [INFO] Worker 12: 向下滑動: 390 像素
2024-12-17 17:39:59 [INFO] Worker 13: 向下滑動: 334 像素
2024-12-17 17:39:59 [INFO] Worker 11: 向下滑動: 263 像素
2024-12-17 17:40:01 [INFO] Worker 14: 向下滑動: 373 像素
2024-12-17 17:40:01 [INFO] Worker 12: 向下滑動: 337 像素
2024-12-17 17:40:02 [INFO] Worker 13: 向下滑動: 269 像素
2024-12-17 17:40:05 [INFO] Worker 12: 向下滑動: 203 像素
2024-12-17 17:40:06 [INFO] Worker 11: 帳號 66954958462 的任務已結束
2024-12-17 17:40:06 [INFO] Worker 14: 向下滑動: 345 像素
2024-12-17 17:40:06 [INFO] Worker 13: 向下滑動: 255 像素
2024-12-17 17:40:09 [INFO] Worker 14: 向下滑動: 308 像素
2024-12-17 17:40:09 [INFO] Worker 13: 向下滑動: 243 像素
2024-12-17 17:40:10 [INFO] Worker 12: 向下滑動: 293 像素
2024-12-17 17:40:13 [INFO] Worker 13: 向下滑動: 209 像素
2024-12-17 17:40:13 [INFO] Worker 14: 向下滑動: 364 像素
2024-12-17 17:40:14 [INFO] Worker 12: 向下滑動: 368 像素
2024-12-17 17:40:16 [INFO] Worker 13: 向下滑動: 273 像素
2024-12-17 17:40:18 [INFO] Worker 12: 向下滑動: 286 像素
2024-12-17 17:40:19 [INFO] Worker 14: 瀏覽器已關閉，任務已完成
2024-12-17 17:40:19 [INFO] Worker 14: 帳號 66814785452 的任務已結束
2024-12-17 17:40:19 [INFO] Worker 13: 向下滑動: 372 像素
2024-12-17 17:40:21 [INFO] Worker 12: 向下滑動: 232 像素
2024-12-17 17:40:25 [INFO] Worker 13: 帳號 66823121944 的任務已結束
2024-12-17 17:40:28 [INFO] Worker 12: 帳號 66804035563 的任務已結束
