2024-12-18 14:39:18 [INFO] 請選擇您要使用的 Excel 檔案...
2024-12-18 14:39:21 [INFO] 選擇的 Excel 檔案路徑：C:/Users/user/Desktop/SuChenAI/Factbook-RPA-clickurl/data/fb_account_data_test.xlsx
2024-12-18 14:39:21 [INFO] 請輸入最大多開數量 (1-10，預設為 1):
2024-12-18 14:39:23 [INFO] 最大多開數量已設定為：8
2024-12-18 14:39:23 [INFO] 螢幕寬度：2560，螢幕高度：1440，縮放比例：1.5
2024-12-18 14:39:23 [INFO] 開始處理跳轉帳號...
2024-12-18 14:39:23 [INFO] Worker 1: 開始處理帳號 66634899161
2024-12-18 14:39:23 [INFO] Worker 2: 開始處理帳號 66637943259
2024-12-18 14:39:23 [INFO] Worker 3: 開始處理帳號 66634899161
2024-12-18 14:39:23 [INFO] Worker 4: 開始處理帳號 66637943259
2024-12-18 14:39:23 [INFO] Worker 5: 開始處理帳號 66619622845
2024-12-18 14:39:23 [INFO] Worker 6: 開始處理帳號 66935324825
2024-12-18 14:39:23 [INFO] Worker 7: 開始處理帳號 66990183891
2024-12-18 14:39:23 [INFO] Worker 8: 開始處理帳號 66823237283
2024-12-18 14:39:23 [INFO] 開始監控任務狀態...
2024-12-18 14:39:31 [INFO] Worker 1: 代理 kamoney03.ddns.net:24004 設置成功
2024-12-18 14:39:32 [INFO] Worker 4: 代理 kamoney03.ddns.net:24003 設置成功
2024-12-18 14:39:32 [INFO] Worker 6: 代理 kamoney03.ddns.net:24006 設置成功
2024-12-18 14:39:33 [INFO] Worker 1: Cookies 已加載成功: cookies\66634899161_cookies.json
2024-12-18 14:39:33 [INFO] Worker 4: Cookies 已加載成功: cookies\66637943259_cookies.json
2024-12-18 14:39:33 [INFO] Worker 6: Cookies 已加載成功: cookies\66935324825_cookies.json
2024-12-18 14:39:34 [INFO] Worker 5: 代理 kamoney03.ddns.net:24005 設置成功
2024-12-18 14:39:34 [INFO] Worker 2: 代理 kamoney03.ddns.net:24003 設置成功
2024-12-18 14:39:35 [INFO] Worker 8: 代理 kamoney03.ddns.net:24008 設置成功
2024-12-18 14:39:35 [INFO] Worker 5: Cookies 已加載成功: cookies\66619622845_cookies.json
2024-12-18 14:39:36 [INFO] Worker 2: Cookies 已加載成功: cookies\66637943259_cookies.json
2024-12-18 14:39:36 [INFO] Worker 6: 帳號 66935324825 使用 cookies 成功登入
2024-12-18 14:39:36 [INFO] Worker 6: 登錄成功，開始處理帳號 66935324825 的操作...
2024-12-18 14:39:36 [INFO] Worker 6: 開始跳轉操作...
2024-12-18 14:39:36 [INFO] Worker 6: 正在開啟貼文: https://www.facebook.com/share/1HAVpvaRDF/
2024-12-18 14:39:36 [INFO] Worker 3: 代理 kamoney03.ddns.net:24004 設置成功
2024-12-18 14:39:36 [INFO] Worker 7: 代理 kamoney03.ddns.net:24001 設置成功
2024-12-18 14:39:37 [INFO] Worker 4: 帳號 66637943259 使用 cookies 成功登入
2024-12-18 14:39:37 [INFO] Worker 4: 登錄成功，開始處理帳號 66637943259 的操作...
2024-12-18 14:39:37 [INFO] Worker 4: 開始跳轉操作...
2024-12-18 14:39:37 [INFO] Worker 4: 正在開啟貼文: https://www.facebook.com/share/1HAVpvaRDF/
2024-12-18 14:39:37 [INFO] Worker 8: Cookies 已加載成功: cookies\66823237283_cookies.json
2024-12-18 14:39:38 [INFO] Worker 1: 帳號 66634899161 使用 cookies 成功登入
2024-12-18 14:39:38 [INFO] Worker 1: 登錄成功，開始處理帳號 66634899161 的操作...
2024-12-18 14:39:38 [INFO] Worker 1: 開始跳轉操作...
2024-12-18 14:39:38 [INFO] Worker 1: 正在開啟貼文: https://www.facebook.com/share/1HAVpvaRDF/
2024-12-18 14:39:39 [INFO] Worker 3: Cookies 已加載成功: cookies\66634899161_cookies.json
2024-12-18 14:39:39 [INFO] Worker 7: Cookies 已加載成功: cookies\66990183891_cookies.json
2024-12-18 14:39:39 [INFO] Worker 5: 帳號 66619622845 使用 cookies 成功登入
2024-12-18 14:39:39 [INFO] Worker 5: 登錄成功，開始處理帳號 66619622845 的操作...
2024-12-18 14:39:39 [INFO] Worker 5: 開始跳轉操作...
2024-12-18 14:39:39 [INFO] Worker 5: 正在開啟貼文: https://www.facebook.com/share/1HAVpvaRDF/
2024-12-18 14:39:40 [INFO] Worker 6 隨機停留 8 秒
2024-12-18 14:39:40 [INFO] Worker 2: 帳號 66637943259 使用 cookies 成功登入
2024-12-18 14:39:40 [INFO] Worker 2: 登錄成功，開始處理帳號 66637943259 的操作...
2024-12-18 14:39:40 [INFO] Worker 2: 開始跳轉操作...
2024-12-18 14:39:40 [INFO] Worker 2: 正在開啟貼文: https://www.facebook.com/share/1HAVpvaRDF/
2024-12-18 14:39:43 [INFO] Worker 4 隨機停留 8 秒
2024-12-18 14:39:43 [INFO] Worker 8: 帳號 66823237283 使用 cookies 成功登入
2024-12-18 14:39:43 [INFO] Worker 8: 登錄成功，開始處理帳號 66823237283 的操作...
2024-12-18 14:39:43 [INFO] Worker 8: 開始跳轉操作...
2024-12-18 14:39:43 [INFO] Worker 8: 正在開啟貼文: https://www.facebook.com/share/1HAVpvaRDF/
2024-12-18 14:39:44 [INFO] Worker 1 隨機停留 6 秒
2024-12-18 14:39:44 [INFO] Worker 2 隨機停留 7 秒
2024-12-18 14:39:45 [INFO] Worker 5 隨機停留 7 秒
2024-12-18 14:39:46 [INFO] Worker 3: 帳號 66634899161 使用 cookies 成功登入
2024-12-18 14:39:46 [INFO] Worker 3: 登錄成功，開始處理帳號 66634899161 的操作...
2024-12-18 14:39:46 [INFO] Worker 3: 開始跳轉操作...
2024-12-18 14:39:46 [INFO] Worker 3: 正在開啟貼文: https://www.facebook.com/share/1HAVpvaRDF/
2024-12-18 14:39:46 [INFO] Worker 7: 帳號 66990183891 使用 cookies 成功登入
2024-12-18 14:39:46 [INFO] Worker 7: 登錄成功，開始處理帳號 66990183891 的操作...
2024-12-18 14:39:46 [INFO] Worker 7: 開始跳轉操作...
2024-12-18 14:39:46 [INFO] Worker 7: 正在開啟貼文: https://www.facebook.com/share/1HAVpvaRDF/
2024-12-18 14:39:47 [INFO] Worker 8 隨機停留 7 秒
2024-12-18 14:39:49 [INFO] Worker 3 隨機停留 6 秒
2024-12-18 14:39:50 [INFO] Worker 7 隨機停留 8 秒
2024-12-18 14:39:51 [INFO] Worker 4: 貼文已按過讚，無需重複操作
2024-12-18 14:39:51 [INFO] Worker 4 按讚後隨機停留 3 秒
2024-12-18 14:39:52 [INFO] Worker 2: 貼文已按過讚，無需重複操作
2024-12-18 14:39:52 [INFO] Worker 2 按讚後隨機停留 5 秒
2024-12-18 14:39:53 [INFO] Worker 1: 貼文已按過讚，無需重複操作
2024-12-18 14:39:53 [INFO] Worker 1 按讚後隨機停留 3 秒
2024-12-18 14:39:54 [INFO] Worker 6: 貼文已按過讚，無需重複操作
2024-12-18 14:39:54 [INFO] Worker 6 按讚後隨機停留 3 秒
2024-12-18 14:39:54 [INFO] Worker 5: 貼文已按過讚，無需重複操作
2024-12-18 14:39:54 [INFO] Worker 5 按讚後隨機停留 5 秒
2024-12-18 14:39:54 [INFO] Worker 4: 正在開啟網站: https://lihi.cc/fCuUd
2024-12-18 14:39:54 [INFO] Worker 8: 貼文已按過讚，無需重複操作
2024-12-18 14:39:54 [INFO] Worker 8 按讚後隨機停留 4 秒
2024-12-18 14:39:56 [INFO] Worker 3: 貼文已按過讚，無需重複操作
2024-12-18 14:39:56 [INFO] Worker 3 按讚後隨機停留 4 秒
2024-12-18 14:39:56 [INFO] Worker 1: 正在開啟網站: https://lihi.cc/fCuUd
2024-12-18 14:39:57 [INFO] Worker 2: 正在開啟網站: https://lihi.cc/fCuUd
2024-12-18 14:39:57 [INFO] Worker 6: 正在開啟網站: https://lihi.cc/fCuUd
2024-12-18 14:39:57 [INFO] Worker 4 隨機停留時間: 141 秒
2024-12-18 14:39:58 [INFO] Worker 7: 貼文已按過讚，無需重複操作
2024-12-18 14:39:58 [INFO] Worker 7 按讚後隨機停留 3 秒
2024-12-18 14:39:58 [INFO] Worker 8: 正在開啟網站: https://lihi.cc/fCuUd
2024-12-18 14:39:58 [INFO] Worker 1 隨機停留時間: 150 秒
2024-12-18 14:39:59 [INFO] Worker 5: 正在開啟網站: https://lihi.cc/fCuUd
2024-12-18 14:39:59 [INFO] Worker 2 隨機停留時間: 194 秒
2024-12-18 14:40:00 [INFO] Worker 3: 正在開啟網站: https://lihi.cc/fCuUd
2024-12-18 14:40:01 [INFO] Worker 7: 正在開啟網站: https://lihi.cc/fCuUd
2024-12-18 14:40:01 [INFO] Worker 8 隨機停留時間: 187 秒
2024-12-18 14:40:01 [INFO] Worker 6 隨機停留時間: 153 秒
2024-12-18 14:40:01 [INFO] Worker 5 隨機停留時間: 186 秒
2024-12-18 14:40:01 [INFO] Worker 4: 向下滑動: 325 像素，並等待 4.459679816048223 秒
2024-12-18 14:40:02 [INFO] Worker 3 隨機停留時間: 166 秒
2024-12-18 14:40:04 [INFO] Worker 1: 向下滑動: 334 像素，並等待 4.999844502647596 秒
2024-12-18 14:40:04 [INFO] Worker 2: 向下滑動: 314 像素，並等待 4.748428030747497 秒
2024-12-18 14:40:04 [INFO] Worker 5: 向下滑動: 247 像素，並等待 3.0539886977270516 秒
2024-12-18 14:40:04 [INFO] Worker 4: 向下滑動: 277 像素，並等待 3.0351579320911934 秒
2024-12-18 14:40:05 [INFO] Worker 7 隨機停留時間: 180 秒
2024-12-18 14:40:05 [INFO] Worker 3: 向下滑動: 272 像素，並等待 3.1709905787226695 秒
2024-12-18 14:40:05 [INFO] Worker 6: 向下滑動: 215 像素，並等待 4.368007390530474 秒
2024-12-18 14:40:05 [INFO] Worker 8: 向下滑動: 207 像素，並等待 4.4848453429198365 秒
2024-12-18 14:40:07 [INFO] Worker 2: 向下滑動: 296 像素，並等待 3.086106104730961 秒
2024-12-18 14:40:07 [INFO] Worker 1: 向下滑動: 218 像素，並等待 3.7152531722071185 秒
2024-12-18 14:40:08 [INFO] Worker 5: 向下滑動: 255 像素，並等待 3.420244402358586 秒
2024-12-18 14:40:08 [INFO] Worker 3: 向下滑動: 267 像素，並等待 3.03481992118504 秒
2024-12-18 14:40:09 [INFO] Worker 7: 向下滑動: 381 像素，並等待 3.737735319911067 秒
2024-12-18 14:40:09 [INFO] Worker 6: 向下滑動: 243 像素，並等待 3.1808709063166525 秒
2024-12-18 14:40:09 [INFO] Worker 4: 向下滑動: 364 像素，並等待 4.452506012745946 秒
2024-12-18 14:40:10 [INFO] Worker 8: 向下滑動: 335 像素，並等待 4.4187601667645335 秒
2024-12-18 14:40:10 [INFO] Worker 1: 向下滑動: 210 像素，並等待 3.1372284532838908 秒
2024-12-18 14:40:12 [INFO] Worker 2: 向下滑動: 309 像素，並等待 4.756503103333673 秒
2024-12-18 14:40:12 [INFO] Worker 6: 向下滑動: 315 像素，並等待 3.3763738190867327 秒
2024-12-18 14:40:12 [INFO] Worker 3: 向下滑動: 319 像素，並等待 3.987509581150682 秒
2024-12-18 14:40:12 [INFO] Worker 4: 向下滑動: 257 像素，並等待 3.5688440102785823 秒
2024-12-18 14:40:13 [INFO] Worker 7: 向下滑動: 287 像素，並等待 3.913344806828386 秒
2024-12-18 14:40:13 [INFO] Worker 5: 向下滑動: 359 像素，並等待 4.951211506272758 秒
2024-12-18 14:40:14 [INFO] Worker 8: 向下滑動: 298 像素，並等待 4.124726674988572 秒
2024-12-18 14:40:15 [INFO] Worker 1: 向下滑動: 262 像素，並等待 4.154355502529699 秒
2024-12-18 14:40:15 [INFO] Worker 6: 向下滑動: 274 像素，並等待 3.101602908912845 秒
2024-12-18 14:40:16 [INFO] Worker 4: 向下滑動: 320 像素，並等待 3.197736727314435 秒
2024-12-18 14:40:16 [INFO] Worker 5: 向下滑動: 369 像素，並等待 3.274586641302144 秒
2024-12-18 14:40:16 [INFO] Worker 2: 向下滑動: 226 像素，並等待 4.6406989982122235 秒
2024-12-18 14:40:17 [INFO] Worker 3: 向下滑動: 292 像素，並等待 4.43463943004409 秒
2024-12-18 14:40:17 [INFO] Worker 7: 向下滑動: 325 像素，並等待 4.455530657673544 秒
2024-12-18 14:40:17 [INFO] Worker 8: 向下滑動: 348 像素，並等待 3.039213435029818 秒
2024-12-18 14:40:18 [INFO] Worker 6: 向下滑動: 392 像素，並等待 3.3569525461984377 秒
2024-12-18 14:40:19 [INFO] Worker 1: 向下滑動: 202 像素，並等待 4.230274420293933 秒
2024-12-18 14:40:19 [INFO] Worker 4: 向下滑動: 348 像素，並等待 3.4527260351398317 秒
2024-12-18 14:40:20 [INFO] Worker 5: 向下滑動: 266 像素，並等待 3.6682686052635853 秒
2024-12-18 14:40:20 [INFO] Worker 2: 向下滑動: 306 像素，並等待 4.164041335828104 秒
2024-12-18 14:40:21 [INFO] Worker 8: 向下滑動: 217 像素，並等待 3.4703260374729776 秒
2024-12-18 14:40:21 [INFO] Worker 3: 向下滑動: 267 像素，並等待 3.788114974256893 秒
2024-12-18 14:40:21 [INFO] Worker 7: 向下滑動: 223 像素，並等待 3.7536991980368573 秒
2024-12-18 14:40:22 [INFO] Worker 6: 向下滑動: 284 像素，並等待 3.038086694088493 秒
2024-12-18 14:40:23 [INFO] Worker 5: 向下滑動: 334 像素，並等待 3.4056387546648175 秒
2024-12-18 14:40:23 [INFO] Worker 1: 向下滑動: 254 像素，並等待 4.250154845738837 秒
2024-12-18 14:40:24 [INFO] Worker 4: 向下滑動: 346 像素，並等待 4.720960329034064 秒
2024-12-18 14:40:24 [INFO] Worker 7: 向下滑動: 253 像素，並等待 3.416925243355495 秒
2024-12-18 14:40:24 [INFO] Worker 2: 向下滑動: 226 像素，並等待 3.8921303885335883 秒
2024-12-18 14:40:25 [INFO] Worker 3: 向下滑動: 305 像素，並等待 4.70613773731201 秒
2024-12-18 14:40:25 [INFO] Worker 8: 向下滑動: 311 像素，並等待 4.852916583361034 秒
2024-12-18 14:40:26 [INFO] Worker 6: 向下滑動: 292 像素，並等待 4.616422541614305 秒
2024-12-18 14:40:27 [INFO] Worker 5: 向下滑動: 248 像素，並等待 3.6374556136270284 秒
2024-12-18 14:40:27 [INFO] Worker 4: 向下滑動: 234 像素，並等待 3.613579410891578 秒
2024-12-18 14:40:28 [INFO] Worker 1: 向下滑動: 288 像素，並等待 4.992447231775064 秒
2024-12-18 14:40:28 [INFO] Worker 7: 向下滑動: 256 像素，並等待 4.005319632223797 秒
2024-12-18 14:40:28 [INFO] Worker 2: 向下滑動: 335 像素，並等待 3.9839199664171603 秒
2024-12-18 14:40:30 [INFO] Worker 3: 向下滑動: 300 像素，並等待 4.731657294417148 秒
2024-12-18 14:40:30 [INFO] Worker 8: 向下滑動: 235 像素，並等待 4.822628548533865 秒
2024-12-18 14:40:31 [INFO] Worker 6: 向下滑動: 284 像素，並等待 4.44559996130532 秒
2024-12-18 14:40:31 [INFO] Worker 5: 向下滑動: 335 像素，並等待 4.061507438798648 秒
2024-12-18 14:40:31 [INFO] Worker 4: 向下滑動: 365 像素，並等待 3.41509275729547 秒
2024-12-18 14:40:31 [INFO] Worker 1: 向下滑動: 293 像素，並等待 3.227994784336105 秒
2024-12-18 14:40:31 [INFO] Worker 7: 向下滑動: 223 像素，並等待 3.082948801845272 秒
2024-12-18 14:40:32 [INFO] Worker 2: 向下滑動: 330 像素，並等待 3.664356202517869 秒
2024-12-18 14:40:34 [INFO] Worker 8: 向下滑動: 379 像素，並等待 3.486303097650688 秒
2024-12-18 14:40:34 [INFO] Worker 6: 向下滑動: 314 像素，並等待 3.285529596589244 秒
2024-12-18 14:40:34 [INFO] Worker 5: 向下滑動: 340 像素，並等待 3.2516293685882394 秒
2024-12-18 14:40:34 [INFO] Worker 3: 向下滑動: 275 像素，並等待 3.925823041617055 秒
2024-12-18 14:40:34 [INFO] Worker 4: 向下滑動: 210 像素，並等待 3.1814906108672787 秒
2024-12-18 14:40:35 [INFO] Worker 1: 向下滑動: 396 像素，並等待 3.2892091579796983 秒
2024-12-18 14:40:35 [INFO] Worker 2: 向下滑動: 201 像素，並等待 3.062895487858597 秒
2024-12-18 14:40:35 [INFO] Worker 7: 向下滑動: 350 像素，並等待 3.939173262979938 秒
2024-12-18 14:40:38 [INFO] Worker 4: 向下滑動: 313 像素，並等待 3.4455856883430678 秒
2024-12-18 14:40:38 [INFO] Worker 1: 向下滑動: 273 像素，並等待 3.281475107015411 秒
2024-12-18 14:40:39 [INFO] Worker 8: 向下滑動: 206 像素，並等待 4.835129586452633 秒
2024-12-18 14:40:39 [INFO] Worker 5: 向下滑動: 397 像素，並等待 4.692546675677438 秒
2024-12-18 14:40:39 [INFO] Worker 6: 向下滑動: 345 像素，並等待 4.873404321171673 秒
2024-12-18 14:40:39 [INFO] Worker 3: 向下滑動: 252 像素，並等待 4.867155277778183 秒
2024-12-18 14:40:39 [INFO] Worker 7: 向下滑動: 377 像素，並等待 3.786157414063876 秒
2024-12-18 14:40:40 [INFO] Worker 2: 向下滑動: 387 像素，並等待 4.790323342121711 秒
2024-12-18 14:40:42 [INFO] Worker 4: 向下滑動: 370 像素，並等待 4.716491180547844 秒
2024-12-18 14:40:42 [INFO] Worker 1: 向下滑動: 330 像素，並等待 4.517138003439788 秒
2024-12-18 14:40:43 [INFO] Worker 8: 向下滑動: 305 像素，並等待 3.93800624716395 秒
2024-12-18 14:40:43 [INFO] Worker 6: 向下滑動: 252 像素，並等待 3.8969710684144685 秒
2024-12-18 14:40:43 [INFO] Worker 3: 向下滑動: 259 像素，並等待 4.273286919302741 秒
2024-12-18 14:40:43 [INFO] Worker 5: 向下滑動: 247 像素，並等待 4.680733543646567 秒
2024-12-18 14:40:44 [INFO] Worker 7: 向下滑動: 326 像素，並等待 4.746326077373717 秒
2024-12-18 14:40:44 [INFO] Worker 2: 向下滑動: 344 像素，並等待 4.338807892845096 秒
2024-12-18 14:40:46 [INFO] Worker 1: 向下滑動: 277 像素，並等待 3.316001047100782 秒
2024-12-18 14:40:46 [INFO] Worker 8: 向下滑動: 241 像素，並等待 3.314332066721692 秒
2024-12-18 14:40:46 [INFO] Worker 6: 向下滑動: 341 像素，並等待 3.6993737560539763 秒
2024-12-18 14:40:47 [INFO] Worker 7: 向下滑動: 291 像素，並等待 3.104341276397377 秒
2024-12-18 14:40:47 [INFO] Worker 4: 向下滑動: 363 像素，並等待 4.653683309420906 秒
2024-12-18 14:40:48 [INFO] Worker 3: 向下滑動: 245 像素，並等待 4.376727961763526 秒
2024-12-18 14:40:48 [INFO] Worker 5: 向下滑動: 232 像素，並等待 4.416591645563811 秒
2024-12-18 14:40:49 [INFO] Worker 2: 向下滑動: 302 像素，並等待 4.376099255982641 秒
2024-12-18 14:40:49 [INFO] Worker 1: 向下滑動: 293 像素，並等待 3.49846306609789 秒
2024-12-18 14:40:50 [INFO] Worker 4: 向下滑動: 239 像素，並等待 3.240616305151655 秒
2024-12-18 14:40:50 [INFO] Worker 7: 向下滑動: 352 像素，並等待 3.4195455463812894 秒
2024-12-18 14:40:50 [INFO] Worker 6: 向下滑動: 263 像素，並等待 4.041968457938192 秒
2024-12-18 14:40:51 [INFO] Worker 8: 向下滑動: 249 像素，並等待 4.893911432818509 秒
2024-12-18 14:40:51 [INFO] Worker 5: 向下滑動: 375 像素，並等待 3.4441405754070114 秒
2024-12-18 14:40:52 [INFO] Worker 3: 向下滑動: 260 像素，並等待 3.977194414563795 秒
2024-12-18 14:40:53 [INFO] Worker 2: 向下滑動: 299 像素，並等待 4.06487224367744 秒
2024-12-18 14:40:54 [INFO] Worker 7: 向下滑動: 374 像素，並等待 3.3589605267712788 秒
2024-12-18 14:40:54 [INFO] Worker 4: 向下滑動: 324 像素，並等待 3.8405895018605003 秒
2024-12-18 14:40:54 [INFO] Worker 6: 向下滑動: 335 像素，並等待 3.594269516835693 秒
2024-12-18 14:40:54 [INFO] Worker 1: 向下滑動: 298 像素，並等待 4.834364764699296 秒
2024-12-18 14:40:55 [INFO] Worker 5: 向下滑動: 395 像素，並等待 3.3510369508362827 秒
2024-12-18 14:40:55 [INFO] Worker 8: 向下滑動: 286 像素，並等待 4.656166535899652 秒
2024-12-18 14:40:56 [INFO] Worker 3: 向下滑動: 355 像素，並等待 4.89813369700873 秒
2024-12-18 14:40:57 [INFO] Worker 2: 向下滑動: 308 像素，並等待 3.9195190826119273 秒
2024-12-18 14:40:57 [INFO] Worker 7: 向下滑動: 294 像素，並等待 3.375282027768516 秒
2024-12-18 14:40:57 [INFO] Worker 4: 向下滑動: 242 像素，並等待 3.2796435052986217 秒
2024-12-18 14:40:58 [INFO] Worker 6: 向下滑動: 278 像素，並等待 3.6360024835255267 秒
2024-12-18 14:40:59 [INFO] Worker 1: 向下滑動: 226 像素，並等待 4.578284137184631 秒
2024-12-18 14:40:59 [INFO] Worker 5: 向下滑動: 268 像素，並等待 4.491292200730662 秒
2024-12-18 14:40:59 [INFO] Worker 8: 向下滑動: 357 像素，並等待 4.056021789378634 秒
2024-12-18 14:41:00 [INFO] Worker 2: 向下滑動: 371 像素，並等待 3.244764172129652 秒
2024-12-18 14:41:01 [INFO] Worker 4: 向下滑動: 386 像素，並等待 3.2381493274912354 秒
2024-12-18 14:41:01 [INFO] Worker 3: 向下滑動: 390 像素，並等待 4.202153776732446 秒
2024-12-18 14:41:02 [INFO] Worker 7: 向下滑動: 247 像素，並等待 4.989903289379924 秒
2024-12-18 14:41:02 [INFO] Worker 6: 向下滑動: 283 像素，並等待 4.7415499416836155 秒
2024-12-18 14:41:02 [INFO] Worker 1: 向下滑動: 207 像素，並等待 3.816445329662221 秒
2024-12-18 14:41:03 [INFO] Worker 5: 向下滑動: 350 像素，並等待 3.6938814983266193 秒
2024-12-18 14:41:03 [INFO] Worker 2: 向下滑動: 360 像素，並等待 3.1681469398283166 秒
2024-12-18 14:41:04 [INFO] Worker 8: 向下滑動: 368 像素，並等待 4.324570396371312 秒
2024-12-18 14:41:04 [INFO] Worker 4: 向下滑動: 298 像素，並等待 3.7352477900654213 秒
2024-12-18 14:41:05 [INFO] Worker 3: 向下滑動: 378 像素，並等待 4.180361965642062 秒
2024-12-18 14:41:06 [INFO] Worker 7: 向下滑動: 279 像素，並等待 3.8476154789795887 秒
2024-12-18 14:41:06 [INFO] Worker 2: 向下滑動: 365 像素，並等待 3.039492404977822 秒
2024-12-18 14:41:06 [INFO] Worker 6: 向下滑動: 372 像素，並等待 3.798064711991917 秒
2024-12-18 14:41:07 [INFO] Worker 1: 向下滑動: 217 像素，並等待 4.053827375398738 秒
2024-12-18 14:41:07 [INFO] Worker 8: 向下滑動: 371 像素，並等待 3.09714440718338 秒
2024-12-18 14:41:07 [INFO] Worker 5: 向下滑動: 323 像素，並等待 4.152203186421757 秒
2024-12-18 14:41:09 [INFO] Worker 3: 向下滑動: 291 像素，並等待 3.736771571304212 秒
2024-12-18 14:41:09 [INFO] Worker 4: 向下滑動: 371 像素，並等待 4.412985915851149 秒
2024-12-18 14:41:09 [INFO] Worker 2: 向下滑動: 337 像素，並等待 3.0117846722461232 秒
2024-12-18 14:41:10 [INFO] Worker 7: 向下滑動: 282 像素，並等待 4.174076224808476 秒
2024-12-18 14:41:10 [INFO] Worker 5: 向下滑動: 386 像素，並等待 3.35595623640868 秒
2024-12-18 14:41:11 [INFO] Worker 1: 向下滑動: 388 像素，並等待 4.239031796220816 秒
2024-12-18 14:41:11 [INFO] Worker 6: 向下滑動: 364 像素，並等待 4.5788457511932386 秒
2024-12-18 14:41:12 [INFO] Worker 8: 向下滑動: 215 像素，並等待 4.852415803859003 秒
2024-12-18 14:41:12 [INFO] Worker 4: 向下滑動: 389 像素，並等待 3.614510302326776 秒
2024-12-18 14:41:13 [INFO] Worker 3: 向下滑動: 392 像素，並等待 4.131132566705161 秒
2024-12-18 14:41:13 [INFO] Worker 2: 向下滑動: 362 像素，並等待 3.6221155105605405 秒
2024-12-18 14:41:14 [INFO] Worker 7: 向下滑動: 240 像素，並等待 3.6041588450699207 秒
2024-12-18 14:41:14 [INFO] Worker 1: 向下滑動: 202 像素，並等待 3.652811597853929 秒
2024-12-18 14:41:15 [INFO] Worker 5: 向下滑動: 229 像素，並等待 4.324684524126339 秒
2024-12-18 14:41:15 [INFO] Worker 6: 向下滑動: 217 像素，並等待 4.604845520257987 秒
2024-12-18 14:41:16 [INFO] Worker 4: 向下滑動: 390 像素，並等待 3.356923017722212 秒
2024-12-18 14:41:16 [INFO] Worker 8: 向下滑動: 326 像素，並等待 4.1982348002749195 秒
2024-12-18 14:41:17 [INFO] Worker 3: 向下滑動: 233 像素，並等待 3.9362242573617543 秒
2024-12-18 14:41:17 [INFO] Worker 2: 向下滑動: 312 像素，並等待 4.133562879283503 秒
2024-12-18 14:41:17 [INFO] Worker 7: 向下滑動: 339 像素，並等待 3.636419080795235 秒
2024-12-18 14:41:19 [INFO] Worker 5: 向下滑動: 265 像素，並等待 4.0437031205440155 秒
2024-12-18 14:41:19 [INFO] Worker 1: 向下滑動: 383 像素，並等待 4.560888866426962 秒
2024-12-18 14:41:20 [INFO] Worker 2: 向下滑動: 319 像素，並等待 3.124355759793656 秒
2024-12-18 14:41:20 [INFO] Worker 6: 向下滑動: 230 像素，並等待 4.710249661950154 秒
2024-12-18 14:41:20 [INFO] Worker 4: 向下滑動: 355 像素，並等待 4.695320302247828 秒
2024-12-18 14:41:21 [INFO] Worker 8: 向下滑動: 307 像素，並等待 4.772591365816697 秒
2024-12-18 14:41:21 [INFO] Worker 7: 向下滑動: 239 像素，並等待 4.095490665927311 秒
2024-12-18 14:41:22 [INFO] Worker 3: 向下滑動: 291 像素，並等待 4.960138472833407 秒
2024-12-18 14:41:22 [INFO] Worker 5: 向下滑動: 209 像素，並等待 3.686633003653424 秒
2024-12-18 14:41:23 [INFO] Worker 2: 向下滑動: 345 像素，並等待 3.046744491505765 秒
2024-12-18 14:41:24 [INFO] Worker 1: 向下滑動: 285 像素，並等待 4.806886879957457 秒
2024-12-18 14:41:24 [INFO] Worker 8: 向下滑動: 218 像素，並等待 3.119353151828173 秒
2024-12-18 14:41:25 [INFO] Worker 7: 向下滑動: 271 像素，並等待 3.2465869868871975 秒
2024-12-18 14:41:25 [INFO] Worker 6: 向下滑動: 256 像素，並等待 4.780936240133381 秒
2024-12-18 14:41:25 [INFO] Worker 4: 向下滑動: 370 像素，並等待 4.821678464885432 秒
2024-12-18 14:41:26 [INFO] Worker 5: 向下滑動: 253 像素，並等待 3.693127155714895 秒
2024-12-18 14:41:26 [INFO] Worker 3: 向下滑動: 230 像素，並等待 4.466927109087628 秒
2024-12-18 14:41:26 [INFO] Worker 2: 向下滑動: 317 像素，並等待 3.310402345138252 秒
2024-12-18 14:41:28 [INFO] Worker 8: 向下滑動: 387 像素，並等待 3.692118292885745 秒
2024-12-18 14:41:28 [INFO] Worker 7: 向下滑動: 396 像素，並等待 3.5026962827156307 秒
2024-12-18 14:41:28 [INFO] Worker 1: 向下滑動: 205 像素，並等待 4.4757729915530255 秒
2024-12-18 14:41:29 [INFO] Worker 6: 向下滑動: 234 像素，並等待 3.8107500288358613 秒
2024-12-18 14:41:29 [INFO] Worker 4: 向下滑動: 291 像素，並等待 3.7296080029745946 秒
2024-12-18 14:41:30 [INFO] Worker 3: 向下滑動: 390 像素，並等待 3.8508988286403434 秒
2024-12-18 14:41:31 [INFO] Worker 5: 向下滑動: 203 像素，並等待 4.579028330969996 秒
2024-12-18 14:41:31 [INFO] Worker 2: 向下滑動: 386 像素，並等待 4.382413035947578 秒
2024-12-18 14:41:33 [INFO] Worker 8: 向下滑動: 226 像素，並等待 4.934415484602611 秒
2024-12-18 14:41:33 [INFO] Worker 6: 向下滑動: 251 像素，並等待 3.8658348087676817 秒
2024-12-18 14:41:33 [INFO] Worker 4: 向下滑動: 275 像素，並等待 3.8888085627816604 秒
2024-12-18 14:41:33 [INFO] Worker 7: 向下滑動: 361 像素，並等待 4.70333883389447 秒
2024-12-18 14:41:33 [INFO] Worker 1: 向下滑動: 341 像素，並等待 4.793550037937327 秒
2024-12-18 14:41:35 [INFO] Worker 3: 向下滑動: 399 像素，並等待 4.915897949483783 秒
2024-12-18 14:41:35 [INFO] Worker 2: 向下滑動: 310 像素，並等待 4.125849651398856 秒
2024-12-18 14:41:35 [INFO] Worker 5: 向下滑動: 267 像素，並等待 4.6185333681209 秒
2024-12-18 14:41:36 [INFO] Worker 4: 向下滑動: 383 像素，並等待 3.1207317482691233 秒
2024-12-18 14:41:36 [INFO] Worker 6: 向下滑動: 279 像素，並等待 3.6565853756296605 秒
2024-12-18 14:41:37 [INFO] Worker 1: 向下滑動: 344 像素，並等待 3.3992268240989247 秒
2024-12-18 14:41:37 [INFO] Worker 7: 向下滑動: 223 像素，並等待 4.079764870544349 秒
2024-12-18 14:41:37 [INFO] Worker 8: 向下滑動: 210 像素，並等待 4.851905496977264 秒
2024-12-18 14:41:38 [INFO] Worker 3: 向下滑動: 265 像素，並等待 3.1062834862662267 秒
2024-12-18 14:41:39 [INFO] Worker 2: 向下滑動: 388 像素，並等待 3.5986483588105047 秒
2024-12-18 14:41:39 [INFO] Worker 5: 向下滑動: 322 像素，並等待 3.494240079342247 秒
2024-12-18 14:41:40 [INFO] Worker 4: 向下滑動: 309 像素，並等待 3.813346521821899 秒
2024-12-18 14:41:40 [INFO] Worker 6: 向下滑動: 215 像素，並等待 3.622488442069959 秒
2024-12-18 14:41:40 [INFO] Worker 1: 向下滑動: 360 像素，並等待 3.8650355995391656 秒
2024-12-18 14:41:41 [INFO] Worker 7: 向下滑動: 374 像素，並等待 4.001534658745083 秒
2024-12-18 14:41:42 [INFO] Worker 8: 向下滑動: 228 像素，並等待 4.208936204723679 秒
2024-12-18 14:41:42 [INFO] Worker 2: 向下滑動: 208 像素，並等待 3.2887321008382404 秒
2024-12-18 14:41:42 [INFO] Worker 3: 向下滑動: 217 像素，並等待 3.8034109624178583 秒
2024-12-18 14:41:43 [INFO] Worker 5: 向下滑動: 266 像素，並等待 3.784550345699542 秒
2024-12-18 14:41:44 [INFO] Worker 1: 向下滑動: 286 像素，並等待 3.639040906644633 秒
2024-12-18 14:41:44 [INFO] Worker 6: 向下滑動: 372 像素，並等待 4.187693962413834 秒
2024-12-18 14:41:45 [INFO] Worker 7: 向下滑動: 273 像素，並等待 3.5831592930371094 秒
2024-12-18 14:41:45 [INFO] Worker 4: 向下滑動: 289 像素，並等待 4.809345327931419 秒
2024-12-18 14:41:45 [INFO] Worker 8: 向下滑動: 224 像素，並等待 3.256726103159152 秒
2024-12-18 14:41:45 [INFO] Worker 2: 向下滑動: 367 像素，並等待 3.605105195765586 秒
2024-12-18 14:41:46 [INFO] Worker 3: 向下滑動: 291 像素，並等待 4.004051045110471 秒
2024-12-18 14:41:47 [INFO] Worker 5: 向下滑動: 272 像素，並等待 4.313771587775969 秒
2024-12-18 14:41:47 [INFO] Worker 1: 向下滑動: 360 像素，並等待 3.427303148691883 秒
2024-12-18 14:41:48 [INFO] Worker 6: 向下滑動: 307 像素，並等待 3.992272868273795 秒
2024-12-18 14:41:49 [INFO] Worker 8: 向下滑動: 307 像素，並等待 4.575157461576015 秒
2024-12-18 14:41:49 [INFO] Worker 2: 向下滑動: 212 像素，並等待 4.0517291020469735 秒
2024-12-18 14:41:50 [INFO] Worker 7: 向下滑動: 342 像素，並等待 4.909940548178696 秒
2024-12-18 14:41:50 [INFO] Worker 4: 向下滑動: 330 像素，並等待 4.930660979124466 秒
2024-12-18 14:41:50 [INFO] Worker 5: 向下滑動: 354 像素，並等待 3.4695531854941866 秒
2024-12-18 14:41:51 [INFO] Worker 3: 向下滑動: 385 像素，並等待 4.880777004813667 秒
2024-12-18 14:41:51 [INFO] Worker 1: 向下滑動: 268 像素，並等待 3.376354331636094 秒
2024-12-18 14:41:53 [INFO] Worker 6: 向下滑動: 397 像素，並等待 4.55864658114161 秒
2024-12-18 14:41:53 [INFO] Worker 8: 向下滑動: 347 像素，並等待 3.374893075529654 秒
2024-12-18 14:41:53 [INFO] Worker 4: 向下滑動: 279 像素，並等待 3.5511402152485383 秒
2024-12-18 14:41:53 [INFO] Worker 7: 向下滑動: 230 像素，並等待 3.723970160131567 秒
2024-12-18 14:41:53 [INFO] Worker 2: 向下滑動: 219 像素，並等待 3.9820248819833424 秒
2024-12-18 14:41:55 [INFO] Worker 3: 向下滑動: 394 像素，並等待 4.097426523129673 秒
2024-12-18 14:41:55 [INFO] Worker 1: 向下滑動: 267 像素，並等待 4.105370945416764 秒
2024-12-18 14:41:55 [INFO] Worker 5: 向下滑動: 308 像素，並等待 4.74860885604086 秒
2024-12-18 14:41:57 [INFO] Worker 2: 向下滑動: 231 像素，並等待 3.154804771802861 秒
2024-12-18 14:41:57 [INFO] Worker 6: 向下滑動: 224 像素，並等待 4.410952187067239 秒
2024-12-18 14:41:57 [INFO] Worker 8: 向下滑動: 361 像素，並等待 4.578777760958585 秒
2024-12-18 14:41:58 [INFO] Worker 7: 向下滑動: 274 像素，並等待 4.23430627791805 秒
2024-12-18 14:41:58 [INFO] Worker 4: 向下滑動: 358 像素，並等待 4.970827213426125 秒
2024-12-18 14:41:59 [INFO] Worker 5: 向下滑動: 253 像素，並等待 3.5060048892741826 秒
2024-12-18 14:41:59 [INFO] Worker 3: 向下滑動: 327 像素，並等待 4.392036918209742 秒
2024-12-18 14:42:00 [INFO] Worker 1: 向下滑動: 384 像素，並等待 4.95114438690366 秒
2024-12-18 14:42:01 [INFO] Worker 8: 向下滑動: 322 像素，並等待 3.381012938351221 秒
2024-12-18 14:42:01 [INFO] Worker 2: 向下滑動: 239 像素，並等待 4.5179480973300965 秒
2024-12-18 14:42:01 [INFO] Worker 7: 向下滑動: 341 像素，並等待 3.84495874684002 秒
2024-12-18 14:42:02 [INFO] Worker 4: 向下滑動: 247 像素，並等待 3.3829795006179904 秒
2024-12-18 14:42:02 [INFO] Worker 6: 向下滑動: 326 像素，並等待 4.886436185577696 秒
2024-12-18 14:42:02 [INFO] Worker 5: 向下滑動: 242 像素，並等待 3.5666529773865774 秒
2024-12-18 14:42:03 [INFO] Worker 3: 向下滑動: 225 像素，並等待 3.699003048991596 秒
2024-12-18 14:42:04 [INFO] Worker 1: 向下滑動: 283 像素，並等待 4.431329341941983 秒
2024-12-18 14:42:05 [INFO] Worker 7: 向下滑動: 224 像素，並等待 3.3389747972991817 秒
2024-12-18 14:42:05 [INFO] Worker 4: 向下滑動: 270 像素，並等待 3.3246960299729045 秒
2024-12-18 14:42:05 [INFO] Worker 8: 向下滑動: 225 像素，並等待 4.203740299196141 秒
2024-12-18 14:42:05 [INFO] Worker 6: 向下滑動: 273 像素，並等待 3.446103869120577 秒
2024-12-18 14:42:06 [INFO] Worker 2: 向下滑動: 285 像素，並等待 4.671603131154124 秒
2024-12-18 14:42:06 [INFO] Worker 5: 向下滑動: 204 像素，並等待 4.242272834143746 秒
2024-12-18 14:42:07 [INFO] Worker 3: 向下滑動: 329 像素，並等待 3.7550995971576837 秒
2024-12-18 14:42:08 [INFO] Worker 1: 向下滑動: 334 像素，並等待 3.1507977149753597 秒
2024-12-18 14:42:08 [INFO] Worker 4: 向下滑動: 223 像素，並等待 3.191974937587055 秒
2024-12-18 14:42:09 [INFO] Worker 6: 向下滑動: 352 像素，並等待 3.104425835556062 秒
2024-12-18 14:42:09 [INFO] Worker 7: 向下滑動: 397 像素，並等待 4.0547681248882785 秒
2024-12-18 14:42:09 [INFO] Worker 2: 向下滑動: 366 像素，並等待 3.15498411757863 秒
2024-12-18 14:42:10 [INFO] Worker 8: 向下滑動: 298 像素，並等待 4.72562822548736 秒
2024-12-18 14:42:11 [INFO] Worker 1: 向下滑動: 213 像素，並等待 3.0055302395878574 秒
2024-12-18 14:42:11 [INFO] Worker 5: 向下滑動: 398 像素，並等待 4.628028180794876 秒
2024-12-18 14:42:11 [INFO] Worker 4: 向下滑動: 277 像素，並等待 3.2477257759571487 秒
2024-12-18 14:42:11 [INFO] Worker 3: 向下滑動: 378 像素，並等待 4.685077962470455 秒
2024-12-18 14:42:12 [INFO] Worker 7: 向下滑動: 306 像素，並等待 3.322361404474317 秒
2024-12-18 14:42:12 [INFO] Worker 6: 向下滑動: 377 像素，並等待 3.787067115651427 秒
2024-12-18 14:42:12 [INFO] Worker 2: 向下滑動: 320 像素，並等待 3.4608235536727117 秒
2024-12-18 14:42:13 [INFO] Worker 8: 向下滑動: 288 像素，並等待 3.6527464937142877 秒
2024-12-18 14:42:15 [INFO] Worker 1: 向下滑動: 305 像素，並等待 4.550198825552215 秒
2024-12-18 14:42:15 [INFO] Worker 4: 向下滑動: 360 像素，並等待 3.7914588086040304 秒
2024-12-18 14:42:16 [INFO] Worker 5: 向下滑動: 396 像素，並等待 4.522092174958841 秒
2024-12-18 14:42:16 [INFO] Worker 6: 向下滑動: 384 像素，並等待 3.3427922450094183 秒
2024-12-18 14:42:16 [INFO] Worker 3: 向下滑動: 200 像素，並等待 4.404419820291541 秒
2024-12-18 14:42:16 [INFO] Worker 7: 向下滑動: 281 像素，並等待 3.677312530991967 秒
2024-12-18 14:42:17 [INFO] Worker 2: 向下滑動: 239 像素，並等待 4.501835461592277 秒
2024-12-18 14:42:17 [INFO] Worker 8: 向下滑動: 382 像素，並等待 3.6000577832311134 秒
2024-12-18 14:42:19 [INFO] Worker 6: 向下滑動: 321 像素，並等待 3.1696533062470102 秒
2024-12-18 14:42:19 [INFO] Worker 3: 向下滑動: 307 像素，並等待 3.254457669523982 秒
2024-12-18 14:42:20 [INFO] Worker 5: 向下滑動: 261 像素，並等待 3.889209476203839 秒
2024-12-18 14:42:20 [INFO] Worker 4: 向下滑動: 304 像素，並等待 4.67966929177802 秒
2024-12-18 14:42:20 [INFO] Worker 7: 向下滑動: 377 像素，並等待 4.011694674040523 秒
2024-12-18 14:42:20 [INFO] Worker 1: 向下滑動: 370 像素，並等待 4.817343431460196 秒
2024-12-18 14:42:20 [INFO] Worker 8: 向下滑動: 249 像素，並等待 3.34903263280231 秒
2024-12-18 14:42:22 [INFO] Worker 2: 向下滑動: 289 像素，並等待 4.951741750825853 秒
2024-12-18 14:42:22 [INFO] Worker 4: 帳號 66637943259 的任務已結束
2024-12-18 14:42:22 [INFO] Worker 9: 開始處理帳號 66991704166
2024-12-18 14:42:23 [INFO] Worker 5: 向下滑動: 297 像素，並等待 3.3921109860450667 秒
2024-12-18 14:42:23 [INFO] Worker 3: 向下滑動: 210 像素，並等待 3.9490197086505585 秒
2024-12-18 14:42:23 [INFO] Worker 6: 向下滑動: 245 像素，並等待 4.423598611257555 秒
2024-12-18 14:42:23 [INFO] Worker 1: 向下滑動: 300 像素，並等待 3.495924263047445 秒
2024-12-18 14:42:24 [INFO] Worker 8: 向下滑動: 281 像素，並等待 3.4563066648714162 秒
2024-12-18 14:42:24 [INFO] Worker 7: 向下滑動: 266 像素，並等待 4.482330067957641 秒
2024-12-18 14:42:27 [INFO] Worker 2: 向下滑動: 213 像素，並等待 4.616482333652052 秒
2024-12-18 14:42:27 [INFO] Worker 5: 向下滑動: 397 像素，並等待 3.669614602010239 秒
2024-12-18 14:42:27 [INFO] Worker 3: 向下滑動: 267 像素，並等待 4.106439397664214 秒
2024-12-18 14:42:27 [INFO] Worker 6: 向下滑動: 279 像素，並等待 4.166630709357318 秒
2024-12-18 14:42:28 [INFO] Worker 8: 向下滑動: 370 像素，並等待 4.057877117049977 秒
2024-12-18 14:42:28 [INFO] Worker 1: 向下滑動: 237 像素，並等待 4.461602012293769 秒
2024-12-18 14:42:29 [INFO] Worker 7: 向下滑動: 292 像素，並等待 4.773644204453417 秒
2024-12-18 14:42:29 [INFO] Worker 9: 代理 kamoney03.ddns.net:24009 設置成功
2024-12-18 14:42:30 [INFO] Worker 2: 向下滑動: 275 像素，並等待 3.3844433057453305 秒
2024-12-18 14:42:30 [INFO] Worker 3: 向下滑動: 310 像素，並等待 3.3480784206032044 秒
2024-12-18 14:42:31 [INFO] Worker 9: Cookies 已加載成功: cookies\66991704166_cookies.json
2024-12-18 14:42:31 [INFO] Worker 1: 向下滑動: 306 像素，並等待 3.0310260229906327 秒
2024-12-18 14:42:31 [INFO] Worker 5: 向下滑動: 324 像素，並等待 4.546636824705069 秒
2024-12-18 14:42:32 [INFO] Worker 6: 向下滑動: 385 像素，並等待 4.133916740335143 秒
2024-12-18 14:42:33 [INFO] Worker 8: 向下滑動: 364 像素，並等待 4.925926400355465 秒
2024-12-18 14:42:33 [INFO] Worker 9: 帳號 66991704166 使用 cookies 成功登入
2024-12-18 14:42:33 [INFO] Worker 9: 登錄成功，開始處理帳號 66991704166 的操作...
2024-12-18 14:42:33 [INFO] Worker 9: 開始跳轉操作...
2024-12-18 14:42:33 [INFO] Worker 9: 正在開啟貼文: https://www.facebook.com/share/1HAVpvaRDF/
2024-12-18 14:42:33 [INFO] Worker 1: 帳號 66634899161 的任務已結束
2024-12-18 14:42:33 [INFO] Worker 10: 開始處理帳號 66646155782
2024-12-18 14:42:34 [INFO] Worker 7: 向下滑動: 289 像素，並等待 4.638286351189474 秒
2024-12-18 14:42:35 [INFO] Worker 3: 向下滑動: 399 像素，並等待 4.158329087463693 秒
2024-12-18 14:42:35 [INFO] Worker 2: 向下滑動: 222 像素，並等待 4.867394103202425 秒
2024-12-18 14:42:35 [INFO] Worker 9 隨機停留 8 秒
2024-12-18 14:42:36 [INFO] Worker 5: 向下滑動: 214 像素，並等待 4.476488131474783 秒
2024-12-18 14:42:37 [INFO] Worker 6: 向下滑動: 398 像素，並等待 4.900280031214949 秒
2024-12-18 14:42:37 [INFO] Worker 8: 向下滑動: 351 像素，並等待 4.27716861119281 秒
2024-12-18 14:42:38 [INFO] Worker 7: 向下滑動: 316 像素，並等待 4.25777455081 秒
2024-12-18 14:42:38 [INFO] Worker 3: 向下滑動: 254 像素，並等待 3.6430731657781927 秒
2024-12-18 14:42:39 [INFO] Worker 6: 帳號 66935324825 的任務已結束
2024-12-18 14:42:39 [INFO] Worker 11: 開始處理帳號 66643407753
2024-12-18 14:42:39 [INFO] Worker 2: 向下滑動: 381 像素，並等待 4.453800984323601 秒
2024-12-18 14:42:40 [INFO] Worker 5: 向下滑動: 301 像素，並等待 3.9220880412001353 秒
2024-12-18 14:42:40 [INFO] Worker 10: 代理 kamoney03.ddns.net:24010 設置成功
2024-12-18 14:42:41 [INFO] Worker 8: 向下滑動: 373 像素，並等待 3.4571713113746974 秒
2024-12-18 14:42:41 [INFO] Worker 10: Cookies 已加載成功: cookies\66646155782_cookies.json
2024-12-18 14:42:42 [INFO] Worker 3: 向下滑動: 208 像素，並等待 3.4813234266585633 秒
2024-12-18 14:42:42 [INFO] Worker 7: 向下滑動: 324 像素，並等待 4.252958392568399 秒
2024-12-18 14:42:43 [INFO] Worker 2: 向下滑動: 348 像素，並等待 3.4436400921615995 秒
2024-12-18 14:42:43 [INFO] Worker 9: 貼文已按過讚，無需重複操作
2024-12-18 14:42:43 [INFO] Worker 9 按讚後隨機停留 3 秒
2024-12-18 14:42:43 [INFO] Worker 5: 向下滑動: 365 像素，並等待 3.826921235252241 秒
2024-12-18 14:42:44 [INFO] Worker 10: 帳號 66646155782 使用 cookies 成功登入
2024-12-18 14:42:44 [INFO] Worker 10: 登錄成功，開始處理帳號 66646155782 的操作...
2024-12-18 14:42:44 [INFO] Worker 10: 開始跳轉操作...
2024-12-18 14:42:44 [INFO] Worker 10: 正在開啟貼文: https://www.facebook.com/share/1HAVpvaRDF/
2024-12-18 14:42:45 [INFO] Worker 8: 向下滑動: 387 像素，並等待 4.210414769337772 秒
2024-12-18 14:42:45 [INFO] Worker 3: 向下滑動: 377 像素，並等待 3.183503849326997 秒
2024-12-18 14:42:45 [INFO] Worker 7: 向下滑動: 368 像素，並等待 3.1769454077514885 秒
2024-12-18 14:42:46 [INFO] Worker 11: 代理 kamoney03.ddns.net:24011 設置成功
2024-12-18 14:42:46 [INFO] Worker 9: 正在開啟網站: https://lihi.cc/fCuUd
2024-12-18 14:42:47 [INFO] Worker 11: Cookies 已加載成功: cookies\66643407753_cookies.json
2024-12-18 14:42:48 [INFO] Worker 2: 向下滑動: 400 像素，並等待 4.956550277730008 秒
2024-12-18 14:42:48 [INFO] Worker 8: 向下滑動: 371 像素，並等待 3.1234176836011827 秒
2024-12-18 14:42:48 [INFO] Worker 5: 向下滑動: 233 像素，並等待 4.736164945998462 秒
2024-12-18 14:42:48 [INFO] Worker 10 隨機停留 8 秒
2024-12-18 14:42:49 [INFO] Worker 9 隨機停留時間: 196 秒
2024-12-18 14:42:49 [INFO] Worker 11: 帳號 66643407753 使用 cookies 成功登入
2024-12-18 14:42:49 [INFO] Worker 11: 登錄成功，開始處理帳號 66643407753 的操作...
2024-12-18 14:42:49 [INFO] Worker 11: 開始跳轉操作...
2024-12-18 14:42:49 [INFO] Worker 11: 正在開啟貼文: https://www.facebook.com/share/1HAVpvaRDF/
2024-12-18 14:42:50 [INFO] Worker 7: 向下滑動: 235 像素，並等待 4.122051735677936 秒
2024-12-18 14:42:50 [INFO] Worker 3: 向下滑動: 285 像素，並等待 4.747781696355751 秒
2024-12-18 14:42:51 [INFO] Worker 8: 向下滑動: 243 像素，並等待 3.0142986987058658 秒
2024-12-18 14:42:51 [INFO] Worker 5: 向下滑動: 358 像素，並等待 3.2555618678249045 秒
2024-12-18 14:42:52 [INFO] Worker 2: 向下滑動: 385 像素，並等待 4.447479182232371 秒
2024-12-18 14:42:52 [INFO] Worker 3: 帳號 66634899161 的任務已結束
2024-12-18 14:42:52 [INFO] Worker 12: 開始處理帳號 66954958462
2024-12-18 14:42:52 [INFO] Worker 9: 向下滑動: 223 像素，並等待 3.5971345741717684 秒
2024-12-18 14:42:54 [INFO] Worker 7: 向下滑動: 373 像素，並等待 3.9496234243442307 秒
2024-12-18 14:42:54 [INFO] Worker 11 隨機停留 6 秒
2024-12-18 14:42:55 [ERROR] Exception in thread
2024-12-18 14:42:55 [ERROR] TaskMonitor-navigate
2024-12-18 14:42:55 [ERROR] :
2024-12-18 14:42:55 [ERROR] Traceback (most recent call last):
2024-12-18 14:42:55 [ERROR] File "C:\Python312\Lib\site-packages\urllib3\connection.py", line 199, in _new_conn
2024-12-18 14:42:55 [INFO] Worker 5: 向下滑動: 390 像素，並等待 3.3186564223725994 秒
2024-12-18 14:42:55 [ERROR] sock = connection.create_connection(
2024-12-18 14:42:55 [ERROR] ^
2024-12-18 14:42:55 [ERROR] ^
2024-12-18 14:42:55 [ERROR] ^
2024-12-18 14:42:55 [ERROR] ^
2024-12-18 14:42:55 [ERROR] ^
2024-12-18 14:42:55 [ERROR] ^
2024-12-18 14:42:55 [ERROR] ^
2024-12-18 14:42:55 [ERROR] ^
2024-12-18 14:42:55 [ERROR] ^
2024-12-18 14:42:55 [ERROR] ^
2024-12-18 14:42:55 [ERROR] ^
2024-12-18 14:42:55 [ERROR] ^
2024-12-18 14:42:55 [ERROR] ^
2024-12-18 14:42:55 [ERROR] ^
2024-12-18 14:42:55 [ERROR] ^
2024-12-18 14:42:55 [ERROR] ^
2024-12-18 14:42:55 [ERROR] ^
2024-12-18 14:42:55 [ERROR] ^
2024-12-18 14:42:55 [ERROR] ^
2024-12-18 14:42:55 [ERROR] ^
2024-12-18 14:42:55 [ERROR] ^
2024-12-18 14:42:55 [ERROR] ^
2024-12-18 14:42:55 [ERROR] ^
2024-12-18 14:42:55 [ERROR] ^
2024-12-18 14:42:55 [ERROR] ^
2024-12-18 14:42:55 [ERROR] ^
2024-12-18 14:42:55 [ERROR] ^
2024-12-18 14:42:55 [ERROR] ^
2024-12-18 14:42:55 [ERROR] ^
2024-12-18 14:42:55 [ERROR] File "C:\Python312\Lib\site-packages\urllib3\util\connection.py", line 85, in create_connection
2024-12-18 14:42:55 [INFO] Worker 8: 向下滑動: 376 像素，並等待 3.827315752889395 秒
2024-12-18 14:42:55 [ERROR] raise err
2024-12-18 14:42:55 [ERROR] File "C:\Python312\Lib\site-packages\urllib3\util\connection.py", line 73, in create_connection
2024-12-18 14:42:55 [ERROR] sock.connect(sa)
2024-12-18 14:42:55 [ERROR] ConnectionRefusedError
2024-12-18 14:42:55 [ERROR] :
2024-12-18 14:42:55 [ERROR] [WinError 10061] 無法連線，因為目標電腦拒絕連線。
2024-12-18 14:42:55 [ERROR] The above exception was the direct cause of the following exception:
2024-12-18 14:42:55 [ERROR] Traceback (most recent call last):
2024-12-18 14:42:55 [ERROR] File "C:\Python312\Lib\site-packages\urllib3\connectionpool.py", line 789, in urlopen
2024-12-18 14:42:55 [ERROR] response = self._make_request(
2024-12-18 14:42:55 [ERROR] ^
2024-12-18 14:42:55 [ERROR] ^
2024-12-18 14:42:55 [ERROR] ^
2024-12-18 14:42:55 [ERROR] ^
2024-12-18 14:42:55 [ERROR] ^
2024-12-18 14:42:55 [ERROR] ^
2024-12-18 14:42:55 [ERROR] ^
2024-12-18 14:42:55 [ERROR] ^
2024-12-18 14:42:55 [ERROR] ^
2024-12-18 14:42:55 [ERROR] ^
2024-12-18 14:42:55 [ERROR] ^
2024-12-18 14:42:55 [ERROR] ^
2024-12-18 14:42:55 [ERROR] ^
2024-12-18 14:42:55 [ERROR] ^
2024-12-18 14:42:55 [ERROR] ^
2024-12-18 14:42:55 [ERROR] ^
2024-12-18 14:42:55 [ERROR] ^
2024-12-18 14:42:55 [ERROR] ^
2024-12-18 14:42:55 [ERROR] ^
2024-12-18 14:42:55 [ERROR] File "C:\Python312\Lib\site-packages\urllib3\connectionpool.py", line 495, in _make_request
2024-12-18 14:42:55 [ERROR] conn.request(
2024-12-18 14:42:55 [ERROR] File "C:\Python312\Lib\site-packages\urllib3\connection.py", line 441, in request
2024-12-18 14:42:55 [ERROR] self.endheaders()
2024-12-18 14:42:55 [ERROR] File "C:\Python312\Lib\http\client.py", line 1331, in endheaders
2024-12-18 14:42:55 [ERROR] self._send_output(message_body, encode_chunked=encode_chunked)
2024-12-18 14:42:55 [ERROR] File "C:\Python312\Lib\http\client.py", line 1091, in _send_output
2024-12-18 14:42:55 [ERROR] self.send(msg)
2024-12-18 14:42:55 [ERROR] File "C:\Python312\Lib\http\client.py", line 1035, in send
2024-12-18 14:42:55 [ERROR] self.connect()
2024-12-18 14:42:55 [ERROR] File "C:\Python312\Lib\site-packages\urllib3\connection.py", line 279, in connect
2024-12-18 14:42:55 [ERROR] self.sock = self._new_conn()
2024-12-18 14:42:55 [ERROR] ^
2024-12-18 14:42:55 [ERROR] ^
2024-12-18 14:42:55 [ERROR] ^
2024-12-18 14:42:55 [ERROR] ^
2024-12-18 14:42:55 [ERROR] ^
2024-12-18 14:42:55 [ERROR] ^
2024-12-18 14:42:55 [ERROR] ^
2024-12-18 14:42:55 [ERROR] ^
2024-12-18 14:42:55 [ERROR] ^
2024-12-18 14:42:55 [ERROR] ^
2024-12-18 14:42:55 [ERROR] ^
2024-12-18 14:42:55 [ERROR] ^
2024-12-18 14:42:55 [ERROR] ^
2024-12-18 14:42:55 [ERROR] ^
2024-12-18 14:42:55 [ERROR] ^
2024-12-18 14:42:55 [ERROR] ^
2024-12-18 14:42:55 [ERROR] File "C:\Python312\Lib\site-packages\urllib3\connection.py", line 214, in _new_conn
2024-12-18 14:42:55 [ERROR] raise NewConnectionError(
2024-12-18 14:42:55 [ERROR] urllib3.exceptions
2024-12-18 14:42:55 [ERROR] .
2024-12-18 14:42:55 [ERROR] NewConnectionError
2024-12-18 14:42:55 [ERROR] :
2024-12-18 14:42:55 [ERROR] <urllib3.connection.HTTPConnection object at 0x0000024052A23200>: Failed to establish a new connection: [WinError 10061] 無法連線，因為目標電腦拒絕連線。
2024-12-18 14:42:55 [ERROR] The above exception was the direct cause of the following exception:
2024-12-18 14:42:55 [ERROR] Traceback (most recent call last):
2024-12-18 14:42:55 [ERROR] File "C:\Python312\Lib\threading.py", line 1073, in _bootstrap_inner
2024-12-18 14:42:55 [ERROR] self.run()
2024-12-18 14:42:55 [ERROR] File "C:\Python312\Lib\threading.py", line 1010, in run
2024-12-18 14:42:55 [ERROR] self._target(*self._args, **self._kwargs)
2024-12-18 14:42:55 [ERROR] File "c:\Users\user\Desktop\SuChenAI\Factbook-RPA-clickurl\modules\task_monitor.py", line 29, in run
2024-12-18 14:42:55 [ERROR] self.check_for_unexpected_behavior(task_id, status)  # 檢查是否有非預期行為
2024-12-18 14:42:55 [ERROR] ^
2024-12-18 14:42:55 [ERROR] ^
2024-12-18 14:42:55 [ERROR] ^
2024-12-18 14:42:55 [ERROR] ^
2024-12-18 14:42:55 [ERROR] ^
2024-12-18 14:42:55 [ERROR] ^
2024-12-18 14:42:55 [ERROR] ^
2024-12-18 14:42:55 [ERROR] ^
2024-12-18 14:42:55 [ERROR] ^
2024-12-18 14:42:55 [ERROR] ^
2024-12-18 14:42:55 [ERROR] ^
2024-12-18 14:42:55 [ERROR] ^
2024-12-18 14:42:55 [ERROR] ^
2024-12-18 14:42:55 [ERROR] ^
2024-12-18 14:42:55 [ERROR] ^
2024-12-18 14:42:55 [ERROR] ^
2024-12-18 14:42:55 [ERROR] ^
2024-12-18 14:42:55 [ERROR] ^
2024-12-18 14:42:55 [ERROR] ^
2024-12-18 14:42:55 [ERROR] ^
2024-12-18 14:42:55 [ERROR] ^
2024-12-18 14:42:55 [ERROR] ^
2024-12-18 14:42:55 [ERROR] ^
2024-12-18 14:42:55 [ERROR] ^
2024-12-18 14:42:55 [ERROR] ^
2024-12-18 14:42:55 [ERROR] ^
2024-12-18 14:42:55 [ERROR] ^
2024-12-18 14:42:55 [ERROR] ^
2024-12-18 14:42:55 [ERROR] ^
2024-12-18 14:42:55 [ERROR] ^
2024-12-18 14:42:55 [ERROR] ^
2024-12-18 14:42:55 [ERROR] ^
2024-12-18 14:42:55 [ERROR] ^
2024-12-18 14:42:55 [ERROR] ^
2024-12-18 14:42:55 [ERROR] ^
2024-12-18 14:42:55 [ERROR] ^
2024-12-18 14:42:55 [ERROR] ^
2024-12-18 14:42:55 [ERROR] ^
2024-12-18 14:42:55 [ERROR] ^
2024-12-18 14:42:55 [ERROR] ^
2024-12-18 14:42:55 [ERROR] ^
2024-12-18 14:42:55 [ERROR] ^
2024-12-18 14:42:55 [ERROR] ^
2024-12-18 14:42:55 [ERROR] ^
2024-12-18 14:42:55 [ERROR] ^
2024-12-18 14:42:55 [ERROR] ^
2024-12-18 14:42:55 [ERROR] ^
2024-12-18 14:42:55 [ERROR] ^
2024-12-18 14:42:55 [ERROR] ^
2024-12-18 14:42:55 [ERROR] ^
2024-12-18 14:42:55 [ERROR] ^
2024-12-18 14:42:55 [ERROR] File "c:\Users\user\Desktop\SuChenAI\Factbook-RPA-clickurl\modules\task_monitor.py", line 80, in check_for_unexpected_behavior
2024-12-18 14:42:55 [ERROR] WebDriverWait(driver, 0.01).until(
2024-12-18 14:42:55 [ERROR] File "C:\Python312\Lib\site-packages\selenium\webdriver\support\wait.py", line 96, in until
2024-12-18 14:42:55 [ERROR] value = method(self._driver)
2024-12-18 14:42:55 [ERROR] ^
2024-12-18 14:42:55 [ERROR] ^
2024-12-18 14:42:55 [ERROR] ^
2024-12-18 14:42:55 [ERROR] ^
2024-12-18 14:42:55 [ERROR] ^
2024-12-18 14:42:55 [ERROR] ^
2024-12-18 14:42:55 [ERROR] ^
2024-12-18 14:42:55 [ERROR] ^
2024-12-18 14:42:55 [ERROR] ^
2024-12-18 14:42:55 [ERROR] ^
2024-12-18 14:42:55 [ERROR] ^
2024-12-18 14:42:55 [ERROR] ^
2024-12-18 14:42:55 [ERROR] ^
2024-12-18 14:42:55 [ERROR] ^
2024-12-18 14:42:55 [ERROR] ^
2024-12-18 14:42:55 [ERROR] ^
2024-12-18 14:42:55 [ERROR] ^
2024-12-18 14:42:55 [ERROR] ^
2024-12-18 14:42:55 [ERROR] ^
2024-12-18 14:42:55 [ERROR] ^
2024-12-18 14:42:55 [ERROR] File "C:\Python312\Lib\site-packages\selenium\webdriver\support\expected_conditions.py", line 84, in _predicate
2024-12-18 14:42:55 [ERROR] return driver.find_element(*locator)
2024-12-18 14:42:55 [ERROR] ^
2024-12-18 14:42:55 [ERROR] ^
2024-12-18 14:42:55 [ERROR] ^
2024-12-18 14:42:55 [ERROR] ^
2024-12-18 14:42:55 [ERROR] ^
2024-12-18 14:42:55 [ERROR] ^
2024-12-18 14:42:55 [ERROR] ^
2024-12-18 14:42:55 [ERROR] ^
2024-12-18 14:42:55 [ERROR] ^
2024-12-18 14:42:55 [ERROR] ^
2024-12-18 14:42:55 [ERROR] ^
2024-12-18 14:42:55 [ERROR] ^
2024-12-18 14:42:55 [ERROR] ^
2024-12-18 14:42:55 [ERROR] ^
2024-12-18 14:42:55 [ERROR] ^
2024-12-18 14:42:55 [ERROR] ^
2024-12-18 14:42:55 [ERROR] ^
2024-12-18 14:42:55 [ERROR] ^
2024-12-18 14:42:55 [ERROR] ^
2024-12-18 14:42:55 [ERROR] ^
2024-12-18 14:42:55 [ERROR] ^
2024-12-18 14:42:55 [ERROR] ^
2024-12-18 14:42:55 [ERROR] ^
2024-12-18 14:42:55 [ERROR] ^
2024-12-18 14:42:55 [ERROR] ^
2024-12-18 14:42:55 [ERROR] ^
2024-12-18 14:42:55 [ERROR] ^
2024-12-18 14:42:55 [ERROR] ^
2024-12-18 14:42:55 [ERROR] ^
2024-12-18 14:42:55 [ERROR] File "C:\Python312\Lib\site-packages\selenium\webdriver\remote\webdriver.py", line 770, in find_element
2024-12-18 14:42:55 [ERROR] return self.execute(Command.FIND_ELEMENT, {"using": by, "value": value})["value"]
2024-12-18 14:42:55 [ERROR] ^
2024-12-18 14:42:55 [ERROR] ^
2024-12-18 14:42:55 [ERROR] ^
2024-12-18 14:42:55 [ERROR] ^
2024-12-18 14:42:55 [ERROR] ^
2024-12-18 14:42:55 [ERROR] ^
2024-12-18 14:42:55 [ERROR] ^
2024-12-18 14:42:55 [ERROR] ^
2024-12-18 14:42:55 [ERROR] ^
2024-12-18 14:42:55 [ERROR] ^
2024-12-18 14:42:55 [ERROR] ^
2024-12-18 14:42:55 [ERROR] ^
2024-12-18 14:42:55 [ERROR] ^
2024-12-18 14:42:55 [ERROR] ^
2024-12-18 14:42:55 [ERROR] ^
2024-12-18 14:42:55 [ERROR] ^
2024-12-18 14:42:55 [ERROR] ^
2024-12-18 14:42:55 [ERROR] ^
2024-12-18 14:42:55 [ERROR] ^
2024-12-18 14:42:55 [ERROR] ^
2024-12-18 14:42:55 [ERROR] ^
2024-12-18 14:42:55 [ERROR] ^
2024-12-18 14:42:55 [ERROR] ^
2024-12-18 14:42:55 [ERROR] ^
2024-12-18 14:42:55 [ERROR] ^
2024-12-18 14:42:55 [ERROR] ^
2024-12-18 14:42:55 [ERROR] ^
2024-12-18 14:42:55 [ERROR] ^
2024-12-18 14:42:55 [ERROR] ^
2024-12-18 14:42:55 [ERROR] ^
2024-12-18 14:42:55 [ERROR] ^
2024-12-18 14:42:55 [ERROR] ^
2024-12-18 14:42:55 [ERROR] ^
2024-12-18 14:42:55 [ERROR] ^
2024-12-18 14:42:55 [ERROR] ^
2024-12-18 14:42:55 [ERROR] ^
2024-12-18 14:42:55 [ERROR] ^
2024-12-18 14:42:55 [ERROR] ^
2024-12-18 14:42:55 [ERROR] ^
2024-12-18 14:42:55 [ERROR] ^
2024-12-18 14:42:55 [ERROR] ^
2024-12-18 14:42:55 [ERROR] ^
2024-12-18 14:42:55 [ERROR] ^
2024-12-18 14:42:55 [ERROR] ^
2024-12-18 14:42:55 [ERROR] ^
2024-12-18 14:42:55 [ERROR] ^
2024-12-18 14:42:55 [ERROR] ^
2024-12-18 14:42:55 [ERROR] ^
2024-12-18 14:42:55 [ERROR] ^
2024-12-18 14:42:55 [ERROR] ^
2024-12-18 14:42:55 [ERROR] ^
2024-12-18 14:42:55 [ERROR] ^
2024-12-18 14:42:55 [ERROR] ^
2024-12-18 14:42:55 [ERROR] ^
2024-12-18 14:42:55 [ERROR] ^
2024-12-18 14:42:55 [ERROR] ^
2024-12-18 14:42:55 [ERROR] ^
2024-12-18 14:42:55 [ERROR] ^
2024-12-18 14:42:55 [ERROR] ^
2024-12-18 14:42:55 [ERROR] ^
2024-12-18 14:42:55 [ERROR] ^
2024-12-18 14:42:55 [ERROR] ^
2024-12-18 14:42:55 [ERROR] ^
2024-12-18 14:42:55 [ERROR] ^
2024-12-18 14:42:55 [ERROR] ^
2024-12-18 14:42:55 [ERROR] File "C:\Python312\Lib\site-packages\selenium\webdriver\remote\webdriver.py", line 382, in execute
2024-12-18 14:42:55 [ERROR] response = self.command_executor.execute(driver_command, params)
2024-12-18 14:42:55 [ERROR] ^
2024-12-18 14:42:55 [ERROR] ^
2024-12-18 14:42:55 [ERROR] ^
2024-12-18 14:42:55 [ERROR] ^
2024-12-18 14:42:55 [ERROR] ^
2024-12-18 14:42:55 [ERROR] ^
2024-12-18 14:42:55 [ERROR] ^
2024-12-18 14:42:55 [ERROR] ^
2024-12-18 14:42:55 [ERROR] ^
2024-12-18 14:42:55 [ERROR] ^
2024-12-18 14:42:55 [ERROR] ^
2024-12-18 14:42:55 [ERROR] ^
2024-12-18 14:42:55 [ERROR] ^
2024-12-18 14:42:55 [ERROR] ^
2024-12-18 14:42:55 [ERROR] ^
2024-12-18 14:42:55 [ERROR] ^
2024-12-18 14:42:55 [ERROR] ^
2024-12-18 14:42:55 [ERROR] ^
2024-12-18 14:42:55 [ERROR] ^
2024-12-18 14:42:55 [ERROR] ^
2024-12-18 14:42:55 [ERROR] ^
2024-12-18 14:42:55 [ERROR] ^
2024-12-18 14:42:55 [ERROR] ^
2024-12-18 14:42:55 [ERROR] ^
2024-12-18 14:42:55 [ERROR] ^
2024-12-18 14:42:55 [ERROR] ^
2024-12-18 14:42:55 [ERROR] ^
2024-12-18 14:42:55 [ERROR] ^
2024-12-18 14:42:55 [ERROR] ^
2024-12-18 14:42:55 [ERROR] ^
2024-12-18 14:42:55 [ERROR] ^
2024-12-18 14:42:55 [ERROR] ^
2024-12-18 14:42:55 [ERROR] ^
2024-12-18 14:42:55 [ERROR] ^
2024-12-18 14:42:55 [ERROR] ^
2024-12-18 14:42:55 [ERROR] ^
2024-12-18 14:42:55 [ERROR] ^
2024-12-18 14:42:55 [ERROR] ^
2024-12-18 14:42:55 [ERROR] ^
2024-12-18 14:42:55 [ERROR] ^
2024-12-18 14:42:55 [ERROR] ^
2024-12-18 14:42:55 [ERROR] ^
2024-12-18 14:42:55 [ERROR] ^
2024-12-18 14:42:55 [ERROR] ^
2024-12-18 14:42:55 [ERROR] ^
2024-12-18 14:42:55 [ERROR] ^
2024-12-18 14:42:55 [ERROR] ^
2024-12-18 14:42:55 [ERROR] ^
2024-12-18 14:42:55 [ERROR] ^
2024-12-18 14:42:55 [ERROR] ^
2024-12-18 14:42:55 [ERROR] ^
2024-12-18 14:42:55 [ERROR] ^
2024-12-18 14:42:55 [ERROR] ^
2024-12-18 14:42:55 [ERROR] File "C:\Python312\Lib\site-packages\selenium\webdriver\remote\remote_connection.py", line 404, in execute
2024-12-18 14:42:55 [ERROR] return self._request(command_info[0], url, body=data)
2024-12-18 14:42:55 [ERROR] ^
2024-12-18 14:42:55 [ERROR] ^
2024-12-18 14:42:55 [ERROR] ^
2024-12-18 14:42:55 [ERROR] ^
2024-12-18 14:42:55 [ERROR] ^
2024-12-18 14:42:55 [ERROR] ^
2024-12-18 14:42:55 [ERROR] ^
2024-12-18 14:42:55 [ERROR] ^
2024-12-18 14:42:55 [ERROR] ^
2024-12-18 14:42:55 [ERROR] ^
2024-12-18 14:42:55 [ERROR] ^
2024-12-18 14:42:55 [ERROR] ^
2024-12-18 14:42:55 [ERROR] ^
2024-12-18 14:42:55 [ERROR] ^
2024-12-18 14:42:55 [ERROR] ^
2024-12-18 14:42:55 [ERROR] ^
2024-12-18 14:42:55 [ERROR] ^
2024-12-18 14:42:55 [ERROR] ^
2024-12-18 14:42:55 [ERROR] ^
2024-12-18 14:42:55 [ERROR] ^
2024-12-18 14:42:55 [ERROR] ^
2024-12-18 14:42:55 [ERROR] ^
2024-12-18 14:42:55 [ERROR] ^
2024-12-18 14:42:55 [ERROR] ^
2024-12-18 14:42:55 [ERROR] ^
2024-12-18 14:42:55 [ERROR] ^
2024-12-18 14:42:55 [ERROR] ^
2024-12-18 14:42:55 [ERROR] ^
2024-12-18 14:42:55 [ERROR] ^
2024-12-18 14:42:55 [ERROR] ^
2024-12-18 14:42:55 [ERROR] ^
2024-12-18 14:42:55 [ERROR] ^
2024-12-18 14:42:55 [ERROR] ^
2024-12-18 14:42:55 [ERROR] ^
2024-12-18 14:42:55 [ERROR] ^
2024-12-18 14:42:55 [ERROR] ^
2024-12-18 14:42:55 [ERROR] ^
2024-12-18 14:42:55 [ERROR] ^
2024-12-18 14:42:55 [ERROR] ^
2024-12-18 14:42:55 [ERROR] ^
2024-12-18 14:42:55 [ERROR] ^
2024-12-18 14:42:55 [ERROR] ^
2024-12-18 14:42:55 [ERROR] ^
2024-12-18 14:42:55 [ERROR] ^
2024-12-18 14:42:55 [ERROR] ^
2024-12-18 14:42:55 [ERROR] ^
2024-12-18 14:42:55 [ERROR] File "C:\Python312\Lib\site-packages\selenium\webdriver\remote\remote_connection.py", line 428, in _request
2024-12-18 14:42:55 [ERROR] response = self._conn.request(method, url, body=body, headers=headers, timeout=self._client_config.timeout)
2024-12-18 14:42:55 [ERROR] ^
2024-12-18 14:42:55 [ERROR] ^
2024-12-18 14:42:55 [ERROR] ^
2024-12-18 14:42:55 [ERROR] ^
2024-12-18 14:42:55 [ERROR] ^
2024-12-18 14:42:55 [ERROR] ^
2024-12-18 14:42:55 [ERROR] ^
2024-12-18 14:42:55 [ERROR] ^
2024-12-18 14:42:55 [ERROR] ^
2024-12-18 14:42:55 [ERROR] ^
2024-12-18 14:42:55 [ERROR] ^
2024-12-18 14:42:55 [ERROR] ^
2024-12-18 14:42:55 [ERROR] ^
2024-12-18 14:42:55 [ERROR] ^
2024-12-18 14:42:55 [ERROR] ^
2024-12-18 14:42:55 [ERROR] ^
2024-12-18 14:42:55 [ERROR] ^
2024-12-18 14:42:55 [ERROR] ^
2024-12-18 14:42:55 [ERROR] ^
2024-12-18 14:42:55 [ERROR] ^
2024-12-18 14:42:55 [ERROR] ^
2024-12-18 14:42:55 [ERROR] ^
2024-12-18 14:42:55 [ERROR] ^
2024-12-18 14:42:55 [ERROR] ^
2024-12-18 14:42:55 [ERROR] ^
2024-12-18 14:42:55 [ERROR] ^
2024-12-18 14:42:55 [ERROR] ^
2024-12-18 14:42:55 [ERROR] ^
2024-12-18 14:42:55 [ERROR] ^
2024-12-18 14:42:55 [ERROR] ^
2024-12-18 14:42:55 [ERROR] ^
2024-12-18 14:42:55 [ERROR] ^
2024-12-18 14:42:55 [ERROR] ^
2024-12-18 14:42:55 [ERROR] ^
2024-12-18 14:42:55 [ERROR] ^
2024-12-18 14:42:55 [ERROR] ^
2024-12-18 14:42:55 [ERROR] ^
2024-12-18 14:42:55 [ERROR] ^
2024-12-18 14:42:55 [ERROR] ^
2024-12-18 14:42:55 [ERROR] ^
2024-12-18 14:42:55 [ERROR] ^
2024-12-18 14:42:55 [ERROR] ^
2024-12-18 14:42:55 [ERROR] ^
2024-12-18 14:42:55 [ERROR] ^
2024-12-18 14:42:55 [ERROR] ^
2024-12-18 14:42:55 [ERROR] ^
2024-12-18 14:42:55 [ERROR] ^
2024-12-18 14:42:55 [ERROR] ^
2024-12-18 14:42:55 [ERROR] ^
2024-12-18 14:42:55 [ERROR] ^
2024-12-18 14:42:55 [ERROR] ^
2024-12-18 14:42:55 [ERROR] ^
2024-12-18 14:42:55 [ERROR] ^
2024-12-18 14:42:55 [ERROR] ^
2024-12-18 14:42:55 [ERROR] ^
2024-12-18 14:42:55 [ERROR] ^
2024-12-18 14:42:55 [ERROR] ^
2024-12-18 14:42:55 [ERROR] ^
2024-12-18 14:42:55 [ERROR] ^
2024-12-18 14:42:55 [ERROR] ^
2024-12-18 14:42:55 [ERROR] ^
2024-12-18 14:42:55 [ERROR] ^
2024-12-18 14:42:55 [ERROR] ^
2024-12-18 14:42:55 [ERROR] ^
2024-12-18 14:42:55 [ERROR] ^
2024-12-18 14:42:55 [ERROR] ^
2024-12-18 14:42:55 [ERROR] ^
2024-12-18 14:42:55 [ERROR] ^
2024-12-18 14:42:55 [ERROR] ^
2024-12-18 14:42:55 [ERROR] ^
2024-12-18 14:42:55 [ERROR] ^
2024-12-18 14:42:55 [ERROR] ^
2024-12-18 14:42:55 [ERROR] ^
2024-12-18 14:42:55 [ERROR] ^
2024-12-18 14:42:55 [ERROR] ^
2024-12-18 14:42:55 [ERROR] ^
2024-12-18 14:42:55 [ERROR] ^
2024-12-18 14:42:55 [ERROR] ^
2024-12-18 14:42:55 [ERROR] ^
2024-12-18 14:42:55 [ERROR] ^
2024-12-18 14:42:55 [ERROR] ^
2024-12-18 14:42:55 [ERROR] ^
2024-12-18 14:42:55 [ERROR] ^
2024-12-18 14:42:55 [ERROR] ^
2024-12-18 14:42:55 [ERROR] ^
2024-12-18 14:42:55 [ERROR] ^
2024-12-18 14:42:55 [ERROR] ^
2024-12-18 14:42:55 [ERROR] ^
2024-12-18 14:42:55 [ERROR] ^
2024-12-18 14:42:55 [ERROR] ^
2024-12-18 14:42:55 [ERROR] ^
2024-12-18 14:42:55 [ERROR] ^
2024-12-18 14:42:55 [ERROR] ^
2024-12-18 14:42:55 [ERROR] ^
2024-12-18 14:42:55 [ERROR] ^
2024-12-18 14:42:55 [ERROR] ^
2024-12-18 14:42:55 [ERROR] File "C:\Python312\Lib\site-packages\urllib3\_request_methods.py", line 143, in request
2024-12-18 14:42:55 [ERROR] return self.request_encode_body(
2024-12-18 14:42:55 [ERROR] ^
2024-12-18 14:42:55 [ERROR] ^
2024-12-18 14:42:55 [ERROR] ^
2024-12-18 14:42:55 [ERROR] ^
2024-12-18 14:42:55 [ERROR] ^
2024-12-18 14:42:55 [ERROR] ^
2024-12-18 14:42:55 [ERROR] ^
2024-12-18 14:42:55 [ERROR] ^
2024-12-18 14:42:55 [ERROR] ^
2024-12-18 14:42:55 [ERROR] ^
2024-12-18 14:42:55 [ERROR] ^
2024-12-18 14:42:55 [ERROR] ^
2024-12-18 14:42:55 [ERROR] ^
2024-12-18 14:42:55 [ERROR] ^
2024-12-18 14:42:55 [ERROR] ^
2024-12-18 14:42:55 [ERROR] ^
2024-12-18 14:42:55 [ERROR] ^
2024-12-18 14:42:55 [ERROR] ^
2024-12-18 14:42:55 [ERROR] ^
2024-12-18 14:42:55 [ERROR] ^
2024-12-18 14:42:55 [ERROR] ^
2024-12-18 14:42:55 [ERROR] ^
2024-12-18 14:42:55 [ERROR] ^
2024-12-18 14:42:55 [ERROR] ^
2024-12-18 14:42:55 [ERROR] ^
2024-12-18 14:42:55 [ERROR] File "C:\Python312\Lib\site-packages\urllib3\_request_methods.py", line 278, in request_encode_body
2024-12-18 14:42:55 [ERROR] return self.urlopen(method, url, **extra_kw)
2024-12-18 14:42:55 [ERROR] ^
2024-12-18 14:42:55 [ERROR] ^
2024-12-18 14:42:55 [ERROR] ^
2024-12-18 14:42:55 [ERROR] ^
2024-12-18 14:42:55 [ERROR] ^
2024-12-18 14:42:55 [ERROR] ^
2024-12-18 14:42:55 [ERROR] ^
2024-12-18 14:42:55 [ERROR] ^
2024-12-18 14:42:55 [ERROR] ^
2024-12-18 14:42:55 [ERROR] ^
2024-12-18 14:42:55 [ERROR] ^
2024-12-18 14:42:55 [ERROR] ^
2024-12-18 14:42:55 [ERROR] ^
2024-12-18 14:42:55 [ERROR] ^
2024-12-18 14:42:55 [ERROR] ^
2024-12-18 14:42:55 [ERROR] ^
2024-12-18 14:42:55 [ERROR] ^
2024-12-18 14:42:55 [ERROR] ^
2024-12-18 14:42:55 [ERROR] ^
2024-12-18 14:42:55 [ERROR] ^
2024-12-18 14:42:55 [ERROR] ^
2024-12-18 14:42:55 [ERROR] ^
2024-12-18 14:42:55 [ERROR] ^
2024-12-18 14:42:55 [ERROR] ^
2024-12-18 14:42:55 [ERROR] ^
2024-12-18 14:42:55 [ERROR] ^
2024-12-18 14:42:55 [ERROR] ^
2024-12-18 14:42:55 [ERROR] ^
2024-12-18 14:42:55 [ERROR] ^
2024-12-18 14:42:55 [ERROR] ^
2024-12-18 14:42:55 [ERROR] ^
2024-12-18 14:42:55 [ERROR] ^
2024-12-18 14:42:55 [ERROR] ^
2024-12-18 14:42:55 [ERROR] ^
2024-12-18 14:42:55 [ERROR] ^
2024-12-18 14:42:55 [ERROR] ^
2024-12-18 14:42:55 [ERROR] ^
2024-12-18 14:42:55 [ERROR] File "C:\Python312\Lib\site-packages\urllib3\poolmanager.py", line 443, in urlopen
2024-12-18 14:42:55 [ERROR] response = conn.urlopen(method, u.request_uri, **kw)
2024-12-18 14:42:55 [ERROR] ^
2024-12-18 14:42:55 [ERROR] ^
2024-12-18 14:42:55 [ERROR] ^
2024-12-18 14:42:55 [ERROR] ^
2024-12-18 14:42:55 [ERROR] ^
2024-12-18 14:42:55 [ERROR] ^
2024-12-18 14:42:55 [ERROR] ^
2024-12-18 14:42:55 [ERROR] ^
2024-12-18 14:42:55 [ERROR] ^
2024-12-18 14:42:55 [ERROR] ^
2024-12-18 14:42:55 [ERROR] ^
2024-12-18 14:42:55 [ERROR] ^
2024-12-18 14:42:55 [ERROR] ^
2024-12-18 14:42:55 [ERROR] ^
2024-12-18 14:42:55 [ERROR] ^
2024-12-18 14:42:55 [ERROR] ^
2024-12-18 14:42:55 [ERROR] ^
2024-12-18 14:42:55 [ERROR] ^
2024-12-18 14:42:55 [ERROR] ^
2024-12-18 14:42:55 [ERROR] ^
2024-12-18 14:42:55 [ERROR] ^
2024-12-18 14:42:55 [ERROR] ^
2024-12-18 14:42:55 [ERROR] ^
2024-12-18 14:42:55 [ERROR] ^
2024-12-18 14:42:55 [ERROR] ^
2024-12-18 14:42:55 [ERROR] ^
2024-12-18 14:42:55 [ERROR] ^
2024-12-18 14:42:55 [ERROR] ^
2024-12-18 14:42:55 [ERROR] ^
2024-12-18 14:42:55 [ERROR] ^
2024-12-18 14:42:55 [ERROR] ^
2024-12-18 14:42:55 [ERROR] ^
2024-12-18 14:42:55 [ERROR] ^
2024-12-18 14:42:55 [ERROR] ^
2024-12-18 14:42:55 [ERROR] ^
2024-12-18 14:42:55 [ERROR] ^
2024-12-18 14:42:55 [ERROR] ^
2024-12-18 14:42:55 [ERROR] ^
2024-12-18 14:42:55 [ERROR] ^
2024-12-18 14:42:55 [ERROR] ^
2024-12-18 14:42:55 [ERROR] ^
2024-12-18 14:42:55 [ERROR] File "C:\Python312\Lib\site-packages\urllib3\connectionpool.py", line 873, in urlopen
2024-12-18 14:42:55 [ERROR] return self.urlopen(
2024-12-18 14:42:55 [ERROR] ^
2024-12-18 14:42:55 [ERROR] ^
2024-12-18 14:42:55 [ERROR] ^
2024-12-18 14:42:55 [ERROR] ^
2024-12-18 14:42:55 [ERROR] ^
2024-12-18 14:42:55 [ERROR] ^
2024-12-18 14:42:55 [ERROR] ^
2024-12-18 14:42:55 [ERROR] ^
2024-12-18 14:42:55 [ERROR] ^
2024-12-18 14:42:55 [ERROR] ^
2024-12-18 14:42:55 [ERROR] ^
2024-12-18 14:42:55 [ERROR] ^
2024-12-18 14:42:55 [ERROR] ^
2024-12-18 14:42:55 [ERROR] File "C:\Python312\Lib\site-packages\urllib3\connectionpool.py", line 873, in urlopen
2024-12-18 14:42:55 [ERROR] return self.urlopen(
2024-12-18 14:42:55 [ERROR] ^
2024-12-18 14:42:55 [ERROR] ^
2024-12-18 14:42:55 [ERROR] ^
2024-12-18 14:42:55 [ERROR] ^
2024-12-18 14:42:55 [ERROR] ^
2024-12-18 14:42:55 [ERROR] ^
2024-12-18 14:42:55 [ERROR] ^
2024-12-18 14:42:55 [ERROR] ^
2024-12-18 14:42:55 [ERROR] ^
2024-12-18 14:42:55 [ERROR] ^
2024-12-18 14:42:55 [ERROR] ^
2024-12-18 14:42:55 [ERROR] ^
2024-12-18 14:42:55 [ERROR] ^
2024-12-18 14:42:55 [ERROR] File "C:\Python312\Lib\site-packages\urllib3\connectionpool.py", line 873, in urlopen
2024-12-18 14:42:55 [ERROR] return self.urlopen(
2024-12-18 14:42:55 [ERROR] ^
2024-12-18 14:42:55 [ERROR] ^
2024-12-18 14:42:55 [ERROR] ^
2024-12-18 14:42:55 [ERROR] ^
2024-12-18 14:42:55 [ERROR] ^
2024-12-18 14:42:55 [ERROR] ^
2024-12-18 14:42:55 [ERROR] ^
2024-12-18 14:42:55 [ERROR] ^
2024-12-18 14:42:55 [ERROR] ^
2024-12-18 14:42:55 [ERROR] ^
2024-12-18 14:42:55 [ERROR] ^
2024-12-18 14:42:55 [ERROR] ^
2024-12-18 14:42:55 [ERROR] ^
2024-12-18 14:42:55 [ERROR] File "C:\Python312\Lib\site-packages\urllib3\connectionpool.py", line 843, in urlopen
2024-12-18 14:42:55 [ERROR] retries = retries.increment(
2024-12-18 14:42:55 [ERROR] ^
2024-12-18 14:42:55 [ERROR] ^
2024-12-18 14:42:55 [ERROR] ^
2024-12-18 14:42:55 [ERROR] ^
2024-12-18 14:42:55 [ERROR] ^
2024-12-18 14:42:55 [ERROR] ^
2024-12-18 14:42:55 [ERROR] ^
2024-12-18 14:42:55 [ERROR] ^
2024-12-18 14:42:55 [ERROR] ^
2024-12-18 14:42:55 [ERROR] ^
2024-12-18 14:42:55 [ERROR] ^
2024-12-18 14:42:55 [ERROR] ^
2024-12-18 14:42:55 [ERROR] ^
2024-12-18 14:42:55 [ERROR] ^
2024-12-18 14:42:55 [ERROR] ^
2024-12-18 14:42:55 [ERROR] ^
2024-12-18 14:42:55 [ERROR] ^
2024-12-18 14:42:55 [ERROR] ^
2024-12-18 14:42:55 [ERROR] File "C:\Python312\Lib\site-packages\urllib3\util\retry.py", line 519, in increment
2024-12-18 14:42:55 [ERROR] raise MaxRetryError(_pool, url, reason) from reason  # type: ignore[arg-type]
2024-12-18 14:42:55 [ERROR] ^
2024-12-18 14:42:55 [ERROR] ^
2024-12-18 14:42:55 [ERROR] ^
2024-12-18 14:42:55 [ERROR] ^
2024-12-18 14:42:55 [ERROR] ^
2024-12-18 14:42:55 [ERROR] ^
2024-12-18 14:42:55 [ERROR] ^
2024-12-18 14:42:55 [ERROR] ^
2024-12-18 14:42:55 [ERROR] ^
2024-12-18 14:42:55 [ERROR] ^
2024-12-18 14:42:55 [ERROR] ^
2024-12-18 14:42:55 [ERROR] ^
2024-12-18 14:42:55 [ERROR] ^
2024-12-18 14:42:55 [ERROR] ^
2024-12-18 14:42:55 [ERROR] ^
2024-12-18 14:42:55 [ERROR] ^
2024-12-18 14:42:55 [ERROR] ^
2024-12-18 14:42:55 [ERROR] ^
2024-12-18 14:42:55 [ERROR] ^
2024-12-18 14:42:55 [ERROR] ^
2024-12-18 14:42:55 [ERROR] ^
2024-12-18 14:42:55 [ERROR] ^
2024-12-18 14:42:55 [ERROR] ^
2024-12-18 14:42:55 [ERROR] ^
2024-12-18 14:42:55 [ERROR] ^
2024-12-18 14:42:55 [ERROR] ^
2024-12-18 14:42:55 [ERROR] ^
2024-12-18 14:42:55 [ERROR] ^
2024-12-18 14:42:55 [ERROR] ^
2024-12-18 14:42:55 [ERROR] ^
2024-12-18 14:42:55 [ERROR] ^
2024-12-18 14:42:55 [ERROR] ^
2024-12-18 14:42:55 [ERROR] ^
2024-12-18 14:42:55 [ERROR] ^
2024-12-18 14:42:55 [ERROR] ^
2024-12-18 14:42:55 [ERROR] ^
2024-12-18 14:42:55 [ERROR] ^
2024-12-18 14:42:55 [ERROR] ^
2024-12-18 14:42:55 [ERROR] ^
2024-12-18 14:42:55 [ERROR] ^
2024-12-18 14:42:55 [ERROR] ^
2024-12-18 14:42:55 [ERROR] ^
2024-12-18 14:42:55 [ERROR] ^
2024-12-18 14:42:55 [ERROR] ^
2024-12-18 14:42:55 [ERROR] ^
2024-12-18 14:42:55 [ERROR] ^
2024-12-18 14:42:55 [ERROR] ^
2024-12-18 14:42:55 [ERROR] ^
2024-12-18 14:42:55 [ERROR] ^
2024-12-18 14:42:55 [ERROR] ^
2024-12-18 14:42:55 [ERROR] ^
2024-12-18 14:42:55 [ERROR] urllib3.exceptions
2024-12-18 14:42:55 [ERROR] .
2024-12-18 14:42:55 [ERROR] MaxRetryError
2024-12-18 14:42:55 [ERROR] :
2024-12-18 14:42:55 [ERROR] HTTPConnectionPool(host='localhost', port=62975): Max retries exceeded with url: /session/f48a682e-4556-48c1-ab40-8383089c84c5/element (Caused by NewConnectionError('<urllib3.connection.HTTPConnection object at 0x0000024052A23200>: Failed to establish a new connection: [WinError 10061] 無法連線，因為目標電腦拒絕連線。'))
2024-12-18 14:42:55 [INFO] Worker 9: 向下滑動: 321 像素，並等待 3.0526492852045006 秒
2024-12-18 14:42:56 [INFO] Worker 2: 向下滑動: 203 像素，並等待 3.6926233742049046 秒
2024-12-18 14:42:56 [INFO] Worker 10: 貼文已按過讚，無需重複操作
2024-12-18 14:42:56 [INFO] Worker 10 按讚後隨機停留 5 秒
2024-12-18 14:42:57 [INFO] Worker 7: 向下滑動: 325 像素，並等待 3.2201219379011845 秒
2024-12-18 14:42:58 [INFO] Worker 8: 向下滑動: 259 像素，並等待 3.462080188404121 秒
2024-12-18 14:42:59 [INFO] Worker 12: 代理 kamoney03.ddns.net:24012 設置成功
2024-12-18 14:43:00 [INFO] Worker 5: 向下滑動: 371 像素，並等待 4.736720391761331 秒
2024-12-18 14:43:00 [INFO] Worker 9: 向下滑動: 207 像素，並等待 4.721191572431173 秒
2024-12-18 14:43:00 [INFO] Worker 12: Cookies 已加載成功: cookies\66954958462_cookies.json
2024-12-18 14:43:00 [INFO] Worker 11: 貼文已按過讚，無需重複操作
2024-12-18 14:43:00 [INFO] Worker 11 按讚後隨機停留 5 秒
2024-12-18 14:43:00 [INFO] Worker 7: 向下滑動: 280 像素，並等待 3.5614546023637903 秒
2024-12-18 14:43:01 [INFO] Worker 2: 向下滑動: 252 像素，並等待 4.840628389153661 秒
2024-12-18 14:43:01 [INFO] Worker 10: 正在開啟網站: https://lihi.cc/fCuUd
2024-12-18 14:43:02 [INFO] Worker 8: 向下滑動: 356 像素，並等待 3.242810748061987 秒
2024-12-18 14:43:02 [INFO] Worker 12: 帳號 66954958462 使用 cookies 成功登入
2024-12-18 14:43:02 [INFO] Worker 12: 登錄成功，開始處理帳號 66954958462 的操作...
2024-12-18 14:43:02 [INFO] Worker 12: 開始跳轉操作...
2024-12-18 14:43:02 [INFO] Worker 12: 正在開啟貼文: https://www.facebook.com/share/1HAVpvaRDF/
2024-12-18 14:43:03 [INFO] Worker 5: 向下滑動: 300 像素，並等待 3.646439427462002 秒
2024-12-18 14:43:03 [INFO] Worker 10 隨機停留時間: 187 秒
2024-12-18 14:43:04 [INFO] Worker 7: 向下滑動: 312 像素，並等待 3.554736352415107 秒
2024-12-18 14:43:04 [INFO] Worker 9: 向下滑動: 332 像素，並等待 4.0727263307853105 秒
2024-12-18 14:43:04 [INFO] Worker 12 隨機停留 7 秒
2024-12-18 14:43:05 [INFO] Worker 11: 正在開啟網站: https://lihi.cc/fCuUd
2024-12-18 14:43:05 [INFO] Worker 2: 向下滑動: 369 像素，並等待 4.772834329847939 秒
2024-12-18 14:43:06 [INFO] Worker 8: 向下滑動: 391 像素，並等待 4.571705572164964 秒
2024-12-18 14:43:07 [INFO] Worker 10: 向下滑動: 229 像素，並等待 3.54298373225778 秒
2024-12-18 14:43:07 [INFO] Worker 5: 向下滑動: 364 像素，並等待 3.901999164405864 秒
2024-12-18 14:43:07 [INFO] Worker 11 隨機停留時間: 170 秒
2024-12-18 14:43:08 [INFO] Worker 7: 向下滑動: 240 像素，並等待 3.688235428304516 秒
2024-12-18 14:43:08 [INFO] Worker 9: 向下滑動: 237 像素，並等待 3.8111698433791 秒
2024-12-18 14:43:10 [INFO] Worker 10: 向下滑動: 342 像素，並等待 3.057227838211784 秒
2024-12-18 14:43:10 [INFO] Worker 2: 向下滑動: 292 像素，並等待 4.547631038414647 秒
2024-12-18 14:43:10 [INFO] Worker 7: 帳號 66990183891 的任務已結束
2024-12-18 14:43:10 [INFO] Worker 13: 開始處理帳號 66804035563
2024-12-18 14:43:10 [INFO] Worker 8: 向下滑動: 357 像素，並等待 4.29175887179596 秒
2024-12-18 14:43:11 [INFO] Worker 5: 向下滑動: 333 像素，並等待 3.6664997311227356 秒
2024-12-18 14:43:11 [INFO] Worker 12: 貼文已按過讚，無需重複操作
2024-12-18 14:43:11 [INFO] Worker 12 按讚後隨機停留 4 秒
2024-12-18 14:43:12 [INFO] Worker 11: 向下滑動: 224 像素，並等待 4.474020802336384 秒
2024-12-18 14:43:12 [INFO] Worker 9: 向下滑動: 230 像素，並等待 4.426601678818189 秒
2024-12-18 14:43:13 [INFO] Worker 8: 帳號 66823237283 的任務已結束
2024-12-18 14:43:13 [INFO] Worker 14: 開始處理帳號 66823121944
2024-12-18 14:43:13 [INFO] Worker 5: 帳號 66619622845 的任務已結束
2024-12-18 14:43:13 [INFO] Worker 15: 開始處理帳號 66814785452
2024-12-18 14:43:14 [INFO] Worker 2: 向下滑動: 323 像素，並等待 3.635275172378404 秒
2024-12-18 14:43:14 [INFO] Worker 10: 向下滑動: 356 像素，並等待 4.337824851397636 秒
2024-12-18 14:43:15 [INFO] Worker 12: 正在開啟網站: https://lihi.cc/fCuUd
2024-12-18 14:43:16 [INFO] Worker 11: 向下滑動: 211 像素，並等待 4.025819344201739 秒
2024-12-18 14:43:16 [INFO] Worker 2: 帳號 66637943259 的任務已結束
2024-12-18 14:43:17 [INFO] Worker 9: 向下滑動: 299 像素，並等待 4.124092551376416 秒
2024-12-18 14:43:17 [INFO] Worker 13: 代理 kamoney03.ddns.net:24013 設置成功
2024-12-18 14:43:17 [INFO] Worker 12 隨機停留時間: 183 秒
2024-12-18 14:43:18 [INFO] Worker 13: Cookies 已加載成功: cookies\66804035563_cookies.json
2024-12-18 14:43:19 [INFO] Worker 10: 向下滑動: 389 像素，並等待 4.81302962876356 秒
2024-12-18 14:43:20 [INFO] Worker 13: 帳號 66804035563 使用 cookies 成功登入
2024-12-18 14:43:20 [INFO] Worker 13: 登錄成功，開始處理帳號 66804035563 的操作...
2024-12-18 14:43:20 [INFO] Worker 13: 開始跳轉操作...
2024-12-18 14:43:20 [INFO] Worker 13: 正在開啟貼文: https://www.facebook.com/share/1HAVpvaRDF/
2024-12-18 14:43:20 [INFO] Worker 11: 向下滑動: 347 像素，並等待 4.466837954365132 秒
2024-12-18 14:43:20 [INFO] Worker 14: 代理 kamoney03.ddns.net:24014 設置成功
2024-12-18 14:43:21 [INFO] Worker 9: 向下滑動: 200 像素，並等待 4.219933620118184 秒
2024-12-18 14:43:21 [INFO] Worker 15: 代理 kamoney03.ddns.net:24015 設置成功
2024-12-18 14:43:21 [INFO] Worker 12: 向下滑動: 377 像素，並等待 4.133656898407115 秒
2024-12-18 14:43:22 [INFO] Worker 14: Cookies 已加載成功: cookies\66823121944_cookies.json
2024-12-18 14:43:22 [INFO] Worker 13 隨機停留 6 秒
2024-12-18 14:43:22 [INFO] Worker 10: 向下滑動: 327 像素，並等待 3.3842467310893447 秒
2024-12-18 14:43:23 [INFO] Worker 15: Cookies 已加載成功: cookies\66814785452_cookies.json
2024-12-18 14:43:24 [INFO] Worker 11: 向下滑動: 271 像素，並等待 3.9158055225982418 秒
2024-12-18 14:43:24 [INFO] Worker 14: 帳號 66823121944 使用 cookies 成功登入
2024-12-18 14:43:24 [INFO] Worker 14: 登錄成功，開始處理帳號 66823121944 的操作...
2024-12-18 14:43:24 [INFO] Worker 14: 開始跳轉操作...
2024-12-18 14:43:24 [INFO] Worker 14: 正在開啟貼文: https://www.facebook.com/share/1HAVpvaRDF/
2024-12-18 14:43:25 [INFO] Worker 15: 帳號 66814785452 使用 cookies 成功登入
2024-12-18 14:43:25 [INFO] Worker 15: 登錄成功，開始處理帳號 66814785452 的操作...
2024-12-18 14:43:25 [INFO] Worker 15: 開始跳轉操作...
2024-12-18 14:43:25 [INFO] Worker 15: 正在開啟貼文: https://www.facebook.com/share/1HAVpvaRDF/
2024-12-18 14:43:25 [INFO] Worker 12: 向下滑動: 368 像素，並等待 3.8363157741623883 秒
2024-12-18 14:43:26 [INFO] Worker 9: 向下滑動: 383 像素，並等待 4.831992182163854 秒
2024-12-18 14:43:26 [INFO] Worker 10: 向下滑動: 308 像素，並等待 3.3509976961758285 秒
2024-12-18 14:43:27 [INFO] Worker 14 隨機停留 7 秒
2024-12-18 14:43:27 [INFO] Worker 11: 向下滑動: 252 像素，並等待 3.0160299461052307 秒
2024-12-18 14:43:27 [INFO] Worker 15 隨機停留 7 秒
2024-12-18 14:43:28 [INFO] Worker 13: 貼文已按過讚，無需重複操作
2024-12-18 14:43:28 [INFO] Worker 13 按讚後隨機停留 3 秒
2024-12-18 14:43:29 [INFO] Worker 9: 向下滑動: 301 像素，並等待 3.0122824774157015 秒
2024-12-18 14:43:29 [INFO] Worker 12: 向下滑動: 385 像素，並等待 3.872031412208904 秒
2024-12-18 14:43:30 [INFO] Worker 10: 向下滑動: 388 像素，並等待 4.41133407483736 秒
2024-12-18 14:43:31 [INFO] Worker 13: 正在開啟網站: https://lihi.cc/fCuUd
2024-12-18 14:43:31 [INFO] Worker 11: 向下滑動: 248 像素，並等待 4.407895554475935 秒
2024-12-18 14:43:33 [INFO] Worker 13 隨機停留時間: 184 秒
2024-12-18 14:43:33 [INFO] Worker 9: 向下滑動: 261 像素，並等待 4.560878570207983 秒
2024-12-18 14:43:33 [INFO] Worker 12: 向下滑動: 277 像素，並等待 4.229218102962827 秒
2024-12-18 14:43:34 [INFO] Worker 10: 向下滑動: 282 像素，並等待 3.3683309888538475 秒
2024-12-18 14:43:34 [INFO] Worker 14: 貼文已按過讚，無需重複操作
2024-12-18 14:43:34 [INFO] Worker 14 按讚後隨機停留 4 秒
2024-12-18 14:43:34 [INFO] Worker 15: 貼文已按過讚，無需重複操作
2024-12-18 14:43:34 [INFO] Worker 15 按讚後隨機停留 5 秒
2024-12-18 14:43:36 [INFO] Worker 11: 向下滑動: 358 像素，並等待 4.380274174061277 秒
2024-12-18 14:43:37 [INFO] Worker 12: 向下滑動: 292 像素，並等待 3.21567391962457 秒
2024-12-18 14:43:37 [INFO] Worker 10: 向下滑動: 324 像素，並等待 3.867892664151478 秒
2024-12-18 14:43:38 [INFO] Worker 9: 向下滑動: 320 像素，並等待 4.3535273959926934 秒
2024-12-18 14:43:38 [INFO] Worker 14: 正在開啟網站: https://lihi.cc/fCuUd
2024-12-18 14:43:38 [INFO] Worker 13: 向下滑動: 369 像素，並等待 4.906284825121668 秒
2024-12-18 14:43:39 [INFO] Worker 11: 向下滑動: 336 像素，並等待 3.557839180985348 秒
2024-12-18 14:43:39 [INFO] Worker 15: 正在開啟網站: https://lihi.cc/fCuUd
2024-12-18 14:43:40 [INFO] Worker 14 隨機停留時間: 187 秒
2024-12-18 14:43:41 [INFO] Worker 10: 向下滑動: 398 像素，並等待 3.3126755915139223 秒
2024-12-18 14:43:41 [INFO] Worker 12: 向下滑動: 298 像素，並等待 4.2096980985389285 秒
2024-12-18 14:43:41 [INFO] Worker 15 隨機停留時間: 171 秒
2024-12-18 14:43:42 [INFO] Worker 13: 向下滑動: 380 像素，並等待 3.845379921357247 秒
2024-12-18 14:43:42 [INFO] Worker 9: 向下滑動: 209 像素，並等待 4.380796617529823 秒
2024-12-18 14:43:44 [INFO] Worker 14: 向下滑動: 308 像素，並等待 4.260467645895126 秒
2024-12-18 14:43:44 [INFO] Worker 11: 向下滑動: 363 像素，並等待 4.9283936924657965 秒
2024-12-18 14:43:44 [INFO] Worker 15: 向下滑動: 261 像素，並等待 3.2199411115429646 秒
2024-12-18 14:43:45 [INFO] Worker 9: 向下滑動: 338 像素，並等待 3.0110433435573496 秒
2024-12-18 14:43:45 [INFO] Worker 12: 向下滑動: 387 像素，並等待 4.244180097541385 秒
2024-12-18 14:43:45 [INFO] Worker 10: 向下滑動: 216 像素，並等待 4.411762231580552 秒
2024-12-18 14:43:46 [INFO] Worker 13: 向下滑動: 344 像素，並等待 4.156800695744447 秒
2024-12-18 14:43:47 [INFO] Worker 14: 向下滑動: 400 像素，並等待 3.244645729563848 秒
2024-12-18 14:43:48 [INFO] Worker 12: 向下滑動: 371 像素，並等待 3.205166094566356 秒
2024-12-18 14:43:48 [INFO] Worker 15: 向下滑動: 202 像素，並等待 3.8803227130238582 秒
2024-12-18 14:43:49 [INFO] Worker 9: 向下滑動: 382 像素，並等待 4.2249210883477595 秒
2024-12-18 14:43:49 [INFO] Worker 10: 向下滑動: 203 像素，並等待 4.209856655265623 秒
2024-12-18 14:43:49 [INFO] Worker 11: 向下滑動: 326 像素，並等待 4.984705780800826 秒
2024-12-18 14:43:51 [INFO] Worker 14: 向下滑動: 368 像素，並等待 3.4946302584632685 秒
2024-12-18 14:43:51 [INFO] Worker 13: 向下滑動: 368 像素，並等待 4.957172367287962 秒
2024-12-18 14:43:52 [INFO] Worker 15: 向下滑動: 241 像素，並等待 3.7003318867989545 秒
2024-12-18 14:43:53 [INFO] Worker 12: 向下滑動: 221 像素，並等待 4.2204231884608605 秒
2024-12-18 14:43:53 [INFO] Worker 9: 向下滑動: 342 像素，並等待 4.211418568013363 秒
2024-12-18 14:43:54 [INFO] Worker 10: 向下滑動: 271 像素，並等待 4.561088987454699 秒
2024-12-18 14:43:54 [INFO] Worker 11: 向下滑動: 297 像素，並等待 4.620816051963734 秒
2024-12-18 14:43:54 [INFO] Worker 14: 向下滑動: 264 像素，並等待 3.8499315771237073 秒
2024-12-18 14:43:55 [INFO] Worker 15: 向下滑動: 235 像素，並等待 3.3060634640391076 秒
2024-12-18 14:43:56 [INFO] Worker 13: 向下滑動: 251 像素，並等待 4.796819730257013 秒
2024-12-18 14:43:57 [INFO] Worker 11: 向下滑動: 320 像素，並等待 3.2102484385995473 秒
2024-12-18 14:43:57 [INFO] Worker 9: 向下滑動: 297 像素，並等待 3.8208507583347298 秒
2024-12-18 14:43:57 [INFO] Worker 12: 向下滑動: 231 像素，並等待 4.770411438654066 秒
2024-12-18 14:43:58 [INFO] Worker 10: 向下滑動: 376 像素，並等待 3.658958082313689 秒
2024-12-18 14:43:59 [INFO] Worker 14: 向下滑動: 230 像素，並等待 4.808254402670511 秒
2024-12-18 14:44:00 [INFO] Worker 15: 向下滑動: 274 像素，並等待 4.882779296054468 秒
2024-12-18 14:44:00 [INFO] Worker 11: 向下滑動: 387 像素，並等待 3.228160478936905 秒
2024-12-18 14:44:01 [INFO] Worker 13: 向下滑動: 337 像素，並等待 4.924975956236698 秒
2024-12-18 14:44:01 [INFO] Worker 10: 向下滑動: 284 像素，並等待 3.5991697262496425 秒
2024-12-18 14:44:02 [INFO] Worker 12: 向下滑動: 311 像素，並等待 4.45563070816105 秒
2024-12-18 14:44:02 [INFO] Worker 9: 向下滑動: 210 像素，並等待 4.962702534263791 秒
2024-12-18 14:44:03 [INFO] Worker 14: 向下滑動: 350 像素，並等待 3.8633194085752454 秒
2024-12-18 14:44:04 [INFO] Worker 11: 向下滑動: 274 像素，並等待 3.7379047644191 秒
2024-12-18 14:44:05 [INFO] Worker 15: 向下滑動: 322 像素，並等待 4.449729904313428 秒
2024-12-18 14:44:05 [INFO] Worker 13: 向下滑動: 334 像素，並等待 3.9719587084559285 秒
2024-12-18 14:44:05 [INFO] Worker 10: 向下滑動: 217 像素，並等待 3.5790296071198604 秒
2024-12-18 14:44:06 [INFO] Worker 9: 向下滑動: 298 像素，並等待 3.8284223164743914 秒
2024-12-18 14:44:06 [INFO] Worker 12: 向下滑動: 229 像素，並等待 4.6520274913009105 秒
2024-12-18 14:44:08 [INFO] Worker 14: 向下滑動: 237 像素，並等待 4.586504603126892 秒
2024-12-18 14:44:08 [INFO] Worker 10: 向下滑動: 256 像素，並等待 3.396422152649679 秒
2024-12-18 14:44:09 [INFO] Worker 11: 向下滑動: 211 像素，並等待 4.653062245185558 秒
2024-12-18 14:44:09 [INFO] Worker 15: 向下滑動: 270 像素，並等待 4.367291827321964 秒
2024-12-18 14:44:09 [INFO] Worker 13: 向下滑動: 273 像素，並等待 4.467793566990044 秒
2024-12-18 14:44:11 [INFO] Worker 9: 向下滑動: 350 像素，並等待 4.451064080097774 秒
2024-12-18 14:44:11 [INFO] Worker 12: 向下滑動: 245 像素，並等待 4.204668085171281 秒
2024-12-18 14:44:11 [INFO] Worker 10: 向下滑動: 250 像素，並等待 3.074564894975185 秒
2024-12-18 14:44:12 [INFO] Worker 14: 向下滑動: 315 像素，並等待 3.988223458745542 秒
2024-12-18 14:44:13 [INFO] Worker 15: 向下滑動: 330 像素，並等待 3.5130684318320355 秒
2024-12-18 14:44:13 [INFO] Worker 13: 向下滑動: 390 像素，並等待 4.121685042044533 秒
2024-12-18 14:44:14 [INFO] Worker 11: 向下滑動: 347 像素，並等待 4.926012448692411 秒
2024-12-18 14:44:14 [INFO] Worker 9: 向下滑動: 322 像素，並等待 3.6616463021078207 秒
2024-12-18 14:44:14 [INFO] Worker 10: 向下滑動: 303 像素，並等待 3.1065614202602028 秒
2024-12-18 14:44:15 [INFO] Worker 12: 向下滑動: 316 像素，並等待 4.07541933615621 秒
2024-12-18 14:44:15 [INFO] Worker 14: 向下滑動: 284 像素，並等待 3.008092168424939 秒
2024-12-18 14:44:17 [INFO] Worker 13: 向下滑動: 372 像素，並等待 4.050367650645539 秒
2024-12-18 14:44:18 [INFO] Worker 15: 向下滑動: 333 像素，並等待 4.985478036583858 秒
2024-12-18 14:44:18 [INFO] Worker 10: 向下滑動: 273 像素，並等待 3.2354474262784096 秒
2024-12-18 14:44:18 [INFO] Worker 11: 向下滑動: 344 像素，並等待 4.189605399589553 秒
2024-12-18 14:44:18 [INFO] Worker 12: 向下滑動: 368 像素，並等待 3.642905436009789 秒
2024-12-18 14:44:19 [INFO] Worker 9: 向下滑動: 208 像素，並等待 4.469362445825324 秒
2024-12-18 14:44:19 [INFO] Worker 14: 向下滑動: 313 像素，並等待 4.52274581872273 秒
2024-12-18 14:44:21 [INFO] Worker 13: 向下滑動: 319 像素，並等待 3.7685003375912713 秒
2024-12-18 14:44:21 [INFO] Worker 15: 向下滑動: 395 像素，並等待 3.5888828191217197 秒
2024-12-18 14:44:22 [INFO] Worker 10: 向下滑動: 355 像素，並等待 4.198453383685532 秒
2024-12-18 14:44:22 [INFO] Worker 9: 向下滑動: 328 像素，並等待 3.3205468053674303 秒
2024-12-18 14:44:22 [INFO] Worker 12: 向下滑動: 397 像素，並等待 3.8568339739580733 秒
2024-12-18 14:44:23 [INFO] Worker 14: 向下滑動: 300 像素，並等待 3.5222307038165335 秒
2024-12-18 14:44:23 [INFO] Worker 11: 向下滑動: 215 像素，並等待 4.843596409677733 秒
2024-12-18 14:44:25 [INFO] Worker 13: 向下滑動: 298 像素，並等待 3.8990543697848405 秒
2024-12-18 14:44:25 [INFO] Worker 9: 向下滑動: 398 像素，並等待 3.0774669375788566 秒
2024-12-18 14:44:26 [INFO] Worker 15: 向下滑動: 216 像素，並等待 4.512384174824879 秒
2024-12-18 14:44:26 [INFO] Worker 12: 向下滑動: 354 像素，並等待 4.220840178380389 秒
2024-12-18 14:44:26 [INFO] Worker 10: 向下滑動: 214 像素，並等待 4.613268057859812 秒
2024-12-18 14:44:27 [INFO] Worker 11: 向下滑動: 283 像素，並等待 4.12228608535225 秒
2024-12-18 14:44:27 [INFO] Worker 14: 向下滑動: 280 像素，並等待 4.485157228233378 秒
2024-12-18 14:44:28 [INFO] Worker 13: 向下滑動: 214 像素，並等待 3.2083394022728284 秒
2024-12-18 14:44:29 [INFO] Worker 9: 向下滑動: 258 像素，並等待 3.6406177244526976 秒
2024-12-18 14:44:30 [INFO] Worker 15: 向下滑動: 246 像素，並等待 4.252219744911133 秒
2024-12-18 14:44:30 [INFO] Worker 10: 向下滑動: 347 像素，並等待 3.4335123779826047 秒
2024-12-18 14:44:31 [INFO] Worker 12: 向下滑動: 394 像素，並等待 4.688884850257087 秒
2024-12-18 14:44:31 [INFO] Worker 11: 向下滑動: 370 像素，並等待 4.162703431737813 秒
2024-12-18 14:44:32 [INFO] Worker 14: 向下滑動: 254 像素，並等待 4.181907044464288 秒
2024-12-18 14:44:33 [INFO] Worker 9: 向下滑動: 239 像素，並等待 4.097580120392447 秒
2024-12-18 14:44:33 [INFO] Worker 13: 向下滑動: 274 像素，並等待 4.75597878447058 秒
2024-12-18 14:44:34 [INFO] Worker 10: 向下滑動: 355 像素，並等待 3.9317887856452476 秒
2024-12-18 14:44:34 [INFO] Worker 15: 向下滑動: 378 像素，並等待 4.474622885263523 秒
2024-12-18 14:44:35 [INFO] Worker 11: 向下滑動: 270 像素，並等待 3.749516269337594 秒
2024-12-18 14:44:35 [INFO] Worker 12: 向下滑動: 230 像素，並等待 4.012606984640019 秒
2024-12-18 14:44:36 [INFO] Worker 14: 向下滑動: 323 像素，並等待 4.677869338682133 秒
2024-12-18 14:44:37 [INFO] Worker 13: 向下滑動: 237 像素，並等待 3.8020201982435777 秒
2024-12-18 14:44:37 [INFO] Worker 10: 向下滑動: 220 像素，並等待 3.12966669306552 秒
2024-12-18 14:44:37 [INFO] Worker 9: 向下滑動: 309 像素，並等待 4.194744378287991 秒
2024-12-18 14:44:38 [INFO] Worker 15: 向下滑動: 343 像素，並等待 3.729442224260905 秒
2024-12-18 14:44:39 [INFO] Worker 11: 向下滑動: 265 像素，並等待 4.260257214654651 秒
2024-12-18 14:44:39 [INFO] Worker 14: 向下滑動: 203 像素，並等待 3.085549869924546 秒
2024-12-18 14:44:40 [INFO] Worker 12: 向下滑動: 216 像素，並等待 4.402739722568202 秒
2024-12-18 14:44:40 [INFO] Worker 13: 向下滑動: 257 像素，並等待 3.5671983331941632 秒
2024-12-18 14:44:41 [INFO] Worker 10: 向下滑動: 272 像素，並等待 4.25870344783305 秒
2024-12-18 14:44:41 [INFO] Worker 15: 向下滑動: 232 像素，並等待 3.1212860814613004 秒
2024-12-18 14:44:41 [INFO] Worker 9: 向下滑動: 268 像素，並等待 4.337683940973883 秒
2024-12-18 14:44:43 [INFO] Worker 14: 向下滑動: 347 像素，並等待 3.7633296221479853 秒
2024-12-18 14:44:43 [INFO] Worker 12: 向下滑動: 236 像素，並等待 3.857507839164845 秒
2024-12-18 14:44:44 [INFO] Worker 11: 向下滑動: 385 像素，並等待 4.882331223835108 秒
2024-12-18 14:44:45 [INFO] Worker 15: 向下滑動: 252 像素，並等待 3.2857563671504133 秒
2024-12-18 14:44:45 [INFO] Worker 13: 向下滑動: 300 像素，並等待 4.206122255974531 秒
2024-12-18 14:44:46 [INFO] Worker 10: 向下滑動: 219 像素，並等待 4.457602924960641 秒
2024-12-18 14:44:46 [INFO] Worker 9: 向下滑動: 225 像素，並等待 4.571280979282021 秒
2024-12-18 14:44:46 [INFO] Worker 14: 向下滑動: 200 像素，並等待 3.1815090750467387 秒
2024-12-18 14:44:48 [INFO] Worker 12: 向下滑動: 396 像素，並等待 4.675390799387292 秒
2024-12-18 14:44:48 [INFO] Worker 15: 向下滑動: 226 像素，並等待 3.757261123150764 秒
2024-12-18 14:44:49 [INFO] Worker 13: 向下滑動: 266 像素，並等待 3.9457878086919598 秒
2024-12-18 14:44:49 [INFO] Worker 11: 向下滑動: 303 像素，並等待 4.81826886991136 秒
2024-12-18 14:44:49 [INFO] Worker 10: 向下滑動: 338 像素，並等待 3.306006375043399 秒
2024-12-18 14:44:51 [INFO] Worker 9: 向下滑動: 289 像素，並等待 4.581646908916897 秒
2024-12-18 14:44:51 [INFO] Worker 14: 向下滑動: 267 像素，並等待 4.417279251802007 秒
2024-12-18 14:44:52 [INFO] Worker 12: 向下滑動: 295 像素，並等待 3.661869413094905 秒
2024-12-18 14:44:52 [INFO] Worker 15: 向下滑動: 377 像素，並等待 3.7049762480205897 秒
2024-12-18 14:44:52 [INFO] Worker 13: 向下滑動: 231 像素，並等待 3.625266202058304 秒
2024-12-18 14:44:52 [INFO] Worker 11: 向下滑動: 383 像素，並等待 3.602989235139028 秒
2024-12-18 14:44:53 [INFO] Worker 10: 向下滑動: 373 像素，並等待 4.420538800509549 秒
2024-12-18 14:44:54 [INFO] Worker 14: 向下滑動: 369 像素，並等待 3.1930067779308233 秒
2024-12-18 14:44:55 [INFO] Worker 9: 向下滑動: 291 像素，並等待 4.662191392122114 秒
2024-12-18 14:44:56 [INFO] Worker 12: 向下滑動: 354 像素，並等待 3.8222461680599533 秒
2024-12-18 14:44:56 [INFO] Worker 11: 向下滑動: 208 像素，並等待 3.4744782766967686 秒
2024-12-18 14:44:57 [INFO] Worker 15: 向下滑動: 367 像素，並等待 4.614573303646665 秒
2024-12-18 14:44:57 [INFO] Worker 10: 向下滑動: 360 像素，並等待 3.285682128376177 秒
2024-12-18 14:44:57 [INFO] Worker 14: 向下滑動: 364 像素，並等待 3.0613773687476664 秒
2024-12-18 14:44:57 [INFO] Worker 13: 向下滑動: 250 像素，並等待 4.819385093341059 秒
2024-12-18 14:44:58 [INFO] Worker 9: 向下滑動: 337 像素，並等待 3.0466269694012134 秒
2024-12-18 14:45:00 [INFO] Worker 11: 向下滑動: 289 像素，並等待 4.021018053547538 秒
2024-12-18 14:45:00 [INFO] Worker 15: 向下滑動: 304 像素，並等待 3.590465445687083 秒
2024-12-18 14:45:00 [INFO] Worker 13: 向下滑動: 306 像素，並等待 3.265411625272341 秒
2024-12-18 14:45:01 [INFO] Worker 12: 向下滑動: 333 像素，並等待 4.879242795503842 秒
2024-12-18 14:45:01 [INFO] Worker 10: 向下滑動: 257 像素，並等待 4.049472543080468 秒
2024-12-18 14:45:01 [INFO] Worker 14: 向下滑動: 278 像素，並等待 4.541175376080208 秒
2024-12-18 14:45:03 [INFO] Worker 9: 向下滑動: 204 像素，並等待 4.530544691735528 秒
2024-12-18 14:45:03 [INFO] Worker 11: 向下滑動: 313 像素，並等待 3.102564829175349 秒
2024-12-18 14:45:04 [INFO] Worker 13: 向下滑動: 370 像素，並等待 3.819191747043538 秒
2024-12-18 14:45:04 [INFO] Worker 15: 向下滑動: 248 像素，並等待 3.9230326005993295 秒
2024-12-18 14:45:05 [INFO] Worker 10: 向下滑動: 375 像素，並等待 3.7469003466146935 秒
2024-12-18 14:45:05 [INFO] Worker 12: 向下滑動: 278 像素，並等待 4.227307228556719 秒
2024-12-18 14:45:06 [INFO] Worker 14: 向下滑動: 361 像素，並等待 4.919641116081946 秒
2024-12-18 14:45:08 [INFO] Worker 13: 向下滑動: 303 像素，並等待 3.4531316740553573 秒
2024-12-18 14:45:08 [INFO] Worker 9: 向下滑動: 398 像素，並等待 4.980346978237062 秒
2024-12-18 14:45:08 [INFO] Worker 11: 向下滑動: 345 像素，並等待 4.757269370560371 秒
2024-12-18 14:45:08 [INFO] Worker 10: 向下滑動: 377 像素，並等待 3.8990723062592503 秒
2024-12-18 14:45:09 [INFO] Worker 15: 向下滑動: 360 像素，並等待 4.543349398135242 秒
2024-12-18 14:45:09 [INFO] Worker 12: 向下滑動: 292 像素，並等待 4.472932619343213 秒
2024-12-18 14:45:10 [INFO] Worker 14: 向下滑動: 268 像素，並等待 3.721571217152066 秒
2024-12-18 14:45:11 [INFO] Worker 13: 向下滑動: 210 像素，並等待 3.1657874655490796 秒
2024-12-18 14:45:12 [INFO] Worker 9: 向下滑動: 244 像素，並等待 3.7372336248980425 秒
2024-12-18 14:45:12 [INFO] Worker 11: 向下滑動: 388 像素，並等待 3.7377204071042556 秒
2024-12-18 14:45:12 [INFO] Worker 10: 向下滑動: 225 像素，並等待 3.6176183641587283 秒
2024-12-18 14:45:13 [INFO] Worker 12: 向下滑動: 214 像素，並等待 3.319496018605393 秒
2024-12-18 14:45:13 [INFO] Worker 15: 向下滑動: 301 像素，並等待 4.076796090250155 秒
2024-12-18 14:45:14 [INFO] Worker 13: 向下滑動: 202 像素，並等待 3.296068472439238 秒
2024-12-18 14:45:15 [INFO] Worker 14: 向下滑動: 259 像素，並等待 4.898785351595487 秒
2024-12-18 14:45:16 [INFO] Worker 9: 向下滑動: 338 像素，並等待 4.380066330353562 秒
2024-12-18 14:45:16 [INFO] Worker 11: 向下滑動: 252 像素，並等待 4.738662440993311 秒
2024-12-18 14:45:16 [INFO] Worker 10: 向下滑動: 272 像素，並等待 4.3153847246111265 秒
2024-12-18 14:45:17 [INFO] Worker 15: 向下滑動: 211 像素，並等待 4.331725401155559 秒
2024-12-18 14:45:17 [INFO] Worker 12: 向下滑動: 202 像素，並等待 4.606788656212738 秒
2024-12-18 14:45:17 [INFO] Worker 13: 向下滑動: 293 像素，並等待 3.170766314580347 秒
2024-12-18 14:45:18 [INFO] Worker 14: 向下滑動: 254 像素，並等待 3.376695374875115 秒
2024-12-18 14:45:20 [INFO] Worker 9: 向下滑動: 252 像素，並等待 3.7443884644548264 秒
2024-12-18 14:45:20 [INFO] Worker 10: 向下滑動: 386 像素，並等待 3.7620687639518824 秒
2024-12-18 14:45:20 [INFO] Worker 11: 向下滑動: 359 像素，並等待 4.077526267319518 秒
2024-12-18 14:45:21 [INFO] Worker 13: 向下滑動: 349 像素，並等待 4.0813136465807185 秒
2024-12-18 14:45:22 [INFO] Worker 12: 向下滑動: 247 像素，並等待 4.367776317075817 秒
2024-12-18 14:45:22 [INFO] Worker 15: 向下滑動: 330 像素，並等待 4.636389016611225 秒
2024-12-18 14:45:22 [INFO] Worker 14: 向下滑動: 334 像素，並等待 3.4010540000777096 秒
2024-12-18 14:45:24 [INFO] Worker 9: 向下滑動: 272 像素，並等待 4.246507851814728 秒
2024-12-18 14:45:24 [INFO] Worker 11: 向下滑動: 318 像素，並等待 3.5425967824836953 秒
2024-12-18 14:45:25 [INFO] Worker 10: 向下滑動: 368 像素，並等待 4.3909938840917055 秒
2024-12-18 14:45:25 [INFO] Worker 13: 向下滑動: 372 像素，並等待 3.8005516718675594 秒
2024-12-18 14:45:25 [INFO] Worker 12: 向下滑動: 339 像素，並等待 3.590984801816611 秒
2024-12-18 14:45:25 [INFO] Worker 14: 向下滑動: 349 像素，並等待 3.516225191861809 秒
2024-12-18 14:45:26 [INFO] Worker 15: 向下滑動: 272 像素，並等待 3.8345862771030825 秒
2024-12-18 14:45:27 [INFO] Worker 11: 向下滑動: 350 像素，並等待 3.0133050546307554 秒
2024-12-18 14:45:27 [INFO] Worker 9: 向下滑動: 263 像素，並等待 3.2454542110775204 秒
2024-12-18 14:45:29 [INFO] Worker 12: 向下滑動: 268 像素，並等待 3.979399679139545 秒
2024-12-18 14:45:29 [INFO] Worker 10: 向下滑動: 340 像素，並等待 4.7298280965885215 秒
2024-12-18 14:45:30 [INFO] Worker 15: 向下滑動: 349 像素，並等待 4.312024247765064 秒
2024-12-18 14:45:30 [INFO] Worker 13: 向下滑動: 322 像素，並等待 4.830049294983771 秒
2024-12-18 14:45:30 [INFO] Worker 14: 向下滑動: 205 像素，並等待 4.834230418139879 秒
2024-12-18 14:45:30 [INFO] Worker 11: 向下滑動: 275 像素，並等待 3.211997596886912 秒
2024-12-18 14:45:31 [INFO] Worker 9: 向下滑動: 294 像素，並等待 4.11268562685851 秒
2024-12-18 14:45:33 [INFO] Worker 13: 向下滑動: 388 像素，並等待 3.501944860484751 秒
2024-12-18 14:45:34 [INFO] Worker 14: 向下滑動: 294 像素，並等待 3.325401879715331 秒
2024-12-18 14:45:34 [INFO] Worker 10: 向下滑動: 333 像素，並等待 4.4165436783426895 秒
2024-12-18 14:45:34 [INFO] Worker 12: 向下滑動: 361 像素，並等待 4.647972163987745 秒
2024-12-18 14:45:34 [INFO] Worker 15: 向下滑動: 360 像素，並等待 3.917779875751603 秒
2024-12-18 14:45:34 [INFO] Worker 11: 向下滑動: 246 像素，並等待 3.918763918657703 秒
2024-12-18 14:45:34 [INFO] Worker 9: 向下滑動: 348 像素，並等待 3.000872187926732 秒
2024-12-18 14:45:37 [INFO] Worker 13: 向下滑動: 306 像素，並等待 3.2313283884461077 秒
2024-12-18 14:45:38 [INFO] Worker 14: 向下滑動: 221 像素，並等待 3.9977579193081434 秒
2024-12-18 14:45:38 [INFO] Worker 11: 向下滑動: 384 像素，並等待 3.447172529975501 秒
2024-12-18 14:45:38 [INFO] Worker 9: 向下滑動: 264 像素，並等待 3.4350491521879114 秒
2024-12-18 14:45:38 [INFO] Worker 12: 向下滑動: 370 像素，並等待 4.296854996910865 秒
2024-12-18 14:45:38 [INFO] Worker 10: 向下滑動: 277 像素，並等待 4.4473462735456515 秒
2024-12-18 14:45:39 [INFO] Worker 15: 向下滑動: 290 像素，並等待 4.912558323122921 秒
2024-12-18 14:45:41 [INFO] Worker 13: 向下滑動: 376 像素，並等待 3.890477840582429 秒
2024-12-18 14:45:42 [INFO] Worker 12: 向下滑動: 364 像素，並等待 3.4431430524933493 秒
2024-12-18 14:45:42 [INFO] Worker 9: 向下滑動: 315 像素，並等待 4.147941378906404 秒
2024-12-18 14:45:42 [INFO] Worker 14: 向下滑動: 375 像素，並等待 4.480437560759148 秒
2024-12-18 14:45:42 [INFO] Worker 11: 向下滑動: 205 像素，並等待 4.563183887470053 秒
2024-12-18 14:45:42 [INFO] Worker 15: 向下滑動: 262 像素，並等待 3.4530495819735356 秒
2024-12-18 14:45:42 [INFO] Worker 10: 向下滑動: 336 像素，並等待 4.234224483779219 秒
2024-12-18 14:45:44 [INFO] Worker 13: 向下滑動: 370 像素，並等待 3.4672775279396517 秒
2024-12-18 14:45:45 [INFO] Worker 14: 向下滑動: 297 像素，並等待 3.144386688557247 秒
2024-12-18 14:45:45 [INFO] Worker 12: 向下滑動: 373 像素，並等待 3.8745570391709965 秒
2024-12-18 14:45:46 [INFO] Worker 10: 向下滑動: 241 像素，並等待 3.5864048388154055 秒
2024-12-18 14:45:46 [INFO] Worker 15: 向下滑動: 246 像素，並等待 3.9122214978941345 秒
2024-12-18 14:45:46 [INFO] Worker 9: 向下滑動: 346 像素，並等待 4.492090323042067 秒
2024-12-18 14:45:47 [INFO] Worker 11: 向下滑動: 284 像素，並等待 4.69709015970918 秒
2024-12-18 14:45:49 [INFO] Worker 12: 向下滑動: 341 像素，並等待 3.1404110172894106 秒
2024-12-18 14:45:49 [INFO] Worker 13: 向下滑動: 350 像素，並等待 4.736328932694191 秒
2024-12-18 14:45:49 [INFO] Worker 14: 向下滑動: 283 像素，並等待 3.9552324643065377 秒
2024-12-18 14:45:50 [INFO] Worker 10: 向下滑動: 383 像素，並等待 3.632532275017465 秒
2024-12-18 14:45:50 [INFO] Worker 11: 向下滑動: 234 像素，並等待 3.3895634054942927 秒
2024-12-18 14:45:50 [INFO] Worker 9: 向下滑動: 318 像素，並等待 4.012799936746521 秒
2024-12-18 14:45:50 [INFO] Worker 15: 向下滑動: 217 像素，並等待 4.327264795237038 秒
2024-12-18 14:45:52 [INFO] Worker 12: 向下滑動: 342 像素，並等待 3.288581188346036 秒
2024-12-18 14:45:52 [INFO] Worker 13: 向下滑動: 214 像素，並等待 3.4211798581436788 秒
2024-12-18 14:45:53 [INFO] Worker 10: 向下滑動: 288 像素，並等待 3.052145019505457 秒
2024-12-18 14:45:53 [INFO] Worker 14: 向下滑動: 256 像素，並等待 3.7888962496558207 秒
2024-12-18 14:45:53 [INFO] Worker 11: 向下滑動: 330 像素，並等待 3.0911947547325163 秒
2024-12-18 14:45:54 [INFO] Worker 15: 向下滑動: 224 像素，並等待 3.193582300617115 秒
2024-12-18 14:45:55 [INFO] Worker 9: 向下滑動: 397 像素，並等待 4.140517653655112 秒
2024-12-18 14:45:56 [INFO] Worker 13: 向下滑動: 308 像素，並等待 3.718094345339056 秒
2024-12-18 14:45:56 [INFO] Worker 10: 向下滑動: 379 像素，並等待 3.4269362360943374 秒
2024-12-18 14:45:57 [INFO] Worker 12: 向下滑動: 373 像素，並等待 4.650212213931592 秒
2024-12-18 14:45:57 [INFO] Worker 14: 向下滑動: 255 像素，並等待 4.136757718970956 秒
2024-12-18 14:45:58 [INFO] Worker 15: 向下滑動: 232 像素，並等待 4.28503999815872 秒
2024-12-18 14:45:58 [INFO] Worker 11: 向下滑動: 296 像素，並等待 4.65883165971586 秒
2024-12-18 14:45:58 [INFO] Worker 9: 向下滑動: 357 像素，並等待 3.6200363404696425 秒
2024-12-18 14:46:00 [INFO] Worker 10: 向下滑動: 270 像素，並等待 3.4388376260762774 秒
2024-12-18 14:46:00 [INFO] Worker 13: 向下滑動: 241 像素，並等待 4.43657074537267 秒
2024-12-18 14:46:01 [INFO] Worker 11: 帳號 66643407753 的任務已結束
2024-12-18 14:46:01 [INFO] Worker 14: 向下滑動: 349 像素，並等待 3.672253443944075 秒
2024-12-18 14:46:01 [INFO] Worker 12: 向下滑動: 380 像素，並等待 4.806964182471381 秒
2024-12-18 14:46:01 [INFO] Worker 9: 向下滑動: 269 像素，並等待 3.172004717573972 秒
2024-12-18 14:46:02 [INFO] Worker 15: 向下滑動: 397 像素，並等待 3.8844987590083058 秒
2024-12-18 14:46:04 [INFO] Worker 10: 向下滑動: 360 像素，並等待 4.051580930339615 秒
2024-12-18 14:46:05 [INFO] Worker 13: 向下滑動: 214 像素，並等待 4.504239296569839 秒
2024-12-18 14:46:05 [INFO] Worker 14: 向下滑動: 311 像素，並等待 4.213291096849779 秒
2024-12-18 14:46:05 [INFO] Worker 12: 向下滑動: 231 像素，並等待 4.014756351480239 秒
2024-12-18 14:46:06 [INFO] Worker 15: 向下滑動: 212 像素，並等待 4.472232742685716 秒
2024-12-18 14:46:06 [INFO] Worker 9: 向下滑動: 312 像素，並等待 4.990717119387001 秒
2024-12-18 14:46:07 [INFO] Worker 10: 向下滑動: 367 像素，並等待 3.012047371666693 秒
2024-12-18 14:46:09 [INFO] Worker 9: 帳號 66991704166 的任務已結束
2024-12-18 14:46:09 [INFO] Worker 14: 向下滑動: 388 像素，並等待 3.943243035608826 秒
2024-12-18 14:46:09 [INFO] Worker 13: 向下滑動: 220 像素，並等待 4.334922996259015 秒
2024-12-18 14:46:10 [INFO] Worker 12: 向下滑動: 377 像素，並等待 4.954257224374007 秒
2024-12-18 14:46:11 [INFO] Worker 15: 向下滑動: 222 像素，並等待 4.2853273615595056 秒
2024-12-18 14:46:11 [INFO] Worker 10: 向下滑動: 352 像素，並等待 4.0273398784552175 秒
2024-12-18 14:46:13 [INFO] Worker 14: 向下滑動: 278 像素，並等待 3.6621515010366177 秒
2024-12-18 14:46:13 [INFO] Worker 10: 帳號 66646155782 的任務已結束
2024-12-18 14:46:14 [INFO] Worker 13: 向下滑動: 243 像素，並等待 4.643869839386885 秒
2024-12-18 14:46:15 [INFO] Worker 12: 向下滑動: 365 像素，並等待 4.412512290619452 秒
2024-12-18 14:46:16 [INFO] Worker 15: 向下滑動: 366 像素，並等待 4.888555958750258 秒
2024-12-18 14:46:16 [INFO] Worker 14: 向下滑動: 302 像素，並等待 3.2876965035101895 秒
2024-12-18 14:46:18 [INFO] Worker 13: 向下滑動: 230 像素，並等待 3.946570675038073 秒
2024-12-18 14:46:19 [INFO] Worker 12: 向下滑動: 351 像素，並等待 3.8198216192991197 秒
2024-12-18 14:46:20 [INFO] Worker 15: 向下滑動: 213 像素，並等待 4.542880778093204 秒
2024-12-18 14:46:21 [INFO] Worker 14: 向下滑動: 238 像素，並等待 4.82561779092869 秒
2024-12-18 14:46:22 [INFO] Worker 13: 向下滑動: 358 像素，並等待 3.838324174745468 秒
2024-12-18 14:46:23 [INFO] Worker 12: 向下滑動: 328 像素，並等待 4.400079226497087 秒
2024-12-18 14:46:24 [INFO] Worker 15: 向下滑動: 353 像素，並等待 3.9648403501912313 秒
2024-12-18 14:46:25 [INFO] Worker 14: 向下滑動: 365 像素，並等待 3.909783368029524 秒
2024-12-18 14:46:25 [INFO] Worker 13: 向下滑動: 327 像素，並等待 3.4854514525752105 秒
2024-12-18 14:46:25 [INFO] Worker 12: 帳號 66954958462 的任務已結束
2024-12-18 14:46:28 [INFO] Worker 15: 向下滑動: 274 像素，並等待 3.5372488709674466 秒
2024-12-18 14:46:29 [INFO] Worker 13: 向下滑動: 389 像素，並等待 3.4015402409273916 秒
2024-12-18 14:46:30 [INFO] Worker 14: 向下滑動: 226 像素，並等待 4.918721396163798 秒
2024-12-18 14:46:31 [INFO] Worker 15: 向下滑動: 232 像素，並等待 3.30251807606602 秒
2024-12-18 14:46:32 [INFO] Worker 13: 向下滑動: 219 像素，並等待 3.6370627400154105 秒
2024-12-18 14:46:33 [INFO] Worker 14: 向下滑動: 264 像素，並等待 3.752577669099793 秒
2024-12-18 14:46:36 [INFO] Worker 15: 向下滑動: 379 像素，並等待 4.802798556551079 秒
2024-12-18 14:46:37 [INFO] Worker 13: 向下滑動: 380 像素，並等待 4.957511564718539 秒
2024-12-18 14:46:38 [INFO] Worker 14: 向下滑動: 310 像素，並等待 4.235088657254355 秒
2024-12-18 14:46:38 [INFO] Worker 15: 帳號 66814785452 的任務已結束
2024-12-18 14:46:40 [INFO] Worker 13: 帳號 66804035563 的任務已結束
2024-12-18 14:46:42 [INFO] Worker 14: 向下滑動: 373 像素，並等待 4.014730241720924 秒
2024-12-18 14:46:46 [INFO] Worker 14: 向下滑動: 202 像素，並等待 4.378874976513413 秒
2024-12-18 14:46:49 [INFO] Worker 14: 向下滑動: 342 像素，並等待 3.1257968957893834 秒
2024-12-18 14:46:52 [INFO] Worker 14: 帳號 66823121944 的任務已結束
