2024-12-18 13:32:14 [INFO] 請選擇您要使用的 Excel 檔案...
2024-12-18 13:32:17 [INFO] 選擇的 Excel 檔案路徑：C:/Users/user/Desktop/SuChenAI/Factbook-RPA-clickurl/data/fb_account_data_test.xlsx
2024-12-18 13:32:17 [INFO] 請輸入最大多開數量 (1-10，預設為 1):
2024-12-18 13:32:20 [INFO] 最大多開數量已設定為：8
2024-12-18 13:32:20 [INFO] 螢幕寬度：2560，螢幕高度：1440，縮放比例：1.5
2024-12-18 13:32:20 [INFO] 開始處理跳轉帳號...
2024-12-18 13:32:20 [INFO] Worker 1: 開始處理帳號 66634899161
2024-12-18 13:32:20 [INFO] Worker 2: 開始處理帳號 66637943259
2024-12-18 13:32:20 [INFO] Worker 3: 開始處理帳號 66634899161
2024-12-18 13:32:20 [INFO] Worker 4: 開始處理帳號 66637943259
2024-12-18 13:32:20 [INFO] Worker 5: 開始處理帳號 66619622845
2024-12-18 13:32:20 [INFO] Worker 6: 開始處理帳號 66935324825
2024-12-18 13:32:20 [INFO] Worker 7: 開始處理帳號 66990183891
2024-12-18 13:32:20 [INFO] Worker 8: 開始處理帳號 66823237283
2024-12-18 13:32:20 [INFO] 開始監控任務狀態...
2024-12-18 13:32:30 [INFO] Worker 3: 代理 kamoney03.ddns.net:24004 設置成功
2024-12-18 13:32:30 [INFO] Worker 4: 代理 kamoney03.ddns.net:24003 設置成功
2024-12-18 13:32:30 [INFO] Worker 1: 代理 kamoney03.ddns.net:24004 設置成功
2024-12-18 13:32:31 [INFO] Worker 7: 代理 kamoney03.ddns.net:24001 設置成功
2024-12-18 13:32:32 [INFO] Worker 2: 代理 kamoney03.ddns.net:24003 設置成功
2024-12-18 13:32:32 [INFO] Worker 3: Cookies 已加載成功: cookies\66634899161_cookies.json
2024-12-18 13:32:32 [INFO] Worker 4: Cookies 已加載成功: cookies\66637943259_cookies.json
2024-12-18 13:32:33 [INFO] Worker 1: Cookies 已加載成功: cookies\66634899161_cookies.json
2024-12-18 13:32:33 [INFO] Worker 6: 代理 kamoney03.ddns.net:24006 設置成功
2024-12-18 13:32:34 [INFO] Worker 2: Cookies 已加載成功: cookies\66637943259_cookies.json
2024-12-18 13:32:34 [INFO] Worker 8: 代理 kamoney03.ddns.net:24008 設置成功
2024-12-18 13:32:34 [INFO] Worker 7: Cookies 已加載成功: cookies\66990183891_cookies.json
2024-12-18 13:32:35 [INFO] Worker 5: 代理 kamoney03.ddns.net:24005 設置成功
2024-12-18 13:32:35 [INFO] Worker 6: Cookies 已加載成功: cookies\66935324825_cookies.json
2024-12-18 13:32:36 [INFO] Worker 8: Cookies 已加載成功: cookies\66823237283_cookies.json
2024-12-18 13:32:37 [INFO] Worker 2: 帳號 66637943259 使用 cookies 成功登入
2024-12-18 13:32:37 [INFO] Worker 2: 登錄成功，開始處理帳號 66637943259 的操作...
2024-12-18 13:32:37 [INFO] Worker 2: 開始跳轉操作...
2024-12-18 13:32:37 [INFO] Worker 2: 正在開啟貼文: https://www.facebook.com/share/1HAVpvaRDF/
2024-12-18 13:32:37 [INFO] Worker 4: 帳號 66637943259 使用 cookies 成功登入
2024-12-18 13:32:37 [INFO] Worker 4: 登錄成功，開始處理帳號 66637943259 的操作...
2024-12-18 13:32:37 [INFO] Worker 4: 開始跳轉操作...
2024-12-18 13:32:37 [INFO] Worker 4: 正在開啟貼文: https://www.facebook.com/share/1HAVpvaRDF/
2024-12-18 13:32:37 [INFO] Worker 3: 帳號 66634899161 使用 cookies 成功登入
2024-12-18 13:32:37 [INFO] Worker 3: 登錄成功，開始處理帳號 66634899161 的操作...
2024-12-18 13:32:37 [INFO] Worker 3: 開始跳轉操作...
2024-12-18 13:32:37 [INFO] Worker 3: 正在開啟貼文: https://www.facebook.com/share/1HAVpvaRDF/
2024-12-18 13:32:38 [INFO] Worker 1: 帳號 66634899161 使用 cookies 成功登入
2024-12-18 13:32:38 [INFO] Worker 1: 登錄成功，開始處理帳號 66634899161 的操作...
2024-12-18 13:32:38 [INFO] Worker 1: 開始跳轉操作...
2024-12-18 13:32:38 [INFO] Worker 1: 正在開啟貼文: https://www.facebook.com/share/1HAVpvaRDF/
2024-12-18 13:32:38 [INFO] Worker 5: Cookies 已加載成功: cookies\66619622845_cookies.json
2024-12-18 13:32:39 [INFO] Worker 6: 帳號 66935324825 使用 cookies 成功登入
2024-12-18 13:32:39 [INFO] Worker 6: 登錄成功，開始處理帳號 66935324825 的操作...
2024-12-18 13:32:39 [INFO] Worker 6: 開始跳轉操作...
2024-12-18 13:32:39 [INFO] Worker 6: 正在開啟貼文: https://www.facebook.com/share/1HAVpvaRDF/
2024-12-18 13:32:41 [INFO] Worker 5: 帳號 66619622845 使用 cookies 成功登入
2024-12-18 13:32:41 [INFO] Worker 5: 登錄成功，開始處理帳號 66619622845 的操作...
2024-12-18 13:32:41 [INFO] Worker 5: 開始跳轉操作...
2024-12-18 13:32:41 [INFO] Worker 5: 正在開啟貼文: https://www.facebook.com/share/1HAVpvaRDF/
2024-12-18 13:32:42 [INFO] Worker 8: 帳號 66823237283 使用 cookies 成功登入
2024-12-18 13:32:42 [INFO] Worker 8: 登錄成功，開始處理帳號 66823237283 的操作...
2024-12-18 13:32:42 [INFO] Worker 8: 開始跳轉操作...
2024-12-18 13:32:42 [INFO] Worker 8: 正在開啟貼文: https://www.facebook.com/share/1HAVpvaRDF/
2024-12-18 13:32:43 [INFO] Worker 7: 帳號 66990183891 使用 cookies 成功登入
2024-12-18 13:32:43 [INFO] Worker 7: 登錄成功，開始處理帳號 66990183891 的操作...
2024-12-18 13:32:43 [INFO] Worker 7: 開始跳轉操作...
2024-12-18 13:32:43 [INFO] Worker 7: 正在開啟貼文: https://www.facebook.com/share/1HAVpvaRDF/
2024-12-18 13:32:46 [INFO] Worker 1 隨機停留 7 秒
2024-12-18 13:32:47 [INFO] Worker 2 隨機停留 8 秒
2024-12-18 13:32:47 [INFO] Worker 6 隨機停留 6 秒
2024-12-18 13:32:47 [INFO] Worker 3 隨機停留 6 秒
2024-12-18 13:32:48 [INFO] Worker 8 隨機停留 6 秒
2024-12-18 13:32:48 [INFO] Worker 5 隨機停留 6 秒
2024-12-18 13:32:48 [INFO] Worker 7 隨機停留 8 秒
2024-12-18 13:32:49 [INFO] Worker 4 隨機停留 7 秒
2024-12-18 13:32:54 [INFO] Worker 1: 貼文已按過讚，無需重複操作
2024-12-18 13:32:54 [INFO] Worker 1 按讚後隨機停留 3 秒
2024-12-18 13:32:55 [INFO] Worker 8: 貼文已按過讚，無需重複操作
2024-12-18 13:32:55 [INFO] Worker 8 按讚後隨機停留 4 秒
2024-12-18 13:32:55 [INFO] Worker 2: 貼文已按過讚，無需重複操作
2024-12-18 13:32:55 [INFO] Worker 2 按讚後隨機停留 3 秒
2024-12-18 13:32:56 [INFO] Worker 3: 貼文已按過讚，無需重複操作
2024-12-18 13:32:56 [INFO] Worker 3 按讚後隨機停留 3 秒
2024-12-18 13:32:56 [INFO] Worker 4: 貼文已按過讚，無需重複操作
2024-12-18 13:32:56 [INFO] Worker 4 按讚後隨機停留 5 秒
2024-12-18 13:32:57 [INFO] Worker 1: 正在開啟網站: https://lihi.cc/fCuUd
2024-12-18 13:32:57 [INFO] Worker 7: 貼文已按過讚，無需重複操作
2024-12-18 13:32:57 [INFO] Worker 7 按讚後隨機停留 5 秒
2024-12-18 13:32:58 [INFO] Worker 2: 正在開啟網站: https://lihi.cc/fCuUd
2024-12-18 13:32:58 [INFO] Worker 5: 貼文已按過讚，無需重複操作
2024-12-18 13:32:58 [INFO] Worker 5 按讚後隨機停留 5 秒
2024-12-18 13:32:59 [INFO] Worker 8: 正在開啟網站: https://lihi.cc/fCuUd
2024-12-18 13:32:59 [INFO] Worker 3: 正在開啟網站: https://lihi.cc/fCuUd
2024-12-18 13:33:01 [INFO] Worker 4: 正在開啟網站: https://lihi.cc/fCuUd
2024-12-18 13:33:02 [INFO] Worker 7: 正在開啟網站: https://lihi.cc/fCuUd
2024-12-18 13:33:02 [INFO] Worker 1 隨機停留時間: 152 秒
2024-12-18 13:33:03 [INFO] Worker 3 隨機停留時間: 200 秒
2024-12-18 13:33:03 [INFO] Worker 2 隨機停留時間: 165 秒
2024-12-18 13:33:03 [INFO] Worker 8 隨機停留時間: 166 秒
2024-12-18 13:33:03 [INFO] Worker 5: 正在開啟網站: https://lihi.cc/fCuUd
2024-12-18 13:33:03 [INFO] Worker 6: 貼文已按過讚，無需重複操作
2024-12-18 13:33:03 [INFO] Worker 6 按讚後隨機停留 3 秒
2024-12-18 13:33:05 [INFO] Worker 4 隨機停留時間: 156 秒
2024-12-18 13:33:05 [INFO] Worker 7 隨機停留時間: 193 秒
2024-12-18 13:33:06 [INFO] Worker 1: 向下滑動: 255 像素，並等待 3.695998888053472 秒
2024-12-18 13:33:06 [INFO] Worker 2: 向下滑動: 214 像素，並等待 3.111800211043326 秒
2024-12-18 13:33:06 [INFO] Worker 6: 正在開啟網站: https://lihi.cc/fCuUd
2024-12-18 13:33:06 [INFO] Worker 3: 向下滑動: 222 像素，並等待 3.8005540733089656 秒
2024-12-18 13:33:07 [INFO] Worker 5 隨機停留時間: 190 秒
2024-12-18 13:33:07 [INFO] Worker 8: 向下滑動: 289 像素，並等待 4.269350331479921 秒
2024-12-18 13:33:08 [INFO] Worker 4: 向下滑動: 391 像素，並等待 3.4154140029975855 秒
2024-12-18 13:33:09 [INFO] Worker 1: 向下滑動: 279 像素，並等待 3.3573387849789933 秒
2024-12-18 13:33:09 [INFO] Worker 6 隨機停留時間: 178 秒
2024-12-18 13:33:10 [INFO] Worker 2: 向下滑動: 383 像素，並等待 3.4344720042362553 秒
2024-12-18 13:33:10 [INFO] Worker 7: 向下滑動: 340 像素，並等待 4.982331335438091 秒
2024-12-18 13:33:11 [INFO] Worker 3: 向下滑動: 397 像素，並等待 4.264535089307553 秒
2024-12-18 13:33:11 [INFO] Worker 5: 向下滑動: 306 像素，並等待 3.851936466512388 秒
2024-12-18 13:33:12 [INFO] Worker 8: 向下滑動: 389 像素，並等待 4.193917216690993 秒
2024-12-18 13:33:12 [INFO] Worker 4: 向下滑動: 257 像素，並等待 3.713928163028224 秒
2024-12-18 13:33:13 [INFO] Worker 7: 向下滑動: 300 像素，並等待 3.274115353378928 秒
2024-12-18 13:33:14 [INFO] Worker 2: 向下滑動: 240 像素，並等待 4.097104968676967 秒
2024-12-18 13:33:14 [INFO] Worker 1: 向下滑動: 241 像素，並等待 4.91706224595716 秒
2024-12-18 13:33:14 [INFO] Worker 6: 向下滑動: 223 像素，並等待 4.826378882798809 秒
2024-12-18 13:33:15 [INFO] Worker 5: 向下滑動: 392 像素，並等待 3.7999187216668675 秒
2024-12-18 13:33:15 [INFO] Worker 3: 向下滑動: 387 像素，並等待 4.506027500180879 秒
2024-12-18 13:33:16 [INFO] Worker 8: 向下滑動: 201 像素，並等待 4.08037899570013 秒
2024-12-18 13:33:16 [INFO] Worker 4: 向下滑動: 203 像素，並等待 4.668566596881771 秒
2024-12-18 13:33:17 [INFO] Worker 6: 向下滑動: 200 像素，並等待 3.097394123090886 秒
2024-12-18 13:33:18 [INFO] Worker 7: 向下滑動: 379 像素，並等待 4.384169547548024 秒
2024-12-18 13:33:18 [INFO] Worker 2: 向下滑動: 214 像素，並等待 4.492149573390482 秒
2024-12-18 13:33:18 [INFO] Worker 3: 向下滑動: 220 像素，並等待 3.1721708124277614 秒
2024-12-18 13:33:19 [INFO] Worker 5: 向下滑動: 214 像素，並等待 4.112436480584631 秒
2024-12-18 13:33:19 [INFO] Worker 1: 向下滑動: 326 像素，並等待 4.961533578334787 秒
2024-12-18 13:33:20 [INFO] Worker 4: 向下滑動: 372 像素，並等待 3.136580652275109 秒
2024-12-18 13:33:20 [INFO] Worker 8: 向下滑動: 312 像素，並等待 3.9124262246424717 秒
2024-12-18 13:33:21 [INFO] Worker 6: 向下滑動: 373 像素，並等待 3.420614116990654 秒
2024-12-18 13:33:22 [INFO] Worker 2: 向下滑動: 345 像素，並等待 3.864930414016773 秒
2024-12-18 13:33:23 [INFO] Worker 7: 向下滑動: 339 像素，並等待 4.878245725661047 秒
2024-12-18 13:33:23 [INFO] Worker 3: 向下滑動: 327 像素，並等待 4.472499534721595 秒
2024-12-18 13:33:23 [INFO] Worker 5: 向下滑動: 316 像素，並等待 4.199062066309183 秒
2024-12-18 13:33:23 [INFO] Worker 8: 向下滑動: 249 像素，並等待 3.66116834477236 秒
2024-12-18 13:33:23 [INFO] Worker 4: 向下滑動: 394 像素，並等待 3.8668678745367515 秒
2024-12-18 13:33:24 [INFO] Worker 1: 向下滑動: 295 像素，並等待 4.931273592116038 秒
2024-12-18 13:33:24 [INFO] Worker 6: 向下滑動: 281 像素，並等待 3.6897268798701965 秒
2024-12-18 13:33:26 [INFO] Worker 5: 向下滑動: 219 像素，並等待 3.076729885549085 秒
2024-12-18 13:33:26 [INFO] Worker 2: 向下滑動: 297 像素，並等待 4.1911925620167505 秒
2024-12-18 13:33:27 [INFO] Worker 8: 向下滑動: 214 像素，並等待 3.39656400616516 秒
2024-12-18 13:33:27 [INFO] Worker 4: 向下滑動: 355 像素，並等待 3.3627876868430593 秒
2024-12-18 13:33:27 [INFO] Worker 3: 向下滑動: 249 像素，並等待 4.158168901728311 秒
2024-12-18 13:33:27 [INFO] Worker 7: 向下滑動: 301 像素，並等待 4.625331446620612 秒
2024-12-18 13:33:28 [INFO] Worker 1: 向下滑動: 232 像素，並等待 3.9496727140979884 秒
2024-12-18 13:33:29 [INFO] Worker 6: 向下滑動: 314 像素，並等待 4.364948565328422 秒
2024-12-18 13:33:30 [INFO] Worker 2: 向下滑動: 214 像素，並等待 3.3528511712262623 秒
2024-12-18 13:33:30 [INFO] Worker 8: 向下滑動: 388 像素，並等待 3.231003754715777 秒
2024-12-18 13:33:30 [INFO] Worker 3: 向下滑動: 290 像素，並等待 3.16980266533903 秒
2024-12-18 13:33:31 [INFO] Worker 7: 向下滑動: 375 像素，並等待 3.2282855680572426 秒
2024-12-18 13:33:31 [INFO] Worker 5: 向下滑動: 272 像素，並等待 4.628948490683584 秒
2024-12-18 13:33:31 [INFO] Worker 4: 向下滑動: 247 像素，並等待 4.121454507829174 秒
2024-12-18 13:33:32 [INFO] Worker 1: 向下滑動: 224 像素，並等待 4.085391219557351 秒
2024-12-18 13:33:33 [INFO] Worker 6: 向下滑動: 303 像素，並等待 4.195591482689336 秒
2024-12-18 13:33:33 [INFO] Worker 2: 向下滑動: 210 像素，並等待 3.826806513578775 秒
2024-12-18 13:33:34 [INFO] Worker 3: 向下滑動: 343 像素，並等待 3.6812889969893705 秒
2024-12-18 13:33:34 [INFO] Worker 8: 向下滑動: 380 像素，並等待 4.050497197786557 秒
2024-12-18 13:33:34 [INFO] Worker 5: 向下滑動: 344 像素，並等待 3.5895321011316925 秒
2024-12-18 13:33:36 [INFO] Worker 7: 向下滑動: 237 像素，並等待 4.92370105318116 秒
2024-12-18 13:33:36 [INFO] Worker 4: 向下滑動: 241 像素，並等待 4.7377127280981455 秒
2024-12-18 13:33:36 [INFO] Worker 6: 向下滑動: 324 像素，並等待 3.0688764906458452 秒
2024-12-18 13:33:36 [INFO] Worker 1: 向下滑動: 290 像素，並等待 4.329867825382545 秒
2024-12-18 13:33:37 [INFO] Worker 2: 向下滑動: 301 像素，並等待 3.9171193052451354 秒
2024-12-18 13:33:38 [INFO] Worker 8: 向下滑動: 304 像素，並等待 4.003222638553372 秒
2024-12-18 13:33:38 [INFO] Worker 3: 向下滑動: 359 像素，並等待 4.087493123359328 秒
2024-12-18 13:33:39 [INFO] Worker 5: 向下滑動: 228 像素，並等待 4.1966367224996715 秒
2024-12-18 13:33:39 [INFO] Worker 6: 向下滑動: 336 像素，並等待 3.5482743302877973 秒
2024-12-18 13:33:40 [INFO] Worker 1: 向下滑動: 226 像素，並等待 3.6009186736106056 秒
2024-12-18 13:33:40 [INFO] Worker 4: 向下滑動: 288 像素，並等待 4.646056903112202 秒
2024-12-18 13:33:40 [INFO] Worker 7: 向下滑動: 228 像素，並等待 4.915425241561152 秒
2024-12-18 13:33:42 [INFO] Worker 2: 向下滑動: 334 像素，並等待 4.829051744596045 秒
2024-12-18 13:33:42 [INFO] Worker 8: 向下滑動: 283 像素，並等待 4.165193220417686 秒
2024-12-18 13:33:42 [INFO] Worker 3: 向下滑動: 346 像素，並等待 4.387490093129472 秒
2024-12-18 13:33:43 [INFO] Worker 5: 向下滑動: 272 像素，並等待 4.132786560906092 秒
2024-12-18 13:33:44 [INFO] Worker 4: 向下滑動: 394 像素，並等待 3.2059372128979637 秒
2024-12-18 13:33:44 [INFO] Worker 6: 向下滑動: 345 像素，並等待 4.196507846770338 秒
2024-12-18 13:33:44 [INFO] Worker 1: 向下滑動: 221 像素，並等待 4.3895881134136765 秒
2024-12-18 13:33:45 [INFO] Worker 7: 向下滑動: 215 像素，並等待 4.158959560917393 秒
2024-12-18 13:33:46 [INFO] Worker 3: 向下滑動: 341 像素，並等待 3.254929918442688 秒
2024-12-18 13:33:47 [INFO] Worker 2: 向下滑動: 298 像素，並等待 4.732646540369702 秒
2024-12-18 13:33:47 [INFO] Worker 8: 向下滑動: 298 像素，並等待 4.977930010475634 秒
2024-12-18 13:33:47 [INFO] Worker 5: 向下滑動: 243 像素，並等待 4.425682529156963 秒
2024-12-18 13:33:48 [INFO] Worker 7: 向下滑動: 242 像素，並等待 3.1885423369815573 秒
2024-12-18 13:33:48 [INFO] Worker 1: 向下滑動: 259 像素，並等待 3.8406493568228193 秒
2024-12-18 13:33:48 [INFO] Worker 4: 向下滑動: 333 像素，並等待 4.681328929609803 秒
2024-12-18 13:33:48 [INFO] Worker 6: 向下滑動: 368 像素，並等待 4.705037302070011 秒
2024-12-18 13:33:50 [INFO] Worker 2: 向下滑動: 318 像素，並等待 3.4175505859258513 秒
2024-12-18 13:33:50 [INFO] Worker 3: 向下滑動: 267 像素，並等待 4.63587990181317 秒
2024-12-18 13:33:50 [INFO] Worker 8: 向下滑動: 398 像素，並等待 3.331245787534792 秒
2024-12-18 13:33:51 [INFO] Worker 5: 向下滑動: 389 像素，並等待 3.7190729000733143 秒
2024-12-18 13:33:51 [INFO] Worker 1: 向下滑動: 206 像素，並等待 3.031640284222894 秒
2024-12-18 13:33:52 [INFO] Worker 7: 向下滑動: 225 像素，並等待 4.405361808884044 秒
2024-12-18 13:33:52 [INFO] Worker 4: 向下滑動: 392 像素，並等待 4.182886604464824 秒
2024-12-18 13:33:53 [INFO] Worker 6: 向下滑動: 335 像素，並等待 4.530488948088143 秒
2024-12-18 13:33:54 [INFO] Worker 3: 向下滑動: 298 像素，並等待 3.5103617960712494 秒
2024-12-18 13:33:55 [INFO] Worker 2: 向下滑動: 333 像素，並等待 4.375113329790676 秒
2024-12-18 13:33:55 [INFO] Worker 8: 向下滑動: 215 像素，並等待 4.287280324995556 秒
2024-12-18 13:33:56 [INFO] Worker 5: 向下滑動: 368 像素，並等待 4.767076002399996 秒
2024-12-18 13:33:56 [INFO] Worker 1: 向下滑動: 347 像素，並等待 4.6512298814245545 秒
2024-12-18 13:33:56 [INFO] Worker 4: 向下滑動: 281 像素，並等待 3.3722471323815904 秒
2024-12-18 13:33:56 [INFO] Worker 7: 向下滑動: 312 像素，並等待 4.20187532189672 秒
2024-12-18 13:33:57 [INFO] Worker 6: 向下滑動: 212 像素，並等待 4.12378812213158 秒
2024-12-18 13:33:58 [INFO] Worker 8: 向下滑動: 339 像素，並等待 3.01561769209123 秒
2024-12-18 13:33:58 [INFO] Worker 3: 向下滑動: 275 像素，並等待 4.475235971671745 秒
2024-12-18 13:33:59 [INFO] Worker 2: 向下滑動: 389 像素，並等待 4.339413331296546 秒
2024-12-18 13:33:59 [INFO] Worker 5: 向下滑動: 216 像素，並等待 3.8067286981742923 秒
2024-12-18 13:34:00 [INFO] Worker 7: 向下滑動: 378 像素，並等待 3.54256147113935 秒
2024-12-18 13:34:00 [INFO] Worker 1: 向下滑動: 396 像素，並等待 4.396571879451013 秒
2024-12-18 13:34:00 [INFO] Worker 6: 向下滑動: 309 像素，並等待 3.3284947184020686 秒
2024-12-18 13:34:00 [INFO] Worker 4: 向下滑動: 302 像素，並等待 4.507125086337777 秒
2024-12-18 13:34:01 [INFO] Worker 8: 向下滑動: 280 像素，並等待 3.3251290162948144 秒
2024-12-18 13:34:02 [INFO] Worker 3: 向下滑動: 296 像素，並等待 3.8188282695065805 秒
2024-12-18 13:34:03 [INFO] Worker 7: 向下滑動: 322 像素，並等待 3.0100146453179226 秒
2024-12-18 13:34:04 [INFO] Worker 2: 向下滑動: 314 像素，並等待 4.677191433556356 秒
2024-12-18 13:34:04 [INFO] Worker 5: 向下滑動: 359 像素，並等待 4.414572211302966 秒
2024-12-18 13:34:04 [INFO] Worker 1: 向下滑動: 349 像素，並等待 3.9999398509129733 秒
2024-12-18 13:34:05 [INFO] Worker 6: 向下滑動: 336 像素，並等待 4.32203085629974 秒
2024-12-18 13:34:05 [INFO] Worker 4: 向下滑動: 345 像素，並等待 4.345663838097609 秒
2024-12-18 13:34:06 [INFO] Worker 8: 向下滑動: 287 像素，並等待 4.492261768188479 秒
2024-12-18 13:34:06 [INFO] Worker 3: 向下滑動: 263 像素，並等待 4.0529594919764085 秒
2024-12-18 13:34:07 [INFO] Worker 7: 向下滑動: 241 像素，並等待 3.562697358702683 秒
2024-12-18 13:34:07 [INFO] Worker 5: 向下滑動: 217 像素，並等待 3.3309132646866964 秒
2024-12-18 13:34:08 [INFO] Worker 2: 向下滑動: 283 像素，並等待 3.9337270588440734 秒
2024-12-18 13:34:08 [INFO] Worker 1: 向下滑動: 354 像素，並等待 3.7499837239334197 秒
2024-12-18 13:34:08 [INFO] Worker 4: 向下滑動: 366 像素，並等待 3.3960470460368244 秒
2024-12-18 13:34:08 [INFO] Worker 6: 向下滑動: 260 像素，並等待 3.7141369308782908 秒
2024-12-18 13:34:09 [INFO] Worker 8: 向下滑動: 342 像素，並等待 3.6395698012978412 秒
2024-12-18 13:34:09 [INFO] Worker 3: 向下滑動: 357 像素，並等待 3.125064914015205 秒
2024-12-18 13:34:10 [INFO] Worker 7: 向下滑動: 280 像素，並等待 3.0236652238021318 秒
2024-12-18 13:34:11 [INFO] Worker 1: 向下滑動: 271 像素，並等待 3.264836931669433 秒
2024-12-18 13:34:11 [INFO] Worker 5: 向下滑動: 280 像素，並等待 4.095093911019096 秒
2024-12-18 13:34:12 [INFO] Worker 4: 向下滑動: 204 像素，並等待 4.052566505054495 秒
2024-12-18 13:34:12 [INFO] Worker 2: 向下滑動: 339 像素，並等待 4.522277900733765 秒
2024-12-18 13:34:12 [INFO] Worker 6: 向下滑動: 321 像素，並等待 3.950769172428174 秒
2024-12-18 13:34:13 [INFO] Worker 8: 向下滑動: 260 像素，並等待 3.236246432570213 秒
2024-12-18 13:34:13 [INFO] Worker 3: 向下滑動: 293 像素，並等待 3.625864274878939 秒
2024-12-18 13:34:14 [INFO] Worker 7: 向下滑動: 220 像素，並等待 4.375050995405297 秒
2024-12-18 13:34:15 [INFO] Worker 1: 向下滑動: 222 像素，並等待 3.530423479273337 秒
2024-12-18 13:34:16 [INFO] Worker 5: 向下滑動: 366 像素，並等待 4.333812922933788 秒
2024-12-18 13:34:16 [INFO] Worker 8: 向下滑動: 211 像素，並等待 3.201246937958135 秒
2024-12-18 13:34:16 [INFO] Worker 4: 向下滑動: 229 像素，並等待 4.074468207608496 秒
2024-12-18 13:34:16 [INFO] Worker 2: 向下滑動: 210 像素，並等待 4.060429600504311 秒
2024-12-18 13:34:17 [INFO] Worker 6: 向下滑動: 293 像素，並等待 4.133529185870121 秒
2024-12-18 13:34:18 [INFO] Worker 3: 向下滑動: 289 像素，並等待 4.577533126391302 秒
2024-12-18 13:34:18 [INFO] Worker 7: 向下滑動: 278 像素，並等待 3.8793361146353584 秒
2024-12-18 13:34:19 [INFO] Worker 1: 向下滑動: 363 像素，並等待 4.467123061883185 秒
2024-12-18 13:34:19 [INFO] Worker 4: 向下滑動: 400 像素，並等待 3.018262632868159 秒
2024-12-18 13:34:20 [INFO] Worker 8: 向下滑動: 269 像素，並等待 3.9381609673990656 秒
2024-12-18 13:34:20 [INFO] Worker 5: 向下滑動: 276 像素，並等待 4.593343444682807 秒
2024-12-18 13:34:21 [INFO] Worker 2: 向下滑動: 341 像素，並等待 4.263740622138344 秒
2024-12-18 13:34:21 [INFO] Worker 6: 向下滑動: 354 像素，並等待 4.871238722348328 秒
2024-12-18 13:34:22 [INFO] Worker 7: 向下滑動: 348 像素，並等待 4.345802568648442 秒
2024-12-18 13:34:22 [INFO] Worker 3: 向下滑動: 341 像素，並等待 4.717171063444938 秒
2024-12-18 13:34:23 [INFO] Worker 1: 向下滑動: 320 像素，並等待 3.4618771197131837 秒
2024-12-18 13:34:23 [INFO] Worker 8: 向下滑動: 323 像素，並等待 3.1697806693370953 秒
2024-12-18 13:34:24 [INFO] Worker 4: 向下滑動: 315 像素，並等待 4.291148242906362 秒
2024-12-18 13:34:24 [INFO] Worker 5: 向下滑動: 239 像素，並等待 3.647614104685163 秒
2024-12-18 13:34:24 [INFO] Worker 2: 向下滑動: 307 像素，並等待 3.7646380537730963 秒
2024-12-18 13:34:26 [INFO] Worker 7: 向下滑動: 207 像素，並等待 3.5130534779324103 秒
2024-12-18 13:34:26 [INFO] Worker 3: 向下滑動: 215 像素，並等待 3.6226478076366835 秒
2024-12-18 13:34:26 [INFO] Worker 6: 向下滑動: 214 像素，並等待 4.647553627447154 秒
2024-12-18 13:34:26 [INFO] Worker 1: 向下滑動: 351 像素，並等待 3.6367249367153143 秒
2024-12-18 13:34:27 [INFO] Worker 5: 向下滑動: 297 像素，並等待 3.1795546051479877 秒
2024-12-18 13:34:27 [INFO] Worker 8: 向下滑動: 375 像素，並等待 4.466675765917109 秒
2024-12-18 13:34:28 [INFO] Worker 4: 向下滑動: 305 像素，並等待 4.6191367976172195 秒
2024-12-18 13:34:29 [INFO] Worker 2: 向下滑動: 316 像素，並等待 4.9079911665944085 秒
2024-12-18 13:34:30 [INFO] Worker 7: 向下滑動: 268 像素，並等待 3.8788198031150087 秒
2024-12-18 13:34:30 [INFO] Worker 3: 向下滑動: 250 像素，並等待 4.017012635343017 秒
2024-12-18 13:34:30 [INFO] Worker 6: 向下滑動: 268 像素，並等待 4.049387295569727 秒
2024-12-18 13:34:31 [INFO] Worker 5: 向下滑動: 330 像素，並等待 3.8302939576678225 秒
2024-12-18 13:34:31 [INFO] Worker 1: 向下滑動: 378 像素，並等待 4.925938603845353 秒
2024-12-18 13:34:32 [INFO] Worker 4: 向下滑動: 319 像素，並等待 3.6470232331496613 秒
2024-12-18 13:34:32 [INFO] Worker 8: 向下滑動: 219 像素，並等待 4.581458268327249 秒
2024-12-18 13:34:32 [INFO] Worker 2: 向下滑動: 241 像素，並等待 3.192908367406077 秒
2024-12-18 13:34:33 [INFO] Worker 3: 向下滑動: 257 像素，並等待 3.297533330850915 秒
2024-12-18 13:34:34 [INFO] Worker 7: 向下滑動: 246 像素，並等待 3.9164679556501616 秒
2024-12-18 13:34:34 [INFO] Worker 6: 向下滑動: 206 像素，並等待 4.183728448606575 秒
2024-12-18 13:34:35 [INFO] Worker 1: 向下滑動: 378 像素，並等待 3.506806002687255 秒
2024-12-18 13:34:35 [INFO] Worker 5: 向下滑動: 246 像素，並等待 3.8912008970099574 秒
2024-12-18 13:34:35 [INFO] Worker 4: 向下滑動: 271 像素，並等待 3.3497684447357914 秒
2024-12-18 13:34:36 [INFO] Worker 8: 向下滑動: 206 像素，並等待 4.145289435352666 秒
2024-12-18 13:34:37 [INFO] Worker 2: 向下滑動: 242 像素，並等待 4.535691083360398 秒
2024-12-18 13:34:37 [INFO] Worker 3: 向下滑動: 377 像素，並等待 3.734678529701428 秒
2024-12-18 13:34:37 [INFO] Worker 7: 向下滑動: 279 像素，並等待 3.5186091055095585 秒
2024-12-18 13:34:38 [INFO] Worker 1: 向下滑動: 233 像素，並等待 3.0019724009601916 秒
2024-12-18 13:34:39 [INFO] Worker 4: 向下滑動: 370 像素，並等待 3.2655929907466845 秒
2024-12-18 13:34:39 [INFO] Worker 5: 向下滑動: 314 像素，並等待 4.055044022146404 秒
2024-12-18 13:34:39 [INFO] Worker 6: 向下滑動: 260 像素，並等待 4.674813834136455 秒
2024-12-18 13:34:40 [INFO] Worker 8: 向下滑動: 377 像素，並等待 3.533220463384609 秒
2024-12-18 13:34:40 [INFO] Worker 2: 向下滑動: 260 像素，並等待 3.226344170460208 秒
2024-12-18 13:34:40 [INFO] Worker 7: 向下滑動: 297 像素，並等待 3.174276136584579 秒
2024-12-18 13:34:41 [INFO] Worker 1: 向下滑動: 342 像素，並等待 3.5699997080625856 秒
2024-12-18 13:34:42 [INFO] Worker 4: 向下滑動: 294 像素，並等待 3.0594161185826345 秒
2024-12-18 13:34:42 [INFO] Worker 3: 向下滑動: 272 像素，並等待 4.634336312650361 秒
2024-12-18 13:34:44 [INFO] Worker 5: 向下滑動: 374 像素，並等待 4.730083786865847 秒
2024-12-18 13:34:44 [INFO] Worker 6: 向下滑動: 320 像素，並等待 4.711902265099777 秒
2024-12-18 13:34:44 [INFO] Worker 8: 向下滑動: 220 像素，並等待 4.397573449888885 秒
2024-12-18 13:34:45 [INFO] Worker 2: 向下滑動: 235 像素，並等待 4.418394633455826 秒
2024-12-18 13:34:45 [INFO] Worker 3: 向下滑動: 378 像素，並等待 3.250647003105694 秒
2024-12-18 13:34:45 [INFO] Worker 7: 向下滑動: 291 像素，並等待 4.677863516034482 秒
2024-12-18 13:34:45 [INFO] Worker 1: 向下滑動: 339 像素，並等待 3.6470186799936704 秒
2024-12-18 13:34:46 [INFO] Worker 4: 向下滑動: 259 像素，並等待 4.8870281234723745 秒
2024-12-18 13:34:47 [INFO] Worker 6: 向下滑動: 397 像素，並等待 3.3567609048545117 秒
2024-12-18 13:34:47 [INFO] Worker 8: 向下滑動: 336 像素，並等待 3.226095066339952 秒
2024-12-18 13:34:48 [INFO] Worker 5: 向下滑動: 233 像素，並等待 4.074289218496589 秒
2024-12-18 13:34:48 [INFO] Worker 2: 向下滑動: 280 像素，並等待 3.2193696623632286 秒
2024-12-18 13:34:49 [INFO] Worker 7: 向下滑動: 305 像素，並等待 3.781308672899761 秒
2024-12-18 13:34:49 [INFO] Worker 1: 向下滑動: 353 像素，並等待 4.123009959965245 秒
2024-12-18 13:34:49 [INFO] Worker 3: 向下滑動: 212 像素，並等待 4.3222151069186285 秒
2024-12-18 13:34:51 [INFO] Worker 6: 向下滑動: 255 像素，並等待 3.756397418849387 秒
2024-12-18 13:34:51 [INFO] Worker 4: 向下滑動: 327 像素，並等待 4.52814237136001 秒
2024-12-18 13:34:51 [INFO] Worker 5: 向下滑動: 395 像素，並等待 3.6040909527190066 秒
2024-12-18 13:34:52 [INFO] Worker 2: 向下滑動: 275 像素，並等待 3.710352126942986 秒
2024-12-18 13:34:52 [INFO] Worker 8: 向下滑動: 359 像素，並等待 4.361853356899228 秒
2024-12-18 13:34:52 [INFO] Worker 7: 向下滑動: 302 像素，並等待 3.5566667168714434 秒
2024-12-18 13:34:53 [INFO] Worker 3: 向下滑動: 331 像素，並等待 4.009961226776659 秒
2024-12-18 13:34:54 [INFO] Worker 1: 向下滑動: 292 像素，並等待 4.509122969614354 秒
2024-12-18 13:34:55 [INFO] Worker 8: 向下滑動: 307 像素，並等待 3.1472795075436144 秒
2024-12-18 13:34:55 [INFO] Worker 2: 向下滑動: 361 像素，並等待 3.301946077508786 秒
2024-12-18 13:34:55 [INFO] Worker 6: 向下滑動: 395 像素，並等待 4.049351453525919 秒
2024-12-18 13:34:55 [INFO] Worker 5: 向下滑動: 289 像素，並等待 4.1290051915041825 秒
2024-12-18 13:34:56 [INFO] Worker 4: 向下滑動: 392 像素，並等待 4.695243998627439 秒
2024-12-18 13:34:56 [INFO] Worker 7: 向下滑動: 271 像素，並等待 3.547623111143638 秒
2024-12-18 13:34:57 [INFO] Worker 3: 向下滑動: 260 像素，並等待 3.60519277289474 秒
2024-12-18 13:34:59 [INFO] Worker 2: 向下滑動: 256 像素，並等待 3.7861542721938113 秒
2024-12-18 13:34:59 [INFO] Worker 1: 向下滑動: 345 像素，並等待 4.974904403058137 秒
2024-12-18 13:34:59 [INFO] Worker 5: 向下滑動: 244 像素，並等待 3.334376227507824 秒
2024-12-18 13:34:59 [INFO] Worker 7: 向下滑動: 345 像素，並等待 3.0006306271081753 秒
2024-12-18 13:34:59 [INFO] Worker 6: 向下滑動: 227 像素，並等待 4.562444520590676 秒
2024-12-18 13:35:00 [INFO] Worker 8: 向下滑動: 228 像素，並等待 4.837067264781638 秒
2024-12-18 13:35:00 [INFO] Worker 3: 向下滑動: 232 像素，並等待 3.1971897401785294 秒
2024-12-18 13:35:00 [INFO] Worker 4: 向下滑動: 301 像素，並等待 4.5092204737916735 秒
2024-12-18 13:35:02 [INFO] Worker 5: 向下滑動: 324 像素，並等待 3.567973917025923 秒
2024-12-18 13:35:03 [INFO] Worker 1: 向下滑動: 354 像素，並等待 3.892484249435498 秒
2024-12-18 13:35:03 [INFO] Worker 2: 向下滑動: 206 像素，並等待 4.006843184121845 秒
2024-12-18 13:35:03 [INFO] Worker 8: 向下滑動: 321 像素，並等待 3.407612921405527 秒
2024-12-18 13:35:03 [INFO] Worker 6: 向下滑動: 305 像素，並等待 3.7030472601781197 秒
2024-12-18 13:35:04 [INFO] Worker 4: 向下滑動: 370 像素，並等待 3.476036879368162 秒
2024-12-18 13:35:04 [INFO] Worker 7: 向下滑動: 363 像素，並等待 4.897232535311018 秒
2024-12-18 13:35:05 [INFO] Worker 3: 向下滑動: 342 像素，並等待 4.612502369057614 秒
2024-12-18 13:35:06 [INFO] Worker 2: 向下滑動: 352 像素，並等待 3.186253750871032 秒
2024-12-18 13:35:06 [INFO] Worker 1: 向下滑動: 292 像素，並等待 3.8132603042189492 秒
2024-12-18 13:35:06 [INFO] Worker 5: 向下滑動: 384 像素，並等待 4.041736169280986 秒
2024-12-18 13:35:07 [INFO] Worker 6: 向下滑動: 301 像素，並等待 3.8416630534101404 秒
2024-12-18 13:35:07 [INFO] Worker 7: 向下滑動: 356 像素，並等待 3.370443269470949 秒
2024-12-18 13:35:07 [INFO] Worker 4: 向下滑動: 214 像素，並等待 3.641914113376579 秒
2024-12-18 13:35:08 [INFO] Worker 8: 向下滑動: 263 像素，並等待 4.943831096247774 秒
2024-12-18 13:35:09 [INFO] Worker 3: 向下滑動: 347 像素，並等待 4.286122042200198 秒
2024-12-18 13:35:10 [INFO] Worker 1: 向下滑動: 219 像素，並等待 3.1200905314651886 秒
2024-12-18 13:35:10 [INFO] Worker 6: 向下滑動: 394 像素，並等待 3.4405763818029342 秒
2024-12-18 13:35:11 [INFO] Worker 5: 向下滑動: 200 像素，並等待 4.2557420702508395 秒
2024-12-18 13:35:11 [INFO] Worker 2: 向下滑動: 297 像素，並等待 4.877435676637946 秒
2024-12-18 13:35:11 [INFO] Worker 7: 向下滑動: 399 像素，並等待 3.952120783488283 秒
2024-12-18 13:35:11 [INFO] Worker 4: 向下滑動: 231 像素，並等待 3.888838027067223 秒
2024-12-18 13:35:12 [INFO] Worker 8: 向下滑動: 373 像素，並等待 4.283960473820164 秒
2024-12-18 13:35:13 [INFO] Worker 3: 向下滑動: 280 像素，並等待 3.534759071974216 秒
2024-12-18 13:35:14 [INFO] Worker 1: 向下滑動: 272 像素，並等待 4.353091970035653 秒
2024-12-18 13:35:14 [INFO] Worker 5: 向下滑動: 349 像素，並等待 3.1997712095606854 秒
2024-12-18 13:35:14 [INFO] Worker 6: 向下滑動: 379 像素，並等待 3.446147710805648 秒
2024-12-18 13:35:15 [INFO] Worker 7: 向下滑動: 388 像素，並等待 3.843196161434461 秒
2024-12-18 13:35:15 [INFO] Worker 4: 向下滑動: 337 像素，並等待 4.1141884414285395 秒
2024-12-18 13:35:16 [INFO] Worker 2: 向下滑動: 382 像素，並等待 4.746004856267533 秒
2024-12-18 13:35:16 [INFO] Worker 8: 向下滑動: 340 像素，並等待 3.4831143108892837 秒
2024-12-18 13:35:16 [INFO] Worker 3: 向下滑動: 301 像素，並等待 3.50361423339763 秒
2024-12-18 13:35:18 [INFO] Worker 5: 向下滑動: 289 像素，並等待 4.157484484960305 秒
2024-12-18 13:35:18 [INFO] Worker 1: 向下滑動: 237 像素，並等待 4.2888592635681775 秒
2024-12-18 13:35:19 [INFO] Worker 6: 向下滑動: 397 像素，並等待 4.703003285883163 秒
2024-12-18 13:35:19 [INFO] Worker 8: 向下滑動: 251 像素，並等待 3.0090589609945457 秒
2024-12-18 13:35:19 [INFO] Worker 3: 向下滑動: 399 像素，並等待 3.3307251171910712 秒
2024-12-18 13:35:20 [INFO] Worker 7: 向下滑動: 214 像素，並等待 4.701506504639892 秒
2024-12-18 13:35:20 [INFO] Worker 4: 向下滑動: 307 像素，並等待 4.319210634581035 秒
2024-12-18 13:35:20 [INFO] Worker 2: 向下滑動: 236 像素，並等待 4.62175255314696 秒
2024-12-18 13:35:21 [INFO] Worker 1: 向下滑動: 327 像素，並等待 3.2494949221748604 秒
2024-12-18 13:35:22 [INFO] Worker 5: 向下滑動: 387 像素，並等待 3.9225271287343295 秒
2024-12-18 13:35:22 [INFO] Worker 6: 向下滑動: 295 像素，並等待 3.5635446222282976 秒
2024-12-18 13:35:23 [INFO] Worker 8: 向下滑動: 356 像素，並等待 4.3326215974084406 秒
2024-12-18 13:35:24 [INFO] Worker 4: 向下滑動: 294 像素，並等待 3.7926392427489395 秒
2024-12-18 13:35:24 [INFO] Worker 7: 向下滑動: 246 像素，並等待 3.9315507552058353 秒
2024-12-18 13:35:24 [INFO] Worker 3: 向下滑動: 281 像素，並等待 4.334893276094583 秒
2024-12-18 13:35:25 [INFO] Worker 1: 向下滑動: 321 像素，並等待 3.1615624345555022 秒
2024-12-18 13:35:25 [INFO] Worker 2: 向下滑動: 258 像素，並等待 4.488727557982797 秒
2024-12-18 13:35:25 [INFO] Worker 6: 向下滑動: 353 像素，並等待 3.00907605306914 秒
2024-12-18 13:35:26 [INFO] Worker 8: 向下滑動: 248 像素，並等待 3.02814967020415 秒
2024-12-18 13:35:27 [INFO] Worker 5: 向下滑動: 307 像素，並等待 4.648734828238872 秒
2024-12-18 13:35:27 [INFO] Worker 4: 向下滑動: 385 像素，並等待 3.7286923376217205 秒
2024-12-18 13:35:28 [INFO] Worker 2: 向下滑動: 236 像素，並等待 3.213312502929905 秒
2024-12-18 13:35:28 [INFO] Worker 7: 向下滑動: 381 像素，並等待 4.433669296722485 秒
2024-12-18 13:35:28 [INFO] Worker 3: 向下滑動: 330 像素，並等待 4.5080221174741695 秒
2024-12-18 13:35:29 [INFO] Worker 1: 向下滑動: 310 像素，並等待 4.344492459214573 秒
2024-12-18 13:35:30 [INFO] Worker 6: 向下滑動: 320 像素，並等待 4.638715895260758 秒
2024-12-18 13:35:30 [INFO] Worker 5: 向下滑動: 209 像素，並等待 3.463954682485052 秒
2024-12-18 13:35:31 [INFO] Worker 8: 向下滑動: 246 像素，並等待 4.910545285278242 秒
2024-12-18 13:35:31 [INFO] Worker 7: 向下滑動: 234 像素，並等待 3.354172268093132 秒
2024-12-18 13:35:32 [INFO] Worker 3: 向下滑動: 394 像素，並等待 4.0326650185133595 秒
2024-12-18 13:35:32 [INFO] Worker 4: 向下滑動: 249 像素，並等待 4.9884260370134585 秒
2024-12-18 13:35:32 [INFO] Worker 2: 向下滑動: 360 像素，並等待 4.40917476095946 秒
2024-12-18 13:35:33 [INFO] Worker 1: 向下滑動: 274 像素，並等待 4.162921275696336 秒
2024-12-18 13:35:33 [INFO] Worker 5: 向下滑動: 233 像素，並等待 3.281176790432765 秒
2024-12-18 13:35:34 [INFO] Worker 8: 向下滑動: 267 像素，並等待 3.194584104994095 秒
2024-12-18 13:35:35 [INFO] Worker 7: 向下滑動: 266 像素，並等待 3.315719889934803 秒
2024-12-18 13:35:35 [INFO] Worker 6: 向下滑動: 361 像素，並等待 4.945017495001599 秒
2024-12-18 13:35:35 [INFO] Worker 3: 向下滑動: 253 像素，並等待 3.133849606336474 秒
2024-12-18 13:35:36 [INFO] Worker 4: 向下滑動: 325 像素，並等待 3.2949295322144048 秒
2024-12-18 13:35:36 [INFO] Worker 2: 向下滑動: 372 像素，並等待 3.318082616660698 秒
2024-12-18 13:35:38 [INFO] Worker 5: 向下滑動: 359 像素，並等待 4.44743201196901 秒
2024-12-18 13:35:38 [INFO] Worker 1: 向下滑動: 341 像素，並等待 4.86578575300031 秒
2024-12-18 13:35:39 [INFO] Worker 6: 向下滑動: 200 像素，並等待 4.038866420024719 秒
2024-12-18 13:35:39 [INFO] Worker 8: 向下滑動: 396 像素，並等待 4.632879835923869 秒
2024-12-18 13:35:39 [INFO] Worker 2: 向下滑動: 313 像素，並等待 3.663604348539593 秒
2024-12-18 13:35:39 [INFO] Worker 7: 向下滑動: 367 像素，並等待 4.689284824564794 秒
2024-12-18 13:35:40 [INFO] Worker 3: 向下滑動: 339 像素，並等待 4.272913148805429 秒
2024-12-18 13:35:40 [INFO] Worker 4: 向下滑動: 394 像素，並等待 4.1341772075450915 秒
2024-12-18 13:35:41 [INFO] Worker 1: 帳號 66634899161 的任務已結束
2024-12-18 13:35:41 [INFO] Worker 9: 開始處理帳號 66991704166
2024-12-18 13:35:41 [INFO] Worker 5: 向下滑動: 280 像素，並等待 3.256330894550244 秒
2024-12-18 13:35:42 [INFO] Worker 8: 向下滑動: 259 像素，並等待 3.392184007946751 秒
2024-12-18 13:35:43 [INFO] Worker 7: 向下滑動: 314 像素，並等待 3.2730854084387433 秒
2024-12-18 13:35:44 [INFO] Worker 6: 向下滑動: 221 像素，並等待 4.7097130303645915 秒
2024-12-18 13:35:44 [INFO] Worker 4: 向下滑動: 228 像素，並等待 4.170233145285652 秒
2024-12-18 13:35:44 [INFO] Worker 3: 向下滑動: 398 像素，並等待 4.507599137184595 秒
2024-12-18 13:35:44 [INFO] Worker 2: 向下滑動: 340 像素，並等待 4.919118010577982 秒
2024-12-18 13:35:46 [INFO] Worker 5: 向下滑動: 368 像素，並等待 4.680206446461316 秒
2024-12-18 13:35:46 [INFO] Worker 4: 帳號 66637943259 的任務已結束
2024-12-18 13:35:46 [INFO] Worker 10: 開始處理帳號 66646155782
2024-12-18 13:35:47 [INFO] Worker 7: 向下滑動: 237 像素，並等待 3.7725307356479902 秒
2024-12-18 13:35:47 [INFO] Worker 8: 向下滑動: 212 像素，並等待 4.790284216097083 秒
2024-12-18 13:35:48 [INFO] Worker 3: 向下滑動: 237 像素，並等待 3.529698225712427 秒
2024-12-18 13:35:48 [INFO] Worker 9: 代理 kamoney03.ddns.net:24009 設置成功
2024-12-18 13:35:48 [INFO] Worker 6: 向下滑動: 399 像素，並等待 4.255927460804795 秒
2024-12-18 13:35:48 [INFO] Worker 2: 向下滑動: 364 像素，並等待 3.6877491635346558 秒
2024-12-18 13:35:49 [INFO] Worker 9: Cookies 已加載成功: cookies\66991704166_cookies.json
2024-12-18 13:35:49 [INFO] Worker 5: 向下滑動: 297 像素，並等待 3.4969252652588363 秒
2024-12-18 13:35:50 [INFO] Worker 7: 向下滑動: 253 像素，並等待 3.764854640852145 秒
2024-12-18 13:35:51 [INFO] Worker 8: 向下滑動: 224 像素，並等待 3.470262231825079 秒
2024-12-18 13:35:51 [INFO] Worker 2: 向下滑動: 335 像素，並等待 3.233168275655677 秒
2024-12-18 13:35:51 [INFO] Worker 3: 向下滑動: 380 像素，並等待 3.649596413451544 秒
2024-12-18 13:35:52 [INFO] Worker 9: 帳號 66991704166 使用 cookies 成功登入
2024-12-18 13:35:52 [INFO] Worker 9: 登錄成功，開始處理帳號 66991704166 的操作...
2024-12-18 13:35:52 [INFO] Worker 9: 開始跳轉操作...
2024-12-18 13:35:52 [INFO] Worker 9: 正在開啟貼文: https://www.facebook.com/share/1HAVpvaRDF/
2024-12-18 13:35:52 [INFO] Worker 6: 向下滑動: 325 像素，並等待 4.400835108971659 秒
2024-12-18 13:35:53 [INFO] Worker 8: 帳號 66823237283 的任務已結束
2024-12-18 13:35:53 [INFO] Worker 11: 開始處理帳號 66643407753
2024-12-18 13:35:54 [INFO] Worker 5: 向下滑動: 332 像素，並等待 4.380868419033684 秒
2024-12-18 13:35:54 [INFO] Worker 2: 帳號 66637943259 的任務已結束
2024-12-18 13:35:54 [INFO] Worker 12: 開始處理帳號 66954958462
2024-12-18 13:35:54 [INFO] Worker 7: 向下滑動: 316 像素，並等待 3.5055808297516378 秒
2024-12-18 13:35:54 [INFO] Worker 10: 代理 kamoney03.ddns.net:24010 設置成功
2024-12-18 13:35:55 [INFO] Worker 9 隨機停留 6 秒
2024-12-18 13:35:55 [INFO] Worker 10: Cookies 已加載成功: cookies\66646155782_cookies.json
2024-12-18 13:35:55 [INFO] Worker 3: 向下滑動: 306 像素，並等待 3.823594944631836 秒
2024-12-18 13:35:57 [INFO] Worker 7: 向下滑動: 202 像素，並等待 3.034237457781101 秒
2024-12-18 13:35:57 [INFO] Worker 6: 向下滑動: 215 像素，並等待 4.804774887671366 秒
2024-12-18 13:35:58 [INFO] Worker 5: 向下滑動: 362 像素，並等待 3.9087775148651747 秒
2024-12-18 13:35:58 [INFO] Worker 10: 帳號 66646155782 使用 cookies 成功登入
2024-12-18 13:35:58 [INFO] Worker 10: 登錄成功，開始處理帳號 66646155782 的操作...
2024-12-18 13:35:58 [INFO] Worker 10: 開始跳轉操作...
2024-12-18 13:35:58 [INFO] Worker 10: 正在開啟貼文: https://www.facebook.com/share/1HAVpvaRDF/
2024-12-18 13:35:59 [INFO] Worker 3: 向下滑動: 364 像素，並等待 3.4529545910080826 秒
2024-12-18 13:36:00 [INFO] Worker 7: 向下滑動: 244 像素，並等待 3.3025763816879325 秒
2024-12-18 13:36:01 [INFO] Worker 6: 向下滑動: 351 像素，並等待 3.611105482179066 秒
2024-12-18 13:36:01 [INFO] Worker 5: 向下滑動: 229 像素，並等待 3.099811428830828 秒
2024-12-18 13:36:01 [INFO] Worker 11: 代理 kamoney03.ddns.net:24011 設置成功
2024-12-18 13:36:01 [INFO] Worker 10 隨機停留 6 秒
2024-12-18 13:36:01 [INFO] Worker 9: 貼文已按過讚，無需重複操作
2024-12-18 13:36:01 [INFO] Worker 9 按讚後隨機停留 5 秒
2024-12-18 13:36:02 [INFO] Worker 12: 代理 kamoney03.ddns.net:24012 設置成功
2024-12-18 13:36:02 [INFO] Worker 11: Cookies 已加載成功: cookies\66643407753_cookies.json
2024-12-18 13:36:03 [INFO] Worker 12: Cookies 已加載成功: cookies\66954958462_cookies.json
2024-12-18 13:36:03 [INFO] Worker 3: 向下滑動: 380 像素，並等待 4.728333831174474 秒
2024-12-18 13:36:04 [INFO] Worker 7: 向下滑動: 286 像素，並等待 4.188347789846058 秒
2024-12-18 13:36:05 [INFO] Worker 11: 帳號 66643407753 使用 cookies 成功登入
2024-12-18 13:36:05 [INFO] Worker 11: 登錄成功，開始處理帳號 66643407753 的操作...
2024-12-18 13:36:05 [INFO] Worker 11: 開始跳轉操作...
2024-12-18 13:36:05 [INFO] Worker 11: 正在開啟貼文: https://www.facebook.com/share/1HAVpvaRDF/
2024-12-18 13:36:05 [INFO] Worker 6: 向下滑動: 265 像素，並等待 4.40254292659815 秒
2024-12-18 13:36:05 [INFO] Worker 5: 向下滑動: 327 像素，並等待 4.587565723703923 秒
2024-12-18 13:36:06 [INFO] Worker 12: 帳號 66954958462 使用 cookies 成功登入
2024-12-18 13:36:06 [INFO] Worker 12: 登錄成功，開始處理帳號 66954958462 的操作...
2024-12-18 13:36:06 [INFO] Worker 12: 開始跳轉操作...
2024-12-18 13:36:06 [INFO] Worker 12: 正在開啟貼文: https://www.facebook.com/share/1HAVpvaRDF/
2024-12-18 13:36:06 [INFO] Worker 9: 正在開啟網站: https://lihi.cc/fCuUd
2024-12-18 13:36:06 [INFO] Worker 3: 向下滑動: 341 像素，並等待 3.0047995746548537 秒
2024-12-18 13:36:07 [INFO] Worker 10: 貼文已按過讚，無需重複操作
2024-12-18 13:36:07 [INFO] Worker 10 按讚後隨機停留 4 秒
2024-12-18 13:36:07 [INFO] Worker 11 隨機停留 6 秒
2024-12-18 13:36:08 [INFO] Worker 7: 向下滑動: 315 像素，並等待 3.1980680514677706 秒
2024-12-18 13:36:08 [INFO] Worker 12 隨機停留 8 秒
2024-12-18 13:36:09 [INFO] Worker 9 隨機停留時間: 192 秒
2024-12-18 13:36:09 [INFO] Worker 5: 向下滑動: 371 像素，並等待 3.94377761569021 秒
2024-12-18 13:36:10 [INFO] Worker 6: 向下滑動: 228 像素，並等待 4.779834740326776 秒
2024-12-18 13:36:11 [INFO] Worker 3: 向下滑動: 265 像素，並等待 4.112929214451171 秒
2024-12-18 13:36:11 [INFO] Worker 10: 正在開啟網站: https://lihi.cc/fCuUd
2024-12-18 13:36:12 [INFO] Worker 7: 向下滑動: 209 像素，並等待 4.657831228558715 秒
2024-12-18 13:36:13 [INFO] Worker 6: 帳號 66935324825 的任務已結束
2024-12-18 13:36:13 [INFO] Worker 13: 開始處理帳號 66804035563
2024-12-18 13:36:13 [INFO] Worker 11: 貼文已按過讚，無需重複操作
2024-12-18 13:36:13 [INFO] Worker 11 按讚後隨機停留 5 秒
2024-12-18 13:36:14 [INFO] Worker 10 隨機停留時間: 165 秒
2024-12-18 13:36:14 [INFO] Worker 9: 向下滑動: 388 像素，並等待 4.953955086455378 秒
2024-12-18 13:36:14 [INFO] Worker 5: 向下滑動: 212 像素，並等待 4.386349436293087 秒
2024-12-18 13:36:14 [INFO] Worker 3: 向下滑動: 226 像素，並等待 3.3070183516293445 秒
2024-12-18 13:36:16 [INFO] Worker 7: 向下滑動: 369 像素，並等待 3.678466918830183 秒
2024-12-18 13:36:16 [INFO] Worker 12: 貼文已按過讚，無需重複操作
2024-12-18 13:36:16 [INFO] Worker 12 按讚後隨機停留 5 秒
2024-12-18 13:36:17 [INFO] Worker 5: 向下滑動: 335 像素，並等待 3.1084830732575495 秒
2024-12-18 13:36:17 [INFO] Worker 9: 向下滑動: 390 像素，並等待 3.2598647594831496 秒
2024-12-18 13:36:17 [INFO] Worker 3: 向下滑動: 203 像素，並等待 3.4495532698045333 秒
2024-12-18 13:36:18 [INFO] Worker 10: 向下滑動: 200 像素，並等待 4.525650217680238 秒
2024-12-18 13:36:18 [INFO] Worker 11: 正在開啟網站: https://lihi.cc/fCuUd
2024-12-18 13:36:19 [INFO] Worker 13: 代理 kamoney03.ddns.net:24013 設置成功
2024-12-18 13:36:20 [INFO] Worker 7: 向下滑動: 219 像素，並等待 4.2552469871696 秒
2024-12-18 13:36:20 [INFO] Worker 9: 向下滑動: 369 像素，並等待 3.312034529862385 秒
2024-12-18 13:36:20 [INFO] Worker 5: 向下滑動: 229 像素，並等待 3.462901929786046 秒
2024-12-18 13:36:20 [INFO] Worker 13: Cookies 已加載成功: cookies\66804035563_cookies.json
2024-12-18 13:36:21 [INFO] Worker 12: 正在開啟網站: https://lihi.cc/fCuUd
2024-12-18 13:36:21 [INFO] Worker 3: 向下滑動: 291 像素，並等待 4.07992908637523 秒
2024-12-18 13:36:22 [INFO] Worker 11 隨機停留時間: 150 秒
2024-12-18 13:36:22 [INFO] Worker 10: 向下滑動: 302 像素，並等待 4.145134218466639 秒
2024-12-18 13:36:23 [INFO] Worker 7: 帳號 66990183891 的任務已結束
2024-12-18 13:36:23 [INFO] Worker 14: 開始處理帳號 66823121944
2024-12-18 13:36:23 [INFO] Worker 5: 帳號 66619622845 的任務已結束
2024-12-18 13:36:23 [INFO] Worker 15: 開始處理帳號 66814785452
2024-12-18 13:36:24 [INFO] Worker 9: 向下滑動: 336 像素，並等待 3.3795471653364766 秒
2024-12-18 13:36:24 [INFO] Worker 13: 帳號 66804035563 使用 cookies 成功登入
2024-12-18 13:36:24 [INFO] Worker 13: 登錄成功，開始處理帳號 66804035563 的操作...
2024-12-18 13:36:24 [INFO] Worker 13: 開始跳轉操作...
2024-12-18 13:36:24 [INFO] Worker 13: 正在開啟貼文: https://www.facebook.com/share/1HAVpvaRDF/
2024-12-18 13:36:24 [INFO] Worker 12 隨機停留時間: 171 秒
2024-12-18 13:36:25 [INFO] Worker 11: 向下滑動: 246 像素，並等待 3.1234190874758343 秒
2024-12-18 13:36:26 [INFO] Worker 10: 向下滑動: 209 像素，並等待 3.880937502981154 秒
2024-12-18 13:36:26 [INFO] Worker 3: 向下滑動: 386 像素，並等待 4.906015762878827 秒
2024-12-18 13:36:28 [INFO] Worker 9: 向下滑動: 331 像素，並等待 3.9933185587816773 秒
2024-12-18 13:36:28 [INFO] Worker 13 隨機停留 7 秒
2024-12-18 13:36:29 [INFO] Worker 12: 向下滑動: 229 像素，並等待 4.378682263128568 秒
2024-12-18 13:36:29 [INFO] Worker 11: 向下滑動: 328 像素，並等待 4.041240612445572 秒
2024-12-18 13:36:29 [INFO] Worker 3: 帳號 66634899161 的任務已結束
2024-12-18 13:36:30 [INFO] Worker 15: 代理 kamoney03.ddns.net:24015 設置成功
2024-12-18 13:36:31 [INFO] Worker 14: 代理 kamoney03.ddns.net:24014 設置成功
2024-12-18 13:36:31 [INFO] Worker 10: 向下滑動: 200 像素，並等待 4.847034083509298 秒
2024-12-18 13:36:31 [INFO] Worker 9: 向下滑動: 246 像素，並等待 3.761970064297331 秒
2024-12-18 13:36:32 [INFO] Worker 14: Cookies 已加載成功: cookies\66823121944_cookies.json
2024-12-18 13:36:32 [INFO] Worker 15: Cookies 已加載成功: cookies\66814785452_cookies.json
2024-12-18 13:36:32 [INFO] Worker 11: 向下滑動: 381 像素，並等待 3.00086568921515 秒
2024-12-18 13:36:32 [INFO] Worker 12: 向下滑動: 381 像素，並等待 3.4002166925736375 秒
2024-12-18 13:36:35 [INFO] Worker 10: 向下滑動: 215 像素，並等待 3.5121660464326907 秒
2024-12-18 13:36:35 [INFO] Worker 13: 貼文已按過讚，無需重複操作
2024-12-18 13:36:35 [INFO] Worker 13 按讚後隨機停留 5 秒
2024-12-18 13:36:35 [INFO] Worker 14: 帳號 66823121944 使用 cookies 成功登入
2024-12-18 13:36:35 [INFO] Worker 14: 登錄成功，開始處理帳號 66823121944 的操作...
2024-12-18 13:36:35 [INFO] Worker 14: 開始跳轉操作...
2024-12-18 13:36:35 [INFO] Worker 14: 正在開啟貼文: https://www.facebook.com/share/1HAVpvaRDF/
2024-12-18 13:36:35 [INFO] Worker 15: 帳號 66814785452 使用 cookies 成功登入
2024-12-18 13:36:35 [INFO] Worker 15: 登錄成功，開始處理帳號 66814785452 的操作...
2024-12-18 13:36:35 [INFO] Worker 15: 開始跳轉操作...
2024-12-18 13:36:35 [INFO] Worker 15: 正在開啟貼文: https://www.facebook.com/share/1HAVpvaRDF/
2024-12-18 13:36:35 [INFO] Worker 9: 向下滑動: 332 像素，並等待 3.7936125357383323 秒
2024-12-18 13:36:36 [INFO] Worker 12: 向下滑動: 357 像素，並等待 3.7469919087299672 秒
2024-12-18 13:36:36 [INFO] Worker 11: 向下滑動: 331 像素，並等待 4.133411538181438 秒
2024-12-18 13:36:37 [INFO] Worker 14 隨機停留 8 秒
2024-12-18 13:36:39 [INFO] Worker 9: 向下滑動: 339 像素，並等待 3.82797780269932 秒
2024-12-18 13:36:39 [INFO] Worker 10: 向下滑動: 327 像素，並等待 4.516620479334228 秒
2024-12-18 13:36:39 [INFO] Worker 11: 向下滑動: 248 像素，並等待 3.2180042953918804 秒
2024-12-18 13:36:39 [INFO] Worker 15 隨機停留 8 秒
2024-12-18 13:36:40 [INFO] Worker 13: 正在開啟網站: https://lihi.cc/fCuUd
2024-12-18 13:36:40 [INFO] Worker 12: 向下滑動: 202 像素，並等待 4.186029710968409 秒
2024-12-18 13:36:42 [INFO] Worker 13 隨機停留時間: 175 秒
2024-12-18 13:36:43 [INFO] Worker 11: 向下滑動: 383 像素，並等待 3.402253273598955 秒
2024-12-18 13:36:43 [INFO] Worker 12: 向下滑動: 326 像素，並等待 3.280761005274961 秒
2024-12-18 13:36:44 [INFO] Worker 9: 向下滑動: 244 像素，並等待 4.500127978559277 秒
2024-12-18 13:36:44 [INFO] Worker 10: 向下滑動: 245 像素，並等待 4.650775791963945 秒
2024-12-18 13:36:45 [INFO] Worker 13: 向下滑動: 226 像素，並等待 3.0595312400508465 秒
2024-12-18 13:36:45 [INFO] Worker 14: 貼文已按過讚，無需重複操作
2024-12-18 13:36:45 [INFO] Worker 14 按讚後隨機停留 4 秒
2024-12-18 13:36:46 [INFO] Worker 11: 向下滑動: 291 像素，並等待 3.63874484534126 秒
2024-12-18 13:36:47 [INFO] Worker 12: 向下滑動: 388 像素，並等待 3.23247996924742 秒
2024-12-18 13:36:47 [INFO] Worker 10: 向下滑動: 329 像素，並等待 3.1501272493149477 秒
2024-12-18 13:36:47 [INFO] Worker 15: 貼文已按過讚，無需重複操作
2024-12-18 13:36:47 [INFO] Worker 15 按讚後隨機停留 5 秒
2024-12-18 13:36:48 [INFO] Worker 9: 向下滑動: 314 像素，並等待 4.47719611153585 秒
2024-12-18 13:36:49 [INFO] Worker 13: 向下滑動: 384 像素，並等待 3.4990622403003973 秒
2024-12-18 13:36:49 [INFO] Worker 14: 正在開啟網站: https://lihi.cc/fCuUd
2024-12-18 13:36:50 [INFO] Worker 10: 向下滑動: 227 像素，並等待 3.0782134554567877 秒
2024-12-18 13:36:51 [INFO] Worker 12: 向下滑動: 269 像素，並等待 4.186853139534729 秒
2024-12-18 13:36:51 [INFO] Worker 11: 向下滑動: 333 像素，並等待 4.61471357489875 秒
2024-12-18 13:36:52 [INFO] Worker 14 隨機停留時間: 172 秒
2024-12-18 13:36:52 [INFO] Worker 15: 正在開啟網站: https://lihi.cc/fCuUd
2024-12-18 13:36:53 [INFO] Worker 13: 向下滑動: 276 像素，並等待 3.824230334980605 秒
2024-12-18 13:36:53 [INFO] Worker 9: 向下滑動: 338 像素，並等待 4.530160382532378 秒
2024-12-18 13:36:53 [INFO] Worker 10: 向下滑動: 267 像素，並等待 3.397048697240864 秒
2024-12-18 13:36:55 [INFO] Worker 11: 向下滑動: 347 像素，並等待 3.7257619114198 秒
2024-12-18 13:36:55 [INFO] Worker 15 隨機停留時間: 163 秒
2024-12-18 13:36:55 [INFO] Worker 14: 向下滑動: 303 像素，並等待 3.125691387236335 秒
2024-12-18 13:36:55 [INFO] Worker 12: 向下滑動: 340 像素，並等待 4.712491051177235 秒
2024-12-18 13:36:56 [INFO] Worker 9: 向下滑動: 269 像素，並等待 3.941148819038087 秒
2024-12-18 13:36:58 [INFO] Worker 13: 向下滑動: 333 像素，並等待 4.998890145570686 秒
2024-12-18 13:36:58 [INFO] Worker 11: 向下滑動: 391 像素，並等待 3.1897305746332045 秒
2024-12-18 13:36:58 [INFO] Worker 10: 向下滑動: 325 像素，並等待 4.929918288029075 秒
2024-12-18 13:36:58 [INFO] Worker 14: 向下滑動: 396 像素，並等待 3.238872299170231 秒
2024-12-18 13:36:59 [INFO] Worker 15: 向下滑動: 307 像素，並等待 4.1623849826397645 秒
2024-12-18 13:37:00 [INFO] Worker 12: 向下滑動: 296 像素，並等待 4.1066737245318325 秒
2024-12-18 13:37:00 [INFO] Worker 9: 向下滑動: 216 像素，並等待 3.302427450654375 秒
2024-12-18 13:37:01 [INFO] Worker 13: 向下滑動: 315 像素，並等待 3.63682825177903 秒
2024-12-18 13:37:02 [INFO] Worker 14: 向下滑動: 330 像素，並等待 3.8871824014878946 秒
2024-12-18 13:37:02 [INFO] Worker 10: 向下滑動: 275 像素，並等待 4.019623542734811 秒
2024-12-18 13:37:03 [INFO] Worker 15: 向下滑動: 340 像素，並等待 3.3299982955029415 秒
2024-12-18 13:37:03 [INFO] Worker 11: 向下滑動: 315 像素，並等待 4.754347560426541 秒
2024-12-18 13:37:03 [INFO] Worker 9: 向下滑動: 389 像素，並等待 3.499733389970149 秒
2024-12-18 13:37:03 [INFO] Worker 12: 向下滑動: 311 像素，並等待 3.7945226167010606 秒
2024-12-18 13:37:04 [INFO] Worker 13: 向下滑動: 361 像素，並等待 3.0972343609391304 秒
2024-12-18 13:37:06 [INFO] Worker 15: 向下滑動: 271 像素，並等待 3.5792333749288936 秒
2024-12-18 13:37:07 [INFO] Worker 14: 向下滑動: 319 像素，並等待 4.20655044272511 秒
2024-12-18 13:37:07 [INFO] Worker 10: 向下滑動: 368 像素，並等待 4.185472023087461 秒
2024-12-18 13:37:07 [INFO] Worker 11: 向下滑動: 371 像素，並等待 4.55292736997486 秒
2024-12-18 13:37:07 [INFO] Worker 9: 向下滑動: 393 像素，並等待 3.937224751584165 秒
2024-12-18 13:37:07 [INFO] Worker 12: 向下滑動: 339 像素，並等待 3.9510991417647183 秒
2024-12-18 13:37:08 [INFO] Worker 13: 向下滑動: 299 像素，並等待 4.159171229241045 秒
2024-12-18 13:37:11 [INFO] Worker 14: 向下滑動: 338 像素，並等待 4.262964720822264 秒
2024-12-18 13:37:11 [INFO] Worker 10: 向下滑動: 334 像素，並等待 4.284267085136049 秒
2024-12-18 13:37:11 [INFO] Worker 11: 向下滑動: 362 像素，並等待 3.697472427297413 秒
2024-12-18 13:37:11 [INFO] Worker 15: 向下滑動: 218 像素，並等待 4.904264577692419 秒
2024-12-18 13:37:11 [INFO] Worker 9: 向下滑動: 374 像素，並等待 3.7664150618565087 秒
2024-12-18 13:37:12 [INFO] Worker 12: 向下滑動: 241 像素，並等待 4.14598524333571 秒
2024-12-18 13:37:13 [INFO] Worker 13: 向下滑動: 253 像素，並等待 4.120420489209837 秒
2024-12-18 13:37:14 [INFO] Worker 10: 向下滑動: 315 像素，並等待 3.3296666516289246 秒
2024-12-18 13:37:14 [INFO] Worker 14: 向下滑動: 350 像素，並等待 3.6417915095891655 秒
2024-12-18 13:37:14 [INFO] Worker 11: 向下滑動: 235 像素，並等待 3.605415823986409 秒
2024-12-18 13:37:15 [INFO] Worker 15: 向下滑動: 269 像素，並等待 3.495394383939895 秒
2024-12-18 13:37:16 [INFO] Worker 12: 向下滑動: 357 像素，並等待 4.388768317784682 秒
2024-12-18 13:37:16 [INFO] Worker 9: 向下滑動: 305 像素，並等待 4.973777850960977 秒
2024-12-18 13:37:17 [INFO] Worker 13: 向下滑動: 326 像素，並等待 4.4147418506092295 秒
2024-12-18 13:37:18 [INFO] Worker 11: 向下滑動: 365 像素，並等待 3.1973065629040223 秒
2024-12-18 13:37:19 [INFO] Worker 14: 向下滑動: 304 像素，並等待 4.164031433234841 秒
2024-12-18 13:37:19 [INFO] Worker 10: 向下滑動: 235 像素，並等待 4.730994071106835 秒
2024-12-18 13:37:20 [INFO] Worker 15: 向下滑動: 278 像素，並等待 4.98653373149879 秒
2024-12-18 13:37:20 [INFO] Worker 12: 向下滑動: 296 像素，並等待 4.3920795660648535 秒
2024-12-18 13:37:21 [INFO] Worker 9: 向下滑動: 261 像素，並等待 4.7292577983390505 秒
2024-12-18 13:37:21 [INFO] Worker 13: 向下滑動: 206 像素，並等待 4.473430285211948 秒
2024-12-18 13:37:22 [INFO] Worker 14: 向下滑動: 356 像素，並等待 3.555282828252261 秒
2024-12-18 13:37:22 [INFO] Worker 11: 向下滑動: 300 像素，並等待 4.786826990569408 秒
2024-12-18 13:37:23 [INFO] Worker 10: 向下滑動: 338 像素，並等待 4.525023029001484 秒
2024-12-18 13:37:24 [INFO] Worker 12: 向下滑動: 265 像素，並等待 3.3133484439005505 秒
2024-12-18 13:37:24 [INFO] Worker 15: 向下滑動: 254 像素，並等待 4.25625671851037 秒
2024-12-18 13:37:24 [INFO] Worker 9: 向下滑動: 386 像素，並等待 3.467165301156886 秒
2024-12-18 13:37:26 [INFO] Worker 13: 向下滑動: 328 像素，並等待 4.238882989451584 秒
2024-12-18 13:37:26 [INFO] Worker 14: 向下滑動: 391 像素，並等待 3.9841506542612297 秒
2024-12-18 13:37:27 [INFO] Worker 12: 向下滑動: 353 像素，並等待 3.340088638966089 秒
2024-12-18 13:37:27 [INFO] Worker 11: 向下滑動: 227 像素，並等待 4.642896703789565 秒
2024-12-18 13:37:28 [INFO] Worker 15: 向下滑動: 297 像素，並等待 4.323366926430878 秒
2024-12-18 13:37:28 [INFO] Worker 10: 向下滑動: 299 像素，並等待 4.880306798103655 秒
2024-12-18 13:37:29 [INFO] Worker 9: 向下滑動: 263 像素，並等待 4.884215578687871 秒
2024-12-18 13:37:29 [INFO] Worker 13: 向下滑動: 393 像素，並等待 3.6329799386823245 秒
2024-12-18 13:37:30 [INFO] Worker 12: 向下滑動: 332 像素，並等待 3.0209554488971992 秒
2024-12-18 13:37:30 [INFO] Worker 11: 向下滑動: 200 像素，並等待 3.1486998627668297 秒
2024-12-18 13:37:31 [INFO] Worker 14: 向下滑動: 288 像素，並等待 4.776808976725996 秒
2024-12-18 13:37:32 [INFO] Worker 10: 向下滑動: 254 像素，並等待 3.4934406486003864 秒
2024-12-18 13:37:32 [INFO] Worker 15: 向下滑動: 361 像素，並等待 4.0791803919998975 秒
2024-12-18 13:37:33 [INFO] Worker 9: 向下滑動: 337 像素，並等待 3.8053312129372463 秒
2024-12-18 13:37:33 [INFO] Worker 13: 向下滑動: 216 像素，並等待 3.850290035827456 秒
2024-12-18 13:37:34 [INFO] Worker 12: 向下滑動: 212 像素，並等待 4.3217686186339925 秒
2024-12-18 13:37:35 [INFO] Worker 11: 向下滑動: 377 像素，並等待 4.272707006235903 秒
2024-12-18 13:37:35 [INFO] Worker 14: 向下滑動: 304 像素，並等待 3.877899308455649 秒
2024-12-18 13:37:36 [INFO] Worker 10: 向下滑動: 270 像素，並等待 3.9146753255119604 秒
2024-12-18 13:37:36 [INFO] Worker 9: 向下滑動: 267 像素，並等待 3.5476506894523627 秒
2024-12-18 13:37:37 [INFO] Worker 15: 向下滑動: 304 像素，並等待 4.932409309231558 秒
2024-12-18 13:37:38 [INFO] Worker 13: 向下滑動: 235 像素，並等待 4.356969578126611 秒
2024-12-18 13:37:38 [INFO] Worker 14: 向下滑動: 258 像素，並等待 3.4854714340406514 秒
2024-12-18 13:37:38 [INFO] Worker 12: 向下滑動: 209 像素，並等待 4.155427936819811 秒
2024-12-18 13:37:39 [INFO] Worker 11: 向下滑動: 362 像素，並等待 4.380475257898295 秒
2024-12-18 13:37:40 [INFO] Worker 9: 向下滑動: 399 像素，並等待 3.334201950529707 秒
2024-12-18 13:37:40 [INFO] Worker 10: 向下滑動: 364 像素，並等待 4.2435137815907975 秒
2024-12-18 13:37:42 [INFO] Worker 13: 向下滑動: 336 像素，並等待 3.9355134206314935 秒
2024-12-18 13:37:42 [INFO] Worker 12: 向下滑動: 269 像素，並等待 3.0195486213444465 秒
2024-12-18 13:37:42 [INFO] Worker 15: 向下滑動: 345 像素，並等待 4.789299416972103 秒
2024-12-18 13:37:42 [INFO] Worker 14: 向下滑動: 303 像素，並等待 3.6632380851896964 秒
2024-12-18 13:37:42 [INFO] Worker 11: 向下滑動: 271 像素，並等待 3.1459672207642244 秒
2024-12-18 13:37:44 [INFO] Worker 9: 向下滑動: 236 像素，並等待 4.308960528813221 秒
2024-12-18 13:37:45 [INFO] Worker 10: 向下滑動: 337 像素，並等待 4.818348927476682 秒
2024-12-18 13:37:45 [INFO] Worker 12: 向下滑動: 355 像素，並等待 3.4410748651092957 秒
2024-12-18 13:37:45 [INFO] Worker 15: 向下滑動: 386 像素，並等待 3.228313753417644 秒
2024-12-18 13:37:45 [INFO] Worker 14: 向下滑動: 288 像素，並等待 3.1855624339666813 秒
2024-12-18 13:37:46 [INFO] Worker 13: 向下滑動: 386 像素，並等待 4.3540312211224474 秒
2024-12-18 13:37:46 [INFO] Worker 11: 向下滑動: 306 像素，並等待 4.099128804495691 秒
2024-12-18 13:37:48 [INFO] Worker 9: 向下滑動: 281 像素，並等待 3.535638045581589 秒
2024-12-18 13:37:48 [INFO] Worker 12: 向下滑動: 286 像素，並等待 3.322653417261633 秒
2024-12-18 13:37:49 [INFO] Worker 14: 向下滑動: 368 像素，並等待 3.857358630181042 秒
2024-12-18 13:37:50 [INFO] Worker 10: 向下滑動: 274 像素，並等待 4.8093274169260205 秒
2024-12-18 13:37:50 [INFO] Worker 15: 向下滑動: 361 像素，並等待 4.600344540017865 秒
2024-12-18 13:37:51 [INFO] Worker 13: 向下滑動: 327 像素，並等待 4.862282529684942 秒
2024-12-18 13:37:51 [INFO] Worker 11: 向下滑動: 213 像素，並等待 4.597499887090358 秒
2024-12-18 13:37:52 [INFO] Worker 12: 向下滑動: 360 像素，並等待 3.7182164249797998 秒
2024-12-18 13:37:52 [INFO] Worker 9: 向下滑動: 319 像素，並等待 4.733227214592791 秒
2024-12-18 13:37:53 [INFO] Worker 14: 向下滑動: 326 像素，並等待 3.6477320163690745 秒
2024-12-18 13:37:53 [INFO] Worker 15: 向下滑動: 287 像素，並等待 3.275728160003324 秒
2024-12-18 13:37:54 [INFO] Worker 10: 向下滑動: 207 像素，並等待 3.92261389228798 秒
2024-12-18 13:37:55 [INFO] Worker 11: 向下滑動: 223 像素，並等待 3.913268241847227 秒
2024-12-18 13:37:56 [INFO] Worker 9: 向下滑動: 211 像素，並等待 3.1209215757019284 秒
2024-12-18 13:37:56 [INFO] Worker 13: 向下滑動: 276 像素，並等待 4.8956468470629435 秒
2024-12-18 13:37:56 [INFO] Worker 12: 向下滑動: 290 像素，並等待 3.992679986257177 秒
2024-12-18 13:37:56 [INFO] Worker 15: 向下滑動: 349 像素，並等待 3.3696666468182004 秒
2024-12-18 13:37:57 [INFO] Worker 14: 向下滑動: 284 像素，並等待 4.06248515009381 秒
2024-12-18 13:37:58 [INFO] Worker 10: 向下滑動: 390 像素，並等待 4.289957477487874 秒
2024-12-18 13:37:59 [INFO] Worker 9: 向下滑動: 220 像素，並等待 3.3711380895807714 秒
2024-12-18 13:37:59 [INFO] Worker 13: 向下滑動: 222 像素，並等待 3.42641092573046 秒
2024-12-18 13:37:59 [INFO] Worker 11: 向下滑動: 393 像素，並等待 4.351836681640893 秒
2024-12-18 13:37:59 [INFO] Worker 12: 向下滑動: 287 像素，並等待 3.2491270112652924 秒
2024-12-18 13:37:59 [INFO] Worker 15: 向下滑動: 272 像素，並等待 3.0226367163425856 秒
2024-12-18 13:38:01 [INFO] Worker 14: 向下滑動: 244 像素，並等待 3.8339179543433675 秒
2024-12-18 13:38:01 [INFO] Worker 10: 向下滑動: 367 像素，並等待 3.563320820438464 秒
2024-12-18 13:38:02 [INFO] Worker 11: 向下滑動: 244 像素，並等待 3.0344894735175045 秒
2024-12-18 13:38:02 [INFO] Worker 13: 向下滑動: 341 像素，並等待 3.140641988169007 秒
2024-12-18 13:38:03 [INFO] Worker 12: 向下滑動: 345 像素，並等待 3.642348266387565 秒
2024-12-18 13:38:03 [INFO] Worker 15: 向下滑動: 211 像素，並等待 3.8570647465661563 秒
2024-12-18 13:38:03 [INFO] Worker 9: 向下滑動: 206 像素，並等待 4.516083935089048 秒
2024-12-18 13:38:04 [INFO] Worker 14: 向下滑動: 346 像素，並等待 3.696173276368311 秒
2024-12-18 13:38:06 [INFO] Worker 10: 向下滑動: 304 像素，並等待 4.848664569035442 秒
2024-12-18 13:38:07 [INFO] Worker 11: 向下滑動: 285 像素，並等待 4.454339120114284 秒
2024-12-18 13:38:07 [INFO] Worker 15: 向下滑動: 284 像素，並等待 3.437452055854293 秒
2024-12-18 13:38:07 [INFO] Worker 12: 向下滑動: 273 像素，並等待 3.914826890960381 秒
2024-12-18 13:38:07 [INFO] Worker 13: 向下滑動: 255 像素，並等待 4.809932036783192 秒
2024-12-18 13:38:08 [INFO] Worker 9: 向下滑動: 317 像素，並等待 4.444624111243386 秒
2024-12-18 13:38:09 [INFO] Worker 14: 向下滑動: 266 像素，並等待 4.439274588482326 秒
2024-12-18 13:38:10 [INFO] Worker 15: 向下滑動: 235 像素，並等待 3.339195497252328 秒
2024-12-18 13:38:10 [INFO] Worker 11: 向下滑動: 269 像素，並等待 3.6376096650741254 秒
2024-12-18 13:38:11 [INFO] Worker 13: 向下滑動: 289 像素，並等待 3.543683072639543 秒
2024-12-18 13:38:11 [INFO] Worker 10: 向下滑動: 344 像素，並等待 4.36723804610507 秒
2024-12-18 13:38:12 [INFO] Worker 9: 向下滑動: 234 像素，並等待 3.609837239687757 秒
2024-12-18 13:38:12 [INFO] Worker 12: 向下滑動: 305 像素，並等待 4.856956318618932 秒
2024-12-18 13:38:12 [INFO] Worker 14: 向下滑動: 274 像素，並等待 3.1301354430594754 秒
2024-12-18 13:38:14 [INFO] Worker 13: 向下滑動: 400 像素，並等待 3.5429790830581656 秒
2024-12-18 13:38:15 [INFO] Worker 11: 向下滑動: 203 像素，並等待 4.37376485100285 秒
2024-12-18 13:38:15 [INFO] Worker 10: 向下滑動: 289 像素，並等待 4.163330850304378 秒
2024-12-18 13:38:15 [INFO] Worker 15: 向下滑動: 298 像素，並等待 4.85140574759977 秒
2024-12-18 13:38:16 [INFO] Worker 12: 向下滑動: 380 像素，並等待 3.9320874370705114 秒
2024-12-18 13:38:16 [INFO] Worker 14: 向下滑動: 338 像素，並等待 3.7706992292445287 秒
2024-12-18 13:38:16 [INFO] Worker 9: 向下滑動: 227 像素，並等待 4.236417720920798 秒
2024-12-18 13:38:18 [INFO] Worker 11: 向下滑動: 324 像素，並等待 3.4894267152933605 秒
2024-12-18 13:38:19 [INFO] Worker 12: 向下滑動: 293 像素，並等待 3.4104299837345655 秒
2024-12-18 13:38:19 [INFO] Worker 13: 向下滑動: 322 像素，並等待 4.960995712690412 秒
2024-12-18 13:38:19 [INFO] Worker 10: 向下滑動: 365 像素，並等待 4.4031777800296465 秒
2024-12-18 13:38:19 [INFO] Worker 9: 向下滑動: 268 像素，並等待 3.4610108810648663 秒
2024-12-18 13:38:19 [INFO] Worker 14: 向下滑動: 200 像素，並等待 3.648963819634667 秒
2024-12-18 13:38:20 [INFO] Worker 15: 向下滑動: 236 像素，並等待 4.59592377386293 秒
2024-12-18 13:38:21 [INFO] Worker 11: 向下滑動: 325 像素，並等待 3.2329052957172775 秒
2024-12-18 13:38:23 [INFO] Worker 14: 向下滑動: 308 像素，並等待 3.325612224593609 秒
2024-12-18 13:38:23 [INFO] Worker 13: 向下滑動: 375 像素，並等待 3.810606671747426 秒
2024-12-18 13:38:23 [INFO] Worker 12: 向下滑動: 349 像素，並等待 3.8649543011074625 秒
2024-12-18 13:38:23 [INFO] Worker 9: 向下滑動: 212 像素，並等待 3.747241747868194 秒
2024-12-18 13:38:24 [INFO] Worker 10: 向下滑動: 378 像素，並等待 4.704894549598954 秒
2024-12-18 13:38:25 [INFO] Worker 15: 向下滑動: 366 像素，並等待 4.915357106220634 秒
2024-12-18 13:38:25 [INFO] Worker 11: 向下滑動: 287 像素，並等待 3.871913367071677 秒
2024-12-18 13:38:27 [INFO] Worker 9: 向下滑動: 366 像素，並等待 3.7507253811982446 秒
2024-12-18 13:38:27 [INFO] Worker 14: 向下滑動: 285 像素，並等待 4.265003926477933 秒
2024-12-18 13:38:27 [INFO] Worker 12: 向下滑動: 271 像素，並等待 4.518089519930519 秒
2024-12-18 13:38:28 [INFO] Worker 13: 向下滑動: 386 像素，並等待 4.763735361348846 秒
2024-12-18 13:38:28 [INFO] Worker 15: 向下滑動: 260 像素，並等待 3.2954054992739383 秒
2024-12-18 13:38:28 [INFO] Worker 10: 向下滑動: 265 像素，並等待 4.440566211438139 秒
2024-12-18 13:38:28 [INFO] Worker 11: 向下滑動: 381 像素，並等待 3.160731126985494 秒
2024-12-18 13:38:30 [INFO] Worker 14: 向下滑動: 350 像素，並等待 3.3713998242953056 秒
2024-12-18 13:38:32 [INFO] Worker 9: 向下滑動: 270 像素，並等待 4.803578586376068 秒
2024-12-18 13:38:32 [INFO] Worker 15: 向下滑動: 370 像素，並等待 3.7665723737538555 秒
2024-12-18 13:38:32 [INFO] Worker 11: 向下滑動: 347 像素，並等待 3.936567911015536 秒
2024-12-18 13:38:32 [INFO] Worker 12: 向下滑動: 262 像素，並等待 4.957039447134971 秒
2024-12-18 13:38:33 [INFO] Worker 13: 向下滑動: 234 像素，並等待 4.924812543670009 秒
2024-12-18 13:38:33 [INFO] Worker 10: 向下滑動: 208 像素，並等待 4.728786962527552 秒
2024-12-18 13:38:35 [INFO] Worker 15: 向下滑動: 396 像素，並等待 3.0382458879673466 秒
2024-12-18 13:38:35 [INFO] Worker 14: 向下滑動: 400 像素，並等待 4.9679120092129985 秒
2024-12-18 13:38:36 [INFO] Worker 11: 向下滑動: 222 像素，並等待 3.214773171051432 秒
2024-12-18 13:38:36 [INFO] Worker 9: 向下滑動: 339 像素，並等待 4.0907668015495595 秒
2024-12-18 13:38:36 [INFO] Worker 13: 向下滑動: 271 像素，並等待 3.3241051103269674 秒
2024-12-18 13:38:37 [INFO] Worker 12: 向下滑動: 312 像素，並等待 4.1415242408370485 秒
2024-12-18 13:38:38 [INFO] Worker 10: 向下滑動: 356 像素，並等待 4.90800717983032 秒
2024-12-18 13:38:39 [INFO] Worker 14: 向下滑動: 391 像素，並等待 3.363779681969689 秒
2024-12-18 13:38:39 [INFO] Worker 15: 向下滑動: 277 像素，並等待 4.113453122979886 秒
2024-12-18 13:38:39 [INFO] Worker 9: 向下滑動: 270 像素，並等待 3.671105552738891 秒
2024-12-18 13:38:39 [INFO] Worker 11: 向下滑動: 200 像素，並等待 3.782808069111968 秒
2024-12-18 13:38:40 [INFO] Worker 12: 向下滑動: 268 像素，並等待 3.648139992132579 秒
2024-12-18 13:38:41 [INFO] Worker 13: 向下滑動: 317 像素，並等待 4.634353813650609 秒
2024-12-18 13:38:42 [INFO] Worker 10: 向下滑動: 364 像素，並等待 3.4775604197531154 秒
2024-12-18 13:38:43 [INFO] Worker 15: 向下滑動: 296 像素，並等待 3.927689353776339 秒
2024-12-18 13:38:43 [INFO] Worker 11: 向下滑動: 227 像素，並等待 3.394162158392445 秒
2024-12-18 13:38:43 [INFO] Worker 14: 向下滑動: 319 像素，並等待 4.5658700917388675 秒
2024-12-18 13:38:44 [INFO] Worker 12: 向下滑動: 382 像素，並等待 3.710794544932644 秒
2024-12-18 13:38:44 [INFO] Worker 9: 向下滑動: 277 像素，並等待 4.733151403488408 秒
2024-12-18 13:38:44 [INFO] Worker 13: 向下滑動: 278 像素，並等待 3.754257143705108 秒
2024-12-18 13:38:45 [INFO] Worker 10: 向下滑動: 218 像素，並等待 3.205975346421645 秒
2024-12-18 13:38:46 [INFO] Worker 15: 向下滑動: 284 像素，並等待 3.662707788210814 秒
2024-12-18 13:38:47 [INFO] Worker 14: 向下滑動: 292 像素，並等待 3.997564267547544 秒
2024-12-18 13:38:47 [INFO] Worker 12: 向下滑動: 354 像素，並等待 3.387722817580115 秒
2024-12-18 13:38:48 [INFO] Worker 11: 向下滑動: 239 像素，並等待 4.983276904909798 秒
2024-12-18 13:38:48 [INFO] Worker 13: 向下滑動: 222 像素，並等待 4.10189356290712 秒
2024-12-18 13:38:49 [INFO] Worker 9: 向下滑動: 236 像素，並等待 4.986327367874042 秒
2024-12-18 13:38:50 [INFO] Worker 10: 向下滑動: 222 像素，並等待 4.9804639475943 秒
2024-12-18 13:38:50 [INFO] Worker 15: 向下滑動: 246 像素，並等待 3.7171292669633167 秒
2024-12-18 13:38:50 [INFO] Worker 12: 向下滑動: 296 像素，並等待 3.0411131676579877 秒
2024-12-18 13:38:51 [INFO] Worker 14: 向下滑動: 390 像素，並等待 3.3631200743209746 秒
2024-12-18 13:38:52 [INFO] Worker 11: 向下滑動: 384 像素，並等待 4.6422534717239365 秒
2024-12-18 13:38:53 [INFO] Worker 10: 向下滑動: 280 像素，並等待 3.2234369220663703 秒
2024-12-18 13:38:53 [INFO] Worker 13: 向下滑動: 237 像素，並等待 4.804704539108661 秒
2024-12-18 13:38:54 [INFO] Worker 9: 向下滑動: 252 像素，並等待 4.7935136892668275 秒
2024-12-18 13:38:55 [INFO] Worker 15: 向下滑動: 398 像素，並等待 4.612934240833708 秒
2024-12-18 13:38:55 [INFO] Worker 14: 向下滑動: 382 像素，並等待 4.095857371493864 秒
2024-12-18 13:38:55 [INFO] Worker 11: 帳號 66643407753 的任務已結束
2024-12-18 13:38:55 [INFO] Worker 12: 向下滑動: 335 像素，並等待 4.815602046745893 秒
2024-12-18 13:38:57 [INFO] Worker 13: 向下滑動: 310 像素，並等待 4.205444021209793 秒
2024-12-18 13:38:58 [INFO] Worker 10: 向下滑動: 212 像素，並等待 4.617223830791907 秒
2024-12-18 13:38:58 [INFO] Worker 14: 向下滑動: 200 像素，並等待 3.250188632024569 秒
2024-12-18 13:38:59 [INFO] Worker 9: 向下滑動: 256 像素，並等待 4.8052898013032355 秒
2024-12-18 13:38:59 [INFO] Worker 15: 向下滑動: 278 像素，並等待 4.4775867498781725 秒
2024-12-18 13:38:59 [INFO] Worker 12: 向下滑動: 302 像素，並等待 3.9286215891165117 秒
2024-12-18 13:39:01 [INFO] Worker 13: 向下滑動: 375 像素，並等待 3.1593654088029632 秒
2024-12-18 13:39:01 [INFO] Worker 10: 向下滑動: 242 像素，並等待 3.532632220029603 秒
2024-12-18 13:39:02 [INFO] Worker 15: 向下滑動: 397 像素，並等待 3.1669229533111154 秒
2024-12-18 13:39:02 [INFO] Worker 9: 向下滑動: 370 像素，並等待 3.7398091122712325 秒
2024-12-18 13:39:02 [INFO] Worker 12: 向下滑動: 337 像素，並等待 3.2759367643838875 秒
2024-12-18 13:39:03 [INFO] Worker 14: 向下滑動: 249 像素，並等待 4.811787309279572 秒
2024-12-18 13:39:04 [INFO] Worker 10: 帳號 66646155782 的任務已結束
2024-12-18 13:39:06 [INFO] Worker 9: 向下滑動: 309 像素，並等待 3.0926417086736744 秒
2024-12-18 13:39:06 [INFO] Worker 13: 向下滑動: 274 像素，並等待 4.935462980363263 秒
2024-12-18 13:39:06 [INFO] Worker 12: 向下滑動: 204 像素，並等待 3.2562841575838144 秒
2024-12-18 13:39:06 [INFO] Worker 15: 向下滑動: 282 像素，並等待 3.5170413923718393 秒
2024-12-18 13:39:06 [INFO] Worker 14: 向下滑動: 359 像素，並等待 3.197948681600688 秒
2024-12-18 13:39:09 [INFO] Worker 9: 向下滑動: 211 像素，並等待 3.20714244028367 秒
2024-12-18 13:39:09 [INFO] Worker 12: 向下滑動: 311 像素，並等待 3.0302961004884343 秒
2024-12-18 13:39:10 [INFO] Worker 15: 向下滑動: 226 像素，並等待 4.428627504283012 秒
2024-12-18 13:39:11 [INFO] Worker 13: 向下滑動: 297 像素，並等待 4.989085000710916 秒
2024-12-18 13:39:11 [INFO] Worker 14: 向下滑動: 357 像素，並等待 4.753617266860154 秒
2024-12-18 13:39:13 [INFO] Worker 12: 向下滑動: 222 像素，並等待 3.835345962586121 秒
2024-12-18 13:39:13 [INFO] Worker 9: 向下滑動: 241 像素，並等待 4.637128878933127 秒
2024-12-18 13:39:14 [INFO] Worker 15: 向下滑動: 353 像素，並等待 3.347458203815504 秒
2024-12-18 13:39:15 [INFO] Worker 13: 向下滑動: 314 像素，並等待 4.649450724034199 秒
2024-12-18 13:39:16 [INFO] Worker 14: 向下滑動: 339 像素，並等待 4.983112875301051 秒
2024-12-18 13:39:17 [INFO] Worker 9: 向下滑動: 358 像素，並等待 3.720104970797413 秒
2024-12-18 13:39:17 [INFO] Worker 12: 向下滑動: 238 像素，並等待 4.846840216065983 秒
2024-12-18 13:39:18 [INFO] Worker 15: 向下滑動: 392 像素，並等待 4.116941559984408 秒
2024-12-18 13:39:18 [ERROR] Exception in thread
2024-12-18 13:39:18 [ERROR] TaskMonitor-navigate
2024-12-18 13:39:18 [ERROR] :
2024-12-18 13:39:18 [ERROR] Traceback (most recent call last):
2024-12-18 13:39:18 [ERROR] File "C:\Python312\Lib\site-packages\urllib3\connection.py", line 199, in _new_conn
2024-12-18 13:39:18 [ERROR] sock = connection.create_connection(
2024-12-18 13:39:18 [ERROR] ^
2024-12-18 13:39:18 [ERROR] ^
2024-12-18 13:39:18 [ERROR] ^
2024-12-18 13:39:18 [ERROR] ^
2024-12-18 13:39:18 [ERROR] ^
2024-12-18 13:39:18 [ERROR] ^
2024-12-18 13:39:18 [ERROR] ^
2024-12-18 13:39:18 [ERROR] ^
2024-12-18 13:39:18 [ERROR] ^
2024-12-18 13:39:18 [ERROR] ^
2024-12-18 13:39:18 [ERROR] ^
2024-12-18 13:39:18 [ERROR] ^
2024-12-18 13:39:18 [ERROR] ^
2024-12-18 13:39:18 [ERROR] ^
2024-12-18 13:39:18 [ERROR] ^
2024-12-18 13:39:18 [ERROR] ^
2024-12-18 13:39:18 [ERROR] ^
2024-12-18 13:39:18 [ERROR] ^
2024-12-18 13:39:18 [ERROR] ^
2024-12-18 13:39:18 [ERROR] ^
2024-12-18 13:39:18 [ERROR] ^
2024-12-18 13:39:18 [ERROR] ^
2024-12-18 13:39:18 [ERROR] ^
2024-12-18 13:39:18 [ERROR] ^
2024-12-18 13:39:18 [ERROR] ^
2024-12-18 13:39:18 [ERROR] ^
2024-12-18 13:39:18 [ERROR] ^
2024-12-18 13:39:18 [ERROR] ^
2024-12-18 13:39:18 [ERROR] ^
2024-12-18 13:39:18 [ERROR] File "C:\Python312\Lib\site-packages\urllib3\util\connection.py", line 85, in create_connection
2024-12-18 13:39:18 [ERROR] raise err
2024-12-18 13:39:18 [ERROR] File "C:\Python312\Lib\site-packages\urllib3\util\connection.py", line 73, in create_connection
2024-12-18 13:39:18 [ERROR] sock.connect(sa)
2024-12-18 13:39:18 [ERROR] ConnectionRefusedError
2024-12-18 13:39:18 [ERROR] :
2024-12-18 13:39:18 [ERROR] [WinError 10061] 無法連線，因為目標電腦拒絕連線。
2024-12-18 13:39:18 [ERROR] The above exception was the direct cause of the following exception:
2024-12-18 13:39:18 [ERROR] Traceback (most recent call last):
2024-12-18 13:39:18 [ERROR] File "C:\Python312\Lib\site-packages\urllib3\connectionpool.py", line 789, in urlopen
2024-12-18 13:39:18 [ERROR] response = self._make_request(
2024-12-18 13:39:18 [ERROR] ^
2024-12-18 13:39:18 [ERROR] ^
2024-12-18 13:39:18 [ERROR] ^
2024-12-18 13:39:18 [ERROR] ^
2024-12-18 13:39:18 [ERROR] ^
2024-12-18 13:39:18 [ERROR] ^
2024-12-18 13:39:18 [ERROR] ^
2024-12-18 13:39:18 [ERROR] ^
2024-12-18 13:39:18 [ERROR] ^
2024-12-18 13:39:18 [ERROR] ^
2024-12-18 13:39:18 [ERROR] ^
2024-12-18 13:39:18 [ERROR] ^
2024-12-18 13:39:18 [ERROR] ^
2024-12-18 13:39:18 [ERROR] ^
2024-12-18 13:39:18 [ERROR] ^
2024-12-18 13:39:18 [ERROR] ^
2024-12-18 13:39:18 [ERROR] ^
2024-12-18 13:39:18 [ERROR] ^
2024-12-18 13:39:18 [ERROR] ^
2024-12-18 13:39:18 [ERROR] File "C:\Python312\Lib\site-packages\urllib3\connectionpool.py", line 495, in _make_request
2024-12-18 13:39:18 [ERROR] conn.request(
2024-12-18 13:39:18 [ERROR] File "C:\Python312\Lib\site-packages\urllib3\connection.py", line 441, in request
2024-12-18 13:39:18 [ERROR] self.endheaders()
2024-12-18 13:39:18 [ERROR] File "C:\Python312\Lib\http\client.py", line 1331, in endheaders
2024-12-18 13:39:18 [ERROR] self._send_output(message_body, encode_chunked=encode_chunked)
2024-12-18 13:39:18 [ERROR] File "C:\Python312\Lib\http\client.py", line 1091, in _send_output
2024-12-18 13:39:18 [ERROR] self.send(msg)
2024-12-18 13:39:18 [ERROR] File "C:\Python312\Lib\http\client.py", line 1035, in send
2024-12-18 13:39:18 [ERROR] self.connect()
2024-12-18 13:39:18 [ERROR] File "C:\Python312\Lib\site-packages\urllib3\connection.py", line 279, in connect
2024-12-18 13:39:18 [ERROR] self.sock = self._new_conn()
2024-12-18 13:39:18 [ERROR] ^
2024-12-18 13:39:18 [ERROR] ^
2024-12-18 13:39:18 [ERROR] ^
2024-12-18 13:39:18 [ERROR] ^
2024-12-18 13:39:18 [ERROR] ^
2024-12-18 13:39:18 [ERROR] ^
2024-12-18 13:39:18 [ERROR] ^
2024-12-18 13:39:18 [ERROR] ^
2024-12-18 13:39:18 [ERROR] ^
2024-12-18 13:39:18 [ERROR] ^
2024-12-18 13:39:18 [ERROR] ^
2024-12-18 13:39:18 [ERROR] ^
2024-12-18 13:39:18 [ERROR] ^
2024-12-18 13:39:18 [ERROR] ^
2024-12-18 13:39:18 [ERROR] ^
2024-12-18 13:39:18 [ERROR] ^
2024-12-18 13:39:18 [ERROR] File "C:\Python312\Lib\site-packages\urllib3\connection.py", line 214, in _new_conn
2024-12-18 13:39:18 [ERROR] raise NewConnectionError(
2024-12-18 13:39:18 [ERROR] urllib3.exceptions
2024-12-18 13:39:18 [ERROR] .
2024-12-18 13:39:18 [ERROR] NewConnectionError
2024-12-18 13:39:18 [ERROR] :
2024-12-18 13:39:18 [ERROR] <urllib3.connection.HTTPConnection object at 0x000002A1CEAB3F50>: Failed to establish a new connection: [WinError 10061] 無法連線，因為目標電腦拒絕連線。
2024-12-18 13:39:18 [ERROR] The above exception was the direct cause of the following exception:
2024-12-18 13:39:18 [ERROR] Traceback (most recent call last):
2024-12-18 13:39:18 [ERROR] File "C:\Python312\Lib\threading.py", line 1073, in _bootstrap_inner
2024-12-18 13:39:18 [ERROR] self.run()
2024-12-18 13:39:18 [ERROR] File "C:\Python312\Lib\threading.py", line 1010, in run
2024-12-18 13:39:18 [ERROR] self._target(*self._args, **self._kwargs)
2024-12-18 13:39:18 [ERROR] File "c:\Users\user\Desktop\SuChenAI\Factbook-RPA-clickurl\modules\task_monitor.py", line 29, in run
2024-12-18 13:39:18 [ERROR] self.check_for_unexpected_behavior(task_id, status)  # 檢查是否有非預期行為
2024-12-18 13:39:18 [ERROR] ^
2024-12-18 13:39:18 [ERROR] ^
2024-12-18 13:39:18 [ERROR] ^
2024-12-18 13:39:18 [ERROR] ^
2024-12-18 13:39:18 [ERROR] ^
2024-12-18 13:39:18 [ERROR] ^
2024-12-18 13:39:18 [ERROR] ^
2024-12-18 13:39:18 [ERROR] ^
2024-12-18 13:39:18 [ERROR] ^
2024-12-18 13:39:18 [ERROR] ^
2024-12-18 13:39:18 [ERROR] ^
2024-12-18 13:39:18 [ERROR] ^
2024-12-18 13:39:18 [ERROR] ^
2024-12-18 13:39:18 [ERROR] ^
2024-12-18 13:39:18 [ERROR] ^
2024-12-18 13:39:18 [ERROR] ^
2024-12-18 13:39:18 [ERROR] ^
2024-12-18 13:39:18 [ERROR] ^
2024-12-18 13:39:18 [ERROR] ^
2024-12-18 13:39:18 [ERROR] ^
2024-12-18 13:39:18 [ERROR] ^
2024-12-18 13:39:18 [ERROR] ^
2024-12-18 13:39:18 [ERROR] ^
2024-12-18 13:39:18 [ERROR] ^
2024-12-18 13:39:18 [ERROR] ^
2024-12-18 13:39:18 [ERROR] ^
2024-12-18 13:39:18 [ERROR] ^
2024-12-18 13:39:18 [ERROR] ^
2024-12-18 13:39:18 [ERROR] ^
2024-12-18 13:39:18 [ERROR] ^
2024-12-18 13:39:18 [ERROR] ^
2024-12-18 13:39:18 [ERROR] ^
2024-12-18 13:39:18 [ERROR] ^
2024-12-18 13:39:18 [ERROR] ^
2024-12-18 13:39:18 [ERROR] ^
2024-12-18 13:39:18 [ERROR] ^
2024-12-18 13:39:18 [ERROR] ^
2024-12-18 13:39:18 [ERROR] ^
2024-12-18 13:39:18 [ERROR] ^
2024-12-18 13:39:18 [ERROR] ^
2024-12-18 13:39:18 [ERROR] ^
2024-12-18 13:39:18 [ERROR] ^
2024-12-18 13:39:18 [ERROR] ^
2024-12-18 13:39:18 [ERROR] ^
2024-12-18 13:39:18 [ERROR] ^
2024-12-18 13:39:18 [ERROR] ^
2024-12-18 13:39:18 [ERROR] ^
2024-12-18 13:39:18 [ERROR] ^
2024-12-18 13:39:18 [ERROR] ^
2024-12-18 13:39:18 [ERROR] ^
2024-12-18 13:39:18 [ERROR] ^
2024-12-18 13:39:18 [ERROR] File "c:\Users\user\Desktop\SuChenAI\Factbook-RPA-clickurl\modules\task_monitor.py", line 80, in check_for_unexpected_behavior
2024-12-18 13:39:18 [ERROR] WebDriverWait(driver, 0.01).until(
2024-12-18 13:39:18 [ERROR] File "C:\Python312\Lib\site-packages\selenium\webdriver\support\wait.py", line 96, in until
2024-12-18 13:39:18 [ERROR] value = method(self._driver)
2024-12-18 13:39:18 [ERROR] ^
2024-12-18 13:39:18 [ERROR] ^
2024-12-18 13:39:18 [ERROR] ^
2024-12-18 13:39:18 [ERROR] ^
2024-12-18 13:39:18 [ERROR] ^
2024-12-18 13:39:18 [ERROR] ^
2024-12-18 13:39:18 [ERROR] ^
2024-12-18 13:39:18 [ERROR] ^
2024-12-18 13:39:18 [ERROR] ^
2024-12-18 13:39:18 [ERROR] ^
2024-12-18 13:39:18 [ERROR] ^
2024-12-18 13:39:18 [ERROR] ^
2024-12-18 13:39:18 [ERROR] ^
2024-12-18 13:39:18 [ERROR] ^
2024-12-18 13:39:18 [ERROR] ^
2024-12-18 13:39:18 [ERROR] ^
2024-12-18 13:39:18 [ERROR] ^
2024-12-18 13:39:18 [ERROR] ^
2024-12-18 13:39:18 [ERROR] ^
2024-12-18 13:39:18 [ERROR] ^
2024-12-18 13:39:18 [ERROR] File "C:\Python312\Lib\site-packages\selenium\webdriver\support\expected_conditions.py", line 84, in _predicate
2024-12-18 13:39:18 [ERROR] return driver.find_element(*locator)
2024-12-18 13:39:18 [ERROR] ^
2024-12-18 13:39:18 [ERROR] ^
2024-12-18 13:39:18 [ERROR] ^
2024-12-18 13:39:18 [ERROR] ^
2024-12-18 13:39:18 [ERROR] ^
2024-12-18 13:39:18 [ERROR] ^
2024-12-18 13:39:18 [ERROR] ^
2024-12-18 13:39:18 [ERROR] ^
2024-12-18 13:39:18 [ERROR] ^
2024-12-18 13:39:18 [ERROR] ^
2024-12-18 13:39:18 [ERROR] ^
2024-12-18 13:39:18 [ERROR] ^
2024-12-18 13:39:18 [ERROR] ^
2024-12-18 13:39:18 [ERROR] ^
2024-12-18 13:39:18 [ERROR] ^
2024-12-18 13:39:18 [ERROR] ^
2024-12-18 13:39:18 [ERROR] ^
2024-12-18 13:39:18 [ERROR] ^
2024-12-18 13:39:18 [ERROR] ^
2024-12-18 13:39:18 [ERROR] ^
2024-12-18 13:39:18 [ERROR] ^
2024-12-18 13:39:18 [ERROR] ^
2024-12-18 13:39:18 [ERROR] ^
2024-12-18 13:39:18 [ERROR] ^
2024-12-18 13:39:18 [ERROR] ^
2024-12-18 13:39:18 [ERROR] ^
2024-12-18 13:39:18 [ERROR] ^
2024-12-18 13:39:18 [ERROR] ^
2024-12-18 13:39:18 [ERROR] ^
2024-12-18 13:39:18 [ERROR] File "C:\Python312\Lib\site-packages\selenium\webdriver\remote\webdriver.py", line 770, in find_element
2024-12-18 13:39:18 [ERROR] return self.execute(Command.FIND_ELEMENT, {"using": by, "value": value})["value"]
2024-12-18 13:39:18 [ERROR] ^
2024-12-18 13:39:18 [ERROR] ^
2024-12-18 13:39:18 [ERROR] ^
2024-12-18 13:39:18 [ERROR] ^
2024-12-18 13:39:18 [ERROR] ^
2024-12-18 13:39:18 [ERROR] ^
2024-12-18 13:39:18 [ERROR] ^
2024-12-18 13:39:18 [ERROR] ^
2024-12-18 13:39:18 [ERROR] ^
2024-12-18 13:39:18 [ERROR] ^
2024-12-18 13:39:18 [ERROR] ^
2024-12-18 13:39:18 [ERROR] ^
2024-12-18 13:39:18 [ERROR] ^
2024-12-18 13:39:18 [ERROR] ^
2024-12-18 13:39:18 [ERROR] ^
2024-12-18 13:39:18 [ERROR] ^
2024-12-18 13:39:18 [ERROR] ^
2024-12-18 13:39:18 [ERROR] ^
2024-12-18 13:39:18 [ERROR] ^
2024-12-18 13:39:18 [ERROR] ^
2024-12-18 13:39:18 [ERROR] ^
2024-12-18 13:39:18 [ERROR] ^
2024-12-18 13:39:18 [ERROR] ^
2024-12-18 13:39:18 [ERROR] ^
2024-12-18 13:39:18 [ERROR] ^
2024-12-18 13:39:18 [ERROR] ^
2024-12-18 13:39:18 [ERROR] ^
2024-12-18 13:39:18 [ERROR] ^
2024-12-18 13:39:18 [ERROR] ^
2024-12-18 13:39:18 [ERROR] ^
2024-12-18 13:39:18 [ERROR] ^
2024-12-18 13:39:18 [ERROR] ^
2024-12-18 13:39:18 [ERROR] ^
2024-12-18 13:39:18 [ERROR] ^
2024-12-18 13:39:18 [ERROR] ^
2024-12-18 13:39:18 [ERROR] ^
2024-12-18 13:39:18 [ERROR] ^
2024-12-18 13:39:18 [ERROR] ^
2024-12-18 13:39:18 [ERROR] ^
2024-12-18 13:39:18 [ERROR] ^
2024-12-18 13:39:18 [ERROR] ^
2024-12-18 13:39:18 [ERROR] ^
2024-12-18 13:39:18 [ERROR] ^
2024-12-18 13:39:18 [ERROR] ^
2024-12-18 13:39:18 [ERROR] ^
2024-12-18 13:39:18 [ERROR] ^
2024-12-18 13:39:18 [ERROR] ^
2024-12-18 13:39:18 [ERROR] ^
2024-12-18 13:39:18 [ERROR] ^
2024-12-18 13:39:18 [ERROR] ^
2024-12-18 13:39:18 [ERROR] ^
2024-12-18 13:39:18 [ERROR] ^
2024-12-18 13:39:18 [ERROR] ^
2024-12-18 13:39:18 [ERROR] ^
2024-12-18 13:39:18 [ERROR] ^
2024-12-18 13:39:18 [ERROR] ^
2024-12-18 13:39:18 [ERROR] ^
2024-12-18 13:39:18 [ERROR] ^
2024-12-18 13:39:18 [ERROR] ^
2024-12-18 13:39:18 [ERROR] ^
2024-12-18 13:39:18 [ERROR] ^
2024-12-18 13:39:18 [ERROR] ^
2024-12-18 13:39:18 [ERROR] ^
2024-12-18 13:39:18 [ERROR] ^
2024-12-18 13:39:18 [ERROR] ^
2024-12-18 13:39:18 [ERROR] File "C:\Python312\Lib\site-packages\selenium\webdriver\remote\webdriver.py", line 382, in execute
2024-12-18 13:39:18 [ERROR] response = self.command_executor.execute(driver_command, params)
2024-12-18 13:39:18 [ERROR] ^
2024-12-18 13:39:18 [ERROR] ^
2024-12-18 13:39:18 [ERROR] ^
2024-12-18 13:39:18 [ERROR] ^
2024-12-18 13:39:18 [ERROR] ^
2024-12-18 13:39:18 [ERROR] ^
2024-12-18 13:39:18 [ERROR] ^
2024-12-18 13:39:18 [ERROR] ^
2024-12-18 13:39:18 [ERROR] ^
2024-12-18 13:39:18 [ERROR] ^
2024-12-18 13:39:18 [ERROR] ^
2024-12-18 13:39:18 [ERROR] ^
2024-12-18 13:39:18 [ERROR] ^
2024-12-18 13:39:18 [ERROR] ^
2024-12-18 13:39:18 [ERROR] ^
2024-12-18 13:39:18 [ERROR] ^
2024-12-18 13:39:18 [ERROR] ^
2024-12-18 13:39:18 [ERROR] ^
2024-12-18 13:39:18 [ERROR] ^
2024-12-18 13:39:18 [ERROR] ^
2024-12-18 13:39:18 [ERROR] ^
2024-12-18 13:39:18 [ERROR] ^
2024-12-18 13:39:18 [ERROR] ^
2024-12-18 13:39:18 [ERROR] ^
2024-12-18 13:39:18 [ERROR] ^
2024-12-18 13:39:18 [ERROR] ^
2024-12-18 13:39:18 [ERROR] ^
2024-12-18 13:39:18 [ERROR] ^
2024-12-18 13:39:18 [ERROR] ^
2024-12-18 13:39:18 [ERROR] ^
2024-12-18 13:39:18 [ERROR] ^
2024-12-18 13:39:18 [ERROR] ^
2024-12-18 13:39:18 [ERROR] ^
2024-12-18 13:39:18 [ERROR] ^
2024-12-18 13:39:18 [ERROR] ^
2024-12-18 13:39:18 [ERROR] ^
2024-12-18 13:39:18 [ERROR] ^
2024-12-18 13:39:18 [ERROR] ^
2024-12-18 13:39:18 [ERROR] ^
2024-12-18 13:39:18 [ERROR] ^
2024-12-18 13:39:18 [ERROR] ^
2024-12-18 13:39:18 [ERROR] ^
2024-12-18 13:39:18 [ERROR] ^
2024-12-18 13:39:18 [ERROR] ^
2024-12-18 13:39:18 [ERROR] ^
2024-12-18 13:39:18 [ERROR] ^
2024-12-18 13:39:18 [ERROR] ^
2024-12-18 13:39:18 [ERROR] ^
2024-12-18 13:39:18 [ERROR] ^
2024-12-18 13:39:18 [ERROR] ^
2024-12-18 13:39:18 [ERROR] ^
2024-12-18 13:39:18 [ERROR] ^
2024-12-18 13:39:18 [ERROR] ^
2024-12-18 13:39:18 [ERROR] File "C:\Python312\Lib\site-packages\selenium\webdriver\remote\remote_connection.py", line 404, in execute
2024-12-18 13:39:18 [ERROR] return self._request(command_info[0], url, body=data)
2024-12-18 13:39:18 [ERROR] ^
2024-12-18 13:39:18 [ERROR] ^
2024-12-18 13:39:18 [ERROR] ^
2024-12-18 13:39:18 [ERROR] ^
2024-12-18 13:39:18 [ERROR] ^
2024-12-18 13:39:18 [ERROR] ^
2024-12-18 13:39:18 [ERROR] ^
2024-12-18 13:39:18 [ERROR] ^
2024-12-18 13:39:18 [ERROR] ^
2024-12-18 13:39:18 [ERROR] ^
2024-12-18 13:39:18 [ERROR] ^
2024-12-18 13:39:18 [ERROR] ^
2024-12-18 13:39:18 [ERROR] ^
2024-12-18 13:39:18 [ERROR] ^
2024-12-18 13:39:18 [ERROR] ^
2024-12-18 13:39:18 [ERROR] ^
2024-12-18 13:39:18 [ERROR] ^
2024-12-18 13:39:18 [ERROR] ^
2024-12-18 13:39:18 [ERROR] ^
2024-12-18 13:39:18 [ERROR] ^
2024-12-18 13:39:18 [ERROR] ^
2024-12-18 13:39:18 [ERROR] ^
2024-12-18 13:39:18 [ERROR] ^
2024-12-18 13:39:18 [ERROR] ^
2024-12-18 13:39:18 [ERROR] ^
2024-12-18 13:39:18 [ERROR] ^
2024-12-18 13:39:18 [ERROR] ^
2024-12-18 13:39:18 [ERROR] ^
2024-12-18 13:39:18 [ERROR] ^
2024-12-18 13:39:18 [ERROR] ^
2024-12-18 13:39:18 [ERROR] ^
2024-12-18 13:39:18 [ERROR] ^
2024-12-18 13:39:18 [ERROR] ^
2024-12-18 13:39:18 [ERROR] ^
2024-12-18 13:39:18 [ERROR] ^
2024-12-18 13:39:18 [ERROR] ^
2024-12-18 13:39:18 [ERROR] ^
2024-12-18 13:39:18 [ERROR] ^
2024-12-18 13:39:18 [ERROR] ^
2024-12-18 13:39:18 [ERROR] ^
2024-12-18 13:39:18 [ERROR] ^
2024-12-18 13:39:18 [ERROR] ^
2024-12-18 13:39:18 [ERROR] ^
2024-12-18 13:39:18 [ERROR] ^
2024-12-18 13:39:18 [ERROR] ^
2024-12-18 13:39:18 [ERROR] ^
2024-12-18 13:39:18 [ERROR] File "C:\Python312\Lib\site-packages\selenium\webdriver\remote\remote_connection.py", line 428, in _request
2024-12-18 13:39:18 [ERROR] response = self._conn.request(method, url, body=body, headers=headers, timeout=self._client_config.timeout)
2024-12-18 13:39:18 [ERROR] ^
2024-12-18 13:39:18 [ERROR] ^
2024-12-18 13:39:18 [ERROR] ^
2024-12-18 13:39:18 [ERROR] ^
2024-12-18 13:39:18 [ERROR] ^
2024-12-18 13:39:18 [ERROR] ^
2024-12-18 13:39:18 [ERROR] ^
2024-12-18 13:39:18 [ERROR] ^
2024-12-18 13:39:18 [ERROR] ^
2024-12-18 13:39:18 [ERROR] ^
2024-12-18 13:39:18 [ERROR] ^
2024-12-18 13:39:18 [ERROR] ^
2024-12-18 13:39:18 [ERROR] ^
2024-12-18 13:39:18 [ERROR] ^
2024-12-18 13:39:18 [ERROR] ^
2024-12-18 13:39:18 [ERROR] ^
2024-12-18 13:39:18 [ERROR] ^
2024-12-18 13:39:18 [ERROR] ^
2024-12-18 13:39:18 [ERROR] ^
2024-12-18 13:39:18 [ERROR] ^
2024-12-18 13:39:18 [ERROR] ^
2024-12-18 13:39:18 [ERROR] ^
2024-12-18 13:39:18 [ERROR] ^
2024-12-18 13:39:18 [ERROR] ^
2024-12-18 13:39:18 [ERROR] ^
2024-12-18 13:39:18 [ERROR] ^
2024-12-18 13:39:18 [ERROR] ^
2024-12-18 13:39:18 [ERROR] ^
2024-12-18 13:39:18 [ERROR] ^
2024-12-18 13:39:18 [ERROR] ^
2024-12-18 13:39:18 [ERROR] ^
2024-12-18 13:39:18 [ERROR] ^
2024-12-18 13:39:18 [ERROR] ^
2024-12-18 13:39:18 [ERROR] ^
2024-12-18 13:39:18 [ERROR] ^
2024-12-18 13:39:18 [ERROR] ^
2024-12-18 13:39:18 [ERROR] ^
2024-12-18 13:39:18 [ERROR] ^
2024-12-18 13:39:18 [ERROR] ^
2024-12-18 13:39:18 [ERROR] ^
2024-12-18 13:39:18 [ERROR] ^
2024-12-18 13:39:18 [ERROR] ^
2024-12-18 13:39:18 [ERROR] ^
2024-12-18 13:39:18 [ERROR] ^
2024-12-18 13:39:18 [ERROR] ^
2024-12-18 13:39:18 [ERROR] ^
2024-12-18 13:39:18 [ERROR] ^
2024-12-18 13:39:18 [ERROR] ^
2024-12-18 13:39:18 [ERROR] ^
2024-12-18 13:39:18 [ERROR] ^
2024-12-18 13:39:18 [ERROR] ^
2024-12-18 13:39:18 [ERROR] ^
2024-12-18 13:39:18 [ERROR] ^
2024-12-18 13:39:18 [ERROR] ^
2024-12-18 13:39:18 [ERROR] ^
2024-12-18 13:39:18 [ERROR] ^
2024-12-18 13:39:18 [ERROR] ^
2024-12-18 13:39:18 [ERROR] ^
2024-12-18 13:39:18 [ERROR] ^
2024-12-18 13:39:18 [ERROR] ^
2024-12-18 13:39:18 [ERROR] ^
2024-12-18 13:39:18 [ERROR] ^
2024-12-18 13:39:18 [ERROR] ^
2024-12-18 13:39:18 [ERROR] ^
2024-12-18 13:39:18 [ERROR] ^
2024-12-18 13:39:18 [ERROR] ^
2024-12-18 13:39:18 [ERROR] ^
2024-12-18 13:39:18 [ERROR] ^
2024-12-18 13:39:18 [ERROR] ^
2024-12-18 13:39:18 [ERROR] ^
2024-12-18 13:39:18 [ERROR] ^
2024-12-18 13:39:18 [ERROR] ^
2024-12-18 13:39:18 [ERROR] ^
2024-12-18 13:39:18 [ERROR] ^
2024-12-18 13:39:18 [ERROR] ^
2024-12-18 13:39:18 [ERROR] ^
2024-12-18 13:39:18 [ERROR] ^
2024-12-18 13:39:18 [ERROR] ^
2024-12-18 13:39:18 [ERROR] ^
2024-12-18 13:39:18 [ERROR] ^
2024-12-18 13:39:18 [ERROR] ^
2024-12-18 13:39:18 [ERROR] ^
2024-12-18 13:39:18 [ERROR] ^
2024-12-18 13:39:18 [ERROR] ^
2024-12-18 13:39:18 [ERROR] ^
2024-12-18 13:39:18 [ERROR] ^
2024-12-18 13:39:18 [ERROR] ^
2024-12-18 13:39:18 [ERROR] ^
2024-12-18 13:39:18 [ERROR] ^
2024-12-18 13:39:18 [ERROR] ^
2024-12-18 13:39:18 [ERROR] ^
2024-12-18 13:39:18 [ERROR] ^
2024-12-18 13:39:18 [ERROR] ^
2024-12-18 13:39:18 [ERROR] ^
2024-12-18 13:39:18 [ERROR] ^
2024-12-18 13:39:18 [ERROR] ^
2024-12-18 13:39:18 [ERROR] File "C:\Python312\Lib\site-packages\urllib3\_request_methods.py", line 143, in request
2024-12-18 13:39:18 [ERROR] return self.request_encode_body(
2024-12-18 13:39:18 [ERROR] ^
2024-12-18 13:39:18 [ERROR] ^
2024-12-18 13:39:18 [ERROR] ^
2024-12-18 13:39:18 [ERROR] ^
2024-12-18 13:39:18 [ERROR] ^
2024-12-18 13:39:18 [ERROR] ^
2024-12-18 13:39:18 [ERROR] ^
2024-12-18 13:39:18 [ERROR] ^
2024-12-18 13:39:18 [ERROR] ^
2024-12-18 13:39:18 [ERROR] ^
2024-12-18 13:39:18 [ERROR] ^
2024-12-18 13:39:18 [ERROR] ^
2024-12-18 13:39:18 [ERROR] ^
2024-12-18 13:39:18 [ERROR] ^
2024-12-18 13:39:18 [ERROR] ^
2024-12-18 13:39:18 [ERROR] ^
2024-12-18 13:39:18 [ERROR] ^
2024-12-18 13:39:18 [ERROR] ^
2024-12-18 13:39:18 [ERROR] ^
2024-12-18 13:39:18 [ERROR] ^
2024-12-18 13:39:18 [ERROR] ^
2024-12-18 13:39:18 [ERROR] ^
2024-12-18 13:39:18 [ERROR] ^
2024-12-18 13:39:18 [ERROR] ^
2024-12-18 13:39:18 [ERROR] ^
2024-12-18 13:39:18 [ERROR] File "C:\Python312\Lib\site-packages\urllib3\_request_methods.py", line 278, in request_encode_body
2024-12-18 13:39:18 [ERROR] return self.urlopen(method, url, **extra_kw)
2024-12-18 13:39:18 [ERROR] ^
2024-12-18 13:39:18 [ERROR] ^
2024-12-18 13:39:18 [ERROR] ^
2024-12-18 13:39:18 [ERROR] ^
2024-12-18 13:39:18 [ERROR] ^
2024-12-18 13:39:18 [ERROR] ^
2024-12-18 13:39:18 [ERROR] ^
2024-12-18 13:39:18 [ERROR] ^
2024-12-18 13:39:18 [ERROR] ^
2024-12-18 13:39:18 [ERROR] ^
2024-12-18 13:39:18 [ERROR] ^
2024-12-18 13:39:18 [ERROR] ^
2024-12-18 13:39:18 [ERROR] ^
2024-12-18 13:39:18 [ERROR] ^
2024-12-18 13:39:18 [ERROR] ^
2024-12-18 13:39:18 [ERROR] ^
2024-12-18 13:39:18 [ERROR] ^
2024-12-18 13:39:18 [ERROR] ^
2024-12-18 13:39:18 [ERROR] ^
2024-12-18 13:39:18 [ERROR] ^
2024-12-18 13:39:18 [ERROR] ^
2024-12-18 13:39:18 [ERROR] ^
2024-12-18 13:39:18 [ERROR] ^
2024-12-18 13:39:18 [ERROR] ^
2024-12-18 13:39:18 [ERROR] ^
2024-12-18 13:39:18 [ERROR] ^
2024-12-18 13:39:18 [ERROR] ^
2024-12-18 13:39:18 [ERROR] ^
2024-12-18 13:39:18 [ERROR] ^
2024-12-18 13:39:18 [ERROR] ^
2024-12-18 13:39:18 [ERROR] ^
2024-12-18 13:39:18 [ERROR] ^
2024-12-18 13:39:18 [ERROR] ^
2024-12-18 13:39:18 [ERROR] ^
2024-12-18 13:39:18 [ERROR] ^
2024-12-18 13:39:18 [ERROR] ^
2024-12-18 13:39:18 [ERROR] ^
2024-12-18 13:39:18 [ERROR] File "C:\Python312\Lib\site-packages\urllib3\poolmanager.py", line 443, in urlopen
2024-12-18 13:39:18 [ERROR] response = conn.urlopen(method, u.request_uri, **kw)
2024-12-18 13:39:18 [ERROR] ^
2024-12-18 13:39:18 [ERROR] ^
2024-12-18 13:39:18 [ERROR] ^
2024-12-18 13:39:18 [ERROR] ^
2024-12-18 13:39:18 [ERROR] ^
2024-12-18 13:39:18 [ERROR] ^
2024-12-18 13:39:18 [ERROR] ^
2024-12-18 13:39:18 [ERROR] ^
2024-12-18 13:39:18 [ERROR] ^
2024-12-18 13:39:18 [ERROR] ^
2024-12-18 13:39:18 [ERROR] ^
2024-12-18 13:39:18 [ERROR] ^
2024-12-18 13:39:18 [ERROR] ^
2024-12-18 13:39:18 [ERROR] ^
2024-12-18 13:39:18 [ERROR] ^
2024-12-18 13:39:18 [ERROR] ^
2024-12-18 13:39:18 [ERROR] ^
2024-12-18 13:39:18 [ERROR] ^
2024-12-18 13:39:18 [ERROR] ^
2024-12-18 13:39:18 [ERROR] ^
2024-12-18 13:39:18 [ERROR] ^
2024-12-18 13:39:18 [ERROR] ^
2024-12-18 13:39:18 [ERROR] ^
2024-12-18 13:39:18 [ERROR] ^
2024-12-18 13:39:18 [ERROR] ^
2024-12-18 13:39:18 [ERROR] ^
2024-12-18 13:39:18 [ERROR] ^
2024-12-18 13:39:18 [ERROR] ^
2024-12-18 13:39:18 [ERROR] ^
2024-12-18 13:39:18 [ERROR] ^
2024-12-18 13:39:18 [ERROR] ^
2024-12-18 13:39:18 [ERROR] ^
2024-12-18 13:39:18 [ERROR] ^
2024-12-18 13:39:18 [ERROR] ^
2024-12-18 13:39:18 [ERROR] ^
2024-12-18 13:39:18 [ERROR] ^
2024-12-18 13:39:18 [ERROR] ^
2024-12-18 13:39:18 [ERROR] ^
2024-12-18 13:39:18 [ERROR] ^
2024-12-18 13:39:18 [ERROR] ^
2024-12-18 13:39:18 [ERROR] ^
2024-12-18 13:39:18 [ERROR] File "C:\Python312\Lib\site-packages\urllib3\connectionpool.py", line 873, in urlopen
2024-12-18 13:39:18 [ERROR] return self.urlopen(
2024-12-18 13:39:18 [ERROR] ^
2024-12-18 13:39:18 [ERROR] ^
2024-12-18 13:39:18 [ERROR] ^
2024-12-18 13:39:18 [ERROR] ^
2024-12-18 13:39:18 [ERROR] ^
2024-12-18 13:39:18 [ERROR] ^
2024-12-18 13:39:18 [ERROR] ^
2024-12-18 13:39:18 [ERROR] ^
2024-12-18 13:39:18 [ERROR] ^
2024-12-18 13:39:18 [ERROR] ^
2024-12-18 13:39:18 [ERROR] ^
2024-12-18 13:39:18 [ERROR] ^
2024-12-18 13:39:18 [ERROR] ^
2024-12-18 13:39:18 [ERROR] File "C:\Python312\Lib\site-packages\urllib3\connectionpool.py", line 873, in urlopen
2024-12-18 13:39:18 [ERROR] return self.urlopen(
2024-12-18 13:39:18 [ERROR] ^
2024-12-18 13:39:18 [ERROR] ^
2024-12-18 13:39:18 [ERROR] ^
2024-12-18 13:39:18 [ERROR] ^
2024-12-18 13:39:18 [ERROR] ^
2024-12-18 13:39:18 [ERROR] ^
2024-12-18 13:39:18 [ERROR] ^
2024-12-18 13:39:18 [ERROR] ^
2024-12-18 13:39:18 [ERROR] ^
2024-12-18 13:39:18 [ERROR] ^
2024-12-18 13:39:18 [ERROR] ^
2024-12-18 13:39:18 [ERROR] ^
2024-12-18 13:39:18 [ERROR] ^
2024-12-18 13:39:18 [ERROR] File "C:\Python312\Lib\site-packages\urllib3\connectionpool.py", line 873, in urlopen
2024-12-18 13:39:18 [ERROR] return self.urlopen(
2024-12-18 13:39:18 [ERROR] ^
2024-12-18 13:39:18 [ERROR] ^
2024-12-18 13:39:18 [ERROR] ^
2024-12-18 13:39:18 [ERROR] ^
2024-12-18 13:39:18 [ERROR] ^
2024-12-18 13:39:18 [ERROR] ^
2024-12-18 13:39:18 [ERROR] ^
2024-12-18 13:39:18 [ERROR] ^
2024-12-18 13:39:18 [ERROR] ^
2024-12-18 13:39:18 [ERROR] ^
2024-12-18 13:39:18 [ERROR] ^
2024-12-18 13:39:18 [ERROR] ^
2024-12-18 13:39:18 [ERROR] ^
2024-12-18 13:39:18 [ERROR] File "C:\Python312\Lib\site-packages\urllib3\connectionpool.py", line 843, in urlopen
2024-12-18 13:39:18 [ERROR] retries = retries.increment(
2024-12-18 13:39:18 [ERROR] ^
2024-12-18 13:39:18 [ERROR] ^
2024-12-18 13:39:18 [ERROR] ^
2024-12-18 13:39:18 [ERROR] ^
2024-12-18 13:39:18 [ERROR] ^
2024-12-18 13:39:18 [ERROR] ^
2024-12-18 13:39:18 [ERROR] ^
2024-12-18 13:39:18 [ERROR] ^
2024-12-18 13:39:18 [ERROR] ^
2024-12-18 13:39:18 [ERROR] ^
2024-12-18 13:39:18 [ERROR] ^
2024-12-18 13:39:18 [ERROR] ^
2024-12-18 13:39:18 [ERROR] ^
2024-12-18 13:39:18 [ERROR] ^
2024-12-18 13:39:18 [ERROR] ^
2024-12-18 13:39:18 [ERROR] ^
2024-12-18 13:39:18 [ERROR] ^
2024-12-18 13:39:18 [ERROR] ^
2024-12-18 13:39:18 [ERROR] File "C:\Python312\Lib\site-packages\urllib3\util\retry.py", line 519, in increment
2024-12-18 13:39:18 [ERROR] raise MaxRetryError(_pool, url, reason) from reason  # type: ignore[arg-type]
2024-12-18 13:39:18 [ERROR] ^
2024-12-18 13:39:18 [ERROR] ^
2024-12-18 13:39:18 [ERROR] ^
2024-12-18 13:39:18 [ERROR] ^
2024-12-18 13:39:18 [ERROR] ^
2024-12-18 13:39:18 [ERROR] ^
2024-12-18 13:39:18 [ERROR] ^
2024-12-18 13:39:18 [ERROR] ^
2024-12-18 13:39:18 [ERROR] ^
2024-12-18 13:39:18 [ERROR] ^
2024-12-18 13:39:18 [ERROR] ^
2024-12-18 13:39:18 [ERROR] ^
2024-12-18 13:39:18 [ERROR] ^
2024-12-18 13:39:18 [ERROR] ^
2024-12-18 13:39:18 [ERROR] ^
2024-12-18 13:39:18 [ERROR] ^
2024-12-18 13:39:18 [ERROR] ^
2024-12-18 13:39:18 [ERROR] ^
2024-12-18 13:39:18 [ERROR] ^
2024-12-18 13:39:18 [ERROR] ^
2024-12-18 13:39:18 [ERROR] ^
2024-12-18 13:39:18 [ERROR] ^
2024-12-18 13:39:18 [ERROR] ^
2024-12-18 13:39:18 [ERROR] ^
2024-12-18 13:39:18 [ERROR] ^
2024-12-18 13:39:18 [ERROR] ^
2024-12-18 13:39:18 [ERROR] ^
2024-12-18 13:39:18 [ERROR] ^
2024-12-18 13:39:18 [ERROR] ^
2024-12-18 13:39:18 [ERROR] ^
2024-12-18 13:39:18 [ERROR] ^
2024-12-18 13:39:18 [ERROR] ^
2024-12-18 13:39:18 [ERROR] ^
2024-12-18 13:39:18 [ERROR] ^
2024-12-18 13:39:18 [ERROR] ^
2024-12-18 13:39:18 [ERROR] ^
2024-12-18 13:39:18 [ERROR] ^
2024-12-18 13:39:18 [ERROR] ^
2024-12-18 13:39:18 [ERROR] ^
2024-12-18 13:39:18 [ERROR] ^
2024-12-18 13:39:18 [ERROR] ^
2024-12-18 13:39:18 [ERROR] ^
2024-12-18 13:39:18 [ERROR] ^
2024-12-18 13:39:18 [ERROR] ^
2024-12-18 13:39:18 [ERROR] ^
2024-12-18 13:39:18 [ERROR] ^
2024-12-18 13:39:18 [ERROR] ^
2024-12-18 13:39:18 [ERROR] ^
2024-12-18 13:39:18 [ERROR] ^
2024-12-18 13:39:18 [ERROR] ^
2024-12-18 13:39:18 [ERROR] ^
2024-12-18 13:39:18 [ERROR] urllib3.exceptions
2024-12-18 13:39:18 [ERROR] .
2024-12-18 13:39:18 [ERROR] MaxRetryError
2024-12-18 13:39:18 [ERROR] :
2024-12-18 13:39:18 [ERROR] HTTPConnectionPool(host='localhost', port=57516): Max retries exceeded with url: /session/6d2462a3-8ffa-4796-b1a0-92c15b30e707/element (Caused by NewConnectionError('<urllib3.connection.HTTPConnection object at 0x000002A1CEAB3F50>: Failed to establish a new connection: [WinError 10061] 無法連線，因為目標電腦拒絕連線。'))
2024-12-18 13:39:20 [INFO] Worker 13: 向下滑動: 274 像素，並等待 4.433592043352574 秒
2024-12-18 13:39:20 [INFO] Worker 14: 向下滑動: 396 像素，並等待 3.9546395663840475 秒
2024-12-18 13:39:20 [INFO] Worker 12: 帳號 66954958462 的任務已結束
2024-12-18 13:39:21 [INFO] Worker 9: 向下滑動: 357 像素，並等待 3.7552597081810397 秒
2024-12-18 13:39:22 [INFO] Worker 15: 向下滑動: 244 像素，並等待 4.235582697702305 秒
2024-12-18 13:39:23 [INFO] Worker 9: 帳號 66991704166 的任務已結束
2024-12-18 13:39:24 [INFO] Worker 13: 向下滑動: 335 像素，並等待 4.480560111544342 秒
2024-12-18 13:39:24 [INFO] Worker 14: 向下滑動: 293 像素，並等待 4.474286370311126 秒
2024-12-18 13:39:25 [INFO] Worker 15: 向下滑動: 271 像素，並等待 3.031074054460724 秒
2024-12-18 13:39:28 [INFO] Worker 14: 向下滑動: 241 像素，並等待 3.5084405109718024 秒
2024-12-18 13:39:29 [INFO] Worker 13: 向下滑動: 270 像素，並等待 4.793547979118047 秒
2024-12-18 13:39:29 [INFO] Worker 15: 向下滑動: 225 像素，並等待 4.286253707457801 秒
2024-12-18 13:39:32 [INFO] Worker 14: 向下滑動: 216 像素，並等待 3.8173922717871958 秒
2024-12-18 13:39:34 [INFO] Worker 13: 向下滑動: 331 像素，並等待 4.630967400386413 秒
2024-12-18 13:39:34 [INFO] Worker 15: 向下滑動: 350 像素，並等待 4.880105999452237 秒
2024-12-18 13:39:36 [INFO] Worker 14: 向下滑動: 299 像素，並等待 4.533643261405217 秒
2024-12-18 13:39:37 [INFO] Worker 13: 向下滑動: 343 像素，並等待 3.470811385960814 秒
2024-12-18 13:39:39 [INFO] Worker 15: 向下滑動: 345 像素，並等待 4.553453262678969 秒
2024-12-18 13:39:40 [INFO] Worker 13: 帳號 66804035563 的任務已結束
2024-12-18 13:39:41 [INFO] Worker 14: 向下滑動: 321 像素，並等待 4.480665066498265 秒
2024-12-18 13:39:41 [INFO] Worker 15: 帳號 66814785452 的任務已結束
2024-12-18 13:39:44 [INFO] Worker 14: 向下滑動: 254 像素，並等待 3.548058752162328 秒
2024-12-18 13:39:47 [INFO] Worker 14: 帳號 66823121944 的任務已結束
