2024-12-17 18:15:18 [INFO] 請選擇您要使用的 Excel 檔案...
2024-12-17 18:15:21 [INFO] 選擇的 Excel 檔案路徑：C:/Users/user/Desktop/SuChenAI/Factbook-RPA-clickurl/data/fb_account_data_test.xlsx
2024-12-17 18:15:21 [INFO] 請輸入最大多開數量 (1-10，預設為 1):
2024-12-17 18:15:24 [INFO] 最大多開數量已設定為：2
2024-12-17 18:15:24 [INFO] 螢幕寬度：2560，螢幕高度：1440，縮放比例：1.5
2024-12-17 18:15:24 [INFO] clicks : [{'url': 'https://www.facebook.com/share/18QgQ2Y2dz/', 'action': True}]
2024-12-17 18:15:24 [INFO] clicks : [{'url': 'https://www.facebook.com/share/18QgQ2Y2dz/', 'action': True}]
2024-12-17 18:15:24 [INFO] 發現以下錯誤，請修正後再重新執行：
2024-12-17 18:15:24 [INFO] [發文] 錯誤：第 2 列的第 2 組中發文文字和發文圖片皆為空，至少需要填入一項。
2024-12-17 18:15:24 [INFO] [發文] 錯誤：第 2 列的第 2 組中發文類型 'nan' 無效，僅允許 '個人' 或 '社團'。
2024-12-17 18:15:24 [INFO] [發文] 錯誤：第 2 列的第 2 組的發文操作 'nan' 無效，僅允許 'TRUE' 或 'FALSE'。
2024-12-17 18:15:24 [INFO] [發文] 錯誤：第 2 列的第 2 組的發文時間不能為空，請填寫正確的時間。
2024-12-17 18:15:24 [INFO] [發文] 錯誤：第 3 列的第 2 組中發文文字和發文圖片皆為空，至少需要填入一項。
2024-12-17 18:15:24 [INFO] [發文] 錯誤：第 3 列的第 2 組中發文類型 'nan' 無效，僅允許 '個人' 或 '社團'。
2024-12-17 18:15:24 [INFO] [發文] 錯誤：第 3 列的第 2 組的發文操作 'nan' 無效，僅允許 'TRUE' 或 'FALSE'。
2024-12-17 18:15:24 [INFO] [發文] 錯誤：第 3 列的第 2 組的發文時間不能為空，請填寫正確的時間。
2024-12-17 18:15:24 [INFO] [留言] 錯誤：第 2 列的第 2 組的 按讚操作 'NAN' 無效，僅允許 'TRUE' 或 'FALSE'。
2024-12-17 18:15:24 [INFO] [留言] 錯誤：第 2 列的第 2 組的 留言操作 'NAN' 無效，僅允許 'TRUE' 或 'FALSE'。
2024-12-17 18:15:24 [INFO] [留言] 錯誤：第 2 列的第 2 組的 分享操作 'NAN' 無效，僅允許 'TRUE' 或 'FALSE'。
2024-12-17 18:15:24 [INFO] [留言] 錯誤：第 2 列的第 2 組的留言時間不能為空，請填寫正確的時間。
2024-12-17 18:15:24 [INFO] [留言] 錯誤：第 2 列的第 2 組中留言網址為空。
2024-12-17 18:15:24 [INFO] [留言] 錯誤：第 3 列的第 2 組的 按讚操作 'NAN' 無效，僅允許 'TRUE' 或 'FALSE'。
2024-12-17 18:15:24 [INFO] [留言] 錯誤：第 3 列的第 2 組的 留言操作 'NAN' 無效，僅允許 'TRUE' 或 'FALSE'。
2024-12-17 18:15:24 [INFO] [留言] 錯誤：第 3 列的第 2 組的 分享操作 'NAN' 無效，僅允許 'TRUE' 或 'FALSE'。
2024-12-17 18:15:24 [INFO] [留言] 錯誤：第 3 列的第 2 組的留言時間不能為空，請填寫正確的時間。
2024-12-17 18:15:24 [INFO] [留言] 錯誤：第 3 列的第 2 組中留言網址為空。
2024-12-17 18:15:24 [ERROR] Traceback (most recent call last):
2024-12-17 18:15:24 [ERROR] File "c:\Users\user\Desktop\SuChenAI\Factbook-RPA-clickurl\main.py", line 6, in <module>
2024-12-17 18:15:24 [ERROR] facebook_controller()
2024-12-17 18:15:24 [ERROR] File "c:\Users\user\Desktop\SuChenAI\Factbook-RPA-clickurl\scripts\facebook_controller.py", line 187, in facebook_controller
2024-12-17 18:15:24 [ERROR] post_accounts, comment_accounts, crawl_accounts, click_accounts = data_loader.load_account_data()  # 加載帳號資料
2024-12-17 18:15:24 [ERROR] ^
2024-12-17 18:15:24 [ERROR] ^
2024-12-17 18:15:24 [ERROR] ^
2024-12-17 18:15:24 [ERROR] ^
2024-12-17 18:15:24 [ERROR] ^
2024-12-17 18:15:24 [ERROR] ^
2024-12-17 18:15:24 [ERROR] ^
2024-12-17 18:15:24 [ERROR] ^
2024-12-17 18:15:24 [ERROR] ^
2024-12-17 18:15:24 [ERROR] ^
2024-12-17 18:15:24 [ERROR] ^
2024-12-17 18:15:24 [ERROR] ^
2024-12-17 18:15:24 [ERROR] ^
2024-12-17 18:15:24 [ERROR] ^
2024-12-17 18:15:24 [ERROR] ^
2024-12-17 18:15:24 [ERROR] ^
2024-12-17 18:15:24 [ERROR] ^
2024-12-17 18:15:24 [ERROR] ^
2024-12-17 18:15:24 [ERROR] ^
2024-12-17 18:15:24 [ERROR] ^
2024-12-17 18:15:24 [ERROR] ^
2024-12-17 18:15:24 [ERROR] ^
2024-12-17 18:15:24 [ERROR] ^
2024-12-17 18:15:24 [ERROR] ^
2024-12-17 18:15:24 [ERROR] ^
2024-12-17 18:15:24 [ERROR] ^
2024-12-17 18:15:24 [ERROR] ^
2024-12-17 18:15:24 [ERROR] ^
2024-12-17 18:15:24 [ERROR] ^
2024-12-17 18:15:24 [ERROR] ^
2024-12-17 18:15:24 [ERROR] ^
2024-12-17 18:15:24 [ERROR] File "c:\Users\user\Desktop\SuChenAI\Factbook-RPA-clickurl\modules\data_loader.py", line 83, in load_account_data
2024-12-17 18:15:24 [ERROR] raise Exception("資料格式錯誤，程序已停止執行。")  # 拋出錯誤
2024-12-17 18:15:24 [ERROR] ^
2024-12-17 18:15:24 [ERROR] ^
2024-12-17 18:15:24 [ERROR] ^
2024-12-17 18:15:24 [ERROR] ^
2024-12-17 18:15:24 [ERROR] ^
2024-12-17 18:15:24 [ERROR] ^
2024-12-17 18:15:24 [ERROR] ^
2024-12-17 18:15:24 [ERROR] ^
2024-12-17 18:15:24 [ERROR] ^
2024-12-17 18:15:24 [ERROR] ^
2024-12-17 18:15:24 [ERROR] ^
2024-12-17 18:15:24 [ERROR] ^
2024-12-17 18:15:24 [ERROR] ^
2024-12-17 18:15:24 [ERROR] ^
2024-12-17 18:15:24 [ERROR] ^
2024-12-17 18:15:24 [ERROR] ^
2024-12-17 18:15:24 [ERROR] ^
2024-12-17 18:15:24 [ERROR] ^
2024-12-17 18:15:24 [ERROR] ^
2024-12-17 18:15:24 [ERROR] ^
2024-12-17 18:15:24 [ERROR] ^
2024-12-17 18:15:24 [ERROR] ^
2024-12-17 18:15:24 [ERROR] ^
2024-12-17 18:15:24 [ERROR] ^
2024-12-17 18:15:24 [ERROR] ^
2024-12-17 18:15:24 [ERROR] ^
2024-12-17 18:15:24 [ERROR] ^
2024-12-17 18:15:24 [ERROR] ^
2024-12-17 18:15:24 [ERROR] ^
2024-12-17 18:15:24 [ERROR] ^
2024-12-17 18:15:24 [ERROR] ^
2024-12-17 18:15:24 [ERROR] ^
2024-12-17 18:15:24 [ERROR] ^
2024-12-17 18:15:24 [ERROR] ^
2024-12-17 18:15:24 [ERROR] ^
2024-12-17 18:15:24 [ERROR] ^
2024-12-17 18:15:24 [ERROR] ^
2024-12-17 18:15:24 [ERROR] ^
2024-12-17 18:15:24 [ERROR] ^
2024-12-17 18:15:24 [ERROR] ^
2024-12-17 18:15:24 [ERROR] ^
2024-12-17 18:15:24 [ERROR] ^
2024-12-17 18:15:24 [ERROR] ^
2024-12-17 18:15:24 [ERROR] ^
2024-12-17 18:15:24 [ERROR] ^
2024-12-17 18:15:24 [ERROR] ^
2024-12-17 18:15:24 [ERROR] ^
2024-12-17 18:15:24 [ERROR] ^
2024-12-17 18:15:24 [ERROR] ^
2024-12-17 18:15:24 [ERROR] Exception
2024-12-17 18:15:24 [ERROR] :
2024-12-17 18:15:24 [ERROR] 資料格式錯誤，程序已停止執行。
