2024-12-17 16:49:30 [INFO] 請選擇您要使用的 Excel 檔案...
2024-12-17 16:49:33 [INFO] 選擇的 Excel 檔案路徑：C:/Users/user/Desktop/SuChenAI/Factbook-RPA-clickurl/data/fb_account_data.xlsx
2024-12-17 16:49:33 [INFO] 請輸入最大多開數量 (1-10，預設為 1):
2024-12-17 16:49:36 [INFO] 最大多開數量已設定為：10
2024-12-17 16:49:36 [INFO] 螢幕寬度：2560，螢幕高度：1440，縮放比例：1.5
2024-12-17 16:49:36 [INFO] clicks : [{'url': 'https://www.facebook.com/prestigetaiwan/posts/889301466651603', 'action': True}]
2024-12-17 16:49:36 [INFO] clicks : [{'url': 'https://www.facebook.com/prestigetaiwan/posts/889301466651603', 'action': True}]
2024-12-17 16:49:36 [INFO] clicks : [{'url': 'https://www.facebook.com/prestigetaiwan/posts/889301466651603', 'action': True}]
2024-12-17 16:49:36 [INFO] clicks : [{'url': 'https://www.facebook.com/prestigetaiwan/posts/889301466651603', 'action': True}]
2024-12-17 16:49:36 [INFO] clicks : [{'url': 'https://www.facebook.com/prestigetaiwan/posts/889301466651603', 'action': True}]
2024-12-17 16:49:36 [INFO] clicks : [{'url': 'https://www.facebook.com/prestigetaiwan/posts/889301466651603', 'action': True}]
2024-12-17 16:49:36 [INFO] clicks : [{'url': 'https://www.facebook.com/prestigetaiwan/posts/889301466651603', 'action': True}]
2024-12-17 16:49:36 [INFO] clicks : [{'url': 'https://www.facebook.com/prestigetaiwan/posts/889301466651603', 'action': True}]
2024-12-17 16:49:36 [INFO] clicks : [{'url': 'https://www.facebook.com/prestigetaiwan/posts/889301466651603', 'action': True}]
2024-12-17 16:49:36 [INFO] 開始處理點擊帳號...
2024-12-17 16:49:36 [INFO] Worker 1: 開始處理帳號 66634899161
2024-12-17 16:49:36 [INFO] Worker 2: 開始處理帳號 66637943259
2024-12-17 16:49:36 [INFO] Worker 3: 開始處理帳號 66619622845
2024-12-17 16:49:36 [INFO] Worker 4: 開始處理帳號 66935324825
2024-12-17 16:49:36 [INFO] Worker 5: 開始處理帳號 66990183891
2024-12-17 16:49:36 [INFO] Worker 6: 開始處理帳號 66823237283
2024-12-17 16:49:36 [INFO] Worker 7: 開始處理帳號 66991704166
2024-12-17 16:49:36 [INFO] Worker 8: 開始處理帳號 66646155782
2024-12-17 16:49:36 [INFO] Worker 9: 開始處理帳號 447387826081
2024-12-17 16:49:36 [INFO] 開始監控任務狀態...
2024-12-17 16:49:44 [INFO] Worker 3: 代理 kamoney03.ddns.net:24005 設置成功
2024-12-17 16:49:46 [INFO] Worker 6: 代理 kamoney03.ddns.net:24008 設置成功
2024-12-17 16:49:47 [INFO] Worker 4: 代理 kamoney03.ddns.net:24006 設置成功
2024-12-17 16:49:47 [INFO] Worker 3: Cookies 已加載成功: cookies\66619622845_cookies.json
2024-12-17 16:49:48 [INFO] Worker 2: 代理 kamoney03.ddns.net:24003 設置成功
2024-12-17 16:49:49 [INFO] Worker 6: Cookies 已加載成功: cookies\66823237283_cookies.json
2024-12-17 16:49:49 [INFO] Worker 4: Cookies 已加載成功: cookies\66935324825_cookies.json
2024-12-17 16:49:49 [INFO] Worker 8: 代理 kamoney03.ddns.net:24010 設置成功
2024-12-17 16:49:50 [INFO] Worker 2: Cookies 已加載成功: cookies\66637943259_cookies.json
2024-12-17 16:49:50 [INFO] Worker 5: 代理 kamoney03.ddns.net:24001 設置成功
2024-12-17 16:49:50 [INFO] Worker 3: 帳號 66619622845 使用 cookies 成功登入
2024-12-17 16:49:50 [INFO] Worker 3: 登錄成功，開始處理帳號 66619622845 的操作...
2024-12-17 16:49:50 [INFO] Worker 3: 開始點擊操作...
2024-12-17 16:49:50 [INFO] Worker 3: 正在開啟貼文: https://www.facebook.com/prestigetaiwan/posts/889301466651603
2024-12-17 16:49:51 [INFO] Worker 1: 代理 kamoney03.ddns.net:24004 設置成功
2024-12-17 16:49:52 [INFO] Worker 8: Cookies 已加載成功: cookies\66646155782_cookies.json
2024-12-17 16:49:53 [INFO] Worker 7: 代理 kamoney03.ddns.net:24009 設置成功
2024-12-17 16:49:53 [INFO] Worker 9: 代理 kamoney03.ddns.net:24001 設置成功
2024-12-17 16:49:54 [INFO] Worker 4: 帳號 66935324825 使用 cookies 成功登入
2024-12-17 16:49:54 [INFO] Worker 4: 登錄成功，開始處理帳號 66935324825 的操作...
2024-12-17 16:49:54 [INFO] Worker 4: 開始點擊操作...
2024-12-17 16:49:54 [INFO] Worker 4: 正在開啟貼文: https://www.facebook.com/prestigetaiwan/posts/889301466651603
2024-12-17 16:49:54 [INFO] Worker 1: Cookies 已加載成功: cookies\66634899161_cookies.json
2024-12-17 16:49:55 [INFO] Worker 7: Cookies 已加載成功: cookies\66991704166_cookies.json
2024-12-17 16:49:55 [INFO] Worker 6: 帳號 66823237283 使用 cookies 成功登入
2024-12-17 16:49:55 [INFO] Worker 6: 登錄成功，開始處理帳號 66823237283 的操作...
2024-12-17 16:49:55 [INFO] Worker 6: 開始點擊操作...
2024-12-17 16:49:55 [INFO] Worker 6: 正在開啟貼文: https://www.facebook.com/prestigetaiwan/posts/889301466651603
2024-12-17 16:49:55 [INFO] Worker 9: Cookies 已加載成功: cookies\447387826081_cookies.json
2024-12-17 16:49:56 [INFO] Worker 4 隨機停留 6 秒
2024-12-17 16:49:57 [INFO] Worker 2: 帳號 66637943259 使用 cookies 成功登入
2024-12-17 16:49:57 [INFO] Worker 2: 登錄成功，開始處理帳號 66637943259 的操作...
2024-12-17 16:49:57 [INFO] Worker 2: 開始點擊操作...
2024-12-17 16:49:57 [INFO] Worker 2: 正在開啟貼文: https://www.facebook.com/prestigetaiwan/posts/889301466651603
2024-12-17 16:49:57 [INFO] Worker 1: 帳號 66634899161 使用 cookies 成功登入
2024-12-17 16:49:57 [INFO] Worker 1: 登錄成功，開始處理帳號 66634899161 的操作...
2024-12-17 16:49:57 [INFO] Worker 1: 開始點擊操作...
2024-12-17 16:49:57 [INFO] Worker 1: 正在開啟貼文: https://www.facebook.com/prestigetaiwan/posts/889301466651603
2024-12-17 16:49:58 [INFO] Worker 8: 帳號 66646155782 使用 cookies 成功登入
2024-12-17 16:49:58 [INFO] Worker 8: 登錄成功，開始處理帳號 66646155782 的操作...
2024-12-17 16:49:58 [INFO] Worker 8: 開始點擊操作...
2024-12-17 16:49:58 [INFO] Worker 8: 正在開啟貼文: https://www.facebook.com/prestigetaiwan/posts/889301466651603
2024-12-17 16:49:58 [INFO] Worker 3 隨機停留 8 秒
2024-12-17 16:49:58 [INFO] Worker 9: 帳號 447387826081 使用 cookies 成功登入
2024-12-17 16:49:58 [INFO] Worker 9: 登錄成功，開始處理帳號 447387826081 的操作...
2024-12-17 16:49:58 [INFO] Worker 9: 開始點擊操作...
2024-12-17 16:49:58 [INFO] Worker 9: 正在開啟貼文: https://www.facebook.com/prestigetaiwan/posts/889301466651603
2024-12-17 16:49:59 [INFO] Worker 6 隨機停留 6 秒
2024-12-17 16:50:01 [INFO] Worker 1 隨機停留 7 秒
2024-12-17 16:50:02 [INFO] Worker 9 隨機停留 8 秒
2024-12-17 16:50:03 [INFO] Worker 2 隨機停留 7 秒
2024-12-17 16:50:04 [INFO] Worker 8 隨機停留 7 秒
2024-12-17 16:50:05 [INFO] Worker 6: 成功按讚
2024-12-17 16:50:05 [INFO] Worker 6 按讚後隨機停留 3 秒
2024-12-17 16:50:05 [INFO] Worker 7: 帳號 66991704166 使用 cookies 成功登入
2024-12-17 16:50:05 [INFO] Worker 7: 登錄成功，開始處理帳號 66991704166 的操作...
2024-12-17 16:50:05 [INFO] Worker 7: 開始點擊操作...
2024-12-17 16:50:05 [INFO] Worker 7: 正在開啟貼文: https://www.facebook.com/prestigetaiwan/posts/889301466651603
2024-12-17 16:50:06 [INFO] Worker 4: 成功按讚
2024-12-17 16:50:06 [INFO] Worker 4 按讚後隨機停留 5 秒
2024-12-17 16:50:06 [INFO] Worker 3: 成功按讚
2024-12-17 16:50:06 [INFO] Worker 3 按讚後隨機停留 3 秒
2024-12-17 16:50:09 [INFO] Worker 1: 成功按讚
2024-12-17 16:50:09 [INFO] Worker 1 按讚後隨機停留 5 秒
2024-12-17 16:50:10 [INFO] Worker 2: 成功按讚
2024-12-17 16:50:10 [INFO] Worker 2 按讚後隨機停留 4 秒
2024-12-17 16:50:11 [INFO] Worker 3 隨機停留時間: 78 秒
2024-12-17 16:50:11 [INFO] Worker 9: 成功按讚
2024-12-17 16:50:11 [INFO] Worker 9 按讚後隨機停留 5 秒
2024-12-17 16:50:11 [INFO] Worker 3: 向下滑動: 362 像素
2024-12-17 16:50:11 [INFO] Worker 6 隨機停留時間: 99 秒
2024-12-17 16:50:11 [INFO] Worker 6: 向下滑動: 286 像素
2024-12-17 16:50:11 [INFO] Worker 8: 成功按讚
2024-12-17 16:50:11 [INFO] Worker 8 按讚後隨機停留 5 秒
2024-12-17 16:50:13 [INFO] Worker 4 隨機停留時間: 103 秒
2024-12-17 16:50:13 [INFO] Worker 4: 向下滑動: 319 像素
2024-12-17 16:50:15 [INFO] Worker 6: 向下滑動: 329 像素
2024-12-17 16:50:16 [INFO] Worker 3: 向下滑動: 316 像素
2024-12-17 16:50:17 [INFO] Worker 9 隨機停留時間: 75 秒
2024-12-17 16:50:17 [INFO] Worker 9: 向下滑動: 334 像素
2024-12-17 16:50:17 [INFO] Worker 2 隨機停留時間: 87 秒
2024-12-17 16:50:17 [INFO] Worker 2: 向下滑動: 373 像素
2024-12-17 16:50:18 [INFO] Worker 7 隨機停留 8 秒
2024-12-17 16:50:18 [INFO] Worker 4: 向下滑動: 391 像素
2024-12-17 16:50:18 [INFO] Worker 1 隨機停留時間: 114 秒
2024-12-17 16:50:19 [INFO] Worker 1: 向下滑動: 312 像素
2024-12-17 16:50:20 [INFO] Worker 3: 向下滑動: 334 像素
2024-12-17 16:50:20 [INFO] Worker 8 隨機停留時間: 110 秒
2024-12-17 16:50:20 [INFO] Worker 8: 向下滑動: 357 像素
2024-12-17 16:50:20 [INFO] Worker 6: 向下滑動: 284 像素
2024-12-17 16:50:21 [INFO] Worker 2: 向下滑動: 228 像素
2024-12-17 16:50:22 [INFO] Worker 9: 向下滑動: 357 像素
2024-12-17 16:50:22 [INFO] Worker 4: 向下滑動: 366 像素
2024-12-17 16:50:23 [INFO] Worker 8: 向下滑動: 291 像素
2024-12-17 16:50:24 [INFO] Worker 6: 向下滑動: 275 像素
2024-12-17 16:50:24 [INFO] Worker 1: 向下滑動: 359 像素
2024-12-17 16:50:25 [INFO] Worker 3: 向下滑動: 302 像素
2024-12-17 16:50:25 [INFO] Worker 2: 向下滑動: 241 像素
2024-12-17 16:50:26 [INFO] Worker 9: 向下滑動: 212 像素
2024-12-17 16:50:26 [INFO] Worker 7: 成功按讚
2024-12-17 16:50:26 [INFO] Worker 7 按讚後隨機停留 4 秒
2024-12-17 16:50:27 [INFO] Worker 6: 向下滑動: 277 像素
2024-12-17 16:50:27 [INFO] Worker 8: 向下滑動: 335 像素
2024-12-17 16:50:27 [INFO] Worker 4: 向下滑動: 352 像素
2024-12-17 16:50:27 [INFO] Worker 1: 向下滑動: 332 像素
2024-12-17 16:50:30 [INFO] Worker 3: 向下滑動: 252 像素
2024-12-17 16:50:30 [INFO] Worker 2: 向下滑動: 330 像素
2024-12-17 16:50:30 [INFO] Worker 9: 向下滑動: 338 像素
2024-12-17 16:50:31 [INFO] Worker 7 隨機停留時間: 75 秒
2024-12-17 16:50:31 [INFO] Worker 7: 向下滑動: 361 像素
2024-12-17 16:50:31 [INFO] Worker 4: 向下滑動: 279 像素
2024-12-17 16:50:31 [INFO] Worker 8: 向下滑動: 387 像素
2024-12-17 16:50:32 [INFO] Worker 6: 向下滑動: 241 像素
2024-12-17 16:50:32 [INFO] Worker 1: 向下滑動: 398 像素
2024-12-17 16:50:33 [INFO] Worker 2: 向下滑動: 227 像素
2024-12-17 16:50:34 [INFO] Worker 9: 向下滑動: 233 像素
2024-12-17 16:50:34 [INFO] Worker 4: 向下滑動: 264 像素
2024-12-17 16:50:35 [INFO] Worker 3: 向下滑動: 391 像素
2024-12-17 16:50:36 [INFO] Worker 6: 向下滑動: 371 像素
2024-12-17 16:50:36 [INFO] Worker 7: 向下滑動: 361 像素
2024-12-17 16:50:36 [INFO] Worker 1: 向下滑動: 269 像素
2024-12-17 16:50:36 [INFO] Worker 8: 向下滑動: 216 像素
2024-12-17 16:50:37 [INFO] Worker 4: 向下滑動: 398 像素
2024-12-17 16:50:38 [INFO] Worker 9: 向下滑動: 397 像素
2024-12-17 16:50:38 [INFO] Worker 2: 向下滑動: 365 像素
2024-12-17 16:50:39 [INFO] Worker 3: 向下滑動: 283 像素
2024-12-17 16:50:39 [INFO] Worker 6: 向下滑動: 368 像素
2024-12-17 16:50:40 [INFO] Worker 7: 向下滑動: 204 像素
2024-12-17 16:50:40 [INFO] Worker 8: 向下滑動: 314 像素
2024-12-17 16:50:41 [INFO] Worker 1: 向下滑動: 229 像素
2024-12-17 16:50:42 [INFO] Worker 9: 向下滑動: 333 像素
2024-12-17 16:50:42 [INFO] Worker 4: 向下滑動: 202 像素
2024-12-17 16:50:43 [INFO] Worker 3: 向下滑動: 331 像素
2024-12-17 16:50:43 [INFO] Worker 2: 向下滑動: 225 像素
2024-12-17 16:50:44 [INFO] Worker 8: 向下滑動: 322 像素
2024-12-17 16:50:44 [INFO] Worker 6: 向下滑動: 362 像素
2024-12-17 16:50:44 [INFO] Worker 1: 向下滑動: 253 像素
2024-12-17 16:50:45 [INFO] Worker 7: 向下滑動: 214 像素
2024-12-17 16:50:45 [INFO] Worker 4: 向下滑動: 358 像素
2024-12-17 16:50:45 [INFO] Worker 9: 向下滑動: 361 像素
2024-12-17 16:50:46 [INFO] Worker 3: 向下滑動: 212 像素
2024-12-17 16:50:47 [INFO] Worker 8: 向下滑動: 228 像素
2024-12-17 16:50:48 [INFO] Worker 2: 向下滑動: 347 像素
2024-12-17 16:50:48 [INFO] Worker 1: 向下滑動: 276 像素
2024-12-17 16:50:48 [INFO] Worker 7: 向下滑動: 353 像素
2024-12-17 16:50:48 [INFO] Worker 9: 向下滑動: 335 像素
2024-12-17 16:50:49 [INFO] Worker 6: 向下滑動: 226 像素
2024-12-17 16:50:49 [INFO] Worker 3: 向下滑動: 215 像素
2024-12-17 16:50:50 [INFO] Worker 4: 向下滑動: 234 像素
2024-12-17 16:50:51 [INFO] Worker 8: 向下滑動: 333 像素
2024-12-17 16:50:51 [INFO] Worker 7: 向下滑動: 210 像素
2024-12-17 16:50:51 [INFO] Worker 1: 向下滑動: 270 像素
2024-12-17 16:50:52 [INFO] Worker 9: 向下滑動: 239 像素
2024-12-17 16:50:53 [INFO] Worker 2: 向下滑動: 310 像素
2024-12-17 16:50:53 [INFO] Worker 4: 向下滑動: 271 像素
2024-12-17 16:50:54 [INFO] Worker 8: 向下滑動: 385 像素
2024-12-17 16:50:54 [INFO] Worker 6: 向下滑動: 303 像素
2024-12-17 16:50:54 [INFO] Worker 3: 向下滑動: 251 像素
2024-12-17 16:50:54 [INFO] Worker 1: 向下滑動: 204 像素
2024-12-17 16:50:55 [INFO] Worker 7: 向下滑動: 302 像素
2024-12-17 16:50:56 [INFO] Worker 9: 向下滑動: 362 像素
2024-12-17 16:50:56 [INFO] Worker 2: 向下滑動: 336 像素
2024-12-17 16:50:57 [INFO] Worker 8: 向下滑動: 235 像素
2024-12-17 16:50:58 [INFO] Worker 4: 向下滑動: 335 像素
2024-12-17 16:50:58 [INFO] Worker 1: 向下滑動: 346 像素
2024-12-17 16:50:58 [INFO] Worker 6: 向下滑動: 397 像素
2024-12-17 16:50:58 [INFO] Worker 3: 向下滑動: 358 像素
2024-12-17 16:50:59 [INFO] Worker 7: 向下滑動: 262 像素
2024-12-17 16:51:00 [INFO] Worker 8: 向下滑動: 250 像素
2024-12-17 16:51:00 [INFO] Worker 9: 向下滑動: 322 像素
2024-12-17 16:51:01 [INFO] Worker 4: 向下滑動: 347 像素
2024-12-17 16:51:01 [INFO] Worker 2: 向下滑動: 322 像素
2024-12-17 16:51:02 [INFO] Worker 1: 向下滑動: 337 像素
2024-12-17 16:51:02 [INFO] Worker 6: 向下滑動: 234 像素
2024-12-17 16:51:02 [INFO] Worker 3: 向下滑動: 302 像素
2024-12-17 16:51:02 [INFO] Worker 7: 向下滑動: 245 像素
2024-12-17 16:51:04 [INFO] Worker 8: 向下滑動: 283 像素
2024-12-17 16:51:04 [INFO] Worker 9: 向下滑動: 270 像素
2024-12-17 16:51:04 [INFO] Worker 4: 向下滑動: 202 像素
2024-12-17 16:51:05 [INFO] Worker 2: 向下滑動: 387 像素
2024-12-17 16:51:06 [INFO] Worker 3: 向下滑動: 227 像素
2024-12-17 16:51:06 [INFO] Worker 6: 向下滑動: 288 像素
2024-12-17 16:51:06 [INFO] Worker 7: 向下滑動: 208 像素
2024-12-17 16:51:06 [INFO] Worker 1: 向下滑動: 351 像素
2024-12-17 16:51:07 [INFO] Worker 8: 向下滑動: 271 像素
2024-12-17 16:51:08 [INFO] Worker 4: 向下滑動: 283 像素
2024-12-17 16:51:09 [INFO] Worker 9: 向下滑動: 268 像素
2024-12-17 16:51:09 [INFO] Worker 7: 向下滑動: 235 像素
2024-12-17 16:51:10 [INFO] Worker 6: 向下滑動: 219 像素
2024-12-17 16:51:10 [INFO] Worker 2: 向下滑動: 232 像素
2024-12-17 16:51:10 [INFO] Worker 3: 向下滑動: 211 像素
2024-12-17 16:51:11 [INFO] Worker 1: 向下滑動: 398 像素
2024-12-17 16:51:12 [INFO] Worker 4: 向下滑動: 292 像素
2024-12-17 16:51:12 [INFO] Worker 8: 向下滑動: 261 像素
2024-12-17 16:51:13 [INFO] Worker 2: 向下滑動: 204 像素
2024-12-17 16:51:13 [INFO] Worker 9: 向下滑動: 205 像素
2024-12-17 16:51:14 [INFO] Worker 3: 向下滑動: 352 像素
2024-12-17 16:51:14 [INFO] Worker 6: 向下滑動: 281 像素
2024-12-17 16:51:14 [INFO] Worker 7: 向下滑動: 289 像素
2024-12-17 16:51:16 [INFO] Worker 1: 向下滑動: 283 像素
2024-12-17 16:51:17 [INFO] Worker 9: 向下滑動: 332 像素
2024-12-17 16:51:17 [INFO] Worker 4: 向下滑動: 315 像素
2024-12-17 16:51:17 [INFO] Worker 8: 向下滑動: 335 像素
2024-12-17 16:51:17 [INFO] Worker 2: 向下滑動: 378 像素
2024-12-17 16:51:18 [INFO] Worker 7: 向下滑動: 275 像素
2024-12-17 16:51:18 [INFO] Worker 6: 向下滑動: 238 像素
2024-12-17 16:51:19 [INFO] Worker 3: 向下滑動: 232 像素
2024-12-17 16:51:20 [INFO] Worker 1: 向下滑動: 358 像素
2024-12-17 16:51:20 [INFO] Worker 4: 向下滑動: 269 像素
2024-12-17 16:51:21 [INFO] Worker 7: 向下滑動: 292 像素
2024-12-17 16:51:21 [INFO] Worker 8: 向下滑動: 273 像素
2024-12-17 16:51:21 [INFO] Worker 2: 向下滑動: 266 像素
2024-12-17 16:51:21 [INFO] Worker 9: 向下滑動: 362 像素
2024-12-17 16:51:23 [INFO] Worker 6: 向下滑動: 294 像素
2024-12-17 16:51:23 [INFO] Worker 3: 向下滑動: 267 像素
2024-12-17 16:51:23 [INFO] Worker 1: 向下滑動: 359 像素
2024-12-17 16:51:24 [INFO] Worker 4: 向下滑動: 338 像素
2024-12-17 16:51:25 [INFO] Worker 9: 向下滑動: 242 像素
2024-12-17 16:51:25 [INFO] Worker 8: 向下滑動: 237 像素
2024-12-17 16:51:25 [INFO] Worker 2: 向下滑動: 282 像素
2024-12-17 16:51:25 [INFO] Worker 7: 向下滑動: 288 像素
2024-12-17 16:51:27 [INFO] Worker 6: 向下滑動: 259 像素
2024-12-17 16:51:27 [INFO] Worker 3: 向下滑動: 379 像素
2024-12-17 16:51:28 [INFO] Worker 1: 向下滑動: 236 像素
2024-12-17 16:51:28 [INFO] Worker 8: 向下滑動: 259 像素
2024-12-17 16:51:28 [INFO] Worker 2: 向下滑動: 384 像素
2024-12-17 16:51:28 [INFO] Worker 4: 向下滑動: 242 像素
2024-12-17 16:51:29 [INFO] Worker 9: 向下滑動: 240 像素
2024-12-17 16:51:30 [INFO] Worker 7: 向下滑動: 242 像素
2024-12-17 16:51:30 [INFO] Worker 6: 向下滑動: 366 像素
2024-12-17 16:51:32 [INFO] Worker 4: 向下滑動: 318 像素
2024-12-17 16:51:33 [INFO] Worker 8: 向下滑動: 202 像素
2024-12-17 16:51:33 [INFO] Worker 1: 向下滑動: 277 像素
2024-12-17 16:51:33 [INFO] Worker 2: 向下滑動: 200 像素
2024-12-17 16:51:33 [INFO] Worker 7: 向下滑動: 252 像素
2024-12-17 16:51:35 [INFO] Worker 6: 向下滑動: 240 像素
2024-12-17 16:51:36 [INFO] Worker 3: 帳號 66619622845 的任務已結束
2024-12-17 16:51:36 [INFO] Worker 1: 向下滑動: 266 像素
2024-12-17 16:51:36 [INFO] Worker 2: 向下滑動: 383 像素
2024-12-17 16:51:36 [INFO] Worker 7: 向下滑動: 388 像素
2024-12-17 16:51:37 [INFO] Worker 9: 帳號 447387826081 的任務已結束
2024-12-17 16:51:37 [INFO] Worker 8: 向下滑動: 333 像素
2024-12-17 16:51:37 [INFO] Worker 4: 向下滑動: 294 像素
2024-12-17 16:51:39 [INFO] Worker 6: 向下滑動: 223 像素
2024-12-17 16:51:39 [INFO] Worker 1: 向下滑動: 204 像素
2024-12-17 16:51:39 [INFO] Worker 7: 向下滑動: 243 像素
2024-12-17 16:51:41 [INFO] Worker 2: 向下滑動: 352 像素
2024-12-17 16:51:42 [INFO] Worker 8: 向下滑動: 225 像素
2024-12-17 16:51:42 [INFO] Worker 4: 向下滑動: 299 像素
2024-12-17 16:51:43 [INFO] Worker 6: 向下滑動: 240 像素
2024-12-17 16:51:43 [INFO] Worker 7: 向下滑動: 303 像素
2024-12-17 16:51:43 [INFO] Worker 1: 向下滑動: 394 像素
2024-12-17 16:51:45 [INFO] Worker 4: 向下滑動: 235 像素
2024-12-17 16:51:45 [INFO] Worker 8: 向下滑動: 348 像素
2024-12-17 16:51:47 [INFO] Worker 6: 向下滑動: 280 像素
2024-12-17 16:51:48 [INFO] Worker 1: 向下滑動: 208 像素
2024-12-17 16:51:48 [INFO] Worker 4: 向下滑動: 250 像素
2024-12-17 16:51:49 [INFO] Worker 2: 帳號 66637943259 的任務已結束
2024-12-17 16:51:49 [INFO] Worker 8: 向下滑動: 397 像素
2024-12-17 16:51:50 [INFO] Worker 7: 帳號 66991704166 的任務已結束
2024-12-17 16:51:50 [INFO] Worker 5: 帳號 66990183891 操作時發生錯誤: HTTPConnectionPool(host='localhost', port=52110): Read timed out. (read timeout=120)
2024-12-17 16:51:51 [INFO] Worker 1: 向下滑動: 285 像素
2024-12-17 16:51:51 [INFO] Worker 4: 向下滑動: 382 像素
2024-12-17 16:51:52 [INFO] Worker 8: 向下滑動: 264 像素
2024-12-17 16:51:54 [INFO] Worker 6: 帳號 66823237283 的任務已結束
2024-12-17 16:51:55 [INFO] Worker 8: 向下滑動: 228 像素
2024-12-17 16:51:55 [INFO] Worker 1: 向下滑動: 203 像素
2024-12-17 16:51:56 [INFO] Worker 4: 向下滑動: 311 像素
2024-12-17 16:51:59 [INFO] Worker 8: 向下滑動: 267 像素
2024-12-17 16:52:00 [INFO] Worker 1: 向下滑動: 375 像素
2024-12-17 16:52:03 [INFO] Worker 4: 帳號 66935324825 的任務已結束
2024-12-17 16:52:03 [INFO] Worker 8: 向下滑動: 275 像素
2024-12-17 16:52:04 [ERROR] Exception in thread
2024-12-17 16:52:04 [ERROR] TaskMonitor-click
2024-12-17 16:52:04 [ERROR] :
2024-12-17 16:52:04 [ERROR] Traceback (most recent call last):
2024-12-17 16:52:04 [ERROR] File "C:\Python312\Lib\site-packages\urllib3\connectionpool.py", line 536, in _make_request
2024-12-17 16:52:04 [ERROR] response = conn.getresponse()
2024-12-17 16:52:04 [ERROR] ^
2024-12-17 16:52:04 [ERROR] ^
2024-12-17 16:52:04 [ERROR] ^
2024-12-17 16:52:04 [ERROR] ^
2024-12-17 16:52:04 [ERROR] ^
2024-12-17 16:52:04 [ERROR] ^
2024-12-17 16:52:04 [ERROR] ^
2024-12-17 16:52:04 [ERROR] ^
2024-12-17 16:52:04 [ERROR] ^
2024-12-17 16:52:04 [ERROR] ^
2024-12-17 16:52:04 [ERROR] ^
2024-12-17 16:52:04 [ERROR] ^
2024-12-17 16:52:04 [ERROR] ^
2024-12-17 16:52:04 [ERROR] ^
2024-12-17 16:52:04 [ERROR] ^
2024-12-17 16:52:04 [ERROR] ^
2024-12-17 16:52:04 [ERROR] ^
2024-12-17 16:52:04 [ERROR] ^
2024-12-17 16:52:04 [ERROR] File "C:\Python312\Lib\site-packages\urllib3\connection.py", line 507, in getresponse
2024-12-17 16:52:04 [ERROR] httplib_response = super().getresponse()
2024-12-17 16:52:04 [ERROR] ^
2024-12-17 16:52:04 [ERROR] ^
2024-12-17 16:52:04 [ERROR] ^
2024-12-17 16:52:04 [ERROR] ^
2024-12-17 16:52:04 [ERROR] ^
2024-12-17 16:52:04 [ERROR] ^
2024-12-17 16:52:04 [ERROR] ^
2024-12-17 16:52:04 [ERROR] ^
2024-12-17 16:52:04 [ERROR] ^
2024-12-17 16:52:04 [ERROR] ^
2024-12-17 16:52:04 [ERROR] ^
2024-12-17 16:52:04 [ERROR] ^
2024-12-17 16:52:04 [ERROR] ^
2024-12-17 16:52:04 [ERROR] ^
2024-12-17 16:52:04 [ERROR] ^
2024-12-17 16:52:04 [ERROR] ^
2024-12-17 16:52:04 [ERROR] ^
2024-12-17 16:52:04 [ERROR] ^
2024-12-17 16:52:04 [ERROR] ^
2024-12-17 16:52:04 [ERROR] ^
2024-12-17 16:52:04 [ERROR] ^
2024-12-17 16:52:04 [ERROR] File "C:\Python312\Lib\http\client.py", line 1428, in getresponse
2024-12-17 16:52:04 [ERROR] response.begin()
2024-12-17 16:52:04 [ERROR] File "C:\Python312\Lib\http\client.py", line 331, in begin
2024-12-17 16:52:04 [ERROR] version, status, reason = self._read_status()
2024-12-17 16:52:04 [ERROR] ^
2024-12-17 16:52:04 [ERROR] ^
2024-12-17 16:52:04 [ERROR] ^
2024-12-17 16:52:04 [ERROR] ^
2024-12-17 16:52:04 [ERROR] ^
2024-12-17 16:52:04 [ERROR] ^
2024-12-17 16:52:04 [ERROR] ^
2024-12-17 16:52:04 [ERROR] ^
2024-12-17 16:52:04 [ERROR] ^
2024-12-17 16:52:04 [ERROR] ^
2024-12-17 16:52:04 [ERROR] ^
2024-12-17 16:52:04 [ERROR] ^
2024-12-17 16:52:04 [ERROR] ^
2024-12-17 16:52:04 [ERROR] ^
2024-12-17 16:52:04 [ERROR] ^
2024-12-17 16:52:04 [ERROR] ^
2024-12-17 16:52:04 [ERROR] ^
2024-12-17 16:52:04 [ERROR] ^
2024-12-17 16:52:04 [ERROR] ^
2024-12-17 16:52:04 [ERROR] File "C:\Python312\Lib\http\client.py", line 292, in _read_status
2024-12-17 16:52:04 [ERROR] line = str(self.fp.readline(_MAXLINE + 1), "iso-8859-1")
2024-12-17 16:52:04 [ERROR] ^
2024-12-17 16:52:04 [ERROR] ^
2024-12-17 16:52:04 [ERROR] ^
2024-12-17 16:52:04 [ERROR] ^
2024-12-17 16:52:04 [ERROR] ^
2024-12-17 16:52:04 [ERROR] ^
2024-12-17 16:52:04 [ERROR] ^
2024-12-17 16:52:04 [ERROR] ^
2024-12-17 16:52:04 [ERROR] ^
2024-12-17 16:52:04 [ERROR] ^
2024-12-17 16:52:04 [ERROR] ^
2024-12-17 16:52:04 [ERROR] ^
2024-12-17 16:52:04 [ERROR] ^
2024-12-17 16:52:04 [ERROR] ^
2024-12-17 16:52:04 [ERROR] ^
2024-12-17 16:52:04 [ERROR] ^
2024-12-17 16:52:04 [ERROR] ^
2024-12-17 16:52:04 [ERROR] ^
2024-12-17 16:52:04 [ERROR] ^
2024-12-17 16:52:04 [ERROR] ^
2024-12-17 16:52:04 [ERROR] ^
2024-12-17 16:52:04 [ERROR] ^
2024-12-17 16:52:04 [ERROR] ^
2024-12-17 16:52:04 [ERROR] ^
2024-12-17 16:52:04 [ERROR] ^
2024-12-17 16:52:04 [ERROR] ^
2024-12-17 16:52:04 [ERROR] ^
2024-12-17 16:52:04 [ERROR] ^
2024-12-17 16:52:04 [ERROR] ^
2024-12-17 16:52:04 [ERROR] ^
2024-12-17 16:52:04 [ERROR] File "C:\Python312\Lib\socket.py", line 707, in readinto
2024-12-17 16:52:04 [ERROR] return self._sock.recv_into(b)
2024-12-17 16:52:04 [ERROR] ^
2024-12-17 16:52:04 [ERROR] ^
2024-12-17 16:52:04 [ERROR] ^
2024-12-17 16:52:04 [ERROR] ^
2024-12-17 16:52:04 [ERROR] ^
2024-12-17 16:52:04 [ERROR] ^
2024-12-17 16:52:04 [ERROR] ^
2024-12-17 16:52:04 [ERROR] ^
2024-12-17 16:52:04 [ERROR] ^
2024-12-17 16:52:04 [ERROR] ^
2024-12-17 16:52:04 [ERROR] ^
2024-12-17 16:52:04 [ERROR] ^
2024-12-17 16:52:04 [ERROR] ^
2024-12-17 16:52:04 [ERROR] ^
2024-12-17 16:52:04 [ERROR] ^
2024-12-17 16:52:04 [ERROR] ^
2024-12-17 16:52:04 [ERROR] ^
2024-12-17 16:52:04 [ERROR] ^
2024-12-17 16:52:04 [ERROR] ^
2024-12-17 16:52:04 [ERROR] ^
2024-12-17 16:52:04 [ERROR] ^
2024-12-17 16:52:04 [ERROR] ^
2024-12-17 16:52:04 [ERROR] ^
2024-12-17 16:52:04 [ERROR] TimeoutError
2024-12-17 16:52:04 [ERROR] :
2024-12-17 16:52:04 [ERROR] timed out
2024-12-17 16:52:04 [ERROR] The above exception was the direct cause of the following exception:
2024-12-17 16:52:04 [ERROR] Traceback (most recent call last):
2024-12-17 16:52:04 [ERROR] File "C:\Python312\Lib\threading.py", line 1073, in _bootstrap_inner
2024-12-17 16:52:04 [ERROR] self.run()
2024-12-17 16:52:04 [ERROR] File "C:\Python312\Lib\threading.py", line 1010, in run
2024-12-17 16:52:04 [ERROR] self._target(*self._args, **self._kwargs)
2024-12-17 16:52:04 [ERROR] File "c:\Users\user\Desktop\SuChenAI\Factbook-RPA-clickurl\modules\task_monitor.py", line 29, in run
2024-12-17 16:52:04 [ERROR] self.check_for_unexpected_behavior(task_id, status)  # 檢查是否有非預期行為
2024-12-17 16:52:04 [ERROR] ^
2024-12-17 16:52:04 [ERROR] ^
2024-12-17 16:52:04 [ERROR] ^
2024-12-17 16:52:04 [ERROR] ^
2024-12-17 16:52:04 [ERROR] ^
2024-12-17 16:52:04 [ERROR] ^
2024-12-17 16:52:04 [ERROR] ^
2024-12-17 16:52:04 [ERROR] ^
2024-12-17 16:52:04 [ERROR] ^
2024-12-17 16:52:04 [ERROR] ^
2024-12-17 16:52:04 [ERROR] ^
2024-12-17 16:52:04 [ERROR] ^
2024-12-17 16:52:04 [ERROR] ^
2024-12-17 16:52:04 [ERROR] ^
2024-12-17 16:52:04 [ERROR] ^
2024-12-17 16:52:04 [ERROR] ^
2024-12-17 16:52:04 [ERROR] ^
2024-12-17 16:52:04 [ERROR] ^
2024-12-17 16:52:04 [ERROR] ^
2024-12-17 16:52:04 [ERROR] ^
2024-12-17 16:52:04 [ERROR] ^
2024-12-17 16:52:04 [ERROR] ^
2024-12-17 16:52:04 [ERROR] ^
2024-12-17 16:52:04 [ERROR] ^
2024-12-17 16:52:04 [ERROR] ^
2024-12-17 16:52:04 [ERROR] ^
2024-12-17 16:52:04 [ERROR] ^
2024-12-17 16:52:04 [ERROR] ^
2024-12-17 16:52:04 [ERROR] ^
2024-12-17 16:52:04 [ERROR] ^
2024-12-17 16:52:04 [ERROR] ^
2024-12-17 16:52:04 [ERROR] ^
2024-12-17 16:52:04 [ERROR] ^
2024-12-17 16:52:04 [ERROR] ^
2024-12-17 16:52:04 [ERROR] ^
2024-12-17 16:52:04 [ERROR] ^
2024-12-17 16:52:04 [ERROR] ^
2024-12-17 16:52:04 [ERROR] ^
2024-12-17 16:52:04 [ERROR] ^
2024-12-17 16:52:04 [ERROR] ^
2024-12-17 16:52:04 [ERROR] ^
2024-12-17 16:52:04 [ERROR] ^
2024-12-17 16:52:04 [ERROR] ^
2024-12-17 16:52:04 [ERROR] ^
2024-12-17 16:52:04 [ERROR] ^
2024-12-17 16:52:04 [ERROR] ^
2024-12-17 16:52:04 [ERROR] ^
2024-12-17 16:52:04 [ERROR] ^
2024-12-17 16:52:04 [ERROR] ^
2024-12-17 16:52:04 [ERROR] ^
2024-12-17 16:52:04 [ERROR] ^
2024-12-17 16:52:04 [ERROR] File "c:\Users\user\Desktop\SuChenAI\Factbook-RPA-clickurl\modules\task_monitor.py", line 80, in check_for_unexpected_behavior
2024-12-17 16:52:04 [ERROR] WebDriverWait(driver, 0.01).until(
2024-12-17 16:52:04 [ERROR] File "C:\Python312\Lib\site-packages\selenium\webdriver\support\wait.py", line 96, in until
2024-12-17 16:52:04 [ERROR] value = method(self._driver)
2024-12-17 16:52:04 [ERROR] ^
2024-12-17 16:52:04 [ERROR] ^
2024-12-17 16:52:04 [ERROR] ^
2024-12-17 16:52:04 [ERROR] ^
2024-12-17 16:52:04 [ERROR] ^
2024-12-17 16:52:04 [ERROR] ^
2024-12-17 16:52:04 [ERROR] ^
2024-12-17 16:52:04 [ERROR] ^
2024-12-17 16:52:04 [ERROR] ^
2024-12-17 16:52:04 [ERROR] ^
2024-12-17 16:52:04 [ERROR] ^
2024-12-17 16:52:04 [ERROR] ^
2024-12-17 16:52:04 [ERROR] ^
2024-12-17 16:52:04 [ERROR] ^
2024-12-17 16:52:04 [ERROR] ^
2024-12-17 16:52:04 [ERROR] ^
2024-12-17 16:52:04 [ERROR] ^
2024-12-17 16:52:04 [ERROR] ^
2024-12-17 16:52:04 [ERROR] ^
2024-12-17 16:52:04 [ERROR] ^
2024-12-17 16:52:04 [ERROR] File "C:\Python312\Lib\site-packages\selenium\webdriver\support\expected_conditions.py", line 84, in _predicate
2024-12-17 16:52:04 [ERROR] return driver.find_element(*locator)
2024-12-17 16:52:04 [ERROR] ^
2024-12-17 16:52:04 [ERROR] ^
2024-12-17 16:52:04 [ERROR] ^
2024-12-17 16:52:04 [ERROR] ^
2024-12-17 16:52:04 [ERROR] ^
2024-12-17 16:52:04 [ERROR] ^
2024-12-17 16:52:04 [ERROR] ^
2024-12-17 16:52:04 [ERROR] ^
2024-12-17 16:52:04 [ERROR] ^
2024-12-17 16:52:04 [ERROR] ^
2024-12-17 16:52:04 [ERROR] ^
2024-12-17 16:52:04 [ERROR] ^
2024-12-17 16:52:04 [ERROR] ^
2024-12-17 16:52:04 [ERROR] ^
2024-12-17 16:52:04 [ERROR] ^
2024-12-17 16:52:04 [ERROR] ^
2024-12-17 16:52:04 [ERROR] ^
2024-12-17 16:52:04 [ERROR] ^
2024-12-17 16:52:04 [ERROR] ^
2024-12-17 16:52:04 [ERROR] ^
2024-12-17 16:52:04 [ERROR] ^
2024-12-17 16:52:04 [ERROR] ^
2024-12-17 16:52:04 [ERROR] ^
2024-12-17 16:52:04 [ERROR] ^
2024-12-17 16:52:04 [ERROR] ^
2024-12-17 16:52:04 [ERROR] ^
2024-12-17 16:52:04 [ERROR] ^
2024-12-17 16:52:04 [ERROR] ^
2024-12-17 16:52:04 [ERROR] ^
2024-12-17 16:52:04 [ERROR] File "C:\Python312\Lib\site-packages\selenium\webdriver\remote\webdriver.py", line 770, in find_element
2024-12-17 16:52:04 [ERROR] return self.execute(Command.FIND_ELEMENT, {"using": by, "value": value})["value"]
2024-12-17 16:52:04 [ERROR] ^
2024-12-17 16:52:04 [ERROR] ^
2024-12-17 16:52:04 [ERROR] ^
2024-12-17 16:52:04 [ERROR] ^
2024-12-17 16:52:04 [ERROR] ^
2024-12-17 16:52:04 [ERROR] ^
2024-12-17 16:52:04 [ERROR] ^
2024-12-17 16:52:04 [ERROR] ^
2024-12-17 16:52:04 [ERROR] ^
2024-12-17 16:52:04 [ERROR] ^
2024-12-17 16:52:04 [ERROR] ^
2024-12-17 16:52:04 [ERROR] ^
2024-12-17 16:52:04 [ERROR] ^
2024-12-17 16:52:04 [ERROR] ^
2024-12-17 16:52:04 [ERROR] ^
2024-12-17 16:52:04 [ERROR] ^
2024-12-17 16:52:04 [ERROR] ^
2024-12-17 16:52:04 [ERROR] ^
2024-12-17 16:52:04 [ERROR] ^
2024-12-17 16:52:04 [ERROR] ^
2024-12-17 16:52:04 [ERROR] ^
2024-12-17 16:52:04 [ERROR] ^
2024-12-17 16:52:04 [ERROR] ^
2024-12-17 16:52:04 [ERROR] ^
2024-12-17 16:52:04 [ERROR] ^
2024-12-17 16:52:04 [ERROR] ^
2024-12-17 16:52:04 [ERROR] ^
2024-12-17 16:52:04 [ERROR] ^
2024-12-17 16:52:04 [ERROR] ^
2024-12-17 16:52:04 [ERROR] ^
2024-12-17 16:52:04 [ERROR] ^
2024-12-17 16:52:04 [ERROR] ^
2024-12-17 16:52:04 [ERROR] ^
2024-12-17 16:52:04 [ERROR] ^
2024-12-17 16:52:04 [ERROR] ^
2024-12-17 16:52:04 [ERROR] ^
2024-12-17 16:52:04 [ERROR] ^
2024-12-17 16:52:04 [ERROR] ^
2024-12-17 16:52:04 [ERROR] ^
2024-12-17 16:52:04 [ERROR] ^
2024-12-17 16:52:04 [ERROR] ^
2024-12-17 16:52:04 [ERROR] ^
2024-12-17 16:52:04 [ERROR] ^
2024-12-17 16:52:04 [ERROR] ^
2024-12-17 16:52:04 [ERROR] ^
2024-12-17 16:52:04 [ERROR] ^
2024-12-17 16:52:04 [ERROR] ^
2024-12-17 16:52:04 [ERROR] ^
2024-12-17 16:52:04 [ERROR] ^
2024-12-17 16:52:04 [ERROR] ^
2024-12-17 16:52:04 [ERROR] ^
2024-12-17 16:52:04 [ERROR] ^
2024-12-17 16:52:04 [ERROR] ^
2024-12-17 16:52:04 [ERROR] ^
2024-12-17 16:52:04 [ERROR] ^
2024-12-17 16:52:04 [ERROR] ^
2024-12-17 16:52:04 [ERROR] ^
2024-12-17 16:52:04 [ERROR] ^
2024-12-17 16:52:04 [ERROR] ^
2024-12-17 16:52:04 [ERROR] ^
2024-12-17 16:52:04 [ERROR] ^
2024-12-17 16:52:04 [ERROR] ^
2024-12-17 16:52:04 [ERROR] ^
2024-12-17 16:52:04 [ERROR] ^
2024-12-17 16:52:04 [ERROR] ^
2024-12-17 16:52:04 [ERROR] File "C:\Python312\Lib\site-packages\selenium\webdriver\remote\webdriver.py", line 382, in execute
2024-12-17 16:52:04 [ERROR] response = self.command_executor.execute(driver_command, params)
2024-12-17 16:52:04 [ERROR] ^
2024-12-17 16:52:04 [ERROR] ^
2024-12-17 16:52:04 [ERROR] ^
2024-12-17 16:52:04 [ERROR] ^
2024-12-17 16:52:04 [ERROR] ^
2024-12-17 16:52:04 [ERROR] ^
2024-12-17 16:52:04 [ERROR] ^
2024-12-17 16:52:04 [ERROR] ^
2024-12-17 16:52:04 [ERROR] ^
2024-12-17 16:52:04 [ERROR] ^
2024-12-17 16:52:04 [ERROR] ^
2024-12-17 16:52:04 [ERROR] ^
2024-12-17 16:52:04 [ERROR] ^
2024-12-17 16:52:04 [ERROR] ^
2024-12-17 16:52:04 [ERROR] ^
2024-12-17 16:52:04 [ERROR] ^
2024-12-17 16:52:04 [ERROR] ^
2024-12-17 16:52:04 [ERROR] ^
2024-12-17 16:52:04 [ERROR] ^
2024-12-17 16:52:04 [ERROR] ^
2024-12-17 16:52:04 [ERROR] ^
2024-12-17 16:52:04 [ERROR] ^
2024-12-17 16:52:04 [ERROR] ^
2024-12-17 16:52:04 [ERROR] ^
2024-12-17 16:52:04 [ERROR] ^
2024-12-17 16:52:04 [ERROR] ^
2024-12-17 16:52:04 [ERROR] ^
2024-12-17 16:52:04 [ERROR] ^
2024-12-17 16:52:04 [ERROR] ^
2024-12-17 16:52:04 [ERROR] ^
2024-12-17 16:52:04 [ERROR] ^
2024-12-17 16:52:04 [ERROR] ^
2024-12-17 16:52:04 [ERROR] ^
2024-12-17 16:52:04 [ERROR] ^
2024-12-17 16:52:04 [ERROR] ^
2024-12-17 16:52:04 [ERROR] ^
2024-12-17 16:52:04 [ERROR] ^
2024-12-17 16:52:04 [ERROR] ^
2024-12-17 16:52:04 [ERROR] ^
2024-12-17 16:52:04 [ERROR] ^
2024-12-17 16:52:04 [ERROR] ^
2024-12-17 16:52:04 [ERROR] ^
2024-12-17 16:52:04 [ERROR] ^
2024-12-17 16:52:04 [ERROR] ^
2024-12-17 16:52:04 [ERROR] ^
2024-12-17 16:52:04 [ERROR] ^
2024-12-17 16:52:04 [ERROR] ^
2024-12-17 16:52:04 [ERROR] ^
2024-12-17 16:52:04 [ERROR] ^
2024-12-17 16:52:04 [ERROR] ^
2024-12-17 16:52:04 [ERROR] ^
2024-12-17 16:52:04 [ERROR] ^
2024-12-17 16:52:04 [ERROR] ^
2024-12-17 16:52:04 [ERROR] File "C:\Python312\Lib\site-packages\selenium\webdriver\remote\remote_connection.py", line 404, in execute
2024-12-17 16:52:04 [ERROR] return self._request(command_info[0], url, body=data)
2024-12-17 16:52:04 [ERROR] ^
2024-12-17 16:52:04 [ERROR] ^
2024-12-17 16:52:04 [ERROR] ^
2024-12-17 16:52:04 [ERROR] ^
2024-12-17 16:52:04 [ERROR] ^
2024-12-17 16:52:04 [ERROR] ^
2024-12-17 16:52:04 [ERROR] ^
2024-12-17 16:52:04 [ERROR] ^
2024-12-17 16:52:04 [ERROR] ^
2024-12-17 16:52:04 [ERROR] ^
2024-12-17 16:52:04 [ERROR] ^
2024-12-17 16:52:04 [ERROR] ^
2024-12-17 16:52:04 [ERROR] ^
2024-12-17 16:52:04 [ERROR] ^
2024-12-17 16:52:04 [ERROR] ^
2024-12-17 16:52:04 [ERROR] ^
2024-12-17 16:52:04 [ERROR] ^
2024-12-17 16:52:04 [ERROR] ^
2024-12-17 16:52:04 [ERROR] ^
2024-12-17 16:52:04 [ERROR] ^
2024-12-17 16:52:04 [ERROR] ^
2024-12-17 16:52:04 [ERROR] ^
2024-12-17 16:52:04 [ERROR] ^
2024-12-17 16:52:04 [ERROR] ^
2024-12-17 16:52:04 [ERROR] ^
2024-12-17 16:52:04 [ERROR] ^
2024-12-17 16:52:04 [ERROR] ^
2024-12-17 16:52:04 [ERROR] ^
2024-12-17 16:52:04 [ERROR] ^
2024-12-17 16:52:04 [ERROR] ^
2024-12-17 16:52:04 [ERROR] ^
2024-12-17 16:52:04 [ERROR] ^
2024-12-17 16:52:04 [ERROR] ^
2024-12-17 16:52:04 [ERROR] ^
2024-12-17 16:52:04 [ERROR] ^
2024-12-17 16:52:04 [ERROR] ^
2024-12-17 16:52:04 [ERROR] ^
2024-12-17 16:52:04 [ERROR] ^
2024-12-17 16:52:04 [ERROR] ^
2024-12-17 16:52:04 [ERROR] ^
2024-12-17 16:52:04 [ERROR] ^
2024-12-17 16:52:04 [ERROR] ^
2024-12-17 16:52:04 [ERROR] ^
2024-12-17 16:52:04 [ERROR] ^
2024-12-17 16:52:04 [ERROR] ^
2024-12-17 16:52:04 [ERROR] ^
2024-12-17 16:52:04 [ERROR] File "C:\Python312\Lib\site-packages\selenium\webdriver\remote\remote_connection.py", line 428, in _request
2024-12-17 16:52:04 [ERROR] response = self._conn.request(method, url, body=body, headers=headers, timeout=self._client_config.timeout)
2024-12-17 16:52:04 [ERROR] ^
2024-12-17 16:52:04 [ERROR] ^
2024-12-17 16:52:04 [ERROR] ^
2024-12-17 16:52:04 [ERROR] ^
2024-12-17 16:52:04 [ERROR] ^
2024-12-17 16:52:04 [ERROR] ^
2024-12-17 16:52:04 [ERROR] ^
2024-12-17 16:52:04 [ERROR] ^
2024-12-17 16:52:04 [ERROR] ^
2024-12-17 16:52:04 [ERROR] ^
2024-12-17 16:52:04 [ERROR] ^
2024-12-17 16:52:04 [ERROR] ^
2024-12-17 16:52:04 [ERROR] ^
2024-12-17 16:52:04 [ERROR] ^
2024-12-17 16:52:04 [ERROR] ^
2024-12-17 16:52:04 [ERROR] ^
2024-12-17 16:52:04 [ERROR] ^
2024-12-17 16:52:04 [ERROR] ^
2024-12-17 16:52:04 [ERROR] ^
2024-12-17 16:52:04 [ERROR] ^
2024-12-17 16:52:04 [ERROR] ^
2024-12-17 16:52:04 [ERROR] ^
2024-12-17 16:52:04 [ERROR] ^
2024-12-17 16:52:04 [ERROR] ^
2024-12-17 16:52:04 [ERROR] ^
2024-12-17 16:52:04 [ERROR] ^
2024-12-17 16:52:04 [ERROR] ^
2024-12-17 16:52:04 [ERROR] ^
2024-12-17 16:52:04 [ERROR] ^
2024-12-17 16:52:04 [ERROR] ^
2024-12-17 16:52:04 [ERROR] ^
2024-12-17 16:52:04 [ERROR] ^
2024-12-17 16:52:04 [ERROR] ^
2024-12-17 16:52:04 [ERROR] ^
2024-12-17 16:52:04 [ERROR] ^
2024-12-17 16:52:04 [ERROR] ^
2024-12-17 16:52:04 [ERROR] ^
2024-12-17 16:52:04 [ERROR] ^
2024-12-17 16:52:04 [ERROR] ^
2024-12-17 16:52:04 [ERROR] ^
2024-12-17 16:52:04 [ERROR] ^
2024-12-17 16:52:04 [ERROR] ^
2024-12-17 16:52:04 [ERROR] ^
2024-12-17 16:52:04 [ERROR] ^
2024-12-17 16:52:04 [ERROR] ^
2024-12-17 16:52:04 [ERROR] ^
2024-12-17 16:52:04 [ERROR] ^
2024-12-17 16:52:04 [ERROR] ^
2024-12-17 16:52:04 [ERROR] ^
2024-12-17 16:52:04 [ERROR] ^
2024-12-17 16:52:04 [ERROR] ^
2024-12-17 16:52:04 [ERROR] ^
2024-12-17 16:52:04 [ERROR] ^
2024-12-17 16:52:04 [ERROR] ^
2024-12-17 16:52:04 [ERROR] ^
2024-12-17 16:52:04 [ERROR] ^
2024-12-17 16:52:04 [ERROR] ^
2024-12-17 16:52:04 [ERROR] ^
2024-12-17 16:52:04 [ERROR] ^
2024-12-17 16:52:04 [ERROR] ^
2024-12-17 16:52:04 [ERROR] ^
2024-12-17 16:52:04 [ERROR] ^
2024-12-17 16:52:04 [ERROR] ^
2024-12-17 16:52:04 [ERROR] ^
2024-12-17 16:52:04 [ERROR] ^
2024-12-17 16:52:04 [ERROR] ^
2024-12-17 16:52:04 [ERROR] ^
2024-12-17 16:52:04 [ERROR] ^
2024-12-17 16:52:04 [ERROR] ^
2024-12-17 16:52:04 [ERROR] ^
2024-12-17 16:52:04 [ERROR] ^
2024-12-17 16:52:04 [ERROR] ^
2024-12-17 16:52:04 [ERROR] ^
2024-12-17 16:52:04 [ERROR] ^
2024-12-17 16:52:04 [ERROR] ^
2024-12-17 16:52:04 [ERROR] ^
2024-12-17 16:52:04 [ERROR] ^
2024-12-17 16:52:04 [ERROR] ^
2024-12-17 16:52:04 [ERROR] ^
2024-12-17 16:52:04 [ERROR] ^
2024-12-17 16:52:04 [ERROR] ^
2024-12-17 16:52:04 [ERROR] ^
2024-12-17 16:52:04 [ERROR] ^
2024-12-17 16:52:04 [ERROR] ^
2024-12-17 16:52:04 [ERROR] ^
2024-12-17 16:52:04 [ERROR] ^
2024-12-17 16:52:04 [ERROR] ^
2024-12-17 16:52:04 [ERROR] ^
2024-12-17 16:52:04 [ERROR] ^
2024-12-17 16:52:04 [ERROR] ^
2024-12-17 16:52:04 [ERROR] ^
2024-12-17 16:52:04 [ERROR] ^
2024-12-17 16:52:04 [ERROR] ^
2024-12-17 16:52:04 [ERROR] ^
2024-12-17 16:52:04 [ERROR] ^
2024-12-17 16:52:04 [ERROR] ^
2024-12-17 16:52:04 [ERROR] File "C:\Python312\Lib\site-packages\urllib3\_request_methods.py", line 143, in request
2024-12-17 16:52:04 [ERROR] return self.request_encode_body(
2024-12-17 16:52:04 [ERROR] ^
2024-12-17 16:52:04 [ERROR] ^
2024-12-17 16:52:04 [ERROR] ^
2024-12-17 16:52:04 [ERROR] ^
2024-12-17 16:52:04 [ERROR] ^
2024-12-17 16:52:04 [ERROR] ^
2024-12-17 16:52:04 [ERROR] ^
2024-12-17 16:52:04 [ERROR] ^
2024-12-17 16:52:04 [ERROR] ^
2024-12-17 16:52:04 [ERROR] ^
2024-12-17 16:52:04 [ERROR] ^
2024-12-17 16:52:04 [ERROR] ^
2024-12-17 16:52:04 [ERROR] ^
2024-12-17 16:52:04 [ERROR] ^
2024-12-17 16:52:04 [ERROR] ^
2024-12-17 16:52:04 [ERROR] ^
2024-12-17 16:52:04 [ERROR] ^
2024-12-17 16:52:04 [ERROR] ^
2024-12-17 16:52:04 [ERROR] ^
2024-12-17 16:52:04 [ERROR] ^
2024-12-17 16:52:04 [ERROR] ^
2024-12-17 16:52:04 [ERROR] ^
2024-12-17 16:52:04 [ERROR] ^
2024-12-17 16:52:04 [ERROR] ^
2024-12-17 16:52:04 [ERROR] ^
2024-12-17 16:52:04 [ERROR] File "C:\Python312\Lib\site-packages\urllib3\_request_methods.py", line 278, in request_encode_body
2024-12-17 16:52:04 [ERROR] return self.urlopen(method, url, **extra_kw)
2024-12-17 16:52:04 [ERROR] ^
2024-12-17 16:52:04 [ERROR] ^
2024-12-17 16:52:04 [ERROR] ^
2024-12-17 16:52:04 [ERROR] ^
2024-12-17 16:52:04 [ERROR] ^
2024-12-17 16:52:04 [ERROR] ^
2024-12-17 16:52:04 [ERROR] ^
2024-12-17 16:52:04 [ERROR] ^
2024-12-17 16:52:04 [ERROR] ^
2024-12-17 16:52:04 [ERROR] ^
2024-12-17 16:52:04 [ERROR] ^
2024-12-17 16:52:04 [ERROR] ^
2024-12-17 16:52:04 [ERROR] ^
2024-12-17 16:52:04 [ERROR] ^
2024-12-17 16:52:04 [ERROR] ^
2024-12-17 16:52:04 [ERROR] ^
2024-12-17 16:52:04 [ERROR] ^
2024-12-17 16:52:04 [ERROR] ^
2024-12-17 16:52:04 [ERROR] ^
2024-12-17 16:52:04 [ERROR] ^
2024-12-17 16:52:04 [ERROR] ^
2024-12-17 16:52:04 [ERROR] ^
2024-12-17 16:52:04 [ERROR] ^
2024-12-17 16:52:04 [ERROR] ^
2024-12-17 16:52:04 [ERROR] ^
2024-12-17 16:52:04 [ERROR] ^
2024-12-17 16:52:04 [ERROR] ^
2024-12-17 16:52:04 [ERROR] ^
2024-12-17 16:52:04 [ERROR] ^
2024-12-17 16:52:04 [ERROR] ^
2024-12-17 16:52:04 [ERROR] ^
2024-12-17 16:52:04 [ERROR] ^
2024-12-17 16:52:04 [ERROR] ^
2024-12-17 16:52:04 [ERROR] ^
2024-12-17 16:52:04 [ERROR] ^
2024-12-17 16:52:04 [ERROR] ^
2024-12-17 16:52:04 [ERROR] ^
2024-12-17 16:52:04 [ERROR] File "C:\Python312\Lib\site-packages\urllib3\poolmanager.py", line 443, in urlopen
2024-12-17 16:52:04 [ERROR] response = conn.urlopen(method, u.request_uri, **kw)
2024-12-17 16:52:04 [ERROR] ^
2024-12-17 16:52:04 [ERROR] ^
2024-12-17 16:52:04 [ERROR] ^
2024-12-17 16:52:04 [ERROR] ^
2024-12-17 16:52:04 [ERROR] ^
2024-12-17 16:52:04 [ERROR] ^
2024-12-17 16:52:04 [ERROR] ^
2024-12-17 16:52:04 [ERROR] ^
2024-12-17 16:52:04 [ERROR] ^
2024-12-17 16:52:04 [ERROR] ^
2024-12-17 16:52:04 [ERROR] ^
2024-12-17 16:52:04 [ERROR] ^
2024-12-17 16:52:04 [ERROR] ^
2024-12-17 16:52:04 [ERROR] ^
2024-12-17 16:52:04 [ERROR] ^
2024-12-17 16:52:04 [ERROR] ^
2024-12-17 16:52:04 [ERROR] ^
2024-12-17 16:52:04 [ERROR] ^
2024-12-17 16:52:04 [ERROR] ^
2024-12-17 16:52:04 [ERROR] ^
2024-12-17 16:52:04 [ERROR] ^
2024-12-17 16:52:04 [ERROR] ^
2024-12-17 16:52:04 [ERROR] ^
2024-12-17 16:52:04 [ERROR] ^
2024-12-17 16:52:04 [ERROR] ^
2024-12-17 16:52:04 [ERROR] ^
2024-12-17 16:52:04 [ERROR] ^
2024-12-17 16:52:04 [ERROR] ^
2024-12-17 16:52:04 [ERROR] ^
2024-12-17 16:52:04 [ERROR] ^
2024-12-17 16:52:04 [ERROR] ^
2024-12-17 16:52:04 [ERROR] ^
2024-12-17 16:52:04 [ERROR] ^
2024-12-17 16:52:04 [ERROR] ^
2024-12-17 16:52:04 [ERROR] ^
2024-12-17 16:52:04 [ERROR] ^
2024-12-17 16:52:04 [ERROR] ^
2024-12-17 16:52:04 [ERROR] ^
2024-12-17 16:52:04 [ERROR] ^
2024-12-17 16:52:04 [ERROR] ^
2024-12-17 16:52:04 [ERROR] ^
2024-12-17 16:52:04 [ERROR] File "C:\Python312\Lib\site-packages\urllib3\connectionpool.py", line 843, in urlopen
2024-12-17 16:52:04 [ERROR] retries = retries.increment(
2024-12-17 16:52:04 [ERROR] ^
2024-12-17 16:52:04 [ERROR] ^
2024-12-17 16:52:04 [ERROR] ^
2024-12-17 16:52:04 [ERROR] ^
2024-12-17 16:52:04 [ERROR] ^
2024-12-17 16:52:04 [ERROR] ^
2024-12-17 16:52:04 [ERROR] ^
2024-12-17 16:52:04 [ERROR] ^
2024-12-17 16:52:04 [ERROR] ^
2024-12-17 16:52:04 [ERROR] ^
2024-12-17 16:52:04 [ERROR] ^
2024-12-17 16:52:04 [ERROR] ^
2024-12-17 16:52:04 [ERROR] ^
2024-12-17 16:52:04 [ERROR] ^
2024-12-17 16:52:04 [ERROR] ^
2024-12-17 16:52:04 [ERROR] ^
2024-12-17 16:52:04 [ERROR] ^
2024-12-17 16:52:04 [ERROR] ^
2024-12-17 16:52:04 [ERROR] File "C:\Python312\Lib\site-packages\urllib3\util\retry.py", line 474, in increment
2024-12-17 16:52:04 [ERROR] raise reraise(type(error), error, _stacktrace)
2024-12-17 16:52:04 [ERROR] ^
2024-12-17 16:52:04 [ERROR] ^
2024-12-17 16:52:04 [ERROR] ^
2024-12-17 16:52:04 [ERROR] ^
2024-12-17 16:52:04 [ERROR] ^
2024-12-17 16:52:04 [ERROR] ^
2024-12-17 16:52:04 [ERROR] ^
2024-12-17 16:52:04 [ERROR] ^
2024-12-17 16:52:04 [ERROR] ^
2024-12-17 16:52:04 [ERROR] ^
2024-12-17 16:52:04 [ERROR] ^
2024-12-17 16:52:04 [ERROR] ^
2024-12-17 16:52:04 [ERROR] ^
2024-12-17 16:52:04 [ERROR] ^
2024-12-17 16:52:04 [ERROR] ^
2024-12-17 16:52:04 [ERROR] ^
2024-12-17 16:52:04 [ERROR] ^
2024-12-17 16:52:04 [ERROR] ^
2024-12-17 16:52:04 [ERROR] ^
2024-12-17 16:52:04 [ERROR] ^
2024-12-17 16:52:04 [ERROR] ^
2024-12-17 16:52:04 [ERROR] ^
2024-12-17 16:52:04 [ERROR] ^
2024-12-17 16:52:04 [ERROR] ^
2024-12-17 16:52:04 [ERROR] ^
2024-12-17 16:52:04 [ERROR] ^
2024-12-17 16:52:04 [ERROR] ^
2024-12-17 16:52:04 [ERROR] ^
2024-12-17 16:52:04 [ERROR] ^
2024-12-17 16:52:04 [ERROR] ^
2024-12-17 16:52:04 [ERROR] ^
2024-12-17 16:52:04 [ERROR] ^
2024-12-17 16:52:04 [ERROR] ^
2024-12-17 16:52:04 [ERROR] ^
2024-12-17 16:52:04 [ERROR] ^
2024-12-17 16:52:04 [ERROR] ^
2024-12-17 16:52:04 [ERROR] ^
2024-12-17 16:52:04 [ERROR] ^
2024-12-17 16:52:04 [ERROR] ^
2024-12-17 16:52:04 [ERROR] ^
2024-12-17 16:52:04 [ERROR] File "C:\Python312\Lib\site-packages\urllib3\util\util.py", line 39, in reraise
2024-12-17 16:52:04 [ERROR] raise value
2024-12-17 16:52:04 [ERROR] File "C:\Python312\Lib\site-packages\urllib3\connectionpool.py", line 789, in urlopen
2024-12-17 16:52:04 [ERROR] response = self._make_request(
2024-12-17 16:52:04 [ERROR] ^
2024-12-17 16:52:04 [ERROR] ^
2024-12-17 16:52:04 [ERROR] ^
2024-12-17 16:52:04 [ERROR] ^
2024-12-17 16:52:04 [ERROR] ^
2024-12-17 16:52:04 [ERROR] ^
2024-12-17 16:52:04 [ERROR] ^
2024-12-17 16:52:04 [ERROR] ^
2024-12-17 16:52:04 [ERROR] ^
2024-12-17 16:52:04 [ERROR] ^
2024-12-17 16:52:04 [ERROR] ^
2024-12-17 16:52:04 [ERROR] ^
2024-12-17 16:52:04 [ERROR] ^
2024-12-17 16:52:04 [ERROR] ^
2024-12-17 16:52:04 [ERROR] ^
2024-12-17 16:52:04 [ERROR] ^
2024-12-17 16:52:04 [ERROR] ^
2024-12-17 16:52:04 [ERROR] ^
2024-12-17 16:52:04 [ERROR] ^
2024-12-17 16:52:04 [ERROR] File "C:\Python312\Lib\site-packages\urllib3\connectionpool.py", line 538, in _make_request
2024-12-17 16:52:04 [ERROR] self._raise_timeout(err=e, url=url, timeout_value=read_timeout)
2024-12-17 16:52:04 [ERROR] File "C:\Python312\Lib\site-packages\urllib3\connectionpool.py", line 369, in _raise_timeout
2024-12-17 16:52:04 [ERROR] raise ReadTimeoutError(
2024-12-17 16:52:04 [ERROR] urllib3.exceptions
2024-12-17 16:52:04 [ERROR] .
2024-12-17 16:52:04 [ERROR] ReadTimeoutError
2024-12-17 16:52:04 [ERROR] :
2024-12-17 16:52:04 [ERROR] HTTPConnectionPool(host='localhost', port=52110): Read timed out. (read timeout=120)
2024-12-17 16:52:05 [INFO] Worker 1: 向下滑動: 206 像素
2024-12-17 16:52:07 [INFO] Worker 8: 向下滑動: 255 像素
2024-12-17 16:52:09 [INFO] Worker 1: 向下滑動: 245 像素
2024-12-17 16:52:14 [INFO] Worker 8: 帳號 66646155782 的任務已結束
2024-12-17 16:52:16 [INFO] Worker 1: 帳號 66634899161 的任務已結束
