2024-12-17 17:59:23 [INFO] 請選擇您要使用的 Excel 檔案...
2024-12-17 17:59:27 [INFO] 選擇的 Excel 檔案路徑：C:/Users/user/Desktop/SuChenAI/Factbook-RPA-clickurl/data/fb_account_data_test.xlsx
2024-12-17 17:59:27 [INFO] 請輸入最大多開數量 (1-10，預設為 1):
2024-12-17 17:59:29 [INFO] 最大多開數量已設定為：2
2024-12-17 17:59:29 [INFO] 螢幕寬度：2560，螢幕高度：1440，縮放比例：1.5
2024-12-17 17:59:29 [INFO] clicks : [{'url': 'https://www.facebook.com/share/18QgQ2Y2dz/', 'action': True}]
2024-12-17 17:59:29 [INFO] clicks : [{'url': 'https://www.facebook.com/share/18QgQ2Y2dz/', 'action': True}]
2024-12-17 17:59:29 [INFO] 開始處理點擊帳號...
2024-12-17 17:59:29 [INFO] Worker 1: 開始處理帳號 66634899161
2024-12-17 17:59:29 [INFO] Worker 2: 開始處理帳號 66637943259
2024-12-17 17:59:29 [INFO] 開始監控任務狀態...
2024-12-17 17:59:36 [INFO] Worker 1: 代理 kamoney03.ddns.net:24004 設置成功
2024-12-17 17:59:37 [INFO] Worker 2: 代理 kamoney03.ddns.net:24003 設置成功
2024-12-17 17:59:38 [INFO] Worker 1: Cookies 已加載成功: cookies\66634899161_cookies.json
2024-12-17 17:59:38 [INFO] Worker 2: Cookies 已加載成功: cookies\66637943259_cookies.json
2024-12-17 17:59:40 [INFO] Worker 2: 帳號 66637943259 使用 cookies 成功登入
2024-12-17 17:59:40 [INFO] Worker 2: 登錄成功，開始處理帳號 66637943259 的操作...
2024-12-17 17:59:40 [INFO] Worker 2: 開始點擊操作...
2024-12-17 17:59:40 [INFO] Worker 2: 正在開啟貼文: https://www.facebook.com/share/18QgQ2Y2dz/
2024-12-17 17:59:40 [INFO] Worker 1: 帳號 66634899161 使用 cookies 成功登入
2024-12-17 17:59:40 [INFO] Worker 1: 登錄成功，開始處理帳號 66634899161 的操作...
2024-12-17 17:59:40 [INFO] Worker 1: 開始點擊操作...
2024-12-17 17:59:40 [INFO] Worker 1: 正在開啟貼文: https://www.facebook.com/share/18QgQ2Y2dz/
2024-12-17 17:59:43 [INFO] Worker 2 隨機停留 8 秒
2024-12-17 17:59:45 [INFO] Worker 1 隨機停留 8 秒
2024-12-17 17:59:51 [INFO] Worker 2: 成功按讚
2024-12-17 17:59:51 [INFO] Worker 2 按讚後隨機停留 3 秒
2024-12-17 17:59:53 [INFO] Worker 1: 成功按讚
2024-12-17 17:59:53 [INFO] Worker 1 按讚後隨機停留 3 秒
2024-12-17 17:59:55 [INFO] Worker 2 隨機停留時間: 64 秒
2024-12-17 17:59:55 [INFO] Worker 2: 向下滑動: 265 像素
2024-12-17 17:59:56 [INFO] Worker 1 隨機停留時間: 87 秒
2024-12-17 17:59:56 [INFO] Worker 1: 向下滑動: 400 像素
2024-12-17 17:59:59 [INFO] Worker 2: 向下滑動: 247 像素
2024-12-17 18:00:01 [INFO] Worker 1: 向下滑動: 337 像素
2024-12-17 18:00:03 [INFO] Worker 2: 向下滑動: 287 像素
2024-12-17 18:00:05 [INFO] Worker 1: 向下滑動: 388 像素
2024-12-17 18:00:08 [INFO] Worker 2: 向下滑動: 377 像素
2024-12-17 18:00:08 [INFO] Worker 1: 向下滑動: 377 像素
2024-12-17 18:00:12 [INFO] Worker 2: 向下滑動: 269 像素
2024-12-17 18:00:13 [INFO] Worker 1: 向下滑動: 368 像素
2024-12-17 18:00:17 [INFO] Worker 2: 向下滑動: 299 像素
2024-12-17 18:00:18 [INFO] Worker 1: 向下滑動: 321 像素
2024-12-17 18:00:20 [INFO] Worker 2: 向下滑動: 273 像素
2024-12-17 18:00:22 [INFO] Worker 1: 向下滑動: 353 像素
2024-12-17 18:00:23 [INFO] Worker 2: 向下滑動: 361 像素
2024-12-17 18:00:25 [INFO] Worker 1: 向下滑動: 319 像素
2024-12-17 18:00:27 [INFO] Worker 2: 向下滑動: 306 像素
2024-12-17 18:00:29 [INFO] Worker 1: 向下滑動: 222 像素
2024-12-17 18:00:31 [INFO] Worker 2: 向下滑動: 339 像素
2024-12-17 18:00:33 [INFO] Worker 1: 向下滑動: 236 像素
2024-12-17 18:00:35 [INFO] Worker 2: 向下滑動: 250 像素
2024-12-17 18:00:36 [INFO] Worker 1: 向下滑動: 201 像素
2024-12-17 18:00:39 [INFO] Worker 2: 向下滑動: 400 像素
2024-12-17 18:00:40 [INFO] Worker 1: 向下滑動: 237 像素
2024-12-17 18:00:43 [INFO] Worker 2: 向下滑動: 302 像素
2024-12-17 18:00:44 [INFO] Worker 1: 向下滑動: 212 像素
2024-12-17 18:00:46 [INFO] Worker 2: 向下滑動: 275 像素
2024-12-17 18:00:49 [INFO] Worker 2: 向下滑動: 260 像素
2024-12-17 18:00:49 [INFO] Worker 1: 向下滑動: 235 像素
2024-12-17 18:00:53 [INFO] Worker 1: 向下滑動: 383 像素
2024-12-17 18:00:54 [INFO] Worker 2: 向下滑動: 206 像素
2024-12-17 18:00:57 [INFO] Worker 2: 向下滑動: 299 像素
2024-12-17 18:00:58 [INFO] Worker 1: 向下滑動: 371 像素
2024-12-17 18:01:03 [INFO] Worker 1: 向下滑動: 382 像素
2024-12-17 18:01:04 [INFO] Worker 2: 帳號 66637943259 的任務已結束
2024-12-17 18:01:06 [INFO] Worker 1: 向下滑動: 396 像素
2024-12-17 18:01:09 [INFO] Worker 1: 向下滑動: 362 像素
2024-12-17 18:01:13 [INFO] Worker 1: 向下滑動: 238 像素
2024-12-17 18:01:18 [INFO] Worker 1: 向下滑動: 208 像素
2024-12-17 18:01:22 [INFO] Worker 1: 向下滑動: 364 像素
2024-12-17 18:01:28 [INFO] Worker 1: 瀏覽器已關閉，任務已完成
2024-12-17 18:01:29 [INFO] Worker 1: 帳號 66634899161 的任務已結束
