2024-12-18 14:10:18 [INFO] 請選擇您要使用的 Excel 檔案...
2024-12-18 14:10:23 [INFO] 選擇的 Excel 檔案路徑：C:/Users/user/Desktop/SuChenAI/Factbook-RPA-clickurl/data/fb_account_data_test.xlsx
2024-12-18 14:10:23 [INFO] 請輸入最大多開數量 (1-10，預設為 1):
2024-12-18 14:10:27 [INFO] 最大多開數量已設定為：8
2024-12-18 14:10:27 [INFO] 螢幕寬度：2560，螢幕高度：1440，縮放比例：1.5
2024-12-18 14:10:27 [INFO] 開始處理跳轉帳號...
2024-12-18 14:10:27 [INFO] Worker 1: 開始處理帳號 66634899161
2024-12-18 14:10:27 [INFO] Worker 2: 開始處理帳號 66637943259
2024-12-18 14:10:27 [INFO] Worker 3: 開始處理帳號 66634899161
2024-12-18 14:10:27 [INFO] Worker 4: 開始處理帳號 66637943259
2024-12-18 14:10:27 [INFO] Worker 5: 開始處理帳號 66619622845
2024-12-18 14:10:27 [INFO] Worker 6: 開始處理帳號 66935324825
2024-12-18 14:10:27 [INFO] Worker 7: 開始處理帳號 66990183891
2024-12-18 14:10:27 [INFO] Worker 8: 開始處理帳號 66823237283
2024-12-18 14:10:27 [INFO] 開始監控任務狀態...
2024-12-18 14:10:35 [INFO] Worker 1: 代理 kamoney03.ddns.net:24004 設置成功
2024-12-18 14:10:36 [INFO] Worker 2: 代理 kamoney03.ddns.net:24003 設置成功
2024-12-18 14:10:36 [INFO] Worker 5: 代理 kamoney03.ddns.net:24005 設置成功
2024-12-18 14:10:37 [INFO] Worker 1: Cookies 已加載成功: cookies\66634899161_cookies.json
2024-12-18 14:10:37 [INFO] Worker 2: Cookies 已加載成功: cookies\66637943259_cookies.json
2024-12-18 14:10:37 [INFO] Worker 8: 代理 kamoney03.ddns.net:24008 設置成功
2024-12-18 14:10:38 [INFO] Worker 6: 代理 kamoney03.ddns.net:24006 設置成功
2024-12-18 14:10:38 [INFO] Worker 5: Cookies 已加載成功: cookies\66619622845_cookies.json
2024-12-18 14:10:39 [INFO] Worker 3: 代理 kamoney03.ddns.net:24004 設置成功
2024-12-18 14:10:39 [INFO] Worker 8: Cookies 已加載成功: cookies\66823237283_cookies.json
2024-12-18 14:10:40 [INFO] Worker 6: Cookies 已加載成功: cookies\66935324825_cookies.json
2024-12-18 14:10:40 [INFO] Worker 4: 代理 kamoney03.ddns.net:24003 設置成功
2024-12-18 14:10:40 [INFO] Worker 2: 帳號 66637943259 使用 cookies 成功登入
2024-12-18 14:10:40 [INFO] Worker 2: 登錄成功，開始處理帳號 66637943259 的操作...
2024-12-18 14:10:40 [INFO] Worker 2: 開始跳轉操作...
2024-12-18 14:10:40 [INFO] Worker 2: 正在開啟貼文: https://www.facebook.com/share/1HAVpvaRDF/
2024-12-18 14:10:41 [INFO] Worker 7: 代理 kamoney03.ddns.net:24001 設置成功
2024-12-18 14:10:41 [INFO] Worker 3: Cookies 已加載成功: cookies\66634899161_cookies.json
2024-12-18 14:10:42 [INFO] Worker 4: Cookies 已加載成功: cookies\66637943259_cookies.json
2024-12-18 14:10:43 [INFO] Worker 1: 帳號 66634899161 使用 cookies 成功登入
2024-12-18 14:10:43 [INFO] Worker 1: 登錄成功，開始處理帳號 66634899161 的操作...
2024-12-18 14:10:43 [INFO] Worker 1: 開始跳轉操作...
2024-12-18 14:10:43 [INFO] Worker 1: 正在開啟貼文: https://www.facebook.com/share/1HAVpvaRDF/
2024-12-18 14:10:43 [INFO] Worker 7: Cookies 已加載成功: cookies\66990183891_cookies.json
2024-12-18 14:10:44 [INFO] Worker 5: 帳號 66619622845 使用 cookies 成功登入
2024-12-18 14:10:44 [INFO] Worker 5: 登錄成功，開始處理帳號 66619622845 的操作...
2024-12-18 14:10:44 [INFO] Worker 5: 開始跳轉操作...
2024-12-18 14:10:44 [INFO] Worker 5: 正在開啟貼文: https://www.facebook.com/share/1HAVpvaRDF/
2024-12-18 14:10:45 [INFO] Worker 6: 帳號 66935324825 使用 cookies 成功登入
2024-12-18 14:10:45 [INFO] Worker 6: 登錄成功，開始處理帳號 66935324825 的操作...
2024-12-18 14:10:45 [INFO] Worker 6: 開始跳轉操作...
2024-12-18 14:10:45 [INFO] Worker 6: 正在開啟貼文: https://www.facebook.com/share/1HAVpvaRDF/
2024-12-18 14:10:46 [INFO] Worker 4: 帳號 66637943259 使用 cookies 成功登入
2024-12-18 14:10:46 [INFO] Worker 4: 登錄成功，開始處理帳號 66637943259 的操作...
2024-12-18 14:10:46 [INFO] Worker 4: 開始跳轉操作...
2024-12-18 14:10:46 [INFO] Worker 4: 正在開啟貼文: https://www.facebook.com/share/1HAVpvaRDF/
2024-12-18 14:10:46 [INFO] Worker 8: 帳號 66823237283 使用 cookies 成功登入
2024-12-18 14:10:46 [INFO] Worker 8: 登錄成功，開始處理帳號 66823237283 的操作...
2024-12-18 14:10:46 [INFO] Worker 8: 開始跳轉操作...
2024-12-18 14:10:46 [INFO] Worker 8: 正在開啟貼文: https://www.facebook.com/share/1HAVpvaRDF/
2024-12-18 14:10:46 [INFO] Worker 2 隨機停留 7 秒
2024-12-18 14:10:47 [INFO] Worker 7: 帳號 66990183891 使用 cookies 成功登入
2024-12-18 14:10:47 [INFO] Worker 7: 登錄成功，開始處理帳號 66990183891 的操作...
2024-12-18 14:10:47 [INFO] Worker 7: 開始跳轉操作...
2024-12-18 14:10:47 [INFO] Worker 7: 正在開啟貼文: https://www.facebook.com/share/1HAVpvaRDF/
2024-12-18 14:10:47 [INFO] Worker 3: 帳號 66634899161 使用 cookies 成功登入
2024-12-18 14:10:47 [INFO] Worker 3: 登錄成功，開始處理帳號 66634899161 的操作...
2024-12-18 14:10:47 [INFO] Worker 3: 開始跳轉操作...
2024-12-18 14:10:47 [INFO] Worker 3: 正在開啟貼文: https://www.facebook.com/share/1HAVpvaRDF/
2024-12-18 14:10:48 [INFO] Worker 1 隨機停留 6 秒
2024-12-18 14:10:49 [INFO] Worker 6 隨機停留 7 秒
2024-12-18 14:10:49 [INFO] Worker 8 隨機停留 8 秒
2024-12-18 14:10:51 [INFO] Worker 4 隨機停留 6 秒
2024-12-18 14:10:52 [INFO] Worker 3 隨機停留 6 秒
2024-12-18 14:10:52 [INFO] Worker 7 隨機停留 6 秒
2024-12-18 14:10:53 [INFO] Worker 5 隨機停留 7 秒
2024-12-18 14:10:54 [INFO] Worker 2: 貼文已按過讚，無需重複操作
2024-12-18 14:10:54 [INFO] Worker 2 按讚後隨機停留 5 秒
2024-12-18 14:10:55 [INFO] Worker 1: 貼文已按過讚，無需重複操作
2024-12-18 14:10:55 [INFO] Worker 1 按讚後隨機停留 3 秒
2024-12-18 14:10:58 [INFO] Worker 1: 正在開啟網站: https://lihi.cc/fCuUd
2024-12-18 14:10:58 [INFO] Worker 8: 貼文已按過讚，無需重複操作
2024-12-18 14:10:58 [INFO] Worker 8 按讚後隨機停留 5 秒
2024-12-18 14:10:58 [INFO] Worker 3: 貼文已按過讚，無需重複操作
2024-12-18 14:10:58 [INFO] Worker 3 按讚後隨機停留 3 秒
2024-12-18 14:10:58 [INFO] Worker 7: 貼文已按過讚，無需重複操作
2024-12-18 14:10:58 [INFO] Worker 7 按讚後隨機停留 4 秒
2024-12-18 14:10:59 [INFO] Worker 2: 正在開啟網站: https://lihi.cc/fCuUd
2024-12-18 14:10:59 [INFO] Worker 4: 貼文已按過讚，無需重複操作
2024-12-18 14:10:59 [INFO] Worker 4 按讚後隨機停留 3 秒
2024-12-18 14:10:59 [INFO] Worker 6: 貼文已按過讚，無需重複操作
2024-12-18 14:10:59 [INFO] Worker 6 按讚後隨機停留 4 秒
2024-12-18 14:11:00 [INFO] Worker 5: 貼文已按過讚，無需重複操作
2024-12-18 14:11:00 [INFO] Worker 5 按讚後隨機停留 5 秒
2024-12-18 14:11:01 [INFO] Worker 1 隨機停留時間: 185 秒
2024-12-18 14:11:01 [INFO] Worker 3: 正在開啟網站: https://lihi.cc/fCuUd
2024-12-18 14:11:02 [INFO] Worker 4: 正在開啟網站: https://lihi.cc/fCuUd
2024-12-18 14:11:02 [INFO] Worker 2 隨機停留時間: 190 秒
2024-12-18 14:11:02 [INFO] Worker 7: 正在開啟網站: https://lihi.cc/fCuUd
2024-12-18 14:11:03 [INFO] Worker 8: 正在開啟網站: https://lihi.cc/fCuUd
2024-12-18 14:11:03 [INFO] Worker 6: 正在開啟網站: https://lihi.cc/fCuUd
2024-12-18 14:11:04 [INFO] Worker 3 隨機停留時間: 166 秒
2024-12-18 14:11:05 [INFO] Worker 1: 向下滑動: 318 像素，並等待 3.7906799151144583 秒
2024-12-18 14:11:05 [INFO] Worker 7 隨機停留時間: 185 秒
2024-12-18 14:11:05 [INFO] Worker 4 隨機停留時間: 170 秒
2024-12-18 14:11:05 [INFO] Worker 5: 正在開啟網站: https://lihi.cc/fCuUd
2024-12-18 14:11:06 [INFO] Worker 2: 向下滑動: 360 像素，並等待 4.19410227701205 秒
2024-12-18 14:11:06 [INFO] Worker 8 隨機停留時間: 176 秒
2024-12-18 14:11:08 [INFO] Worker 5 隨機停留時間: 153 秒
2024-12-18 14:11:08 [INFO] Worker 3: 向下滑動: 308 像素，並等待 3.7043554680218387 秒
2024-12-18 14:11:08 [INFO] Worker 6 隨機停留時間: 151 秒
2024-12-18 14:11:08 [INFO] Worker 1: 向下滑動: 255 像素，並等待 3.5354167378412606 秒
2024-12-18 14:11:09 [INFO] Worker 7: 向下滑動: 238 像素，並等待 4.220803775615428 秒
2024-12-18 14:11:10 [INFO] Worker 4: 向下滑動: 314 像素，並等待 4.488730233405736 秒
2024-12-18 14:11:10 [INFO] Worker 8: 向下滑動: 398 像素，並等待 4.151868905427031 秒
2024-12-18 14:11:11 [INFO] Worker 2: 向下滑動: 271 像素，並等待 4.75310489814943 秒
2024-12-18 14:11:11 [INFO] Worker 5: 向下滑動: 291 像素，並等待 3.5839991640955025 秒
2024-12-18 14:11:12 [INFO] Worker 1: 向下滑動: 377 像素，並等待 3.4790697649335716 秒
2024-12-18 14:11:12 [INFO] Worker 6: 向下滑動: 267 像素，並等待 3.5963961326142435 秒
2024-12-18 14:11:12 [INFO] Worker 3: 向下滑動: 383 像素，並等待 4.520726542648529 秒
2024-12-18 14:11:13 [INFO] Worker 7: 向下滑動: 367 像素，並等待 4.297954112371519 秒
2024-12-18 14:11:14 [INFO] Worker 8: 向下滑動: 220 像素，並等待 3.2906106946220186 秒
2024-12-18 14:11:14 [INFO] Worker 2: 向下滑動: 290 像素，並等待 3.138523070863896 秒
2024-12-18 14:11:14 [INFO] Worker 4: 向下滑動: 373 像素，並等待 4.871443640583434 秒
2024-12-18 14:11:15 [INFO] Worker 5: 向下滑動: 271 像素，並等待 3.714979655992102 秒
2024-12-18 14:11:16 [INFO] Worker 1: 向下滑動: 211 像素，並等待 4.337882949449787 秒
2024-12-18 14:11:16 [INFO] Worker 6: 向下滑動: 291 像素，並等待 4.837270143015467 秒
2024-12-18 14:11:17 [INFO] Worker 3: 向下滑動: 259 像素，並等待 4.88720331904744 秒
2024-12-18 14:11:17 [INFO] Worker 7: 向下滑動: 369 像素，並等待 3.714728686188078 秒
2024-12-18 14:11:18 [INFO] Worker 4: 向下滑動: 331 像素，並等待 3.5985179078437515 秒
2024-12-18 14:11:18 [INFO] Worker 8: 向下滑動: 231 像素，並等待 4.49728108066998 秒
2024-12-18 14:11:19 [INFO] Worker 2: 向下滑動: 377 像素，並等待 4.848066050117106 秒
2024-12-18 14:11:19 [INFO] Worker 5: 向下滑動: 220 像素，並等待 4.4058664460440875 秒
2024-12-18 14:11:19 [INFO] Worker 1: 向下滑動: 207 像素，並等待 3.361908374606269 秒
2024-12-18 14:11:21 [INFO] Worker 7: 向下滑動: 317 像素，並等待 3.6980391979641807 秒
2024-12-18 14:11:21 [INFO] Worker 3: 向下滑動: 268 像素，並等待 3.959422150261243 秒
2024-12-18 14:11:21 [INFO] Worker 6: 向下滑動: 333 像素，並等待 4.793474344772708 秒
2024-12-18 14:11:22 [INFO] Worker 2: 向下滑動: 254 像素，並等待 3.1687026462920556 秒
2024-12-18 14:11:22 [INFO] Worker 8: 向下滑動: 220 像素，並等待 4.049022690052921 秒
2024-12-18 14:11:22 [INFO] Worker 4: 向下滑動: 295 像素，並等待 4.240501800129272 秒
2024-12-18 14:11:23 [INFO] Worker 1: 向下滑動: 317 像素，並等待 3.96826448352967 秒
2024-12-18 14:11:24 [INFO] Worker 5: 向下滑動: 291 像素，並等待 4.939573919259693 秒
2024-12-18 14:11:24 [INFO] Worker 3: 向下滑動: 300 像素，並等待 3.3649642207737998 秒
2024-12-18 14:11:25 [INFO] Worker 6: 向下滑動: 304 像素，並等待 3.598126999292286 秒
2024-12-18 14:11:25 [INFO] Worker 7: 向下滑動: 328 像素，並等待 4.475911338667887 秒
2024-12-18 14:11:25 [INFO] Worker 2: 向下滑動: 366 像素，並等待 3.2839633281271876 秒
2024-12-18 14:11:25 [INFO] Worker 8: 向下滑動: 347 像素，並等待 3.236167737494637 秒
2024-12-18 14:11:27 [INFO] Worker 4: 向下滑動: 349 像素，並等待 4.677536105321196 秒
2024-12-18 14:11:28 [INFO] Worker 3: 向下滑動: 307 像素，並等待 3.7227888602112422 秒
2024-12-18 14:11:28 [INFO] Worker 1: 向下滑動: 280 像素，並等待 4.880714490324186 秒
2024-12-18 14:11:28 [INFO] Worker 5: 向下滑動: 259 像素，並等待 4.072530129839263 秒
2024-12-18 14:11:28 [INFO] Worker 6: 向下滑動: 213 像素，並等待 3.493423011959207 秒
2024-12-18 14:11:28 [INFO] Worker 7: 向下滑動: 303 像素，並等待 3.170401518333094 秒
2024-12-18 14:11:29 [INFO] Worker 2: 向下滑動: 364 像素，並等待 3.75603654128733 秒
2024-12-18 14:11:30 [INFO] Worker 8: 向下滑動: 297 像素，並等待 4.885904930555742 秒
2024-12-18 14:11:31 [INFO] Worker 4: 向下滑動: 336 像素，並等待 3.903460829355983 秒
2024-12-18 14:11:32 [INFO] Worker 3: 向下滑動: 258 像素，並等待 3.549639494445892 秒
2024-12-18 14:11:32 [INFO] Worker 7: 向下滑動: 201 像素，並等待 3.420751021943591 秒
2024-12-18 14:11:32 [INFO] Worker 1: 向下滑動: 310 像素，並等待 3.964776220243384 秒
2024-12-18 14:11:32 [INFO] Worker 6: 向下滑動: 259 像素，並等待 3.8048483482492923 秒
2024-12-18 14:11:32 [INFO] Worker 5: 向下滑動: 227 像素，並等待 4.032380055274412 秒
2024-12-18 14:11:34 [INFO] Worker 2: 向下滑動: 291 像素，並等待 4.80294331082305 秒
2024-12-18 14:11:34 [INFO] Worker 8: 向下滑動: 372 像素，並等待 3.9520858687319693 秒
2024-12-18 14:11:35 [INFO] Worker 7: 向下滑動: 371 像素，並等待 3.0204708172366344 秒
2024-12-18 14:11:35 [INFO] Worker 4: 向下滑動: 370 像素，並等待 4.2985047168695045 秒
2024-12-18 14:11:36 [INFO] Worker 3: 向下滑動: 239 像素，並等待 4.593164573508476 秒
2024-12-18 14:11:37 [INFO] Worker 5: 向下滑動: 214 像素，並等待 4.446488201215534 秒
2024-12-18 14:11:37 [INFO] Worker 6: 向下滑動: 249 像素，並等待 4.766866911631714 秒
2024-12-18 14:11:37 [INFO] Worker 1: 向下滑動: 335 像素，並等待 4.825477361688817 秒
2024-12-18 14:11:37 [INFO] Worker 2: 向下滑動: 246 像素，並等待 3.392873317211472 秒
2024-12-18 14:11:39 [INFO] Worker 8: 向下滑動: 260 像素，並等待 4.377036016997598 秒
2024-12-18 14:11:39 [INFO] Worker 7: 向下滑動: 227 像素，並等待 4.366142835652129 秒
2024-12-18 14:11:40 [INFO] Worker 4: 向下滑動: 347 像素，並等待 4.310980387500601 秒
2024-12-18 14:11:40 [INFO] Worker 3: 向下滑動: 261 像素，並等待 3.6352804641812386 秒
2024-12-18 14:11:40 [INFO] Worker 1: 向下滑動: 223 像素，並等待 3.121383600628522 秒
2024-12-18 14:11:40 [INFO] Worker 6: 向下滑動: 205 像素，並等待 3.180998219140757 秒
2024-12-18 14:11:41 [INFO] Worker 2: 向下滑動: 220 像素，並等待 3.41081668334923 秒
2024-12-18 14:11:41 [INFO] Worker 5: 向下滑動: 334 像素，並等待 3.9223247863673367 秒
2024-12-18 14:11:42 [INFO] Worker 8: 向下滑動: 352 像素，並等待 3.26014443184181 秒
2024-12-18 14:11:42 [INFO] Worker 7: 向下滑動: 388 像素，並等待 3.148389441597355 秒
2024-12-18 14:11:44 [INFO] Worker 6: 向下滑動: 213 像素，並等待 3.520534012254333 秒
2024-12-18 14:11:44 [INFO] Worker 1: 向下滑動: 238 像素，並等待 3.598712213085098 秒
2024-12-18 14:11:44 [INFO] Worker 3: 向下滑動: 366 像素，並等待 4.1930447465148255 秒
2024-12-18 14:11:44 [INFO] Worker 4: 向下滑動: 212 像素，並等待 4.862695484742081 秒
2024-12-18 14:11:45 [INFO] Worker 8: 向下滑動: 390 像素，並等待 3.2785472923928314 秒
2024-12-18 14:11:45 [INFO] Worker 5: 向下滑動: 290 像素，並等待 4.477752359494706 秒
2024-12-18 14:11:46 [INFO] Worker 7: 向下滑動: 278 像素，並等待 3.115407296075616 秒
2024-12-18 14:11:46 [INFO] Worker 2: 向下滑動: 210 像素，並等待 4.921143932830649 秒
2024-12-18 14:11:47 [INFO] Worker 3: 向下滑動: 399 像素，並等待 3.1175397304499484 秒
2024-12-18 14:11:47 [INFO] Worker 4: 向下滑動: 370 像素，並等待 3.040457102419982 秒
2024-12-18 14:11:48 [INFO] Worker 1: 向下滑動: 209 像素，並等待 3.8235703105954144 秒
2024-12-18 14:11:48 [INFO] Worker 6: 向下滑動: 296 像素，並等待 4.204426052810332 秒
2024-12-18 14:11:48 [INFO] Worker 5: 向下滑動: 219 像素，並等待 3.122960825556599 秒
2024-12-18 14:11:49 [INFO] Worker 2: 向下滑動: 271 像素，並等待 3.387362877683743 秒
2024-12-18 14:11:49 [INFO] Worker 8: 向下滑動: 325 像素，並等待 4.086128879907564 秒
2024-12-18 14:11:50 [INFO] Worker 7: 向下滑動: 231 像素，並等待 4.660511333098454 秒
2024-12-18 14:11:51 [INFO] Worker 1: 向下滑動: 250 像素，並等待 3.4612774330815332 秒
2024-12-18 14:11:52 [INFO] Worker 6: 向下滑動: 347 像素，並等待 4.104636465540856 秒
2024-12-18 14:11:52 [INFO] Worker 3: 向下滑動: 276 像素，並等待 4.848821934287422 秒
2024-12-18 14:11:52 [INFO] Worker 4: 向下滑動: 255 像素，並等待 4.988483765653429 秒
2024-12-18 14:11:53 [INFO] Worker 5: 向下滑動: 379 像素，並等待 4.688710933012739 秒
2024-12-18 14:11:54 [INFO] Worker 7: 向下滑動: 213 像素，並等待 3.4471596711874373 秒
2024-12-18 14:11:54 [INFO] Worker 2: 向下滑動: 373 像素，並等待 4.6507182171483015 秒
2024-12-18 14:11:54 [INFO] Worker 8: 向下滑動: 378 像素，並等待 4.88649693161007 秒
2024-12-18 14:11:55 [INFO] Worker 6: 向下滑動: 226 像素，並等待 3.3331406622485216 秒
2024-12-18 14:11:56 [INFO] Worker 1: 向下滑動: 358 像素，並等待 4.780009572227994 秒
2024-12-18 14:11:56 [INFO] Worker 4: 向下滑動: 260 像素，並等待 3.6571113681359724 秒
2024-12-18 14:11:57 [INFO] Worker 3: 向下滑動: 217 像素，並等待 4.93870720278195 秒
2024-12-18 14:11:57 [INFO] Worker 2: 向下滑動: 296 像素，並等待 3.3836695477103254 秒
2024-12-18 14:11:58 [INFO] Worker 8: 向下滑動: 236 像素，並等待 3.4331509988512927 秒
2024-12-18 14:11:58 [INFO] Worker 5: 向下滑動: 383 像素，並等待 4.601342031570633 秒
2024-12-18 14:11:58 [INFO] Worker 7: 向下滑動: 379 像素，並等待 4.523242492397131 秒
2024-12-18 14:11:59 [INFO] Worker 1: 向下滑動: 298 像素，並等待 3.253555007740046 秒
2024-12-18 14:12:00 [INFO] Worker 2: 向下滑動: 329 像素，並等待 3.0010700268836477 秒
2024-12-18 14:12:00 [INFO] Worker 6: 向下滑動: 353 像素，並等待 4.773867289396648 秒
2024-12-18 14:12:00 [INFO] Worker 4: 向下滑動: 282 像素，並等待 4.259774489309842 秒
2024-12-18 14:12:01 [INFO] Worker 8: 向下滑動: 334 像素，並等待 3.79301353872716 秒
2024-12-18 14:12:01 [INFO] Worker 5: 向下滑動: 383 像素，並等待 3.813383717446821 秒
2024-12-18 14:12:02 [INFO] Worker 3: 向下滑動: 205 像素，並等待 4.953513091561776 秒
2024-12-18 14:12:03 [INFO] Worker 7: 向下滑動: 217 像素，並等待 4.886485639932546 秒
2024-12-18 14:12:03 [INFO] Worker 6: 向下滑動: 382 像素，並等待 3.2568761267986646 秒
2024-12-18 14:12:04 [INFO] Worker 1: 向下滑動: 229 像素，並等待 4.425536310486645 秒
2024-12-18 14:12:04 [INFO] Worker 4: 向下滑動: 392 像素，並等待 4.025772337648091 秒
2024-12-18 14:12:05 [INFO] Worker 2: 向下滑動: 263 像素，並等待 4.428586234777589 秒
2024-12-18 14:12:05 [INFO] Worker 5: 向下滑動: 206 像素，並等待 3.5920272627301317 秒
2024-12-18 14:12:05 [INFO] Worker 3: 向下滑動: 321 像素，並等待 3.4962599772937413 秒
2024-12-18 14:12:06 [INFO] Worker 8: 向下滑動: 248 像素，並等待 4.96775152466323 秒
2024-12-18 14:12:07 [INFO] Worker 1: 向下滑動: 331 像素，並等待 3.1282162044796147 秒
2024-12-18 14:12:07 [INFO] Worker 7: 向下滑動: 336 像素，並等待 4.036437427165598 秒
2024-12-18 14:12:08 [INFO] Worker 2: 向下滑動: 269 像素，並等待 3.1678002662397007 秒
2024-12-18 14:12:08 [INFO] Worker 6: 向下滑動: 312 像素，並等待 4.559206333871185 秒
2024-12-18 14:12:08 [INFO] Worker 5: 向下滑動: 313 像素，並等待 3.210145844092872 秒
2024-12-18 14:12:08 [INFO] Worker 4: 向下滑動: 218 像素，並等待 4.02784008427013 秒
2024-12-18 14:12:10 [INFO] Worker 8: 向下滑動: 293 像素，並等待 3.651246049166213 秒
2024-12-18 14:12:10 [INFO] Worker 3: 向下滑動: 394 像素，並等待 4.688281415290784 秒
2024-12-18 14:12:11 [INFO] Worker 2: 向下滑動: 241 像素，並等待 3.0570175804973934 秒
2024-12-18 14:12:11 [INFO] Worker 6: 向下滑動: 284 像素，並等待 3.087721802107456 秒
2024-12-18 14:12:11 [INFO] Worker 7: 向下滑動: 338 像素，並等待 4.0004995431280745 秒
2024-12-18 14:12:11 [INFO] Worker 1: 向下滑動: 274 像素，並等待 4.742410655189104 秒
2024-12-18 14:12:12 [INFO] Worker 4: 向下滑動: 352 像素，並等待 3.175584320897733 秒
2024-12-18 14:12:13 [INFO] Worker 5: 向下滑動: 212 像素，並等待 4.896762832759974 秒
2024-12-18 14:12:14 [INFO] Worker 8: 向下滑動: 398 像素，並等待 3.5487529393373265 秒
2024-12-18 14:12:15 [INFO] Worker 3: 向下滑動: 326 像素，並等待 4.533701886838202 秒
2024-12-18 14:12:15 [INFO] Worker 6: 向下滑動: 254 像素，並等待 3.947559077610909 秒
2024-12-18 14:12:15 [INFO] Worker 4: 向下滑動: 331 像素，並等待 3.6315394217371955 秒
2024-12-18 14:12:16 [INFO] Worker 2: 向下滑動: 318 像素，並等待 4.900307047193795 秒
2024-12-18 14:12:16 [INFO] Worker 7: 向下滑動: 235 像素，並等待 4.565923668810892 秒
2024-12-18 14:12:16 [INFO] Worker 1: 向下滑動: 301 像素，並等待 4.296236836319729 秒
2024-12-18 14:12:17 [INFO] Worker 5: 向下滑動: 329 像素，並等待 3.814679196761948 秒
2024-12-18 14:12:18 [INFO] Worker 6: 向下滑動: 255 像素，並等待 3.221029610223046 秒
2024-12-18 14:12:18 [INFO] Worker 4: 向下滑動: 251 像素，並等待 3.0890292323209003 秒
2024-12-18 14:12:19 [INFO] Worker 8: 向下滑動: 346 像素，並等待 4.927942243147217 秒
2024-12-18 14:12:19 [INFO] Worker 3: 向下滑動: 392 像素，並等待 4.214377657672708 秒
2024-12-18 14:12:19 [INFO] Worker 7: 向下滑動: 326 像素，並等待 3.421933690246543 秒
2024-12-18 14:12:19 [INFO] Worker 2: 向下滑動: 237 像素，並等待 3.6540340844019443 秒
2024-12-18 14:12:20 [INFO] Worker 1: 向下滑動: 312 像素，並等待 4.162386038929117 秒
2024-12-18 14:12:21 [INFO] Worker 5: 向下滑動: 365 像素，並等待 4.038988541861325 秒
2024-12-18 14:12:22 [INFO] Worker 4: 向下滑動: 273 像素，並等待 3.5656932532115464 秒
2024-12-18 14:12:22 [INFO] Worker 6: 向下滑動: 314 像素，並等待 3.7692475342357237 秒
2024-12-18 14:12:23 [INFO] Worker 2: 向下滑動: 365 像素，並等待 3.7112331455517316 秒
2024-12-18 14:12:23 [INFO] Worker 8: 向下滑動: 272 像素，並等待 4.6492603137025075 秒
2024-12-18 14:12:23 [INFO] Worker 3: 向下滑動: 277 像素，並等待 4.337461419248163 秒
2024-12-18 14:12:23 [INFO] Worker 1: 向下滑動: 264 像素，並等待 3.4627290778581474 秒
2024-12-18 14:12:24 [INFO] Worker 7: 向下滑動: 350 像素，並等待 4.783458664518589 秒
2024-12-18 14:12:25 [INFO] Worker 4: 向下滑動: 320 像素，並等待 3.0385901156180566 秒
2024-12-18 14:12:25 [INFO] Worker 5: 向下滑動: 277 像素，並等待 4.133640352698013 秒
2024-12-18 14:12:26 [INFO] Worker 2: 向下滑動: 261 像素，並等待 3.0304612630868397 秒
2024-12-18 14:12:26 [INFO] Worker 6: 向下滑動: 346 像素，並等待 4.128235399407322 秒
2024-12-18 14:12:27 [INFO] Worker 1: 向下滑動: 375 像素，並等待 3.507281270267694 秒
2024-12-18 14:12:27 [INFO] Worker 8: 向下滑動: 347 像素，並等待 4.129328721424394 秒
2024-12-18 14:12:28 [INFO] Worker 7: 向下滑動: 307 像素，並等待 4.246206830243235 秒
2024-12-18 14:12:28 [INFO] Worker 3: 向下滑動: 378 像素，並等待 4.883575289056864 秒
2024-12-18 14:12:29 [INFO] Worker 5: 向下滑動: 333 像素，並等待 3.6637000461904474 秒
2024-12-18 14:12:30 [INFO] Worker 4: 向下滑動: 222 像素，並等待 4.8090292730955095 秒
2024-12-18 14:12:30 [INFO] Worker 6: 向下滑動: 244 像素，並等待 4.121902957680578 秒
2024-12-18 14:12:31 [INFO] Worker 1: 向下滑動: 313 像素，並等待 4.055194236175936 秒
2024-12-18 14:12:31 [INFO] Worker 8: 向下滑動: 391 像素，並等待 3.6681745525102443 秒
2024-12-18 14:12:31 [INFO] Worker 2: 向下滑動: 285 像素，並等待 4.917784153301572 秒
2024-12-18 14:12:31 [INFO] Worker 7: 向下滑動: 243 像素，並等待 3.171162722969531 秒
2024-12-18 14:12:32 [INFO] Worker 3: 向下滑動: 288 像素，並等待 4.209573939930621 秒
2024-12-18 14:12:34 [INFO] Worker 5: 向下滑動: 236 像素，並等待 4.680888003758917 秒
2024-12-18 14:12:34 [INFO] Worker 4: 向下滑動: 217 像素，並等待 4.039721090030315 秒
2024-12-18 14:12:35 [INFO] Worker 2: 向下滑動: 233 像素，並等待 3.714529556037718 秒
2024-12-18 14:12:35 [INFO] Worker 6: 向下滑動: 364 像素，並等待 4.454495622501335 秒
2024-12-18 14:12:36 [INFO] Worker 1: 向下滑動: 291 像素，並等待 4.6174903039021995 秒
2024-12-18 14:12:36 [INFO] Worker 8: 向下滑動: 243 像素，並等待 4.7441444706933895 秒
2024-12-18 14:12:36 [INFO] Worker 7: 向下滑動: 362 像素，並等待 4.4829806086892745 秒
2024-12-18 14:12:36 [INFO] Worker 3: 向下滑動: 263 像素，並等待 4.060519961534686 秒
2024-12-18 14:12:37 [INFO] Worker 4: 向下滑動: 307 像素，並等待 3.2795890265166 秒
2024-12-18 14:12:38 [INFO] Worker 6: 向下滑動: 223 像素，並等待 3.158808576583662 秒
2024-12-18 14:12:39 [INFO] Worker 5: 向下滑動: 260 像素，並等待 4.962166596987096 秒
2024-12-18 14:12:39 [INFO] Worker 2: 向下滑動: 249 像素，並等待 4.311341817950195 秒
2024-12-18 14:12:39 [INFO] Worker 8: 向下滑動: 321 像素，並等待 3.3215320840497915 秒
2024-12-18 14:12:40 [INFO] Worker 1: 向下滑動: 238 像素，並等待 4.393983196422623 秒
2024-12-18 14:12:40 [INFO] Worker 7: 向下滑動: 333 像素，並等待 4.234482373359697 秒
2024-12-18 14:12:40 [INFO] Worker 3: 向下滑動: 205 像素，並等待 3.654303773125381 秒
2024-12-18 14:12:41 [INFO] Worker 4: 向下滑動: 373 像素，並等待 3.9870272339664057 秒
2024-12-18 14:12:42 [INFO] Worker 6: 向下滑動: 229 像素，並等待 3.960721836802987 秒
2024-12-18 14:12:43 [INFO] Worker 8: 向下滑動: 335 像素，並等待 3.7283028952565207 秒
2024-12-18 14:12:43 [INFO] Worker 5: 向下滑動: 327 像素，並等待 4.421333733728979 秒
2024-12-18 14:12:43 [INFO] Worker 7: 向下滑動: 309 像素，並等待 3.2434641819107934 秒
2024-12-18 14:12:44 [INFO] Worker 2: 向下滑動: 358 像素，並等待 4.568594096897282 秒
2024-12-18 14:12:44 [INFO] Worker 1: 向下滑動: 246 像素，並等待 4.337825763574861 秒
2024-12-18 14:12:45 [INFO] Worker 4: 向下滑動: 296 像素，並等待 3.672828774033725 秒
2024-12-18 14:12:45 [INFO] Worker 3: 向下滑動: 208 像素，並等待 4.864089443090118 秒
2024-12-18 14:12:46 [INFO] Worker 6: 向下滑動: 231 像素，並等待 4.113363080224258 秒
2024-12-18 14:12:47 [INFO] Worker 2: 向下滑動: 214 像素，並等待 3.162851026139963 秒
2024-12-18 14:12:47 [INFO] Worker 5: 向下滑動: 309 像素，並等待 4.08510486694157 秒
2024-12-18 14:12:47 [INFO] Worker 7: 向下滑動: 203 像素，並等待 3.7813440272319765 秒
2024-12-18 14:12:47 [INFO] Worker 8: 向下滑動: 286 像素，並等待 4.334684047470829 秒
2024-12-18 14:12:49 [INFO] Worker 1: 向下滑動: 315 像素，並等待 4.579060120742836 秒
2024-12-18 14:12:49 [INFO] Worker 4: 向下滑動: 378 像素，並等待 4.68512055171907 秒
2024-12-18 14:12:50 [INFO] Worker 3: 向下滑動: 377 像素，並等待 4.63539183543624 秒
2024-12-18 14:12:50 [INFO] Worker 6: 向下滑動: 385 像素，並等待 4.1013999839571085 秒
2024-12-18 14:12:51 [INFO] Worker 2: 向下滑動: 400 像素，並等待 3.797432944869474 秒
2024-12-18 14:12:51 [INFO] Worker 5: 向下滑動: 388 像素，並等待 4.429026470551461 秒
2024-12-18 14:12:52 [INFO] Worker 7: 向下滑動: 305 像素，並等待 4.750354190418566 秒
2024-12-18 14:12:52 [INFO] Worker 8: 向下滑動: 304 像素，並等待 4.873463176319717 秒
2024-12-18 14:12:53 [INFO] Worker 1: 向下滑動: 263 像素，並等待 3.866130803827509 秒
2024-12-18 14:12:54 [INFO] Worker 3: 向下滑動: 309 像素，並等待 4.261199407419093 秒
2024-12-18 14:12:54 [INFO] Worker 4: 向下滑動: 244 像素，並等待 4.881759412785441 秒
2024-12-18 14:12:55 [INFO] Worker 5: 向下滑動: 240 像素，並等待 3.0605824739862078 秒
2024-12-18 14:12:55 [INFO] Worker 6: 向下滑動: 239 像素，並等待 4.459058967230698 秒
2024-12-18 14:12:55 [INFO] Worker 2: 向下滑動: 272 像素，並等待 4.54633297480529 秒
2024-12-18 14:12:55 [INFO] Worker 8: 向下滑動: 222 像素，並等待 3.2849922614626568 秒
2024-12-18 14:12:56 [INFO] Worker 7: 向下滑動: 267 像素，並等待 3.8748700400031875 秒
2024-12-18 14:12:56 [INFO] Worker 1: 向下滑動: 289 像素，並等待 3.102829095838242 秒
2024-12-18 14:12:57 [INFO] Worker 4: 向下滑動: 224 像素，並等待 3.0560922558135535 秒
2024-12-18 14:12:58 [INFO] Worker 3: 向下滑動: 393 像素，並等待 3.839618153405036 秒
2024-12-18 14:12:58 [INFO] Worker 2: 向下滑動: 203 像素，並等待 3.1033505886624084 秒
2024-12-18 14:12:59 [INFO] Worker 6: 向下滑動: 379 像素，並等待 4.561274645702005 秒
2024-12-18 14:12:59 [INFO] Worker 8: 向下滑動: 267 像素，並等待 3.8489294892148074 秒
2024-12-18 14:12:59 [INFO] Worker 7: 向下滑動: 342 像素，並等待 3.4480475901689607 秒
2024-12-18 14:12:59 [INFO] Worker 5: 向下滑動: 233 像素，並等待 4.722384795530599 秒
2024-12-18 14:13:00 [INFO] Worker 1: 向下滑動: 329 像素，並等待 4.53060465466481 秒
2024-12-18 14:13:02 [INFO] Worker 3: 向下滑動: 318 像素，並等待 4.228206716785356 秒
2024-12-18 14:13:02 [INFO] Worker 4: 向下滑動: 299 像素，並等待 4.82498780755245 秒
2024-12-18 14:13:03 [INFO] Worker 7: 向下滑動: 323 像素，並等待 3.30070325762993 秒
2024-12-18 14:13:03 [INFO] Worker 2: 向下滑動: 231 像素，並等待 4.599842871224217 秒
2024-12-18 14:13:03 [INFO] Worker 5: 向下滑動: 388 像素，並等待 4.04181619834393 秒
2024-12-18 14:13:04 [INFO] Worker 1: 向下滑動: 316 像素，並等待 3.181679162737119 秒
2024-12-18 14:13:04 [INFO] Worker 8: 向下滑動: 397 像素，並等待 4.612089844629269 秒
2024-12-18 14:13:04 [INFO] Worker 6: 向下滑動: 302 像素，並等待 4.647535809917352 秒
2024-12-18 14:13:06 [INFO] Worker 4: 向下滑動: 299 像素，並等待 3.2654967426311017 秒
2024-12-18 14:13:06 [INFO] Worker 7: 向下滑動: 363 像素，並等待 3.3267877008546556 秒
2024-12-18 14:13:06 [INFO] Worker 3: 向下滑動: 206 像素，並等待 4.034778013292872 秒
2024-12-18 14:13:07 [INFO] Worker 1: 向下滑動: 301 像素，並等待 3.0336973012185005 秒
2024-12-18 14:13:07 [INFO] Worker 5: 向下滑動: 309 像素，並等待 3.5752447345608624 秒
2024-12-18 14:13:08 [INFO] Worker 2: 向下滑動: 256 像素，並等待 4.954125761707245 秒
2024-12-18 14:13:08 [INFO] Worker 6: 向下滑動: 349 像素，並等待 4.353510680905703 秒
2024-12-18 14:13:09 [INFO] Worker 4: 向下滑動: 314 像素，並等待 3.1189919917745303 秒
2024-12-18 14:13:09 [INFO] Worker 8: 向下滑動: 233 像素，並等待 4.932402058104898 秒
2024-12-18 14:13:09 [INFO] Worker 7: 向下滑動: 326 像素，並等待 3.25079414785597 秒
2024-12-18 14:13:10 [INFO] Worker 5: 向下滑動: 223 像素，並等待 3.2184384391455554 秒
2024-12-18 14:13:10 [INFO] Worker 3: 向下滑動: 208 像素，並等待 4.203806721491015 秒
2024-12-18 14:13:11 [INFO] Worker 2: 向下滑動: 326 像素，並等待 3.0438824512532214 秒
2024-12-18 14:13:11 [INFO] Worker 1: 向下滑動: 316 像素，並等待 4.286972252777479 秒
2024-12-18 14:13:12 [INFO] Worker 8: 向下滑動: 332 像素，並等待 3.5523416683092046 秒
2024-12-18 14:13:12 [INFO] Worker 6: 向下滑動: 219 像素，並等待 4.214358952085736 秒
2024-12-18 14:13:13 [INFO] Worker 4: 向下滑動: 269 像素，並等待 4.030237667675057 秒
2024-12-18 14:13:13 [INFO] Worker 7: 向下滑動: 272 像素，並等待 4.222093617036944 秒
2024-12-18 14:13:14 [INFO] Worker 3: 向下滑動: 209 像素，並等待 3.40598376424393 秒
2024-12-18 14:13:14 [INFO] Worker 5: 向下滑動: 241 像素，並等待 3.732788463694787 秒
2024-12-18 14:13:14 [INFO] Worker 1: 向下滑動: 229 像素，並等待 3.341498120477645 秒
2024-12-18 14:13:15 [INFO] Worker 2: 向下滑動: 241 像素，並等待 3.819022516337931 秒
2024-12-18 14:13:16 [INFO] Worker 8: 向下滑動: 351 像素，並等待 3.6859534118370267 秒
2024-12-18 14:13:16 [INFO] Worker 6: 向下滑動: 238 像素，並等待 3.771489621828045 秒
2024-12-18 14:13:18 [INFO] Worker 3: 向下滑動: 392 像素，並等待 3.8446630082489435 秒
2024-12-18 14:13:18 [INFO] Worker 4: 向下滑動: 340 像素，並等待 4.823039673796733 秒
2024-12-18 14:13:18 [INFO] Worker 5: 向下滑動: 305 像素，並等待 3.731111021372439 秒
2024-12-18 14:13:18 [INFO] Worker 2: 向下滑動: 379 像素，並等待 3.0864913872087048 秒
2024-12-18 14:13:18 [INFO] Worker 7: 向下滑動: 306 像素，並等待 4.488194888027911 秒
2024-12-18 14:13:19 [INFO] Worker 1: 向下滑動: 224 像素，並等待 4.245207830391981 秒
2024-12-18 14:13:19 [INFO] Worker 8: 向下滑動: 246 像素，並等待 3.3303292041946415 秒
2024-12-18 14:13:21 [INFO] Worker 6: 向下滑動: 271 像素，並等待 4.700670539963791 秒
2024-12-18 14:13:21 [INFO] Worker 3: 向下滑動: 330 像素，並等待 3.4103402093753505 秒
2024-12-18 14:13:21 [INFO] Worker 2: 向下滑動: 359 像素，並等待 3.2245344752131073 秒
2024-12-18 14:13:22 [INFO] Worker 1: 向下滑動: 234 像素，並等待 3.2425626063826822 秒
2024-12-18 14:13:22 [INFO] Worker 7: 向下滑動: 273 像素，並等待 4.2463476403493265 秒
2024-12-18 14:13:22 [INFO] Worker 5: 向下滑動: 392 像素，並等待 4.67195566358987 秒
2024-12-18 14:13:22 [INFO] Worker 4: 向下滑動: 357 像素，並等待 4.926926106826944 秒
2024-12-18 14:13:23 [INFO] Worker 8: 向下滑動: 252 像素，並等待 3.831643353967004 秒
2024-12-18 14:13:24 [INFO] Worker 3: 向下滑動: 291 像素，並等待 3.1680117397122647 秒
2024-12-18 14:13:25 [INFO] Worker 2: 向下滑動: 352 像素，並等待 3.8179629425780526 秒
2024-12-18 14:13:25 [INFO] Worker 1: 向下滑動: 351 像素，並等待 3.531990017938371 秒
2024-12-18 14:13:26 [INFO] Worker 6: 向下滑動: 251 像素，並等待 4.807826513087666 秒
2024-12-18 14:13:26 [INFO] Worker 7: 向下滑動: 377 像素，並等待 3.761493899601273 秒
2024-12-18 14:13:26 [INFO] Worker 4: 向下滑動: 213 像素，並等待 3.42554405898425 秒
2024-12-18 14:13:27 [INFO] Worker 5: 向下滑動: 266 像素，並等待 4.624175339985773 秒
2024-12-18 14:13:27 [INFO] Worker 8: 向下滑動: 223 像素，並等待 3.8232234030925825 秒
2024-12-18 14:13:27 [INFO] Worker 3: 向下滑動: 351 像素，並等待 3.1325638999672902 秒
2024-12-18 14:13:29 [INFO] Worker 2: 向下滑動: 316 像素，並等待 4.311525901598719 秒
2024-12-18 14:13:30 [INFO] Worker 1: 向下滑動: 303 像素，並等待 4.389867233820089 秒
2024-12-18 14:13:30 [INFO] Worker 6: 向下滑動: 229 像素，並等待 4.214158569369864 秒
2024-12-18 14:13:30 [INFO] Worker 4: 向下滑動: 365 像素，並等待 4.173734763900954 秒
2024-12-18 14:13:30 [INFO] Worker 7: 向下滑動: 368 像素，並等待 4.591811694402088 秒
2024-12-18 14:13:31 [INFO] Worker 3: 向下滑動: 374 像素，並等待 3.3041066101534033 秒
2024-12-18 14:13:31 [INFO] Worker 5: 向下滑動: 278 像素，並等待 3.722458346362739 秒
2024-12-18 14:13:32 [INFO] Worker 8: 向下滑動: 392 像素，並等待 4.603936032660453 秒
2024-12-18 14:13:33 [INFO] Worker 2: 向下滑動: 353 像素，並等待 3.865785321425811 秒
2024-12-18 14:13:34 [INFO] Worker 4: 向下滑動: 381 像素，並等待 3.4270759487890134 秒
2024-12-18 14:13:34 [INFO] Worker 6: 向下滑動: 263 像素，並等待 3.644252150723286 秒
2024-12-18 14:13:34 [INFO] Worker 5: 向下滑動: 267 像素，並等待 3.5608019317198907 秒
2024-12-18 14:13:35 [INFO] Worker 1: 向下滑動: 315 像素，並等待 4.918968290995002 秒
2024-12-18 14:13:35 [INFO] Worker 3: 向下滑動: 294 像素，並等待 4.117198712082804 秒
2024-12-18 14:13:35 [INFO] Worker 7: 向下滑動: 311 像素，並等待 4.326706234778312 秒
2024-12-18 14:13:35 [INFO] Worker 8: 向下滑動: 371 像素，並等待 3.5245832423461962 秒
2024-12-18 14:13:37 [INFO] Worker 6: 向下滑動: 382 像素，並等待 3.1839888580071807 秒
2024-12-18 14:13:37 [INFO] Worker 2: 向下滑動: 251 像素，並等待 4.078942145582509 秒
2024-12-18 14:13:38 [INFO] Worker 5: 向下滑動: 302 像素，並等待 3.446321223194855 秒
2024-12-18 14:13:38 [INFO] Worker 7: 向下滑動: 225 像素，並等待 3.1091438376549196 秒
2024-12-18 14:13:38 [INFO] Worker 4: 向下滑動: 238 像素，並等待 4.523283780312769 秒
2024-12-18 14:13:38 [INFO] Worker 3: 向下滑動: 386 像素，並等待 3.6305788801479872 秒
2024-12-18 14:13:38 [INFO] Worker 1: 向下滑動: 379 像素，並等待 3.7886476394941613 秒
2024-12-18 14:13:39 [INFO] Worker 8: 向下滑動: 378 像素，並等待 3.7051859602982278 秒
2024-12-18 14:13:40 [INFO] Worker 6: 向下滑動: 369 像素，並等待 3.3499319442869613 秒
2024-12-18 14:13:41 [INFO] Worker 2: 向下滑動: 233 像素，並等待 3.379960997366984 秒
2024-12-18 14:13:41 [INFO] Worker 5: 向下滑動: 220 像素，並等待 3.648885834782427 秒
2024-12-18 14:13:42 [INFO] Worker 7: 向下滑動: 215 像素，並等待 4.15782345664318 秒
2024-12-18 14:13:42 [INFO] Worker 1: 向下滑動: 388 像素，並等待 3.745452797238806 秒
2024-12-18 14:13:43 [INFO] Worker 4: 向下滑動: 298 像素，並等待 4.540745105665369 秒
2024-12-18 14:13:43 [INFO] Worker 6: 帳號 66935324825 的任務已結束
2024-12-18 14:13:43 [INFO] Worker 9: 開始處理帳號 66991704166
2024-12-18 14:13:43 [INFO] Worker 3: 向下滑動: 250 像素，並等待 4.828046428987038 秒
2024-12-18 14:13:44 [INFO] Worker 8: 向下滑動: 356 像素，並等待 4.768666933384155 秒
2024-12-18 14:13:44 [INFO] Worker 5: 帳號 66619622845 的任務已結束
2024-12-18 14:13:44 [INFO] Worker 10: 開始處理帳號 66646155782
2024-12-18 14:13:45 [INFO] Worker 2: 向下滑動: 285 像素，並等待 4.032393803835592 秒
2024-12-18 14:13:46 [INFO] Worker 7: 向下滑動: 321 像素，並等待 3.7329051694919415 秒
2024-12-18 14:13:46 [INFO] Worker 1: 向下滑動: 384 像素，並等待 3.989852899410516 秒
2024-12-18 14:13:46 [INFO] Worker 4: 向下滑動: 352 像素，並等待 3.815010674999919 秒
2024-12-18 14:13:47 [INFO] Worker 3: 向下滑動: 373 像素，並等待 3.771336299614343 秒
2024-12-18 14:13:47 [INFO] Worker 8: 向下滑動: 270 像素，並等待 3.6341048963153053 秒
2024-12-18 14:13:49 [INFO] Worker 1: 向下滑動: 295 像素，並等待 3.150825718114196 秒
2024-12-18 14:13:49 [INFO] Worker 2: 向下滑動: 229 像素，並等待 4.784210667650112 秒
2024-12-18 14:13:50 [INFO] Worker 9: 代理 kamoney03.ddns.net:24009 設置成功
2024-12-18 14:13:50 [INFO] Worker 7: 向下滑動: 354 像素，並等待 3.917387395367733 秒
2024-12-18 14:13:50 [INFO] Worker 3: 向下滑動: 309 像素，並等待 3.340120358696761 秒
2024-12-18 14:13:51 [INFO] Worker 9: Cookies 已加載成功: cookies\66991704166_cookies.json
2024-12-18 14:13:51 [INFO] Worker 4: 向下滑動: 311 像素，並等待 4.233843965235418 秒
2024-12-18 14:13:51 [INFO] Worker 8: 向下滑動: 386 像素，並等待 3.3419809653608974 秒
2024-12-18 14:13:51 [INFO] Worker 10: 代理 kamoney03.ddns.net:24010 設置成功
2024-12-18 14:13:52 [INFO] Worker 10: Cookies 已加載成功: cookies\66646155782_cookies.json
2024-12-18 14:13:53 [INFO] Worker 3: 帳號 66634899161 的任務已結束
2024-12-18 14:13:53 [INFO] Worker 11: 開始處理帳號 66643407753
2024-12-18 14:13:53 [INFO] Worker 1: 向下滑動: 275 像素，並等待 3.503250837378386 秒
2024-12-18 14:13:53 [INFO] Worker 2: 向下滑動: 321 像素，並等待 3.9003253097925406 秒
2024-12-18 14:13:54 [INFO] Worker 9: 帳號 66991704166 使用 cookies 成功登入
2024-12-18 14:13:54 [INFO] Worker 9: 登錄成功，開始處理帳號 66991704166 的操作...
2024-12-18 14:13:54 [INFO] Worker 9: 開始跳轉操作...
2024-12-18 14:13:54 [INFO] Worker 9: 正在開啟貼文: https://www.facebook.com/share/1HAVpvaRDF/
2024-12-18 14:13:54 [INFO] Worker 7: 向下滑動: 202 像素，並等待 4.195036072361987 秒
2024-12-18 14:13:54 [INFO] Worker 8: 向下滑動: 387 像素，並等待 3.416556704956635 秒
2024-12-18 14:13:54 [INFO] Worker 10: 帳號 66646155782 使用 cookies 成功登入
2024-12-18 14:13:54 [INFO] Worker 10: 登錄成功，開始處理帳號 66646155782 的操作...
2024-12-18 14:13:54 [INFO] Worker 10: 開始跳轉操作...
2024-12-18 14:13:54 [INFO] Worker 10: 正在開啟貼文: https://www.facebook.com/share/1HAVpvaRDF/
2024-12-18 14:13:55 [INFO] Worker 4: 向下滑動: 355 像素，並等待 4.175384245946114 秒
2024-12-18 14:13:56 [INFO] Worker 9 隨機停留 6 秒
2024-12-18 14:13:57 [INFO] Worker 2: 向下滑動: 293 像素，並等待 3.593098297064423 秒
2024-12-18 14:13:57 [INFO] Worker 1: 向下滑動: 298 像素，並等待 4.093606459455126 秒
2024-12-18 14:13:57 [INFO] Worker 10 隨機停留 8 秒
2024-12-18 14:13:59 [INFO] Worker 7: 向下滑動: 303 像素，並等待 4.866602636741388 秒
2024-12-18 14:13:59 [INFO] Worker 8: 向下滑動: 294 像素，並等待 4.792454290391774 秒
2024-12-18 14:14:00 [INFO] Worker 4: 向下滑動: 249 像素，並等待 4.883461106268084 秒
2024-12-18 14:14:00 [INFO] Worker 11: 代理 kamoney03.ddns.net:24011 設置成功
2024-12-18 14:14:00 [INFO] Worker 1: 向下滑動: 251 像素，並等待 3.0719175659680964 秒
2024-12-18 14:14:01 [INFO] Worker 11: Cookies 已加載成功: cookies\66643407753_cookies.json
2024-12-18 14:14:01 [INFO] Worker 2: 向下滑動: 241 像素，並等待 4.044701657263381 秒
2024-12-18 14:14:02 [INFO] Worker 9: 貼文已按過讚，無需重複操作
2024-12-18 14:14:02 [INFO] Worker 9 按讚後隨機停留 4 秒
2024-12-18 14:14:02 [INFO] Worker 4: 帳號 66637943259 的任務已結束
2024-12-18 14:14:02 [INFO] Worker 12: 開始處理帳號 66954958462
2024-12-18 14:14:03 [INFO] Worker 7: 向下滑動: 258 像素，並等待 4.049011389401361 秒
2024-12-18 14:14:03 [INFO] Worker 11: 帳號 66643407753 使用 cookies 成功登入
2024-12-18 14:14:03 [INFO] Worker 11: 登錄成功，開始處理帳號 66643407753 的操作...
2024-12-18 14:14:03 [INFO] Worker 11: 開始跳轉操作...
2024-12-18 14:14:03 [INFO] Worker 11: 正在開啟貼文: https://www.facebook.com/share/1HAVpvaRDF/
2024-12-18 14:14:04 [INFO] Worker 8: 向下滑動: 211 像素，並等待 4.942151103053312 秒
2024-12-18 14:14:04 [INFO] Worker 1: 向下滑動: 220 像素，並等待 4.34649607546974 秒
2024-12-18 14:14:05 [INFO] Worker 2: 向下滑動: 249 像素，並等待 3.779014967903556 秒
2024-12-18 14:14:05 [INFO] Worker 10: 貼文已按過讚，無需重複操作
2024-12-18 14:14:05 [INFO] Worker 10 按讚後隨機停留 3 秒
2024-12-18 14:14:06 [INFO] Worker 9: 正在開啟網站: https://lihi.cc/fCuUd
2024-12-18 14:14:06 [INFO] Worker 11 隨機停留 8 秒
2024-12-18 14:14:06 [INFO] Worker 8: 瀏覽器已關閉，任務已完成
2024-12-18 14:14:06 [INFO] Worker 8: 帳號 66823237283 的任務已結束
2024-12-18 14:14:06 [INFO] Worker 13: 開始處理帳號 66804035563
2024-12-18 14:14:07 [INFO] Worker 7: 向下滑動: 201 像素，並等待 3.965760494103779 秒
2024-12-18 14:14:08 [INFO] Worker 1: 向下滑動: 283 像素，並等待 3.153763894924353 秒
2024-12-18 14:14:08 [INFO] Worker 9 隨機停留時間: 174 秒
2024-12-18 14:14:08 [INFO] Worker 10: 正在開啟網站: https://lihi.cc/fCuUd
2024-12-18 14:14:09 [INFO] Worker 12: 代理 kamoney03.ddns.net:24012 設置成功
2024-12-18 14:14:09 [INFO] Worker 2: 向下滑動: 271 像素，並等待 4.636557616141815 秒
2024-12-18 14:14:10 [INFO] Worker 10 隨機停留時間: 163 秒
2024-12-18 14:14:10 [INFO] Worker 1: 帳號 66634899161 的任務已結束
2024-12-18 14:14:10 [INFO] Worker 14: 開始處理帳號 66823121944
2024-12-18 14:14:10 [INFO] Worker 7: 向下滑動: 204 像素，並等待 3.4505004991217243 秒
2024-12-18 14:14:10 [INFO] Worker 12: Cookies 已加載成功: cookies\66954958462_cookies.json
2024-12-18 14:14:12 [INFO] Worker 9: 向下滑動: 347 像素，並等待 4.206771676492076 秒
2024-12-18 14:14:12 [INFO] Worker 2: 向下滑動: 203 像素，並等待 3.020336714621743 秒
2024-12-18 14:14:13 [INFO] Worker 12: 帳號 66954958462 使用 cookies 成功登入
2024-12-18 14:14:13 [INFO] Worker 12: 登錄成功，開始處理帳號 66954958462 的操作...
2024-12-18 14:14:13 [INFO] Worker 12: 開始跳轉操作...
2024-12-18 14:14:13 [INFO] Worker 12: 正在開啟貼文: https://www.facebook.com/share/1HAVpvaRDF/
2024-12-18 14:14:13 [INFO] Worker 7: 帳號 66990183891 的任務已結束
2024-12-18 14:14:13 [INFO] Worker 15: 開始處理帳號 66814785452
2024-12-18 14:14:13 [INFO] Worker 13: 代理 kamoney03.ddns.net:24013 設置成功
2024-12-18 14:14:14 [INFO] Worker 11: 貼文已按過讚，無需重複操作
2024-12-18 14:14:14 [INFO] Worker 11 按讚後隨機停留 5 秒
2024-12-18 14:14:14 [INFO] Worker 10: 向下滑動: 342 像素，並等待 3.9505903924585173 秒
2024-12-18 14:14:15 [INFO] Worker 13: Cookies 已加載成功: cookies\66804035563_cookies.json
2024-12-18 14:14:15 [INFO] Worker 2: 帳號 66637943259 的任務已結束
2024-12-18 14:14:16 [INFO] Worker 13: 帳號 66804035563 使用 cookies 成功登入
2024-12-18 14:14:16 [INFO] Worker 13: 登錄成功，開始處理帳號 66804035563 的操作...
2024-12-18 14:14:16 [INFO] Worker 13: 開始跳轉操作...
2024-12-18 14:14:16 [INFO] Worker 13: 正在開啟貼文: https://www.facebook.com/share/1HAVpvaRDF/
2024-12-18 14:14:17 [INFO] Worker 9: 向下滑動: 362 像素，並等待 4.785529946841889 秒
2024-12-18 14:14:17 [INFO] Worker 10: 向下滑動: 338 像素，並等待 3.0229148946435798 秒
2024-12-18 14:14:17 [INFO] Worker 14: 代理 kamoney03.ddns.net:24014 設置成功
2024-12-18 14:14:18 [INFO] Worker 14: Cookies 已加載成功: cookies\66823121944_cookies.json
2024-12-18 14:14:19 [INFO] Worker 11: 正在開啟網站: https://lihi.cc/fCuUd
2024-12-18 14:14:19 [INFO] Worker 13 隨機停留 7 秒
2024-12-18 14:14:21 [INFO] Worker 9: 向下滑動: 233 像素，並等待 3.8682739623247535 秒
2024-12-18 14:14:21 [INFO] Worker 15: 代理 kamoney03.ddns.net:24015 設置成功
2024-12-18 14:14:21 [INFO] Worker 10: 向下滑動: 290 像素，並等待 4.278943587681581 秒
2024-12-18 14:14:21 [INFO] Worker 11 隨機停留時間: 156 秒
2024-12-18 14:14:22 [INFO] Worker 14: 帳號 66823121944 使用 cookies 成功登入
2024-12-18 14:14:22 [INFO] Worker 14: 登錄成功，開始處理帳號 66823121944 的操作...
2024-12-18 14:14:22 [INFO] Worker 14: 開始跳轉操作...
2024-12-18 14:14:22 [INFO] Worker 14: 正在開啟貼文: https://www.facebook.com/share/1HAVpvaRDF/
2024-12-18 14:14:22 [INFO] Worker 15: Cookies 已加載成功: cookies\66814785452_cookies.json
2024-12-18 14:14:24 [INFO] Worker 9: 向下滑動: 268 像素，並等待 3.591293243584193 秒
2024-12-18 14:14:24 [INFO] Worker 14 隨機停留 7 秒
2024-12-18 14:14:25 [INFO] Worker 11: 向下滑動: 346 像素，並等待 3.507783194149148 秒
2024-12-18 14:14:25 [INFO] Worker 12 隨機停留 8 秒
2024-12-18 14:14:26 [INFO] Worker 10: 向下滑動: 362 像素，並等待 4.4280460297860325 秒
2024-12-18 14:14:26 [INFO] Worker 13: 貼文已按過讚，無需重複操作
2024-12-18 14:14:26 [INFO] Worker 13 按讚後隨機停留 5 秒
2024-12-18 14:14:29 [INFO] Worker 9: 向下滑動: 200 像素，並等待 4.486825466008214 秒
2024-12-18 14:14:29 [INFO] Worker 10: 向下滑動: 365 像素，並等待 3.239161630108735 秒
2024-12-18 14:14:29 [INFO] Worker 11: 向下滑動: 391 像素，並等待 4.402617020991785 秒
2024-12-18 14:14:29 [INFO] Worker 15: 帳號 66814785452 使用 cookies 成功登入
2024-12-18 14:14:29 [INFO] Worker 15: 登錄成功，開始處理帳號 66814785452 的操作...
2024-12-18 14:14:29 [INFO] Worker 15: 開始跳轉操作...
2024-12-18 14:14:29 [INFO] Worker 15: 正在開啟貼文: https://www.facebook.com/share/1HAVpvaRDF/
2024-12-18 14:14:31 [INFO] Worker 13: 正在開啟網站: https://lihi.cc/fCuUd
2024-12-18 14:14:31 [INFO] Worker 14: 貼文已按過讚，無需重複操作
2024-12-18 14:14:31 [INFO] Worker 14 按讚後隨機停留 4 秒
2024-12-18 14:14:32 [INFO] Worker 15 隨機停留 8 秒
2024-12-18 14:14:33 [INFO] Worker 13 隨機停留時間: 192 秒
2024-12-18 14:14:33 [INFO] Worker 9: 向下滑動: 329 像素，並等待 4.465127994920779 秒
2024-12-18 14:14:34 [INFO] Worker 10: 向下滑動: 290 像素，並等待 4.777907878896037 秒
2024-12-18 14:14:34 [INFO] Worker 12: 貼文已按過讚，無需重複操作
2024-12-18 14:14:34 [INFO] Worker 12 按讚後隨機停留 4 秒
2024-12-18 14:14:34 [INFO] Worker 11: 向下滑動: 245 像素，並等待 4.840590774564075 秒
2024-12-18 14:14:35 [INFO] Worker 14: 正在開啟網站: https://lihi.cc/fCuUd
2024-12-18 14:14:36 [INFO] Worker 13: 向下滑動: 202 像素，並等待 3.185818385629698 秒
2024-12-18 14:14:37 [INFO] Worker 9: 向下滑動: 251 像素，並等待 3.662034215318326 秒
2024-12-18 14:14:37 [INFO] Worker 10: 向下滑動: 290 像素，並等待 3.0982500240675495 秒
2024-12-18 14:14:38 [INFO] Worker 14 隨機停留時間: 159 秒
2024-12-18 14:14:38 [INFO] Worker 12: 正在開啟網站: https://lihi.cc/fCuUd
2024-12-18 14:14:38 [INFO] Worker 11: 向下滑動: 348 像素，並等待 4.378333656098345 秒
2024-12-18 14:14:40 [INFO] Worker 15: 貼文已按過讚，無需重複操作
2024-12-18 14:14:40 [INFO] Worker 15 按讚後隨機停留 4 秒
2024-12-18 14:14:40 [INFO] Worker 12 隨機停留時間: 171 秒
2024-12-18 14:14:40 [INFO] Worker 10: 向下滑動: 277 像素，並等待 3.4150836895651073 秒
2024-12-18 14:14:40 [INFO] Worker 13: 向下滑動: 276 像素，並等待 4.2022319999452 秒
2024-12-18 14:14:41 [INFO] Worker 9: 向下滑動: 265 像素，並等待 4.263958943526863 秒
2024-12-18 14:14:42 [INFO] Worker 14: 向下滑動: 258 像素，並等待 4.133881604425913 秒
2024-12-18 14:14:43 [INFO] Worker 12: 向下滑動: 284 像素，並等待 3.411303213466824 秒
2024-12-18 14:14:43 [INFO] Worker 11: 向下滑動: 250 像素，並等待 4.73243576159924 秒
2024-12-18 14:14:44 [INFO] Worker 13: 向下滑動: 303 像素，並等待 3.188559816988695 秒
2024-12-18 14:14:44 [INFO] Worker 15: 正在開啟網站: https://lihi.cc/fCuUd
2024-12-18 14:14:44 [INFO] Worker 9: 向下滑動: 370 像素，並等待 3.0169433256959794 秒
2024-12-18 14:14:45 [INFO] Worker 10: 向下滑動: 374 像素，並等待 4.662863345848688 秒
2024-12-18 14:14:45 [INFO] Worker 15 隨機停留時間: 169 秒
2024-12-18 14:14:46 [INFO] Worker 11: 向下滑動: 348 像素，並等待 3.248155660678438 秒
2024-12-18 14:14:46 [INFO] Worker 14: 向下滑動: 366 像素，並等待 4.721738378504359 秒
2024-12-18 14:14:47 [INFO] Worker 12: 向下滑動: 246 像素，並等待 4.025182959778596 秒
2024-12-18 14:14:48 [INFO] Worker 13: 向下滑動: 313 像素，並等待 4.796365703975688 秒
2024-12-18 14:14:49 [INFO] Worker 15: 向下滑動: 293 像素，並等待 3.4240084996576243 秒
2024-12-18 14:14:49 [INFO] Worker 9: 向下滑動: 205 像素，並等待 4.839950114143539 秒
2024-12-18 14:14:50 [INFO] Worker 10: 向下滑動: 303 像素，並等待 4.608337735829529 秒
2024-12-18 14:14:50 [INFO] Worker 11: 向下滑動: 338 像素，並等待 3.639672039685844 秒
2024-12-18 14:14:51 [INFO] Worker 14: 向下滑動: 204 像素，並等待 4.223431047752588 秒
2024-12-18 14:14:51 [INFO] Worker 12: 向下滑動: 239 像素，並等待 3.9674949703078806 秒
2024-12-18 14:14:52 [INFO] Worker 15: 向下滑動: 381 像素，並等待 3.017454208411812 秒
2024-12-18 14:14:52 [INFO] Worker 9: 向下滑動: 346 像素，並等待 3.032917495988275 秒
2024-12-18 14:14:52 [INFO] Worker 13: 向下滑動: 270 像素，並等待 3.8656505991708974 秒
2024-12-18 14:14:54 [INFO] Worker 11: 向下滑動: 321 像素，並等待 3.6406931880722873 秒
2024-12-18 14:14:54 [INFO] Worker 14: 向下滑動: 327 像素，並等待 3.4375137354916774 秒
2024-12-18 14:14:54 [INFO] Worker 10: 向下滑動: 294 像素，並等待 4.771861838470264 秒
2024-12-18 14:14:55 [INFO] Worker 12: 向下滑動: 380 像素，並等待 3.4127786842927503 秒
2024-12-18 14:14:55 [INFO] Worker 9: 向下滑動: 335 像素，並等待 3.087353424735656 秒
2024-12-18 14:14:55 [INFO] Worker 15: 向下滑動: 255 像素，並等待 3.3363103317256533 秒
2024-12-18 14:14:55 [INFO] Worker 13: 向下滑動: 333 像素，並等待 3.2219981644271543 秒
2024-12-18 14:14:58 [INFO] Worker 12: 向下滑動: 365 像素，並等待 3.123519256506337 秒
2024-12-18 14:14:58 [INFO] Worker 10: 向下滑動: 248 像素，並等待 3.33882351353825 秒
2024-12-18 14:14:58 [INFO] Worker 11: 向下滑動: 394 像素，並等待 4.066914633094715 秒
2024-12-18 14:14:59 [INFO] Worker 14: 向下滑動: 259 像素，並等待 4.923225776717919 秒
2024-12-18 14:14:59 [INFO] Worker 15: 向下滑動: 347 像素，並等待 3.9978036719268197 秒
2024-12-18 14:14:59 [INFO] Worker 9: 向下滑動: 289 像素，並等待 4.410712668480269 秒
2024-12-18 14:15:00 [INFO] Worker 13: 向下滑動: 216 像素，並等待 4.712458928752679 秒
2024-12-18 14:15:01 [INFO] Worker 10: 向下滑動: 343 像素，並等待 3.4816544706252763 秒
2024-12-18 14:15:02 [INFO] Worker 12: 向下滑動: 381 像素，並等待 4.139596546563152 秒
2024-12-18 14:15:03 [INFO] Worker 15: 向下滑動: 322 像素，並等待 3.3005645202008065 秒
2024-12-18 14:15:03 [INFO] Worker 11: 向下滑動: 346 像素，並等待 4.804498510673291 秒
2024-12-18 14:15:03 [INFO] Worker 13: 向下滑動: 238 像素，並等待 3.112562552231526 秒
2024-12-18 14:15:03 [INFO] Worker 14: 向下滑動: 252 像素，並等待 4.246204169513311 秒
2024-12-18 14:15:04 [INFO] Worker 9: 向下滑動: 274 像素，並等待 4.671340842604312 秒
2024-12-18 14:15:04 [INFO] Worker 10: 向下滑動: 308 像素，並等待 3.301749868739082 秒
2024-12-18 14:15:06 [INFO] Worker 15: 向下滑動: 330 像素，並等待 3.6879961351249593 秒
2024-12-18 14:15:06 [INFO] Worker 11: 向下滑動: 314 像素，並等待 3.840576718601589 秒
2024-12-18 14:15:07 [INFO] Worker 12: 向下滑動: 332 像素，並等待 4.716648377980437 秒
2024-12-18 14:15:07 [INFO] Worker 13: 向下滑動: 206 像素，並等待 3.8107617644235723 秒
2024-12-18 14:15:08 [INFO] Worker 14: 向下滑動: 210 像素，並等待 4.409844767159649 秒
2024-12-18 14:15:08 [INFO] Worker 10: 向下滑動: 360 像素，並等待 3.262290361793909 秒
2024-12-18 14:15:08 [INFO] Worker 9: 向下滑動: 209 像素，並等待 4.020661502297939 秒
2024-12-18 14:15:10 [INFO] Worker 15: 向下滑動: 203 像素，並等待 3.320617462657534 秒
2024-12-18 14:15:10 [INFO] Worker 13: 向下滑動: 258 像素，並等待 3.282800556897657 秒
2024-12-18 14:15:11 [INFO] Worker 11: 向下滑動: 342 像素，並等待 4.185167762390915 秒
2024-12-18 14:15:11 [INFO] Worker 10: 向下滑動: 231 像素，並等待 3.080068612282264 秒
2024-12-18 14:15:11 [INFO] Worker 12: 向下滑動: 304 像素，並等待 4.565349536479571 秒
2024-12-18 14:15:11 [INFO] Worker 14: 向下滑動: 206 像素，並等待 3.634266026291567 秒
2024-12-18 14:15:12 [INFO] Worker 9: 向下滑動: 363 像素，並等待 3.5687442518751857 秒
2024-12-18 14:15:13 [INFO] Worker 15: 向下滑動: 334 像素，並等待 3.6477250323699026 秒
2024-12-18 14:15:14 [INFO] Worker 13: 向下滑動: 247 像素，並等待 3.683014010664853 秒
2024-12-18 14:15:14 [INFO] Worker 14: 向下滑動: 345 像素，並等待 3.091151654763325 秒
2024-12-18 14:15:15 [INFO] Worker 11: 向下滑動: 345 像素，並等待 4.015028191896422 秒
2024-12-18 14:15:15 [INFO] Worker 10: 向下滑動: 357 像素，並等待 4.2379816119660525 秒
2024-12-18 14:15:15 [INFO] Worker 12: 向下滑動: 264 像素，並等待 3.9581026342402423 秒
2024-12-18 14:15:16 [INFO] Worker 15: 向下滑動: 388 像素，並等待 3.19889937319158 秒
2024-12-18 14:15:17 [INFO] Worker 9: 向下滑動: 280 像素，並等待 4.871086708356196 秒
2024-12-18 14:15:18 [INFO] Worker 13: 向下滑動: 245 像素，並等待 3.744193457004698 秒
2024-12-18 14:15:18 [INFO] Worker 10: 向下滑動: 332 像素，並等待 3.0215529562396064 秒
2024-12-18 14:15:18 [INFO] Worker 11: 向下滑動: 214 像素，並等待 3.6640367566078935 秒
2024-12-18 14:15:19 [INFO] Worker 12: 向下滑動: 231 像素，並等待 4.04444176919285 秒
2024-12-18 14:15:19 [INFO] Worker 14: 向下滑動: 382 像素，並等待 4.996603916583637 秒
2024-12-18 14:15:21 [INFO] Worker 15: 向下滑動: 254 像素，並等待 4.286241740927958 秒
2024-12-18 14:15:21 [INFO] Worker 9: 向下滑動: 357 像素，並等待 4.716289439653514 秒
2024-12-18 14:15:21 [INFO] Worker 10: 向下滑動: 231 像素，並等待 3.309921105864225 秒
2024-12-18 14:15:21 [INFO] Worker 13: 向下滑動: 242 像素，並等待 3.6872570764033097 秒
2024-12-18 14:15:23 [INFO] Worker 11: 向下滑動: 378 像素，並等待 4.847847926214477 秒
2024-12-18 14:15:24 [INFO] Worker 12: 向下滑動: 236 像素，並等待 4.422985809208428 秒
2024-12-18 14:15:24 [INFO] Worker 14: 向下滑動: 254 像素，並等待 4.125672607195073 秒
2024-12-18 14:15:25 [INFO] Worker 13: 向下滑動: 375 像素，並等待 3.045889694011299 秒
2024-12-18 14:15:25 [INFO] Worker 9: 向下滑動: 252 像素，並等待 4.009706535407739 秒
2024-12-18 14:15:26 [INFO] Worker 15: 向下滑動: 324 像素，並等待 4.951374531990597 秒
2024-12-18 14:15:26 [INFO] Worker 10: 向下滑動: 270 像素，並等待 4.657358423108809 秒
2024-12-18 14:15:26 [INFO] Worker 11: 向下滑動: 273 像素，並等待 3.189907390133892 秒
2024-12-18 14:15:27 [INFO] Worker 14: 向下滑動: 400 像素，並等待 3.0469421233626917 秒
2024-12-18 14:15:28 [INFO] Worker 12: 向下滑動: 297 像素，並等待 4.230888009488939 秒
2024-12-18 14:15:29 [INFO] Worker 13: 向下滑動: 338 像素，並等待 4.853840647013615 秒
2024-12-18 14:15:30 [INFO] Worker 15: 向下滑動: 239 像素，並等待 4.104253434063092 秒
2024-12-18 14:15:30 [INFO] Worker 9: 向下滑動: 251 像素，並等待 4.549967032195218 秒
2024-12-18 14:15:30 [INFO] Worker 10: 向下滑動: 346 像素，並等待 4.125927621443334 秒
2024-12-18 14:15:30 [INFO] Worker 11: 向下滑動: 383 像素，並等待 3.902497602163021 秒
2024-12-18 14:15:31 [INFO] Worker 14: 向下滑動: 229 像素，並等待 4.479419606148846 秒
2024-12-18 14:15:32 [INFO] Worker 12: 向下滑動: 206 像素，並等待 4.620092390349303 秒
2024-12-18 14:15:34 [INFO] Worker 15: 向下滑動: 263 像素，並等待 3.9995054547627604 秒
2024-12-18 14:15:34 [INFO] Worker 10: 向下滑動: 292 像素，並等待 3.585235439317712 秒
2024-12-18 14:15:34 [INFO] Worker 13: 向下滑動: 392 像素，並等待 4.629141235158411 秒
2024-12-18 14:15:35 [INFO] Worker 9: 向下滑動: 259 像素，並等待 4.708767053749687 秒
2024-12-18 14:15:35 [INFO] Worker 11: 向下滑動: 314 像素，並等待 4.454372261013313 秒
2024-12-18 14:15:36 [INFO] Worker 14: 向下滑動: 305 像素，並等待 4.706666115126639 秒
2024-12-18 14:15:37 [INFO] Worker 12: 向下滑動: 203 像素，並等待 4.271817302286017 秒
2024-12-18 14:15:37 [INFO] Worker 15: 向下滑動: 293 像素，並等待 3.2420010658326786 秒
2024-12-18 14:15:38 [INFO] Worker 13: 向下滑動: 214 像素，並等待 3.553890459783484 秒
2024-12-18 14:15:38 [INFO] Worker 9: 向下滑動: 362 像素，並等待 3.0391775667446117 秒
2024-12-18 14:15:38 [INFO] Worker 10: 向下滑動: 203 像素，並等待 3.896417860172699 秒
2024-12-18 14:15:38 [INFO] Worker 11: 向下滑動: 267 像素，並等待 3.4669120706947516 秒
2024-12-18 14:15:40 [INFO] Worker 14: 向下滑動: 286 像素，並等待 4.491305622997453 秒
2024-12-18 14:15:41 [INFO] Worker 12: 向下滑動: 238 像素，並等待 4.080321453929104 秒
2024-12-18 14:15:41 [INFO] Worker 9: 向下滑動: 260 像素，並等待 3.6006167457532023 秒
2024-12-18 14:15:41 [INFO] Worker 11: 向下滑動: 268 像素，並等待 3.1906431068781806 秒
2024-12-18 14:15:42 [INFO] Worker 15: 向下滑動: 382 像素，並等待 4.6362951842532105 秒
2024-12-18 14:15:42 [INFO] Worker 10: 向下滑動: 251 像素，並等待 4.0742499661396145 秒
2024-12-18 14:15:42 [INFO] Worker 13: 向下滑動: 266 像素，並等待 4.799741455884906 秒
2024-12-18 14:15:44 [INFO] Worker 14: 向下滑動: 249 像素，並等待 3.2297008676891346 秒
2024-12-18 14:15:45 [INFO] Worker 15: 向下滑動: 277 像素，並等待 3.2209219483865774 秒
2024-12-18 14:15:45 [INFO] Worker 12: 向下滑動: 334 像素，並等待 4.6770163426359 秒
2024-12-18 14:15:46 [INFO] Worker 9: 向下滑動: 243 像素，並等待 4.283759567130572 秒
2024-12-18 14:15:46 [INFO] Worker 11: 向下滑動: 282 像素，並等待 4.269210678274475 秒
2024-12-18 14:15:46 [INFO] Worker 10: 向下滑動: 339 像素，並等待 3.908573082868025 秒
2024-12-18 14:15:47 [INFO] Worker 13: 向下滑動: 394 像素，並等待 4.886683151188016 秒
2024-12-18 14:15:48 [INFO] Worker 14: 向下滑動: 226 像素，並等待 4.283126160012977 秒
2024-12-18 14:15:48 [INFO] Worker 15: 向下滑動: 375 像素，並等待 3.0881846884075905 秒
2024-12-18 14:15:49 [INFO] Worker 11: 向下滑動: 344 像素，並等待 3.61984732432573 秒
2024-12-18 14:15:50 [INFO] Worker 9: 向下滑動: 204 像素，並等待 4.035939771276645 秒
2024-12-18 14:15:50 [INFO] Worker 12: 向下滑動: 293 像素，並等待 4.55165861156304 秒
2024-12-18 14:15:51 [INFO] Worker 10: 向下滑動: 200 像素，並等待 4.819863004013341 秒
2024-12-18 14:15:51 [INFO] Worker 13: 向下滑動: 207 像素，並等待 3.47736794860099 秒
2024-12-18 14:15:51 [INFO] Worker 14: 向下滑動: 345 像素，並等待 3.044398695716593 秒
2024-12-18 14:15:52 [INFO] Worker 15: 向下滑動: 297 像素，並等待 3.893004212929281 秒
2024-12-18 14:15:52 [INFO] Worker 11: 向下滑動: 340 像素，並等待 3.1426675301868743 秒
2024-12-18 14:15:53 [INFO] Worker 9: 向下滑動: 333 像素，並等待 3.3208484027666616 秒
2024-12-18 14:15:53 [INFO] Worker 12: 向下滑動: 357 像素，並等待 3.2804870869117906 秒
2024-12-18 14:15:54 [INFO] Worker 13: 向下滑動: 349 像素，並等待 3.5202325773739314 秒
2024-12-18 14:15:55 [INFO] Worker 10: 向下滑動: 297 像素，並等待 4.7281363731032675 秒
2024-12-18 14:15:56 [INFO] Worker 14: 向下滑動: 298 像素，並等待 4.653040476127316 秒
2024-12-18 14:15:56 [INFO] Worker 15: 向下滑動: 320 像素，並等待 3.9529793203703356 秒
2024-12-18 14:15:57 [INFO] Worker 12: 向下滑動: 240 像素，並等待 3.2394565709074596 秒
2024-12-18 14:15:57 [INFO] Worker 9: 向下滑動: 205 像素，並等待 3.742989593479047 秒
2024-12-18 14:15:57 [INFO] Worker 11: 向下滑動: 243 像素，並等待 4.969668429365345 秒
2024-12-18 14:15:58 [INFO] Worker 13: 向下滑動: 374 像素，並等待 3.6687560324681536 秒
2024-12-18 14:15:59 [INFO] Worker 14: 向下滑動: 302 像素，並等待 3.0679788746815952 秒
2024-12-18 14:16:00 [INFO] Worker 10: 向下滑動: 267 像素，並等待 4.475562331285344 秒
2024-12-18 14:16:00 [INFO] Worker 15: 向下滑動: 315 像素，並等待 4.578320972990853 秒
2024-12-18 14:16:01 [INFO] Worker 12: 向下滑動: 347 像素，並等待 4.235468384280381 秒
2024-12-18 14:16:01 [INFO] Worker 13: 向下滑動: 303 像素，並等待 3.1236031403230182 秒
2024-12-18 14:16:01 [INFO] Worker 9: 向下滑動: 314 像素，並等待 4.740881750407339 秒
2024-12-18 14:16:02 [INFO] Worker 14: 向下滑動: 333 像素，並等待 3.3748783985432986 秒
2024-12-18 14:16:02 [INFO] Worker 11: 向下滑動: 232 像素，並等待 4.599873704995263 秒
2024-12-18 14:16:03 [INFO] Worker 10: 向下滑動: 348 像素，並等待 3.5861123034933575 秒
2024-12-18 14:16:04 [INFO] Worker 12: 向下滑動: 200 像素，並等待 3.5777449905549235 秒
2024-12-18 14:16:05 [INFO] Worker 9: 向下滑動: 316 像素，並等待 3.2413265087558116 秒
2024-12-18 14:16:05 [INFO] Worker 14: 向下滑動: 231 像素，並等待 3.1949625315899652 秒
2024-12-18 14:16:05 [INFO] Worker 15: 向下滑動: 351 像素，並等待 4.826406578147154 秒
2024-12-18 14:16:06 [INFO] Worker 13: 向下滑動: 324 像素，並等待 4.497149398082898 秒
2024-12-18 14:16:06 [INFO] Worker 11: 向下滑動: 362 像素，並等待 3.6621275587766675 秒
2024-12-18 14:16:06 [INFO] Worker 10: 向下滑動: 351 像素，並等待 3.0021923451052377 秒
2024-12-18 14:16:08 [INFO] Worker 14: 向下滑動: 340 像素，並等待 3.1780790345327414 秒
2024-12-18 14:16:09 [INFO] Worker 12: 向下滑動: 207 像素，並等待 4.57267587427048 秒
2024-12-18 14:16:09 [INFO] Worker 11: 向下滑動: 244 像素，並等待 3.311384918282191 秒
2024-12-18 14:16:09 [INFO] Worker 10: 向下滑動: 389 像素，並等待 3.0625023312283197 秒
2024-12-18 14:16:09 [INFO] Worker 9: 向下滑動: 308 像素，並等待 4.7438366976834345 秒
2024-12-18 14:16:10 [INFO] Worker 15: 向下滑動: 362 像素，並等待 4.709331065052024 秒
2024-12-18 14:16:10 [INFO] Worker 13: 向下滑動: 337 像素，並等待 4.865506655204661 秒
2024-12-18 14:16:12 [INFO] Worker 14: 向下滑動: 368 像素，並等待 3.858087545132391 秒
2024-12-18 14:16:13 [INFO] Worker 12: 向下滑動: 251 像素，並等待 3.6748341406119756 秒
2024-12-18 14:16:13 [INFO] Worker 11: 向下滑動: 382 像素，並等待 3.7109057945441455 秒
2024-12-18 14:16:13 [INFO] Worker 9: 向下滑動: 209 像素，並等待 3.9963006284279503 秒
2024-12-18 14:16:14 [INFO] Worker 10: 向下滑動: 357 像素，並等待 4.373783795723371 秒
2024-12-18 14:16:14 [INFO] Worker 15: 向下滑動: 272 像素，並等待 3.8744370400375328 秒
2024-12-18 14:16:14 [INFO] Worker 13: 向下滑動: 215 像素，並等待 3.473964228480642 秒
2024-12-18 14:16:16 [INFO] Worker 14: 向下滑動: 288 像素，並等待 3.401833923511612 秒
2024-12-18 14:16:16 [INFO] Worker 11: 向下滑動: 202 像素，並等待 3.5368884289386324 秒
2024-12-18 14:16:17 [INFO] Worker 12: 向下滑動: 306 像素，並等待 4.169793592833457 秒
2024-12-18 14:16:17 [INFO] Worker 13: 向下滑動: 301 像素，並等待 3.3178157874485414 秒
2024-12-18 14:16:18 [INFO] Worker 9: 向下滑動: 379 像素，並等待 4.526027787941007 秒
2024-12-18 14:16:18 [INFO] Worker 10: 向下滑動: 340 像素，並等待 4.621754497165451 秒
2024-12-18 14:16:18 [INFO] Worker 15: 向下滑動: 354 像素，並等待 4.596492755969516 秒
2024-12-18 14:16:20 [INFO] Worker 14: 向下滑動: 208 像素，並等待 3.9751035355842994 秒
2024-12-18 14:16:20 [INFO] Worker 11: 向下滑動: 245 像素，並等待 4.114528062237666 秒
2024-12-18 14:16:20 [INFO] Worker 12: 向下滑動: 376 像素，並等待 3.61028615773011 秒
2024-12-18 14:16:22 [INFO] Worker 13: 向下滑動: 336 像素，並等待 4.268920206601807 秒
2024-12-18 14:16:22 [INFO] Worker 10: 向下滑動: 385 像素，並等待 3.14587814905176 秒
2024-12-18 14:16:22 [INFO] Worker 9: 向下滑動: 381 像素，並等待 4.006059075099192 秒
2024-12-18 14:16:22 [INFO] Worker 15: 向下滑動: 237 像素，並等待 3.8715251224795466 秒
2024-12-18 14:16:23 [INFO] Worker 14: 向下滑動: 365 像素，並等待 3.6057383498272415 秒
2024-12-18 14:16:24 [INFO] Worker 12: 向下滑動: 213 像素，並等待 3.5790677481859987 秒
2024-12-18 14:16:24 [INFO] Worker 11: 向下滑動: 330 像素，並等待 3.6347613851007186 秒
2024-12-18 14:16:25 [INFO] Worker 9: 向下滑動: 294 像素，並等待 3.3190802360422236 秒
2024-12-18 14:16:25 [INFO] Worker 15: 向下滑動: 340 像素，並等待 3.1107098084040223 秒
2024-12-18 14:16:26 [INFO] Worker 13: 向下滑動: 278 像素，並等待 4.38959051118018 秒
2024-12-18 14:16:26 [INFO] Worker 14: 向下滑動: 289 像素，並等待 3.0452121911346657 秒
2024-12-18 14:16:27 [INFO] Worker 11: 向下滑動: 400 像素，並等待 3.2452454762830687 秒
2024-12-18 14:16:28 [INFO] Worker 10: 向下滑動: 303 像素，並等待 4.2434701325630035 秒
2024-12-18 14:16:29 [INFO] Worker 12: 向下滑動: 380 像素，並等待 4.866987409044988 秒
2024-12-18 14:16:29 [INFO] Worker 14: 向下滑動: 230 像素，並等待 3.091567792939303 秒
2024-12-18 14:16:30 [INFO] Worker 13: 向下滑動: 368 像素，並等待 3.528559097840047 秒
2024-12-18 14:16:30 [INFO] Worker 15: 向下滑動: 204 像素，並等待 4.165108205648089 秒
2024-12-18 14:16:30 [INFO] Worker 9: 向下滑動: 230 像素，並等待 4.433596438056653 秒
2024-12-18 14:16:31 [INFO] Worker 11: 向下滑動: 271 像素，並等待 3.5502635343343756 秒
2024-12-18 14:16:32 [INFO] Worker 10: 向下滑動: 386 像素，並等待 3.6477525946114993 秒
2024-12-18 14:16:33 [INFO] Worker 9: 向下滑動: 359 像素，並等待 3.101733051263717 秒
2024-12-18 14:16:33 [INFO] Worker 12: 向下滑動: 213 像素，並等待 4.237327658050893 秒
2024-12-18 14:16:34 [INFO] Worker 14: 向下滑動: 246 像素，並等待 4.378881483457541 秒
2024-12-18 14:16:34 [INFO] Worker 13: 向下滑動: 321 像素，並等待 4.404850511489573 秒
2024-12-18 14:16:34 [INFO] Worker 11: 向下滑動: 308 像素，並等待 3.286324581223263 秒
2024-12-18 14:16:34 [INFO] Worker 15: 向下滑動: 394 像素，並等待 4.714017155321253 秒
2024-12-18 14:16:36 [INFO] Worker 10: 向下滑動: 248 像素，並等待 4.8858753055829895 秒
2024-12-18 14:16:37 [INFO] Worker 12: 向下滑動: 257 像素，並等待 3.8057542831257614 秒
2024-12-18 14:16:37 [INFO] Worker 14: 向下滑動: 349 像素，並等待 3.187040427575924 秒
2024-12-18 14:16:37 [INFO] Worker 13: 向下滑動: 370 像素，並等待 3.3610513585363075 秒
2024-12-18 14:16:38 [INFO] Worker 9: 向下滑動: 319 像素，並等待 4.744189726338295 秒
2024-12-18 14:16:38 [INFO] Worker 11: 向下滑動: 277 像素，並等待 3.4608396465608386 秒
2024-12-18 14:16:39 [INFO] Worker 15: 向下滑動: 261 像素，並等待 4.45635048051108 秒
2024-12-18 14:16:41 [INFO] Worker 12: 向下滑動: 330 像素，並等待 3.753666335488348 秒
2024-12-18 14:16:41 [INFO] Worker 14: 向下滑動: 247 像素，並等待 4.155385829058107 秒
2024-12-18 14:16:41 [INFO] Worker 10: 向下滑動: 303 像素，並等待 4.743624093907354 秒
2024-12-18 14:16:41 [INFO] Worker 13: 向下滑動: 389 像素，並等待 3.915657794980094 秒
2024-12-18 14:16:42 [INFO] Worker 11: 向下滑動: 351 像素，並等待 4.22571407018146 秒
2024-12-18 14:16:42 [INFO] Worker 9: 向下滑動: 286 像素，並等待 4.29486357190443 秒
2024-12-18 14:16:44 [INFO] Worker 15: 向下滑動: 307 像素，並等待 4.85106057604189 秒
2024-12-18 14:16:45 [INFO] Worker 12: 向下滑動: 341 像素，並等待 4.401743638143909 秒
2024-12-18 14:16:45 [INFO] Worker 13: 向下滑動: 321 像素，並等待 4.101024359947409 秒
2024-12-18 14:16:46 [INFO] Worker 10: 向下滑動: 221 像素，並等待 4.448067949747542 秒
2024-12-18 14:16:46 [INFO] Worker 14: 向下滑動: 385 像素，並等待 4.930372637820832 秒
2024-12-18 14:16:46 [INFO] Worker 9: 向下滑動: 357 像素，並等待 4.236098887054188 秒
2024-12-18 14:16:47 [INFO] Worker 11: 向下滑動: 250 像素，並等待 4.903555806794815 秒
2024-12-18 14:16:48 [INFO] Worker 15: 向下滑動: 362 像素，並等待 3.8608939620518683 秒
2024-12-18 14:16:49 [INFO] Worker 13: 向下滑動: 384 像素，並等待 3.6721165647569918 秒
2024-12-18 14:16:49 [INFO] Worker 12: 向下滑動: 308 像素，並等待 3.8891935879827493 秒
2024-12-18 14:16:51 [INFO] Worker 10: 向下滑動: 250 像素，並等待 4.847255782901186 秒
2024-12-18 14:16:51 [INFO] Worker 11: 向下滑動: 263 像素，並等待 3.817225704533624 秒
2024-12-18 14:16:51 [INFO] Worker 14: 向下滑動: 291 像素，並等待 4.535750045063022 秒
2024-12-18 14:16:51 [INFO] Worker 9: 向下滑動: 354 像素，並等待 4.743688462093026 秒
2024-12-18 14:16:52 [INFO] Worker 15: 向下滑動: 358 像素，並等待 4.274082185167477 秒
2024-12-18 14:16:53 [INFO] Worker 13: 向下滑動: 315 像素，並等待 4.097331507734138 秒
2024-12-18 14:16:53 [INFO] Worker 12: 向下滑動: 220 像素，並等待 4.321229144879643 秒
2024-12-18 14:16:54 [INFO] Worker 10: 向下滑動: 319 像素，並等待 3.5344792918617074 秒
2024-12-18 14:16:55 [INFO] Worker 9: 向下滑動: 399 像素，並等待 3.732234190695224 秒
2024-12-18 14:16:55 [INFO] Worker 11: 向下滑動: 354 像素，並等待 4.458975193907091 秒
2024-12-18 14:16:55 [INFO] Worker 14: 向下滑動: 352 像素，並等待 4.587502060538082 秒
2024-12-18 14:16:55 [INFO] Worker 15: 向下滑動: 364 像素，並等待 3.4036379660349474 秒
2024-12-18 14:16:57 [INFO] Worker 10: 帳號 66646155782 的任務已結束
2024-12-18 14:16:57 [INFO] Worker 12: 向下滑動: 272 像素，並等待 3.9184891986883503 秒
2024-12-18 14:16:58 [INFO] Worker 13: 向下滑動: 375 像素，並等待 4.738961201097476 秒
2024-12-18 14:16:58 [INFO] Worker 11: 向下滑動: 309 像素，並等待 3.139064218791181 秒
2024-12-18 14:16:58 [INFO] Worker 14: 向下滑動: 226 像素，並等待 3.217425674179645 秒
2024-12-18 14:16:59 [INFO] Worker 9: 向下滑動: 253 像素，並等待 4.353485148547968 秒
2024-12-18 14:17:00 [INFO] Worker 15: 向下滑動: 240 像素，並等待 4.5084045898612 秒
2024-12-18 14:17:01 [INFO] Worker 11: 帳號 66643407753 的任務已結束
2024-12-18 14:17:02 [INFO] Worker 14: 向下滑動: 389 像素，並等待 3.289361171287747 秒
2024-12-18 14:17:02 [INFO] Worker 13: 向下滑動: 266 像素，並等待 4.240870071085824 秒
2024-12-18 14:17:02 [INFO] Worker 12: 向下滑動: 271 像素，並等待 4.813493247616776 秒
2024-12-18 14:17:03 [INFO] Worker 15: 向下滑動: 291 像素，並等待 3.3059097574136205 秒
2024-12-18 14:17:03 [INFO] Worker 9: 向下滑動: 224 像素，並等待 4.419033940409522 秒
2024-12-18 14:17:05 [INFO] Worker 13: 向下滑動: 303 像素，並等待 3.0616778148261394 秒
2024-12-18 14:17:06 [INFO] Worker 9: 帳號 66991704166 的任務已結束
2024-12-18 14:17:06 [INFO] Worker 14: 向下滑動: 296 像素，並等待 4.552732333515711 秒
2024-12-18 14:17:07 [INFO] Worker 15: 向下滑動: 214 像素，並等待 3.479330053333876 秒
2024-12-18 14:17:07 [INFO] Worker 12: 向下滑動: 270 像素，並等待 4.97647799260281 秒
2024-12-18 14:17:08 [INFO] Worker 13: 向下滑動: 245 像素，並等待 3.2517749366485287 秒
2024-12-18 14:17:10 [INFO] Worker 14: 向下滑動: 203 像素，並等待 3.648353171716317 秒
2024-12-18 14:17:10 [INFO] Worker 12: 向下滑動: 230 像素，並等待 3.3061823266532224 秒
2024-12-18 14:17:11 [INFO] Worker 15: 向下滑動: 283 像素，並等待 4.144922738181816 秒
2024-12-18 14:17:12 [INFO] Worker 13: 向下滑動: 303 像素，並等待 3.1049790240036357 秒
2024-12-18 14:17:14 [INFO] Worker 12: 向下滑動: 345 像素，並等待 3.7705062783250525 秒
2024-12-18 14:17:14 [INFO] Worker 15: 向下滑動: 253 像素，並等待 3.719766246220612 秒
2024-12-18 14:17:14 [INFO] Worker 14: 向下滑動: 369 像素，並等待 4.478765385635045 秒
2024-12-18 14:17:16 [INFO] Worker 13: 向下滑動: 232 像素，並等待 4.610631413403785 秒
2024-12-18 14:17:17 [INFO] Worker 12: 向下滑動: 346 像素，並等待 3.003753308326112 秒
2024-12-18 14:17:18 [INFO] Worker 15: 向下滑動: 304 像素，並等待 3.7927534188701673 秒
2024-12-18 14:17:19 [INFO] Worker 14: 向下滑動: 284 像素，並等待 4.089079038520179 秒
2024-12-18 14:17:20 [INFO] Worker 13: 向下滑動: 265 像素，並等待 3.773885731914557 秒
2024-12-18 14:17:21 [INFO] Worker 14: 帳號 66823121944 的任務已結束
2024-12-18 14:17:22 [INFO] Worker 12: 向下滑動: 359 像素，並等待 4.935465060649976 秒
2024-12-18 14:17:22 [INFO] Worker 15: 向下滑動: 265 像素，並等待 4.025335668431634 秒
2024-12-18 14:17:23 [INFO] Worker 13: 向下滑動: 376 像素，並等待 3.0596916058786987 秒
2024-12-18 14:17:25 [INFO] Worker 15: 向下滑動: 234 像素，並等待 3.0524008905781157 秒
2024-12-18 14:17:26 [INFO] Worker 12: 向下滑動: 380 像素，並等待 3.5378116222353033 秒
2024-12-18 14:17:28 [INFO] Worker 13: 向下滑動: 253 像素，並等待 4.970858925558185 秒
2024-12-18 14:17:29 [INFO] Worker 12: 向下滑動: 338 像素，並等待 3.1911096261657157 秒
2024-12-18 14:17:30 [INFO] Worker 15: 向下滑動: 370 像素，並等待 4.691516509069736 秒
2024-12-18 14:17:33 [INFO] Worker 13: 向下滑動: 356 像素，並等待 4.596372560100409 秒
2024-12-18 14:17:33 [INFO] Worker 12: 向下滑動: 251 像素，並等待 3.880650970529767 秒
2024-12-18 14:17:34 [INFO] Worker 15: 向下滑動: 267 像素，並等待 3.7653624221202833 秒
2024-12-18 14:17:35 [INFO] Worker 12: 瀏覽器已關閉，任務已完成
2024-12-18 14:17:35 [INFO] Worker 12: 帳號 66954958462 的任務已結束
2024-12-18 14:17:36 [INFO] Worker 13: 向下滑動: 343 像素，並等待 3.0117052487702853 秒
2024-12-18 14:17:39 [INFO] Worker 15: 向下滑動: 389 像素，並等待 4.802807150467451 秒
2024-12-18 14:17:39 [INFO] Worker 13: 向下滑動: 315 像素，並等待 3.636980646924405 秒
2024-12-18 14:17:41 [INFO] Worker 15: 帳號 66814785452 的任務已結束
2024-12-18 14:17:43 [INFO] Worker 13: 向下滑動: 298 像素，並等待 3.4634418050673013 秒
2024-12-18 14:17:47 [INFO] Worker 13: 向下滑動: 266 像素，並等待 4.153000064825254 秒
2024-12-18 14:17:49 [INFO] Worker 13: 帳號 66804035563 的任務已結束
