2024-12-18 11:04:11 [INFO] 請選擇您要使用的 Excel 檔案...
2024-12-18 11:04:15 [INFO] 選擇的 Excel 檔案路徑：C:/Users/user/Desktop/SuChenAI/Factbook-RPA-clickurl/data/fb_account_data_test.xlsx
2024-12-18 11:04:15 [INFO] 請輸入最大多開數量 (1-10，預設為 1):
2024-12-18 11:04:19 [INFO] 最大多開數量已設定為：5
2024-12-18 11:04:19 [INFO] 螢幕寬度：2560，螢幕高度：1440，縮放比例：1.5
2024-12-18 11:04:20 [INFO] navigates : [{'url': 'https://www.facebook.com/share/18QgQ2Y2dz/', 'out_url': 'https://japanticket.com/prestige/tw/hokkaido/?fbclid=IwY2xjawHOKBpleHRuA2FlbQIxMAABHaGHzkUa9Xrj3SjatXaC9Yb4VFZXJHVNg6UjonFymwRNzb_q9RvBc3yZxA_aem_RLkYjGlaRRosmk8r7xkD4g#utm_source=prestige_tw_fb&utm_medium=social&utm_campaign=hokkaido_tour_tw_fb', 'action': True}]
2024-12-18 11:04:20 [INFO] navigates : [{'url': 'https://www.facebook.com/share/18QgQ2Y2dz/', 'out_url': 'https://japanticket.com/prestige/tw/hokkaido/?fbclid=IwY2xjawHOKBpleHRuA2FlbQIxMAABHaGHzkUa9Xrj3SjatXaC9Yb4VFZXJHVNg6UjonFymwRNzb_q9RvBc3yZxA_aem_RLkYjGlaRRosmk8r7xkD4g#utm_source=prestige_tw_fb&utm_medium=social&utm_campaign=hokkaido_tour_tw_fb', 'action': True}]
2024-12-18 11:04:20 [INFO] navigates : [{'url': 'https://www.facebook.com/share/18QgQ2Y2dz/', 'out_url': 'https://japanticket.com/prestige/tw/hokkaido/?fbclid=IwY2xjawHOKBpleHRuA2FlbQIxMAABHaGHzkUa9Xrj3SjatXaC9Yb4VFZXJHVNg6UjonFymwRNzb_q9RvBc3yZxA_aem_RLkYjGlaRRosmk8r7xkD4g#utm_source=prestige_tw_fb&utm_medium=social&utm_campaign=hokkaido_tour_tw_fb', 'action': True}]
2024-12-18 11:04:20 [INFO] navigates : [{'url': 'https://www.facebook.com/share/18QgQ2Y2dz/', 'out_url': 'https://japanticket.com/prestige/tw/hokkaido/?fbclid=IwY2xjawHOKBpleHRuA2FlbQIxMAABHaGHzkUa9Xrj3SjatXaC9Yb4VFZXJHVNg6UjonFymwRNzb_q9RvBc3yZxA_aem_RLkYjGlaRRosmk8r7xkD4g#utm_source=prestige_tw_fb&utm_medium=social&utm_campaign=hokkaido_tour_tw_fb', 'action': True}]
2024-12-18 11:04:20 [INFO] navigates : [{'url': 'https://www.facebook.com/share/18QgQ2Y2dz/', 'out_url': 'https://japanticket.com/prestige/tw/hokkaido/?fbclid=IwY2xjawHOKBpleHRuA2FlbQIxMAABHaGHzkUa9Xrj3SjatXaC9Yb4VFZXJHVNg6UjonFymwRNzb_q9RvBc3yZxA_aem_RLkYjGlaRRosmk8r7xkD4g#utm_source=prestige_tw_fb&utm_medium=social&utm_campaign=hokkaido_tour_tw_fb', 'action': True}]
2024-12-18 11:04:20 [INFO] navigates : [{'url': 'https://www.facebook.com/share/18QgQ2Y2dz/', 'out_url': 'https://japanticket.com/prestige/tw/hokkaido/?fbclid=IwY2xjawHOKBpleHRuA2FlbQIxMAABHaGHzkUa9Xrj3SjatXaC9Yb4VFZXJHVNg6UjonFymwRNzb_q9RvBc3yZxA_aem_RLkYjGlaRRosmk8r7xkD4g#utm_source=prestige_tw_fb&utm_medium=social&utm_campaign=hokkaido_tour_tw_fb', 'action': True}]
2024-12-18 11:04:20 [INFO] navigates : [{'url': 'https://www.facebook.com/share/18QgQ2Y2dz/', 'out_url': 'https://japanticket.com/prestige/tw/hokkaido/?fbclid=IwY2xjawHOKBpleHRuA2FlbQIxMAABHaGHzkUa9Xrj3SjatXaC9Yb4VFZXJHVNg6UjonFymwRNzb_q9RvBc3yZxA_aem_RLkYjGlaRRosmk8r7xkD4g#utm_source=prestige_tw_fb&utm_medium=social&utm_campaign=hokkaido_tour_tw_fb', 'action': True}]
2024-12-18 11:04:20 [INFO] navigates : [{'url': 'https://www.facebook.com/share/18QgQ2Y2dz/', 'out_url': 'https://japanticket.com/prestige/tw/hokkaido/?fbclid=IwY2xjawHOKBpleHRuA2FlbQIxMAABHaGHzkUa9Xrj3SjatXaC9Yb4VFZXJHVNg6UjonFymwRNzb_q9RvBc3yZxA_aem_RLkYjGlaRRosmk8r7xkD4g#utm_source=prestige_tw_fb&utm_medium=social&utm_campaign=hokkaido_tour_tw_fb', 'action': True}]
2024-12-18 11:04:20 [INFO] navigates : [{'url': 'https://www.facebook.com/share/18QgQ2Y2dz/', 'out_url': 'https://japanticket.com/prestige/tw/hokkaido/?fbclid=IwY2xjawHOKBpleHRuA2FlbQIxMAABHaGHzkUa9Xrj3SjatXaC9Yb4VFZXJHVNg6UjonFymwRNzb_q9RvBc3yZxA_aem_RLkYjGlaRRosmk8r7xkD4g#utm_source=prestige_tw_fb&utm_medium=social&utm_campaign=hokkaido_tour_tw_fb', 'action': True}]
2024-12-18 11:04:20 [INFO] navigates : [{'url': 'https://www.facebook.com/share/18QgQ2Y2dz/', 'out_url': 'https://japanticket.com/prestige/tw/hokkaido/?fbclid=IwY2xjawHOKBpleHRuA2FlbQIxMAABHaGHzkUa9Xrj3SjatXaC9Yb4VFZXJHVNg6UjonFymwRNzb_q9RvBc3yZxA_aem_RLkYjGlaRRosmk8r7xkD4g#utm_source=prestige_tw_fb&utm_medium=social&utm_campaign=hokkaido_tour_tw_fb', 'action': True}]
2024-12-18 11:04:20 [INFO] navigates : [{'url': 'https://www.facebook.com/share/18QgQ2Y2dz/', 'out_url': 'https://japanticket.com/prestige/tw/hokkaido/?fbclid=IwY2xjawHOKBpleHRuA2FlbQIxMAABHaGHzkUa9Xrj3SjatXaC9Yb4VFZXJHVNg6UjonFymwRNzb_q9RvBc3yZxA_aem_RLkYjGlaRRosmk8r7xkD4g#utm_source=prestige_tw_fb&utm_medium=social&utm_campaign=hokkaido_tour_tw_fb', 'action': True}]
2024-12-18 11:04:20 [INFO] navigates : [{'url': 'https://www.facebook.com/share/18QgQ2Y2dz/', 'out_url': 'https://japanticket.com/prestige/tw/hokkaido/?fbclid=IwY2xjawHOKBpleHRuA2FlbQIxMAABHaGHzkUa9Xrj3SjatXaC9Yb4VFZXJHVNg6UjonFymwRNzb_q9RvBc3yZxA_aem_RLkYjGlaRRosmk8r7xkD4g#utm_source=prestige_tw_fb&utm_medium=social&utm_campaign=hokkaido_tour_tw_fb', 'action': True}]
2024-12-18 11:04:20 [INFO] navigates : [{'url': 'https://www.facebook.com/share/18QgQ2Y2dz/', 'out_url': 'https://japanticket.com/prestige/tw/hokkaido/?fbclid=IwY2xjawHOKBpleHRuA2FlbQIxMAABHaGHzkUa9Xrj3SjatXaC9Yb4VFZXJHVNg6UjonFymwRNzb_q9RvBc3yZxA_aem_RLkYjGlaRRosmk8r7xkD4g#utm_source=prestige_tw_fb&utm_medium=social&utm_campaign=hokkaido_tour_tw_fb', 'action': True}]
2024-12-18 11:04:20 [INFO] navigates : [{'url': 'https://www.facebook.com/share/18QgQ2Y2dz/', 'out_url': 'https://japanticket.com/prestige/tw/hokkaido/?fbclid=IwY2xjawHOKBpleHRuA2FlbQIxMAABHaGHzkUa9Xrj3SjatXaC9Yb4VFZXJHVNg6UjonFymwRNzb_q9RvBc3yZxA_aem_RLkYjGlaRRosmk8r7xkD4g#utm_source=prestige_tw_fb&utm_medium=social&utm_campaign=hokkaido_tour_tw_fb', 'action': True}]
2024-12-18 11:04:20 [INFO] navigates : [{'url': 'https://www.facebook.com/share/18QgQ2Y2dz/', 'out_url': 'https://japanticket.com/prestige/tw/hokkaido/?fbclid=IwY2xjawHOKBpleHRuA2FlbQIxMAABHaGHzkUa9Xrj3SjatXaC9Yb4VFZXJHVNg6UjonFymwRNzb_q9RvBc3yZxA_aem_RLkYjGlaRRosmk8r7xkD4g#utm_source=prestige_tw_fb&utm_medium=social&utm_campaign=hokkaido_tour_tw_fb', 'action': True}]
2024-12-18 11:04:20 [INFO] navigates : [{'url': 'https://www.facebook.com/share/18QgQ2Y2dz/', 'out_url': 'https://japanticket.com/prestige/tw/hokkaido/?fbclid=IwY2xjawHOKBpleHRuA2FlbQIxMAABHaGHzkUa9Xrj3SjatXaC9Yb4VFZXJHVNg6UjonFymwRNzb_q9RvBc3yZxA_aem_RLkYjGlaRRosmk8r7xkD4g#utm_source=prestige_tw_fb&utm_medium=social&utm_campaign=hokkaido_tour_tw_fb', 'action': True}]
2024-12-18 11:04:20 [INFO] 開始處理跳轉帳號...
2024-12-18 11:04:20 [INFO] Worker 1: 開始處理帳號 66634899161
2024-12-18 11:04:20 [INFO] Worker 2: 開始處理帳號 66637943259
2024-12-18 11:04:20 [INFO] Worker 3: 開始處理帳號 66634899161
2024-12-18 11:04:20 [INFO] Worker 4: 開始處理帳號 66637943259
2024-12-18 11:04:20 [INFO] Worker 5: 開始處理帳號 66619622845
2024-12-18 11:04:20 [INFO] 開始監控任務狀態...
2024-12-18 11:04:28 [INFO] Worker 1: 代理 kamoney03.ddns.net:24004.0 設置成功
2024-12-18 11:04:28 [INFO] Worker 4: 代理 kamoney03.ddns.net:24003.0 設置成功
2024-12-18 11:04:28 [INFO] Worker 3: 代理 kamoney03.ddns.net:24004.0 設置成功
2024-12-18 11:04:29 [INFO] Worker 4: Cookies 已加載成功: cookies\66637943259_cookies.json
2024-12-18 11:04:29 [INFO] Worker 1: Cookies 已加載成功: cookies\66634899161_cookies.json
2024-12-18 11:04:29 [INFO] Worker 2: 代理 kamoney03.ddns.net:24003.0 設置成功
2024-12-18 11:04:29 [INFO] Worker 5: 代理 kamoney03.ddns.net:24005.0 設置成功
2024-12-18 11:04:29 [INFO] Worker 3: Cookies 已加載成功: cookies\66634899161_cookies.json
2024-12-18 11:04:30 [INFO] Worker 2: Cookies 已加載成功: cookies\66637943259_cookies.json
2024-12-18 11:04:31 [INFO] Worker 5: Cookies 已加載成功: cookies\66619622845_cookies.json
2024-12-18 11:04:31 [INFO] Worker 4: 帳號 66637943259 使用 cookies 成功登入
2024-12-18 11:04:31 [INFO] Worker 4: 登錄成功，開始處理帳號 66637943259 的操作...
2024-12-18 11:04:31 [INFO] Worker 4: 開始跳轉操作...
2024-12-18 11:04:31 [INFO] Worker 4: 正在開啟貼文: https://www.facebook.com/share/18QgQ2Y2dz/
2024-12-18 11:04:32 [INFO] Worker 1: 帳號 66634899161 使用 cookies 成功登入
2024-12-18 11:04:32 [INFO] Worker 1: 登錄成功，開始處理帳號 66634899161 的操作...
2024-12-18 11:04:32 [INFO] Worker 1: 開始跳轉操作...
2024-12-18 11:04:32 [INFO] Worker 1: 正在開啟貼文: https://www.facebook.com/share/18QgQ2Y2dz/
2024-12-18 11:04:33 [INFO] Worker 3: 帳號 66634899161 使用 cookies 成功登入
2024-12-18 11:04:33 [INFO] Worker 3: 登錄成功，開始處理帳號 66634899161 的操作...
2024-12-18 11:04:33 [INFO] Worker 3: 開始跳轉操作...
2024-12-18 11:04:33 [INFO] Worker 3: 正在開啟貼文: https://www.facebook.com/share/18QgQ2Y2dz/
2024-12-18 11:04:34 [INFO] Worker 2: 帳號 66637943259 使用 cookies 成功登入
2024-12-18 11:04:34 [INFO] Worker 2: 登錄成功，開始處理帳號 66637943259 的操作...
2024-12-18 11:04:34 [INFO] Worker 2: 開始跳轉操作...
2024-12-18 11:04:34 [INFO] Worker 2: 正在開啟貼文: https://www.facebook.com/share/18QgQ2Y2dz/
2024-12-18 11:04:34 [INFO] Worker 4 隨機停留 7 秒
2024-12-18 11:04:36 [INFO] Worker 5: 帳號 66619622845 使用 cookies 成功登入
2024-12-18 11:04:36 [INFO] Worker 5: 登錄成功，開始處理帳號 66619622845 的操作...
2024-12-18 11:04:36 [INFO] Worker 5: 開始跳轉操作...
2024-12-18 11:04:36 [INFO] Worker 5: 正在開啟貼文: https://www.facebook.com/share/18QgQ2Y2dz/
2024-12-18 11:04:36 [INFO] Worker 1 隨機停留 7 秒
2024-12-18 11:04:37 [INFO] Worker 3 隨機停留 6 秒
2024-12-18 11:04:39 [INFO] Worker 5 隨機停留 7 秒
2024-12-18 11:04:41 [INFO] Worker 4: 貼文已按過讚，無需重複操作
2024-12-18 11:04:41 [INFO] Worker 4 按讚後隨機停留 4 秒
2024-12-18 11:04:43 [INFO] Worker 1: 貼文已按過讚，無需重複操作
2024-12-18 11:04:43 [INFO] Worker 1 按讚後隨機停留 5 秒
2024-12-18 11:04:43 [INFO] Worker 3: 貼文已按過讚，無需重複操作
2024-12-18 11:04:43 [INFO] Worker 3 按讚後隨機停留 4 秒
2024-12-18 11:04:43 [INFO] Worker 2 隨機停留 6 秒
2024-12-18 11:04:45 [INFO] Worker 4: 正在開啟網站: https://japanticket.com/prestige/tw/hokkaido/?fbclid=IwY2xjawHOKBpleHRuA2FlbQIxMAABHaGHzkUa9Xrj3SjatXaC9Yb4VFZXJHVNg6UjonFymwRNzb_q9RvBc3yZxA_aem_RLkYjGlaRRosmk8r7xkD4g#utm_source=prestige_tw_fb&utm_medium=social&utm_campaign=hokkaido_tour_tw_fb
2024-12-18 11:04:46 [INFO] Worker 5: 貼文已按過讚，無需重複操作
2024-12-18 11:04:46 [INFO] Worker 5 按讚後隨機停留 4 秒
2024-12-18 11:04:47 [INFO] Worker 3: 正在開啟網站: https://japanticket.com/prestige/tw/hokkaido/?fbclid=IwY2xjawHOKBpleHRuA2FlbQIxMAABHaGHzkUa9Xrj3SjatXaC9Yb4VFZXJHVNg6UjonFymwRNzb_q9RvBc3yZxA_aem_RLkYjGlaRRosmk8r7xkD4g#utm_source=prestige_tw_fb&utm_medium=social&utm_campaign=hokkaido_tour_tw_fb
2024-12-18 11:04:48 [INFO] Worker 1: 正在開啟網站: https://japanticket.com/prestige/tw/hokkaido/?fbclid=IwY2xjawHOKBpleHRuA2FlbQIxMAABHaGHzkUa9Xrj3SjatXaC9Yb4VFZXJHVNg6UjonFymwRNzb_q9RvBc3yZxA_aem_RLkYjGlaRRosmk8r7xkD4g#utm_source=prestige_tw_fb&utm_medium=social&utm_campaign=hokkaido_tour_tw_fb
2024-12-18 11:04:50 [INFO] Worker 5: 正在開啟網站: https://japanticket.com/prestige/tw/hokkaido/?fbclid=IwY2xjawHOKBpleHRuA2FlbQIxMAABHaGHzkUa9Xrj3SjatXaC9Yb4VFZXJHVNg6UjonFymwRNzb_q9RvBc3yZxA_aem_RLkYjGlaRRosmk8r7xkD4g#utm_source=prestige_tw_fb&utm_medium=social&utm_campaign=hokkaido_tour_tw_fb
2024-12-18 11:04:50 [INFO] Worker 4 隨機停留時間: 181 秒
2024-12-18 11:04:50 [INFO] Worker 2: 貼文已按過讚，無需重複操作
2024-12-18 11:04:50 [INFO] Worker 2 按讚後隨機停留 3 秒
2024-12-18 11:04:52 [INFO] Worker 1 隨機停留時間: 188 秒
2024-12-18 11:04:52 [INFO] Worker 3 隨機停留時間: 174 秒
2024-12-18 11:04:53 [INFO] Worker 2: 正在開啟網站: https://japanticket.com/prestige/tw/hokkaido/?fbclid=IwY2xjawHOKBpleHRuA2FlbQIxMAABHaGHzkUa9Xrj3SjatXaC9Yb4VFZXJHVNg6UjonFymwRNzb_q9RvBc3yZxA_aem_RLkYjGlaRRosmk8r7xkD4g#utm_source=prestige_tw_fb&utm_medium=social&utm_campaign=hokkaido_tour_tw_fb
2024-12-18 11:04:54 [INFO] Worker 4: 向下滑動: 266 像素，並等待 4.483983862462146 秒
2024-12-18 11:04:54 [INFO] Worker 5 隨機停留時間: 174 秒
2024-12-18 11:04:56 [INFO] Worker 1: 向下滑動: 368 像素，並等待 3.7744270997775 秒
2024-12-18 11:04:56 [INFO] Worker 3: 向下滑動: 324 像素，並等待 3.773865076673589 秒
2024-12-18 11:04:57 [INFO] Worker 2 隨機停留時間: 160 秒
2024-12-18 11:04:59 [INFO] Worker 5: 向下滑動: 338 像素，並等待 4.667848800680558 秒
2024-12-18 11:04:59 [INFO] Worker 4: 向下滑動: 253 像素，並等待 4.807927550880548 秒
2024-12-18 11:05:00 [INFO] Worker 1: 向下滑動: 314 像素，並等待 4.603396578755643 秒
2024-12-18 11:05:01 [INFO] Worker 3: 向下滑動: 364 像素，並等待 4.659660150379532 秒
2024-12-18 11:05:02 [INFO] Worker 2: 向下滑動: 398 像素，並等待 4.731480974252873 秒
2024-12-18 11:05:03 [INFO] Worker 5: 向下滑動: 381 像素，並等待 3.78902687492031 秒
2024-12-18 11:05:03 [INFO] Worker 1: 向下滑動: 268 像素，並等待 3.0390811319991125 秒
2024-12-18 11:05:04 [INFO] Worker 4: 向下滑動: 377 像素，並等待 4.795117169506284 秒
2024-12-18 11:05:05 [INFO] Worker 3: 向下滑動: 296 像素，並等待 4.704246971239353 秒
2024-12-18 11:05:06 [INFO] Worker 5: 向下滑動: 212 像素，並等待 3.3609698653841265 秒
2024-12-18 11:05:07 [INFO] Worker 2: 向下滑動: 243 像素，並等待 4.9761780198739345 秒
2024-12-18 11:05:08 [INFO] Worker 1: 向下滑動: 395 像素，並等待 4.238006621122536 秒
2024-12-18 11:05:08 [INFO] Worker 4: 向下滑動: 331 像素，並等待 3.997778381067734 秒
2024-12-18 11:05:09 [INFO] Worker 3: 向下滑動: 258 像素，並等待 3.455173418125525 秒
2024-12-18 11:05:10 [INFO] Worker 2: 向下滑動: 245 像素，並等待 3.6791358462238364 秒
2024-12-18 11:05:11 [INFO] Worker 5: 向下滑動: 320 像素，並等待 4.897640193576939 秒
2024-12-18 11:05:11 [INFO] Worker 4: 向下滑動: 348 像素，並等待 3.3469559899013372 秒
2024-12-18 11:05:12 [INFO] Worker 1: 向下滑動: 297 像素，並等待 4.151791207038024 秒
2024-12-18 11:05:12 [INFO] Worker 3: 向下滑動: 333 像素，並等待 3.259368755377958 秒
2024-12-18 11:05:15 [INFO] Worker 2: 向下滑動: 205 像素，並等待 4.605653257432465 秒
2024-12-18 11:05:16 [INFO] Worker 5: 向下滑動: 229 像素，並等待 4.314264252918261 秒
2024-12-18 11:05:16 [INFO] Worker 1: 向下滑動: 386 像素，並等待 3.838855651071997 秒
2024-12-18 11:05:16 [INFO] Worker 4: 向下滑動: 209 像素，並等待 4.676301040362317 秒
2024-12-18 11:05:16 [INFO] Worker 3: 向下滑動: 292 像素，並等待 4.349941007357669 秒
2024-12-18 11:05:18 [INFO] Worker 2: 向下滑動: 379 像素，並等待 3.0637677118841484 秒
2024-12-18 11:05:19 [INFO] Worker 1: 向下滑動: 393 像素，並等待 3.071961450195867 秒
2024-12-18 11:05:20 [INFO] Worker 5: 向下滑動: 207 像素，並等待 4.1423076040116165 秒
2024-12-18 11:05:20 [INFO] Worker 3: 向下滑動: 244 像素，並等待 3.98692569038491 秒
2024-12-18 11:05:21 [INFO] Worker 4: 向下滑動: 262 像素，並等待 4.946258783590536 秒
2024-12-18 11:05:23 [INFO] Worker 1: 向下滑動: 203 像素，並等待 3.735286757830364 秒
2024-12-18 11:05:23 [INFO] Worker 2: 向下滑動: 252 像素，並等待 4.4568970077169485 秒
2024-12-18 11:05:24 [INFO] Worker 5: 向下滑動: 395 像素，並等待 3.9896831297500457 秒
2024-12-18 11:05:24 [INFO] Worker 4: 向下滑動: 362 像素，並等待 3.403140945758082 秒
2024-12-18 11:05:25 [INFO] Worker 3: 向下滑動: 375 像素，並等待 4.551640371546587 秒
2024-12-18 11:05:27 [INFO] Worker 2: 向下滑動: 395 像素，並等待 4.105052606907318 秒
2024-12-18 11:05:27 [INFO] Worker 5: 向下滑動: 360 像素，並等待 3.3259947374455088 秒
2024-12-18 11:05:27 [INFO] Worker 1: 向下滑動: 344 像素，並等待 4.622890863256428 秒
2024-12-18 11:05:28 [INFO] Worker 4: 向下滑動: 228 像素，並等待 3.3820575062194695 秒
2024-12-18 11:05:28 [INFO] Worker 3: 向下滑動: 309 像素，並等待 3.415451585373451 秒
2024-12-18 11:05:30 [INFO] Worker 1: 向下滑動: 394 像素，並等待 3.270552974378736 秒
2024-12-18 11:05:32 [INFO] Worker 2: 向下滑動: 211 像素，並等待 4.807669996036252 秒
2024-12-18 11:05:32 [INFO] Worker 5: 向下滑動: 236 像素，並等待 4.983076649522423 秒
2024-12-18 11:05:33 [INFO] Worker 4: 向下滑動: 265 像素，並等待 4.959699269566235 秒
2024-12-18 11:05:33 [INFO] Worker 3: 向下滑動: 235 像素，並等待 4.604178609664091 秒
2024-12-18 11:05:34 [INFO] Worker 1: 向下滑動: 229 像素，並等待 3.147103122137593 秒
2024-12-18 11:05:36 [INFO] Worker 2: 向下滑動: 331 像素，並等待 4.150531074219092 秒
2024-12-18 11:05:36 [INFO] Worker 5: 向下滑動: 300 像素，並等待 3.850218157480209 秒
2024-12-18 11:05:37 [INFO] Worker 4: 向下滑動: 284 像素，並等待 4.0001590430623 秒
2024-12-18 11:05:37 [INFO] Worker 1: 向下滑動: 347 像素，並等待 3.4090221435055854 秒
2024-12-18 11:05:38 [INFO] Worker 3: 向下滑動: 296 像素，並等待 4.870122102842942 秒
2024-12-18 11:05:39 [INFO] Worker 5: 向下滑動: 378 像素，並等待 3.451546166608955 秒
2024-12-18 11:05:40 [INFO] Worker 2: 向下滑動: 396 像素，並等待 4.103994476872476 秒
2024-12-18 11:05:40 [INFO] Worker 4: 向下滑動: 249 像素，並等待 3.011545400120099 秒
2024-12-18 11:05:40 [INFO] Worker 1: 向下滑動: 339 像素，並等待 3.2101182964154953 秒
2024-12-18 11:05:42 [INFO] Worker 3: 向下滑動: 278 像素，並等待 4.357776976947601 秒
2024-12-18 11:05:43 [INFO] Worker 4: 向下滑動: 323 像素，並等待 3.206751088512067 秒
2024-12-18 11:05:44 [INFO] Worker 5: 向下滑動: 361 像素，並等待 4.68014347621167 秒
2024-12-18 11:05:44 [INFO] Worker 2: 向下滑動: 241 像素，並等待 4.179565157094196 秒
2024-12-18 11:05:45 [INFO] Worker 1: 向下滑動: 206 像素，並等待 4.30703023745005 秒
2024-12-18 11:05:45 [INFO] Worker 3: 向下滑動: 324 像素，並等待 3.172224519218485 秒
2024-12-18 11:05:47 [INFO] Worker 2: 向下滑動: 224 像素，並等待 3.435725450035221 秒
2024-12-18 11:05:47 [INFO] Worker 4: 向下滑動: 384 像素，並等待 4.3961040161629175 秒
2024-12-18 11:05:48 [INFO] Worker 1: 向下滑動: 286 像素，並等待 3.198141628925259 秒
2024-12-18 11:05:48 [INFO] Worker 5: 向下滑動: 277 像素，並等待 4.16100513901903 秒
2024-12-18 11:05:48 [INFO] Worker 3: 向下滑動: 367 像素，並等待 3.0545385246378443 秒
2024-12-18 11:05:51 [INFO] Worker 2: 向下滑動: 307 像素，並等待 3.9321739245437435 秒
2024-12-18 11:05:52 [INFO] Worker 5: 向下滑動: 276 像素，並等待 3.36361118610468 秒
2024-12-18 11:05:52 [INFO] Worker 1: 向下滑動: 274 像素，並等待 4.214059206513873 秒
2024-12-18 11:05:52 [INFO] Worker 4: 向下滑動: 367 像素，並等待 4.806568697937445 秒
2024-12-18 11:05:53 [INFO] Worker 3: 向下滑動: 262 像素，並等待 4.838210029396776 秒
2024-12-18 11:05:55 [INFO] Worker 2: 向下滑動: 246 像素，並等待 3.9923782821923766 秒
2024-12-18 11:05:56 [INFO] Worker 5: 向下滑動: 332 像素，並等待 4.61588521932385 秒
2024-12-18 11:05:56 [INFO] Worker 3: 向下滑動: 224 像素，並等待 3.0286503140134 秒
2024-12-18 11:05:57 [INFO] Worker 1: 向下滑動: 243 像素，並等待 4.770474857802952 秒
2024-12-18 11:05:57 [INFO] Worker 4: 向下滑動: 274 像素，並等待 4.511066989573286 秒
2024-12-18 11:06:00 [INFO] Worker 2: 向下滑動: 232 像素，並等待 4.215938025564638 秒
2024-12-18 11:06:00 [INFO] Worker 5: 向下滑動: 276 像素，並等待 3.8091465844711276 秒
2024-12-18 11:06:00 [INFO] Worker 3: 向下滑動: 282 像素，並等待 3.581840699409825 秒
2024-12-18 11:06:00 [INFO] Worker 4: 向下滑動: 208 像素，並等待 3.582245406115823 秒
2024-12-18 11:06:01 [INFO] Worker 1: 向下滑動: 225 像素，並等待 4.3840965471211115 秒
2024-12-18 11:06:03 [INFO] Worker 2: 向下滑動: 260 像素，並等待 3.3209773646581207 秒
2024-12-18 11:06:03 [INFO] Worker 3: 向下滑動: 394 像素，並等待 3.1659680101340797 秒
2024-12-18 11:06:04 [INFO] Worker 5: 向下滑動: 316 像素，並等待 3.60383319466293 秒
2024-12-18 11:06:04 [INFO] Worker 4: 向下滑動: 314 像素，並等待 4.087209415200363 秒
2024-12-18 11:06:05 [INFO] Worker 1: 向下滑動: 390 像素，並等待 3.7707951020616433 秒
2024-12-18 11:06:06 [INFO] Worker 2: 向下滑動: 348 像素，並等待 3.375443681684863 秒
2024-12-18 11:06:08 [INFO] Worker 5: 向下滑動: 381 像素，並等待 4.064281476058478 秒
2024-12-18 11:06:08 [INFO] Worker 3: 向下滑動: 356 像素，並等待 4.518657003124037 秒
2024-12-18 11:06:08 [INFO] Worker 1: 向下滑動: 380 像素，並等待 3.4034556079809937 秒
2024-12-18 11:06:09 [INFO] Worker 4: 向下滑動: 251 像素，並等待 4.199133217381434 秒
2024-12-18 11:06:10 [INFO] Worker 2: 向下滑動: 222 像素，並等待 3.5242998036893436 秒
2024-12-18 11:06:11 [INFO] Worker 3: 向下滑動: 370 像素，並等待 3.1549299782733025 秒
2024-12-18 11:06:12 [INFO] Worker 1: 向下滑動: 398 像素，並等待 3.4299943256606964 秒
2024-12-18 11:06:12 [INFO] Worker 5: 向下滑動: 352 像素，並等待 4.505294778138943 秒
2024-12-18 11:06:13 [INFO] Worker 2: 向下滑動: 311 像素，並等待 3.1099762317431985 秒
2024-12-18 11:06:13 [INFO] Worker 4: 向下滑動: 330 像素，並等待 4.706208109630537 秒
2024-12-18 11:06:15 [INFO] Worker 1: 向下滑動: 222 像素，並等待 3.55765028641908 秒
2024-12-18 11:06:15 [INFO] Worker 3: 向下滑動: 225 像素，並等待 4.536335457327688 秒
2024-12-18 11:06:17 [INFO] Worker 5: 向下滑動: 298 像素，並等待 4.448753707049161 秒
2024-12-18 11:06:17 [INFO] Worker 2: 向下滑動: 209 像素，並等待 3.7902101430008157 秒
2024-12-18 11:06:17 [INFO] Worker 4: 向下滑動: 307 像素，並等待 3.470998661227175 秒
2024-12-18 11:06:18 [INFO] Worker 1: 向下滑動: 383 像素，並等待 3.0708302787121875 秒
2024-12-18 11:06:20 [INFO] Worker 5: 向下滑動: 398 像素，並等待 3.1240815938168787 秒
2024-12-18 11:06:20 [INFO] Worker 3: 向下滑動: 383 像素，並等待 4.4118339410456375 秒
2024-12-18 11:06:21 [INFO] Worker 2: 向下滑動: 307 像素，並等待 4.379497391449519 秒
2024-12-18 11:06:22 [INFO] Worker 4: 向下滑動: 372 像素，並等待 4.670368328861896 秒
2024-12-18 11:06:22 [INFO] Worker 1: 向下滑動: 288 像素，並等待 4.030237566336981 秒
2024-12-18 11:06:24 [INFO] Worker 3: 向下滑動: 332 像素，並等待 4.028387605623787 秒
2024-12-18 11:06:25 [INFO] Worker 5: 向下滑動: 363 像素，並等待 4.937232057793819 秒
2024-12-18 11:06:25 [INFO] Worker 2: 向下滑動: 243 像素，並等待 4.156081058141732 秒
2024-12-18 11:06:26 [INFO] Worker 1: 向下滑動: 253 像素，並等待 3.665897766122966 秒
2024-12-18 11:06:26 [INFO] Worker 4: 向下滑動: 332 像素，並等待 4.769037184453239 秒
2024-12-18 11:06:28 [INFO] Worker 3: 向下滑動: 397 像素，並等待 3.814919995090257 秒
2024-12-18 11:06:29 [INFO] Worker 2: 向下滑動: 378 像素，並等待 3.2972542073392477 秒
2024-12-18 11:06:29 [INFO] Worker 5: 向下滑動: 268 像素，並等待 4.092599211291688 秒
2024-12-18 11:06:29 [INFO] Worker 1: 向下滑動: 311 像素，並等待 3.3080605877145635 秒
2024-12-18 11:06:31 [INFO] Worker 4: 向下滑動: 393 像素，並等待 4.898308936581904 秒
2024-12-18 11:06:32 [INFO] Worker 2: 向下滑動: 299 像素，並等待 3.804441741146219 秒
2024-12-18 11:06:33 [INFO] Worker 3: 向下滑動: 272 像素，並等待 4.939338840388615 秒
2024-12-18 11:06:33 [INFO] Worker 1: 向下滑動: 200 像素，並等待 3.2618890125212627 秒
2024-12-18 11:06:33 [INFO] Worker 5: 向下滑動: 243 像素，並等待 4.085070233715133 秒
2024-12-18 11:06:36 [INFO] Worker 4: 向下滑動: 261 像素，並等待 4.835851685364622 秒
2024-12-18 11:06:36 [INFO] Worker 3: 向下滑動: 265 像素，並等待 3.6370090735647063 秒
2024-12-18 11:06:37 [INFO] Worker 2: 向下滑動: 340 像素，並等待 4.202494627524235 秒
2024-12-18 11:06:37 [INFO] Worker 1: 向下滑動: 311 像素，並等待 4.343853103832359 秒
2024-12-18 11:06:37 [INFO] Worker 5: 向下滑動: 287 像素，並等待 4.29404196048383 秒
2024-12-18 11:06:40 [INFO] Worker 3: 向下滑動: 225 像素，並等待 3.6631975763715543 秒
2024-12-18 11:06:40 [INFO] Worker 4: 向下滑動: 245 像素，並等待 3.8110892096844458 秒
2024-12-18 11:06:41 [INFO] Worker 2: 向下滑動: 381 像素，並等待 4.156301260627895 秒
2024-12-18 11:06:41 [INFO] Worker 5: 向下滑動: 278 像素，並等待 3.670287353884503 秒
2024-12-18 11:06:42 [INFO] Worker 1: 向下滑動: 206 像素，並等待 4.717097181309585 秒
2024-12-18 11:06:43 [INFO] Worker 4: 向下滑動: 385 像素，並等待 3.3350049227709206 秒
2024-12-18 11:06:45 [INFO] Worker 3: 向下滑動: 391 像素，並等待 4.897409314371222 秒
2024-12-18 11:06:45 [INFO] Worker 2: 向下滑動: 377 像素，並等待 4.398628099033978 秒
2024-12-18 11:06:45 [INFO] Worker 1: 向下滑動: 291 像素，並等待 3.667878603971814 秒
2024-12-18 11:06:46 [INFO] Worker 5: 向下滑動: 297 像素，並等待 4.783121199870948 秒
2024-12-18 11:06:47 [INFO] Worker 4: 向下滑動: 352 像素，並等待 3.98586380680365 秒
2024-12-18 11:06:49 [INFO] Worker 5: 向下滑動: 396 像素，並等待 3.13107853328836 秒
2024-12-18 11:06:49 [INFO] Worker 3: 向下滑動: 204 像素，並等待 4.527798686885679 秒
2024-12-18 11:06:49 [INFO] Worker 1: 向下滑動: 203 像素，並等待 3.8517821006203956 秒
2024-12-18 11:06:50 [INFO] Worker 2: 向下滑動: 272 像素，並等待 4.719529671914271 秒
2024-12-18 11:06:52 [INFO] Worker 4: 向下滑動: 376 像素，並等待 4.7863985577503705 秒
2024-12-18 11:06:52 [INFO] Worker 3: 向下滑動: 398 像素，並等待 3.1259731573930187 秒
2024-12-18 11:06:54 [INFO] Worker 5: 向下滑動: 370 像素，並等待 4.745057891811446 秒
2024-12-18 11:06:54 [INFO] Worker 2: 向下滑動: 241 像素，並等待 4.108192595693254 秒
2024-12-18 11:06:54 [INFO] Worker 1: 向下滑動: 276 像素，並等待 4.804230268011031 秒
2024-12-18 11:06:56 [INFO] Worker 3: 向下滑動: 202 像素，並等待 3.410240449590658 秒
2024-12-18 11:06:56 [INFO] Worker 4: 向下滑動: 315 像素，並等待 4.315751254143034 秒
2024-12-18 11:06:57 [INFO] Worker 5: 向下滑動: 294 像素，並等待 3.148908531235586 秒
2024-12-18 11:06:58 [INFO] Worker 1: 向下滑動: 200 像素，並等待 3.8321950706377166 秒
2024-12-18 11:06:58 [INFO] Worker 2: 向下滑動: 204 像素，並等待 4.19912380657906 秒
2024-12-18 11:07:00 [INFO] Worker 5: 向下滑動: 398 像素，並等待 3.587213299305569 秒
2024-12-18 11:07:00 [INFO] Worker 3: 向下滑動: 228 像素，並等待 4.4644105954586575 秒
2024-12-18 11:07:01 [INFO] Worker 4: 向下滑動: 307 像素，並等待 4.155409057533647 秒
2024-12-18 11:07:01 [INFO] Worker 2: 向下滑動: 345 像素，並等待 3.179621511839972 秒
2024-12-18 11:07:02 [INFO] Worker 1: 向下滑動: 289 像素，並等待 3.7514490932820044 秒
2024-12-18 11:07:04 [INFO] Worker 3: 向下滑動: 345 像素，並等待 3.1619265208880147 秒
2024-12-18 11:07:04 [INFO] Worker 4: 向下滑動: 275 像素，並等待 3.797947334829893 秒
2024-12-18 11:07:05 [INFO] Worker 5: 向下滑動: 247 像素，並等待 4.953581012084377 秒
2024-12-18 11:07:06 [INFO] Worker 1: 向下滑動: 302 像素，並等待 3.9607955185035095 秒
2024-12-18 11:07:06 [INFO] Worker 2: 向下滑動: 274 像素，並等待 4.58161727357384 秒
2024-12-18 11:07:08 [INFO] Worker 3: 向下滑動: 331 像素，並等待 4.5415679682209795 秒
2024-12-18 11:07:09 [INFO] Worker 4: 向下滑動: 400 像素，並等待 4.320167168159603 秒
2024-12-18 11:07:10 [INFO] Worker 5: 向下滑動: 294 像素，並等待 4.3570615504130945 秒
2024-12-18 11:07:10 [INFO] Worker 2: 向下滑動: 357 像素，並等待 3.85280442106843 秒
2024-12-18 11:07:10 [INFO] Worker 1: 向下滑動: 381 像素，並等待 4.476568326714327 秒
2024-12-18 11:07:12 [INFO] Worker 3: 向下滑動: 348 像素，並等待 4.128075978169399 秒
2024-12-18 11:07:13 [INFO] Worker 4: 向下滑動: 344 像素，並等待 3.972461074262764 秒
2024-12-18 11:07:14 [INFO] Worker 1: 向下滑動: 255 像素，並等待 3.326173129381814 秒
2024-12-18 11:07:14 [INFO] Worker 5: 向下滑動: 220 像素，並等待 4.062043534983583 秒
2024-12-18 11:07:14 [INFO] Worker 2: 向下滑動: 242 像素，並等待 3.995858498051513 秒
2024-12-18 11:07:16 [INFO] Worker 3: 向下滑動: 292 像素，並等待 3.754186704391584 秒
2024-12-18 11:07:17 [INFO] Worker 1: 向下滑動: 241 像素，並等待 3.0208619690066034 秒
2024-12-18 11:07:17 [INFO] Worker 4: 向下滑動: 367 像素，並等待 3.9539833681437715 秒
2024-12-18 11:07:17 [INFO] Worker 5: 向下滑動: 264 像素，並等待 3.8127786361410365 秒
2024-12-18 11:07:18 [INFO] Worker 2: 向下滑動: 350 像素，並等待 3.775600976725179 秒
2024-12-18 11:07:19 [INFO] Worker 3: 向下滑動: 263 像素，並等待 3.0411304897899343 秒
2024-12-18 11:07:20 [INFO] Worker 1: 向下滑動: 278 像素，並等待 3.3563798614204634 秒
2024-12-18 11:07:21 [INFO] Worker 4: 向下滑動: 379 像素，並等待 4.102442033001095 秒
2024-12-18 11:07:21 [INFO] Worker 5: 向下滑動: 247 像素，並等待 3.534263879885375 秒
2024-12-18 11:07:21 [INFO] Worker 2: 向下滑動: 216 像素，並等待 3.6491746529143168 秒
2024-12-18 11:07:22 [INFO] Worker 3: 向下滑動: 309 像素，並等待 3.2095282101099354 秒
2024-12-18 11:07:24 [INFO] Worker 1: 向下滑動: 400 像素，並等待 3.6577252373063587 秒
2024-12-18 11:07:25 [INFO] Worker 4: 向下滑動: 350 像素，並等待 3.9519358037400796 秒
2024-12-18 11:07:25 [INFO] Worker 5: 向下滑動: 383 像素，並等待 3.71214412882508 秒
2024-12-18 11:07:25 [INFO] Worker 2: 向下滑動: 219 像素，並等待 3.9628179462413113 秒
2024-12-18 11:07:26 [INFO] Worker 3: 向下滑動: 320 像素，並等待 3.770552074096001 秒
2024-12-18 11:07:27 [INFO] Worker 1: 向下滑動: 353 像素，並等待 3.045663495351289 秒
2024-12-18 11:07:28 [INFO] Worker 4: 向下滑動: 260 像素，並等待 3.3438048715382385 秒
2024-12-18 11:07:29 [INFO] Worker 3: 向下滑動: 241 像素，並等待 3.0491898083796656 秒
2024-12-18 11:07:29 [INFO] Worker 5: 向下滑動: 332 像素，並等待 4.329313456811952 秒
2024-12-18 11:07:30 [INFO] Worker 2: 向下滑動: 241 像素，並等待 4.320181996251966 秒
2024-12-18 11:07:31 [INFO] Worker 4: 向下滑動: 265 像素，並等待 3.3344438122922178 秒
2024-12-18 11:07:31 [INFO] Worker 1: 向下滑動: 368 像素，並等待 4.7109992928753535 秒
2024-12-18 11:07:33 [INFO] Worker 2: 向下滑動: 355 像素，並等待 3.643891111904701 秒
2024-12-18 11:07:33 [INFO] Worker 3: 向下滑動: 201 像素，並等待 4.22272388775098 秒
2024-12-18 11:07:34 [INFO] Worker 5: 向下滑動: 384 像素，並等待 4.801954667417789 秒
2024-12-18 11:07:36 [INFO] Worker 4: 向下滑動: 238 像素，並等待 4.836893437707251 秒
2024-12-18 11:07:36 [INFO] Worker 1: 向下滑動: 250 像素，並等待 4.9879791871440835 秒
2024-12-18 11:07:36 [INFO] Worker 2: 向下滑動: 306 像素，並等待 3.131495251789853 秒
2024-12-18 11:07:37 [INFO] Worker 3: 向下滑動: 299 像素，並等待 3.530872401541492 秒
2024-12-18 11:07:38 [INFO] Worker 5: 向下滑動: 287 像素，並等待 4.413761243609641 秒
2024-12-18 11:07:39 [INFO] Worker 4: 向下滑動: 254 像素，並等待 3.288433310499618 秒
2024-12-18 11:07:41 [INFO] Worker 3: 向下滑動: 222 像素，並等待 3.713080855546852 秒
2024-12-18 11:07:41 [INFO] Worker 1: 向下滑動: 393 像素，並等待 4.845426521207402 秒
2024-12-18 11:07:41 [INFO] Worker 2: 向下滑動: 375 像素，並等待 4.962102519506111 秒
2024-12-18 11:07:42 [INFO] Worker 5: 向下滑動: 370 像素，並等待 3.8044833591924627 秒
2024-12-18 11:07:43 [INFO] Worker 4: 向下滑動: 228 像素，並等待 3.4027899809918134 秒
2024-12-18 11:07:44 [INFO] Worker 3: 向下滑動: 355 像素，並等待 3.090236332443904 秒
2024-12-18 11:07:44 [INFO] Worker 2: 瀏覽器已關閉，任務已完成
2024-12-18 11:07:44 [INFO] Worker 2: 帳號 66637943259 的任務已結束
2024-12-18 11:07:44 [INFO] Worker 6: 開始處理帳號 66935324825
2024-12-18 11:07:44 [INFO] Worker 1: 向下滑動: 324 像素，並等待 3.2390274022408825 秒
2024-12-18 11:07:46 [INFO] Worker 5: 向下滑動: 351 像素，並等待 4.057864079407097 秒
2024-12-18 11:07:46 [INFO] Worker 4: 向下滑動: 363 像素，並等待 3.46203941939599 秒
2024-12-18 11:07:48 [INFO] Worker 3: 向下滑動: 327 像素，並等待 4.508266056459674 秒
2024-12-18 11:07:49 [INFO] Worker 1: 向下滑動: 253 像素，並等待 4.322941825363401 秒
2024-12-18 11:07:50 [INFO] Worker 4: 向下滑動: 245 像素，並等待 3.3774813538074726 秒
2024-12-18 11:07:51 [INFO] Worker 3: 帳號 66634899161 的任務已結束
2024-12-18 11:07:51 [INFO] Worker 7: 開始處理帳號 66990183891
2024-12-18 11:07:51 [INFO] Worker 5: 向下滑動: 221 像素，並等待 4.9316572649261765 秒
2024-12-18 11:07:52 [INFO] Worker 6: 代理 kamoney03.ddns.net:24006.0 設置成功
2024-12-18 11:07:52 [INFO] Worker 1: 向下滑動: 269 像素，並等待 3.04253732041078 秒
2024-12-18 11:07:53 [INFO] Worker 6: Cookies 已加載成功: cookies\66935324825_cookies.json
2024-12-18 11:07:54 [INFO] Worker 5: 帳號 66619622845 的任務已結束
2024-12-18 11:07:54 [INFO] Worker 8: 開始處理帳號 66823237283
2024-12-18 11:07:55 [INFO] Worker 4: 向下滑動: 291 像素，並等待 4.88476336433218 秒
2024-12-18 11:07:55 [INFO] Worker 6: 帳號 66935324825 使用 cookies 成功登入
2024-12-18 11:07:55 [INFO] Worker 6: 登錄成功，開始處理帳號 66935324825 的操作...
2024-12-18 11:07:55 [INFO] Worker 6: 開始跳轉操作...
2024-12-18 11:07:55 [INFO] Worker 6: 正在開啟貼文: https://www.facebook.com/share/18QgQ2Y2dz/
2024-12-18 11:07:57 [INFO] Worker 1: 向下滑動: 319 像素，並等待 4.800458652237635 秒
2024-12-18 11:07:57 [INFO] Worker 4: 帳號 66637943259 的任務已結束
2024-12-18 11:07:57 [INFO] Worker 9: 開始處理帳號 66991704166
2024-12-18 11:07:58 [INFO] Worker 6 隨機停留 8 秒
2024-12-18 11:07:58 [INFO] Worker 7: 代理 kamoney03.ddns.net:24001.0 設置成功
2024-12-18 11:07:59 [INFO] Worker 7: Cookies 已加載成功: cookies\66990183891_cookies.json
2024-12-18 11:08:00 [INFO] Worker 1: 向下滑動: 277 像素，並等待 3.6016126603875644 秒
2024-12-18 11:08:01 [INFO] Worker 8: 代理 kamoney03.ddns.net:24008.0 設置成功
2024-12-18 11:08:02 [INFO] Worker 7: 帳號 66990183891 使用 cookies 成功登入
2024-12-18 11:08:02 [INFO] Worker 7: 登錄成功，開始處理帳號 66990183891 的操作...
2024-12-18 11:08:02 [INFO] Worker 7: 開始跳轉操作...
2024-12-18 11:08:02 [INFO] Worker 7: 正在開啟貼文: https://www.facebook.com/share/18QgQ2Y2dz/
2024-12-18 11:08:02 [INFO] Worker 8: Cookies 已加載成功: cookies\66823237283_cookies.json
2024-12-18 11:08:03 [INFO] Worker 1: 帳號 66634899161 的任務已結束
2024-12-18 11:08:03 [INFO] Worker 10: 開始處理帳號 66646155782
2024-12-18 11:08:05 [INFO] Worker 9: 代理 kamoney03.ddns.net:24009.0 設置成功
2024-12-18 11:08:06 [INFO] Worker 6: 貼文已按過讚，無需重複操作
2024-12-18 11:08:06 [INFO] Worker 6 按讚後隨機停留 4 秒
2024-12-18 11:08:06 [INFO] Worker 9: Cookies 已加載成功: cookies\66991704166_cookies.json
2024-12-18 11:08:06 [INFO] Worker 8: 帳號 66823237283 使用 cookies 成功登入
2024-12-18 11:08:06 [INFO] Worker 8: 登錄成功，開始處理帳號 66823237283 的操作...
2024-12-18 11:08:06 [INFO] Worker 8: 開始跳轉操作...
2024-12-18 11:08:06 [INFO] Worker 8: 正在開啟貼文: https://www.facebook.com/share/18QgQ2Y2dz/
2024-12-18 11:08:06 [INFO] Worker 7 隨機停留 7 秒
2024-12-18 11:08:09 [INFO] Worker 9: 帳號 66991704166 使用 cookies 成功登入
2024-12-18 11:08:09 [INFO] Worker 9: 登錄成功，開始處理帳號 66991704166 的操作...
2024-12-18 11:08:09 [INFO] Worker 9: 開始跳轉操作...
2024-12-18 11:08:09 [INFO] Worker 9: 正在開啟貼文: https://www.facebook.com/share/18QgQ2Y2dz/
2024-12-18 11:08:09 [INFO] Worker 8 隨機停留 7 秒
2024-12-18 11:08:10 [INFO] Worker 6: 正在開啟網站: https://japanticket.com/prestige/tw/hokkaido/?fbclid=IwY2xjawHOKBpleHRuA2FlbQIxMAABHaGHzkUa9Xrj3SjatXaC9Yb4VFZXJHVNg6UjonFymwRNzb_q9RvBc3yZxA_aem_RLkYjGlaRRosmk8r7xkD4g#utm_source=prestige_tw_fb&utm_medium=social&utm_campaign=hokkaido_tour_tw_fb
2024-12-18 11:08:11 [INFO] Worker 10: 代理 kamoney03.ddns.net:24010.0 設置成功
2024-12-18 11:08:12 [INFO] Worker 10: Cookies 已加載成功: cookies\66646155782_cookies.json
2024-12-18 11:08:12 [INFO] Worker 9 隨機停留 8 秒
2024-12-18 11:08:13 [INFO] Worker 7: 貼文已按過讚，無需重複操作
2024-12-18 11:08:13 [INFO] Worker 7 按讚後隨機停留 3 秒
2024-12-18 11:08:14 [INFO] Worker 6 隨機停留時間: 189 秒
2024-12-18 11:08:14 [INFO] Worker 10: 帳號 66646155782 使用 cookies 成功登入
2024-12-18 11:08:14 [INFO] Worker 10: 登錄成功，開始處理帳號 66646155782 的操作...
2024-12-18 11:08:14 [INFO] Worker 10: 開始跳轉操作...
2024-12-18 11:08:14 [INFO] Worker 10: 正在開啟貼文: https://www.facebook.com/share/18QgQ2Y2dz/
2024-12-18 11:08:16 [INFO] Worker 8: 貼文已按過讚，無需重複操作
2024-12-18 11:08:16 [INFO] Worker 8 按讚後隨機停留 3 秒
2024-12-18 11:08:16 [INFO] Worker 7: 正在開啟網站: https://japanticket.com/prestige/tw/hokkaido/?fbclid=IwY2xjawHOKBpleHRuA2FlbQIxMAABHaGHzkUa9Xrj3SjatXaC9Yb4VFZXJHVNg6UjonFymwRNzb_q9RvBc3yZxA_aem_RLkYjGlaRRosmk8r7xkD4g#utm_source=prestige_tw_fb&utm_medium=social&utm_campaign=hokkaido_tour_tw_fb
2024-12-18 11:08:17 [INFO] Worker 10 隨機停留 7 秒
2024-12-18 11:08:17 [INFO] Worker 6: 向下滑動: 266 像素，並等待 3.036894420409882 秒
2024-12-18 11:08:19 [INFO] Worker 8: 正在開啟網站: https://japanticket.com/prestige/tw/hokkaido/?fbclid=IwY2xjawHOKBpleHRuA2FlbQIxMAABHaGHzkUa9Xrj3SjatXaC9Yb4VFZXJHVNg6UjonFymwRNzb_q9RvBc3yZxA_aem_RLkYjGlaRRosmk8r7xkD4g#utm_source=prestige_tw_fb&utm_medium=social&utm_campaign=hokkaido_tour_tw_fb
2024-12-18 11:08:19 [INFO] Worker 7 隨機停留時間: 189 秒
2024-12-18 11:08:20 [INFO] Worker 9: 貼文已按過讚，無需重複操作
2024-12-18 11:08:20 [INFO] Worker 9 按讚後隨機停留 4 秒
2024-12-18 11:08:21 [INFO] Worker 6: 向下滑動: 309 像素，並等待 3.244453445828592 秒
2024-12-18 11:08:23 [INFO] Worker 7: 向下滑動: 384 像素，並等待 3.1374175212113125 秒
2024-12-18 11:08:24 [INFO] Worker 10: 貼文已按過讚，無需重複操作
2024-12-18 11:08:24 [INFO] Worker 10 按讚後隨機停留 5 秒
2024-12-18 11:08:24 [INFO] Worker 8 隨機停留時間: 143 秒
2024-12-18 11:08:24 [INFO] Worker 9: 正在開啟網站: https://japanticket.com/prestige/tw/hokkaido/?fbclid=IwY2xjawHOKBpleHRuA2FlbQIxMAABHaGHzkUa9Xrj3SjatXaC9Yb4VFZXJHVNg6UjonFymwRNzb_q9RvBc3yZxA_aem_RLkYjGlaRRosmk8r7xkD4g#utm_source=prestige_tw_fb&utm_medium=social&utm_campaign=hokkaido_tour_tw_fb
2024-12-18 11:08:25 [INFO] Worker 6: 向下滑動: 392 像素，並等待 4.883666385622596 秒
2024-12-18 11:08:26 [INFO] Worker 7: 向下滑動: 332 像素，並等待 3.062821894616979 秒
2024-12-18 11:08:28 [INFO] Worker 9 隨機停留時間: 167 秒
2024-12-18 11:08:29 [INFO] Worker 7: 向下滑動: 289 像素，並等待 3.147259496088208 秒
2024-12-18 11:08:29 [INFO] Worker 10: 正在開啟網站: https://japanticket.com/prestige/tw/hokkaido/?fbclid=IwY2xjawHOKBpleHRuA2FlbQIxMAABHaGHzkUa9Xrj3SjatXaC9Yb4VFZXJHVNg6UjonFymwRNzb_q9RvBc3yZxA_aem_RLkYjGlaRRosmk8r7xkD4g#utm_source=prestige_tw_fb&utm_medium=social&utm_campaign=hokkaido_tour_tw_fb
2024-12-18 11:08:29 [INFO] Worker 8: 向下滑動: 359 像素，並等待 4.905968661655788 秒
2024-12-18 11:08:29 [INFO] Worker 6: 向下滑動: 233 像素，並等待 4.027803756012489 秒
2024-12-18 11:08:32 [INFO] Worker 9: 向下滑動: 359 像素，並等待 3.633771901362468 秒
2024-12-18 11:08:33 [INFO] Worker 7: 向下滑動: 385 像素，並等待 3.8168944062071617 秒
2024-12-18 11:08:33 [INFO] Worker 10 隨機停留時間: 179 秒
2024-12-18 11:08:33 [INFO] Worker 8: 向下滑動: 296 像素，並等待 4.552968295075685 秒
2024-12-18 11:08:34 [INFO] Worker 6: 向下滑動: 279 像素，並等待 4.2651279489241105 秒
2024-12-18 11:08:35 [INFO] Worker 9: 向下滑動: 346 像素，並等待 3.097267733958584 秒
2024-12-18 11:08:37 [INFO] Worker 7: 向下滑動: 252 像素，並等待 4.094980374310398 秒
2024-12-18 11:08:37 [INFO] Worker 10: 向下滑動: 358 像素，並等待 4.418218973110533 秒
2024-12-18 11:08:38 [INFO] Worker 6: 向下滑動: 298 像素，並等待 3.983554256920138 秒
2024-12-18 11:08:38 [INFO] Worker 8: 向下滑動: 370 像素，並等待 4.696869153077534 秒
2024-12-18 11:08:40 [INFO] Worker 9: 向下滑動: 355 像素，並等待 4.374806259623643 秒
2024-12-18 11:08:41 [INFO] Worker 7: 向下滑動: 257 像素，並等待 3.8022855096836783 秒
2024-12-18 11:08:41 [INFO] Worker 10: 向下滑動: 313 像素，並等待 3.8899677721848396 秒
2024-12-18 11:08:42 [INFO] Worker 6: 向下滑動: 251 像素，並等待 4.330393674121275 秒
2024-12-18 11:08:43 [INFO] Worker 8: 向下滑動: 287 像素，並等待 4.480418151022402 秒
2024-12-18 11:08:43 [INFO] Worker 9: 向下滑動: 313 像素，並等待 3.110251330160333 秒
2024-12-18 11:08:44 [INFO] Worker 7: 向下滑動: 335 像素，並等待 3.760049652695319 秒
2024-12-18 11:08:45 [INFO] Worker 10: 向下滑動: 209 像素，並等待 4.11303555529904 秒
2024-12-18 11:08:47 [INFO] Worker 6: 向下滑動: 366 像素，並等待 4.6581514309557015 秒
2024-12-18 11:08:47 [INFO] Worker 9: 向下滑動: 226 像素，並等待 4.2228145347009605 秒
2024-12-18 11:08:48 [INFO] Worker 8: 向下滑動: 347 像素，並等待 4.969924134613082 秒
2024-12-18 11:08:48 [INFO] Worker 7: 向下滑動: 302 像素，並等待 3.731632413137442 秒
2024-12-18 11:08:49 [INFO] Worker 10: 向下滑動: 224 像素，並等待 3.1479013663507223 秒
2024-12-18 11:08:51 [INFO] Worker 6: 向下滑動: 338 像素，並等待 4.069014608046842 秒
2024-12-18 11:08:51 [INFO] Worker 9: 向下滑動: 306 像素，並等待 3.988697238634237 秒
2024-12-18 11:08:51 [INFO] Worker 7: 向下滑動: 302 像素，並等待 3.2119209312943307 秒
2024-12-18 11:08:51 [INFO] Worker 8: 向下滑動: 397 像素，並等待 3.7552951109782637 秒
2024-12-18 11:08:53 [INFO] Worker 10: 向下滑動: 285 像素，並等待 4.1507078932886134 秒
2024-12-18 11:08:54 [INFO] Worker 6: 向下滑動: 307 像素，並等待 3.2273832694664875 秒
2024-12-18 11:08:55 [INFO] Worker 7: 向下滑動: 323 像素，並等待 4.067914734652013 秒
2024-12-18 11:08:55 [INFO] Worker 8: 向下滑動: 204 像素，並等待 3.9813610947595217 秒
2024-12-18 11:08:56 [INFO] Worker 9: 向下滑動: 257 像素，並等待 4.7329633857488025 秒
2024-12-18 11:08:57 [INFO] Worker 10: 向下滑動: 253 像素，並等待 4.422218515952347 秒
2024-12-18 11:08:58 [INFO] Worker 6: 向下滑動: 358 像素，並等待 3.909455776350181 秒
2024-12-18 11:08:58 [INFO] Worker 8: 向下滑動: 222 像素，並等待 3.0867310917412283 秒
2024-12-18 11:08:59 [INFO] Worker 7: 向下滑動: 220 像素，並等待 3.518597744303036 秒
2024-12-18 11:09:00 [INFO] Worker 9: 向下滑動: 336 像素，並等待 4.244007998459389 秒
2024-12-18 11:09:01 [INFO] Worker 10: 向下滑動: 293 像素，並等待 3.8879453212560904 秒
2024-12-18 11:09:02 [INFO] Worker 7: 向下滑動: 392 像素，並等待 3.4300401173075787 秒
2024-12-18 11:09:02 [INFO] Worker 6: 向下滑動: 368 像素，並等待 4.428653418425975 秒
2024-12-18 11:09:03 [INFO] Worker 8: 向下滑動: 369 像素，並等待 4.760817143549193 秒
2024-12-18 11:09:04 [INFO] Worker 9: 向下滑動: 207 像素，並等待 4.322877126061442 秒
2024-12-18 11:09:06 [INFO] Worker 10: 向下滑動: 375 像素，並等待 4.935989488528228 秒
2024-12-18 11:09:07 [INFO] Worker 6: 向下滑動: 292 像素，並等待 4.586221827434467 秒
2024-12-18 11:09:07 [INFO] Worker 7: 向下滑動: 391 像素，並等待 4.795839799132525 秒
2024-12-18 11:09:08 [INFO] Worker 8: 向下滑動: 236 像素，並等待 4.660272355324802 秒
2024-12-18 11:09:09 [INFO] Worker 9: 向下滑動: 385 像素，並等待 4.495658475667358 秒
2024-12-18 11:09:10 [INFO] Worker 10: 向下滑動: 209 像素，並等待 4.058871332545398 秒
2024-12-18 11:09:12 [INFO] Worker 7: 向下滑動: 237 像素，並等待 4.498093852794069 秒
2024-12-18 11:09:12 [INFO] Worker 6: 向下滑動: 264 像素，並等待 4.964310343998941 秒
2024-12-18 11:09:13 [INFO] Worker 9: 向下滑動: 275 像素，並等待 3.7344366035728176 秒
2024-12-18 11:09:13 [INFO] Worker 8: 向下滑動: 388 像素，並等待 4.700229014569217 秒
2024-12-18 11:09:14 [INFO] Worker 10: 向下滑動: 297 像素，並等待 4.059254723287735 秒
2024-12-18 11:09:16 [INFO] Worker 6: 向下滑動: 347 像素，並等待 4.026405576468489 秒
2024-12-18 11:09:16 [INFO] Worker 7: 向下滑動: 242 像素，並等待 4.704737660610206 秒
2024-12-18 11:09:16 [INFO] Worker 8: 向下滑動: 376 像素，並等待 3.8477505894679984 秒
2024-12-18 11:09:17 [INFO] Worker 9: 向下滑動: 272 像素，並等待 4.265946057221203 秒
2024-12-18 11:09:18 [INFO] Worker 10: 向下滑動: 244 像素，並等待 4.011207752334592 秒
2024-12-18 11:09:20 [INFO] Worker 8: 向下滑動: 305 像素，並等待 3.282376715525605 秒
2024-12-18 11:09:21 [INFO] Worker 7: 向下滑動: 345 像素，並等待 4.479072668509408 秒
2024-12-18 11:09:21 [INFO] Worker 6: 向下滑動: 257 像素，並等待 4.903689934311547 秒
2024-12-18 11:09:21 [INFO] Worker 10: 向下滑動: 251 像素，並等待 3.10395984048845 秒
2024-12-18 11:09:22 [INFO] Worker 9: 向下滑動: 348 像素，並等待 4.800539617625472 秒
2024-12-18 11:09:24 [INFO] Worker 7: 向下滑動: 311 像素，並等待 3.6042351573353617 秒
2024-12-18 11:09:24 [INFO] Worker 8: 向下滑動: 363 像素，並等待 4.660292232485374 秒
2024-12-18 11:09:25 [INFO] Worker 6: 向下滑動: 242 像素，並等待 3.6159048845362634 秒
2024-12-18 11:09:25 [INFO] Worker 9: 向下滑動: 360 像素，並等待 3.2189033149103037 秒
2024-12-18 11:09:26 [INFO] Worker 10: 向下滑動: 237 像素，並等待 4.2686384372770085 秒
2024-12-18 11:09:28 [INFO] Worker 6: 向下滑動: 381 像素，並等待 3.8591179991714872 秒
2024-12-18 11:09:29 [INFO] Worker 8: 向下滑動: 358 像素，並等待 4.597828554618777 秒
2024-12-18 11:09:29 [INFO] Worker 9: 向下滑動: 241 像素，並等待 4.229480662872206 秒
2024-12-18 11:09:29 [INFO] Worker 10: 向下滑動: 230 像素，並等待 3.519572859899223 秒
2024-12-18 11:09:29 [INFO] Worker 7: 向下滑動: 379 像素，並等待 4.807057313289871 秒
2024-12-18 11:09:32 [INFO] Worker 9: 向下滑動: 226 像素，並等待 3.0821092562365626 秒
2024-12-18 11:09:33 [INFO] Worker 6: 向下滑動: 392 像素，並等待 4.287835001876652 秒
2024-12-18 11:09:33 [INFO] Worker 8: 向下滑動: 396 像素，並等待 3.7977270853037273 秒
2024-12-18 11:09:33 [INFO] Worker 10: 向下滑動: 267 像素，並等待 3.77213177892086 秒
2024-12-18 11:09:34 [INFO] Worker 7: 向下滑動: 328 像素，並等待 4.433508730558417 秒
2024-12-18 11:09:36 [INFO] Worker 9: 向下滑動: 308 像素，並等待 4.250530409200391 秒
2024-12-18 11:09:36 [INFO] Worker 10: 向下滑動: 283 像素，並等待 3.53619697209171 秒
2024-12-18 11:09:37 [INFO] Worker 6: 向下滑動: 305 像素，並等待 3.8225603877000207 秒
2024-12-18 11:09:37 [INFO] Worker 7: 向下滑動: 398 像素，並等待 3.110748126720117 秒
2024-12-18 11:09:38 [INFO] Worker 8: 向下滑動: 359 像素，並等待 4.779353352562841 秒
2024-12-18 11:09:40 [INFO] Worker 6: 向下滑動: 349 像素，並等待 3.888258692113844 秒
2024-12-18 11:09:41 [INFO] Worker 7: 向下滑動: 324 像素，並等待 3.738909950829204 秒
2024-12-18 11:09:41 [INFO] Worker 9: 向下滑動: 291 像素，並等待 4.268296516369736 秒
2024-12-18 11:09:41 [INFO] Worker 10: 向下滑動: 392 像素，並等待 4.5444645034951305 秒
2024-12-18 11:09:42 [INFO] Worker 8: 向下滑動: 376 像素，並等待 4.341491564700916 秒
2024-12-18 11:09:44 [INFO] Worker 9: 向下滑動: 365 像素，並等待 3.6597013407479917 秒
2024-12-18 11:09:45 [INFO] Worker 7: 向下滑動: 375 像素，並等待 4.781409492508698 秒
2024-12-18 11:09:45 [INFO] Worker 6: 向下滑動: 213 像素，並等待 4.98972687358045 秒
2024-12-18 11:09:46 [INFO] Worker 10: 向下滑動: 269 像素，並等待 4.965951807547569 秒
2024-12-18 11:09:46 [INFO] Worker 8: 向下滑動: 377 像素，並等待 4.008524449801071 秒
2024-12-18 11:09:48 [INFO] Worker 9: 向下滑動: 354 像素，並等待 3.42270941014252 秒
2024-12-18 11:09:49 [INFO] Worker 7: 向下滑動: 357 像素，並等待 3.2393171814559585 秒
2024-12-18 11:09:49 [INFO] Worker 6: 向下滑動: 227 像素，並等待 3.464155413796921 秒
2024-12-18 11:09:50 [INFO] Worker 8: 向下滑動: 210 像素，並等待 4.334781687853723 秒
2024-12-18 11:09:51 [INFO] Worker 10: 向下滑動: 249 像素，並等待 4.698878528669719 秒
2024-12-18 11:09:52 [INFO] Worker 9: 向下滑動: 223 像素，並等待 4.39425122373751 秒
2024-12-18 11:09:52 [INFO] Worker 7: 向下滑動: 215 像素，並等待 3.8122900837536093 秒
2024-12-18 11:09:53 [INFO] Worker 6: 向下滑動: 210 像素，並等待 3.72988215619683 秒
2024-12-18 11:09:55 [INFO] Worker 8: 向下滑動: 246 像素，並等待 4.608516091804442 秒
2024-12-18 11:09:55 [INFO] Worker 10: 向下滑動: 211 像素，並等待 4.344359573562442 秒
2024-12-18 11:09:55 [INFO] Worker 9: 向下滑動: 361 像素，並等待 3.0866339325140117 秒
2024-12-18 11:09:57 [INFO] Worker 7: 向下滑動: 278 像素，並等待 4.1308186406815866 秒
2024-12-18 11:09:58 [INFO] Worker 6: 向下滑動: 258 像素，並等待 4.915249927677168 秒
2024-12-18 11:09:58 [INFO] Worker 10: 向下滑動: 393 像素，並等待 3.348776157162043 秒
2024-12-18 11:09:59 [INFO] Worker 8: 向下滑動: 348 像素，並等待 3.8290795834512164 秒
2024-12-18 11:10:00 [INFO] Worker 7: 向下滑動: 387 像素，並等待 3.0999517460525245 秒
2024-12-18 11:10:00 [INFO] Worker 9: 向下滑動: 200 像素，並等待 4.874175271470809 秒
2024-12-18 11:10:01 [INFO] Worker 6: 向下滑動: 364 像素，並等待 3.330581824866046 秒
2024-12-18 11:10:02 [INFO] Worker 10: 向下滑動: 249 像素，並等待 3.978558638162734 秒
2024-12-18 11:10:03 [INFO] Worker 8: 向下滑動: 228 像素，並等待 4.6060770788800625 秒
2024-12-18 11:10:03 [INFO] Worker 9: 向下滑動: 372 像素，並等待 3.2715041950906496 秒
2024-12-18 11:10:04 [INFO] Worker 6: 向下滑動: 319 像素，並等待 3.54858306203841 秒
2024-12-18 11:10:05 [INFO] Worker 7: 向下滑動: 374 像素，並等待 4.9905090491665725 秒
2024-12-18 11:10:07 [INFO] Worker 8: 向下滑動: 314 像素，並等待 3.11049899305527 秒
2024-12-18 11:10:07 [INFO] Worker 9: 向下滑動: 317 像素，並等待 3.2189960807202875 秒
2024-12-18 11:10:07 [INFO] Worker 10: 向下滑動: 388 像素，並等待 4.968362181329851 秒
2024-12-18 11:10:09 [INFO] Worker 7: 向下滑動: 297 像素，並等待 4.001243021899523 秒
2024-12-18 11:10:09 [INFO] Worker 6: 向下滑動: 222 像素，並等待 4.704751347340134 秒
2024-12-18 11:10:10 [INFO] Worker 8: 向下滑動: 207 像素，並等待 3.0924493774435975 秒
2024-12-18 11:10:10 [INFO] Worker 9: 向下滑動: 251 像素，並等待 3.551170283050951 秒
2024-12-18 11:10:12 [INFO] Worker 10: 向下滑動: 345 像素，並等待 4.276000738302441 秒
2024-12-18 11:10:13 [INFO] Worker 8: 向下滑動: 313 像素，並等待 3.4999419642352216 秒
2024-12-18 11:10:13 [INFO] Worker 7: 向下滑動: 338 像素，並等待 4.793973357850494 秒
2024-12-18 11:10:14 [INFO] Worker 6: 向下滑動: 337 像素，並等待 4.868383741572613 秒
2024-12-18 11:10:15 [INFO] Worker 9: 向下滑動: 294 像素，並等待 4.418703939497191 秒
2024-12-18 11:10:17 [INFO] Worker 10: 向下滑動: 206 像素，並等待 4.972374187373833 秒
2024-12-18 11:10:17 [INFO] Worker 6: 向下滑動: 324 像素，並等待 3.141483842372256 秒
2024-12-18 11:10:17 [INFO] Worker 7: 向下滑動: 205 像素，並等待 3.94082948683191 秒
2024-12-18 11:10:18 [INFO] Worker 8: 向下滑動: 364 像素，並等待 4.531689666017028 秒
2024-12-18 11:10:19 [INFO] Worker 9: 向下滑動: 256 像素，並等待 4.754750407225928 秒
2024-12-18 11:10:20 [INFO] Worker 10: 向下滑動: 251 像素，並等待 3.785925221598267 秒
2024-12-18 11:10:20 [INFO] Worker 7: 向下滑動: 347 像素，並等待 3.086712273569436 秒
2024-12-18 11:10:22 [INFO] Worker 6: 向下滑動: 274 像素，並等待 4.435220607497536 秒
2024-12-18 11:10:22 [INFO] Worker 8: 向下滑動: 252 像素，並等待 4.779147731902415 秒
2024-12-18 11:10:24 [INFO] Worker 7: 向下滑動: 274 像素，並等待 3.7765173296378407 秒
2024-12-18 11:10:24 [INFO] Worker 9: 向下滑動: 348 像素，並等待 4.9918057376367875 秒
2024-12-18 11:10:25 [INFO] Worker 10: 向下滑動: 393 像素，並等待 4.897422591208398 秒
2024-12-18 11:10:26 [INFO] Worker 6: 向下滑動: 219 像素，並等待 4.106443805426417 秒
2024-12-18 11:10:27 [INFO] Worker 8: 向下滑動: 247 像素，並等待 4.378202394139846 秒
2024-12-18 11:10:28 [INFO] Worker 7: 向下滑動: 286 像素，並等待 3.786433930865819 秒
2024-12-18 11:10:28 [INFO] Worker 10: 向下滑動: 318 像素，並等待 3.0912714962358097 秒
2024-12-18 11:10:29 [INFO] Worker 9: 向下滑動: 350 像素，並等待 4.988835795928682 秒
2024-12-18 11:10:30 [INFO] Worker 6: 向下滑動: 226 像素，並等待 3.775427356171904 秒
2024-12-18 11:10:32 [INFO] Worker 7: 向下滑動: 311 像素，並等待 3.4848437799749075 秒
2024-12-18 11:10:32 [INFO] Worker 8: 向下滑動: 337 像素，並等待 4.7357068366783555 秒
2024-12-18 11:10:32 [INFO] Worker 10: 向下滑動: 360 像素，並等待 3.3919712498093118 秒
2024-12-18 11:10:33 [INFO] Worker 9: 向下滑動: 375 像素，並等待 3.2241855648570787 秒
2024-12-18 11:10:33 [INFO] Worker 6: 向下滑動: 241 像素，並等待 3.3467716133688894 秒
2024-12-18 11:10:35 [INFO] Worker 8: 向下滑動: 248 像素，並等待 3.7195599980650043 秒
2024-12-18 11:10:35 [INFO] Worker 10: 向下滑動: 343 像素，並等待 3.4999701776791876 秒
2024-12-18 11:10:37 [INFO] Worker 6: 向下滑動: 375 像素，並等待 3.63252947633266 秒
2024-12-18 11:10:37 [INFO] Worker 7: 向下滑動: 369 像素，並等待 4.985018199542852 秒
2024-12-18 11:10:37 [INFO] Worker 9: 向下滑動: 305 像素，並等待 4.856518816211251 秒
2024-12-18 11:10:39 [INFO] Worker 8: 向下滑動: 378 像素，並等待 3.5409332172094405 秒
2024-12-18 11:10:40 [INFO] Worker 6: 向下滑動: 287 像素，並等待 3.3290917039423826 秒
2024-12-18 11:10:40 [INFO] Worker 7: 向下滑動: 299 像素，並等待 3.370646549713416 秒
2024-12-18 11:10:40 [INFO] Worker 10: 向下滑動: 316 像素，並等待 4.6202357332583865 秒
2024-12-18 11:10:41 [INFO] Worker 9: 向下滑動: 214 像素，並等待 3.9498372496567478 秒
2024-12-18 11:10:43 [INFO] Worker 8: 向下滑動: 389 像素，並等待 4.395682657599191 秒
2024-12-18 11:10:43 [INFO] Worker 6: 向下滑動: 231 像素，並等待 3.4257663878354085 秒
2024-12-18 11:10:45 [INFO] Worker 10: 向下滑動: 360 像素，並等待 4.6906874670168275 秒
2024-12-18 11:10:45 [INFO] Worker 7: 向下滑動: 327 像素，並等待 4.705473789138907 秒
2024-12-18 11:10:46 [INFO] Worker 9: 向下滑動: 396 像素，並等待 4.241039787658885 秒
2024-12-18 11:10:47 [INFO] Worker 6: 向下滑動: 332 像素，並等待 4.068336217823656 秒
2024-12-18 11:10:48 [INFO] Worker 8: 向下滑動: 325 像素，並等待 4.926810576742211 秒
2024-12-18 11:10:49 [INFO] Worker 7: 向下滑動: 353 像素，並等待 4.512643934531407 秒
2024-12-18 11:10:49 [INFO] Worker 10: 向下滑動: 371 像素，並等待 4.692600766225045 秒
2024-12-18 11:10:49 [INFO] Worker 9: 向下滑動: 203 像素，並等待 3.7819427672730863 秒
2024-12-18 11:10:51 [INFO] Worker 8: 帳號 66823237283 的任務已結束
2024-12-18 11:10:51 [INFO] Worker 11: 開始處理帳號 447388000000
2024-12-18 11:10:52 [INFO] Worker 6: 向下滑動: 225 像素，並等待 4.680280694135756 秒
2024-12-18 11:10:54 [INFO] Worker 10: 向下滑動: 291 像素，並等待 4.3287410671101965 秒
2024-12-18 11:10:54 [INFO] Worker 9: 向下滑動: 328 像素，並等待 4.5942322758664265 秒
2024-12-18 11:10:55 [INFO] Worker 7: 向下滑動: 369 像素，並等待 3.84306720833674 秒
2024-12-18 11:10:56 [INFO] Worker 6: 向下滑動: 237 像素，並等待 4.4004736007896055 秒
2024-12-18 11:10:57 [INFO] Worker 10: 向下滑動: 314 像素，並等待 3.8133784758047335 秒
2024-12-18 11:10:58 [INFO] Worker 11: 代理 kamoney03.ddns.net:24001.0 設置成功
2024-12-18 11:10:58 [INFO] Worker 9: 向下滑動: 212 像素，並等待 4.3238542004983245 秒
2024-12-18 11:11:00 [INFO] Worker 11: Cookies 文件 cookies\447388000000_cookies.json 不存在。
2024-12-18 11:11:00 [INFO] Worker 7: 向下滑動: 274 像素，並等待 4.752689677469809 秒
2024-12-18 11:11:01 [INFO] Worker 6: 向下滑動: 229 像素，並等待 4.869400914340383 秒
2024-12-18 11:11:02 [INFO] Worker 10: 向下滑動: 343 像素，並等待 4.546585204763925 秒
2024-12-18 11:11:03 [INFO] Worker 9: 向下滑動: 218 像素，並等待 4.282337148867913 秒
2024-12-18 11:11:04 [INFO] Worker 7: 向下滑動: 291 像素，並等待 4.1777082894297015 秒
2024-12-18 11:11:05 [INFO] Worker 6: 向下滑動: 216 像素，並等待 3.8563462290028343 秒
2024-12-18 11:11:06 [ERROR] Exception in thread
2024-12-18 11:11:06 [ERROR] TaskMonitor-navigate
2024-12-18 11:11:06 [ERROR] :
2024-12-18 11:11:06 [ERROR] Traceback (most recent call last):
2024-12-18 11:11:06 [ERROR] File "C:\Python312\Lib\site-packages\urllib3\connection.py", line 199, in _new_conn
2024-12-18 11:11:06 [ERROR] sock = connection.create_connection(
2024-12-18 11:11:06 [ERROR] ^
2024-12-18 11:11:06 [ERROR] ^
2024-12-18 11:11:06 [ERROR] ^
2024-12-18 11:11:06 [ERROR] ^
2024-12-18 11:11:06 [ERROR] ^
2024-12-18 11:11:06 [ERROR] ^
2024-12-18 11:11:06 [ERROR] ^
2024-12-18 11:11:06 [ERROR] ^
2024-12-18 11:11:06 [ERROR] ^
2024-12-18 11:11:06 [ERROR] ^
2024-12-18 11:11:06 [ERROR] ^
2024-12-18 11:11:06 [ERROR] ^
2024-12-18 11:11:06 [ERROR] ^
2024-12-18 11:11:06 [ERROR] ^
2024-12-18 11:11:06 [ERROR] ^
2024-12-18 11:11:06 [ERROR] ^
2024-12-18 11:11:06 [ERROR] ^
2024-12-18 11:11:06 [ERROR] ^
2024-12-18 11:11:06 [ERROR] ^
2024-12-18 11:11:06 [ERROR] ^
2024-12-18 11:11:06 [ERROR] ^
2024-12-18 11:11:06 [ERROR] ^
2024-12-18 11:11:06 [ERROR] ^
2024-12-18 11:11:06 [ERROR] ^
2024-12-18 11:11:06 [ERROR] ^
2024-12-18 11:11:06 [ERROR] ^
2024-12-18 11:11:06 [ERROR] ^
2024-12-18 11:11:06 [ERROR] ^
2024-12-18 11:11:06 [ERROR] ^
2024-12-18 11:11:06 [ERROR] File "C:\Python312\Lib\site-packages\urllib3\util\connection.py", line 85, in create_connection
2024-12-18 11:11:06 [ERROR] raise err
2024-12-18 11:11:06 [ERROR] File "C:\Python312\Lib\site-packages\urllib3\util\connection.py", line 73, in create_connection
2024-12-18 11:11:06 [ERROR] sock.connect(sa)
2024-12-18 11:11:06 [ERROR] ConnectionRefusedError
2024-12-18 11:11:06 [ERROR] :
2024-12-18 11:11:06 [ERROR] [WinError 10061] 無法連線，因為目標電腦拒絕連線。
2024-12-18 11:11:06 [ERROR] The above exception was the direct cause of the following exception:
2024-12-18 11:11:06 [ERROR] Traceback (most recent call last):
2024-12-18 11:11:06 [ERROR] File "C:\Python312\Lib\site-packages\urllib3\connectionpool.py", line 789, in urlopen
2024-12-18 11:11:06 [ERROR] response = self._make_request(
2024-12-18 11:11:06 [ERROR] ^
2024-12-18 11:11:06 [ERROR] ^
2024-12-18 11:11:06 [ERROR] ^
2024-12-18 11:11:06 [ERROR] ^
2024-12-18 11:11:06 [ERROR] ^
2024-12-18 11:11:06 [ERROR] ^
2024-12-18 11:11:06 [ERROR] ^
2024-12-18 11:11:06 [ERROR] ^
2024-12-18 11:11:06 [ERROR] ^
2024-12-18 11:11:06 [ERROR] ^
2024-12-18 11:11:06 [ERROR] ^
2024-12-18 11:11:06 [ERROR] ^
2024-12-18 11:11:06 [ERROR] ^
2024-12-18 11:11:06 [ERROR] ^
2024-12-18 11:11:06 [ERROR] ^
2024-12-18 11:11:06 [ERROR] ^
2024-12-18 11:11:06 [ERROR] ^
2024-12-18 11:11:06 [ERROR] ^
2024-12-18 11:11:06 [ERROR] ^
2024-12-18 11:11:06 [ERROR] File "C:\Python312\Lib\site-packages\urllib3\connectionpool.py", line 495, in _make_request
2024-12-18 11:11:06 [ERROR] conn.request(
2024-12-18 11:11:06 [ERROR] File "C:\Python312\Lib\site-packages\urllib3\connection.py", line 441, in request
2024-12-18 11:11:06 [ERROR] self.endheaders()
2024-12-18 11:11:06 [ERROR] File "C:\Python312\Lib\http\client.py", line 1331, in endheaders
2024-12-18 11:11:06 [ERROR] self._send_output(message_body, encode_chunked=encode_chunked)
2024-12-18 11:11:06 [ERROR] File "C:\Python312\Lib\http\client.py", line 1091, in _send_output
2024-12-18 11:11:06 [ERROR] self.send(msg)
2024-12-18 11:11:06 [ERROR] File "C:\Python312\Lib\http\client.py", line 1035, in send
2024-12-18 11:11:06 [ERROR] self.connect()
2024-12-18 11:11:06 [ERROR] File "C:\Python312\Lib\site-packages\urllib3\connection.py", line 279, in connect
2024-12-18 11:11:06 [ERROR] self.sock = self._new_conn()
2024-12-18 11:11:06 [ERROR] ^
2024-12-18 11:11:06 [ERROR] ^
2024-12-18 11:11:06 [ERROR] ^
2024-12-18 11:11:06 [ERROR] ^
2024-12-18 11:11:06 [ERROR] ^
2024-12-18 11:11:06 [ERROR] ^
2024-12-18 11:11:06 [ERROR] ^
2024-12-18 11:11:06 [ERROR] ^
2024-12-18 11:11:06 [ERROR] ^
2024-12-18 11:11:06 [ERROR] ^
2024-12-18 11:11:06 [ERROR] ^
2024-12-18 11:11:06 [ERROR] ^
2024-12-18 11:11:06 [ERROR] ^
2024-12-18 11:11:06 [ERROR] ^
2024-12-18 11:11:06 [ERROR] ^
2024-12-18 11:11:06 [ERROR] ^
2024-12-18 11:11:06 [ERROR] File "C:\Python312\Lib\site-packages\urllib3\connection.py", line 214, in _new_conn
2024-12-18 11:11:06 [ERROR] raise NewConnectionError(
2024-12-18 11:11:06 [ERROR] urllib3.exceptions
2024-12-18 11:11:06 [ERROR] .
2024-12-18 11:11:06 [ERROR] NewConnectionError
2024-12-18 11:11:06 [ERROR] :
2024-12-18 11:11:06 [ERROR] <urllib3.connection.HTTPConnection object at 0x000001411AD43BC0>: Failed to establish a new connection: [WinError 10061] 無法連線，因為目標電腦拒絕連線。
2024-12-18 11:11:06 [ERROR] The above exception was the direct cause of the following exception:
2024-12-18 11:11:06 [ERROR] Traceback (most recent call last):
2024-12-18 11:11:06 [ERROR] File "C:\Python312\Lib\threading.py", line 1073, in _bootstrap_inner
2024-12-18 11:11:06 [ERROR] self.run()
2024-12-18 11:11:06 [ERROR] File "C:\Python312\Lib\threading.py", line 1010, in run
2024-12-18 11:11:06 [ERROR] self._target(*self._args, **self._kwargs)
2024-12-18 11:11:06 [ERROR] File "c:\Users\user\Desktop\SuChenAI\Factbook-RPA-clickurl\modules\task_monitor.py", line 29, in run
2024-12-18 11:11:06 [ERROR] self.check_for_unexpected_behavior(task_id, status)  # 檢查是否有非預期行為
2024-12-18 11:11:06 [ERROR] ^
2024-12-18 11:11:06 [ERROR] ^
2024-12-18 11:11:06 [ERROR] ^
2024-12-18 11:11:06 [ERROR] ^
2024-12-18 11:11:06 [ERROR] ^
2024-12-18 11:11:06 [ERROR] ^
2024-12-18 11:11:06 [ERROR] ^
2024-12-18 11:11:06 [ERROR] ^
2024-12-18 11:11:06 [ERROR] ^
2024-12-18 11:11:06 [ERROR] ^
2024-12-18 11:11:06 [ERROR] ^
2024-12-18 11:11:06 [ERROR] ^
2024-12-18 11:11:06 [ERROR] ^
2024-12-18 11:11:06 [ERROR] ^
2024-12-18 11:11:06 [ERROR] ^
2024-12-18 11:11:06 [ERROR] ^
2024-12-18 11:11:06 [ERROR] ^
2024-12-18 11:11:06 [ERROR] ^
2024-12-18 11:11:06 [ERROR] ^
2024-12-18 11:11:06 [ERROR] ^
2024-12-18 11:11:06 [ERROR] ^
2024-12-18 11:11:06 [ERROR] ^
2024-12-18 11:11:06 [ERROR] ^
2024-12-18 11:11:06 [ERROR] ^
2024-12-18 11:11:06 [ERROR] ^
2024-12-18 11:11:06 [ERROR] ^
2024-12-18 11:11:06 [ERROR] ^
2024-12-18 11:11:06 [ERROR] ^
2024-12-18 11:11:06 [ERROR] ^
2024-12-18 11:11:06 [ERROR] ^
2024-12-18 11:11:06 [ERROR] ^
2024-12-18 11:11:06 [ERROR] ^
2024-12-18 11:11:06 [ERROR] ^
2024-12-18 11:11:06 [ERROR] ^
2024-12-18 11:11:06 [ERROR] ^
2024-12-18 11:11:06 [ERROR] ^
2024-12-18 11:11:06 [ERROR] ^
2024-12-18 11:11:06 [ERROR] ^
2024-12-18 11:11:06 [ERROR] ^
2024-12-18 11:11:06 [ERROR] ^
2024-12-18 11:11:06 [ERROR] ^
2024-12-18 11:11:06 [ERROR] ^
2024-12-18 11:11:06 [ERROR] ^
2024-12-18 11:11:06 [ERROR] ^
2024-12-18 11:11:06 [ERROR] ^
2024-12-18 11:11:06 [ERROR] ^
2024-12-18 11:11:06 [ERROR] ^
2024-12-18 11:11:06 [ERROR] ^
2024-12-18 11:11:06 [ERROR] ^
2024-12-18 11:11:06 [ERROR] ^
2024-12-18 11:11:06 [ERROR] ^
2024-12-18 11:11:06 [ERROR] File "c:\Users\user\Desktop\SuChenAI\Factbook-RPA-clickurl\modules\task_monitor.py", line 80, in check_for_unexpected_behavior
2024-12-18 11:11:06 [ERROR] WebDriverWait(driver, 0.01).until(
2024-12-18 11:11:06 [ERROR] File "C:\Python312\Lib\site-packages\selenium\webdriver\support\wait.py", line 96, in until
2024-12-18 11:11:06 [ERROR] value = method(self._driver)
2024-12-18 11:11:06 [ERROR] ^
2024-12-18 11:11:06 [ERROR] ^
2024-12-18 11:11:06 [ERROR] ^
2024-12-18 11:11:06 [ERROR] ^
2024-12-18 11:11:06 [ERROR] ^
2024-12-18 11:11:06 [ERROR] ^
2024-12-18 11:11:06 [ERROR] ^
2024-12-18 11:11:06 [ERROR] ^
2024-12-18 11:11:06 [ERROR] ^
2024-12-18 11:11:06 [ERROR] ^
2024-12-18 11:11:06 [ERROR] ^
2024-12-18 11:11:06 [ERROR] ^
2024-12-18 11:11:06 [ERROR] ^
2024-12-18 11:11:06 [ERROR] ^
2024-12-18 11:11:06 [ERROR] ^
2024-12-18 11:11:06 [ERROR] ^
2024-12-18 11:11:06 [ERROR] ^
2024-12-18 11:11:06 [ERROR] ^
2024-12-18 11:11:06 [ERROR] ^
2024-12-18 11:11:06 [ERROR] ^
2024-12-18 11:11:06 [ERROR] File "C:\Python312\Lib\site-packages\selenium\webdriver\support\expected_conditions.py", line 84, in _predicate
2024-12-18 11:11:06 [ERROR] return driver.find_element(*locator)
2024-12-18 11:11:06 [ERROR] ^
2024-12-18 11:11:06 [ERROR] ^
2024-12-18 11:11:06 [ERROR] ^
2024-12-18 11:11:06 [ERROR] ^
2024-12-18 11:11:06 [ERROR] ^
2024-12-18 11:11:06 [ERROR] ^
2024-12-18 11:11:06 [ERROR] ^
2024-12-18 11:11:06 [ERROR] ^
2024-12-18 11:11:06 [ERROR] ^
2024-12-18 11:11:06 [ERROR] ^
2024-12-18 11:11:06 [ERROR] ^
2024-12-18 11:11:06 [ERROR] ^
2024-12-18 11:11:06 [ERROR] ^
2024-12-18 11:11:06 [ERROR] ^
2024-12-18 11:11:06 [ERROR] ^
2024-12-18 11:11:06 [ERROR] ^
2024-12-18 11:11:06 [ERROR] ^
2024-12-18 11:11:06 [ERROR] ^
2024-12-18 11:11:06 [ERROR] ^
2024-12-18 11:11:06 [ERROR] ^
2024-12-18 11:11:06 [ERROR] ^
2024-12-18 11:11:06 [ERROR] ^
2024-12-18 11:11:06 [ERROR] ^
2024-12-18 11:11:06 [ERROR] ^
2024-12-18 11:11:06 [ERROR] ^
2024-12-18 11:11:06 [ERROR] ^
2024-12-18 11:11:06 [ERROR] ^
2024-12-18 11:11:06 [ERROR] ^
2024-12-18 11:11:06 [ERROR] ^
2024-12-18 11:11:06 [ERROR] File "C:\Python312\Lib\site-packages\selenium\webdriver\remote\webdriver.py", line 770, in find_element
2024-12-18 11:11:06 [ERROR] return self.execute(Command.FIND_ELEMENT, {"using": by, "value": value})["value"]
2024-12-18 11:11:06 [ERROR] ^
2024-12-18 11:11:06 [ERROR] ^
2024-12-18 11:11:06 [ERROR] ^
2024-12-18 11:11:06 [ERROR] ^
2024-12-18 11:11:06 [ERROR] ^
2024-12-18 11:11:06 [ERROR] ^
2024-12-18 11:11:06 [ERROR] ^
2024-12-18 11:11:06 [ERROR] ^
2024-12-18 11:11:06 [ERROR] ^
2024-12-18 11:11:06 [ERROR] ^
2024-12-18 11:11:06 [ERROR] ^
2024-12-18 11:11:06 [ERROR] ^
2024-12-18 11:11:06 [ERROR] ^
2024-12-18 11:11:06 [ERROR] ^
2024-12-18 11:11:06 [ERROR] ^
2024-12-18 11:11:06 [ERROR] ^
2024-12-18 11:11:06 [ERROR] ^
2024-12-18 11:11:06 [ERROR] ^
2024-12-18 11:11:06 [ERROR] ^
2024-12-18 11:11:06 [ERROR] ^
2024-12-18 11:11:06 [ERROR] ^
2024-12-18 11:11:06 [ERROR] ^
2024-12-18 11:11:06 [ERROR] ^
2024-12-18 11:11:06 [ERROR] ^
2024-12-18 11:11:06 [ERROR] ^
2024-12-18 11:11:06 [ERROR] ^
2024-12-18 11:11:06 [ERROR] ^
2024-12-18 11:11:06 [ERROR] ^
2024-12-18 11:11:06 [ERROR] ^
2024-12-18 11:11:06 [ERROR] ^
2024-12-18 11:11:06 [ERROR] ^
2024-12-18 11:11:06 [ERROR] ^
2024-12-18 11:11:06 [ERROR] ^
2024-12-18 11:11:06 [ERROR] ^
2024-12-18 11:11:06 [ERROR] ^
2024-12-18 11:11:06 [ERROR] ^
2024-12-18 11:11:06 [ERROR] ^
2024-12-18 11:11:06 [ERROR] ^
2024-12-18 11:11:06 [ERROR] ^
2024-12-18 11:11:06 [ERROR] ^
2024-12-18 11:11:06 [ERROR] ^
2024-12-18 11:11:06 [ERROR] ^
2024-12-18 11:11:06 [ERROR] ^
2024-12-18 11:11:06 [ERROR] ^
2024-12-18 11:11:06 [ERROR] ^
2024-12-18 11:11:06 [ERROR] ^
2024-12-18 11:11:06 [ERROR] ^
2024-12-18 11:11:06 [ERROR] ^
2024-12-18 11:11:06 [ERROR] ^
2024-12-18 11:11:06 [ERROR] ^
2024-12-18 11:11:06 [ERROR] ^
2024-12-18 11:11:06 [ERROR] ^
2024-12-18 11:11:06 [ERROR] ^
2024-12-18 11:11:06 [ERROR] ^
2024-12-18 11:11:06 [ERROR] ^
2024-12-18 11:11:06 [ERROR] ^
2024-12-18 11:11:06 [ERROR] ^
2024-12-18 11:11:06 [ERROR] ^
2024-12-18 11:11:06 [ERROR] ^
2024-12-18 11:11:06 [ERROR] ^
2024-12-18 11:11:06 [ERROR] ^
2024-12-18 11:11:06 [ERROR] ^
2024-12-18 11:11:06 [ERROR] ^
2024-12-18 11:11:06 [ERROR] ^
2024-12-18 11:11:06 [ERROR] ^
2024-12-18 11:11:06 [ERROR] File "C:\Python312\Lib\site-packages\selenium\webdriver\remote\webdriver.py", line 382, in execute
2024-12-18 11:11:06 [ERROR] response = self.command_executor.execute(driver_command, params)
2024-12-18 11:11:06 [ERROR] ^
2024-12-18 11:11:06 [ERROR] ^
2024-12-18 11:11:06 [ERROR] ^
2024-12-18 11:11:06 [ERROR] ^
2024-12-18 11:11:06 [ERROR] ^
2024-12-18 11:11:06 [ERROR] ^
2024-12-18 11:11:06 [ERROR] ^
2024-12-18 11:11:06 [ERROR] ^
2024-12-18 11:11:06 [ERROR] ^
2024-12-18 11:11:06 [ERROR] ^
2024-12-18 11:11:06 [ERROR] ^
2024-12-18 11:11:06 [ERROR] ^
2024-12-18 11:11:06 [ERROR] ^
2024-12-18 11:11:06 [ERROR] ^
2024-12-18 11:11:06 [ERROR] ^
2024-12-18 11:11:06 [ERROR] ^
2024-12-18 11:11:06 [ERROR] ^
2024-12-18 11:11:06 [ERROR] ^
2024-12-18 11:11:06 [ERROR] ^
2024-12-18 11:11:06 [ERROR] ^
2024-12-18 11:11:06 [ERROR] ^
2024-12-18 11:11:06 [ERROR] ^
2024-12-18 11:11:06 [ERROR] ^
2024-12-18 11:11:06 [ERROR] ^
2024-12-18 11:11:06 [ERROR] ^
2024-12-18 11:11:06 [ERROR] ^
2024-12-18 11:11:06 [ERROR] ^
2024-12-18 11:11:06 [ERROR] ^
2024-12-18 11:11:06 [ERROR] ^
2024-12-18 11:11:06 [ERROR] ^
2024-12-18 11:11:06 [ERROR] ^
2024-12-18 11:11:06 [ERROR] ^
2024-12-18 11:11:06 [ERROR] ^
2024-12-18 11:11:06 [ERROR] ^
2024-12-18 11:11:06 [ERROR] ^
2024-12-18 11:11:06 [ERROR] ^
2024-12-18 11:11:06 [ERROR] ^
2024-12-18 11:11:06 [ERROR] ^
2024-12-18 11:11:06 [ERROR] ^
2024-12-18 11:11:06 [ERROR] ^
2024-12-18 11:11:06 [ERROR] ^
2024-12-18 11:11:06 [ERROR] ^
2024-12-18 11:11:06 [ERROR] ^
2024-12-18 11:11:06 [ERROR] ^
2024-12-18 11:11:06 [ERROR] ^
2024-12-18 11:11:06 [ERROR] ^
2024-12-18 11:11:06 [ERROR] ^
2024-12-18 11:11:06 [ERROR] ^
2024-12-18 11:11:06 [ERROR] ^
2024-12-18 11:11:06 [ERROR] ^
2024-12-18 11:11:06 [ERROR] ^
2024-12-18 11:11:06 [ERROR] ^
2024-12-18 11:11:06 [ERROR] ^
2024-12-18 11:11:06 [ERROR] File "C:\Python312\Lib\site-packages\selenium\webdriver\remote\remote_connection.py", line 404, in execute
2024-12-18 11:11:06 [ERROR] return self._request(command_info[0], url, body=data)
2024-12-18 11:11:06 [ERROR] ^
2024-12-18 11:11:06 [ERROR] ^
2024-12-18 11:11:06 [ERROR] ^
2024-12-18 11:11:06 [ERROR] ^
2024-12-18 11:11:06 [ERROR] ^
2024-12-18 11:11:06 [ERROR] ^
2024-12-18 11:11:06 [ERROR] ^
2024-12-18 11:11:06 [ERROR] ^
2024-12-18 11:11:06 [ERROR] ^
2024-12-18 11:11:06 [ERROR] ^
2024-12-18 11:11:06 [ERROR] ^
2024-12-18 11:11:06 [ERROR] ^
2024-12-18 11:11:06 [ERROR] ^
2024-12-18 11:11:06 [ERROR] ^
2024-12-18 11:11:06 [ERROR] ^
2024-12-18 11:11:06 [ERROR] ^
2024-12-18 11:11:06 [ERROR] ^
2024-12-18 11:11:06 [ERROR] ^
2024-12-18 11:11:06 [ERROR] ^
2024-12-18 11:11:06 [ERROR] ^
2024-12-18 11:11:06 [ERROR] ^
2024-12-18 11:11:06 [ERROR] ^
2024-12-18 11:11:06 [ERROR] ^
2024-12-18 11:11:06 [ERROR] ^
2024-12-18 11:11:06 [ERROR] ^
2024-12-18 11:11:06 [ERROR] ^
2024-12-18 11:11:06 [ERROR] ^
2024-12-18 11:11:06 [ERROR] ^
2024-12-18 11:11:06 [ERROR] ^
2024-12-18 11:11:06 [ERROR] ^
2024-12-18 11:11:06 [ERROR] ^
2024-12-18 11:11:06 [ERROR] ^
2024-12-18 11:11:06 [ERROR] ^
2024-12-18 11:11:06 [ERROR] ^
2024-12-18 11:11:06 [ERROR] ^
2024-12-18 11:11:06 [ERROR] ^
2024-12-18 11:11:06 [ERROR] ^
2024-12-18 11:11:06 [ERROR] ^
2024-12-18 11:11:06 [ERROR] ^
2024-12-18 11:11:06 [ERROR] ^
2024-12-18 11:11:06 [ERROR] ^
2024-12-18 11:11:06 [ERROR] ^
2024-12-18 11:11:06 [ERROR] ^
2024-12-18 11:11:06 [ERROR] ^
2024-12-18 11:11:06 [ERROR] ^
2024-12-18 11:11:06 [ERROR] ^
2024-12-18 11:11:06 [ERROR] File "C:\Python312\Lib\site-packages\selenium\webdriver\remote\remote_connection.py", line 428, in _request
2024-12-18 11:11:06 [ERROR] response = self._conn.request(method, url, body=body, headers=headers, timeout=self._client_config.timeout)
2024-12-18 11:11:06 [ERROR] ^
2024-12-18 11:11:06 [ERROR] ^
2024-12-18 11:11:06 [ERROR] ^
2024-12-18 11:11:06 [ERROR] ^
2024-12-18 11:11:06 [ERROR] ^
2024-12-18 11:11:06 [ERROR] ^
2024-12-18 11:11:06 [ERROR] ^
2024-12-18 11:11:06 [ERROR] ^
2024-12-18 11:11:06 [ERROR] ^
2024-12-18 11:11:06 [ERROR] ^
2024-12-18 11:11:06 [ERROR] ^
2024-12-18 11:11:06 [ERROR] ^
2024-12-18 11:11:06 [ERROR] ^
2024-12-18 11:11:06 [ERROR] ^
2024-12-18 11:11:06 [ERROR] ^
2024-12-18 11:11:06 [ERROR] ^
2024-12-18 11:11:06 [ERROR] ^
2024-12-18 11:11:06 [ERROR] ^
2024-12-18 11:11:06 [ERROR] ^
2024-12-18 11:11:06 [ERROR] ^
2024-12-18 11:11:06 [ERROR] ^
2024-12-18 11:11:06 [ERROR] ^
2024-12-18 11:11:06 [ERROR] ^
2024-12-18 11:11:06 [ERROR] ^
2024-12-18 11:11:06 [ERROR] ^
2024-12-18 11:11:06 [ERROR] ^
2024-12-18 11:11:06 [ERROR] ^
2024-12-18 11:11:06 [ERROR] ^
2024-12-18 11:11:06 [ERROR] ^
2024-12-18 11:11:06 [ERROR] ^
2024-12-18 11:11:06 [ERROR] ^
2024-12-18 11:11:06 [ERROR] ^
2024-12-18 11:11:06 [ERROR] ^
2024-12-18 11:11:06 [ERROR] ^
2024-12-18 11:11:06 [ERROR] ^
2024-12-18 11:11:06 [ERROR] ^
2024-12-18 11:11:06 [ERROR] ^
2024-12-18 11:11:06 [ERROR] ^
2024-12-18 11:11:06 [ERROR] ^
2024-12-18 11:11:06 [ERROR] ^
2024-12-18 11:11:06 [ERROR] ^
2024-12-18 11:11:06 [ERROR] ^
2024-12-18 11:11:06 [ERROR] ^
2024-12-18 11:11:06 [ERROR] ^
2024-12-18 11:11:06 [ERROR] ^
2024-12-18 11:11:06 [ERROR] ^
2024-12-18 11:11:06 [ERROR] ^
2024-12-18 11:11:06 [ERROR] ^
2024-12-18 11:11:06 [ERROR] ^
2024-12-18 11:11:06 [ERROR] ^
2024-12-18 11:11:06 [ERROR] ^
2024-12-18 11:11:06 [ERROR] ^
2024-12-18 11:11:06 [ERROR] ^
2024-12-18 11:11:06 [ERROR] ^
2024-12-18 11:11:06 [ERROR] ^
2024-12-18 11:11:06 [ERROR] ^
2024-12-18 11:11:06 [ERROR] ^
2024-12-18 11:11:06 [ERROR] ^
2024-12-18 11:11:06 [ERROR] ^
2024-12-18 11:11:06 [ERROR] ^
2024-12-18 11:11:06 [ERROR] ^
2024-12-18 11:11:06 [ERROR] ^
2024-12-18 11:11:06 [ERROR] ^
2024-12-18 11:11:06 [ERROR] ^
2024-12-18 11:11:06 [ERROR] ^
2024-12-18 11:11:06 [ERROR] ^
2024-12-18 11:11:06 [ERROR] ^
2024-12-18 11:11:06 [ERROR] ^
2024-12-18 11:11:06 [ERROR] ^
2024-12-18 11:11:06 [ERROR] ^
2024-12-18 11:11:06 [ERROR] ^
2024-12-18 11:11:06 [ERROR] ^
2024-12-18 11:11:06 [ERROR] ^
2024-12-18 11:11:06 [ERROR] ^
2024-12-18 11:11:06 [ERROR] ^
2024-12-18 11:11:06 [ERROR] ^
2024-12-18 11:11:06 [ERROR] ^
2024-12-18 11:11:06 [ERROR] ^
2024-12-18 11:11:06 [ERROR] ^
2024-12-18 11:11:06 [ERROR] ^
2024-12-18 11:11:06 [ERROR] ^
2024-12-18 11:11:06 [ERROR] ^
2024-12-18 11:11:06 [ERROR] ^
2024-12-18 11:11:06 [ERROR] ^
2024-12-18 11:11:06 [ERROR] ^
2024-12-18 11:11:06 [ERROR] ^
2024-12-18 11:11:06 [ERROR] ^
2024-12-18 11:11:06 [ERROR] ^
2024-12-18 11:11:06 [ERROR] ^
2024-12-18 11:11:06 [ERROR] ^
2024-12-18 11:11:06 [ERROR] ^
2024-12-18 11:11:06 [ERROR] ^
2024-12-18 11:11:06 [ERROR] ^
2024-12-18 11:11:06 [ERROR] ^
2024-12-18 11:11:06 [ERROR] ^
2024-12-18 11:11:06 [ERROR] ^
2024-12-18 11:11:06 [ERROR] File "C:\Python312\Lib\site-packages\urllib3\_request_methods.py", line 143, in request
2024-12-18 11:11:06 [ERROR] return self.request_encode_body(
2024-12-18 11:11:06 [ERROR] ^
2024-12-18 11:11:06 [ERROR] ^
2024-12-18 11:11:06 [ERROR] ^
2024-12-18 11:11:06 [ERROR] ^
2024-12-18 11:11:06 [ERROR] ^
2024-12-18 11:11:06 [ERROR] ^
2024-12-18 11:11:06 [ERROR] ^
2024-12-18 11:11:06 [ERROR] ^
2024-12-18 11:11:06 [ERROR] ^
2024-12-18 11:11:06 [ERROR] ^
2024-12-18 11:11:06 [ERROR] ^
2024-12-18 11:11:06 [ERROR] ^
2024-12-18 11:11:06 [ERROR] ^
2024-12-18 11:11:06 [ERROR] ^
2024-12-18 11:11:06 [ERROR] ^
2024-12-18 11:11:06 [ERROR] ^
2024-12-18 11:11:06 [ERROR] ^
2024-12-18 11:11:06 [ERROR] ^
2024-12-18 11:11:06 [ERROR] ^
2024-12-18 11:11:06 [ERROR] ^
2024-12-18 11:11:06 [ERROR] ^
2024-12-18 11:11:06 [ERROR] ^
2024-12-18 11:11:06 [ERROR] ^
2024-12-18 11:11:06 [ERROR] ^
2024-12-18 11:11:06 [ERROR] ^
2024-12-18 11:11:06 [ERROR] File "C:\Python312\Lib\site-packages\urllib3\_request_methods.py", line 278, in request_encode_body
2024-12-18 11:11:06 [ERROR] return self.urlopen(method, url, **extra_kw)
2024-12-18 11:11:06 [ERROR] ^
2024-12-18 11:11:06 [ERROR] ^
2024-12-18 11:11:06 [ERROR] ^
2024-12-18 11:11:06 [ERROR] ^
2024-12-18 11:11:06 [ERROR] ^
2024-12-18 11:11:06 [ERROR] ^
2024-12-18 11:11:06 [ERROR] ^
2024-12-18 11:11:06 [ERROR] ^
2024-12-18 11:11:06 [ERROR] ^
2024-12-18 11:11:06 [ERROR] ^
2024-12-18 11:11:06 [ERROR] ^
2024-12-18 11:11:06 [ERROR] ^
2024-12-18 11:11:06 [ERROR] ^
2024-12-18 11:11:06 [ERROR] ^
2024-12-18 11:11:06 [ERROR] ^
2024-12-18 11:11:06 [ERROR] ^
2024-12-18 11:11:06 [ERROR] ^
2024-12-18 11:11:06 [ERROR] ^
2024-12-18 11:11:06 [ERROR] ^
2024-12-18 11:11:06 [ERROR] ^
2024-12-18 11:11:06 [ERROR] ^
2024-12-18 11:11:06 [ERROR] ^
2024-12-18 11:11:06 [ERROR] ^
2024-12-18 11:11:06 [ERROR] ^
2024-12-18 11:11:06 [ERROR] ^
2024-12-18 11:11:06 [ERROR] ^
2024-12-18 11:11:06 [ERROR] ^
2024-12-18 11:11:06 [ERROR] ^
2024-12-18 11:11:06 [ERROR] ^
2024-12-18 11:11:06 [ERROR] ^
2024-12-18 11:11:06 [ERROR] ^
2024-12-18 11:11:06 [ERROR] ^
2024-12-18 11:11:06 [ERROR] ^
2024-12-18 11:11:06 [ERROR] ^
2024-12-18 11:11:06 [ERROR] ^
2024-12-18 11:11:06 [ERROR] ^
2024-12-18 11:11:06 [ERROR] ^
2024-12-18 11:11:06 [ERROR] File "C:\Python312\Lib\site-packages\urllib3\poolmanager.py", line 443, in urlopen
2024-12-18 11:11:06 [ERROR] response = conn.urlopen(method, u.request_uri, **kw)
2024-12-18 11:11:06 [ERROR] ^
2024-12-18 11:11:06 [ERROR] ^
2024-12-18 11:11:06 [ERROR] ^
2024-12-18 11:11:06 [ERROR] ^
2024-12-18 11:11:06 [ERROR] ^
2024-12-18 11:11:06 [ERROR] ^
2024-12-18 11:11:06 [ERROR] ^
2024-12-18 11:11:06 [ERROR] ^
2024-12-18 11:11:06 [ERROR] ^
2024-12-18 11:11:06 [ERROR] ^
2024-12-18 11:11:06 [ERROR] ^
2024-12-18 11:11:06 [ERROR] ^
2024-12-18 11:11:06 [ERROR] ^
2024-12-18 11:11:06 [ERROR] ^
2024-12-18 11:11:06 [ERROR] ^
2024-12-18 11:11:06 [ERROR] ^
2024-12-18 11:11:06 [ERROR] ^
2024-12-18 11:11:06 [ERROR] ^
2024-12-18 11:11:06 [ERROR] ^
2024-12-18 11:11:06 [ERROR] ^
2024-12-18 11:11:06 [ERROR] ^
2024-12-18 11:11:06 [ERROR] ^
2024-12-18 11:11:06 [ERROR] ^
2024-12-18 11:11:06 [ERROR] ^
2024-12-18 11:11:06 [ERROR] ^
2024-12-18 11:11:06 [ERROR] ^
2024-12-18 11:11:06 [ERROR] ^
2024-12-18 11:11:06 [ERROR] ^
2024-12-18 11:11:06 [ERROR] ^
2024-12-18 11:11:06 [ERROR] ^
2024-12-18 11:11:06 [ERROR] ^
2024-12-18 11:11:06 [ERROR] ^
2024-12-18 11:11:06 [ERROR] ^
2024-12-18 11:11:06 [ERROR] ^
2024-12-18 11:11:06 [ERROR] ^
2024-12-18 11:11:06 [ERROR] ^
2024-12-18 11:11:06 [ERROR] ^
2024-12-18 11:11:06 [ERROR] ^
2024-12-18 11:11:06 [ERROR] ^
2024-12-18 11:11:06 [ERROR] ^
2024-12-18 11:11:06 [ERROR] ^
2024-12-18 11:11:06 [ERROR] File "C:\Python312\Lib\site-packages\urllib3\connectionpool.py", line 873, in urlopen
2024-12-18 11:11:06 [ERROR] return self.urlopen(
2024-12-18 11:11:06 [ERROR] ^
2024-12-18 11:11:06 [ERROR] ^
2024-12-18 11:11:06 [ERROR] ^
2024-12-18 11:11:06 [ERROR] ^
2024-12-18 11:11:06 [ERROR] ^
2024-12-18 11:11:06 [ERROR] ^
2024-12-18 11:11:06 [ERROR] ^
2024-12-18 11:11:06 [ERROR] ^
2024-12-18 11:11:06 [ERROR] ^
2024-12-18 11:11:06 [ERROR] ^
2024-12-18 11:11:06 [ERROR] ^
2024-12-18 11:11:06 [ERROR] ^
2024-12-18 11:11:06 [ERROR] ^
2024-12-18 11:11:06 [ERROR] File "C:\Python312\Lib\site-packages\urllib3\connectionpool.py", line 873, in urlopen
2024-12-18 11:11:06 [ERROR] return self.urlopen(
2024-12-18 11:11:06 [ERROR] ^
2024-12-18 11:11:06 [ERROR] ^
2024-12-18 11:11:06 [ERROR] ^
2024-12-18 11:11:06 [ERROR] ^
2024-12-18 11:11:06 [ERROR] ^
2024-12-18 11:11:06 [ERROR] ^
2024-12-18 11:11:06 [ERROR] ^
2024-12-18 11:11:06 [ERROR] ^
2024-12-18 11:11:06 [ERROR] ^
2024-12-18 11:11:06 [ERROR] ^
2024-12-18 11:11:06 [ERROR] ^
2024-12-18 11:11:06 [ERROR] ^
2024-12-18 11:11:06 [ERROR] ^
2024-12-18 11:11:06 [ERROR] File "C:\Python312\Lib\site-packages\urllib3\connectionpool.py", line 873, in urlopen
2024-12-18 11:11:06 [ERROR] return self.urlopen(
2024-12-18 11:11:06 [ERROR] ^
2024-12-18 11:11:06 [ERROR] ^
2024-12-18 11:11:06 [ERROR] ^
2024-12-18 11:11:06 [ERROR] ^
2024-12-18 11:11:06 [ERROR] ^
2024-12-18 11:11:06 [ERROR] ^
2024-12-18 11:11:06 [ERROR] ^
2024-12-18 11:11:06 [ERROR] ^
2024-12-18 11:11:06 [ERROR] ^
2024-12-18 11:11:06 [ERROR] ^
2024-12-18 11:11:06 [ERROR] ^
2024-12-18 11:11:06 [ERROR] ^
2024-12-18 11:11:06 [ERROR] ^
2024-12-18 11:11:06 [ERROR] File "C:\Python312\Lib\site-packages\urllib3\connectionpool.py", line 843, in urlopen
2024-12-18 11:11:06 [ERROR] retries = retries.increment(
2024-12-18 11:11:06 [ERROR] ^
2024-12-18 11:11:06 [ERROR] ^
2024-12-18 11:11:06 [ERROR] ^
2024-12-18 11:11:06 [ERROR] ^
2024-12-18 11:11:06 [ERROR] ^
2024-12-18 11:11:06 [ERROR] ^
2024-12-18 11:11:06 [ERROR] ^
2024-12-18 11:11:06 [ERROR] ^
2024-12-18 11:11:06 [ERROR] ^
2024-12-18 11:11:06 [ERROR] ^
2024-12-18 11:11:06 [ERROR] ^
2024-12-18 11:11:06 [ERROR] ^
2024-12-18 11:11:06 [ERROR] ^
2024-12-18 11:11:06 [ERROR] ^
2024-12-18 11:11:06 [ERROR] ^
2024-12-18 11:11:06 [ERROR] ^
2024-12-18 11:11:06 [ERROR] ^
2024-12-18 11:11:06 [ERROR] ^
2024-12-18 11:11:06 [ERROR] File "C:\Python312\Lib\site-packages\urllib3\util\retry.py", line 519, in increment
2024-12-18 11:11:06 [ERROR] raise MaxRetryError(_pool, url, reason) from reason  # type: ignore[arg-type]
2024-12-18 11:11:06 [ERROR] ^
2024-12-18 11:11:06 [ERROR] ^
2024-12-18 11:11:06 [ERROR] ^
2024-12-18 11:11:06 [ERROR] ^
2024-12-18 11:11:06 [ERROR] ^
2024-12-18 11:11:06 [ERROR] ^
2024-12-18 11:11:06 [ERROR] ^
2024-12-18 11:11:06 [ERROR] ^
2024-12-18 11:11:06 [ERROR] ^
2024-12-18 11:11:06 [ERROR] ^
2024-12-18 11:11:06 [ERROR] ^
2024-12-18 11:11:06 [ERROR] ^
2024-12-18 11:11:06 [ERROR] ^
2024-12-18 11:11:06 [ERROR] ^
2024-12-18 11:11:06 [ERROR] ^
2024-12-18 11:11:06 [ERROR] ^
2024-12-18 11:11:06 [ERROR] ^
2024-12-18 11:11:06 [ERROR] ^
2024-12-18 11:11:06 [ERROR] ^
2024-12-18 11:11:06 [ERROR] ^
2024-12-18 11:11:06 [ERROR] ^
2024-12-18 11:11:06 [ERROR] ^
2024-12-18 11:11:06 [ERROR] ^
2024-12-18 11:11:06 [ERROR] ^
2024-12-18 11:11:06 [ERROR] ^
2024-12-18 11:11:06 [ERROR] ^
2024-12-18 11:11:06 [ERROR] ^
2024-12-18 11:11:06 [ERROR] ^
2024-12-18 11:11:06 [ERROR] ^
2024-12-18 11:11:06 [ERROR] ^
2024-12-18 11:11:06 [ERROR] ^
2024-12-18 11:11:06 [ERROR] ^
2024-12-18 11:11:06 [ERROR] ^
2024-12-18 11:11:06 [ERROR] ^
2024-12-18 11:11:06 [ERROR] ^
2024-12-18 11:11:06 [ERROR] ^
2024-12-18 11:11:06 [ERROR] ^
2024-12-18 11:11:06 [ERROR] ^
2024-12-18 11:11:06 [ERROR] ^
2024-12-18 11:11:06 [ERROR] ^
2024-12-18 11:11:06 [ERROR] ^
2024-12-18 11:11:06 [ERROR] ^
2024-12-18 11:11:06 [ERROR] ^
2024-12-18 11:11:06 [ERROR] ^
2024-12-18 11:11:06 [ERROR] ^
2024-12-18 11:11:06 [ERROR] ^
2024-12-18 11:11:06 [ERROR] ^
2024-12-18 11:11:06 [ERROR] ^
2024-12-18 11:11:06 [ERROR] ^
2024-12-18 11:11:06 [ERROR] ^
2024-12-18 11:11:06 [ERROR] ^
2024-12-18 11:11:06 [ERROR] urllib3.exceptions
2024-12-18 11:11:06 [ERROR] .
2024-12-18 11:11:06 [ERROR] MaxRetryError
2024-12-18 11:11:06 [ERROR] :
2024-12-18 11:11:06 [ERROR] HTTPConnectionPool(host='localhost', port=59916): Max retries exceeded with url: /session/6950bd4b-3d2c-4f57-b2b8-ae050cc79804/element (Caused by NewConnectionError('<urllib3.connection.HTTPConnection object at 0x000001411AD43BC0>: Failed to establish a new connection: [WinError 10061] 無法連線，因為目標電腦拒絕連線。'))
2024-12-18 11:11:07 [INFO] Worker 10: 向下滑動: 374 像素，並等待 4.869192082726601 秒
2024-12-18 11:11:07 [INFO] Worker 9: 向下滑動: 216 像素，並等待 4.2250590289547025 秒
2024-12-18 11:11:07 [INFO] Worker 7: 向下滑動: 336 像素，並等待 3.4378808580074938 秒
2024-12-18 11:11:08 [INFO] Worker 6: 向下滑動: 270 像素，並等待 3.160558099119242 秒
2024-12-18 11:11:10 [INFO] Worker 9: 向下滑動: 328 像素，並等待 3.0423900779770228 秒
2024-12-18 11:11:11 [INFO] Worker 11: 點擊登錄按鈕成功
2024-12-18 11:11:11 [INFO] Worker 10: 向下滑動: 397 像素，並等待 4.127990570738591 秒
2024-12-18 11:11:12 [INFO] Worker 7: 向下滑動: 226 像素，並等待 4.981448218289756 秒
2024-12-18 11:11:13 [INFO] Worker 6: 向下滑動: 285 像素，並等待 4.185101405697473 秒
2024-12-18 11:11:14 [INFO] Worker 9: 向下滑動: 344 像素，並等待 3.8552468217280143 秒
2024-12-18 11:11:15 [INFO] Worker 10: 向下滑動: 357 像素，並等待 4.177492517406424 秒
2024-12-18 11:11:16 [INFO] Worker 6: 向下滑動: 223 像素，並等待 3.7336696267360034 秒
2024-12-18 11:11:16 [INFO] Worker 7: 向下滑動: 344 像素，並等待 4.017056971013557 秒
2024-12-18 11:11:19 [INFO] Worker 9: 向下滑動: 268 像素，並等待 4.692026225572427 秒
2024-12-18 11:11:19 [INFO] Worker 10: 向下滑動: 275 像素，並等待 3.3262415368224794 秒
2024-12-18 11:11:21 [INFO] Worker 7: 向下滑動: 339 像素，並等待 4.457993128299831 秒
2024-12-18 11:11:21 [INFO] Worker 6: 向下滑動: 275 像素，並等待 4.892919781780187 秒
2024-12-18 11:11:21 [INFO] Worker 9: 帳號 66991704166 的任務已結束
2024-12-18 11:11:21 [INFO] Worker 12: 開始處理帳號 66643407753
2024-12-18 11:11:23 [INFO] Worker 11: 重試等待元素失敗，超出最大次數
2024-12-18 11:11:23 [INFO] Worker 10: 向下滑動: 202 像素，並等待 4.214039011407105 秒
2024-12-18 11:11:25 [INFO] Worker 7: 向下滑動: 250 像素，並等待 3.8570263511472644 秒
2024-12-18 11:11:26 [INFO] Worker 6: 向下滑動: 346 像素，並等待 4.427250675971771 秒
2024-12-18 11:11:27 [INFO] Worker 10: 向下滑動: 346 像素，並等待 4.293731469766767 秒
2024-12-18 11:11:28 [INFO] Worker 6: 帳號 66935324825 的任務已結束
2024-12-18 11:11:28 [INFO] Worker 13: 開始處理帳號 66954958462
2024-12-18 11:11:28 [INFO] Worker 12: 代理 kamoney03.ddns.net:24006.80556 設置成功
2024-12-18 11:11:29 [INFO] Worker 7: 向下滑動: 365 像素，並等待 4.106125871325343 秒
2024-12-18 11:11:29 [INFO] Worker 12: Cookies 已加載成功: cookies\66643407753_cookies.json
2024-12-18 11:11:31 [INFO] Worker 10: 向下滑動: 279 像素，並等待 3.8376144778211545 秒
2024-12-18 11:11:31 [INFO] Worker 7: 帳號 66990183891 的任務已結束
2024-12-18 11:11:31 [INFO] Worker 14: 開始處理帳號 66804035563
2024-12-18 11:11:32 [INFO] Worker 12: 帳號 66643407753 使用 cookies 成功登入
2024-12-18 11:11:32 [INFO] Worker 12: 登錄成功，開始處理帳號 66643407753 的操作...
2024-12-18 11:11:32 [INFO] Worker 12: 開始跳轉操作...
2024-12-18 11:11:32 [INFO] Worker 12: 正在開啟貼文: https://www.facebook.com/share/18QgQ2Y2dz/
2024-12-18 11:11:35 [INFO] Worker 12 隨機停留 8 秒
2024-12-18 11:11:35 [INFO] Worker 11: 重試等待元素失敗，超出最大次數
2024-12-18 11:11:35 [INFO] Worker 11: 登入失敗，無法找到登入後的確認元素
2024-12-18 11:11:35 [INFO] Worker 11: 登錄失敗，跳過發文操作
2024-12-18 11:11:35 [INFO] Worker 10: 向下滑動: 272 像素，並等待 4.323366360715169 秒
2024-12-18 11:11:36 [INFO] Worker 13: 代理 kamoney03.ddns.net:24007.12222 設置成功
2024-12-18 11:11:37 [INFO] Worker 13: Cookies 已加載成功: cookies\66954958462_cookies.json
2024-12-18 11:11:38 [INFO] Worker 11: 帳號 447388000000 的任務已結束
2024-12-18 11:11:38 [INFO] Worker 15: 開始處理帳號 66823121944
2024-12-18 11:11:38 [INFO] Worker 10: 帳號 66646155782 的任務已結束
2024-12-18 11:11:38 [INFO] Worker 16: 開始處理帳號 66814785452
2024-12-18 11:11:39 [INFO] Worker 14: 代理 kamoney03.ddns.net:24007.43889 設置成功
2024-12-18 11:11:40 [INFO] Worker 13: 帳號 66954958462 使用 cookies 成功登入
2024-12-18 11:11:40 [INFO] Worker 13: 登錄成功，開始處理帳號 66954958462 的操作...
2024-12-18 11:11:40 [INFO] Worker 13: 開始跳轉操作...
2024-12-18 11:11:40 [INFO] Worker 13: 正在開啟貼文: https://www.facebook.com/share/18QgQ2Y2dz/
2024-12-18 11:11:43 [INFO] Worker 12: 貼文已按過讚，無需重複操作
2024-12-18 11:11:43 [INFO] Worker 12 按讚後隨機停留 5 秒
2024-12-18 11:11:43 [INFO] Worker 13 隨機停留 7 秒
2024-12-18 11:11:45 [INFO] Worker 15: 代理 kamoney03.ddns.net:24007.75556 設置成功
2024-12-18 11:11:45 [INFO] Worker 16: 代理 kamoney03.ddns.net:24008.07222 設置成功
2024-12-18 11:11:46 [INFO] Worker 15: Cookies 已加載成功: cookies\66823121944_cookies.json
2024-12-18 11:11:47 [INFO] Worker 16: Cookies 已加載成功: cookies\66814785452_cookies.json
2024-12-18 11:11:48 [INFO] Worker 12: 正在開啟網站: https://japanticket.com/prestige/tw/hokkaido/?fbclid=IwY2xjawHOKBpleHRuA2FlbQIxMAABHaGHzkUa9Xrj3SjatXaC9Yb4VFZXJHVNg6UjonFymwRNzb_q9RvBc3yZxA_aem_RLkYjGlaRRosmk8r7xkD4g#utm_source=prestige_tw_fb&utm_medium=social&utm_campaign=hokkaido_tour_tw_fb
2024-12-18 11:11:49 [INFO] Worker 16: 帳號 66814785452 使用 cookies 成功登入
2024-12-18 11:11:49 [INFO] Worker 16: 登錄成功，開始處理帳號 66814785452 的操作...
2024-12-18 11:11:49 [INFO] Worker 16: 開始跳轉操作...
2024-12-18 11:11:49 [INFO] Worker 16: 正在開啟貼文: https://www.facebook.com/share/18QgQ2Y2dz/
2024-12-18 11:11:49 [INFO] Worker 15: 帳號 66823121944 使用 cookies 成功登入
2024-12-18 11:11:49 [INFO] Worker 15: 登錄成功，開始處理帳號 66823121944 的操作...
2024-12-18 11:11:49 [INFO] Worker 15: 開始跳轉操作...
2024-12-18 11:11:49 [INFO] Worker 15: 正在開啟貼文: https://www.facebook.com/share/18QgQ2Y2dz/
2024-12-18 11:11:50 [INFO] Worker 13: 貼文已按過讚，無需重複操作
2024-12-18 11:11:50 [INFO] Worker 13 按讚後隨機停留 5 秒
2024-12-18 11:11:52 [INFO] Worker 15 隨機停留 7 秒
2024-12-18 11:11:52 [INFO] Worker 16 隨機停留 8 秒
2024-12-18 11:11:52 [INFO] Worker 12 隨機停留時間: 169 秒
2024-12-18 11:11:55 [INFO] Worker 13: 正在開啟網站: https://japanticket.com/prestige/tw/hokkaido/?fbclid=IwY2xjawHOKBpleHRuA2FlbQIxMAABHaGHzkUa9Xrj3SjatXaC9Yb4VFZXJHVNg6UjonFymwRNzb_q9RvBc3yZxA_aem_RLkYjGlaRRosmk8r7xkD4g#utm_source=prestige_tw_fb&utm_medium=social&utm_campaign=hokkaido_tour_tw_fb
2024-12-18 11:11:56 [INFO] Worker 14: Cookies 已加載成功: cookies\66804035563_cookies.json
2024-12-18 11:11:57 [INFO] Worker 12: 向下滑動: 395 像素，並等待 4.102132139544633 秒
2024-12-18 11:11:58 [INFO] Worker 14: 帳號 66804035563 使用 cookies 成功登入
2024-12-18 11:11:58 [INFO] Worker 14: 登錄成功，開始處理帳號 66804035563 的操作...
2024-12-18 11:11:58 [INFO] Worker 14: 開始跳轉操作...
2024-12-18 11:11:58 [INFO] Worker 14: 正在開啟貼文: https://www.facebook.com/share/18QgQ2Y2dz/
2024-12-18 11:11:59 [INFO] Worker 15: 貼文已按過讚，無需重複操作
2024-12-18 11:11:59 [INFO] Worker 15 按讚後隨機停留 4 秒
2024-12-18 11:11:59 [INFO] Worker 13 隨機停留時間: 144 秒
2024-12-18 11:12:00 [INFO] Worker 16: 貼文已按過讚，無需重複操作
2024-12-18 11:12:00 [INFO] Worker 16 按讚後隨機停留 5 秒
2024-12-18 11:12:01 [INFO] Worker 14 隨機停留 8 秒
2024-12-18 11:12:01 [INFO] Worker 12: 向下滑動: 302 像素，並等待 4.448601852795316 秒
2024-12-18 11:12:03 [INFO] Worker 15: 正在開啟網站: https://japanticket.com/prestige/tw/hokkaido/?fbclid=IwY2xjawHOKBpleHRuA2FlbQIxMAABHaGHzkUa9Xrj3SjatXaC9Yb4VFZXJHVNg6UjonFymwRNzb_q9RvBc3yZxA_aem_RLkYjGlaRRosmk8r7xkD4g#utm_source=prestige_tw_fb&utm_medium=social&utm_campaign=hokkaido_tour_tw_fb
2024-12-18 11:12:03 [INFO] Worker 13: 向下滑動: 324 像素，並等待 3.6378165628811048 秒
2024-12-18 11:12:05 [INFO] Worker 16: 正在開啟網站: https://japanticket.com/prestige/tw/hokkaido/?fbclid=IwY2xjawHOKBpleHRuA2FlbQIxMAABHaGHzkUa9Xrj3SjatXaC9Yb4VFZXJHVNg6UjonFymwRNzb_q9RvBc3yZxA_aem_RLkYjGlaRRosmk8r7xkD4g#utm_source=prestige_tw_fb&utm_medium=social&utm_campaign=hokkaido_tour_tw_fb
2024-12-18 11:12:06 [INFO] Worker 12: 向下滑動: 345 像素，並等待 4.9317728184851 秒
2024-12-18 11:12:07 [INFO] Worker 15 隨機停留時間: 173 秒
2024-12-18 11:12:07 [INFO] Worker 13: 向下滑動: 352 像素，並等待 4.264443671147896 秒
2024-12-18 11:12:09 [INFO] Worker 14: 貼文已按過讚，無需重複操作
2024-12-18 11:12:09 [INFO] Worker 14 按讚後隨機停留 3 秒
2024-12-18 11:12:10 [INFO] Worker 16 隨機停留時間: 187 秒
2024-12-18 11:12:10 [INFO] Worker 12: 向下滑動: 400 像素，並等待 3.854867408472665 秒
2024-12-18 11:12:10 [INFO] Worker 15: 向下滑動: 226 像素，並等待 3.357600954058709 秒
2024-12-18 11:12:12 [INFO] Worker 14: 正在開啟網站: https://japanticket.com/prestige/tw/hokkaido/?fbclid=IwY2xjawHOKBpleHRuA2FlbQIxMAABHaGHzkUa9Xrj3SjatXaC9Yb4VFZXJHVNg6UjonFymwRNzb_q9RvBc3yZxA_aem_RLkYjGlaRRosmk8r7xkD4g#utm_source=prestige_tw_fb&utm_medium=social&utm_campaign=hokkaido_tour_tw_fb
2024-12-18 11:12:12 [INFO] Worker 13: 向下滑動: 313 像素，並等待 4.988605496578294 秒
2024-12-18 11:12:14 [INFO] Worker 16: 向下滑動: 380 像素，並等待 3.862950906076573 秒
2024-12-18 11:12:14 [INFO] Worker 15: 向下滑動: 239 像素，並等待 3.9098084035886864 秒
2024-12-18 11:12:15 [INFO] Worker 12: 向下滑動: 382 像素，並等待 4.977113715752619 秒
2024-12-18 11:12:17 [INFO] Worker 14 隨機停留時間: 169 秒
2024-12-18 11:12:17 [INFO] Worker 15: 向下滑動: 218 像素，並等待 3.0568717656833275 秒
2024-12-18 11:12:17 [INFO] Worker 13: 向下滑動: 215 像素，並等待 4.868063416248585 秒
2024-12-18 11:12:17 [INFO] Worker 16: 向下滑動: 379 像素，並等待 3.909828520160287 秒
2024-12-18 11:12:19 [INFO] Worker 12: 向下滑動: 226 像素，並等待 4.166849036924505 秒
2024-12-18 11:12:21 [INFO] Worker 15: 向下滑動: 361 像素，並等待 3.6726553410548264 秒
2024-12-18 11:12:21 [INFO] Worker 14: 向下滑動: 355 像素，並等待 4.492781813355958 秒
2024-12-18 11:12:21 [INFO] Worker 13: 向下滑動: 278 像素，並等待 4.3746000819273165 秒
2024-12-18 11:12:22 [INFO] Worker 16: 向下滑動: 229 像素，並等待 4.798406374971889 秒
2024-12-18 11:12:24 [INFO] Worker 12: 向下滑動: 345 像素，並等待 4.774029697823659 秒
2024-12-18 11:12:25 [INFO] Worker 15: 向下滑動: 369 像素，並等待 4.273827859675185 秒
2024-12-18 11:12:26 [INFO] Worker 14: 向下滑動: 352 像素，並等待 4.698470126821467 秒
2024-12-18 11:12:26 [INFO] Worker 16: 向下滑動: 214 像素，並等待 3.752744185008357 秒
2024-12-18 11:12:26 [INFO] Worker 13: 向下滑動: 304 像素，並等待 4.844700842568686 秒
2024-12-18 11:12:28 [INFO] Worker 12: 向下滑動: 255 像素，並等待 4.323659198418797 秒
2024-12-18 11:12:29 [INFO] Worker 15: 向下滑動: 258 像素，並等待 4.239597622969646 秒
2024-12-18 11:12:29 [INFO] Worker 16: 向下滑動: 233 像素，並等待 3.2601121465562697 秒
2024-12-18 11:12:29 [INFO] Worker 13: 向下滑動: 238 像素，並等待 3.0454983569009837 秒
2024-12-18 11:12:31 [INFO] Worker 14: 向下滑動: 237 像素，並等待 4.662549540513956 秒
2024-12-18 11:12:33 [INFO] Worker 13: 向下滑動: 369 像素，並等待 3.1809058272944712 秒
2024-12-18 11:12:33 [INFO] Worker 12: 向下滑動: 370 像素，並等待 4.750434221884991 秒
2024-12-18 11:12:34 [INFO] Worker 15: 向下滑動: 305 像素，並等待 4.733437445018028 秒
2024-12-18 11:12:34 [INFO] Worker 14: 向下滑動: 359 像素，並等待 3.420168630021682 秒
2024-12-18 11:12:34 [INFO] Worker 16: 向下滑動: 382 像素，並等待 4.922395035071194 秒
2024-12-18 11:12:37 [INFO] Worker 12: 向下滑動: 243 像素，並等待 4.154751465716102 秒
2024-12-18 11:12:37 [INFO] Worker 13: 向下滑動: 320 像素，並等待 4.551399142355239 秒
2024-12-18 11:12:37 [INFO] Worker 16: 向下滑動: 218 像素，並等待 3.0063611242633486 秒
2024-12-18 11:12:38 [INFO] Worker 14: 向下滑動: 331 像素，並等待 3.7003963503840183 秒
2024-12-18 11:12:39 [INFO] Worker 15: 向下滑動: 249 像素，並等待 4.728150266223104 秒
2024-12-18 11:12:41 [INFO] Worker 14: 向下滑動: 335 像素，並等待 3.270657634727403 秒
2024-12-18 11:12:41 [INFO] Worker 12: 向下滑動: 314 像素，並等待 4.085414350916952 秒
2024-12-18 11:12:41 [INFO] Worker 13: 向下滑動: 374 像素，並等待 4.076870572378218 秒
2024-12-18 11:12:41 [INFO] Worker 16: 向下滑動: 248 像素，並等待 4.15002622337284 秒
2024-12-18 11:12:43 [INFO] Worker 15: 向下滑動: 375 像素，並等待 4.628790961581802 秒
2024-12-18 11:12:45 [INFO] Worker 16: 向下滑動: 329 像素，並等待 3.548158137348529 秒
2024-12-18 11:12:46 [INFO] Worker 14: 向下滑動: 344 像素，並等待 4.636139004024187 秒
2024-12-18 11:12:46 [INFO] Worker 13: 向下滑動: 216 像素，並等待 4.844163549466971 秒
2024-12-18 11:12:46 [INFO] Worker 12: 向下滑動: 400 像素，並等待 4.927885926036587 秒
2024-12-18 11:12:48 [INFO] Worker 15: 向下滑動: 327 像素，並等待 4.636042412547886 秒
2024-12-18 11:12:48 [INFO] Worker 16: 向下滑動: 256 像素，並等待 3.3627888734633347 秒
2024-12-18 11:12:49 [INFO] Worker 14: 向下滑動: 348 像素，並等待 3.2681846196605866 秒
2024-12-18 11:12:51 [INFO] Worker 12: 向下滑動: 207 像素，並等待 4.685942132477951 秒
2024-12-18 11:12:51 [INFO] Worker 13: 向下滑動: 305 像素，並等待 4.846038980540241 秒
2024-12-18 11:12:51 [INFO] Worker 15: 向下滑動: 253 像素，並等待 3.4148113098672623 秒
2024-12-18 11:12:51 [INFO] Worker 16: 向下滑動: 347 像素，並等待 3.0558162252822036 秒
2024-12-18 11:12:53 [INFO] Worker 14: 向下滑動: 386 像素，並等待 4.218809834899164 秒
2024-12-18 11:12:55 [INFO] Worker 15: 向下滑動: 252 像素，並等待 3.2843338932705635 秒
2024-12-18 11:12:55 [INFO] Worker 13: 向下滑動: 266 像素，並等待 4.012520166063475 秒
2024-12-18 11:12:55 [INFO] Worker 16: 向下滑動: 333 像素，並等待 3.8322880542604563 秒
2024-12-18 11:12:56 [INFO] Worker 12: 向下滑動: 264 像素，並等待 4.897873311875264 秒
2024-12-18 11:12:57 [INFO] Worker 14: 向下滑動: 373 像素，並等待 4.054096258015816 秒
2024-12-18 11:12:59 [INFO] Worker 15: 向下滑動: 340 像素，並等待 3.899881179292346 秒
2024-12-18 11:12:59 [INFO] Worker 13: 向下滑動: 245 像素，並等待 3.564293220003544 秒
2024-12-18 11:12:59 [INFO] Worker 12: 向下滑動: 252 像素，並等待 3.7047515792348538 秒
2024-12-18 11:13:00 [INFO] Worker 16: 向下滑動: 255 像素，並等待 4.427089329776417 秒
2024-12-18 11:13:02 [INFO] Worker 15: 向下滑動: 386 像素，並等待 3.374951818954831 秒
2024-12-18 11:13:02 [INFO] Worker 14: 向下滑動: 367 像素，並等待 4.919264729526121 秒
2024-12-18 11:13:02 [INFO] Worker 13: 向下滑動: 308 像素，並等待 3.555319555215951 秒
2024-12-18 11:13:03 [INFO] Worker 12: 向下滑動: 262 像素，並等待 3.2740321882744867 秒
2024-12-18 11:13:04 [INFO] Worker 16: 向下滑動: 262 像素，並等待 4.417364512616915 秒
2024-12-18 11:13:05 [INFO] Worker 13: 向下滑動: 313 像素，並等待 3.3206602690908635 秒
2024-12-18 11:13:06 [INFO] Worker 15: 向下滑動: 394 像素，並等待 4.108912336126265 秒
2024-12-18 11:13:06 [INFO] Worker 12: 向下滑動: 396 像素，並等待 3.7038804865629933 秒
2024-12-18 11:13:07 [INFO] Worker 14: 向下滑動: 388 像素，並等待 4.775345403084932 秒
2024-12-18 11:13:07 [INFO] Worker 16: 向下滑動: 230 像素，並等待 3.271716390117319 秒
2024-12-18 11:13:09 [INFO] Worker 13: 向下滑動: 378 像素，並等待 4.0921140398401405 秒
2024-12-18 11:13:11 [INFO] Worker 15: 向下滑動: 261 像素，並等待 4.768086968979919 秒
2024-12-18 11:13:11 [INFO] Worker 12: 向下滑動: 375 像素，並等待 4.619775118259302 秒
2024-12-18 11:13:11 [INFO] Worker 14: 向下滑動: 316 像素，並等待 4.5965342442604875 秒
2024-12-18 11:13:12 [INFO] Worker 16: 向下滑動: 287 像素，並等待 4.866998271392445 秒
2024-12-18 11:13:14 [INFO] Worker 13: 向下滑動: 246 像素，並等待 4.677858152049134 秒
2024-12-18 11:13:15 [INFO] Worker 12: 向下滑動: 384 像素，並等待 3.6063585945115273 秒
2024-12-18 11:13:15 [INFO] Worker 15: 向下滑動: 238 像素，並等待 3.840954897900825 秒
2024-12-18 11:13:16 [INFO] Worker 16: 向下滑動: 350 像素，並等待 3.3912162492122713 秒
2024-12-18 11:13:16 [INFO] Worker 14: 向下滑動: 307 像素，並等待 4.54092098854334 秒
2024-12-18 11:13:18 [INFO] Worker 13: 向下滑動: 352 像素，並等待 3.664172021115295 秒
2024-12-18 11:13:18 [INFO] Worker 12: 向下滑動: 233 像素，並等待 3.284467012463856 秒
2024-12-18 11:13:19 [INFO] Worker 15: 向下滑動: 347 像素，並等待 4.646013978086119 秒
2024-12-18 11:13:19 [INFO] Worker 14: 向下滑動: 329 像素，並等待 3.468812117399525 秒
2024-12-18 11:13:20 [INFO] Worker 16: 向下滑動: 269 像素，並等待 4.8856129964981845 秒
2024-12-18 11:13:22 [INFO] Worker 12: 向下滑動: 217 像素，並等待 3.9902858957960765 秒
2024-12-18 11:13:22 [INFO] Worker 13: 向下滑動: 305 像素，並等待 4.053849781220491 秒
2024-12-18 11:13:23 [INFO] Worker 14: 向下滑動: 380 像素，並等待 3.0778837281246654 秒
2024-12-18 11:13:23 [INFO] Worker 15: 向下滑動: 312 像素，並等待 3.580915870702206 秒
2024-12-18 11:13:25 [INFO] Worker 16: 向下滑動: 393 像素，並等待 4.597129292229037 秒
2024-12-18 11:13:25 [INFO] Worker 12: 向下滑動: 267 像素，並等待 3.5587410832149313 秒
2024-12-18 11:13:27 [INFO] Worker 13: 向下滑動: 270 像素，並等待 4.879141903452528 秒
2024-12-18 11:13:27 [INFO] Worker 14: 向下滑動: 285 像素，並等待 4.524827872742451 秒
2024-12-18 11:13:27 [INFO] Worker 15: 向下滑動: 213 像素，並等待 4.477490894464297 秒
2024-12-18 11:13:29 [INFO] Worker 16: 向下滑動: 348 像素，並等待 3.7310549517339453 秒
2024-12-18 11:13:29 [INFO] Worker 12: 向下滑動: 251 像素，並等待 3.9660408238695757 秒
2024-12-18 11:13:30 [INFO] Worker 14: 向下滑動: 279 像素，並等待 3.360404342152899 秒
2024-12-18 11:13:32 [INFO] Worker 13: 向下滑動: 346 像素，並等待 4.836641102589994 秒
2024-12-18 11:13:32 [INFO] Worker 15: 向下滑動: 259 像素，並等待 4.352055390207041 秒
2024-12-18 11:13:33 [INFO] Worker 12: 向下滑動: 251 像素，並等待 3.9723460753733892 秒
2024-12-18 11:13:34 [INFO] Worker 16: 向下滑動: 349 像素，並等待 4.750230563268669 秒
2024-12-18 11:13:34 [INFO] Worker 14: 向下滑動: 252 像素，並等待 3.516002115548263 秒
2024-12-18 11:13:35 [INFO] Worker 13: 向下滑動: 326 像素，並等待 3.55137980668392 秒
2024-12-18 11:13:36 [INFO] Worker 15: 向下滑動: 374 像素，並等待 4.733699343689224 秒
2024-12-18 11:13:37 [INFO] Worker 12: 向下滑動: 283 像素，並等待 3.1998996393883283 秒
2024-12-18 11:13:38 [INFO] Worker 16: 向下滑動: 394 像素，並等待 4.899267160429716 秒
2024-12-18 11:13:39 [INFO] Worker 14: 向下滑動: 377 像素，並等待 4.945067959640646 秒
2024-12-18 11:13:39 [INFO] Worker 13: 向下滑動: 238 像素，並等待 4.017443075682451 秒
2024-12-18 11:13:40 [INFO] Worker 15: 向下滑動: 201 像素，並等待 3.7436909699465812 秒
2024-12-18 11:13:41 [INFO] Worker 12: 向下滑動: 368 像素，並等待 4.281459529277991 秒
2024-12-18 11:13:42 [INFO] Worker 16: 向下滑動: 267 像素，並等待 3.4892855260460918 秒
2024-12-18 11:13:44 [INFO] Worker 14: 向下滑動: 258 像素，並等待 4.892232223280921 秒
2024-12-18 11:13:44 [INFO] Worker 13: 向下滑動: 218 像素，並等待 4.764629960906729 秒
2024-12-18 11:13:44 [INFO] Worker 15: 向下滑動: 379 像素，並等待 4.172355688198018 秒
2024-12-18 11:13:45 [INFO] Worker 12: 向下滑動: 293 像素，並等待 3.903707529983187 秒
2024-12-18 11:13:47 [INFO] Worker 16: 向下滑動: 378 像素，並等待 4.620674969281175 秒
2024-12-18 11:13:47 [INFO] Worker 14: 向下滑動: 346 像素，並等待 3.1889486578925075 秒
2024-12-18 11:13:48 [INFO] Worker 15: 向下滑動: 397 像素，並等待 3.424816878407815 秒
2024-12-18 11:13:48 [INFO] Worker 12: 向下滑動: 314 像素，並等待 3.327981548781416 秒
2024-12-18 11:13:49 [INFO] Worker 13: 向下滑動: 264 像素，並等待 4.784673034248156 秒
2024-12-18 11:13:51 [INFO] Worker 16: 向下滑動: 268 像素，並等待 4.166116371766815 秒
2024-12-18 11:13:51 [INFO] Worker 15: 向下滑動: 276 像素，並等待 3.3201366119575066 秒
2024-12-18 11:13:52 [INFO] Worker 14: 向下滑動: 237 像素，並等待 4.829569626610607 秒
2024-12-18 11:13:52 [INFO] Worker 12: 向下滑動: 299 像素，並等待 4.056178466825495 秒
2024-12-18 11:13:53 [INFO] Worker 13: 向下滑動: 325 像素，並等待 3.9780003532278254 秒
2024-12-18 11:13:54 [INFO] Worker 16: 向下滑動: 276 像素，並等待 3.461751891388091 秒
2024-12-18 11:13:55 [INFO] Worker 12: 向下滑動: 309 像素，並等待 3.2300056942775206 秒
2024-12-18 11:13:56 [INFO] Worker 14: 向下滑動: 211 像素，並等待 3.9890986077095203 秒
2024-12-18 11:13:56 [INFO] Worker 13: 向下滑動: 291 像素，並等待 3.2278685192910253 秒
2024-12-18 11:13:56 [INFO] Worker 15: 向下滑動: 243 像素，並等待 4.962432330910635 秒
2024-12-18 11:13:57 [INFO] Worker 16: 向下滑動: 356 像素，並等待 3.069567427824582 秒
2024-12-18 11:14:00 [INFO] Worker 12: 向下滑動: 200 像素，並等待 4.257945295040243 秒
2024-12-18 11:14:00 [INFO] Worker 13: 向下滑動: 214 像素，並等待 3.7985780509392604 秒
2024-12-18 11:14:00 [INFO] Worker 14: 向下滑動: 353 像素，並等待 4.4974643174377515 秒
2024-12-18 11:14:00 [INFO] Worker 15: 向下滑動: 325 像素，並等待 4.26262864663741 秒
2024-12-18 11:14:01 [INFO] Worker 16: 向下滑動: 226 像素，並等待 3.549889164267717 秒
2024-12-18 11:14:03 [INFO] Worker 12: 向下滑動: 390 像素，並等待 3.607300275594839 秒
2024-12-18 11:14:04 [INFO] Worker 13: 向下滑動: 232 像素，並等待 4.402153124591973 秒
2024-12-18 11:14:04 [INFO] Worker 14: 向下滑動: 251 像素，並等待 4.113277254435427 秒
2024-12-18 11:14:05 [INFO] Worker 15: 向下滑動: 307 像素，並等待 4.774968832858482 秒
2024-12-18 11:14:06 [INFO] Worker 16: 向下滑動: 372 像素，並等待 4.959516866262114 秒
2024-12-18 11:14:08 [INFO] Worker 12: 向下滑動: 384 像素，並等待 4.5455657709549655 秒
2024-12-18 11:14:09 [INFO] Worker 13: 向下滑動: 366 像素，並等待 4.397976231370683 秒
2024-12-18 11:14:09 [INFO] Worker 14: 向下滑動: 299 像素，並等待 4.750046191452899 秒
2024-12-18 11:14:09 [INFO] Worker 16: 向下滑動: 271 像素，並等待 3.532024554102497 秒
2024-12-18 11:14:10 [INFO] Worker 15: 向下滑動: 235 像素，並等待 4.518341059228974 秒
2024-12-18 11:14:12 [INFO] Worker 12: 向下滑動: 245 像素，並等待 4.1495097961375205 秒
2024-12-18 11:14:12 [INFO] Worker 13: 向下滑動: 280 像素，並等待 3.4197520958936565 秒
2024-12-18 11:14:12 [INFO] Worker 14: 向下滑動: 311 像素，並等待 3.1412716539293197 秒
2024-12-18 11:14:13 [INFO] Worker 15: 向下滑動: 266 像素，並等待 3.6376161663107545 秒
2024-12-18 11:14:14 [INFO] Worker 16: 向下滑動: 396 像素，並等待 4.660574155717704 秒
2024-12-18 11:14:16 [INFO] Worker 14: 向下滑動: 240 像素，並等待 3.2653654780706685 秒
2024-12-18 11:14:16 [INFO] Worker 13: 向下滑動: 230 像素，並等待 3.650108138304617 秒
2024-12-18 11:14:16 [INFO] Worker 15: 向下滑動: 244 像素，並等待 3.0116169020218586 秒
2024-12-18 11:14:17 [INFO] Worker 12: 向下滑動: 227 像素，並等待 4.617255276782356 秒
2024-12-18 11:14:18 [INFO] Worker 16: 向下滑動: 355 像素，並等待 3.701365389919003 秒
2024-12-18 11:14:20 [INFO] Worker 15: 向下滑動: 368 像素，並等待 3.611365548336278 秒
2024-12-18 11:14:20 [INFO] Worker 14: 向下滑動: 240 像素，並等待 4.416182896889439 秒
2024-12-18 11:14:20 [INFO] Worker 13: 向下滑動: 306 像素，並等待 4.52530502725139 秒
2024-12-18 11:14:21 [INFO] Worker 16: 向下滑動: 314 像素，並等待 3.1836789431838053 秒
2024-12-18 11:14:21 [INFO] Worker 12: 向下滑動: 267 像素，並等待 4.721846613451535 秒
2024-12-18 11:14:24 [INFO] Worker 15: 向下滑動: 260 像素，並等待 4.023680969411664 秒
2024-12-18 11:14:24 [INFO] Worker 16: 向下滑動: 304 像素，並等待 3.2765142711810586 秒
2024-12-18 11:14:25 [INFO] Worker 14: 向下滑動: 246 像素，並等待 4.664440771170484 秒
2024-12-18 11:14:25 [INFO] Worker 13: 向下滑動: 346 像素，並等待 4.942167811611332 秒
2024-12-18 11:14:26 [INFO] Worker 12: 向下滑動: 326 像素，並等待 4.610284915385557 秒
2024-12-18 11:14:28 [INFO] Worker 13: 帳號 66954958462 的任務已結束
2024-12-18 11:14:28 [INFO] Worker 15: 向下滑動: 242 像素，並等待 4.170947415406751 秒
2024-12-18 11:14:29 [INFO] Worker 16: 向下滑動: 303 像素，並等待 4.981304573647073 秒
2024-12-18 11:14:30 [INFO] Worker 14: 向下滑動: 380 像素，並等待 4.9213716624845905 秒
2024-12-18 11:14:30 [INFO] Worker 12: 向下滑動: 237 像素，並等待 4.2000879916602445 秒
2024-12-18 11:14:31 [INFO] Worker 15: 向下滑動: 338 像素，並等待 3.023280846027853 秒
2024-12-18 11:14:33 [INFO] Worker 16: 向下滑動: 220 像素，並等待 3.9316221765999644 秒
2024-12-18 11:14:34 [INFO] Worker 14: 向下滑動: 363 像素，並等待 4.0215668551415344 秒
2024-12-18 11:14:34 [INFO] Worker 12: 向下滑動: 234 像素，並等待 3.9569436965545823 秒
2024-12-18 11:14:35 [INFO] Worker 15: 向下滑動: 224 像素，並等待 3.3073128904934563 秒
2024-12-18 11:14:37 [INFO] Worker 16: 向下滑動: 326 像素，並等待 3.7368447327765315 秒
2024-12-18 11:14:38 [INFO] Worker 14: 向下滑動: 258 像素，並等待 4.597604954816147 秒
2024-12-18 11:14:38 [INFO] Worker 12: 向下滑動: 269 像素，並等待 4.151523831974152 秒
2024-12-18 11:14:38 [INFO] Worker 15: 向下滑動: 294 像素，並等待 3.913607926500038 秒
2024-12-18 11:14:42 [INFO] Worker 16: 向下滑動: 346 像素，並等待 4.7910058718802695 秒
2024-12-18 11:14:42 [INFO] Worker 15: 向下滑動: 307 像素，並等待 3.742523123435545 秒
2024-12-18 11:14:43 [INFO] Worker 14: 向下滑動: 358 像素，並等待 4.339211308938497 秒
2024-12-18 11:14:43 [INFO] Worker 12: 向下滑動: 255 像素，並等待 4.806618432394373 秒
2024-12-18 11:14:45 [INFO] Worker 15: 向下滑動: 266 像素，並等待 3.0014879598505724 秒
2024-12-18 11:14:46 [INFO] Worker 16: 向下滑動: 256 像素，並等待 3.858556536075339 秒
2024-12-18 11:14:46 [INFO] Worker 12: 帳號 66643407753 的任務已結束
2024-12-18 11:14:47 [INFO] Worker 14: 向下滑動: 379 像素，並等待 4.328863221910043 秒
2024-12-18 11:14:49 [INFO] Worker 15: 向下滑動: 395 像素，並等待 3.3789485070241656 秒
2024-12-18 11:14:49 [INFO] Worker 16: 向下滑動: 377 像素，並等待 3.171389001978532 秒
2024-12-18 11:14:50 [INFO] Worker 14: 向下滑動: 238 像素，並等待 3.345290990514488 秒
2024-12-18 11:14:53 [INFO] Worker 16: 向下滑動: 271 像素，並等待 3.9952057897960733 秒
2024-12-18 11:14:53 [INFO] Worker 15: 向下滑動: 253 像素，並等待 4.451344658017236 秒
2024-12-18 11:14:54 [INFO] Worker 14: 向下滑動: 291 像素，並等待 3.5281136395853823 秒
2024-12-18 11:14:56 [INFO] Worker 16: 向下滑動: 253 像素，並等待 3.13276721271283 秒
2024-12-18 11:14:58 [INFO] Worker 15: 向下滑動: 233 像素，並等待 4.538792209661318 秒
2024-12-18 11:14:58 [INFO] Worker 14: 向下滑動: 258 像素，並等待 4.050343147495419 秒
2024-12-18 11:15:01 [INFO] Worker 16: 向下滑動: 209 像素，並等待 4.724585990369895 秒
2024-12-18 11:15:01 [INFO] Worker 14: 向下滑動: 380 像素，並等待 3.2164140009345923 秒
2024-12-18 11:15:02 [INFO] Worker 15: 向下滑動: 382 像素，並等待 4.6802852407000906 秒
2024-12-18 11:15:04 [INFO] Worker 16: 向下滑動: 318 像素，並等待 3.47073784880007 秒
2024-12-18 11:15:04 [INFO] Worker 14: 向下滑動: 305 像素，並等待 3.0466029451616006 秒
2024-12-18 11:15:05 [INFO] Worker 15: 帳號 66823121944 的任務已結束
2024-12-18 11:15:09 [INFO] Worker 14: 向下滑動: 318 像素，並等待 4.312191407053215 秒
2024-12-18 11:15:09 [INFO] Worker 16: 向下滑動: 378 像素，並等待 4.589345041722049 秒
2024-12-18 11:15:11 [INFO] Worker 14: 帳號 66804035563 的任務已結束
2024-12-18 11:15:13 [INFO] Worker 16: 向下滑動: 327 像素，並等待 4.31721615839527 秒
2024-12-18 11:15:18 [INFO] Worker 16: 向下滑動: 216 像素，並等待 4.691138138156419 秒
2024-12-18 11:15:20 [INFO] Worker 16: 帳號 66814785452 的任務已結束
