2024-12-17 16:53:30 [INFO] 請選擇您要使用的 Excel 檔案...
2024-12-17 16:53:33 [INFO] 選擇的 Excel 檔案路徑：C:/Users/user/Desktop/SuChenAI/Factbook-RPA-clickurl/data/fb_account_data.xlsx
2024-12-17 16:53:33 [INFO] 請輸入最大多開數量 (1-10，預設為 1):
2024-12-17 16:53:35 [INFO] 最大多開數量已設定為：8
2024-12-17 16:53:35 [INFO] 螢幕寬度：2560，螢幕高度：1440，縮放比例：1.5
2024-12-17 16:53:35 [INFO] clicks : [{'url': 'https://www.facebook.com/prestigetaiwan/posts/889301466651603', 'action': True}]
2024-12-17 16:53:35 [INFO] clicks : [{'url': 'https://www.facebook.com/prestigetaiwan/posts/889301466651603', 'action': True}]
2024-12-17 16:53:35 [INFO] clicks : [{'url': 'https://www.facebook.com/prestigetaiwan/posts/889301466651603', 'action': True}]
2024-12-17 16:53:35 [INFO] clicks : [{'url': 'https://www.facebook.com/prestigetaiwan/posts/889301466651603', 'action': True}]
2024-12-17 16:53:35 [INFO] clicks : [{'url': 'https://www.facebook.com/prestigetaiwan/posts/889301466651603', 'action': True}]
2024-12-17 16:53:35 [INFO] clicks : [{'url': 'https://www.facebook.com/prestigetaiwan/posts/889301466651603', 'action': True}]
2024-12-17 16:53:35 [INFO] clicks : [{'url': 'https://www.facebook.com/prestigetaiwan/posts/889301466651603', 'action': True}]
2024-12-17 16:53:35 [INFO] clicks : [{'url': 'https://www.facebook.com/prestigetaiwan/posts/889301466651603', 'action': True}]
2024-12-17 16:53:35 [INFO] clicks : [{'url': 'https://www.facebook.com/prestigetaiwan/posts/889301466651603', 'action': True}]
2024-12-17 16:53:35 [INFO] 開始處理點擊帳號...
2024-12-17 16:53:35 [INFO] Worker 1: 開始處理帳號 66634899161
2024-12-17 16:53:35 [INFO] Worker 2: 開始處理帳號 66637943259
2024-12-17 16:53:35 [INFO] Worker 3: 開始處理帳號 66619622845
2024-12-17 16:53:35 [INFO] Worker 4: 開始處理帳號 66935324825
2024-12-17 16:53:35 [INFO] Worker 5: 開始處理帳號 66990183891
2024-12-17 16:53:35 [INFO] Worker 6: 開始處理帳號 66823237283
2024-12-17 16:53:35 [INFO] Worker 7: 開始處理帳號 66991704166
2024-12-17 16:53:35 [INFO] Worker 8: 開始處理帳號 66646155782
2024-12-17 16:53:35 [INFO] 開始監控任務狀態...
2024-12-17 16:53:44 [INFO] Worker 3: 代理 kamoney03.ddns.net:24005 設置成功
2024-12-17 16:53:44 [INFO] Worker 5: 代理 kamoney03.ddns.net:24001 設置成功
2024-12-17 16:53:45 [INFO] Worker 2: 代理 kamoney03.ddns.net:24003 設置成功
2024-12-17 16:53:45 [INFO] Worker 6: 代理 kamoney03.ddns.net:24008 設置成功
2024-12-17 16:53:46 [INFO] Worker 3: Cookies 已加載成功: cookies\66619622845_cookies.json
2024-12-17 16:53:46 [INFO] Worker 5: Cookies 已加載成功: cookies\66990183891_cookies.json
2024-12-17 16:53:46 [INFO] Worker 2: Cookies 已加載成功: cookies\66637943259_cookies.json
2024-12-17 16:53:46 [INFO] Worker 6: Cookies 已加載成功: cookies\66823237283_cookies.json
2024-12-17 16:53:47 [INFO] Worker 7: 代理 kamoney03.ddns.net:24009 設置成功
2024-12-17 16:53:49 [INFO] Worker 1: 代理 kamoney03.ddns.net:24004 設置成功
2024-12-17 16:53:49 [INFO] Worker 7: Cookies 已加載成功: cookies\66991704166_cookies.json
2024-12-17 16:53:49 [INFO] Worker 5: 帳號 66990183891 使用 cookies 成功登入
2024-12-17 16:53:49 [INFO] Worker 5: 登錄成功，開始處理帳號 66990183891 的操作...
2024-12-17 16:53:49 [INFO] Worker 5: 開始點擊操作...
2024-12-17 16:53:49 [INFO] Worker 5: 正在開啟貼文: https://www.facebook.com/prestigetaiwan/posts/889301466651603
2024-12-17 16:53:49 [INFO] Worker 2: 帳號 66637943259 使用 cookies 成功登入
2024-12-17 16:53:49 [INFO] Worker 6: 帳號 66823237283 使用 cookies 成功登入
2024-12-17 16:53:49 [INFO] Worker 2: 登錄成功，開始處理帳號 66637943259 的操作...
2024-12-17 16:53:49 [INFO] Worker 2: 開始點擊操作...
2024-12-17 16:53:49 [INFO] Worker 6: 登錄成功，開始處理帳號 66823237283 的操作...
2024-12-17 16:53:49 [INFO] Worker 2: 正在開啟貼文: https://www.facebook.com/prestigetaiwan/posts/889301466651603
2024-12-17 16:53:49 [INFO] Worker 6: 開始點擊操作...
2024-12-17 16:53:49 [INFO] Worker 6: 正在開啟貼文: https://www.facebook.com/prestigetaiwan/posts/889301466651603
2024-12-17 16:53:50 [INFO] Worker 4: 代理 kamoney03.ddns.net:24006 設置成功
2024-12-17 16:53:51 [INFO] Worker 7: 帳號 66991704166 使用 cookies 成功登入
2024-12-17 16:53:51 [INFO] Worker 7: 登錄成功，開始處理帳號 66991704166 的操作...
2024-12-17 16:53:51 [INFO] Worker 7: 開始點擊操作...
2024-12-17 16:53:51 [INFO] Worker 7: 正在開啟貼文: https://www.facebook.com/prestigetaiwan/posts/889301466651603
2024-12-17 16:53:52 [INFO] Worker 1: Cookies 已加載成功: cookies\66634899161_cookies.json
2024-12-17 16:53:52 [INFO] Worker 4: Cookies 已加載成功: cookies\66935324825_cookies.json
2024-12-17 16:53:52 [INFO] Worker 3: 帳號 66619622845 使用 cookies 成功登入
2024-12-17 16:53:52 [INFO] Worker 3: 登錄成功，開始處理帳號 66619622845 的操作...
2024-12-17 16:53:52 [INFO] Worker 3: 開始點擊操作...
2024-12-17 16:53:52 [INFO] Worker 3: 正在開啟貼文: https://www.facebook.com/prestigetaiwan/posts/889301466651603
2024-12-17 16:53:53 [INFO] Worker 5 隨機停留 7 秒
2024-12-17 16:53:53 [INFO] Worker 8: 代理 kamoney03.ddns.net:24010 設置成功
2024-12-17 16:53:54 [INFO] Worker 6 隨機停留 6 秒
2024-12-17 16:53:54 [INFO] Worker 7 隨機停留 6 秒
2024-12-17 16:53:55 [INFO] Worker 4: 帳號 66935324825 使用 cookies 成功登入
2024-12-17 16:53:55 [INFO] Worker 4: 登錄成功，開始處理帳號 66935324825 的操作...
2024-12-17 16:53:55 [INFO] Worker 4: 開始點擊操作...
2024-12-17 16:53:55 [INFO] Worker 4: 正在開啟貼文: https://www.facebook.com/prestigetaiwan/posts/889301466651603
2024-12-17 16:53:55 [INFO] Worker 3 隨機停留 8 秒
2024-12-17 16:53:56 [INFO] Worker 2 隨機停留 6 秒
2024-12-17 16:53:56 [INFO] Worker 1: 帳號 66634899161 使用 cookies 成功登入
2024-12-17 16:53:56 [INFO] Worker 1: 登錄成功，開始處理帳號 66634899161 的操作...
2024-12-17 16:53:56 [INFO] Worker 1: 開始點擊操作...
2024-12-17 16:53:56 [INFO] Worker 1: 正在開啟貼文: https://www.facebook.com/prestigetaiwan/posts/889301466651603
2024-12-17 16:53:56 [INFO] Worker 8: Cookies 已加載成功: cookies\66646155782_cookies.json
2024-12-17 16:53:58 [INFO] Worker 4 隨機停留 8 秒
2024-12-17 16:53:58 [INFO] Worker 8: 帳號 66646155782 使用 cookies 成功登入
2024-12-17 16:53:58 [INFO] Worker 8: 登錄成功，開始處理帳號 66646155782 的操作...
2024-12-17 16:53:58 [INFO] Worker 8: 開始點擊操作...
2024-12-17 16:53:58 [INFO] Worker 8: 正在開啟貼文: https://www.facebook.com/prestigetaiwan/posts/889301466651603
2024-12-17 16:54:01 [INFO] Worker 1 隨機停留 6 秒
2024-12-17 16:54:01 [INFO] Worker 5: 成功按讚
2024-12-17 16:54:01 [INFO] Worker 5 按讚後隨機停留 3 秒
2024-12-17 16:54:01 [INFO] Worker 6: 成功按讚
2024-12-17 16:54:01 [INFO] Worker 6 按讚後隨機停留 5 秒
2024-12-17 16:54:02 [INFO] Worker 2: 成功按讚
2024-12-17 16:54:02 [INFO] Worker 2 按讚後隨機停留 4 秒
2024-12-17 16:54:04 [INFO] Worker 7: 成功按讚
2024-12-17 16:54:04 [INFO] Worker 7 按讚後隨機停留 3 秒
2024-12-17 16:54:05 [INFO] Worker 8 隨機停留 6 秒
2024-12-17 16:54:06 [INFO] Worker 5 隨機停留時間: 89 秒
2024-12-17 16:54:06 [INFO] Worker 5: 向下滑動: 370 像素
2024-12-17 16:54:06 [INFO] Worker 4: 成功按讚
2024-12-17 16:54:06 [INFO] Worker 4 按讚後隨機停留 3 秒
2024-12-17 16:54:07 [INFO] Worker 2 隨機停留時間: 98 秒
2024-12-17 16:54:07 [INFO] Worker 2: 向下滑動: 363 像素
2024-12-17 16:54:07 [INFO] Worker 6 隨機停留時間: 66 秒
2024-12-17 16:54:07 [INFO] Worker 6: 向下滑動: 288 像素
2024-12-17 16:54:07 [INFO] Worker 7 隨機停留時間: 112 秒
2024-12-17 16:54:08 [INFO] Worker 1: 成功按讚
2024-12-17 16:54:08 [INFO] Worker 1 按讚後隨機停留 4 秒
2024-12-17 16:54:08 [INFO] Worker 7: 向下滑動: 270 像素
2024-12-17 16:54:10 [INFO] Worker 5: 向下滑動: 218 像素
2024-12-17 16:54:10 [INFO] Worker 4 隨機停留時間: 81 秒
2024-12-17 16:54:10 [INFO] Worker 4: 向下滑動: 280 像素
2024-12-17 16:54:11 [INFO] Worker 6: 向下滑動: 258 像素
2024-12-17 16:54:11 [INFO] Worker 8: 成功按讚
2024-12-17 16:54:11 [INFO] Worker 8 按讚後隨機停留 4 秒
2024-12-17 16:54:13 [INFO] Worker 7: 向下滑動: 395 像素
2024-12-17 16:54:13 [INFO] Worker 2: 向下滑動: 330 像素
2024-12-17 16:54:15 [INFO] Worker 4: 向下滑動: 335 像素
2024-12-17 16:54:15 [INFO] Worker 5: 向下滑動: 309 像素
2024-12-17 16:54:15 [INFO] Worker 1 隨機停留時間: 73 秒
2024-12-17 16:54:15 [INFO] Worker 6: 向下滑動: 251 像素
2024-12-17 16:54:16 [INFO] Worker 8 隨機停留時間: 108 秒
2024-12-17 16:54:16 [INFO] Worker 8: 向下滑動: 333 像素
2024-12-17 16:54:16 [INFO] Worker 1: 向下滑動: 385 像素
2024-12-17 16:54:17 [INFO] Worker 7: 向下滑動: 310 像素
2024-12-17 16:54:18 [INFO] Worker 4: 向下滑動: 351 像素
2024-12-17 16:54:18 [INFO] Worker 2: 向下滑動: 317 像素
2024-12-17 16:54:19 [INFO] Worker 5: 向下滑動: 229 像素
2024-12-17 16:54:19 [INFO] Worker 6: 向下滑動: 229 像素
2024-12-17 16:54:20 [INFO] Worker 8: 向下滑動: 249 像素
2024-12-17 16:54:20 [INFO] Worker 1: 向下滑動: 223 像素
2024-12-17 16:54:20 [INFO] Worker 7: 向下滑動: 400 像素
2024-12-17 16:54:21 [INFO] Worker 4: 向下滑動: 258 像素
2024-12-17 16:54:23 [INFO] Worker 6: 向下滑動: 326 像素
2024-12-17 16:54:23 [INFO] Worker 1: 向下滑動: 257 像素
2024-12-17 16:54:23 [INFO] Worker 2: 向下滑動: 224 像素
2024-12-17 16:54:23 [INFO] Worker 5: 向下滑動: 263 像素
2024-12-17 16:54:23 [INFO] Worker 8: 向下滑動: 251 像素
2024-12-17 16:54:24 [INFO] Worker 3: 成功按讚
2024-12-17 16:54:24 [INFO] Worker 3 按讚後隨機停留 4 秒
2024-12-17 16:54:24 [INFO] Worker 7: 向下滑動: 300 像素
2024-12-17 16:54:26 [INFO] Worker 4: 向下滑動: 273 像素
2024-12-17 16:54:27 [INFO] Worker 1: 向下滑動: 367 像素
2024-12-17 16:54:27 [INFO] Worker 6: 向下滑動: 342 像素
2024-12-17 16:54:27 [INFO] Worker 8: 向下滑動: 271 像素
2024-12-17 16:54:28 [INFO] Worker 2: 向下滑動: 341 像素
2024-12-17 16:54:28 [INFO] Worker 5: 向下滑動: 280 像素
2024-12-17 16:54:28 [INFO] Worker 7: 向下滑動: 258 像素
2024-12-17 16:54:29 [INFO] Worker 3 隨機停留時間: 98 秒
2024-12-17 16:54:29 [INFO] Worker 3: 向下滑動: 341 像素
2024-12-17 16:54:30 [INFO] Worker 4: 向下滑動: 313 像素
2024-12-17 16:54:30 [INFO] Worker 6: 向下滑動: 309 像素
2024-12-17 16:54:31 [INFO] Worker 2: 向下滑動: 356 像素
2024-12-17 16:54:31 [INFO] Worker 1: 向下滑動: 371 像素
2024-12-17 16:54:31 [INFO] Worker 8: 向下滑動: 332 像素
2024-12-17 16:54:32 [INFO] Worker 3: 向下滑動: 265 像素
2024-12-17 16:54:32 [INFO] Worker 5: 向下滑動: 217 像素
2024-12-17 16:54:33 [INFO] Worker 7: 向下滑動: 348 像素
2024-12-17 16:54:34 [INFO] Worker 4: 向下滑動: 281 像素
2024-12-17 16:54:34 [INFO] Worker 6: 向下滑動: 395 像素
2024-12-17 16:54:35 [INFO] Worker 1: 向下滑動: 221 像素
2024-12-17 16:54:35 [INFO] Worker 2: 向下滑動: 330 像素
2024-12-17 16:54:35 [INFO] Worker 3: 向下滑動: 247 像素
2024-12-17 16:54:36 [INFO] Worker 8: 向下滑動: 294 像素
2024-12-17 16:54:36 [INFO] Worker 7: 向下滑動: 307 像素
2024-12-17 16:54:37 [INFO] Worker 5: 向下滑動: 268 像素
2024-12-17 16:54:38 [INFO] Worker 4: 向下滑動: 223 像素
2024-12-17 16:54:38 [INFO] Worker 1: 向下滑動: 356 像素
2024-12-17 16:54:38 [INFO] Worker 6: 向下滑動: 204 像素
2024-12-17 16:54:38 [INFO] Worker 3: 向下滑動: 239 像素
2024-12-17 16:54:39 [INFO] Worker 2: 向下滑動: 278 像素
2024-12-17 16:54:40 [INFO] Worker 8: 向下滑動: 243 像素
2024-12-17 16:54:41 [INFO] Worker 5: 向下滑動: 329 像素
2024-12-17 16:54:41 [INFO] Worker 4: 向下滑動: 338 像素
2024-12-17 16:54:41 [INFO] Worker 7: 向下滑動: 368 像素
2024-12-17 16:54:42 [INFO] Worker 1: 向下滑動: 308 像素
2024-12-17 16:54:42 [INFO] Worker 6: 向下滑動: 295 像素
2024-12-17 16:54:43 [INFO] Worker 2: 向下滑動: 375 像素
2024-12-17 16:54:43 [INFO] Worker 3: 向下滑動: 258 像素
2024-12-17 16:54:44 [INFO] Worker 5: 向下滑動: 281 像素
2024-12-17 16:54:45 [INFO] Worker 4: 向下滑動: 338 像素
2024-12-17 16:54:45 [INFO] Worker 7: 向下滑動: 262 像素
2024-12-17 16:54:45 [INFO] Worker 1: 向下滑動: 241 像素
2024-12-17 16:54:45 [INFO] Worker 8: 向下滑動: 319 像素
2024-12-17 16:54:47 [INFO] Worker 3: 向下滑動: 278 像素
2024-12-17 16:54:47 [INFO] Worker 2: 向下滑動: 384 像素
2024-12-17 16:54:47 [INFO] Worker 6: 向下滑動: 390 像素
2024-12-17 16:54:48 [INFO] Worker 4: 向下滑動: 353 像素
2024-12-17 16:54:48 [INFO] Worker 7: 向下滑動: 331 像素
2024-12-17 16:54:49 [INFO] Worker 5: 向下滑動: 314 像素
2024-12-17 16:54:49 [INFO] Worker 8: 向下滑動: 322 像素
2024-12-17 16:54:50 [INFO] Worker 1: 向下滑動: 279 像素
2024-12-17 16:54:50 [INFO] Worker 3: 向下滑動: 231 像素
2024-12-17 16:54:51 [INFO] Worker 2: 向下滑動: 215 像素
2024-12-17 16:54:51 [INFO] Worker 4: 向下滑動: 350 像素
2024-12-17 16:54:52 [INFO] Worker 6: 向下滑動: 358 像素
2024-12-17 16:54:52 [INFO] Worker 7: 向下滑動: 246 像素
2024-12-17 16:54:52 [INFO] Worker 5: 向下滑動: 265 像素
2024-12-17 16:54:53 [INFO] Worker 3: 向下滑動: 247 像素
2024-12-17 16:54:53 [INFO] Worker 1: 向下滑動: 398 像素
2024-12-17 16:54:54 [INFO] Worker 8: 向下滑動: 376 像素
2024-12-17 16:54:55 [INFO] Worker 2: 向下滑動: 281 像素
2024-12-17 16:54:56 [INFO] Worker 4: 向下滑動: 347 像素
2024-12-17 16:54:56 [INFO] Worker 6: 向下滑動: 246 像素
2024-12-17 16:54:56 [INFO] Worker 5: 向下滑動: 322 像素
2024-12-17 16:54:56 [INFO] Worker 7: 向下滑動: 332 像素
2024-12-17 16:54:57 [INFO] Worker 1: 向下滑動: 294 像素
2024-12-17 16:54:58 [INFO] Worker 3: 向下滑動: 273 像素
2024-12-17 16:54:58 [INFO] Worker 8: 向下滑動: 205 像素
2024-12-17 16:54:59 [INFO] Worker 6: 向下滑動: 363 像素
2024-12-17 16:54:59 [INFO] Worker 2: 向下滑動: 243 像素
2024-12-17 16:55:00 [INFO] Worker 7: 向下滑動: 322 像素
2024-12-17 16:55:00 [INFO] Worker 1: 向下滑動: 395 像素
2024-12-17 16:55:00 [INFO] Worker 4: 向下滑動: 357 像素
2024-12-17 16:55:01 [INFO] Worker 5: 向下滑動: 238 像素
2024-12-17 16:55:01 [INFO] Worker 3: 向下滑動: 305 像素
2024-12-17 16:55:02 [INFO] Worker 8: 向下滑動: 232 像素
2024-12-17 16:55:02 [INFO] Worker 2: 向下滑動: 211 像素
2024-12-17 16:55:04 [INFO] Worker 6: 向下滑動: 365 像素
2024-12-17 16:55:04 [INFO] Worker 7: 向下滑動: 398 像素
2024-12-17 16:55:05 [INFO] Worker 5: 向下滑動: 366 像素
2024-12-17 16:55:05 [INFO] Worker 3: 向下滑動: 261 像素
2024-12-17 16:55:05 [INFO] Worker 4: 向下滑動: 383 像素
2024-12-17 16:55:05 [INFO] Worker 1: 向下滑動: 225 像素
2024-12-17 16:55:05 [INFO] Worker 8: 向下滑動: 277 像素
2024-12-17 16:55:05 [INFO] Worker 2: 向下滑動: 338 像素
2024-12-17 16:55:08 [INFO] Worker 7: 向下滑動: 341 像素
2024-12-17 16:55:08 [INFO] Worker 6: 向下滑動: 230 像素
2024-12-17 16:55:09 [INFO] Worker 1: 向下滑動: 263 像素
2024-12-17 16:55:09 [INFO] Worker 5: 向下滑動: 308 像素
2024-12-17 16:55:09 [INFO] Worker 2: 向下滑動: 247 像素
2024-12-17 16:55:09 [INFO] Worker 4: 向下滑動: 306 像素
2024-12-17 16:55:10 [INFO] Worker 3: 向下滑動: 306 像素
2024-12-17 16:55:10 [INFO] Worker 8: 向下滑動: 274 像素
2024-12-17 16:55:11 [INFO] Worker 6: 向下滑動: 222 像素
2024-12-17 16:55:12 [INFO] Worker 7: 向下滑動: 260 像素
2024-12-17 16:55:12 [INFO] Worker 1: 向下滑動: 245 像素
2024-12-17 16:55:12 [INFO] Worker 5: 向下滑動: 388 像素
2024-12-17 16:55:13 [INFO] Worker 3: 向下滑動: 247 像素
2024-12-17 16:55:13 [INFO] Worker 8: 向下滑動: 283 像素
2024-12-17 16:55:14 [INFO] Worker 2: 向下滑動: 253 像素
2024-12-17 16:55:14 [INFO] Worker 4: 向下滑動: 237 像素
2024-12-17 16:55:15 [INFO] Worker 7: 向下滑動: 243 像素
2024-12-17 16:55:16 [INFO] Worker 1: 向下滑動: 336 像素
2024-12-17 16:55:16 [INFO] Worker 3: 向下滑動: 253 像素
2024-12-17 16:55:16 [INFO] Worker 5: 向下滑動: 378 像素
2024-12-17 16:55:17 [INFO] Worker 8: 向下滑動: 373 像素
2024-12-17 16:55:17 [INFO] Worker 4: 向下滑動: 203 像素
2024-12-17 16:55:18 [INFO] Worker 6: 帳號 66823237283 的任務已結束
2024-12-17 16:55:18 [INFO] Worker 9: 開始處理帳號 447387826081
2024-12-17 16:55:18 [INFO] Worker 2: 向下滑動: 367 像素
2024-12-17 16:55:19 [INFO] Worker 1: 向下滑動: 326 像素
2024-12-17 16:55:19 [INFO] Worker 7: 向下滑動: 311 像素
2024-12-17 16:55:19 [INFO] Worker 5: 向下滑動: 235 像素
2024-12-17 16:55:20 [INFO] Worker 8: 向下滑動: 290 像素
2024-12-17 16:55:20 [INFO] Worker 3: 向下滑動: 381 像素
2024-12-17 16:55:20 [INFO] Worker 4: 向下滑動: 306 像素
2024-12-17 16:55:23 [INFO] Worker 2: 向下滑動: 351 像素
2024-12-17 16:55:23 [INFO] Worker 1: 向下滑動: 270 像素
2024-12-17 16:55:23 [INFO] Worker 7: 向下滑動: 304 像素
2024-12-17 16:55:23 [INFO] Worker 8: 向下滑動: 217 像素
2024-12-17 16:55:24 [INFO] Worker 5: 向下滑動: 252 像素
2024-12-17 16:55:24 [INFO] Worker 3: 向下滑動: 260 像素
2024-12-17 16:55:25 [INFO] Worker 4: 向下滑動: 316 像素
2024-12-17 16:55:26 [INFO] Worker 9: 代理 kamoney03.ddns.net:24001 設置成功
2024-12-17 16:55:26 [INFO] Worker 2: 向下滑動: 400 像素
2024-12-17 16:55:26 [INFO] Worker 1: 向下滑動: 366 像素
2024-12-17 16:55:26 [INFO] Worker 7: 向下滑動: 254 像素
2024-12-17 16:55:27 [INFO] Worker 9: Cookies 已加載成功: cookies\447387826081_cookies.json
2024-12-17 16:55:28 [INFO] Worker 8: 向下滑動: 372 像素
2024-12-17 16:55:28 [INFO] Worker 5: 向下滑動: 385 像素
2024-12-17 16:55:29 [INFO] Worker 4: 向下滑動: 294 像素
2024-12-17 16:55:29 [INFO] Worker 3: 向下滑動: 240 像素
2024-12-17 16:55:30 [INFO] Worker 9: 帳號 447387826081 使用 cookies 成功登入
2024-12-17 16:55:30 [INFO] Worker 9: 登錄成功，開始處理帳號 447387826081 的操作...
2024-12-17 16:55:30 [INFO] Worker 9: 開始點擊操作...
2024-12-17 16:55:30 [INFO] Worker 9: 正在開啟貼文: https://www.facebook.com/prestigetaiwan/posts/889301466651603
2024-12-17 16:55:30 [INFO] Worker 7: 向下滑動: 390 像素
2024-12-17 16:55:31 [INFO] Worker 2: 向下滑動: 275 像素
2024-12-17 16:55:31 [INFO] Worker 9 隨機停留 7 秒
2024-12-17 16:55:31 [INFO] Worker 8: 向下滑動: 223 像素
2024-12-17 16:55:32 [INFO] Worker 5: 向下滑動: 285 像素
2024-12-17 16:55:33 [INFO] Worker 3: 向下滑動: 366 像素
2024-12-17 16:55:33 [INFO] Worker 7: 向下滑動: 218 像素
2024-12-17 16:55:34 [INFO] Worker 2: 向下滑動: 216 像素
2024-12-17 16:55:35 [INFO] Worker 1: 帳號 66634899161 的任務已結束
2024-12-17 16:55:35 [INFO] Worker 8: 向下滑動: 329 像素
2024-12-17 16:55:37 [INFO] Worker 4: 帳號 66935324825 的任務已結束
2024-12-17 16:55:38 [INFO] Worker 7: 向下滑動: 282 像素
2024-12-17 16:55:38 [INFO] Worker 3: 向下滑動: 316 像素
2024-12-17 16:55:38 [INFO] Worker 9: 成功按讚
2024-12-17 16:55:38 [INFO] Worker 9 按讚後隨機停留 3 秒
2024-12-17 16:55:39 [INFO] Worker 8: 向下滑動: 270 像素
2024-12-17 16:55:39 [INFO] Worker 2: 向下滑動: 221 像素
2024-12-17 16:55:39 [INFO] Worker 5: 帳號 66990183891 的任務已結束
2024-12-17 16:55:41 [INFO] Worker 3: 向下滑動: 232 像素
2024-12-17 16:55:41 [INFO] Worker 7: 向下滑動: 222 像素
2024-12-17 16:55:42 [INFO] Worker 9 隨機停留時間: 101 秒
2024-12-17 16:55:42 [INFO] Worker 9: 向下滑動: 257 像素
2024-12-17 16:55:43 [INFO] Worker 8: 向下滑動: 333 像素
2024-12-17 16:55:44 [INFO] Worker 2: 向下滑動: 360 像素
2024-12-17 16:55:44 [INFO] Worker 7: 向下滑動: 375 像素
2024-12-17 16:55:45 [INFO] Worker 9: 向下滑動: 365 像素
2024-12-17 16:55:46 [INFO] Worker 3: 向下滑動: 208 像素
2024-12-17 16:55:48 [INFO] Worker 8: 向下滑動: 399 像素
2024-12-17 16:55:48 [INFO] Worker 7: 向下滑動: 309 像素
2024-12-17 16:55:50 [INFO] Worker 3: 向下滑動: 348 像素
2024-12-17 16:55:50 [INFO] Worker 9: 向下滑動: 252 像素
2024-12-17 16:55:51 [INFO] Worker 2: 帳號 66637943259 的任務已結束
2024-12-17 16:55:52 [INFO] Worker 8: 向下滑動: 374 像素
2024-12-17 16:55:52 [INFO] Worker 7: 向下滑動: 217 像素
2024-12-17 16:55:54 [INFO] Worker 9: 向下滑動: 395 像素
2024-12-17 16:55:55 [INFO] Worker 3: 向下滑動: 241 像素
2024-12-17 16:55:55 [INFO] Worker 7: 向下滑動: 237 像素
2024-12-17 16:55:57 [INFO] Worker 8: 向下滑動: 252 像素
2024-12-17 16:55:58 [INFO] Worker 9: 向下滑動: 229 像素
2024-12-17 16:55:59 [INFO] Worker 3: 向下滑動: 304 像素
2024-12-17 16:55:59 [INFO] Worker 7: 向下滑動: 242 像素
2024-12-17 16:56:01 [INFO] Worker 8: 向下滑動: 308 像素
2024-12-17 16:56:01 [INFO] Worker 9: 向下滑動: 314 像素
2024-12-17 16:56:03 [INFO] Worker 3: 向下滑動: 326 像素
2024-12-17 16:56:04 [INFO] Worker 9: 向下滑動: 363 像素
2024-12-17 16:56:05 [INFO] Worker 7: 瀏覽器已關閉，任務已完成
2024-12-17 16:56:06 [INFO] Worker 3: 向下滑動: 323 像素
2024-12-17 16:56:06 [INFO] Worker 7: 帳號 66991704166 的任務已結束
2024-12-17 16:56:08 [INFO] Worker 8: 帳號 66646155782 的任務已結束
2024-12-17 16:56:08 [INFO] Worker 9: 向下滑動: 377 像素
2024-12-17 16:56:12 [INFO] Worker 9: 向下滑動: 307 像素
2024-12-17 16:56:13 [INFO] Worker 3: 帳號 66619622845 的任務已結束
2024-12-17 16:56:17 [INFO] Worker 9: 向下滑動: 374 像素
2024-12-17 16:56:20 [INFO] Worker 9: 向下滑動: 369 像素
2024-12-17 16:56:25 [INFO] Worker 9: 向下滑動: 369 像素
2024-12-17 16:56:30 [INFO] Worker 9: 向下滑動: 200 像素
2024-12-17 16:56:34 [INFO] Worker 9: 向下滑動: 354 像素
2024-12-17 16:56:38 [INFO] Worker 9: 向下滑動: 355 像素
2024-12-17 16:56:43 [INFO] Worker 9: 向下滑動: 337 像素
2024-12-17 16:56:46 [INFO] Worker 9: 向下滑動: 233 像素
2024-12-17 16:56:49 [INFO] Worker 9: 向下滑動: 324 像素
2024-12-17 16:56:53 [INFO] Worker 9: 向下滑動: 388 像素
2024-12-17 16:56:57 [INFO] Worker 9: 向下滑動: 283 像素
2024-12-17 16:57:01 [INFO] Worker 9: 向下滑動: 243 像素
2024-12-17 16:57:05 [INFO] Worker 9: 向下滑動: 311 像素
2024-12-17 16:57:09 [INFO] Worker 9: 向下滑動: 328 像素
2024-12-17 16:57:13 [INFO] Worker 9: 向下滑動: 200 像素
2024-12-17 16:57:17 [INFO] Worker 9: 向下滑動: 288 像素
2024-12-17 16:57:20 [INFO] Worker 9: 向下滑動: 253 像素
2024-12-17 16:57:26 [INFO] Worker 9: 瀏覽器已關閉，任務已完成
2024-12-17 16:57:27 [INFO] Worker 9: 帳號 447387826081 的任務已結束
