2024-12-18 11:58:10 [INFO] 請選擇您要使用的 Excel 檔案...
2024-12-18 11:58:14 [INFO] 選擇的 Excel 檔案路徑：C:/Users/user/Desktop/SuChenAI/Factbook-RPA-clickurl/data/fb_account_data_test.xlsx
2024-12-18 11:58:14 [INFO] 請輸入最大多開數量 (1-10，預設為 1):
2024-12-18 11:58:18 [INFO] 最大多開數量已設定為：8
2024-12-18 11:58:18 [INFO] 螢幕寬度：2560，螢幕高度：1440，縮放比例：1.5
2024-12-18 11:58:18 [INFO] 開始處理跳轉帳號...
2024-12-18 11:58:18 [INFO] Worker 1: 開始處理帳號 66634899161
2024-12-18 11:58:18 [INFO] Worker 2: 開始處理帳號 66637943259
2024-12-18 11:58:18 [INFO] Worker 3: 開始處理帳號 66634899161
2024-12-18 11:58:18 [INFO] Worker 4: 開始處理帳號 66637943259
2024-12-18 11:58:18 [INFO] Worker 5: 開始處理帳號 66619622845
2024-12-18 11:58:18 [INFO] Worker 6: 開始處理帳號 66935324825
2024-12-18 11:58:18 [INFO] Worker 7: 開始處理帳號 66990183891
2024-12-18 11:58:18 [INFO] Worker 8: 開始處理帳號 66823237283
2024-12-18 11:58:18 [INFO] 開始監控任務狀態...
2024-12-18 11:58:27 [INFO] Worker 3: 代理 kamoney03.ddns.net:24004 設置成功
2024-12-18 11:58:27 [INFO] Worker 6: 代理 kamoney03.ddns.net:24006 設置成功
2024-12-18 11:58:28 [INFO] Worker 8: 代理 kamoney03.ddns.net:24008 設置成功
2024-12-18 11:58:29 [INFO] Worker 2: 代理 kamoney03.ddns.net:24003 設置成功
2024-12-18 11:58:29 [INFO] Worker 4: 代理 kamoney03.ddns.net:24003 設置成功
2024-12-18 11:58:29 [INFO] Worker 6: Cookies 已加載成功: cookies\66935324825_cookies.json
2024-12-18 11:58:29 [INFO] Worker 3: Cookies 已加載成功: cookies\66634899161_cookies.json
2024-12-18 11:58:30 [INFO] Worker 8: Cookies 已加載成功: cookies\66823237283_cookies.json
2024-12-18 11:58:31 [INFO] Worker 4: Cookies 已加載成功: cookies\66637943259_cookies.json
2024-12-18 11:58:31 [INFO] Worker 1: 代理 kamoney03.ddns.net:24004 設置成功
2024-12-18 11:58:31 [INFO] Worker 2: Cookies 已加載成功: cookies\66637943259_cookies.json
2024-12-18 11:58:32 [INFO] Worker 5: 代理 kamoney03.ddns.net:24005 設置成功
2024-12-18 11:58:33 [INFO] Worker 3: 帳號 66634899161 使用 cookies 成功登入
2024-12-18 11:58:33 [INFO] Worker 3: 登錄成功，開始處理帳號 66634899161 的操作...
2024-12-18 11:58:33 [INFO] Worker 3: 開始跳轉操作...
2024-12-18 11:58:33 [INFO] Worker 3: 正在開啟貼文: https://www.facebook.com/share/18QgQ2Y2dz/
2024-12-18 11:58:33 [INFO] Worker 7: 代理 kamoney03.ddns.net:24001 設置成功
2024-12-18 11:58:33 [INFO] Worker 4: 帳號 66637943259 使用 cookies 成功登入
2024-12-18 11:58:33 [INFO] Worker 4: 登錄成功，開始處理帳號 66637943259 的操作...
2024-12-18 11:58:33 [INFO] Worker 4: 開始跳轉操作...
2024-12-18 11:58:33 [INFO] Worker 4: 正在開啟貼文: https://www.facebook.com/share/18QgQ2Y2dz/
2024-12-18 11:58:33 [INFO] Worker 1: Cookies 已加載成功: cookies\66634899161_cookies.json
2024-12-18 11:58:34 [INFO] Worker 6: 帳號 66935324825 使用 cookies 成功登入
2024-12-18 11:58:34 [INFO] Worker 6: 登錄成功，開始處理帳號 66935324825 的操作...
2024-12-18 11:58:34 [INFO] Worker 6: 開始跳轉操作...
2024-12-18 11:58:34 [INFO] Worker 6: 正在開啟貼文: https://www.facebook.com/share/18QgQ2Y2dz/
2024-12-18 11:58:34 [INFO] Worker 5: Cookies 已加載成功: cookies\66619622845_cookies.json
2024-12-18 11:58:34 [INFO] Worker 2: 帳號 66637943259 使用 cookies 成功登入
2024-12-18 11:58:34 [INFO] Worker 2: 登錄成功，開始處理帳號 66637943259 的操作...
2024-12-18 11:58:34 [INFO] Worker 2: 開始跳轉操作...
2024-12-18 11:58:34 [INFO] Worker 2: 正在開啟貼文: https://www.facebook.com/share/18QgQ2Y2dz/
2024-12-18 11:58:36 [INFO] Worker 8: 帳號 66823237283 使用 cookies 成功登入
2024-12-18 11:58:36 [INFO] Worker 8: 登錄成功，開始處理帳號 66823237283 的操作...
2024-12-18 11:58:36 [INFO] Worker 8: 開始跳轉操作...
2024-12-18 11:58:36 [INFO] Worker 8: 正在開啟貼文: https://www.facebook.com/share/18QgQ2Y2dz/
2024-12-18 11:58:37 [INFO] Worker 1: 帳號 66634899161 使用 cookies 成功登入
2024-12-18 11:58:37 [INFO] Worker 7: Cookies 已加載成功: cookies\66990183891_cookies.json
2024-12-18 11:58:37 [INFO] Worker 1: 登錄成功，開始處理帳號 66634899161 的操作...
2024-12-18 11:58:37 [INFO] Worker 1: 開始跳轉操作...
2024-12-18 11:58:37 [INFO] Worker 1: 正在開啟貼文: https://www.facebook.com/share/18QgQ2Y2dz/
2024-12-18 11:58:40 [INFO] Worker 4 隨機停留 7 秒
2024-12-18 11:58:40 [INFO] Worker 3 隨機停留 7 秒
2024-12-18 11:58:40 [INFO] Worker 6 隨機停留 8 秒
2024-12-18 11:58:41 [INFO] Worker 5: 帳號 66619622845 使用 cookies 成功登入
2024-12-18 11:58:41 [INFO] Worker 5: 登錄成功，開始處理帳號 66619622845 的操作...
2024-12-18 11:58:41 [INFO] Worker 5: 開始跳轉操作...
2024-12-18 11:58:41 [INFO] Worker 5: 正在開啟貼文: https://www.facebook.com/share/18QgQ2Y2dz/
2024-12-18 11:58:41 [INFO] Worker 7: 帳號 66990183891 使用 cookies 成功登入
2024-12-18 11:58:41 [INFO] Worker 7: 登錄成功，開始處理帳號 66990183891 的操作...
2024-12-18 11:58:41 [INFO] Worker 7: 開始跳轉操作...
2024-12-18 11:58:41 [INFO] Worker 7: 正在開啟貼文: https://www.facebook.com/share/18QgQ2Y2dz/
2024-12-18 11:58:42 [INFO] Worker 2 隨機停留 7 秒
2024-12-18 11:58:43 [INFO] Worker 8 隨機停留 6 秒
2024-12-18 11:58:46 [INFO] Worker 5 隨機停留 8 秒
2024-12-18 11:58:47 [INFO] Worker 4: 貼文已按過讚，無需重複操作
2024-12-18 11:58:47 [INFO] Worker 4 按讚後隨機停留 5 秒
2024-12-18 11:58:47 [INFO] Worker 3: 貼文已按過讚，無需重複操作
2024-12-18 11:58:47 [INFO] Worker 3 按讚後隨機停留 3 秒
2024-12-18 11:58:49 [INFO] Worker 6: 貼文已按過讚，無需重複操作
2024-12-18 11:58:49 [INFO] Worker 6 按讚後隨機停留 4 秒
2024-12-18 11:58:49 [INFO] Worker 8: 貼文已按過讚，無需重複操作
2024-12-18 11:58:49 [INFO] Worker 8 按讚後隨機停留 4 秒
2024-12-18 11:58:49 [INFO] Worker 2: 貼文已按過讚，無需重複操作
2024-12-18 11:58:49 [INFO] Worker 2 按讚後隨機停留 4 秒
2024-12-18 11:58:50 [INFO] Worker 3: 正在開啟網站: https://japanticket.com/prestige/tw/hokkaido/?fbclid=IwY2xjawHOKBpleHRuA2FlbQIxMAABHaGHzkUa9Xrj3SjatXaC9Yb4VFZXJHVNg6UjonFymwRNzb_q9RvBc3yZxA_aem_RLkYjGlaRRosmk8r7xkD4g#utm_source=prestige_tw_fb&utm_medium=social&utm_campaign=hokkaido_tour_tw_fb
2024-12-18 11:58:52 [INFO] Worker 4: 正在開啟網站: https://japanticket.com/prestige/tw/hokkaido/?fbclid=IwY2xjawHOKBpleHRuA2FlbQIxMAABHaGHzkUa9Xrj3SjatXaC9Yb4VFZXJHVNg6UjonFymwRNzb_q9RvBc3yZxA_aem_RLkYjGlaRRosmk8r7xkD4g#utm_source=prestige_tw_fb&utm_medium=social&utm_campaign=hokkaido_tour_tw_fb
2024-12-18 11:58:53 [INFO] Worker 6: 正在開啟網站: https://japanticket.com/prestige/tw/hokkaido/?fbclid=IwY2xjawHOKBpleHRuA2FlbQIxMAABHaGHzkUa9Xrj3SjatXaC9Yb4VFZXJHVNg6UjonFymwRNzb_q9RvBc3yZxA_aem_RLkYjGlaRRosmk8r7xkD4g#utm_source=prestige_tw_fb&utm_medium=social&utm_campaign=hokkaido_tour_tw_fb
2024-12-18 11:58:53 [INFO] Worker 8: 正在開啟網站: https://japanticket.com/prestige/tw/hokkaido/?fbclid=IwY2xjawHOKBpleHRuA2FlbQIxMAABHaGHzkUa9Xrj3SjatXaC9Yb4VFZXJHVNg6UjonFymwRNzb_q9RvBc3yZxA_aem_RLkYjGlaRRosmk8r7xkD4g#utm_source=prestige_tw_fb&utm_medium=social&utm_campaign=hokkaido_tour_tw_fb
2024-12-18 11:58:53 [INFO] Worker 2: 正在開啟網站: https://japanticket.com/prestige/tw/hokkaido/?fbclid=IwY2xjawHOKBpleHRuA2FlbQIxMAABHaGHzkUa9Xrj3SjatXaC9Yb4VFZXJHVNg6UjonFymwRNzb_q9RvBc3yZxA_aem_RLkYjGlaRRosmk8r7xkD4g#utm_source=prestige_tw_fb&utm_medium=social&utm_campaign=hokkaido_tour_tw_fb
2024-12-18 11:58:54 [INFO] Worker 5: 貼文已按過讚，無需重複操作
2024-12-18 11:58:54 [INFO] Worker 5 按讚後隨機停留 5 秒
2024-12-18 11:58:55 [INFO] Worker 3 隨機停留時間: 183 秒
2024-12-18 11:58:58 [INFO] Worker 1 隨機停留 6 秒
2024-12-18 11:58:58 [INFO] Worker 7 隨機停留 7 秒
2024-12-18 11:58:59 [INFO] Worker 5: 正在開啟網站: https://japanticket.com/prestige/tw/hokkaido/?fbclid=IwY2xjawHOKBpleHRuA2FlbQIxMAABHaGHzkUa9Xrj3SjatXaC9Yb4VFZXJHVNg6UjonFymwRNzb_q9RvBc3yZxA_aem_RLkYjGlaRRosmk8r7xkD4g#utm_source=prestige_tw_fb&utm_medium=social&utm_campaign=hokkaido_tour_tw_fb
2024-12-18 11:59:00 [INFO] Worker 8 隨機停留時間: 183 秒
2024-12-18 11:59:00 [INFO] Worker 3: 向下滑動: 275 像素，並等待 4.867498486718583 秒
2024-12-18 11:59:00 [INFO] Worker 6 隨機停留時間: 140 秒
2024-12-18 11:59:01 [INFO] Worker 2 隨機停留時間: 197 秒
2024-12-18 11:59:01 [INFO] Worker 4 隨機停留時間: 150 秒
2024-12-18 11:59:04 [INFO] Worker 1: 貼文已按過讚，無需重複操作
2024-12-18 11:59:04 [INFO] Worker 1 按讚後隨機停留 3 秒
2024-12-18 11:59:04 [INFO] Worker 3: 向下滑動: 271 像素，並等待 4.660392053734153 秒
2024-12-18 11:59:04 [INFO] Worker 8: 向下滑動: 253 像素，並等待 4.822820628063816 秒
2024-12-18 11:59:04 [INFO] Worker 5 隨機停留時間: 200 秒
2024-12-18 11:59:05 [INFO] Worker 6: 向下滑動: 247 像素，並等待 4.327578675916223 秒
2024-12-18 11:59:05 [INFO] Worker 2: 向下滑動: 204 像素，並等待 3.6502513552237943 秒
2024-12-18 11:59:05 [INFO] Worker 4: 向下滑動: 269 像素，並等待 3.7273367138138154 秒
2024-12-18 11:59:05 [INFO] Worker 7: 貼文已按過讚，無需重複操作
2024-12-18 11:59:05 [INFO] Worker 7 按讚後隨機停留 3 秒
2024-12-18 11:59:07 [INFO] Worker 1: 正在開啟網站: https://japanticket.com/prestige/tw/hokkaido/?fbclid=IwY2xjawHOKBpleHRuA2FlbQIxMAABHaGHzkUa9Xrj3SjatXaC9Yb4VFZXJHVNg6UjonFymwRNzb_q9RvBc3yZxA_aem_RLkYjGlaRRosmk8r7xkD4g#utm_source=prestige_tw_fb&utm_medium=social&utm_campaign=hokkaido_tour_tw_fb
2024-12-18 11:59:08 [INFO] Worker 5: 向下滑動: 350 像素，並等待 3.108166860300669 秒
2024-12-18 11:59:08 [INFO] Worker 2: 向下滑動: 349 像素，並等待 3.0107626028577297 秒
2024-12-18 11:59:08 [INFO] Worker 3: 向下滑動: 332 像素，並等待 3.770038550019586 秒
2024-12-18 11:59:08 [INFO] Worker 7: 正在開啟網站: https://japanticket.com/prestige/tw/hokkaido/?fbclid=IwY2xjawHOKBpleHRuA2FlbQIxMAABHaGHzkUa9Xrj3SjatXaC9Yb4VFZXJHVNg6UjonFymwRNzb_q9RvBc3yZxA_aem_RLkYjGlaRRosmk8r7xkD4g#utm_source=prestige_tw_fb&utm_medium=social&utm_campaign=hokkaido_tour_tw_fb
2024-12-18 11:59:09 [INFO] Worker 8: 向下滑動: 309 像素，並等待 4.375316399231994 秒
2024-12-18 11:59:09 [INFO] Worker 6: 向下滑動: 347 像素，並等待 4.831584420644022 秒
2024-12-18 11:59:10 [INFO] Worker 4: 向下滑動: 389 像素，並等待 4.837347348637407 秒
2024-12-18 11:59:11 [INFO] Worker 5: 向下滑動: 240 像素，並等待 3.052776083302978 秒
2024-12-18 11:59:11 [INFO] Worker 3: 向下滑動: 243 像素，並等待 3.3299885606702446 秒
2024-12-18 11:59:12 [INFO] Worker 1 隨機停留時間: 192 秒
2024-12-18 11:59:12 [INFO] Worker 2: 向下滑動: 362 像素，並等待 4.629233003898366 秒
2024-12-18 11:59:12 [INFO] Worker 7 隨機停留時間: 161 秒
2024-12-18 11:59:13 [INFO] Worker 6: 向下滑動: 325 像素，並等待 3.6385726855168445 秒
2024-12-18 11:59:13 [INFO] Worker 8: 向下滑動: 326 像素，並等待 4.673375646991074 秒
2024-12-18 11:59:14 [INFO] Worker 5: 向下滑動: 239 像素，並等待 3.401688386090674 秒
2024-12-18 11:59:15 [INFO] Worker 4: 向下滑動: 251 像素，並等待 4.772022221168693 秒
2024-12-18 11:59:15 [INFO] Worker 1: 向下滑動: 253 像素，並等待 3.505925997132349 秒
2024-12-18 11:59:15 [INFO] Worker 3: 向下滑動: 303 像素，並等待 4.074076233027995 秒
2024-12-18 11:59:16 [INFO] Worker 2: 向下滑動: 378 像素，並等待 3.4264574991582286 秒
2024-12-18 11:59:17 [INFO] Worker 7: 向下滑動: 279 像素，並等待 4.053506903310054 秒
2024-12-18 11:59:18 [INFO] Worker 6: 向下滑動: 378 像素，並等待 4.709523310055235 秒
2024-12-18 11:59:18 [INFO] Worker 8: 向下滑動: 303 像素，並等待 4.331099325501911 秒
2024-12-18 11:59:18 [INFO] Worker 4: 向下滑動: 388 像素，並等待 3.7193854354836384 秒
2024-12-18 11:59:19 [INFO] Worker 5: 向下滑動: 279 像素，並等待 4.750350786146142 秒
2024-12-18 11:59:19 [INFO] Worker 3: 向下滑動: 353 像素，並等待 3.8732676243886495 秒
2024-12-18 11:59:20 [INFO] Worker 2: 向下滑動: 271 像素，並等待 4.03150254493427 秒
2024-12-18 11:59:20 [INFO] Worker 1: 向下滑動: 217 像素，並等待 4.896782632751997 秒
2024-12-18 11:59:21 [INFO] Worker 7: 向下滑動: 203 像素，並等待 4.001065195645629 秒
2024-12-18 11:59:21 [INFO] Worker 4: 向下滑動: 238 像素，並等待 3.1897958537463706 秒
2024-12-18 11:59:22 [INFO] Worker 8: 向下滑動: 330 像素，並等待 3.814214320444904 秒
2024-12-18 11:59:22 [INFO] Worker 5: 向下滑動: 397 像素，並等待 3.0782004568188843 秒
2024-12-18 11:59:23 [INFO] Worker 6: 向下滑動: 314 像素，並等待 4.855357666107033 秒
2024-12-18 11:59:23 [INFO] Worker 1: 向下滑動: 298 像素，並等待 3.1329554188918496 秒
2024-12-18 11:59:24 [INFO] Worker 2: 向下滑動: 252 像素，並等待 3.64836103566904 秒
2024-12-18 11:59:24 [INFO] Worker 3: 向下滑動: 328 像素，並等待 4.4199762111892635 秒
2024-12-18 11:59:25 [INFO] Worker 8: 向下滑動: 261 像素，並等待 3.225776931144704 秒
2024-12-18 11:59:25 [INFO] Worker 5: 向下滑動: 272 像素，並等待 3.1848195163777624 秒
2024-12-18 11:59:25 [INFO] Worker 7: 向下滑動: 378 像素，並等待 4.815830257145597 秒
2024-12-18 11:59:26 [INFO] Worker 4: 向下滑動: 287 像素，並等待 4.637166561326549 秒
2024-12-18 11:59:27 [INFO] Worker 6: 向下滑動: 281 像素，並等待 4.568829955000382 秒
2024-12-18 11:59:27 [INFO] Worker 3: 向下滑動: 386 像素，並等待 3.6972310376502984 秒
2024-12-18 11:59:28 [INFO] Worker 2: 向下滑動: 394 像素，並等待 3.9262624041238343 秒
2024-12-18 11:59:28 [INFO] Worker 1: 向下滑動: 231 像素，並等待 4.452792797140313 秒
2024-12-18 11:59:28 [INFO] Worker 8: 向下滑動: 376 像素，並等待 3.3489383504101733 秒
2024-12-18 11:59:29 [INFO] Worker 7: 向下滑動: 397 像素，並等待 3.5067120630093624 秒
2024-12-18 11:59:30 [INFO] Worker 5: 向下滑動: 347 像素，並等待 4.951075581190271 秒
2024-12-18 11:59:31 [INFO] Worker 6: 向下滑動: 210 像素，並等待 3.572191045204362 秒
2024-12-18 11:59:31 [INFO] Worker 4: 向下滑動: 316 像素，並等待 4.976659823457873 秒
2024-12-18 11:59:31 [INFO] Worker 1: 向下滑動: 296 像素，並等待 3.919912481307102 秒
2024-12-18 11:59:32 [INFO] Worker 2: 向下滑動: 363 像素，並等待 4.124585182736791 秒
2024-12-18 11:59:32 [INFO] Worker 3: 向下滑動: 361 像素，並等待 4.195940617646869 秒
2024-12-18 11:59:33 [INFO] Worker 8: 向下滑動: 351 像素，並等待 4.400618685555183 秒
2024-12-18 11:59:33 [INFO] Worker 7: 向下滑動: 352 像素，並等待 4.065754122885371 秒
2024-12-18 11:59:34 [INFO] Worker 5: 向下滑動: 380 像素，並等待 3.5513616364933878 秒
2024-12-18 11:59:34 [INFO] Worker 6: 向下滑動: 200 像素，並等待 3.5001477182801155 秒
2024-12-18 11:59:35 [INFO] Worker 3: 向下滑動: 303 像素，並等待 3.4280685539284037 秒
2024-12-18 11:59:36 [INFO] Worker 1: 向下滑動: 206 像素，並等待 4.07050952131758 秒
2024-12-18 11:59:36 [INFO] Worker 4: 向下滑動: 374 像素，並等待 4.614273535295825 秒
2024-12-18 11:59:36 [INFO] Worker 2: 向下滑動: 357 像素，並等待 4.185777248576794 秒
2024-12-18 11:59:37 [INFO] Worker 7: 向下滑動: 399 像素，並等待 3.554335791934282 秒
2024-12-18 11:59:37 [INFO] Worker 8: 向下滑動: 365 像素，並等待 3.942802755073391 秒
2024-12-18 11:59:38 [INFO] Worker 5: 向下滑動: 294 像素，並等待 3.886898368073236 秒
2024-12-18 11:59:39 [INFO] Worker 6: 向下滑動: 203 像素，並等待 4.219276326748899 秒
2024-12-18 11:59:39 [INFO] Worker 2: 向下滑動: 233 像素，並等待 3.2611778989238465 秒
2024-12-18 11:59:39 [INFO] Worker 3: 向下滑動: 378 像素，並等待 4.139470465310333 秒
2024-12-18 11:59:39 [INFO] Worker 1: 向下滑動: 238 像素，並等待 3.9288022718828692 秒
2024-12-18 11:59:40 [INFO] Worker 7: 向下滑動: 270 像素，並等待 3.446271443879037 秒
2024-12-18 11:59:40 [INFO] Worker 8: 向下滑動: 328 像素，並等待 3.715440398794838 秒
2024-12-18 11:59:41 [INFO] Worker 4: 向下滑動: 281 像素，並等待 4.974427754073433 秒
2024-12-18 11:59:42 [INFO] Worker 5: 向下滑動: 287 像素，並等待 4.180178665333452 秒
2024-12-18 11:59:43 [INFO] Worker 1: 向下滑動: 258 像素，並等待 3.1359270395956953 秒
2024-12-18 11:59:43 [INFO] Worker 6: 向下滑動: 375 像素，並等待 4.383743573298515 秒
2024-12-18 11:59:44 [INFO] Worker 2: 向下滑動: 291 像素，並等待 4.387356621467026 秒
2024-12-18 11:59:44 [INFO] Worker 8: 向下滑動: 322 像素，並等待 3.4657463032177835 秒
2024-12-18 11:59:44 [INFO] Worker 4: 向下滑動: 206 像素，並等待 3.1348779775083377 秒
2024-12-18 11:59:44 [INFO] Worker 3: 向下滑動: 355 像素，並等待 4.774128713446022 秒
2024-12-18 11:59:44 [INFO] Worker 7: 向下滑動: 284 像素，並等待 4.4380462592066525 秒
2024-12-18 11:59:46 [INFO] Worker 5: 向下滑動: 344 像素，並等待 4.527236878607239 秒
2024-12-18 11:59:47 [INFO] Worker 2: 向下滑動: 238 像素，並等待 3.2770810216377173 秒
2024-12-18 11:59:47 [INFO] Worker 6: 向下滑動: 318 像素，並等待 4.246884003224867 秒
2024-12-18 11:59:47 [INFO] Worker 4: 向下滑動: 353 像素，並等待 3.5678791758829034 秒
2024-12-18 11:59:47 [INFO] Worker 1: 向下滑動: 200 像素，並等待 4.814717363806841 秒
2024-12-18 11:59:48 [INFO] Worker 8: 向下滑動: 305 像素，並等待 4.016748298347132 秒
2024-12-18 11:59:48 [INFO] Worker 3: 向下滑動: 287 像素，並等待 4.065697697698144 秒
2024-12-18 11:59:49 [INFO] Worker 7: 向下滑動: 344 像素，並等待 4.970033988515278 秒
2024-12-18 11:59:50 [INFO] Worker 2: 向下滑動: 202 像素，並等待 3.287316615958173 秒
2024-12-18 11:59:50 [INFO] Worker 5: 向下滑動: 227 像素，並等待 3.999205034468796 秒
2024-12-18 11:59:51 [INFO] Worker 1: 向下滑動: 259 像素，並等待 3.8792806295063995 秒
2024-12-18 11:59:52 [INFO] Worker 6: 向下滑動: 206 像素，並等待 4.365252735454175 秒
2024-12-18 11:59:52 [INFO] Worker 4: 向下滑動: 383 像素，並等待 4.314590124469079 秒
2024-12-18 11:59:52 [INFO] Worker 8: 向下滑動: 202 像素，並等待 4.0217746267954695 秒
2024-12-18 11:59:53 [INFO] Worker 3: 向下滑動: 304 像素，並等待 4.515727104180682 秒
2024-12-18 11:59:54 [INFO] Worker 7: 向下滑動: 200 像素，並等待 4.879735819142717 秒
2024-12-18 11:59:55 [INFO] Worker 5: 向下滑動: 266 像素，並等待 4.233100609104536 秒
2024-12-18 11:59:55 [INFO] Worker 4: 向下滑動: 316 像素，並等待 3.0670260104708653 秒
2024-12-18 11:59:55 [INFO] Worker 2: 向下滑動: 219 像素，並等待 4.9183659285792665 秒
2024-12-18 11:59:55 [INFO] Worker 6: 向下滑動: 240 像素，並等待 3.665425390376462 秒
2024-12-18 11:59:56 [INFO] Worker 3: 向下滑動: 207 像素，並等待 3.1736074073218705 秒
2024-12-18 11:59:56 [INFO] Worker 1: 向下滑動: 384 像素，並等待 4.834797141029563 秒
2024-12-18 11:59:57 [INFO] Worker 8: 向下滑動: 341 像素，並等待 4.763979529985065 秒
2024-12-18 11:59:58 [INFO] Worker 7: 向下滑動: 359 像素，並等待 3.3621604907564646 秒
2024-12-18 11:59:58 [INFO] Worker 4: 向下滑動: 251 像素，並等待 3.320777676995073 秒
2024-12-18 11:59:58 [INFO] Worker 5: 向下滑動: 315 像素，並等待 3.632377240541471 秒
2024-12-18 11:59:59 [INFO] Worker 6: 向下滑動: 245 像素，並等待 3.43443157619932 秒
2024-12-18 11:59:59 [INFO] Worker 2: 向下滑動: 380 像素，並等待 3.7214822774950154 秒
2024-12-18 11:59:59 [INFO] Worker 1: 向下滑動: 360 像素，並等待 3.2764159302400353 秒
2024-12-18 12:00:00 [INFO] Worker 8: 向下滑動: 255 像素，並等待 3.2456527600017573 秒
2024-12-18 12:00:00 [INFO] Worker 3: 向下滑動: 234 像素，並等待 4.137219265905076 秒
2024-12-18 12:00:02 [INFO] Worker 7: 向下滑動: 375 像素，並等待 3.8484675677246196 秒
2024-12-18 12:00:02 [INFO] Worker 6: 向下滑動: 262 像素，並等待 3.227005277239291 秒
2024-12-18 12:00:03 [INFO] Worker 5: 向下滑動: 350 像素，並等待 4.642661343451595 秒
2024-12-18 12:00:03 [INFO] Worker 3: 向下滑動: 267 像素，並等待 3.00641321368622 秒
2024-12-18 12:00:03 [INFO] Worker 2: 向下滑動: 281 像素，並等待 4.24355554398935 秒
2024-12-18 12:00:03 [INFO] Worker 4: 向下滑動: 395 像素，並等待 4.9714626956147745 秒
2024-12-18 12:00:04 [INFO] Worker 1: 向下滑動: 299 像素，並等待 4.4917220390295025 秒
2024-12-18 12:00:04 [INFO] Worker 8: 向下滑動: 229 像素，並等待 4.547884526332786 秒
2024-12-18 12:00:05 [INFO] Worker 7: 向下滑動: 388 像素，並等待 3.3229665492983584 秒
2024-12-18 12:00:05 [INFO] Worker 6: 向下滑動: 216 像素，並等待 3.41802646020116 秒
2024-12-18 12:00:06 [INFO] Worker 5: 向下滑動: 284 像素，並等待 3.395863628589077 秒
2024-12-18 12:00:07 [INFO] Worker 2: 向下滑動: 314 像素，並等待 3.7906456996273916 秒
2024-12-18 12:00:07 [INFO] Worker 4: 向下滑動: 287 像素，並等待 4.091629234505359 秒
2024-12-18 12:00:08 [INFO] Worker 8: 向下滑動: 303 像素，並等待 3.072833135916973 秒
2024-12-18 12:00:08 [INFO] Worker 3: 向下滑動: 276 像素，並等待 4.6217858807804095 秒
2024-12-18 12:00:09 [INFO] Worker 1: 向下滑動: 200 像素，並等待 4.652217823350933 秒
2024-12-18 12:00:09 [INFO] Worker 6: 向下滑動: 375 像素，並等待 3.3951391795214225 秒
2024-12-18 12:00:09 [INFO] Worker 7: 向下滑動: 252 像素，並等待 4.487976424141038 秒
2024-12-18 12:00:11 [INFO] Worker 4: 向下滑動: 396 像素，並等待 3.3879962033782656 秒
2024-12-18 12:00:11 [INFO] Worker 2: 向下滑動: 308 像素，並等待 3.8876885978526046 秒
2024-12-18 12:00:11 [INFO] Worker 5: 向下滑動: 256 像素，並等待 4.675257989887592 秒
2024-12-18 12:00:12 [INFO] Worker 8: 向下滑動: 248 像素，並等待 4.191863045070134 秒
2024-12-18 12:00:12 [INFO] Worker 1: 向下滑動: 283 像素，並等待 3.8581133888327197 秒
2024-12-18 12:00:13 [INFO] Worker 7: 向下滑動: 327 像素，並等待 3.180681696808673 秒
2024-12-18 12:00:13 [INFO] Worker 6: 向下滑動: 251 像素，並等待 3.8620401017049337 秒
2024-12-18 12:00:13 [INFO] Worker 3: 向下滑動: 326 像素，並等待 4.998302089919827 秒
2024-12-18 12:00:14 [INFO] Worker 5: 向下滑動: 257 像素，並等待 3.1492398831023998 秒
2024-12-18 12:00:15 [INFO] Worker 2: 向下滑動: 240 像素，並等待 3.9457262644043896 秒
2024-12-18 12:00:15 [INFO] Worker 4: 向下滑動: 266 像素，並等待 4.838823500751585 秒
2024-12-18 12:00:16 [INFO] Worker 3: 向下滑動: 305 像素，並等待 3.282313978143657 秒
2024-12-18 12:00:16 [INFO] Worker 6: 向下滑動: 275 像素，並等待 3.8431072863009863 秒
2024-12-18 12:00:17 [INFO] Worker 8: 向下滑動: 295 像素，並等待 4.895523496096175 秒
2024-12-18 12:00:17 [INFO] Worker 1: 向下滑動: 244 像素，並等待 4.315896460915369 秒
2024-12-18 12:00:17 [INFO] Worker 7: 向下滑動: 373 像素，並等待 4.583650831061596 秒
2024-12-18 12:00:18 [INFO] Worker 2: 向下滑動: 390 像素，並等待 3.6718806975832146 秒
2024-12-18 12:00:18 [INFO] Worker 5: 向下滑動: 209 像素，並等待 4.379880388394941 秒
2024-12-18 12:00:19 [INFO] Worker 4: 向下滑動: 311 像素，並等待 3.5429968148049564 秒
2024-12-18 12:00:20 [INFO] Worker 6: 向下滑動: 320 像素，並等待 3.560748359647805 秒
2024-12-18 12:00:21 [INFO] Worker 1: 向下滑動: 267 像素，並等待 3.8444742360680113 秒
2024-12-18 12:00:21 [INFO] Worker 3: 向下滑動: 358 像素，並等待 4.879361305343469 秒
2024-12-18 12:00:21 [INFO] Worker 8: 向下滑動: 393 像素，並等待 4.292401768990297 秒
2024-12-18 12:00:22 [INFO] Worker 5: 向下滑動: 367 像素，並等待 3.310064140358727 秒
2024-12-18 12:00:22 [INFO] Worker 7: 向下滑動: 296 像素，並等待 4.7264795894417695 秒
2024-12-18 12:00:22 [INFO] Worker 4: 向下滑動: 344 像素，並等待 3.348755644329007 秒
2024-12-18 12:00:22 [INFO] Worker 2: 向下滑動: 377 像素，並等待 3.963080574006372 秒
2024-12-18 12:00:24 [INFO] Worker 6: 向下滑動: 284 像素，並等待 3.6990084586598058 秒
2024-12-18 12:00:25 [INFO] Worker 1: 向下滑動: 252 像素，並等待 4.048379374939412 秒
2024-12-18 12:00:25 [INFO] Worker 5: 向下滑動: 234 像素，並等待 3.067435850609506 秒
2024-12-18 12:00:25 [INFO] Worker 8: 向下滑動: 318 像素，並等待 3.961954529951668 秒
2024-12-18 12:00:26 [INFO] Worker 4: 向下滑動: 215 像素，並等待 3.356869022291143 秒
2024-12-18 12:00:26 [INFO] Worker 3: 向下滑動: 358 像素，並等待 4.951198693265947 秒
2024-12-18 12:00:26 [INFO] Worker 7: 向下滑動: 292 像素，並等待 4.223697530771779 秒
2024-12-18 12:00:26 [INFO] Worker 2: 向下滑動: 226 像素，並等待 3.8432512197987982 秒
2024-12-18 12:00:27 [INFO] Worker 6: 向下滑動: 316 像素，並等待 3.339940387460301 秒
2024-12-18 12:00:28 [INFO] Worker 5: 向下滑動: 238 像素，並等待 3.0248500050228753 秒
2024-12-18 12:00:28 [INFO] Worker 8: 向下滑動: 250 像素，並等待 3.2723554341332832 秒
2024-12-18 12:00:28 [INFO] Worker 1: 向下滑動: 348 像素，並等待 3.497237981926599 秒
2024-12-18 12:00:29 [INFO] Worker 4: 向下滑動: 366 像素，並等待 3.515666203626485 秒
2024-12-18 12:00:29 [INFO] Worker 3: 向下滑動: 272 像素，並等待 3.4552834810599706 秒
2024-12-18 12:00:31 [INFO] Worker 2: 向下滑動: 349 像素，並等待 4.553364788505419 秒
2024-12-18 12:00:31 [INFO] Worker 7: 向下滑動: 248 像素，並等待 4.624792857103013 秒
2024-12-18 12:00:31 [INFO] Worker 6: 向下滑動: 292 像素，並等待 4.041927213786791 秒
2024-12-18 12:00:31 [INFO] Worker 1: 向下滑動: 367 像素，並等待 3.087676804416791 秒
2024-12-18 12:00:32 [INFO] Worker 5: 向下滑動: 315 像素，並等待 3.625177410889724 秒
2024-12-18 12:00:32 [INFO] Worker 8: 向下滑動: 335 像素，並等待 3.4230306712674237 秒
2024-12-18 12:00:33 [INFO] Worker 4: 向下滑動: 265 像素，並等待 3.871272813844431 秒
2024-12-18 12:00:33 [INFO] Worker 3: 向下滑動: 380 像素，並等待 4.126889409593095 秒
2024-12-18 12:00:34 [INFO] Worker 2: 向下滑動: 388 像素，並等待 3.553756848880527 秒
2024-12-18 12:00:35 [INFO] Worker 6: 向下滑動: 268 像素，並等待 3.424256271115095 秒
2024-12-18 12:00:35 [INFO] Worker 5: 向下滑動: 305 像素，並等待 3.534991415471564 秒
2024-12-18 12:00:35 [INFO] Worker 7: 向下滑動: 342 像素，並等待 4.431177453169097 秒
2024-12-18 12:00:36 [INFO] Worker 1: 向下滑動: 357 像素，並等待 4.973341828047586 秒
2024-12-18 12:00:36 [INFO] Worker 8: 向下滑動: 216 像素，並等待 4.683118398973302 秒
2024-12-18 12:00:37 [INFO] Worker 3: 向下滑動: 369 像素，並等待 3.3657158869448436 秒
2024-12-18 12:00:37 [INFO] Worker 4: 向下滑動: 261 像素，並等待 4.324202456907086 秒
2024-12-18 12:00:38 [INFO] Worker 2: 向下滑動: 353 像素，並等待 3.7117349169721785 秒
2024-12-18 12:00:39 [INFO] Worker 5: 向下滑動: 362 像素，並等待 3.5029400321388895 秒
2024-12-18 12:00:39 [INFO] Worker 6: 向下滑動: 279 像素，並等待 4.323496683277271 秒
2024-12-18 12:00:39 [INFO] Worker 7: 向下滑動: 298 像素，並等待 3.7846138475472806 秒
2024-12-18 12:00:39 [INFO] Worker 8: 向下滑動: 395 像素，並等待 3.1411043611482743 秒
2024-12-18 12:00:41 [INFO] Worker 3: 向下滑動: 220 像素，並等待 4.35595876823604 秒
2024-12-18 12:00:41 [INFO] Worker 1: 向下滑動: 395 像素，並等待 4.814919135858028 秒
2024-12-18 12:00:42 [INFO] Worker 2: 向下滑動: 334 像素，並等待 3.7985646377002453 秒
2024-12-18 12:00:42 [INFO] Worker 4: 向下滑動: 258 像素，並等待 4.8946034779833445 秒
2024-12-18 12:00:43 [INFO] Worker 6: 向下滑動: 325 像素，並等待 3.8198588560196667 秒
2024-12-18 12:00:43 [INFO] Worker 7: 向下滑動: 317 像素，並等待 3.8369527920807007 秒
2024-12-18 12:00:43 [INFO] Worker 5: 向下滑動: 276 像素，並等待 4.700343524157049 秒
2024-12-18 12:00:44 [INFO] Worker 8: 向下滑動: 250 像素，並等待 4.868867237241678 秒
2024-12-18 12:00:45 [INFO] Worker 1: 向下滑動: 352 像素，並等待 3.4050741843769443 秒
2024-12-18 12:00:45 [INFO] Worker 3: 向下滑動: 250 像素，並等待 3.917816941121851 秒
2024-12-18 12:00:46 [INFO] Worker 2: 向下滑動: 295 像素，並等待 4.46537999357834 秒
2024-12-18 12:00:46 [INFO] Worker 7: 向下滑動: 281 像素，並等待 3.5356531970740113 秒
2024-12-18 12:00:47 [INFO] Worker 6: 向下滑動: 246 像素，並等待 4.152050856292483 秒
2024-12-18 12:00:47 [INFO] Worker 4: 向下滑動: 362 像素，並等待 4.858505259437591 秒
2024-12-18 12:00:48 [INFO] Worker 5: 向下滑動: 208 像素，並等待 4.356208366432451 秒
2024-12-18 12:00:48 [INFO] Worker 8: 向下滑動: 311 像素，並等待 3.6632944740956965 秒
2024-12-18 12:00:48 [INFO] Worker 3: 向下滑動: 217 像素，並等待 3.2370229100378562 秒
2024-12-18 12:00:49 [INFO] Worker 1: 向下滑動: 355 像素，並等待 4.611725862311235 秒
2024-12-18 12:00:50 [INFO] Worker 2: 向下滑動: 359 像素，並等待 3.1952803716980247 秒
2024-12-18 12:00:50 [INFO] Worker 7: 向下滑動: 323 像素，並等待 4.0223096750409155 秒
2024-12-18 12:00:51 [INFO] Worker 4: 向下滑動: 285 像素，並等待 3.395720313850944 秒
2024-12-18 12:00:51 [INFO] Worker 6: 向下滑動: 300 像素，並等待 4.117895362168835 秒
2024-12-18 12:00:51 [INFO] Worker 8: 向下滑動: 323 像素，並等待 3.4579266374573283 秒
2024-12-18 12:00:52 [INFO] Worker 5: 向下滑動: 274 像素，並等待 4.124178634341686 秒
2024-12-18 12:00:52 [INFO] Worker 3: 向下滑動: 213 像素，並等待 3.793079423850842 秒
2024-12-18 12:00:53 [INFO] Worker 2: 向下滑動: 332 像素，並等待 3.0882157030363695 秒
2024-12-18 12:00:53 [INFO] Worker 1: 向下滑動: 247 像素，並等待 3.9321636409746796 秒
2024-12-18 12:00:54 [INFO] Worker 4: 向下滑動: 220 像素，並等待 3.3350192210258527 秒
2024-12-18 12:00:54 [INFO] Worker 6: 向下滑動: 306 像素，並等待 3.3928850636592607 秒
2024-12-18 12:00:55 [INFO] Worker 8: 向下滑動: 361 像素，並等待 3.118387104050951 秒
2024-12-18 12:00:55 [INFO] Worker 7: 向下滑動: 275 像素，並等待 4.327778274508573 秒
2024-12-18 12:00:55 [INFO] Worker 3: 向下滑動: 334 像素，並等待 3.410260731310504 秒
2024-12-18 12:00:56 [INFO] Worker 2: 向下滑動: 376 像素，並等待 3.26163907491744 秒
2024-12-18 12:00:56 [INFO] Worker 1: 向下滑動: 362 像素，並等待 3.348489958290122 秒
2024-12-18 12:00:57 [INFO] Worker 5: 向下滑動: 279 像素，並等待 4.932526241550175 秒
2024-12-18 12:00:58 [INFO] Worker 6: 向下滑動: 346 像素，並等待 3.1921184486138454 秒
2024-12-18 12:00:58 [INFO] Worker 8: 向下滑動: 387 像素，並等待 3.102289997566765 秒
2024-12-18 12:00:58 [INFO] Worker 4: 向下滑動: 353 像素，並等待 4.003855483737558 秒
2024-12-18 12:01:00 [INFO] Worker 2: 向下滑動: 341 像素，並等待 3.6117963472146783 秒
2024-12-18 12:01:00 [INFO] Worker 7: 向下滑動: 265 像素，並等待 4.913852370526666 秒
2024-12-18 12:01:00 [INFO] Worker 3: 向下滑動: 251 像素，並等待 4.451305144325964 秒
2024-12-18 12:01:00 [INFO] Worker 1: 向下滑動: 394 像素，並等待 3.95531380427639 秒
2024-12-18 12:01:01 [INFO] Worker 5: 向下滑動: 306 像素，並等待 3.8983938886203475 秒
2024-12-18 12:01:01 [INFO] Worker 6: 向下滑動: 308 像素，並等待 3.148836521474209 秒
2024-12-18 12:01:02 [INFO] Worker 4: 向下滑動: 347 像素，並等待 3.5266509797552272 秒
2024-12-18 12:01:02 [INFO] Worker 8: 向下滑動: 215 像素，並等待 4.754712795475521 秒
2024-12-18 12:01:03 [INFO] Worker 7: 向下滑動: 226 像素，並等待 3.4508431148211574 秒
2024-12-18 12:01:04 [INFO] Worker 1: 向下滑動: 390 像素，並等待 3.3366967408673283 秒
2024-12-18 12:01:04 [INFO] Worker 6: 向下滑動: 216 像素，並等待 3.2009436668270914 秒
2024-12-18 12:01:04 [INFO] Worker 2: 向下滑動: 378 像素，並等待 4.699853308528458 秒
2024-12-18 12:01:04 [INFO] Worker 3: 向下滑動: 260 像素，並等待 4.416953678858004 秒
2024-12-18 12:01:05 [INFO] Worker 5: 向下滑動: 367 像素，並等待 4.174731748506408 秒
2024-12-18 12:01:06 [INFO] Worker 4: 向下滑動: 293 像素，並等待 4.032764146555646 秒
2024-12-18 12:01:07 [INFO] Worker 7: 向下滑動: 251 像素，並等待 3.4195708313591746 秒
2024-12-18 12:01:07 [INFO] Worker 8: 向下滑動: 236 像素，並等待 4.126108108247932 秒
2024-12-18 12:01:07 [INFO] Worker 1: 向下滑動: 331 像素，並等待 3.1050463769264587 秒
2024-12-18 12:01:08 [INFO] Worker 3: 向下滑動: 265 像素，並等待 3.316679172381684 秒
2024-12-18 12:01:08 [INFO] Worker 5: 向下滑動: 321 像素，並等待 3.5056013092096636 秒
2024-12-18 12:01:09 [INFO] Worker 6: 向下滑動: 266 像素，並等待 4.831307891807572 秒
2024-12-18 12:01:09 [INFO] Worker 4: 向下滑動: 399 像素，並等待 3.2958738656177298 秒
2024-12-18 12:01:09 [INFO] Worker 2: 向下滑動: 352 像素，並等待 4.895612419057225 秒
2024-12-18 12:01:10 [INFO] Worker 7: 向下滑動: 280 像素，並等待 3.231468933485913 秒
2024-12-18 12:01:11 [INFO] Worker 8: 向下滑動: 356 像素，並等待 4.022282450717567 秒
2024-12-18 12:01:11 [INFO] Worker 1: 向下滑動: 315 像素，並等待 3.9301604901414104 秒
2024-12-18 12:01:12 [INFO] Worker 3: 向下滑動: 361 像素，並等待 3.935729768154563 秒
2024-12-18 12:01:12 [INFO] Worker 4: 向下滑動: 278 像素，並等待 3.596418543289828 秒
2024-12-18 12:01:13 [INFO] Worker 5: 向下滑動: 345 像素，並等待 4.468933925098007 秒
2024-12-18 12:01:14 [INFO] Worker 6: 向下滑動: 273 像素，並等待 4.680484485728088 秒
2024-12-18 12:01:14 [INFO] Worker 2: 向下滑動: 253 像素，並等待 4.491988129839924 秒
2024-12-18 12:01:14 [INFO] Worker 7: 向下滑動: 328 像素，並等待 4.277570126829575 秒
2024-12-18 12:01:15 [INFO] Worker 1: 向下滑動: 364 像素，並等待 4.09437255890304 秒
2024-12-18 12:01:15 [INFO] Worker 8: 向下滑動: 352 像素，並等待 4.324695472224589 秒
2024-12-18 12:01:15 [INFO] Worker 3: 向下滑動: 328 像素，並等待 3.6921437085299136 秒
2024-12-18 12:01:16 [INFO] Worker 4: 向下滑動: 344 像素，並等待 3.516265621717785 秒
2024-12-18 12:01:17 [INFO] Worker 5: 向下滑動: 246 像素，並等待 3.806402568064759 秒
2024-12-18 12:01:17 [INFO] Worker 2: 向下滑動: 306 像素，並等待 3.735720813442212 秒
2024-12-18 12:01:18 [INFO] Worker 7: 向下滑動: 201 像素，並等待 3.6213289555278605 秒
2024-12-18 12:01:18 [INFO] Worker 6: 向下滑動: 359 像素，並等待 4.621428371784899 秒
2024-12-18 12:01:19 [INFO] Worker 3: 向下滑動: 205 像素，並等待 3.6763557238530375 秒
2024-12-18 12:01:19 [INFO] Worker 8: 向下滑動: 278 像素，並等待 4.302097478895902 秒
2024-12-18 12:01:19 [INFO] Worker 4: 向下滑動: 268 像素，並等待 3.4857806978202213 秒
2024-12-18 12:01:19 [INFO] Worker 1: 向下滑動: 319 像素，並等待 4.572848759767455 秒
2024-12-18 12:01:21 [INFO] Worker 2: 向下滑動: 205 像素，並等待 3.1153151420706124 秒
2024-12-18 12:01:22 [INFO] Worker 5: 向下滑動: 392 像素，並等待 4.871350665922737 秒
2024-12-18 12:01:22 [INFO] Worker 6: 向下滑動: 238 像素，並等待 3.888361401940152 秒
2024-12-18 12:01:22 [INFO] Worker 7: 向下滑動: 322 像素，並等待 4.7573610591161986 秒
2024-12-18 12:01:23 [INFO] Worker 4: 向下滑動: 396 像素，並等待 3.5052266889545054 秒
2024-12-18 12:01:23 [INFO] Worker 1: 向下滑動: 329 像素，並等待 3.511500483229531 秒
2024-12-18 12:01:23 [INFO] Worker 3: 向下滑動: 298 像素，並等待 4.085110387545138 秒
2024-12-18 12:01:24 [INFO] Worker 8: 向下滑動: 240 像素，並等待 4.428833118015696 秒
2024-12-18 12:01:24 [INFO] Worker 2: 向下滑動: 272 像素，並等待 3.747986231244062 秒
2024-12-18 12:01:25 [INFO] Worker 6: 帳號 66935324825 的任務已結束
2024-12-18 12:01:25 [INFO] Worker 9: 開始處理帳號 66991704166
2024-12-18 12:01:26 [INFO] Worker 5: 向下滑動: 319 像素，並等待 4.055810888615351 秒
2024-12-18 12:01:26 [INFO] Worker 4: 向下滑動: 215 像素，並等待 3.0722860725709134 秒
2024-12-18 12:01:27 [INFO] Worker 7: 向下滑動: 238 像素，並等待 4.43922364578735 秒
2024-12-18 12:01:28 [INFO] Worker 1: 向下滑動: 266 像素，並等待 4.571509728830614 秒
2024-12-18 12:01:28 [INFO] Worker 8: 向下滑動: 339 像素，並等待 4.20891795722294 秒
2024-12-18 12:01:28 [INFO] Worker 3: 向下滑動: 318 像素，並等待 4.9190404755994575 秒
2024-12-18 12:01:29 [INFO] Worker 2: 向下滑動: 356 像素，並等待 4.840275894653928 秒
2024-12-18 12:01:30 [INFO] Worker 5: 向下滑動: 229 像素，並等待 4.327781659651084 秒
2024-12-18 12:01:30 [INFO] Worker 7: 向下滑動: 286 像素，並等待 3.0946142811969093 秒
2024-12-18 12:01:31 [INFO] Worker 4: 向下滑動: 248 像素，並等待 4.77362526159932 秒
2024-12-18 12:01:31 [INFO] Worker 1: 向下滑動: 318 像素，並等待 3.4000227818649345 秒
2024-12-18 12:01:31 [INFO] Worker 3: 向下滑動: 347 像素，並等待 3.2185253921131904 秒
2024-12-18 12:01:32 [INFO] Worker 8: 向下滑動: 400 像素，並等待 4.017947968336613 秒
2024-12-18 12:01:33 [INFO] Worker 2: 向下滑動: 248 像素，並等待 3.4968538031150134 秒
2024-12-18 12:01:33 [INFO] Worker 9: 代理 kamoney03.ddns.net:24009 設置成功
2024-12-18 12:01:35 [INFO] Worker 7: 向下滑動: 361 像素，並等待 4.475624556361332 秒
2024-12-18 12:01:35 [INFO] Worker 5: 向下滑動: 377 像素，並等待 4.638292122959461 秒
2024-12-18 12:01:35 [INFO] Worker 9: Cookies 已加載成功: cookies\66991704166_cookies.json
2024-12-18 12:01:35 [INFO] Worker 4: 向下滑動: 268 像素，並等待 3.866482133875894 秒
2024-12-18 12:01:36 [INFO] Worker 1: 向下滑動: 247 像素，並等待 4.550723688787578 秒
2024-12-18 12:01:36 [INFO] Worker 8: 向下滑動: 381 像素，並等待 3.6317831452665597 秒
2024-12-18 12:01:36 [INFO] Worker 3: 向下滑動: 315 像素，並等待 4.904174835655462 秒
2024-12-18 12:01:37 [INFO] Worker 2: 向下滑動: 332 像素，並等待 4.516434489481631 秒
2024-12-18 12:01:38 [INFO] Worker 4: 帳號 66637943259 的任務已結束
2024-12-18 12:01:38 [INFO] Worker 10: 開始處理帳號 66646155782
2024-12-18 12:01:38 [INFO] Worker 9: 帳號 66991704166 使用 cookies 成功登入
2024-12-18 12:01:38 [INFO] Worker 9: 登錄成功，開始處理帳號 66991704166 的操作...
2024-12-18 12:01:38 [INFO] Worker 9: 開始跳轉操作...
2024-12-18 12:01:38 [INFO] Worker 9: 正在開啟貼文: https://www.facebook.com/share/18QgQ2Y2dz/
2024-12-18 12:01:38 [INFO] Worker 7: 向下滑動: 278 像素，並等待 3.6774142182094005 秒
2024-12-18 12:01:39 [INFO] Worker 5: 向下滑動: 321 像素，並等待 4.528722802122537 秒
2024-12-18 12:01:39 [INFO] Worker 1: 向下滑動: 224 像素，並等待 3.793650806677782 秒
2024-12-18 12:01:40 [INFO] Worker 8: 向下滑動: 386 像素，並等待 4.212539719164804 秒
2024-12-18 12:01:40 [ERROR] Exception in thread
2024-12-18 12:01:40 [ERROR] TaskMonitor-navigate
2024-12-18 12:01:40 [ERROR] :
2024-12-18 12:01:40 [ERROR] Traceback (most recent call last):
2024-12-18 12:01:40 [ERROR] File "C:\Python312\Lib\site-packages\urllib3\connection.py", line 199, in _new_conn
2024-12-18 12:01:40 [ERROR] sock = connection.create_connection(
2024-12-18 12:01:40 [ERROR] ^
2024-12-18 12:01:40 [ERROR] ^
2024-12-18 12:01:40 [ERROR] ^
2024-12-18 12:01:40 [ERROR] ^
2024-12-18 12:01:40 [ERROR] ^
2024-12-18 12:01:40 [ERROR] ^
2024-12-18 12:01:40 [ERROR] ^
2024-12-18 12:01:40 [ERROR] ^
2024-12-18 12:01:40 [ERROR] ^
2024-12-18 12:01:40 [ERROR] ^
2024-12-18 12:01:40 [ERROR] ^
2024-12-18 12:01:40 [ERROR] ^
2024-12-18 12:01:40 [ERROR] ^
2024-12-18 12:01:40 [ERROR] ^
2024-12-18 12:01:40 [ERROR] ^
2024-12-18 12:01:40 [ERROR] ^
2024-12-18 12:01:40 [ERROR] ^
2024-12-18 12:01:40 [ERROR] ^
2024-12-18 12:01:40 [ERROR] ^
2024-12-18 12:01:40 [ERROR] ^
2024-12-18 12:01:40 [ERROR] ^
2024-12-18 12:01:40 [ERROR] ^
2024-12-18 12:01:40 [ERROR] ^
2024-12-18 12:01:40 [ERROR] ^
2024-12-18 12:01:40 [ERROR] ^
2024-12-18 12:01:40 [ERROR] ^
2024-12-18 12:01:40 [ERROR] ^
2024-12-18 12:01:40 [ERROR] ^
2024-12-18 12:01:40 [ERROR] ^
2024-12-18 12:01:40 [ERROR] File "C:\Python312\Lib\site-packages\urllib3\util\connection.py", line 85, in create_connection
2024-12-18 12:01:40 [ERROR] raise err
2024-12-18 12:01:40 [ERROR] File "C:\Python312\Lib\site-packages\urllib3\util\connection.py", line 73, in create_connection
2024-12-18 12:01:40 [ERROR] sock.connect(sa)
2024-12-18 12:01:40 [ERROR] ConnectionRefusedError
2024-12-18 12:01:40 [ERROR] :
2024-12-18 12:01:40 [ERROR] [WinError 10061] 無法連線，因為目標電腦拒絕連線。
2024-12-18 12:01:40 [ERROR] The above exception was the direct cause of the following exception:
2024-12-18 12:01:40 [ERROR] Traceback (most recent call last):
2024-12-18 12:01:40 [ERROR] File "C:\Python312\Lib\site-packages\urllib3\connectionpool.py", line 789, in urlopen
2024-12-18 12:01:40 [INFO] Worker 9 隨機停留 8 秒
2024-12-18 12:01:40 [ERROR] response = self._make_request(
2024-12-18 12:01:40 [ERROR] ^
2024-12-18 12:01:40 [ERROR] ^
2024-12-18 12:01:40 [ERROR] ^
2024-12-18 12:01:40 [ERROR] ^
2024-12-18 12:01:40 [ERROR] ^
2024-12-18 12:01:40 [ERROR] ^
2024-12-18 12:01:40 [ERROR] ^
2024-12-18 12:01:40 [ERROR] ^
2024-12-18 12:01:40 [ERROR] ^
2024-12-18 12:01:40 [ERROR] ^
2024-12-18 12:01:40 [ERROR] ^
2024-12-18 12:01:40 [ERROR] ^
2024-12-18 12:01:40 [ERROR] ^
2024-12-18 12:01:40 [ERROR] ^
2024-12-18 12:01:40 [ERROR] ^
2024-12-18 12:01:40 [ERROR] ^
2024-12-18 12:01:40 [ERROR] ^
2024-12-18 12:01:40 [ERROR] ^
2024-12-18 12:01:40 [ERROR] ^
2024-12-18 12:01:40 [ERROR] File "C:\Python312\Lib\site-packages\urllib3\connectionpool.py", line 495, in _make_request
2024-12-18 12:01:40 [ERROR] conn.request(
2024-12-18 12:01:40 [ERROR] File "C:\Python312\Lib\site-packages\urllib3\connection.py", line 441, in request
2024-12-18 12:01:40 [ERROR] self.endheaders()
2024-12-18 12:01:40 [ERROR] File "C:\Python312\Lib\http\client.py", line 1331, in endheaders
2024-12-18 12:01:40 [ERROR] self._send_output(message_body, encode_chunked=encode_chunked)
2024-12-18 12:01:40 [ERROR] File "C:\Python312\Lib\http\client.py", line 1091, in _send_output
2024-12-18 12:01:40 [ERROR] self.send(msg)
2024-12-18 12:01:40 [ERROR] File "C:\Python312\Lib\http\client.py", line 1035, in send
2024-12-18 12:01:40 [ERROR] self.connect()
2024-12-18 12:01:40 [ERROR] File "C:\Python312\Lib\site-packages\urllib3\connection.py", line 279, in connect
2024-12-18 12:01:40 [ERROR] self.sock = self._new_conn()
2024-12-18 12:01:40 [ERROR] ^
2024-12-18 12:01:40 [ERROR] ^
2024-12-18 12:01:40 [ERROR] ^
2024-12-18 12:01:40 [ERROR] ^
2024-12-18 12:01:40 [ERROR] ^
2024-12-18 12:01:40 [ERROR] ^
2024-12-18 12:01:40 [ERROR] ^
2024-12-18 12:01:40 [ERROR] ^
2024-12-18 12:01:40 [ERROR] ^
2024-12-18 12:01:40 [ERROR] ^
2024-12-18 12:01:40 [ERROR] ^
2024-12-18 12:01:40 [ERROR] ^
2024-12-18 12:01:40 [ERROR] ^
2024-12-18 12:01:40 [ERROR] ^
2024-12-18 12:01:40 [ERROR] ^
2024-12-18 12:01:40 [ERROR] ^
2024-12-18 12:01:40 [ERROR] File "C:\Python312\Lib\site-packages\urllib3\connection.py", line 214, in _new_conn
2024-12-18 12:01:40 [ERROR] raise NewConnectionError(
2024-12-18 12:01:40 [ERROR] urllib3.exceptions
2024-12-18 12:01:40 [ERROR] .
2024-12-18 12:01:40 [ERROR] NewConnectionError
2024-12-18 12:01:40 [ERROR] :
2024-12-18 12:01:40 [ERROR] <urllib3.connection.HTTPConnection object at 0x00000263C41E23F0>: Failed to establish a new connection: [WinError 10061] 無法連線，因為目標電腦拒絕連線。
2024-12-18 12:01:40 [ERROR] The above exception was the direct cause of the following exception:
2024-12-18 12:01:40 [ERROR] Traceback (most recent call last):
2024-12-18 12:01:40 [ERROR] File "C:\Python312\Lib\threading.py", line 1073, in _bootstrap_inner
2024-12-18 12:01:40 [ERROR] self.run()
2024-12-18 12:01:40 [ERROR] File "C:\Python312\Lib\threading.py", line 1010, in run
2024-12-18 12:01:40 [ERROR] self._target(*self._args, **self._kwargs)
2024-12-18 12:01:40 [ERROR] File "c:\Users\user\Desktop\SuChenAI\Factbook-RPA-clickurl\modules\task_monitor.py", line 29, in run
2024-12-18 12:01:40 [INFO] Worker 2: 向下滑動: 318 像素，並等待 3.0911712603099994 秒
2024-12-18 12:01:40 [ERROR] self.check_for_unexpected_behavior(task_id, status)  # 檢查是否有非預期行為
2024-12-18 12:01:40 [ERROR] ^
2024-12-18 12:01:40 [ERROR] ^
2024-12-18 12:01:40 [ERROR] ^
2024-12-18 12:01:40 [ERROR] ^
2024-12-18 12:01:40 [ERROR] ^
2024-12-18 12:01:40 [ERROR] ^
2024-12-18 12:01:40 [ERROR] ^
2024-12-18 12:01:40 [ERROR] ^
2024-12-18 12:01:40 [ERROR] ^
2024-12-18 12:01:40 [ERROR] ^
2024-12-18 12:01:40 [ERROR] ^
2024-12-18 12:01:40 [ERROR] ^
2024-12-18 12:01:40 [ERROR] ^
2024-12-18 12:01:40 [ERROR] ^
2024-12-18 12:01:40 [ERROR] ^
2024-12-18 12:01:40 [ERROR] ^
2024-12-18 12:01:40 [ERROR] ^
2024-12-18 12:01:40 [ERROR] ^
2024-12-18 12:01:40 [ERROR] ^
2024-12-18 12:01:40 [ERROR] ^
2024-12-18 12:01:40 [ERROR] ^
2024-12-18 12:01:40 [ERROR] ^
2024-12-18 12:01:40 [ERROR] ^
2024-12-18 12:01:40 [ERROR] ^
2024-12-18 12:01:40 [ERROR] ^
2024-12-18 12:01:40 [ERROR] ^
2024-12-18 12:01:40 [ERROR] ^
2024-12-18 12:01:40 [ERROR] ^
2024-12-18 12:01:40 [ERROR] ^
2024-12-18 12:01:40 [ERROR] ^
2024-12-18 12:01:40 [ERROR] ^
2024-12-18 12:01:40 [ERROR] ^
2024-12-18 12:01:40 [ERROR] ^
2024-12-18 12:01:40 [ERROR] ^
2024-12-18 12:01:40 [ERROR] ^
2024-12-18 12:01:40 [ERROR] ^
2024-12-18 12:01:40 [ERROR] ^
2024-12-18 12:01:40 [ERROR] ^
2024-12-18 12:01:40 [ERROR] ^
2024-12-18 12:01:40 [ERROR] ^
2024-12-18 12:01:40 [ERROR] ^
2024-12-18 12:01:40 [ERROR] ^
2024-12-18 12:01:40 [ERROR] ^
2024-12-18 12:01:40 [ERROR] ^
2024-12-18 12:01:40 [ERROR] ^
2024-12-18 12:01:40 [ERROR] ^
2024-12-18 12:01:40 [ERROR] ^
2024-12-18 12:01:40 [ERROR] ^
2024-12-18 12:01:40 [ERROR] ^
2024-12-18 12:01:40 [ERROR] ^
2024-12-18 12:01:40 [ERROR] ^
2024-12-18 12:01:40 [ERROR] File "c:\Users\user\Desktop\SuChenAI\Factbook-RPA-clickurl\modules\task_monitor.py", line 80, in check_for_unexpected_behavior
2024-12-18 12:01:40 [ERROR] WebDriverWait(driver, 0.01).until(
2024-12-18 12:01:40 [ERROR] File "C:\Python312\Lib\site-packages\selenium\webdriver\support\wait.py", line 96, in until
2024-12-18 12:01:40 [ERROR] value = method(self._driver)
2024-12-18 12:01:40 [ERROR] ^
2024-12-18 12:01:40 [ERROR] ^
2024-12-18 12:01:40 [ERROR] ^
2024-12-18 12:01:40 [ERROR] ^
2024-12-18 12:01:40 [ERROR] ^
2024-12-18 12:01:40 [ERROR] ^
2024-12-18 12:01:40 [ERROR] ^
2024-12-18 12:01:40 [ERROR] ^
2024-12-18 12:01:40 [ERROR] ^
2024-12-18 12:01:40 [ERROR] ^
2024-12-18 12:01:40 [ERROR] ^
2024-12-18 12:01:40 [ERROR] ^
2024-12-18 12:01:40 [ERROR] ^
2024-12-18 12:01:40 [ERROR] ^
2024-12-18 12:01:40 [ERROR] ^
2024-12-18 12:01:40 [ERROR] ^
2024-12-18 12:01:40 [ERROR] ^
2024-12-18 12:01:40 [ERROR] ^
2024-12-18 12:01:40 [ERROR] ^
2024-12-18 12:01:40 [ERROR] ^
2024-12-18 12:01:40 [ERROR] File "C:\Python312\Lib\site-packages\selenium\webdriver\support\expected_conditions.py", line 84, in _predicate
2024-12-18 12:01:40 [ERROR] return driver.find_element(*locator)
2024-12-18 12:01:40 [ERROR] ^
2024-12-18 12:01:40 [ERROR] ^
2024-12-18 12:01:40 [ERROR] ^
2024-12-18 12:01:40 [ERROR] ^
2024-12-18 12:01:40 [ERROR] ^
2024-12-18 12:01:40 [ERROR] ^
2024-12-18 12:01:40 [ERROR] ^
2024-12-18 12:01:40 [ERROR] ^
2024-12-18 12:01:40 [ERROR] ^
2024-12-18 12:01:40 [ERROR] ^
2024-12-18 12:01:40 [ERROR] ^
2024-12-18 12:01:40 [ERROR] ^
2024-12-18 12:01:40 [ERROR] ^
2024-12-18 12:01:40 [ERROR] ^
2024-12-18 12:01:40 [ERROR] ^
2024-12-18 12:01:40 [ERROR] ^
2024-12-18 12:01:40 [ERROR] ^
2024-12-18 12:01:40 [ERROR] ^
2024-12-18 12:01:40 [ERROR] ^
2024-12-18 12:01:40 [ERROR] ^
2024-12-18 12:01:40 [ERROR] ^
2024-12-18 12:01:40 [ERROR] ^
2024-12-18 12:01:40 [ERROR] ^
2024-12-18 12:01:40 [ERROR] ^
2024-12-18 12:01:40 [ERROR] ^
2024-12-18 12:01:40 [ERROR] ^
2024-12-18 12:01:40 [ERROR] ^
2024-12-18 12:01:40 [ERROR] ^
2024-12-18 12:01:40 [ERROR] ^
2024-12-18 12:01:40 [ERROR] File "C:\Python312\Lib\site-packages\selenium\webdriver\remote\webdriver.py", line 770, in find_element
2024-12-18 12:01:41 [ERROR] return self.execute(Command.FIND_ELEMENT, {"using": by, "value": value})["value"]
2024-12-18 12:01:41 [ERROR] ^
2024-12-18 12:01:41 [ERROR] ^
2024-12-18 12:01:41 [ERROR] ^
2024-12-18 12:01:41 [ERROR] ^
2024-12-18 12:01:41 [ERROR] ^
2024-12-18 12:01:41 [ERROR] ^
2024-12-18 12:01:41 [ERROR] ^
2024-12-18 12:01:41 [ERROR] ^
2024-12-18 12:01:41 [ERROR] ^
2024-12-18 12:01:41 [ERROR] ^
2024-12-18 12:01:41 [ERROR] ^
2024-12-18 12:01:41 [ERROR] ^
2024-12-18 12:01:41 [ERROR] ^
2024-12-18 12:01:41 [ERROR] ^
2024-12-18 12:01:41 [ERROR] ^
2024-12-18 12:01:41 [ERROR] ^
2024-12-18 12:01:41 [ERROR] ^
2024-12-18 12:01:41 [ERROR] ^
2024-12-18 12:01:41 [ERROR] ^
2024-12-18 12:01:41 [ERROR] ^
2024-12-18 12:01:41 [ERROR] ^
2024-12-18 12:01:41 [ERROR] ^
2024-12-18 12:01:41 [ERROR] ^
2024-12-18 12:01:41 [ERROR] ^
2024-12-18 12:01:41 [ERROR] ^
2024-12-18 12:01:41 [ERROR] ^
2024-12-18 12:01:41 [ERROR] ^
2024-12-18 12:01:41 [ERROR] ^
2024-12-18 12:01:41 [ERROR] ^
2024-12-18 12:01:41 [ERROR] ^
2024-12-18 12:01:41 [ERROR] ^
2024-12-18 12:01:41 [ERROR] ^
2024-12-18 12:01:41 [ERROR] ^
2024-12-18 12:01:41 [ERROR] ^
2024-12-18 12:01:41 [ERROR] ^
2024-12-18 12:01:41 [ERROR] ^
2024-12-18 12:01:41 [ERROR] ^
2024-12-18 12:01:41 [ERROR] ^
2024-12-18 12:01:41 [ERROR] ^
2024-12-18 12:01:41 [ERROR] ^
2024-12-18 12:01:41 [ERROR] ^
2024-12-18 12:01:41 [ERROR] ^
2024-12-18 12:01:41 [ERROR] ^
2024-12-18 12:01:41 [ERROR] ^
2024-12-18 12:01:41 [ERROR] ^
2024-12-18 12:01:41 [ERROR] ^
2024-12-18 12:01:41 [ERROR] ^
2024-12-18 12:01:41 [ERROR] ^
2024-12-18 12:01:41 [ERROR] ^
2024-12-18 12:01:41 [ERROR] ^
2024-12-18 12:01:41 [ERROR] ^
2024-12-18 12:01:41 [ERROR] ^
2024-12-18 12:01:41 [ERROR] ^
2024-12-18 12:01:41 [ERROR] ^
2024-12-18 12:01:41 [ERROR] ^
2024-12-18 12:01:41 [ERROR] ^
2024-12-18 12:01:41 [ERROR] ^
2024-12-18 12:01:41 [ERROR] ^
2024-12-18 12:01:41 [ERROR] ^
2024-12-18 12:01:41 [ERROR] ^
2024-12-18 12:01:41 [ERROR] ^
2024-12-18 12:01:41 [ERROR] ^
2024-12-18 12:01:41 [ERROR] ^
2024-12-18 12:01:41 [ERROR] ^
2024-12-18 12:01:41 [ERROR] ^
2024-12-18 12:01:41 [ERROR] File "C:\Python312\Lib\site-packages\selenium\webdriver\remote\webdriver.py", line 382, in execute
2024-12-18 12:01:41 [ERROR] response = self.command_executor.execute(driver_command, params)
2024-12-18 12:01:41 [ERROR] ^
2024-12-18 12:01:41 [ERROR] ^
2024-12-18 12:01:41 [ERROR] ^
2024-12-18 12:01:41 [ERROR] ^
2024-12-18 12:01:41 [ERROR] ^
2024-12-18 12:01:41 [ERROR] ^
2024-12-18 12:01:41 [ERROR] ^
2024-12-18 12:01:41 [ERROR] ^
2024-12-18 12:01:41 [ERROR] ^
2024-12-18 12:01:41 [ERROR] ^
2024-12-18 12:01:41 [ERROR] ^
2024-12-18 12:01:41 [ERROR] ^
2024-12-18 12:01:41 [ERROR] ^
2024-12-18 12:01:41 [ERROR] ^
2024-12-18 12:01:41 [ERROR] ^
2024-12-18 12:01:41 [ERROR] ^
2024-12-18 12:01:41 [ERROR] ^
2024-12-18 12:01:41 [ERROR] ^
2024-12-18 12:01:41 [ERROR] ^
2024-12-18 12:01:41 [ERROR] ^
2024-12-18 12:01:41 [ERROR] ^
2024-12-18 12:01:41 [ERROR] ^
2024-12-18 12:01:41 [ERROR] ^
2024-12-18 12:01:41 [ERROR] ^
2024-12-18 12:01:41 [ERROR] ^
2024-12-18 12:01:41 [ERROR] ^
2024-12-18 12:01:41 [ERROR] ^
2024-12-18 12:01:41 [ERROR] ^
2024-12-18 12:01:41 [ERROR] ^
2024-12-18 12:01:41 [ERROR] ^
2024-12-18 12:01:41 [ERROR] ^
2024-12-18 12:01:41 [ERROR] ^
2024-12-18 12:01:41 [ERROR] ^
2024-12-18 12:01:41 [ERROR] ^
2024-12-18 12:01:41 [ERROR] ^
2024-12-18 12:01:41 [ERROR] ^
2024-12-18 12:01:41 [ERROR] ^
2024-12-18 12:01:41 [ERROR] ^
2024-12-18 12:01:41 [ERROR] ^
2024-12-18 12:01:41 [ERROR] ^
2024-12-18 12:01:41 [ERROR] ^
2024-12-18 12:01:41 [ERROR] ^
2024-12-18 12:01:41 [ERROR] ^
2024-12-18 12:01:41 [ERROR] ^
2024-12-18 12:01:41 [ERROR] ^
2024-12-18 12:01:41 [ERROR] ^
2024-12-18 12:01:41 [ERROR] ^
2024-12-18 12:01:41 [ERROR] ^
2024-12-18 12:01:41 [ERROR] ^
2024-12-18 12:01:41 [ERROR] ^
2024-12-18 12:01:41 [ERROR] ^
2024-12-18 12:01:41 [ERROR] ^
2024-12-18 12:01:41 [ERROR] ^
2024-12-18 12:01:41 [ERROR] File "C:\Python312\Lib\site-packages\selenium\webdriver\remote\remote_connection.py", line 404, in execute
2024-12-18 12:01:41 [ERROR] return self._request(command_info[0], url, body=data)
2024-12-18 12:01:41 [ERROR] ^
2024-12-18 12:01:41 [ERROR] ^
2024-12-18 12:01:41 [ERROR] ^
2024-12-18 12:01:41 [ERROR] ^
2024-12-18 12:01:41 [ERROR] ^
2024-12-18 12:01:41 [ERROR] ^
2024-12-18 12:01:41 [ERROR] ^
2024-12-18 12:01:41 [ERROR] ^
2024-12-18 12:01:41 [ERROR] ^
2024-12-18 12:01:41 [ERROR] ^
2024-12-18 12:01:41 [ERROR] ^
2024-12-18 12:01:41 [ERROR] ^
2024-12-18 12:01:41 [ERROR] ^
2024-12-18 12:01:41 [ERROR] ^
2024-12-18 12:01:41 [ERROR] ^
2024-12-18 12:01:41 [ERROR] ^
2024-12-18 12:01:41 [ERROR] ^
2024-12-18 12:01:41 [ERROR] ^
2024-12-18 12:01:41 [ERROR] ^
2024-12-18 12:01:41 [ERROR] ^
2024-12-18 12:01:41 [ERROR] ^
2024-12-18 12:01:41 [ERROR] ^
2024-12-18 12:01:41 [ERROR] ^
2024-12-18 12:01:41 [ERROR] ^
2024-12-18 12:01:41 [ERROR] ^
2024-12-18 12:01:41 [ERROR] ^
2024-12-18 12:01:41 [ERROR] ^
2024-12-18 12:01:41 [ERROR] ^
2024-12-18 12:01:41 [ERROR] ^
2024-12-18 12:01:41 [ERROR] ^
2024-12-18 12:01:41 [ERROR] ^
2024-12-18 12:01:41 [ERROR] ^
2024-12-18 12:01:41 [ERROR] ^
2024-12-18 12:01:41 [ERROR] ^
2024-12-18 12:01:41 [ERROR] ^
2024-12-18 12:01:41 [ERROR] ^
2024-12-18 12:01:41 [ERROR] ^
2024-12-18 12:01:41 [ERROR] ^
2024-12-18 12:01:41 [ERROR] ^
2024-12-18 12:01:41 [ERROR] ^
2024-12-18 12:01:41 [ERROR] ^
2024-12-18 12:01:41 [ERROR] ^
2024-12-18 12:01:41 [ERROR] ^
2024-12-18 12:01:41 [ERROR] ^
2024-12-18 12:01:41 [ERROR] ^
2024-12-18 12:01:41 [ERROR] ^
2024-12-18 12:01:41 [ERROR] File "C:\Python312\Lib\site-packages\selenium\webdriver\remote\remote_connection.py", line 428, in _request
2024-12-18 12:01:41 [ERROR] response = self._conn.request(method, url, body=body, headers=headers, timeout=self._client_config.timeout)
2024-12-18 12:01:41 [ERROR] ^
2024-12-18 12:01:41 [ERROR] ^
2024-12-18 12:01:41 [ERROR] ^
2024-12-18 12:01:41 [ERROR] ^
2024-12-18 12:01:41 [ERROR] ^
2024-12-18 12:01:41 [ERROR] ^
2024-12-18 12:01:41 [ERROR] ^
2024-12-18 12:01:41 [ERROR] ^
2024-12-18 12:01:41 [ERROR] ^
2024-12-18 12:01:41 [ERROR] ^
2024-12-18 12:01:41 [ERROR] ^
2024-12-18 12:01:41 [ERROR] ^
2024-12-18 12:01:41 [ERROR] ^
2024-12-18 12:01:41 [ERROR] ^
2024-12-18 12:01:41 [ERROR] ^
2024-12-18 12:01:41 [ERROR] ^
2024-12-18 12:01:41 [ERROR] ^
2024-12-18 12:01:41 [ERROR] ^
2024-12-18 12:01:41 [ERROR] ^
2024-12-18 12:01:41 [ERROR] ^
2024-12-18 12:01:41 [ERROR] ^
2024-12-18 12:01:41 [ERROR] ^
2024-12-18 12:01:41 [ERROR] ^
2024-12-18 12:01:41 [ERROR] ^
2024-12-18 12:01:41 [ERROR] ^
2024-12-18 12:01:41 [ERROR] ^
2024-12-18 12:01:41 [ERROR] ^
2024-12-18 12:01:41 [ERROR] ^
2024-12-18 12:01:41 [ERROR] ^
2024-12-18 12:01:41 [ERROR] ^
2024-12-18 12:01:41 [ERROR] ^
2024-12-18 12:01:41 [ERROR] ^
2024-12-18 12:01:41 [ERROR] ^
2024-12-18 12:01:41 [ERROR] ^
2024-12-18 12:01:41 [ERROR] ^
2024-12-18 12:01:41 [ERROR] ^
2024-12-18 12:01:41 [ERROR] ^
2024-12-18 12:01:41 [ERROR] ^
2024-12-18 12:01:41 [ERROR] ^
2024-12-18 12:01:41 [ERROR] ^
2024-12-18 12:01:41 [ERROR] ^
2024-12-18 12:01:41 [ERROR] ^
2024-12-18 12:01:41 [ERROR] ^
2024-12-18 12:01:41 [ERROR] ^
2024-12-18 12:01:41 [ERROR] ^
2024-12-18 12:01:41 [ERROR] ^
2024-12-18 12:01:41 [ERROR] ^
2024-12-18 12:01:41 [ERROR] ^
2024-12-18 12:01:41 [ERROR] ^
2024-12-18 12:01:41 [ERROR] ^
2024-12-18 12:01:41 [ERROR] ^
2024-12-18 12:01:41 [ERROR] ^
2024-12-18 12:01:41 [ERROR] ^
2024-12-18 12:01:41 [ERROR] ^
2024-12-18 12:01:41 [ERROR] ^
2024-12-18 12:01:41 [ERROR] ^
2024-12-18 12:01:41 [ERROR] ^
2024-12-18 12:01:41 [ERROR] ^
2024-12-18 12:01:41 [ERROR] ^
2024-12-18 12:01:41 [ERROR] ^
2024-12-18 12:01:41 [ERROR] ^
2024-12-18 12:01:41 [ERROR] ^
2024-12-18 12:01:41 [ERROR] ^
2024-12-18 12:01:41 [ERROR] ^
2024-12-18 12:01:41 [ERROR] ^
2024-12-18 12:01:41 [ERROR] ^
2024-12-18 12:01:41 [ERROR] ^
2024-12-18 12:01:41 [ERROR] ^
2024-12-18 12:01:41 [ERROR] ^
2024-12-18 12:01:41 [ERROR] ^
2024-12-18 12:01:41 [ERROR] ^
2024-12-18 12:01:41 [ERROR] ^
2024-12-18 12:01:41 [ERROR] ^
2024-12-18 12:01:41 [ERROR] ^
2024-12-18 12:01:41 [ERROR] ^
2024-12-18 12:01:41 [ERROR] ^
2024-12-18 12:01:41 [ERROR] ^
2024-12-18 12:01:41 [ERROR] ^
2024-12-18 12:01:41 [ERROR] ^
2024-12-18 12:01:41 [ERROR] ^
2024-12-18 12:01:41 [ERROR] ^
2024-12-18 12:01:41 [ERROR] ^
2024-12-18 12:01:41 [ERROR] ^
2024-12-18 12:01:41 [ERROR] ^
2024-12-18 12:01:41 [ERROR] ^
2024-12-18 12:01:41 [ERROR] ^
2024-12-18 12:01:41 [ERROR] ^
2024-12-18 12:01:41 [ERROR] ^
2024-12-18 12:01:41 [ERROR] ^
2024-12-18 12:01:41 [ERROR] ^
2024-12-18 12:01:41 [ERROR] ^
2024-12-18 12:01:41 [ERROR] ^
2024-12-18 12:01:41 [ERROR] ^
2024-12-18 12:01:41 [ERROR] ^
2024-12-18 12:01:41 [ERROR] ^
2024-12-18 12:01:41 [ERROR] ^
2024-12-18 12:01:41 [ERROR] File "C:\Python312\Lib\site-packages\urllib3\_request_methods.py", line 143, in request
2024-12-18 12:01:41 [ERROR] return self.request_encode_body(
2024-12-18 12:01:41 [ERROR] ^
2024-12-18 12:01:41 [ERROR] ^
2024-12-18 12:01:41 [ERROR] ^
2024-12-18 12:01:41 [ERROR] ^
2024-12-18 12:01:41 [ERROR] ^
2024-12-18 12:01:41 [ERROR] ^
2024-12-18 12:01:41 [ERROR] ^
2024-12-18 12:01:41 [ERROR] ^
2024-12-18 12:01:41 [ERROR] ^
2024-12-18 12:01:41 [ERROR] ^
2024-12-18 12:01:41 [ERROR] ^
2024-12-18 12:01:41 [ERROR] ^
2024-12-18 12:01:41 [ERROR] ^
2024-12-18 12:01:41 [ERROR] ^
2024-12-18 12:01:41 [ERROR] ^
2024-12-18 12:01:41 [ERROR] ^
2024-12-18 12:01:41 [ERROR] ^
2024-12-18 12:01:41 [ERROR] ^
2024-12-18 12:01:41 [ERROR] ^
2024-12-18 12:01:41 [ERROR] ^
2024-12-18 12:01:41 [ERROR] ^
2024-12-18 12:01:41 [ERROR] ^
2024-12-18 12:01:41 [ERROR] ^
2024-12-18 12:01:41 [ERROR] ^
2024-12-18 12:01:41 [ERROR] ^
2024-12-18 12:01:41 [ERROR] File "C:\Python312\Lib\site-packages\urllib3\_request_methods.py", line 278, in request_encode_body
2024-12-18 12:01:41 [ERROR] return self.urlopen(method, url, **extra_kw)
2024-12-18 12:01:41 [ERROR] ^
2024-12-18 12:01:41 [ERROR] ^
2024-12-18 12:01:41 [ERROR] ^
2024-12-18 12:01:41 [ERROR] ^
2024-12-18 12:01:41 [ERROR] ^
2024-12-18 12:01:41 [ERROR] ^
2024-12-18 12:01:41 [ERROR] ^
2024-12-18 12:01:41 [ERROR] ^
2024-12-18 12:01:41 [ERROR] ^
2024-12-18 12:01:41 [ERROR] ^
2024-12-18 12:01:41 [ERROR] ^
2024-12-18 12:01:41 [ERROR] ^
2024-12-18 12:01:41 [ERROR] ^
2024-12-18 12:01:41 [ERROR] ^
2024-12-18 12:01:41 [ERROR] ^
2024-12-18 12:01:41 [ERROR] ^
2024-12-18 12:01:41 [ERROR] ^
2024-12-18 12:01:41 [ERROR] ^
2024-12-18 12:01:41 [ERROR] ^
2024-12-18 12:01:41 [ERROR] ^
2024-12-18 12:01:41 [ERROR] ^
2024-12-18 12:01:41 [ERROR] ^
2024-12-18 12:01:41 [ERROR] ^
2024-12-18 12:01:41 [ERROR] ^
2024-12-18 12:01:41 [ERROR] ^
2024-12-18 12:01:41 [ERROR] ^
2024-12-18 12:01:41 [ERROR] ^
2024-12-18 12:01:41 [ERROR] ^
2024-12-18 12:01:41 [ERROR] ^
2024-12-18 12:01:41 [ERROR] ^
2024-12-18 12:01:41 [ERROR] ^
2024-12-18 12:01:41 [ERROR] ^
2024-12-18 12:01:41 [ERROR] ^
2024-12-18 12:01:41 [ERROR] ^
2024-12-18 12:01:41 [ERROR] ^
2024-12-18 12:01:41 [ERROR] ^
2024-12-18 12:01:41 [ERROR] ^
2024-12-18 12:01:41 [ERROR] File "C:\Python312\Lib\site-packages\urllib3\poolmanager.py", line 443, in urlopen
2024-12-18 12:01:41 [ERROR] response = conn.urlopen(method, u.request_uri, **kw)
2024-12-18 12:01:41 [ERROR] ^
2024-12-18 12:01:41 [ERROR] ^
2024-12-18 12:01:41 [ERROR] ^
2024-12-18 12:01:41 [ERROR] ^
2024-12-18 12:01:41 [ERROR] ^
2024-12-18 12:01:41 [ERROR] ^
2024-12-18 12:01:41 [ERROR] ^
2024-12-18 12:01:41 [ERROR] ^
2024-12-18 12:01:41 [ERROR] ^
2024-12-18 12:01:41 [ERROR] ^
2024-12-18 12:01:41 [ERROR] ^
2024-12-18 12:01:41 [ERROR] ^
2024-12-18 12:01:41 [ERROR] ^
2024-12-18 12:01:41 [ERROR] ^
2024-12-18 12:01:41 [ERROR] ^
2024-12-18 12:01:41 [ERROR] ^
2024-12-18 12:01:41 [ERROR] ^
2024-12-18 12:01:41 [ERROR] ^
2024-12-18 12:01:41 [ERROR] ^
2024-12-18 12:01:41 [ERROR] ^
2024-12-18 12:01:41 [ERROR] ^
2024-12-18 12:01:41 [ERROR] ^
2024-12-18 12:01:41 [ERROR] ^
2024-12-18 12:01:41 [ERROR] ^
2024-12-18 12:01:41 [ERROR] ^
2024-12-18 12:01:41 [ERROR] ^
2024-12-18 12:01:41 [ERROR] ^
2024-12-18 12:01:41 [ERROR] ^
2024-12-18 12:01:41 [ERROR] ^
2024-12-18 12:01:41 [ERROR] ^
2024-12-18 12:01:41 [ERROR] ^
2024-12-18 12:01:41 [ERROR] ^
2024-12-18 12:01:41 [ERROR] ^
2024-12-18 12:01:41 [ERROR] ^
2024-12-18 12:01:41 [ERROR] ^
2024-12-18 12:01:41 [ERROR] ^
2024-12-18 12:01:41 [ERROR] ^
2024-12-18 12:01:41 [ERROR] ^
2024-12-18 12:01:41 [ERROR] ^
2024-12-18 12:01:41 [ERROR] ^
2024-12-18 12:01:41 [ERROR] ^
2024-12-18 12:01:41 [ERROR] File "C:\Python312\Lib\site-packages\urllib3\connectionpool.py", line 873, in urlopen
2024-12-18 12:01:41 [ERROR] return self.urlopen(
2024-12-18 12:01:41 [ERROR] ^
2024-12-18 12:01:41 [ERROR] ^
2024-12-18 12:01:41 [ERROR] ^
2024-12-18 12:01:41 [ERROR] ^
2024-12-18 12:01:41 [ERROR] ^
2024-12-18 12:01:41 [ERROR] ^
2024-12-18 12:01:41 [ERROR] ^
2024-12-18 12:01:41 [ERROR] ^
2024-12-18 12:01:41 [ERROR] ^
2024-12-18 12:01:41 [ERROR] ^
2024-12-18 12:01:41 [ERROR] ^
2024-12-18 12:01:41 [ERROR] ^
2024-12-18 12:01:41 [ERROR] ^
2024-12-18 12:01:41 [ERROR] File "C:\Python312\Lib\site-packages\urllib3\connectionpool.py", line 873, in urlopen
2024-12-18 12:01:41 [ERROR] return self.urlopen(
2024-12-18 12:01:41 [ERROR] ^
2024-12-18 12:01:41 [INFO] Worker 3: 向下滑動: 334 像素，並等待 4.921266204459642 秒
2024-12-18 12:01:41 [ERROR] ^
2024-12-18 12:01:41 [ERROR] ^
2024-12-18 12:01:41 [ERROR] ^
2024-12-18 12:01:41 [ERROR] ^
2024-12-18 12:01:41 [ERROR] ^
2024-12-18 12:01:41 [ERROR] ^
2024-12-18 12:01:41 [ERROR] ^
2024-12-18 12:01:41 [ERROR] ^
2024-12-18 12:01:41 [ERROR] ^
2024-12-18 12:01:41 [ERROR] ^
2024-12-18 12:01:41 [ERROR] ^
2024-12-18 12:01:41 [ERROR] ^
2024-12-18 12:01:41 [ERROR] File "C:\Python312\Lib\site-packages\urllib3\connectionpool.py", line 873, in urlopen
2024-12-18 12:01:41 [ERROR] return self.urlopen(
2024-12-18 12:01:41 [ERROR] ^
2024-12-18 12:01:41 [ERROR] ^
2024-12-18 12:01:41 [ERROR] ^
2024-12-18 12:01:41 [ERROR] ^
2024-12-18 12:01:41 [ERROR] ^
2024-12-18 12:01:41 [ERROR] ^
2024-12-18 12:01:41 [ERROR] ^
2024-12-18 12:01:41 [ERROR] ^
2024-12-18 12:01:41 [ERROR] ^
2024-12-18 12:01:41 [ERROR] ^
2024-12-18 12:01:41 [ERROR] ^
2024-12-18 12:01:41 [ERROR] ^
2024-12-18 12:01:41 [ERROR] ^
2024-12-18 12:01:41 [ERROR] File "C:\Python312\Lib\site-packages\urllib3\connectionpool.py", line 843, in urlopen
2024-12-18 12:01:41 [ERROR] retries = retries.increment(
2024-12-18 12:01:41 [ERROR] ^
2024-12-18 12:01:41 [ERROR] ^
2024-12-18 12:01:41 [ERROR] ^
2024-12-18 12:01:41 [ERROR] ^
2024-12-18 12:01:41 [ERROR] ^
2024-12-18 12:01:41 [ERROR] ^
2024-12-18 12:01:41 [ERROR] ^
2024-12-18 12:01:41 [ERROR] ^
2024-12-18 12:01:41 [ERROR] ^
2024-12-18 12:01:41 [ERROR] ^
2024-12-18 12:01:41 [ERROR] ^
2024-12-18 12:01:41 [ERROR] ^
2024-12-18 12:01:41 [ERROR] ^
2024-12-18 12:01:41 [ERROR] ^
2024-12-18 12:01:41 [ERROR] ^
2024-12-18 12:01:41 [ERROR] ^
2024-12-18 12:01:41 [ERROR] ^
2024-12-18 12:01:41 [ERROR] ^
2024-12-18 12:01:41 [ERROR] File "C:\Python312\Lib\site-packages\urllib3\util\retry.py", line 519, in increment
2024-12-18 12:01:41 [ERROR] raise MaxRetryError(_pool, url, reason) from reason  # type: ignore[arg-type]
2024-12-18 12:01:41 [ERROR] ^
2024-12-18 12:01:41 [ERROR] ^
2024-12-18 12:01:41 [ERROR] ^
2024-12-18 12:01:41 [ERROR] ^
2024-12-18 12:01:41 [ERROR] ^
2024-12-18 12:01:41 [ERROR] ^
2024-12-18 12:01:41 [ERROR] ^
2024-12-18 12:01:41 [ERROR] ^
2024-12-18 12:01:41 [ERROR] ^
2024-12-18 12:01:41 [ERROR] ^
2024-12-18 12:01:41 [ERROR] ^
2024-12-18 12:01:41 [ERROR] ^
2024-12-18 12:01:41 [ERROR] ^
2024-12-18 12:01:41 [ERROR] ^
2024-12-18 12:01:41 [ERROR] ^
2024-12-18 12:01:41 [ERROR] ^
2024-12-18 12:01:41 [ERROR] ^
2024-12-18 12:01:41 [ERROR] ^
2024-12-18 12:01:41 [ERROR] ^
2024-12-18 12:01:41 [ERROR] ^
2024-12-18 12:01:41 [ERROR] ^
2024-12-18 12:01:41 [ERROR] ^
2024-12-18 12:01:41 [ERROR] ^
2024-12-18 12:01:41 [ERROR] ^
2024-12-18 12:01:41 [ERROR] ^
2024-12-18 12:01:41 [ERROR] ^
2024-12-18 12:01:41 [ERROR] ^
2024-12-18 12:01:41 [ERROR] ^
2024-12-18 12:01:41 [ERROR] ^
2024-12-18 12:01:41 [ERROR] ^
2024-12-18 12:01:41 [ERROR] ^
2024-12-18 12:01:41 [ERROR] ^
2024-12-18 12:01:41 [ERROR] ^
2024-12-18 12:01:41 [ERROR] ^
2024-12-18 12:01:41 [ERROR] ^
2024-12-18 12:01:41 [ERROR] ^
2024-12-18 12:01:41 [ERROR] ^
2024-12-18 12:01:41 [ERROR] ^
2024-12-18 12:01:41 [ERROR] ^
2024-12-18 12:01:41 [ERROR] ^
2024-12-18 12:01:41 [ERROR] ^
2024-12-18 12:01:41 [ERROR] ^
2024-12-18 12:01:41 [ERROR] ^
2024-12-18 12:01:41 [ERROR] ^
2024-12-18 12:01:41 [ERROR] ^
2024-12-18 12:01:41 [ERROR] ^
2024-12-18 12:01:41 [ERROR] ^
2024-12-18 12:01:41 [ERROR] ^
2024-12-18 12:01:41 [ERROR] ^
2024-12-18 12:01:41 [ERROR] ^
2024-12-18 12:01:41 [ERROR] ^
2024-12-18 12:01:41 [ERROR] urllib3.exceptions
2024-12-18 12:01:41 [ERROR] .
2024-12-18 12:01:41 [ERROR] MaxRetryError
2024-12-18 12:01:41 [ERROR] :
2024-12-18 12:01:41 [ERROR] HTTPConnectionPool(host='localhost', port=60771): Max retries exceeded with url: /session/ba0bcc31-99fd-4b4d-9be0-def3f6512959/element (Caused by NewConnectionError('<urllib3.connection.HTTPConnection object at 0x00000263C41E23F0>: Failed to establish a new connection: [WinError 10061] 無法連線，因為目標電腦拒絕連線。'))
2024-12-18 12:01:42 [INFO] Worker 7: 向下滑動: 237 像素，並等待 3.399807772710572 秒
2024-12-18 12:01:42 [INFO] Worker 5: 向下滑動: 241 像素，並等待 3.023499258954831 秒
2024-12-18 12:01:43 [INFO] Worker 8: 向下滑動: 213 像素，並等待 3.003136266909512 秒
2024-12-18 12:01:43 [INFO] Worker 1: 向下滑動: 322 像素，並等待 4.127753958406592 秒
2024-12-18 12:01:45 [INFO] Worker 2: 向下滑動: 336 像素，並等待 4.362162629871074 秒
2024-12-18 12:01:46 [INFO] Worker 7: 向下滑動: 306 像素，並等待 4.029939242488478 秒
2024-12-18 12:01:46 [INFO] Worker 3: 向下滑動: 238 像素，並等待 4.930203374785041 秒
2024-12-18 12:01:47 [INFO] Worker 5: 向下滑動: 212 像素，並等待 4.463409130051306 秒
2024-12-18 12:01:47 [INFO] Worker 8: 向下滑動: 368 像素，並等待 4.225257946610236 秒
2024-12-18 12:01:48 [INFO] Worker 10: 代理 kamoney03.ddns.net:24010 設置成功
2024-12-18 12:01:48 [INFO] Worker 9: 貼文已按過讚，無需重複操作
2024-12-18 12:01:48 [INFO] Worker 9 按讚後隨機停留 4 秒
2024-12-18 12:01:48 [INFO] Worker 1: 向下滑動: 250 像素，並等待 4.766198337452891 秒
2024-12-18 12:01:48 [INFO] Worker 2: 向下滑動: 271 像素，並等待 3.6610723455341434 秒
2024-12-18 12:01:49 [INFO] Worker 3: 向下滑動: 388 像素，並等待 3.1502149464226976 秒
2024-12-18 12:01:49 [INFO] Worker 10: Cookies 已加載成功: cookies\66646155782_cookies.json
2024-12-18 12:01:50 [INFO] Worker 7: 向下滑動: 334 像素，並等待 3.9166290943927313 秒
2024-12-18 12:01:50 [INFO] Worker 8: 向下滑動: 294 像素，並等待 3.185615713419695 秒
2024-12-18 12:01:51 [INFO] Worker 5: 向下滑動: 347 像素，並等待 4.090123100949734 秒
2024-12-18 12:01:52 [INFO] Worker 2: 向下滑動: 321 像素，並等待 3.6279567773907537 秒
2024-12-18 12:01:52 [INFO] Worker 9: 正在開啟網站: https://japanticket.com/prestige/tw/hokkaido/?fbclid=IwY2xjawHOKBpleHRuA2FlbQIxMAABHaGHzkUa9Xrj3SjatXaC9Yb4VFZXJHVNg6UjonFymwRNzb_q9RvBc3yZxA_aem_RLkYjGlaRRosmk8r7xkD4g#utm_source=prestige_tw_fb&utm_medium=social&utm_campaign=hokkaido_tour_tw_fb
2024-12-18 12:01:53 [INFO] Worker 10: 帳號 66646155782 使用 cookies 成功登入
2024-12-18 12:01:53 [INFO] Worker 10: 登錄成功，開始處理帳號 66646155782 的操作...
2024-12-18 12:01:53 [INFO] Worker 10: 開始跳轉操作...
2024-12-18 12:01:53 [INFO] Worker 10: 正在開啟貼文: https://www.facebook.com/share/18QgQ2Y2dz/
2024-12-18 12:01:53 [INFO] Worker 3: 向下滑動: 337 像素，並等待 3.3987515184751125 秒
2024-12-18 12:01:53 [INFO] Worker 1: 向下滑動: 241 像素，並等待 4.744705626436258 秒
2024-12-18 12:01:54 [INFO] Worker 7: 向下滑動: 354 像素，並等待 4.2565801752982235 秒
2024-12-18 12:01:54 [INFO] Worker 8: 向下滑動: 295 像素，並等待 3.67316018655837 秒
2024-12-18 12:01:55 [INFO] Worker 5: 向下滑動: 335 像素，並等待 4.273562560929699 秒
2024-12-18 12:01:56 [INFO] Worker 10 隨機停留 8 秒
2024-12-18 12:01:56 [INFO] Worker 9 隨機停留時間: 156 秒
2024-12-18 12:01:56 [INFO] Worker 2: 向下滑動: 254 像素，並等待 3.9575563618376215 秒
2024-12-18 12:01:56 [INFO] Worker 1: 向下滑動: 389 像素，並等待 3.2912788840059086 秒
2024-12-18 12:01:57 [INFO] Worker 3: 向下滑動: 368 像素，並等待 4.394092568755337 秒
2024-12-18 12:01:57 [INFO] Worker 7: 帳號 66990183891 的任務已結束
2024-12-18 12:01:57 [INFO] Worker 11: 開始處理帳號 66643407753
2024-12-18 12:01:57 [INFO] Worker 8: 向下滑動: 331 像素，並等待 3.260964093211096 秒
2024-12-18 12:01:59 [INFO] Worker 5: 向下滑動: 363 像素，並等待 3.983363232762006 秒
2024-12-18 12:02:00 [INFO] Worker 9: 向下滑動: 378 像素，並等待 3.61401513102848 秒
2024-12-18 12:02:00 [INFO] Worker 2: 向下滑動: 283 像素，並等待 4.2059093643663985 秒
2024-12-18 12:02:01 [INFO] Worker 1: 向下滑動: 390 像素，並等待 4.239971151663767 秒
2024-12-18 12:02:01 [INFO] Worker 8: 向下滑動: 397 像素，並等待 4.1176254307539235 秒
2024-12-18 12:02:02 [INFO] Worker 3: 向下滑動: 336 像素，並等待 4.74028044857978 秒
2024-12-18 12:02:03 [INFO] Worker 5: 向下滑動: 259 像素，並等待 3.6975874513205294 秒
2024-12-18 12:02:03 [INFO] Worker 9: 向下滑動: 207 像素，並等待 3.219627128387044 秒
2024-12-18 12:02:04 [INFO] Worker 10: 貼文已按過讚，無需重複操作
2024-12-18 12:02:04 [INFO] Worker 10 按讚後隨機停留 3 秒
2024-12-18 12:02:04 [INFO] Worker 2: 向下滑動: 363 像素，並等待 3.682956326936912 秒
2024-12-18 12:02:05 [INFO] Worker 8: 向下滑動: 364 像素，並等待 3.5013229643246735 秒
2024-12-18 12:02:05 [INFO] Worker 3: 帳號 66634899161 的任務已結束
2024-12-18 12:02:05 [INFO] Worker 12: 開始處理帳號 66954958462
2024-12-18 12:02:05 [INFO] Worker 1: 向下滑動: 383 像素，並等待 4.846270602927745 秒
2024-12-18 12:02:06 [INFO] Worker 11: 代理 kamoney03.ddns.net:24011 設置成功
2024-12-18 12:02:06 [INFO] Worker 9: 向下滑動: 364 像素，並等待 3.595258422446175 秒
2024-12-18 12:02:07 [INFO] Worker 10: 正在開啟網站: https://japanticket.com/prestige/tw/hokkaido/?fbclid=IwY2xjawHOKBpleHRuA2FlbQIxMAABHaGHzkUa9Xrj3SjatXaC9Yb4VFZXJHVNg6UjonFymwRNzb_q9RvBc3yZxA_aem_RLkYjGlaRRosmk8r7xkD4g#utm_source=prestige_tw_fb&utm_medium=social&utm_campaign=hokkaido_tour_tw_fb
2024-12-18 12:02:07 [INFO] Worker 2: 向下滑動: 301 像素，並等待 3.1120641793195882 秒
2024-12-18 12:02:07 [INFO] Worker 11: Cookies 已加載成功: cookies\66643407753_cookies.json
2024-12-18 12:02:08 [INFO] Worker 5: 向下滑動: 211 像素，並等待 4.792806763793532 秒
2024-12-18 12:02:08 [INFO] Worker 8: 帳號 66823237283 的任務已結束
2024-12-18 12:02:08 [INFO] Worker 13: 開始處理帳號 66804035563
2024-12-18 12:02:10 [INFO] Worker 1: 向下滑動: 366 像素，並等待 4.397870732958237 秒
2024-12-18 12:02:10 [INFO] Worker 11: 帳號 66643407753 使用 cookies 成功登入
2024-12-18 12:02:10 [INFO] Worker 11: 登錄成功，開始處理帳號 66643407753 的操作...
2024-12-18 12:02:10 [INFO] Worker 11: 開始跳轉操作...
2024-12-18 12:02:10 [INFO] Worker 11: 正在開啟貼文: https://www.facebook.com/share/18QgQ2Y2dz/
2024-12-18 12:02:11 [INFO] Worker 9: 向下滑動: 285 像素，並等待 4.025502680744987 秒
2024-12-18 12:02:11 [INFO] Worker 10 隨機停留時間: 142 秒
2024-12-18 12:02:12 [INFO] Worker 2: 向下滑動: 355 像素，並等待 4.658368616262962 秒
2024-12-18 12:02:12 [INFO] Worker 5: 向下滑動: 320 像素，並等待 4.333152880494552 秒
2024-12-18 12:02:13 [INFO] Worker 1: 向下滑動: 297 像素，並等待 3.5490038258147854 秒
2024-12-18 12:02:14 [INFO] Worker 11 隨機停留 7 秒
2024-12-18 12:02:15 [INFO] Worker 12: 代理 kamoney03.ddns.net:24012 設置成功
2024-12-18 12:02:15 [INFO] Worker 9: 向下滑動: 321 像素，並等待 4.5632739450460935 秒
2024-12-18 12:02:15 [INFO] Worker 10: 向下滑動: 324 像素，並等待 3.7032262354780405 秒
2024-12-18 12:02:16 [INFO] Worker 2: 向下滑動: 327 像素，並等待 3.935805830228741 秒
2024-12-18 12:02:16 [INFO] Worker 12: Cookies 已加載成功: cookies\66954958462_cookies.json
2024-12-18 12:02:17 [INFO] Worker 5: 向下滑動: 354 像素，並等待 4.690049879260955 秒
2024-12-18 12:02:17 [INFO] Worker 1: 向下滑動: 248 像素，並等待 3.359353537522044 秒
2024-12-18 12:02:18 [INFO] Worker 13: 代理 kamoney03.ddns.net:24013 設置成功
2024-12-18 12:02:19 [INFO] Worker 10: 向下滑動: 266 像素，並等待 3.8493480683292507 秒
2024-12-18 12:02:19 [INFO] Worker 9: 向下滑動: 305 像素，並等待 4.047279694070963 秒
2024-12-18 12:02:19 [INFO] Worker 13: Cookies 已加載成功: cookies\66804035563_cookies.json
2024-12-18 12:02:20 [INFO] Worker 12: 帳號 66954958462 使用 cookies 成功登入
2024-12-18 12:02:20 [INFO] Worker 12: 登錄成功，開始處理帳號 66954958462 的操作...
2024-12-18 12:02:20 [INFO] Worker 12: 開始跳轉操作...
2024-12-18 12:02:20 [INFO] Worker 12: 正在開啟貼文: https://www.facebook.com/share/18QgQ2Y2dz/
2024-12-18 12:02:20 [INFO] Worker 5: 向下滑動: 314 像素，並等待 3.216311870771542 秒
2024-12-18 12:02:20 [INFO] Worker 2: 向下滑動: 400 像素，並等待 4.4398409985317535 秒
2024-12-18 12:02:20 [INFO] Worker 1: 向下滑動: 385 像素，並等待 3.215230326797956 秒
2024-12-18 12:02:22 [INFO] Worker 13: 帳號 66804035563 使用 cookies 成功登入
2024-12-18 12:02:22 [INFO] Worker 13: 登錄成功，開始處理帳號 66804035563 的操作...
2024-12-18 12:02:22 [INFO] Worker 13: 開始跳轉操作...
2024-12-18 12:02:22 [INFO] Worker 13: 正在開啟貼文: https://www.facebook.com/share/18QgQ2Y2dz/
2024-12-18 12:02:22 [INFO] Worker 11: 貼文已按過讚，無需重複操作
2024-12-18 12:02:22 [INFO] Worker 11 按讚後隨機停留 3 秒
2024-12-18 12:02:23 [INFO] Worker 12 隨機停留 8 秒
2024-12-18 12:02:24 [INFO] Worker 10: 向下滑動: 248 像素，並等待 4.6029909567933185 秒
2024-12-18 12:02:24 [INFO] Worker 9: 向下滑動: 397 像素，並等待 4.512105612733469 秒
2024-12-18 12:02:24 [INFO] Worker 2: 帳號 66637943259 的任務已結束
2024-12-18 12:02:24 [INFO] Worker 14: 開始處理帳號 66823121944
2024-12-18 12:02:24 [INFO] Worker 5: 向下滑動: 274 像素，並等待 4.191408458279044 秒
2024-12-18 12:02:24 [INFO] Worker 1: 向下滑動: 315 像素，並等待 4.033527879932581 秒
2024-12-18 12:02:25 [INFO] Worker 11: 正在開啟網站: https://japanticket.com/prestige/tw/hokkaido/?fbclid=IwY2xjawHOKBpleHRuA2FlbQIxMAABHaGHzkUa9Xrj3SjatXaC9Yb4VFZXJHVNg6UjonFymwRNzb_q9RvBc3yZxA_aem_RLkYjGlaRRosmk8r7xkD4g#utm_source=prestige_tw_fb&utm_medium=social&utm_campaign=hokkaido_tour_tw_fb
2024-12-18 12:02:27 [INFO] Worker 10: 向下滑動: 394 像素，並等待 3.2394803519379463 秒
2024-12-18 12:02:27 [INFO] Worker 9: 向下滑動: 218 像素，並等待 3.567791612087111 秒
2024-12-18 12:02:27 [INFO] Worker 1: 帳號 66634899161 的任務已結束
2024-12-18 12:02:27 [INFO] Worker 15: 開始處理帳號 66814785452
2024-12-18 12:02:28 [INFO] Worker 5: 向下滑動: 305 像素，並等待 3.7938414797777447 秒
2024-12-18 12:02:30 [INFO] Worker 11 隨機停留時間: 158 秒
2024-12-18 12:02:30 [INFO] Worker 10: 向下滑動: 395 像素，並等待 3.525405360862911 秒
2024-12-18 12:02:31 [INFO] Worker 12: 貼文已按過讚，無需重複操作
2024-12-18 12:02:31 [INFO] Worker 12 按讚後隨機停留 3 秒
2024-12-18 12:02:31 [INFO] Worker 5: 帳號 66619622845 的任務已結束
2024-12-18 12:02:32 [INFO] Worker 14: 代理 kamoney03.ddns.net:24014 設置成功
2024-12-18 12:02:32 [INFO] Worker 9: 向下滑動: 227 像素，並等待 4.879194039400353 秒
2024-12-18 12:02:33 [INFO] Worker 14: Cookies 已加載成功: cookies\66823121944_cookies.json
2024-12-18 12:02:34 [INFO] Worker 12: 正在開啟網站: https://japanticket.com/prestige/tw/hokkaido/?fbclid=IwY2xjawHOKBpleHRuA2FlbQIxMAABHaGHzkUa9Xrj3SjatXaC9Yb4VFZXJHVNg6UjonFymwRNzb_q9RvBc3yZxA_aem_RLkYjGlaRRosmk8r7xkD4g#utm_source=prestige_tw_fb&utm_medium=social&utm_campaign=hokkaido_tour_tw_fb
2024-12-18 12:02:34 [INFO] Worker 11: 向下滑動: 231 像素，並等待 4.550136127617822 秒
2024-12-18 12:02:35 [INFO] Worker 10: 向下滑動: 263 像素，並等待 4.214302414312574 秒
2024-12-18 12:02:35 [INFO] Worker 15: 代理 kamoney03.ddns.net:24015 設置成功
2024-12-18 12:02:36 [INFO] Worker 14: 帳號 66823121944 使用 cookies 成功登入
2024-12-18 12:02:36 [INFO] Worker 14: 登錄成功，開始處理帳號 66823121944 的操作...
2024-12-18 12:02:36 [INFO] Worker 14: 開始跳轉操作...
2024-12-18 12:02:36 [INFO] Worker 14: 正在開啟貼文: https://www.facebook.com/share/18QgQ2Y2dz/
2024-12-18 12:02:36 [INFO] Worker 9: 向下滑動: 207 像素，並等待 4.09316929715963 秒
2024-12-18 12:02:37 [INFO] Worker 15: Cookies 已加載成功: cookies\66814785452_cookies.json
2024-12-18 12:02:38 [INFO] Worker 12 隨機停留時間: 165 秒
2024-12-18 12:02:39 [INFO] Worker 14 隨機停留 7 秒
2024-12-18 12:02:39 [INFO] Worker 11: 向下滑動: 328 像素，並等待 4.403663632609719 秒
2024-12-18 12:02:39 [INFO] Worker 10: 向下滑動: 212 像素，並等待 4.302607475546249 秒
2024-12-18 12:02:40 [INFO] Worker 15: 帳號 66814785452 使用 cookies 成功登入
2024-12-18 12:02:40 [INFO] Worker 15: 登錄成功，開始處理帳號 66814785452 的操作...
2024-12-18 12:02:40 [INFO] Worker 15: 開始跳轉操作...
2024-12-18 12:02:40 [INFO] Worker 15: 正在開啟貼文: https://www.facebook.com/share/18QgQ2Y2dz/
2024-12-18 12:02:41 [INFO] Worker 9: 向下滑動: 302 像素，並等待 4.691504202568215 秒
2024-12-18 12:02:42 [INFO] Worker 12: 向下滑動: 220 像素，並等待 3.126040745715799 秒
2024-12-18 12:02:42 [INFO] Worker 15 隨機停留 6 秒
2024-12-18 12:02:42 [INFO] Worker 10: 向下滑動: 220 像素，並等待 3.3275638344706993 秒
2024-12-18 12:02:43 [INFO] Worker 11: 向下滑動: 339 像素，並等待 4.211844187000638 秒
2024-12-18 12:02:45 [INFO] Worker 9: 向下滑動: 359 像素，並等待 3.5486462185848495 秒
2024-12-18 12:02:46 [INFO] Worker 12: 向下滑動: 366 像素，並等待 3.9490169112583384 秒
2024-12-18 12:02:46 [INFO] Worker 14: 貼文已按過讚，無需重複操作
2024-12-18 12:02:46 [INFO] Worker 14 按讚後隨機停留 4 秒
2024-12-18 12:02:46 [INFO] Worker 10: 向下滑動: 270 像素，並等待 4.082280616335709 秒
2024-12-18 12:02:47 [INFO] Worker 11: 向下滑動: 320 像素，並等待 3.929827182827643 秒
2024-12-18 12:02:48 [INFO] Worker 9: 向下滑動: 373 像素，並等待 3.595585824651761 秒
2024-12-18 12:02:48 [INFO] Worker 15: 貼文已按過讚，無需重複操作
2024-12-18 12:02:48 [INFO] Worker 15 按讚後隨機停留 5 秒
2024-12-18 12:02:49 [INFO] Worker 12: 向下滑動: 322 像素，並等待 3.192755777710703 秒
2024-12-18 12:02:50 [INFO] Worker 14: 正在開啟網站: https://japanticket.com/prestige/tw/hokkaido/?fbclid=IwY2xjawHOKBpleHRuA2FlbQIxMAABHaGHzkUa9Xrj3SjatXaC9Yb4VFZXJHVNg6UjonFymwRNzb_q9RvBc3yZxA_aem_RLkYjGlaRRosmk8r7xkD4g#utm_source=prestige_tw_fb&utm_medium=social&utm_campaign=hokkaido_tour_tw_fb
2024-12-18 12:02:51 [INFO] Worker 11: 向下滑動: 361 像素，並等待 3.7360231114842164 秒
2024-12-18 12:02:51 [INFO] Worker 10: 向下滑動: 247 像素，並等待 4.758627900126012 秒
2024-12-18 12:02:51 [INFO] Worker 9: 向下滑動: 383 像素，並等待 3.1251455358785805 秒
2024-12-18 12:02:52 [INFO] Worker 12: 向下滑動: 296 像素，並等待 3.529703518730586 秒
2024-12-18 12:02:53 [INFO] Worker 14 隨機停留時間: 150 秒
2024-12-18 12:02:53 [INFO] Worker 15: 正在開啟網站: https://japanticket.com/prestige/tw/hokkaido/?fbclid=IwY2xjawHOKBpleHRuA2FlbQIxMAABHaGHzkUa9Xrj3SjatXaC9Yb4VFZXJHVNg6UjonFymwRNzb_q9RvBc3yZxA_aem_RLkYjGlaRRosmk8r7xkD4g#utm_source=prestige_tw_fb&utm_medium=social&utm_campaign=hokkaido_tour_tw_fb
2024-12-18 12:02:55 [INFO] Worker 11: 向下滑動: 337 像素，並等待 3.726145927312523 秒
2024-12-18 12:02:55 [INFO] Worker 9: 向下滑動: 298 像素，並等待 3.814586971848092 秒
2024-12-18 12:02:56 [INFO] Worker 10: 向下滑動: 373 像素，並等待 4.8547808029249335 秒
2024-12-18 12:02:56 [INFO] Worker 15 隨機停留時間: 165 秒
2024-12-18 12:02:56 [INFO] Worker 14: 向下滑動: 307 像素，並等待 3.6356450856833176 秒
2024-12-18 12:02:57 [INFO] Worker 12: 向下滑動: 250 像素，並等待 4.35395002783469 秒
2024-12-18 12:02:58 [INFO] Worker 11: 向下滑動: 238 像素，並等待 3.75385806747419 秒
2024-12-18 12:03:00 [INFO] Worker 9: 向下滑動: 256 像素，並等待 4.857430368780544 秒
2024-12-18 12:03:00 [INFO] Worker 15: 向下滑動: 218 像素，並等待 4.36419995491768 秒
2024-12-18 12:03:01 [INFO] Worker 10: 向下滑動: 308 像素，並等待 4.6381193802820775 秒
2024-12-18 12:03:01 [INFO] Worker 14: 向下滑動: 313 像素，並等待 4.62083519997174 秒
2024-12-18 12:03:01 [INFO] Worker 12: 向下滑動: 363 像素，並等待 4.211463062087167 秒
2024-12-18 12:03:03 [INFO] Worker 11: 向下滑動: 398 像素，並等待 4.589506934647177 秒
2024-12-18 12:03:04 [INFO] Worker 9: 向下滑動: 360 像素，並等待 3.8391519255708246 秒
2024-12-18 12:03:04 [INFO] Worker 10: 向下滑動: 263 像素，並等待 3.3068815762593644 秒
2024-12-18 12:03:04 [INFO] Worker 14: 向下滑動: 215 像素，並等待 3.4486631889240424 秒
2024-12-18 12:03:05 [INFO] Worker 12: 向下滑動: 346 像素，並等待 3.7684540950139747 秒
2024-12-18 12:03:05 [INFO] Worker 15: 向下滑動: 271 像素，並等待 4.879268380433584 秒
2024-12-18 12:03:06 [INFO] Worker 11: 向下滑動: 204 像素，並等待 3.257357623271295 秒
2024-12-18 12:03:07 [INFO] Worker 10: 向下滑動: 232 像素，並等待 3.317361182444795 秒
2024-12-18 12:03:08 [INFO] Worker 9: 向下滑動: 343 像素，並等待 3.952586934822082 秒
2024-12-18 12:03:08 [INFO] Worker 14: 向下滑動: 309 像素，並等待 3.778960615988588 秒
2024-12-18 12:03:08 [INFO] Worker 12: 向下滑動: 375 像素，並等待 3.5251384860067136 秒
2024-12-18 12:03:08 [INFO] Worker 15: 向下滑動: 310 像素，並等待 3.0166848203537953 秒
2024-12-18 12:03:11 [INFO] Worker 11: 向下滑動: 394 像素，並等待 4.352230151031577 秒
2024-12-18 12:03:12 [INFO] Worker 12: 向下滑動: 358 像素，並等待 3.430991073423919 秒
2024-12-18 12:03:12 [INFO] Worker 10: 向下滑動: 289 像素，並等待 4.628492152105208 秒
2024-12-18 12:03:12 [INFO] Worker 14: 向下滑動: 245 像素，並等待 3.940544153299519 秒
2024-12-18 12:03:12 [INFO] Worker 9: 向下滑動: 361 像素，並等待 4.530607831686756 秒
2024-12-18 12:03:13 [INFO] Worker 15: 向下滑動: 363 像素，並等待 4.9914845066699955 秒
2024-12-18 12:03:15 [INFO] Worker 11: 向下滑動: 257 像素，並等待 4.2185369221863365 秒
2024-12-18 12:03:15 [INFO] Worker 12: 向下滑動: 240 像素，並等待 3.2061780639129456 秒
2024-12-18 12:03:15 [INFO] Worker 10: 向下滑動: 398 像素，並等待 3.1981679667983505 秒
2024-12-18 12:03:15 [INFO] Worker 14: 向下滑動: 375 像素，並等待 3.1232213724468645 秒
2024-12-18 12:03:17 [INFO] Worker 15: 向下滑動: 365 像素，並等待 3.259997387235206 秒
2024-12-18 12:03:17 [INFO] Worker 9: 向下滑動: 318 像素，並等待 4.8453412563731035 秒
2024-12-18 12:03:18 [INFO] Worker 12: 向下滑動: 353 像素，並等待 3.521750706377128 秒
2024-12-18 12:03:19 [INFO] Worker 14: 向下滑動: 335 像素，並等待 3.792030083086704 秒
2024-12-18 12:03:19 [INFO] Worker 11: 向下滑動: 325 像素，並等待 4.693690779223472 秒
2024-12-18 12:03:20 [INFO] Worker 10: 向下滑動: 280 像素，並等待 4.709199849093581 秒
2024-12-18 12:03:20 [INFO] Worker 15: 向下滑動: 264 像素，並等待 3.642483093966873 秒
2024-12-18 12:03:20 [INFO] Worker 9: 向下滑動: 236 像素，並等待 3.135597314603488 秒
2024-12-18 12:03:23 [INFO] Worker 12: 向下滑動: 314 像素，並等待 4.344241926910246 秒
2024-12-18 12:03:24 [INFO] Worker 10: 向下滑動: 320 像素，並等待 3.823165340099847 秒
2024-12-18 12:03:24 [INFO] Worker 9: 向下滑動: 392 像素，並等待 3.4239046541695695 秒
2024-12-18 12:03:24 [INFO] Worker 14: 向下滑動: 231 像素，並等待 4.900080072904316 秒
2024-12-18 12:03:24 [INFO] Worker 11: 向下滑動: 286 像素，並等待 4.523011654282827 秒
2024-12-18 12:03:25 [INFO] Worker 15: 向下滑動: 346 像素，並等待 4.7563326214981405 秒
2024-12-18 12:03:27 [INFO] Worker 9: 向下滑動: 347 像素，並等待 3.4134366699044607 秒
2024-12-18 12:03:27 [INFO] Worker 12: 向下滑動: 358 像素，並等待 4.631898334628806 秒
2024-12-18 12:03:28 [INFO] Worker 10: 向下滑動: 217 像素，並等待 4.164653238393213 秒
2024-12-18 12:03:28 [INFO] Worker 14: 向下滑動: 219 像素，並等待 4.308515496725088 秒
2024-12-18 12:03:29 [INFO] Worker 11: 向下滑動: 392 像素，並等待 4.715907981256429 秒
2024-12-18 12:03:29 [INFO] Worker 15: 向下滑動: 316 像素，並等待 3.767457878715045 秒
2024-12-18 12:03:31 [INFO] Worker 10: 向下滑動: 222 像素，並等待 3.04992529279492 秒
2024-12-18 12:03:31 [INFO] Worker 12: 向下滑動: 332 像素，並等待 4.025197950479322 秒
2024-12-18 12:03:32 [INFO] Worker 9: 向下滑動: 267 像素，並等待 4.529011615101169 秒
2024-12-18 12:03:32 [INFO] Worker 15: 向下滑動: 358 像素，並等待 3.2428021192416674 秒
2024-12-18 12:03:32 [INFO] Worker 11: 向下滑動: 264 像素，並等待 3.614788352109719 秒
2024-12-18 12:03:32 [INFO] Worker 14: 向下滑動: 213 像素，並等待 4.177795430765355 秒
2024-12-18 12:03:35 [INFO] Worker 10: 向下滑動: 201 像素，並等待 3.785834159086904 秒
2024-12-18 12:03:35 [INFO] Worker 12: 向下滑動: 385 像素，並等待 3.3059250435350025 秒
2024-12-18 12:03:35 [INFO] Worker 15: 向下滑動: 377 像素，並等待 3.0246166143163884 秒
2024-12-18 12:03:36 [INFO] Worker 14: 向下滑動: 270 像素，並等待 3.1732007370800246 秒
2024-12-18 12:03:36 [INFO] Worker 9: 向下滑動: 365 像素，並等待 4.520097684886312 秒
2024-12-18 12:03:36 [INFO] Worker 11: 向下滑動: 298 像素，並等待 4.069561658931496 秒
2024-12-18 12:03:39 [INFO] Worker 10: 向下滑動: 268 像素，並等待 4.057452672574169 秒
2024-12-18 12:03:39 [INFO] Worker 9: 向下滑動: 242 像素，並等待 3.074476840773925 秒
2024-12-18 12:03:39 [INFO] Worker 12: 向下滑動: 276 像素，並等待 4.618314260626069 秒
2024-12-18 12:03:40 [INFO] Worker 15: 向下滑動: 328 像素，並等待 4.747290732465048 秒
2024-12-18 12:03:40 [INFO] Worker 14: 向下滑動: 367 像素，並等待 4.505024377390287 秒
2024-12-18 12:03:41 [INFO] Worker 11: 向下滑動: 229 像素，並等待 4.446158613509976 秒
2024-12-18 12:03:42 [INFO] Worker 9: 向下滑動: 246 像素，並等待 3.0733993491153764 秒
2024-12-18 12:03:42 [INFO] Worker 12: 向下滑動: 360 像素，並等待 3.020521076679931 秒
2024-12-18 12:03:43 [INFO] Worker 10: 向下滑動: 310 像素，並等待 4.118134840997298 秒
2024-12-18 12:03:43 [INFO] Worker 15: 向下滑動: 202 像素，並等待 3.2099452315089287 秒
2024-12-18 12:03:45 [INFO] Worker 14: 向下滑動: 273 像素，並等待 4.472902147833318 秒
2024-12-18 12:03:46 [INFO] Worker 11: 向下滑動: 262 像素，並等待 4.789043664979163 秒
2024-12-18 12:03:46 [INFO] Worker 12: 向下滑動: 324 像素，並等待 3.345304263027863 秒
2024-12-18 12:03:46 [INFO] Worker 9: 向下滑動: 268 像素，並等待 3.7772300207350007 秒
2024-12-18 12:03:48 [INFO] Worker 15: 向下滑動: 322 像素，並等待 4.581195521174853 秒
2024-12-18 12:03:48 [INFO] Worker 14: 向下滑動: 361 像素，並等待 3.185827056408298 秒
2024-12-18 12:03:48 [INFO] Worker 10: 向下滑動: 333 像素，並等待 4.901540536519211 秒
2024-12-18 12:03:49 [INFO] Worker 11: 向下滑動: 342 像素，並等待 3.1951003851811683 秒
2024-12-18 12:03:51 [INFO] Worker 12: 向下滑動: 243 像素，並等待 4.9212462825834455 秒
2024-12-18 12:03:51 [INFO] Worker 9: 向下滑動: 379 像素，並等待 4.87867046310881 秒
2024-12-18 12:03:52 [INFO] Worker 10: 向下滑動: 219 像素，並等待 3.792776945749787 秒
2024-12-18 12:03:52 [INFO] Worker 11: 向下滑動: 354 像素，並等待 3.1462944984639636 秒
2024-12-18 12:03:52 [INFO] Worker 15: 向下滑動: 371 像素，並等待 4.806445329389318 秒
2024-12-18 12:03:53 [INFO] Worker 14: 向下滑動: 287 像素，並等待 4.905116889535867 秒
2024-12-18 12:03:54 [INFO] Worker 12: 向下滑動: 395 像素，並等待 3.364811221419825 秒
2024-12-18 12:03:55 [INFO] Worker 9: 向下滑動: 287 像素，並等待 4.136068013876205 秒
2024-12-18 12:03:55 [INFO] Worker 11: 向下滑動: 305 像素，並等待 3.397579221289311 秒
2024-12-18 12:03:56 [INFO] Worker 10: 向下滑動: 205 像素，並等待 4.624058339586814 秒
2024-12-18 12:03:57 [INFO] Worker 14: 向下滑動: 358 像素，並等待 3.8851415340007818 秒
2024-12-18 12:03:57 [INFO] Worker 15: 向下滑動: 309 像素，並等待 4.903754369619537 秒
2024-12-18 12:03:58 [INFO] Worker 12: 向下滑動: 340 像素，並等待 4.157317415030257 秒
2024-12-18 12:03:59 [INFO] Worker 9: 向下滑動: 200 像素，並等待 3.6784975622751004 秒
2024-12-18 12:04:00 [INFO] Worker 11: 向下滑動: 251 像素，並等待 4.547303212492536 秒
2024-12-18 12:04:01 [INFO] Worker 10: 向下滑動: 357 像素，並等待 4.715419239965538 秒
2024-12-18 12:04:01 [INFO] Worker 14: 向下滑動: 378 像素，並等待 4.762963573978937 秒
2024-12-18 12:04:02 [INFO] Worker 15: 向下滑動: 390 像素，並等待 4.310263138903656 秒
2024-12-18 12:04:03 [INFO] Worker 12: 向下滑動: 340 像素，並等待 4.942987467017047 秒
2024-12-18 12:04:03 [INFO] Worker 9: 向下滑動: 370 像素，並等待 4.518359312820002 秒
2024-12-18 12:04:04 [INFO] Worker 11: 向下滑動: 268 像素，並等待 4.184247138733827 秒
2024-12-18 12:04:04 [INFO] Worker 14: 向下滑動: 206 像素，並等待 3.196029119540982 秒
2024-12-18 12:04:05 [INFO] Worker 15: 向下滑動: 270 像素，並等待 3.1701430654630824 秒
2024-12-18 12:04:05 [INFO] Worker 10: 向下滑動: 267 像素，並等待 4.4683448951000315 秒
2024-12-18 12:04:07 [INFO] Worker 9: 向下滑動: 386 像素，並等待 3.2274740671766087 秒
2024-12-18 12:04:07 [INFO] Worker 12: 向下滑動: 322 像素，並等待 3.6881643240330493 秒
2024-12-18 12:04:08 [INFO] Worker 11: 向下滑動: 387 像素，並等待 3.851147908438489 秒
2024-12-18 12:04:09 [INFO] Worker 14: 向下滑動: 314 像素，並等待 4.277088313120759 秒
2024-12-18 12:04:09 [INFO] Worker 10: 向下滑動: 351 像素，並等待 3.4462704844065875 秒
2024-12-18 12:04:09 [INFO] Worker 15: 向下滑動: 219 像素，並等待 4.3545235757020695 秒
2024-12-18 12:04:11 [INFO] Worker 9: 向下滑動: 211 像素，並等待 4.259543635198636 秒
2024-12-18 12:04:11 [INFO] Worker 12: 向下滑動: 212 像素，並等待 4.542755297734788 秒
2024-12-18 12:04:12 [INFO] Worker 14: 向下滑動: 230 像素，並等待 3.0779755246196476 秒
2024-12-18 12:04:12 [INFO] Worker 10: 向下滑動: 328 像素，並等待 3.2084850833476346 秒
2024-12-18 12:04:13 [INFO] Worker 11: 向下滑動: 321 像素，並等待 4.679255059617014 秒
2024-12-18 12:04:13 [INFO] Worker 15: 向下滑動: 206 像素，並等待 4.19215049686075 秒
2024-12-18 12:04:15 [INFO] Worker 14: 向下滑動: 339 像素，並等待 3.2887084744045456 秒
2024-12-18 12:04:15 [INFO] Worker 12: 向下滑動: 210 像素，並等待 4.0769138699317296 秒
2024-12-18 12:04:16 [INFO] Worker 10: 向下滑動: 398 像素，並等待 3.5927745378237863 秒
2024-12-18 12:04:16 [INFO] Worker 9: 向下滑動: 305 像素，並等待 4.798059399746238 秒
2024-12-18 12:04:16 [INFO] Worker 11: 向下滑動: 268 像素，並等待 3.4338197515003746 秒
2024-12-18 12:04:17 [INFO] Worker 15: 向下滑動: 380 像素，並等待 3.9155165455716867 秒
2024-12-18 12:04:19 [INFO] Worker 12: 向下滑動: 283 像素，並等待 3.35397511061268 秒
2024-12-18 12:04:19 [INFO] Worker 11: 向下滑動: 344 像素，並等待 3.2292827672230944 秒
2024-12-18 12:04:19 [INFO] Worker 14: 向下滑動: 329 像素，並等待 4.317684609379622 秒
2024-12-18 12:04:20 [INFO] Worker 10: 向下滑動: 246 像素，並等待 4.592577055075314 秒
2024-12-18 12:04:20 [INFO] Worker 9: 向下滑動: 355 像素，並等待 4.655967040076119 秒
2024-12-18 12:04:21 [INFO] Worker 15: 向下滑動: 337 像素，並等待 3.713431707223383 秒
2024-12-18 12:04:22 [INFO] Worker 13: 跳轉 URL 時發生錯誤: HTTPConnectionPool(host='localhost', port=54424): Read timed out. (read timeout=120)
2024-12-18 12:04:23 [INFO] Worker 12: 向下滑動: 309 像素，並等待 4.333786101987983 秒
2024-12-18 12:04:23 [INFO] Worker 11: 向下滑動: 344 像素，並等待 4.0269879185244335 秒
2024-12-18 12:04:24 [INFO] Worker 9: 向下滑動: 227 像素，並等待 3.4108198268175123 秒
2024-12-18 12:04:24 [INFO] Worker 14: 向下滑動: 268 像素，並等待 4.938096507767444 秒
2024-12-18 12:04:25 [INFO] Worker 10: 向下滑動: 320 像素，並等待 4.228486210293658 秒
2024-12-18 12:04:25 [INFO] Worker 15: 向下滑動: 301 像素，並等待 3.9885104207917546 秒
2024-12-18 12:04:28 [INFO] Worker 14: 向下滑動: 246 像素，並等待 3.0767546988304995 秒
2024-12-18 12:04:28 [INFO] Worker 10: 向下滑動: 279 像素，並等待 3.2146284623321453 秒
2024-12-18 12:04:28 [INFO] Worker 11: 向下滑動: 261 像素，並等待 4.361610239894014 秒
2024-12-18 12:04:28 [INFO] Worker 12: 向下滑動: 205 像素，並等待 4.975313638579136 秒
2024-12-18 12:04:28 [INFO] Worker 9: 向下滑動: 218 像素，並等待 4.6058697644341775 秒
2024-12-18 12:04:30 [INFO] Worker 15: 向下滑動: 369 像素，並等待 4.901724834607522 秒
2024-12-18 12:04:31 [INFO] Worker 11: 向下滑動: 207 像素，並等待 3.1028315900628036 秒
2024-12-18 12:04:32 [INFO] Worker 9: 向下滑動: 383 像素，並等待 3.1186701469419233 秒
2024-12-18 12:04:32 [INFO] Worker 14: 向下滑動: 332 像素，並等待 4.406889350761789 秒
2024-12-18 12:04:32 [INFO] Worker 10: 向下滑動: 305 像素，並等待 4.422646116042149 秒
2024-12-18 12:04:33 [INFO] Worker 12: 向下滑動: 358 像素，並等待 4.941105946854723 秒
2024-12-18 12:04:34 [INFO] Worker 15: 向下滑動: 343 像素，並等待 4.476517779206601 秒
2024-12-18 12:04:35 [INFO] Worker 11: 向下滑動: 296 像素，並等待 4.380694200010783 秒
2024-12-18 12:04:35 [INFO] Worker 10: 向下滑動: 245 像素，並等待 3.1569683127363 秒
2024-12-18 12:04:35 [INFO] Worker 14: 向下滑動: 364 像素，並等待 3.5018689046514053 秒
2024-12-18 12:04:36 [INFO] Worker 9: 向下滑動: 263 像素，並等待 4.837032142031096 秒
2024-12-18 12:04:38 [INFO] Worker 10: 帳號 66646155782 的任務已結束
2024-12-18 12:04:38 [INFO] Worker 12: 向下滑動: 367 像素，並等待 4.833494690597916 秒
2024-12-18 12:04:38 [INFO] Worker 15: 向下滑動: 376 像素，並等待 3.6406303048462645 秒
2024-12-18 12:04:39 [INFO] Worker 11: 向下滑動: 332 像素，並等待 3.361829458845553 秒
2024-12-18 12:04:39 [INFO] Worker 9: 帳號 66991704166 的任務已結束
2024-12-18 12:04:40 [INFO] Worker 14: 向下滑動: 368 像素，並等待 4.431810144144754 秒
2024-12-18 12:04:42 [INFO] Worker 15: 向下滑動: 256 像素，並等待 3.975789997528371 秒
2024-12-18 12:04:43 [INFO] Worker 12: 向下滑動: 276 像素，並等待 4.61925069293422 秒
2024-12-18 12:04:44 [INFO] Worker 11: 向下滑動: 259 像素，並等待 4.996188450486699 秒
2024-12-18 12:04:44 [INFO] Worker 13: 帳號 66804035563 的任務已結束
2024-12-18 12:04:44 [INFO] Worker 14: 向下滑動: 391 像素，並等待 4.372238317082081 秒
2024-12-18 12:04:47 [INFO] Worker 15: 向下滑動: 269 像素，並等待 4.617008266014423 秒
2024-12-18 12:04:47 [INFO] Worker 12: 向下滑動: 346 像素，並等待 4.801445646812561 秒
2024-12-18 12:04:49 [INFO] Worker 11: 向下滑動: 267 像素，並等待 4.933411788385849 秒
2024-12-18 12:04:49 [INFO] Worker 14: 向下滑動: 380 像素，並等待 4.699221307116416 秒
2024-12-18 12:04:50 [INFO] Worker 15: 向下滑動: 329 像素，並等待 3.13028324941017 秒
2024-12-18 12:04:51 [INFO] Worker 12: 向下滑動: 202 像素，並等待 3.2845166565565633 秒
2024-12-18 12:04:52 [INFO] Worker 11: 向下滑動: 290 像素，並等待 3.397151324734976 秒
2024-12-18 12:04:53 [INFO] Worker 14: 向下滑動: 293 像素，並等待 4.436727986108188 秒
2024-12-18 12:04:54 [INFO] Worker 12: 向下滑動: 383 像素，並等待 3.2434546602346064 秒
2024-12-18 12:04:55 [INFO] Worker 15: 向下滑動: 289 像素，並等待 4.9403000152962315 秒
2024-12-18 12:04:56 [INFO] Worker 11: 向下滑動: 347 像素，並等待 4.394204055448461 秒
2024-12-18 12:04:58 [INFO] Worker 12: 向下滑動: 212 像素，並等待 3.6500207557189057 秒
2024-12-18 12:04:58 [INFO] Worker 14: 向下滑動: 280 像素，並等待 4.733255033512578 秒
2024-12-18 12:04:58 [INFO] Worker 15: 向下滑動: 264 像素，並等待 3.3903215153324635 秒
2024-12-18 12:04:59 [INFO] Worker 11: 向下滑動: 278 像素，並等待 3.074942848015873 秒
2024-12-18 12:05:01 [INFO] Worker 14: 向下滑動: 300 像素，並等待 3.329911977765229 秒
2024-12-18 12:05:02 [INFO] Worker 12: 向下滑動: 335 像素，並等待 3.91951871854582 秒
2024-12-18 12:05:03 [INFO] Worker 15: 向下滑動: 209 像素，並等待 4.507664673183477 秒
2024-12-18 12:05:03 [INFO] Worker 11: 向下滑動: 293 像素，並等待 3.5432505980058187 秒
2024-12-18 12:05:05 [INFO] Worker 12: 向下滑動: 382 像素，並等待 3.073165534763106 秒
2024-12-18 12:05:05 [INFO] Worker 14: 向下滑動: 327 像素，並等待 3.8537744069616746 秒
2024-12-18 12:05:06 [INFO] Worker 15: 向下滑動: 323 像素，並等待 3.652215194068284 秒
2024-12-18 12:05:07 [INFO] Worker 11: 向下滑動: 269 像素，並等待 3.877462118704746 秒
2024-12-18 12:05:08 [INFO] Worker 14: 向下滑動: 394 像素，並等待 3.004273919063386 秒
2024-12-18 12:05:09 [INFO] Worker 12: 向下滑動: 328 像素，並等待 4.520210777613157 秒
2024-12-18 12:05:11 [INFO] Worker 11: 向下滑動: 216 像素，並等待 4.098598499259747 秒
2024-12-18 12:05:11 [INFO] Worker 15: 向下滑動: 312 像素，並等待 4.9609797469828045 秒
2024-12-18 12:05:12 [INFO] Worker 14: 向下滑動: 238 像素，並等待 3.2874787337735207 秒
2024-12-18 12:05:14 [INFO] Worker 11: 帳號 66643407753 的任務已結束
2024-12-18 12:05:14 [INFO] Worker 12: 向下滑動: 351 像素，並等待 4.854513515934176 秒
2024-12-18 12:05:15 [INFO] Worker 14: 向下滑動: 212 像素，並等待 3.391953047606531 秒
2024-12-18 12:05:15 [INFO] Worker 15: 向下滑動: 251 像素，並等待 4.053057124562573 秒
2024-12-18 12:05:19 [INFO] Worker 15: 向下滑動: 317 像素，並等待 3.159232474299292 秒
2024-12-18 12:05:19 [INFO] Worker 12: 向下滑動: 395 像素，並等待 4.6938441068022705 秒
2024-12-18 12:05:20 [INFO] Worker 14: 向下滑動: 239 像素，並等待 4.561779761581175 秒
2024-12-18 12:05:22 [INFO] Worker 15: 向下滑動: 293 像素，並等待 3.458645674540251 秒
2024-12-18 12:05:23 [INFO] Worker 12: 向下滑動: 281 像素，並等待 3.9117835869029376 秒
2024-12-18 12:05:23 [INFO] Worker 14: 向下滑動: 249 像素，並等待 3.0847169445372646 秒
2024-12-18 12:05:25 [INFO] Worker 14: 帳號 66823121944 的任務已結束
2024-12-18 12:05:27 [INFO] Worker 15: 向下滑動: 263 像素，並等待 4.508789947845903 秒
2024-12-18 12:05:27 [INFO] Worker 12: 向下滑動: 334 像素，並等待 4.687694043676968 秒
2024-12-18 12:05:30 [INFO] Worker 12: 帳號 66954958462 的任務已結束
2024-12-18 12:05:31 [INFO] Worker 15: 向下滑動: 364 像素，並等待 4.387888660359185 秒
2024-12-18 12:05:35 [INFO] Worker 15: 向下滑動: 277 像素，並等待 3.7435876457799027 秒
2024-12-18 12:05:38 [INFO] Worker 15: 向下滑動: 226 像素，並等待 3.5552960807261895 秒
2024-12-18 12:05:42 [INFO] Worker 15: 向下滑動: 279 像素，並等待 3.2687761243656155 秒
2024-12-18 12:05:44 [INFO] Worker 15: 帳號 66814785452 的任務已結束
